25 3295
12511327347646304 12511327347664182 12511327355971204 12511327851876752 12511327347664198 12511327347676164 12511327851904558 12511328322248664
12511327355964422 12511327355975228 12511328322265416 12511328793595208 12511327851980254 12511327852024344 12511328793620716 12511329263525272
12511328322329070 12511328322395012 12511329263550724 12511329733720338 12511328793688252 12511328793752728 12511329733745424 12511330204623120
12511329263628640 12511329263694964 12511330204645338 12511330674330094 12511329733822498 12511329733888068 12511330674351400 12511331145455064
12511330204704028 12511330204783678 12511331145474192 12511331615503864 12511330674414164 12511330674479644 12511331615522364 12511332086608046
12511331145543724 12511331145609364 12511332086630406 12511332556499500 12511331615583146 12511331615647796 12511332556523816 12511333027354798
12511332086703570 12511332086769198 12511333027380812 12511333497314208 12511332556602228 12511332556667062 12511333497338522 12511333967652596
12511333027472642 12511333027538570 12511333967675566 12511334438308542 12511333497416230 12511333497483060 12511334438330168 12511334908981546
12511333967694748 12511333967760184 12511334909048840 12511335379364286 12511334438392322 12511334438461088 12511335379387176 12511335849432678

12511372309069874 12511372309085726 12511372316233132 12511372844261058 12511372309085814 12511372309097432 12511372844287142 12511373315086102
12511372316223304 12511372316233314 12511373315103982 12511373785783748 12511372844367632 12511372844445682 12511373785801376 12511374256618526
12511373315163944 12511373315223198 12511374256639490 12511374727271550 12511373785858776 12511373785919094 12511374727286614 12511375197727240
12511374256715758 12511374256776250 12511375197746042 12511375668521454 12511374727304936 12511374727388214 12511375668543838 12511376139003954
12511375197763356 12511375197816742 12511376139022982 12511376609526122 12511375668614458 12511375668675038 12511376609549244 12511377079895640
12511376139094860 12511376139155228 12511377079914946 12511377550611014 12511376609625704 12511376609686622 12511377550628168 12511378020350946
12511377079939128 12511377079993336 12511378020372936 12511378490772966 12511377550690808 12511377550751806 12511378490798490 12511378960745906
12511378020398444 12511378020467002 12511378960764518 12511379430278416 12511378490874502 12511378490933764 12511379430300154 12511379901001056
12511378960781260 12511378960835040 12511379901070746 12511380370592944 12511379430367764 12511379430427108 12511380370618120 12511380840338394

12511289995699506 12511289995716252 12511290003739500 12511290498193436 12511289995716338 12511289995727882 12511290498217678 12511290968544884
12511290003731038 12511290003740974 12511290968568184 12511291438993558 12511290498282586 12511290498363768 12511291439016972 12511291909384524
12511290968591222 12511290968646238 12511291909408464 12511292380081784 12511291439094738 12511291439163900 12511292380100584 12511292851043898
12511291909486000 12511291909547904 12511292851065346 12511293320835172 12511292380116680 12511292380177482 12511293320857260 12511293791190786
12511292851139480 12511292851203780 12511293791209824 12511294260476558 12511293320933884 12511293320999592 12511294260495574 12511294730685834
12511293791233638 12511293791293558 12511294730705540 12511295201491344 12511294260558176 12511294260648252 12511295201510860 12511295670694722
12511294730771848 12511294730837026 12511295670719778 12511296142303712 12511295201580570 12511295201644224 12511296142321694 12511296612045504
12511295670824308 12511295670888840 12511296612069834 12511297083334482 12511296142386218 12511296142448906 12511297083360112 12511297553785224
12511296612146382 12511296612207958 12511297553865770 12511298024498228 12511297083436132 12511297083501964 12511298024518380 12511298493706027

12511317766868864 12511317766884216 12511317776412144 12511318276701906 12511317766884258 12511317766893366 12511318276727880 12511318746644962
12511317776360520 12511317776370310 12511318746670078 12511319216784022 12511318276794384 12511318276873852 12511319216811994 12511319687085854
12511318746687960 12511318746743414 12511319687107300 12511320157075960 12511319216881594 12511319216945968 12511320157095976 12511320628444002
12511319687129878 12511319687209256 12511320628463096 12511321097669270 12511320157117868 12511320157192130 12511321097695122 12511321568397932
12511320628540336 12511320628603336 12511321568416550 12511322037759786 12511321097717658 12511321097774650 12511322037779024 12511322508087022
12511321568484834 12511321568564376 12511322508105888 12511322977787712 12511322037802148 12511322037857102 12511322977810170 12511323447416540
12511322508172486 12511322508253306 12511323447438932 12511323917670946 12511322977829794 12511322977889084 12511323917692492 12511324387472320
12511323447457690 12511323447516328 12511324387493342 12511324858103466 12511323917711682 12511323917783312 12511324858130486 12511325328038950
12511324387567756 12511324387631674 12511325328116648 12511325797955634 12511324858205680 12511324858271846 12511325797983572 12511326266955780

12511317100774784 12511317100792480 12511317110022570 12511317625946142 12511317100792564 12511317100803690 12511317625972442 12511318093357004
12511317110012690 12511317110024020 12511318093373238 12511318559727384 12511317625997968 12511317626066220 12511318559751330 12511319027341758
12511318093390004 12511318093446708 12511319027363720 12511319495238532 12511318559773096 12511318559825914 12511319495255754 12511319963055664
12511319027429424 12511319027516986 12511319963075418 12511320429350774 12511319495269868 12511319495324552 12511320429377196 12511320895870988
12511319963092956 12511319963146084 12511320895892928 12511321363113372 12511320429398822 12511320429457012 12511321363138492 12511321830061366
12511320895915238 12511320895985096 12511321830084282 12511322297730738 12511321363164846 12511321363264796 12511322297756532 12511322764362972
12511321830155810 12511321830223106 12511322764390504 12511323232095766 12511322297834974 12511322297902058 12511323232119998 12511323699017180
12511322764464134 12511322764552474 12511323699036972 12511324166354694 12511323232193040 12511323232257606 12511324166377702 12511324633945062
12511323699055078 12511323699115548 12511324634017782 12511325101264798 12511324166451984 12511324166517912 12511325101285892 12511325567945172

12511345356065302 12511345356079142 12511345364183398 12511345834417219 12511345356079224 12511345356088358 12511345834438201 12511346305210594
12511345364173638 12511345364184752 12511346305236204 12511346775190542 12511345834454776 12511345834521660 12511346775215436 12511347245749804
12511346305255330 12511346305306798 12511347245776588 12511347715398932 12511346775238084 12511346775290170 12511347715427598 12511348186147340
12511347245797798 12511347245869064 12511348186169562 12511348656632534 12511347715450504 12511347715500180 12511348656660592 12511349128204692
12511348186190124 12511348186243716 12511349128227642 12511349598209160 12511348656684032 12511348656739776 12511349598235686 12511350069981200
12511349128300348 12511349128379476 12511350070004462 12511350542309632 12511349598261292 12511349598315780 12511350542336092 12511351013346064
12511350070079450 12511350070143822 12511351013370360 12511351485616512 12511350542415940 12511350542518760 12511351485636336 12511351955903472
12511351013387904 12511351013465908 12511351955925268 12511352427393548 12511351485700500 12511351485764448 12511352427421648 12511352898367590
12511351955945716 12511351955998548 12511352898445170 12511353369031184 12511352427484542 12511352427547502 12511353369057476 12511353839141788

12511332973406188 12511332973420488 12511332981058214 12511333494844204 12511332973420540 12511332973428864 12511333494870290 12511333965619858
12511332981048206 12511332981057066 12511333965642070 12511334437400314 12511333494893364 12511333494940570 12511334437416468 12511334909164224
12511333965716828 12511333965776292 12511334909190918 12511335380040236 12511334437439660 12511334437501432 12511335380062156 12511335852669158
12511334909255730 12511334909315196 12511335852691596 12511336323147860 12511335380131892 12511335380194462 12511336323172242 12511336794591868
12511335852764824 12511335852823032 12511336794613806 12511337265684568 12511336323248394 12511336323307340 12511337265708970 12511337736880194
12511336794687432 12511336794744836 12511337736901742 12511338208536734 12511337265785446 12511337265842764 12511338208558698 12511338679940480
12511337736974070 12511337737031894 12511338679963956 12511339151604244 12511338208638158 12511338208698464 12511339151628164 12511339622426746
12511338680032570 12511338680090796 12511339622450408 12511340094104188 12511339151695158 12511339151754948 12511340094131346 12511340565282270
12511339622529452 12511339622587320 12511340565369658 12511341036514016 12511340094209004 12511340094265448 12511341036534728 12511341506710930

12511257455036766 12511257455048560 12511257463301932 12511257944623032 12511257455048638 12511257455055840 12511257944650528 12511258411873402
12511257463292194 12511257463300750 12511258411899194 12511258880168230 12511257944671718 12511257944717748 12511258880190910 12511259346424574
12511258411914800 12511258411965232 12511259346448102 12511259813550648 12511258880258460 12511258880322476 12511259813569102 12511260279993032
12511259346468982 12511259346543324 12511260280010558 12511260746549324 12511259813587180 12511259813638030 12511260746569308 12511261214580300
12511260280024746 12511260280076682 12511261214597304 12511261681488630 12511260746586456 12511260746639068 12511261681513356 12511262148528570
12511261214614202 12511261214687922 12511262148548628 12511262615138260 12511261681582614 12511261681668164 12511262615163924 12511263082210144
12511262148611398 12511262148673390 12511263082232672 12511263549307284 12511262615186438 12511262615242084 12511263549329730 12511264016242360
12511263082298468 12511263082383344 12511264016262198 12511264483541904 12511263549394982 12511263549459346 12511264483565146 12511264950024368
12511264016285078 12511264016344976 12511264950084462 12511265416681298 12511264483584632 12511264483638078 12511265416705224 12511265882600882

12511242362629738 12511242362644086 12511242371417970 12511242858728436 12511242362644164 12511242362651970 12511242858756482 12511243325517766
12511242371367896 12511242371377048 12511243325543132 12511243792824166 12511242858780058 12511242858818332 12511243792851144 12511244259174918
12511243325618772 12511243325683636 12511244259216230 12511244727212488 12511243792933092 12511243793000132 12511244727234936 12511245194701238
12511244259238162 12511244259314756 12511245194721800 12511245661375456 12511244727257270 12511244727330366 12511245661399674 12511246128856278
12511245194794922 12511245194858032 12511246128878864 12511246596591670 12511245661476780 12511245661540414 12511246596616226 12511247064628380
12511246128952882 12511246129030038 12511247064652308 12511247531169512 12511246596689242 12511246596751758 12511247531195270 12511247998578772
12511247064730046 12511247064792978 12511247998598430 12511248465726670 12511247531274200 12511247531335662 12511248465752596 12511248932409970
12511247998667890 12511247998751706 12511248932434418 12511249400014840 12511248465777578 12511248465829190 12511249400041908 12511249867789196
12511248932508106 12511248932571784 12511249867848062 12511250335444202 12511249400117742 12511249400181234 12511250335465956 12511250801826998

12511243526970254 12511243526985122 12511243534656718 12511244063375532 12511243526985172 12511243526993130 12511244063402244 12511244534852540
12511243534647336 12511243534657156 12511244534868104 12511245005750322 12511244063425764 12511244063481186 12511245005772634 12511245476707136
12511244534931896 12511244534991304 12511245476728644 12511245947067588 12511245005796080 12511245005848298 12511245947089526 12511246417983430
12511245476749380 12511245476800116 12511246418004886 12511246889283790 12511245947112250 12511245947185050 12511246889308454 12511247361179006
12511246418026668 12511246418077960 12511247361211660 12511247832080590 12511246889386328 12511246889448282 12511247832104532 12511248303011756
12511247361275320 12511247361336074 12511248303031838 12511248774221188 12511247832181658 12511247832241492 12511248774242696 12511249244827200
12511248303054844 12511248303107650 12511249244850320 12511249715889696 12511248774318916 12511248774381940 12511249715906328 12511250187013340
12511249244870130 12511249244925646 12511250187036092 12511250658466980 12511249715967364 12511249716027940 12511250658487544 12511251129494626
12511250187058190 12511250187110812 12511251129570294 12511251600396332 12511250658557780 12511250658617992 12511251600418652 12511252071174542

12511368464932054 12511368464947868 12511368472636422 12511368996543330 12511368464947950 12511368464955986 12511368996568998 12511369466664024
12511368472626756 12511368472636340 12511369466688466 12511369936322496 12511368996587814 12511368996622936 12511369936348988 12511370406098686
12511369466756250 12511369466816446 12511370406124370 12511370876059762 12511369936372598 12511369936427346 12511370876083638 12511371348143507
12511370406148256 12511370406196858 12511371348164153 12511371818895945 12511370876102340 12511370876150032 12511371818910550 12511372284478290
12511371348181326 12511371348235843 12511372284512256 12511372754722514 12511371818984199 12511371819041021 12511372754751436 12511373224753406
12511372284534486 12511372284587920 12511373224776150 12511373695091832 12511372754829614 12511372754917070 12511373695115766 12511374165317032
12511373224795458 12511373224848084 12511374165342912 12511374635878772 12511373695180654 12511373695243916 12511374635904630 12511375105246906
12511374165363814 12511374165420370 12511375105271618 12511375576007696 12511374635987830 12511374636048274 12511375576029510 12511376046787140
12511375105294018 12511375105348870 12511376046863788 12511376516001710 12511375576097200 12511375576159762 12511376516020476 12511376985969156

12511262131328778 12511262131341362 12511262140049720 12511262656747326 12511262131341440 12511262131348160 12511262656763434 12511263129440214
12511262140043886 12511262140054570 12511263129462186 12511263601524100 12511262656830282 12511262656872586 12511263601548748 12511264073675270
12511263129482388 12511263129538376 12511264073699376 12511264545728330 12511263601569492 12511263601616128 12511264545751916 12511265018406248
12511264073724482 12511264073772068 12511265018428422 12511265490583162 12511264545774672 12511264545819124 12511265490606054 12511265964164018
12511265018504212 12511265018565566 12511265964186674 12511266436037632 12511265490686042 12511265490747214 12511266436061426 12511266908757896
12511265964264494 12511265964326882 12511266908789914 12511267381239104 12511266436138740 12511266436200354 12511267381263040 12511267854187986
12511266908814294 12511266908863196 12511267854207498 12511268327142120 12511267381343580 12511267381402106 12511268327162796 12511268799642214
12511267854270920 12511267854335024 12511268799668328 12511269272341516 12511268327236736 12511268327298018 12511269272363226 12511269744675986
12511268799692180 12511268799745944 12511269744789570 12511270218013128 12511269272443674 12511269272504364 12511270218032634 12511270689771266

12511201220776000 12511201220790140 12511201228250222 12511201732230134 12511201220790216 12511201220797654 12511201732250662 12511202203470134
12511201228244334 12511201228253884 12511202203498224 12511202677858158 12511201732322666 12511201732378838 12511202677879662 12511203148978586
12511202203522976 12511202203570814 12511203149001017 12511203608751030 12511202677899597 12511202677951404 12511203608769302 12511204071013342
12511203149024628 12511203149084927 12511204071034244 12511204542526852 12511203608789284 12511203608830518 12511204542550062 12511205013130500
12511204071054992 12511204071105530 12511205013148276 12511205485308616 12511204542570654 12511204542620536 12511205485326685 12511205956106594
12511205013170900 12511205013233036 12511205956127236 12511206428875744 12511205485345287 12511205485413835 12511206428898394 12511206899503630
12511205956148536 12511205956197936 12511206899523966 12511207371408804 12511206428966686 12511206429028462 12511207371433566 12511207841867180
12511206899598010 12511206899681088 12511207841892032 12511208313484804 12511207371512060 12511207371573398 12511208313507256 12511208784755732
12511207841915990 12511207841966804 12511208784843276 12511209256850062 12511208313581350 12511208313644956 12511209256874478 12511209727802854

12511190112021846 12511190112035238 12511190120247662 12511190589065948 12511190112035252 12511190112043238 12511190589092412 12511191056764696
12511190120240322 12511190120250040 12511191056787484 12511191525620414 12511190589114366 12511190589161780 12511191525644894 12511191993213904
12511191056810658 12511191056862862 12511191993240758 12511192461269984 12511191525669210 12511191525722558 12511192461293902 12511192929808700
12511191993261066 12511191993325916 12511192929830286 12511193398043358 12511192461318634 12511192461392336 12511193398062800 12511193865699764
12511192929845670 12511192929899036 12511193865717680 12511194333138740 12511193398124738 12511193398188776 12511194333162300 12511194801691078
12511193865733664 12511193865802544 12511194801708226 12511195269150230 12511194333180624 12511194333235486 12511195269170934 12511195738014102
12511194801724642 12511194801777332 12511195738038940 12511196205950934 12511195269191926 12511195269243832 12511196205976884 12511196674015014
12511195738057920 12511195738128242 12511196674039006 12511197141915480 12511196205997198 12511196206049930 12511197141939072 12511197611057454
12511196674102026 12511196674165168 12511197611116242 12511198078208778 12511197142012154 12511197142074514 12511198078229948 12511198545706932

12511236450806414 12511236450818868 12511236459135512 12511236929489396 12511236450818938 12511236450828750 12511236929514120 12511237399404438
12511236459129636 12511236459140204 12511237399432200 12511237869893372 12511236929594192 12511236929654126 12511237869918074 12511238339422146
12511237399454140 12511237399507590 12511238339448200 12511238809952362 12511237869998232 12511237870061278 12511238809972182 12511239280793708
12511238339469882 12511238339546756 12511239280813150 12511239750315804 12511238809987625 12511238810041901 12511239750339926 12511240220964042
12511239280829012 12511239280884348 12511240220987262 12511240691291394 12511239750358246 12511239750410918 12511240691317594 12511241161722800
12511240221006038 12511240221073338 12511241161745324 12511241631948002 12511240691339534 12511240691390128 12511241631972038 12511242102669154
12511241161818320 12511241161881566 12511242102698032 12511242572399690 12511241631995990 12511241632050408 12511242572424116 12511243043138628
12511242102772108 12511242102856232 12511243043164128 12511243513733994 12511242572448042 12511242572503170 12511243513760854 12511243984142208
12511243043184888 12511243043229486 12511243984199776 12511244454341652 12511243513782198 12511243513832578 12511244454362246 12511244923552460

12511248271107254 12511248271123790 12511248279284532 12511248781012084 12511248271123868 12511248271135836 12511248781037244 12511249250825236
12511248279276216 12511248279286212 12511249250851024 12511249720889814 12511248781056988 12511248781102882 12511249720917288 12511250190918968
12511249250870862 12511249250914744 12511250190946774 12511250660963626 12511249720936510 12511249720986440 12511250660984672 12511251131530410
12511250190967528 12511250191015066 12511251131551184 12511251601267576 12511250661060242 12511250661122016 12511251601291168 12511252071764786
12511251131627118 12511251131686420 12511252071788666 12511252541670708 12511251601312678 12511251601363014 12511252541694220 12511253013044206
12511252071860236 12511252071918390 12511253013066500 12511253488000338 12511252541716052 12511252541769886 12511253488020217 12511253946263640
12511253013129924 12511253013189712 12511253946285593 12511254398754788 12511253488092289 12511253488148939 12511254398783808 12511254868104788
12511253946303865 12511253946349928 12511254868125502 12511255337945218 12511254398804404 12511254398850868 12511255337967244 12511255807805434
12511254868190720 12511254868252734 12511255807889164 12511256277949494 12511255337991382 12511255338040754 12511256277975526 12511256747310882

12511291373042376 12511291373056722 12511291381470266 12511291847167442 12511291373056736 12511291373064396 12511291847192072 12511292317676406
12511291381465826 12511291381474976 12511292317695642 12511292787441326 12511291847212328 12511291847254500 12511292787464314 12511293257492124
12511292317757034 12511292317820296 12511293257521632 12511293727368584 12511292787485296 12511292787539706 12511293727392506 12511294196748342
12511293257539894 12511293257587864 12511294196770018 12511294668176724 12511293727415764 12511293727472316 12511294668199886 12511295137634014
12511294196788468 12511294196835796 12511295137656046 12511295608312358 12511294668220504 12511294668269246 12511295608337662 12511296078172312
12511295137730460 12511295137791944 12511296078191328 12511296549117094 12511295608359354 12511295608410740 12511296549138320 12511297019536512
12511296078250194 12511296078314030 12511297019561594 12511297491394152 12511296549158632 12511296549215614 12511297491413598 12511297961946234
12511297019583940 12511297019636540 12511297961973520 12511298432777306 12511297491481276 12511297491589364 12511298432800752 12511298902786118
12511297961994910 12511297962046598 12511298902842464 12511299377326012 12511298432866552 12511298432930074 12511299377346420 12511299851483360

3146547701884154 3146547701898026 3146547709667424 3146548186513984 3146547701898082 3146547701906764 3146548186539990 3146548657992056
3146547709662400 3146547709672302 3146548658018164 3146549129267716 3146548186561042 3146548186605130 3146549129292672 3146549600715000
3146548658039334 3146548658091966 3146549600735132 3146550072799542 3146549129313328 3146549129368882 3146550072818128 3146550543486356
3146549600753218 3146549600805822 3146550543506764 3146551015888598 3146550072834640 3146550072890686 3146551015910008 3146551487041892
3146550543525406 3146550543578670 3146551487061648 3146551958800140 3146551015986790 3146551016048514 3146551958823196 3146552430255732
3146551487080160 3146551487134796 3146552430273058 3146552901580706 3146551958897558 3146551958961746 3146552901606094 3146553372767600
3146552430289672 3146552430346078 3146553372791672 3146553844419032 3146552901686960 3146552901752922 3146553844442806 3146554314525132
3146553372811496 3146553372866976 3146554314551628 3146554786097824 3146553844521564 3146553844582218 3146554786124656 3146555258070658
3146554314631822 3146554314693182 3146555258152582 3146555728770250 3146554786144582 3146554786196044 3146555728796158 3146556199760244

12511265858717404 12511265858730780 12511265867151660 12511266334741324 12511265858730872 12511265858739090 12511266334762916 12511266801922534
12511265867146408 12511265867156990 12511266801948340 12511267268978956 12511266334830828 12511266334874450 12511267269001094 12511267736090444
12511266801970462 12511266802023198 12511267736113510 12511268202759292 12511267269016800 12511267269072080 12511268202786848 12511268671634908
12511267736177896 12511267736240356 12511268671655190 12511269138252038 12511268202805760 12511268202859198 12511269138278256 12511269604531508
12511268671720642 12511268671784360 12511269604550088 12511270071716766 12511269138296834 12511269138351444 12511270071742312 12511270538305674
12511269604569198 12511269604617678 12511270538326254 12511271006435926 12511270071762468 12511270071836618 12511271006460932 12511271472586640
12511270538391028 12511270538452704 12511271472613706 12511271939808406 12511271006526002 12511271006591518 12511271939831624 12511272405988554
12511271472632296 12511271472684486 12511272406013592 12511272873392784 12511271939901066 12511271939961092 12511272873411482 12511273339996093
12511272406033002 12511272406086042 12511273340070040 12511273811840815 12511272873475042 12511272873535574 12511273811863653 12511274272705762

12511215570449840 12511215570464624 12511215578786958 12511216050612048 12511215570464700 12511215570474678 12511216050638772 12511216521808514
12511215578777156 12511215578786396 12511216521834820 12511216994289830 12511216050661342 12511216050719750 12511216994311302 12511217466284730
12511216521855170 12511216521907402 12511217466310004 12511217937521806 12511216994328388 12511216994383808 12511217937546688 12511218409497200
12511217466332738 12511217466404760 12511218409519804 12511218880904350 12511217937565998 12511217937635526 12511218880928378 12511219353271246
12511218409541374 12511218409591190 12511219353293138 12511219824451180 12511218880947278 12511218880998414 12511219824474914 12511220296635434
12511219353362770 12511219353440080 12511220296657976 12511220768330468 12511219824500148 12511219824555196 12511220768354262 12511221240580376
12511220296735512 12511220296797562 12511221240605538 12511221711913850 12511220768378150 12511220768429734 12511221711933900 12511222183605380
12511221240681892 12511221240763716 12511222183627552 12511222655445702 12511221711957242 12511221712008616 12511222655468796 12511223126601296
12511222183695640 12511222183755130 12511223126690754 12511223598552312 12511222655544648 12511222655603860 12511223598577894 12511224069334860

12511191764437696 12511191764449878 12511191771912976 12511192276114264 12511191764449960 12511191764457690 12511192276139982 12511192745800370
12511191771902850 12511191771911940 12511192745826262 12511193215829164 12511192276208560 12511192276249994 12511193215850918 12511193687154758
12511192745848690 12511192745902302 12511193687179346 12511194157338536 12511193215868176 12511193215922330 12511194157364176 12511194628952060
12511193687198246 12511193687256180 12511194628973924 12511195099548686 12511194157384172 12511194157441090 12511195099572798 12511195569845122
12511194629040302 12511194629102116 12511195569866972 12511196039468772 12511195099636814 12511195099700696 12511196039494928 12511196510329528
12511195569932994 12511195569995918 12511196510347719 12511197000019777 12511196039514428 12511196039591094 12511197000048689 12511197486810232
12511196510358858 12511196510420761 12511197486833332 12511197956653126 12511197000070471 12511197000129763 12511197956675802 12511198426585820
12511197486911544 12511197486976656 12511198426607922 12511198897964582 12511197956698916 12511197956756176 12511198897988648 12511199369191794
12511198426625798 12511198426676546 12511199369287370 12511199840396086 12511198898059052 12511198898118726 12511199840423050 12511200310243352

12511253880679650 12511253880696446 12511253889445798 12511254380868158 12511253880696492 12511253880709148 12511254380886778 12511254848251068
12511253889441102 12511253889451170 12511254848275974 12511255315369165 12511254380906432 12511254380968414 12511255315394080 12511255781605510
12511254848299192 12511254848354198 12511255781631464 12511256247741592 12511255315413193 12511255315496186 12511256247765952 12511256715087454
12511255781654574 12511255781728170 12511256715109298 12511257181667812 12511256247788968 12511256247861930 12511257181688406 12511257649134576
12511256715132130 12511256715184142 12511257649157612 12511258115510428 12511257181707050 12511257181759418 12511258115538960 12511258583146002
12511257649232834 12511257649309524 12511258583167528 12511259049825418 12511258115563440 12511258115618390 12511259049849458 12511259517162628
12511258583240966 12511258583303362 12511259517190086 12511259985175326 12511259049924932 12511259049988944 12511259985203660 12511260451782038
12511259517214500 12511259517292220 12511260451807362 12511260918848774 12511259985226472 12511259985299570 12511260918873812 12511261385538776
12511260451833820 12511260451887600 12511261385597716 12511261852010684 12511260918898992 12511260918950014 12511261852032286 12511262318038634

12511232574573160 12511232574589820 12511232582744532 12511233074570266 12511232574589910 12511232574602094 12511233074593824 12511233541017632
12511232582734264 12511232582745122 12511233541037914 12511234007845680 12511233074615416 12511233074664862 12511234007870858 12511234475007754
12511233541059104 12511233541112754 12511234475033540 12511234942529882 12511234007893962 12511234007949500 12511234942554900 12511235409456548
12511234475054756 12511234475123766 12511235409477876 12511235876257010 12511234942578648 12511234942647700 12511235876279176 12511236344188290
12511235409503836 12511235409570896 12511236344211788 12511236810471650 12511235876307136 12511235876369788 12511236810495202 12511237280015782
12511236344237848 12511236344311286 12511237280037822 12511237746204408 12511236810525990 12511236810593314 12511237746227870 12511238212447798
12511237280066014 12511237280132306 12511238212468438 12511238680808178 12511237746257810 12511237746325070 12511238680828602 12511239147054638
12511238212494966 12511238212556034 12511239147077514 12511239614361090 12511238680857416 12511238680942174 12511239614385510 12511240082544548
12511239147102648 12511239147166686 12511240082605386 12511240549488814 12511239614412460 12511239614473310 12511240549508900 12511241015611484

12511153633162780 12511153633175352 12511153642219576 12511154164173176 12511153633175428 12511153633183494 12511154164202374 12511154631405570
12511153642209514 12511153642218762 12511154631427888 12511155097876656 12511154164225750 12511154164262188 12511155097900796 12511155564844628
12511154631451258 12511154631501030 12511155564860762 12511156031223790 12511155097977454 12511155098040542 12511156031242334 12511156497643376
12511155564873140 12511155564926804 12511156497665444 12511156965084684 12511156031265820 12511156031312992 12511156965111864 12511157432345998
12511156497741400 12511156497801564 12511157432368930 12511157899443896 12511156965185682 12511156965248012 12511157899468668 12511158366655182
12511157432392474 12511157432444488 12511158366678264 12511158833897416 12511157899544030 12511157899626716 12511158833923422 12511159301373636
12511158366698464 12511158366751284 12511159301397514 12511159767967832 12511158834001220 12511158834062694 12511159767993328 12511160235305694
12511159301419664 12511159301470750 12511160235331468 12511160701981332 12511159768015790 12511159768065650 12511160702008272 12511161169558438
12511160235403306 12511160235465908 12511161169632264 12511161635836630 12511160702030832 12511160702086262 12511161635857508 12511162103628020

12511280715026398 12511280715040422 12511280724734704 12511281195858474 12511280715040434 12511280715052558 12511281195887672 12511281666483938
12511280724724584 12511280724736058 12511281666508164 12511282138180480 12511281195909400 12511281195943386 12511282138203874 12511282608872886
12511281666532180 12511281666585544 12511282608900218 12511283079984114 12511282138219882 12511282138270462 12511283080008272 12511283550435068
12511282608918722 12511282608985442 12511283550455282 12511284021538554 12511283080027670 12511283080075076 12511284021562584 12511284491773902
12511283550473828 12511283550540528 12511284491793968 12511284962916760 12511284021638114 12511284021698712 12511284962939132 12511285433501862
12511284491815180 12511284491885918 12511285433522244 12511285903347098 12511284963008438 12511284963069240 12511285903373616 12511286374407296
12511285433542084 12511285433596744 12511286374432698 12511286844397536 12511285903393126 12511285903445046 12511286844422610 12511287314884948
12511286374453118 12511286374523422 12511287314908644 12511287784801146 12511286844441632 12511286844493176 12511287784825966 12511288256043702
12511287314981856 12511287315043314 12511288256106910 12511288725914806 12511287784844436 12511287784898010 12511288725941470 12511289196287308
