25 3299
12511099293922782 12511099295033444 12511099298920520 12511099808722532 12511099295036830 12511099296143784 12511099808899406 12511100279016376
12511099808827006 12511099810330958 12511100280524998 12511100750139136 12511100279113364 12511100282074290 12511100751631054 12511101220856670
12511100750247308 12511100753018196 12511101222381240 12511101692391286 12511101220898098 12511101223837610 12511101693918952 12511102162831438
12511101692479920 12511101695276286 12511102164344486 12511102634115240 12511102162917824 12511102165760702 12511102635597998 12511103104919544
12511102634201996 12511102637026846 12511103106429892 12511103576021122 12511103105015732 12511103107835582 12511103577510474 12511104047014140
12511103576126678 12511103578873856 12511104048515786 12511104517665826 12511104047108778 12511104049881382 12511104519155966 12511104987876464
12511104517770916 12511104520420970 12511104989413598 12511105459401336 12511104987961754 12511104990798524 12511105460901854 12511105929990304
12511105459490030 12511105462309816 12511105931515790 12511106400871952 12511105930081730 12511105932888678 12511106402362952 12511106878281089
12511106400972804 12511106403718638 12511106879842316 12511107342245604 12511106878364877 12511106881184234 12511107343980315 12511107806680690

12511144253923938 12511144255018796 12511144258750896 12511144757423070 12511144255021464 12511144256096784 12511144757599860 12511145226379768
12511144757523878 12511144758959470 12511145227979746 12511145697450340 12511145226470458 12511145229551016 12511145698919676 12511146168550676
12511145697533480 12511145700237374 12511146170104692 12511146639693238 12511146168631634 12511146171412456 12511146641228716 12511147111193008
12511146639789250 12511146642544310 12511147112727530 12511147582208052 12511147111268518 12511147114042362 12511147583752672 12511148054234700
12511147582303812 12511147585035672 12511148055843202 12511148524900766 12511148054329352 12511148057174154 12511148526432076 12511148996701150
12511148524997800 12511148527688290 12511148998207554 12511149467209692 12511148996780820 12511148999566430 12511149468697732 12511149938346294
12511149467296328 12511149469998192 12511149939866742 12511150409170340 12511149938423946 12511149941213498 12511150410706872 12511150880351430
12511150409251906 12511150412041514 12511150881886374 12511151351760400 12511150880441554 12511150883228598 12511151353249574 12511151822606774
12511151351836276 12511151354547364 12511151824136988 12511152294189700 12511151822704872 12511151825510920 12511152295962570 12511152765382126

12511061942012672 12511061943118762 12511061946844368 12511062417033398 12511061943121560 12511061944195850 12511062471063556 12511062966438716
12511062417121654 12511062418578772 12511062966614974 12511063435557362 12511062966536970 12511062968211876 12511063436994618 12511063906510753
12511063435599334 12511063438404562 12511063908048684 12511064377655084 12511063906548766 12511063909384434 12511064379113048 12511064847875578
12511064377751880 12511064380453438 12511064849363988 12511065319021668 12511064847969156 12511064850796470 12511065320525864 12511065789569032
12511065319109706 12511065321960048 12511065791043052 12511066261537380 12511065789663236 12511065792458700 12511066262958316 12511066732730044
12511066261631584 12511066264337660 12511066734211672 12511067203780154 12511066732821342 12511066735572696 12511067205221334 12511067673576664
12511067203865760 12511067206605390 12511067675066360 12511068144952852 12511067673660508 12511067676527004 12511068146431900 12511068615445714
12511068145048814 12511068147817784 12511068616938328 12511069086640782 12511068615539202 12511068618352950 12511069088080172 12511069558112082
12511069086735220 12511069089447610 12511069559609160 12511070028937790 12511069558199286 12511069561028396 12511070030652876 12511070500576606

12511089712614580 12511089713723714 12511089717555548 12511090189164538 12511089713726826 12511089714799166 12511090212974488 12511090709432026
12511090189270810 12511090190714846 12511090709672904 12511091178946370 12511090709519920 12511090711249062 12511091180391926 12511091649206170
12511091179046348 12511091181724698 12511091650701114 12511092120975210 12511091649301726 12511091652098118 12511092122473118 12511092591567766
12511092121077236 12511092123744036 12511092593061726 12511093063419172 12511092591651046 12511092594452174 12511093064872370 12511093534429792
12511093063507798 12511093066306436 12511093535943808 12511094005700274 12511093534521068 12511093537323598 12511094007136236 12511094476662152
12511094005796380 12511094008502758 12511094478134618 12511094947740814 12511094476752966 12511094479488282 12511094949192760 12511095418254776
12511094947837606 12511094950508240 12511095419746230 12511095889891464 12511095418367730 12511095421251404 12511095891381776 12511096361507812
12511095889974118 12511095892724662 12511096363014884 12511096832328446 12511096361592168 12511096364439260 12511096833782196 12511097303662142
12511096832421320 12511096835123924 12511097305210916 12511097775124900 12511097303749820 12511097306634184 12511097776747504 12511098249394735

12511089046516616 12511089047616092 12511089051338814 12511089538202738 12511089047620578 12511089048692324 12511089538383758 12511090004203540
12511089538298442 12511089539729790 12511090005713212 12511090472998828 12511090004292122 12511090007274564 12511090474444508 12511090946120901
12511090473089842 12511090475795420 12511090947618923 12511091403885986 12511090946153916 12511090949023180 12511091408825060 12511091860891332
12511091404002116 12511091406599945 12511091862346798 12511092327806146 12511091860989678 12511091863636388 12511092329349206 12511092796280524
12511092327889144 12511092330624024 12511092797888690 12511093264264998 12511092796376388 12511092799140534 12511093265817142 12511093734044578
12511093264365074 12511093267111798 12511093735578336 12511094201194874 12511093734137436 12511093736899848 12511094202741062 12511094668406790
12511094201296150 12511094203979970 12511094669991752 12511095136863948 12511094668500674 12511094671310978 12511095138417386 12511095604413224
12511095136962440 12511095139742462 12511095605972042 12511096072942288 12511095604506952 12511095607316274 12511096074473578 12511096540635226
12511096073039484 12511096075689852 12511096542197570 12511097009198656 12511096540729260 12511096543516234 12511097011029100 12511097477112796

12511117301206468 12511117302304374 12511117306121586 12511117779940486 12511117302307492 12511117303384308 12511117799421966 12511118302439702
12511117780044308 12511117782435382 12511118302722310 12511118773147760 12511118302539550 12511118304975268 12511118793775486 12511119263203078
12511118773228224 12511118775920234 12511119263825634 12511119733940950 12511119263288640 12511119265374260 12511119735427972 12511120204247480
12511119734037302 12511119736817088 12511120205734618 12511120675649616 12511120204336406 12511120207105126 12511120677128022 12511121146196904
12511120675750728 12511120678488030 12511121147706044 12511121617200242 12511121146294568 12511121149098538 12511121618668724 12511122088271750
12511121617284044 12511121619998964 12511122089753574 12511122559609722 12511122088353220 12511122091097096 12511122561086740 12511123030279710
12511122559700598 12511122562457600 12511123031780170 12511123501822898 12511123030375118 12511123033182368 12511123503316028 12511123972414992
12511123501913970 12511123504699060 12511123973913332 12511124443198080 12511123972500002 12511123975327128 12511124444666512 12511124914875508
12511124443298436 12511124446028208 12511124916380172 12511125385763640 12511124914994282 12511124917769374 12511125387444510 12511125857572700

12511104918772316 12511104919879568 12511104923613842 12511105408041310 12511104919882388 12511104920946726 12511105410923128 12511105926200028
12511105408126916 12511105409531060 12511105926868082 12511106397929342 12511105926295590 12511105928460006 12511106399361724 12511106869397308
12511106398029062 12511106400789178 12511106870874326 12511107342160408 12511106869489516 12511106872342120 12511107343616670 12511107813576400
12511107342264016 12511107345005176 12511107815118110 12511108285745992 12511107813663963 12511107816520464 12511108287200214 12511108757396178
12511108285830730 12511108288540794 12511108758893596 12511109229557606 12511108757482078 12511108760281534 12511109231011876 12511109701435786
12511109229647480 12511109232331516 12511109702897544 12511110172998218 12511109701530830 12511109704288504 12511110174447338 12511110645206358
12511110173141812 12511110175802432 12511110646711954 12511111116967940 12511110645303084 12511110648122006 12511111118443396 12511111589026964
12511111117070172 12511111119814728 12511111590489630 12511112060716120 12511111589121396 12511111591951534 12511112062164332 12511112533431426
12511112060825434 12511112063511054 12511112534911012 12511113005015884 12511112533531464 12511112536331980 12511113006631064 12511113477357352

12511029401705474 12511029402826396 12511029406648794 12511029909729930 12511029402829206 12511029403895954 12511029909873230 12511030376796292
12511029909815378 12511029911331286 12511030378282972 12511030844527766 12511030376892994 12511030379815434 12511030845990524 12511031312524556
12511030844600800 12511030847276390 12511031314043492 12511031780202720 12511031312621256 12511031315417878 12511031783003980 12511032277839530
12511031780301742 12511031783010986 12511032279400344 12511032745724596 12511032277936340 12511032280713568 12511032747212682 12511033213849630
12511032745823662 12511032748509238 12511033215393028 12511033681940422 12511033213943952 12511033216763100 12511033683408504 12511034149734836
12511033681983884 12511033684738226 12511034151221320 12511034617384134 12511034149775808 12511034152585906 12511034618860284 12511035084837198
12511034617470016 12511034620198282 12511035086358402 12511035553218294 12511035084922344 12511035087771860 12511035554750634 12511036020515232
12511035553303826 12511035556046238 12511036022058152 12511036488798592 12511036020601660 12511036023402024 12511036490304184 12511036956365500
12511036488887642 12511036491575976 12511036957927648 12511037424496806 12511036956455516 12511036959295626 12511037426211228 12511037893170702

12511014309489796 12511014310604684 12511014314499770 12511014834635708 12511014310607148 12511014311683158 12511014834792994 12511015301530094
12511014834739788 12511014836173772 12511015303026324 12511015769359126 12511015301623374 12511015304649436 12511015770832386 12511016237670106
12511015769439390 12511015772251813 12511016239172038 12511016705319980 12511016237764724 12511016240564992 12511016706781450 12511017172946306
12511016705416864 12511016708097222 12511017186084034 12511017653623860 12511017173038136 12511017175525304 12511017655072476 12511018121297708
12511017653732524 12511017656438510 12511018122815044 12511018589729056 12511018121395028 12511018124197908 12511018591199752 12511019057686672
12511018589827434 12511018592560896 12511019059155880 12511019525841938 12511019057780558 12511019060542306 12511019527314148 12511019993264504
12511019525941526 12511019528634224 12511019994775108 12511020461615306 12511019993358144 12511019996192838 12511020463116340 12511020929187260
12511020461720220 12511020464494744 12511020930697542 12511021402443721 12511020929310292 12511020932110902 12511021403865446 12511021857781724
12511021402531649 12511021405229504 12511021864570020 12511022319207696 12511021857871968 12511021860243996 12511022323429356 12511022790441308

12511015473788836 12511015474909140 12511015478352584 12511015948054020 12511015474911914 12511015475991858 12511015948651398 12511016418327938
12511015948152446 12511015950037044 12511016419834678 12511016889084176 12511016418420818 12511016421336738 12511016890598480 12511017360480774
12511016889183474 12511016891866128 12511017362048276 12511017831125292 12511017360576388 12511017363455014 12511017832656008 12511018302466240
12511017831232120 12511017833963088 12511018303979312 12511018773313618 12511018302561344 12511018305357226 12511018774805014 12511019244598068
12511018773409420 12511018776169194 12511019246135694 12511019715234534 12511019244693344 12511019247502262 12511019716727354 12511020187049618
12511019715330994 12511019718047720 12511020188586720 12511020657254192 12511020187138568 12511020189918644 12511020658743862 12511021127523342
12511020657340302 12511020660053110 12511021129095910 12511021599614678 12511021127608260 12511021130393828 12511021601144540 12511022070957566
12511021599709034 12511021602464212 12511022072479012 12511022543508008 12511022071042694 12511022073876656 12511022545014746 12511023014958298
12511022543589626 12511022546333870 12511023016492634 12511023487159366 12511023015060606 12511023017871164 12511023488886702 12511023959000226

12511140409385460 12511140410481048 12511140411893908 12511140907495778 12511140410484764 12511140413028162 12511140908999536 12511141378669746
12511140907598086 12511140910398276 12511141410728084 12511141901792934 12511141378766102 12511141381520706 12511141903242282 12511142372867180
12511141901900844 12511141904670018 12511142374365414 12511142845279546 12511142372949428 12511142375720170 12511142846763568 12511143316577152
12511142845364820 12511142848121438 12511143318071316 12511143787809568 12511143316661290 12511143319502348 12511143789249022 12511144259983706
12511143787906374 12511143791270823 12511144261455508 12511144731318362 12511144260075614 12511144262888522 12511144732791636 12511145203655910
12511144731414770 12511144734137368 12511145205123318 12511145675025608 12511145203747918 12511145206433248 12511145676479718 12511146146929056
12511145675109942 12511145677866232 12511146148422482 12511146618531980 12511146147014430 12511146149843302 12511146620011176 12511147090451404
12511146618628486 12511146621402116 12511147091950258 12511147562204612 12511147090543906 12511147093391428 12511147563670198 12511148034937120
12511147562286030 12511147565024372 12511148036439118 12511148506651508 12511148035054710 12511148037853928 12511148508309342 12511148978265286

12511034077688412 12511034078802506 12511034082521196 12511034569744990 12511034078805622 12511034079897626 12511034569920854 12511035039826548
12511034569832878 12511034571282530 12511035041345962 12511035512243364 12511035039921232 12511035042865274 12511035513789922 12511035984487544
12511035512339206 12511035515158894 12511035986042360 12511036457253676 12511035984583928 12511035987495476 12511036458771868 12511036928413658
12511036457356608 12511036460104190 12511036929963520 12511037399878066 12511036928503868 12511036931390626 12511037401396112 12511037872452680
12511037399967510 12511037402788190 12511037874006062 12511038343960510 12511037872545288 12511037875415466 12511038345462480 12511038816500952
12511038344060228 12511038346785060 12511038818098814 12511039287779682 12511038816591814 12511038819447186 12511039289264644 12511039759711918
12511039287858456 12511039290573682 12511039761253246 12511040231682626 12511039759800216 12511039762664252 12511040233196522 12511040704008194
12511040231777982 12511040234550428 12511040705537328 12511041175426876 12511040704100720 12511040706966652 12511041176924440 12511041647453140
12511041175523442 12511041178223378 12511041649036742 12511042119170936 12511041647549246 12511041650415114 12511042120870434 12511042590835676

12510973168152866 12510973169254394 12510973173090108 12510973663285904 12510973169257462 12510973170346080 12510973663473842 12510974133141624
12510973663385128 12510973664842602 12510974134677996 12510974605721364 12510974133242298 12510974136291308 12510974607214890 12510975077116836
12510974605824230 12510974608521256 12510975078661322 12510975548511308 12510975077212812 12510975079980356 12510975550675688 12510976020524564
12510975548595676 12510975552020728 12510976022030878 12510976492004310 12510976020609182 12510976023365926 12510976493518556 12510976964323694
12510976492097676 12510976494907026 12510976965860514 12510977435830732 12510976964418468 12510976967257160 12510977437336928 12510977908508524
12510977435928906 12510977438630208 12510977910024416 12510978380372532 12510977908606210 12510977911313746 12510978381879004 12510978852399228
12510978380472410 12510978383206248 12510978853948108 12510979324380136 12510978852492888 12510978855391628 12510979325874056 12510979796761516
12510979324484586 12510979327231672 12510979798279972 12510980268482222 12510979796858080 12510979799678312 12510980269961536 12510980740328200
12510980268584860 12510980271302936 12510980741827724 12510981212908320 12510980740373834 12510980743264170 12510981214551026 12510981684799254

12510962059509706 12510962060633780 12510962064591760 12510962538019920 12510962060636594 12510962061713814 12510962538170628 12510963005030280
12510962538126018 12510962539579938 12510963006550522 12510963472933510 12510963005118112 12510963008059688 12510963474439756 12510963941416940
12510963473035008 12510963475706144 12510963942970488 12510964409910140 12510963941512812 12510963944313454 12510964411500180 12510964878438016
12510964409974774 12510964412725680 12510964879983126 12510965346647748 12510964878532766 12510964881362910 12510965348197460 12510965815422746
12510965346750416 12510965349563040 12510965817604037 12510966284646410 12510965815517662 12510965818930192 12510966286182114 12510966753236120
12510966284740132 12510966287419496 12510966754846862 12510967223154374 12510966753324014 12510966756176496 12510967224712104 12510967691697474
12510967223256188 12510967225986810 12510967693267244 12510968161890242 12510967691794628 12510967694629762 12510968163447114 12510968631002088
12510968161995438 12510968164774674 12510968632557110 12510969100336398 12510968631096588 12510968633914280 12510969101876672 12510969569045918
12510969100438554 12510969103140226 12510969570574866 12510970038536224 12510969569141372 12510969571947058 12510970040274810 12510970507317842

12511008397483042 12511008398596738 12511008402313576 12511008877463764 12511008398599444 12511008399679106 12511008877617610 12511009347607974
12511008877514266 12511008879002496 12511009349187714 12511009818949632 12511009347706674 12511009350846182 12511009820435668 12511010289630762
12511009819052848 12511009821874846 12511010291106918 12511010762087306 12511010289709534 12511010292499134 12511010763583480 12511011232978246
12511010762185718 12511010764917606 12511011234466440 12511011704770044 12511011233078604 12511011235869502 12511011706261322 12511012176237852
12511011704849288 12511011707682448 12511012177731454 12511012647616276 12511012176316044 12511012179161246 12511012649085786 12511013118892886
12511012647711754 12511012650424506 12511013120362202 12511013590149632 12511013118987632 12511013121754022 12511013591626772 12511014060986562
12511013590222874 12511013592991158 12511014062488546 12511014533129628 12511014061083212 12511014063867440 12511014534649072 12511015003975156
12511014533231962 12511014536027810 12511015005474432 12511015474989300 12511015004076226 12511015006877094 12511015476461034 12511015946623288
12511015475064084 12511015477812898 12511015948139670 12511016417343268 12511015946722982 12511015949533834 12511016418962690 12511016888635852

12511020217461868 12511020218552298 12511020222490214 12511020695120792 12511020218554842 12511020219635806 12511020697578812 12511021203427432
12511020695222494 12511020697637100 12511021204142348 12511021674282520 12511021203510534 12511021205706522 12511021675729190 12511022145305226
12511021674371764 12511021677126556 12511022146788368 12511022616961242 12511022145335164 12511022148172870 12511022618437734 12511023088189490
12511022617058568 12511022619815284 12511023089695176 12511023559727470 12511023088281926 12511023091100354 12511023561213550 12511024030945986
12511023559826480 12511023562628614 12511024032456216 12511024502560470 12511024031028102 12511024033837660 12511024504045608 12511024975722408
12511024502649260 12511024505449816 12511024977220248 12511025446990276 12511024975814046 12511024978581912 12511025448485910 12511025917434198
12511025447084598 12511025449800522 12511025918966746 12511026388435340 12511025917527346 12511025920389090 12511026389933928 12511026859659032
12511026388462666 12511026391327510 12511026861176188 12511027331045444 12511026859755434 12511026862580572 12511027332530812 12511027802599024
12511027331132900 12511027333879352 12511027804110082 12511028274128930 12511027802688906 12511027805538418 12511028275844030 12511028746286656

12511063318568712 12511063319661286 12511063323448638 12511063798368474 12511063319664170 12511063320757524 12511063798520808 12511064267588206
12511063798464280 12511063799892072 12511064269140320 12511064739328886 12511064267684302 12511064270583302 12511064740824358 12511065210147192
12511064739427962 12511064742142682 12511065211723504 12511065682000254 12511065210246056 12511065213049794 12511065683535504 12511066152390464
12511065682077764 12511065684857836 12511066153965486 12511066623385060 12511066152488144 12511066155229598 12511066624923246 12511067095006062
12511066623483848 12511066626225968 12511067096651278 12511067566309292 12511067095083900 12511067098053332 12511067567863560 12511068039398500
12511067566401482 12511067569199728 12511068040965976 12511068511484998 12511068039491110 12511068042307992 12511068513039672 12511068984218472
12511068511589590 12511068514298176 12511068985804724 12511069456691910 12511068984314012 12511068987136398 12511069458259830 12511069929643556
12511069456791250 12511069459545444 12511069931246496 12511070401507780 12511069929742136 12511069932596830 12511070403006578 12511070874649736
12511070401608268 12511070404305562 12511070876363238 12511071351017598 12511070874736078 12511070877749448 12511071352778314 12511071827587936

3146319647992950 3146319649099432 3146319652899348 3146320126463402 3146319649102122 3146319650175222 3146320177101652 3146320646774212
3146320126549896 3146320127958692 3146320646929062 3146321117192518 3146320646870004 3146320648558448 3146321118643986 3146321588197026
3146321117295690 3146321120002208 3146321589670876 3146322059830528 3146321588289374 3146321591064100 3146322061270828 3146322530765436
3146322059924896 3146322062616326 3146322532225626 3146323001738602 3146322530855280 3146322533641414 3146323003170526 3146323473641088
3146323001833254 3146323004628452 3146323475102142 3146323944247112 3146323473736054 3146323476524470 3146323945662640 3146324416286252
3146323944326722 3146323947122286 3146324417770680 3146324886459046 3146324416381208 3146324419152574 3146324887899312 3146325357406988
3146324886549210 3146324889264920 3146325358881960 3146325828295820 3146325357502788 3146325360343492 3146325829755056 3146326299568522
3146325828397532 3146325831126828 3146326301026064 3146326770434218 3146326299663016 3146326302459566 3146326771862110 3146327241837512
3146326770527104 3146326773229656 3146327243313802 3146327713083466 3146327241938588 3146327244721244 3146327714686810 3146328184216424

12511037804560640 12511037805682232 12511037809384968 12511038282423706 12511037805685640 12511037806761490 12511038304950474 12511038804243536
12511038282530540 12511038283965334 12511038804400566 12511039271538266 12511038804326176 12511038805952956 12511039273012498 12511039738825988
12511039271625640 12511039274365396 12511039740304116 12511040207718282 12511039738902630 12511039741706496 12511040209217892 12511040675177186
12511040207861384 12511040210546950 12511040676665306 12511041143271538 12511040675261636 12511040678083676 12511041144724288 12511041610991770
12511041143358370 12511041146126868 12511041612483508 12511042079244972 12511041611080360 12511041613897184 12511042080705382 12511042547444454
12511042079335050 12511042082035676 12511042548925040 12511043014626396 12511042547530450 12511042550273788 12511043016086358 12511043482358840
12511043014712328 12511043017431286 12511043483864502 12511043950201966 12511043482445456 12511043485304624 12511043951708404 12511044418596054
12511043950287506 12511043953089304 12511044420106616 12511044886262716 12511044418682586 12511044421543168 12511044887729504 12511045354793516
12511044886351724 12511044889039978 12511045356343878 12511045822907488 12511045354916420 12511045357779172 12511045824533648 12511046291536432

12510987517184324 12510987518287522 12510987521995302 12510987994524622 12510987518289842 12510987519354972 12510987996054508 12510988467428952
12510987994627748 12510987996014244 12510988469612343 12510988939609276 12510988467524634 12510988471111644 12510988941045692 12510989410373698
12510988939706658 12510988942407896 12510989411887816 12510989881900770 12510989410464582 12510989413262630 12510989883377670 12510990352634610
12510989881996432 12510989884720798 12510990354120822 12510990824277484 12510990352723992 12510990355492528 12510990825740538 12510991295345794
12510990824378678 12510990827075686 12510991296928454 12510991766893802 12510991295437968 12510991298268698 12510991768389160 12510992238052264
12510991766997046 12510991769710186 12510992239571356 12510992709437958 12510992238148244 12510992240878316 12510992710944440 12510993180416966
12510992709541300 12510992712227320 12510993181955598 12510993651784474 12510993180511264 12510993183330002 12510993653305850 12510994123528152
12510993651865372 12510993654613194 12510994125069356 12510994594307936 12510994123607684 12510994126434128 12510994595779866 12510995065775312
12510994594411894 12510994597057396 12510995067317018 12510995536934844 12510995065872928 12510995068704406 12510995538643766 12510996009473738

12510963711539064 12510963712662968 12510963716144340 12510964189513906 12510963712665776 12510963713750616 12510964190090384 12510964659245004
12510964189618946 12510964191462332 12510964660776114 12510965130924582 12510964659340160 12510964662265204 12510965132484092 12510965601738410
12510965131025818 12510965133770890 12510965603306480 12510966073411704 12510965601835958 12510965604659174 12510966074929698 12510966544464664
12510966073509302 12510966076278078 12510966546025880 12510967015777486 12510966544562890 12510966547296346 12510967017318642 12510967486533800
12510967015862210 12510967018644126 12510967488115888 12510967957454924 12510967486617542 12510967489482396 12510967959680956 12510968429491900
12510967957548952 12510967960947882 12510968431017762 12510968901257856 12510968429590186 12510968432373752 12510968902795450 12510969373528470
12510968901364050 12510968904092838 12510969375110440 12510969845664888 12510969373624192 12510969376466144 12510969847189626 12510970318193050
12510969845764858 12510969848505110 12510970319756486 12510970789736954 12510970318289896 12510970321077904 12510970791263222 12510971263092558
12510970789835028 12510970792588450 12510971264633396 12510971734908396 12510971263184860 12510971266014592 12510971736672096 12510972207198688

12511025826594692 12511025827708500 12511025831165686 12511026298820696 12511025827711398 12511025828785414 12511026356084486 12511026823404996
12511026298909740 12511026300307876 12511026823914520 12511027289965882 12511026823501314 12511026825483966 12511027291360728 12511027758044688
12511027290043528 12511027292745528 12511027759559556 12511028226092558 12511027758127246 12511027761058514 12511028227515260 12511028693739375
12511028226197978 12511028228992004 12511028695209370 12511029161593348 12511028693848686 12511028696699542 12511029163004616 12511029628898102
12511029161693206 12511029164463016 12511029630329238 12511030097004512 12511029628991608 12511029631742590 12511030098434272 12511030565043318
12511030097104726 12511030099772342 12511030566519874 12511031032952056 12511030565140140 12511030567913614 12511031034378446 12511031500452582
12511031033034638 12511031035756066 12511031501931014 12511031968306136 12511031500545566 12511031503390458 12511031969747396 12511032436360182
12511031968404622 12511031971163614 12511032439214082 12511032905215828 12511032436453810 12511032439171946 12511032906689198 12511033373468252
12511032905314268 12511032908057944 12511033374961170 12511033841139918 12511033373569920 12511033376382912 12511033842888476 12511034309506012

12511004520851394 12511004521949300 12511004525339272 12511005049765166 12511004521952654 12511004523014100 12511005050362938 12511005516947804
12511005049859338 12511005051761108 12511005518388024 12511005984977822 12511005517026112 12511005519840620 12511005986527898 12511006454550050
12511005985061990 12511005987818498 12511006456022788 12511006922179030 12511006454631104 12511006457458086 12511006923641706 12511007389621634
12511006922269764 12511006925002666 12511007391109336 12511007857990408 12511007389700754 12511007392516744 12511007859464496 12511008325872560
12511007858082624 12511007860825454 12511008327393914 12511008794317700 12511008325955946 12511008328835609 12511008795755040 12511009262207848
12511008794399934 12511008797089970 12511009263687978 12511009729926754 12511009262292920 12511009265027012 12511009731375990 12511010197023024
12511009730018062 12511009732713094 12511010198508554 12511010664774402 12511010197111194 12511010199901190 12511010666236054 12511011132943760
12511010664861406 12511010667599352 12511011134427336 12511011600787000 12511011133030162 12511011135828692 12511011602256360 12511012068837320
12511011600877200 12511011603633572 12511012070334192 12511012536675240 12511012068931706 12511012071766186 12511012538368362 12511013005229880

12510925580765384 12510925581861424 12510925585376730 12510926081021014 12510925581864460 12510925582947428 12510926081591858 12510926547580802
12510926081121972 12510926083016854 12510926549060646 12510927015561812 12510926547675644 12510926550503760 12510927017173558 12510927483890446
12510927015658718 12510927018530054 12510927485380100 12510927951863690 12510927483968470 12510927486757936 12510927953382002 12510928420338138
12510927951967820 12510927954673240 12510928421845456 12510928888065992 12510928420419584 12510928423265132 12510928889545986 12510929357361214
12510928888166944 12510928890894448 12510929358927338 12510929825123792 12510929357451964 12510929360269382 12510929826589650 12510930293130426
12510929825220798 12510929827917706 12510930294660238 12510930761019442 12510930293229658 12510930296034856 12510930762499482 12510931228327162
12510930761119288 12510930763784538 12510931229844102 12510931696741446 12510931228419182 12510931231247872 12510931698267750 12510932164108920
12510931696837634 12510931699570562 12510932165635990 12510932632432488 12510932164204904 12510932166987964 12510932633895838 12510933100185508
12510932632526402 12510932635201092 12510933101717692 12510933569132068 12510933100279076 12510933103096646 12510933570885660 12510934037250736

12511052660323780 12511052661440532 12511052664894936 12511053137738902 12511052661443982 12511052662534010 12511053138374344 12511053608795886
12511053137823060 12511053139720746 12511053610359374 12511054079805650 12511053608952584 12511053611813088 12511054081366370 12511054551364120
12511054079903878 12511054082712068 12511054552921784 12511055022570396 12511054551443008 12511054554367171 12511055024085612 12511055494164200
12511055022663108 12511055025456804 12511055495689686 12511055964946932 12511055494255058 12511055497127432 12511055966422536 12511056436941786
12511055965045476 12511055967781790 12511056438487854 12511056908398460 12511056437038652 12511056439892490 12511056909881586 12511057380145694
12511056908496814 12511056911235234 12511057381632486 12511057851647784 12511057380222860 12511057383079959 12511057853118116 12511058322184120
12511057851741896 12511057854463290 12511058323719912 12511058793898558 12511058322276188 12511058325163964 12511058795385152 12511059264503764
12511058793989314 12511058796756532 12511059266025516 12511059736480230 12511059264596864 12511059267386394 12511059737977074 12511060207670222
12511059736577396 12511059739318396 12511060209218486 12511060679500822 12511060207773408 12511060210650494 12511060681308401 12511061150891684
