25 3522
5 140721594076944 12511402461151546 12511402966367680 4 5 12511402966367726 12511403474240402
47926336315136 140721594076928 12511403474242784 12511403982829552 10 10 12511403982829566 12511404490938414
4 60 12511404490938832 12511404999958594 2667321352 4131212846 12511404999958608 12511405507354826
10 47926320799424 12511405507355862 12511406015991858 47926320630667 47926320630667 12511406015991872 12511406524005468
1952205948 0 12511406524005888 12511407033412538 140721594077088 47926320791264 12511407033412552 12511407541009024
47926320630667 47926320799016 12511407541011396 12511408049781354 140721594076816 140721594076896 12511408049781366 12511408556765164
47926338537248 47926320791264 12511408556822700 12511409066344786 47926336314824 47926338538272 12511409066344800 12511409573278112
140721594076672 47926320628820 12511409573278512 12511410083172980 47926320628820 47926338588984 12511410083172992 12511410590292520
47926336315040 47926336323128 12511410590292866 12511411099972304 140721594077088 140721594077168 12511411099972318 12511411607886382

5 140729678989312 12511447422960270 12511447894167334 4 5 12511447894167346 12511448371159174
47555149905664 140729678989296 12511448371161558 12511448848313138 10 10 12511448848313150 12511449331424576
4 60 12511449331424942 12511449802067880 2667321352 4131212846 12511449802067900 12511450262930416
10 47555134389952 12511450262930776 12511450740129478 47555134221195 47555134221195 12511450740129490 12511451219315870
1952205948 0 12511451219320308 12511451697413408 140729678989456 47555134381792 12511451697413420 12511452177609714
47555134221195 47555134389544 12511452177614506 12511452655521388 140729678989184 140729678989264 12511452655521400 12511453134025648
47555152127776 47555134381792 12511453134026030 12511453612377034 47555149905352 47555152128800 12511453612419886 12511454090473706
140729678989040 47555134219348 12511454090476114 12511454569458994 47555134219348 47555152179512 12511454569459006 12511455047637066
47555149905568 47555149913656 12511455047637694 12511455526454114 140729678989456 140729678989536 12511455526454126 12511456004960308

5 140735661366944 12511365109154318 12511365583332638 4 5 12511365583332684 12511366060787584
47866572386048 140735661366928 12511366060789980 12511366539613752 10 10 12511366539613764 12511367017221994
4 60 12511367017222414 12511367495783734 2667321352 4131212846 12511367495783746 12511367974059726
10 47866556870336 12511367974060142 12511368452852958 47866556701579 47866556701579 12511368452857846 12511368931113182
1952205948 0 12511368931113590 12511369409694344 140735661367088 47866556862176 12511369409694356 12511369887604108
47866556701579 47866556869928 12511369887604556 12511370366140230 140735661366816 140735661366896 12511370366156646 12511370844066636
47866574608160 47866556862176 12511370844067054 12511371322845730 47866572385736 47866574609184 12511371322897992 12511371800782942
140735661366672 47866556699732 12511371800785328 12511372278632926 47866556699732 47866574659896 12511372278638290 12511372757060630
47866572385952 47866572394040 12511372757061046 12511373234791708 140735661367088 140735661367168 12511373234791720 12511373713407612

5 140723526462000 12511392880496510 12511393353184768 4 5 12511393353184814 12511393830295766
46994510950144 140723526461984 12511393830296274 12511394310119854 10 10 12511394310119866 12511394788690694
4 60 12511394788691148 12511395267617370 2667321352 4131212846 12511395267617382 12511395746016620
10 46994495434432 12511395746017148 12511396225003732 46994495265675 46994495265675 12511396225003744 12511396703815842
1952205948 0 12511396703817538 12511397183152622 140723526462144 46994495426272 12511397183152634 12511397661937812
46994495265675 46994495434024 12511397661938292 12511398140445972 140723526461872 140723526461952 12511398140445984 12511398618702572
46994513172256 46994495426272 12511398618705028 12511399098050230 46994510949832 46994513173280 12511399098089956 12511399577017182
140723526461728 46994495263828 12511399577017656 12511400055105428 46994495263828 46994513223992 12511400055105440 12511400534647882
46994510950048 46994510958136 12511400534648390 12511401012801584 140723526462144 140723526462224 12511401012801596 12511401491789274

5 140720595280640 12511392214412338 12511392684227288 4 5 12511392684227300 12511393159017042
47274910867200 140720595280624 12511393159017376 12511393633870790 10 10 12511393633870836 12511394109062260
4 60 12511394109062640 12511394583948796 2667321352 4131212846 12511394583948808 12511395059563570
10 47274895351488 12511395059563908 12511395534227420 47274895182731 47274895182731 12511395534227432 12511396009748170
1952205948 0 12511396009748550 12511396484505662 140720595280784 47274895343328 12511396484505674 12511396960304208
47274895182731 47274895351080 12511396960304626 12511397435261214 140720595280512 140720595280592 12511397435261260 12511397910212200
47274913089312 47274895343328 12511397910212538 12511398385093822 47274910866888 47274913090336 12511398385109920 12511398860807280
140720595280368 47274895180884 12511398860807626 12511399335538292 47274895180884 47274913141048 12511399335538338 12511399810072156
47274910867104 47274910875192 12511399810072514 12511400285510320 140720595280784 140720595280864 12511400285510332 12511400760262436

5 140730284562000 12511420469862414 12511420942212104 4 5 12511420942212150 12511421418461380
47696737328896 140730284561984 12511421418463786 12511421895726122 10 10 12511421895726168 12511422371958720
4 60 12511422371959168 12511422849095364 2667321352 4131212846 12511422849095376 12511423326133284
10 47696721813184 12511423326135738 12511423803439368 47696721644427 47696721644427 12511423803439380 12511424281269448
1952205948 0 12511424281270102 12511424759299258 140730284562144 47696721805024 12511424759299304 12511425237225374
47696721644427 47696721812776 12511425237225838 12511425714961980 140730284561872 140730284561952 12511425714961992 12511426193585886
47696739551008 47696721805024 12511426193586328 12511426671324280 47696737328584 47696739552032 12511426671363962 12511427149893738
140730284561728 47696721642580 12511427149894170 12511427627765622 47696721642580 47696739602744 12511427627765634 12511428106503132
47696737328800 47696737336888 12511428106503574 12511428584486896 140730284562144 140730284562224 12511428584486908 12511429063307624

5 140725770998016 12511408087215200 12511408560195088 4 5 12511408560195134 12511409038075710
47632062787328 140725770998000 12511409038078100 12511409516750680 10 10 12511409516750726 12511409994622512
4 60 12511409994624866 12511410473412346 2667321352 4131212846 12511410473412358 12511410951704874
10 47632047271616 12511410951707278 12511411429868068 47632047102859 47632047102859 12511411429874248 12511411908662158
1952205948 0 12511411908662590 12511412386556320 140725770998160 47632047263456 12511412386556366 12511412865444582
47632047102859 47632047271208 12511412865446982 12511413342766520 140725770997888 140725770997968 12511413342766532 12511413821786356
47632065009440 47632047263456 12511413821788756 12511414300687104 47632062787016 47632065010464 12511414300728944 12511414779295836
140725770997744 47632047101012 12511414779298236 12511415257136856 47632047101012 47632065061176 12511415257136868 12511415735427446
47632062787232 47632062795320 12511415735427860 12511416213341144 140725770998160 140725770998240 12511416213341156 12511416692551628

5 140726568754336 12511332568382020 12511333069022054 4 5 12511333069022066 12511333571223288
47090431127296 140726568754320 12511333571223714 12511334077412346 10 10 12511334077412394 12511334580133124
4 60 12511334580135534 12511335084651872 2667321352 4131212846 12511335084651886 12511335587398380
10 47090415611584 12511335587398800 12511336091998014 47090415442827 47090415442827 12511336091998062 12511336596541580
1952205948 0 12511336596542010 12511337103327544 140726568754480 47090415603424 12511337103327558 12511337608663794
47090415442827 47090415611176 12511337608666186 12511338115567140 140726568754208 140726568754288 12511338115567154 12511338620661986
47090433349408 47090415603424 12511338620706676 12511339127835876 47090431126984 47090433350432 12511339127835888 12511339632154360
140726568754064 47090415440980 12511339632154778 12511340139752060 47090415440980 47090433401144 12511340139752106 12511340644733198
47090431127200 47090431135288 12511340644735580 12511341151352104 140726568754480 140726568754560 12511341151352118 12511341630054548

5 140724075880416 12511317475863652 12511317944103494 4 5 12511317944103540 12511318417521258
46922761121536 140724075880400 12511318417521840 12511318891804404 10 10 12511318891804416 12511319365320874
4 60 12511319365321386 12511319840001112 2667321352 4131212846 12511319840001124 12511320313359282
10 46922745605824 12511320313361762 12511320787661894 46922745437067 46922745437067 12511320787661906 12511321262110696
1952205948 0 12511321262113118 12511321737816008 140724075880560 46922745597664 12511321737816054 12511322213241550
46922745437067 46922745605416 12511322213242026 12511322688990232 140724075880288 140724075880368 12511322688990278 12511323163906446
46922763343648 46922745597664 12511323163907016 12511323640092018 46922761121224 46922763344672 12511323640131476 12511324115173850
140724075880144 46922745435220 12511324115174332 12511324590300434 46922745435220 46922763395384 12511324590300446 12511325066338136
46922761121440 46922761129528 12511325066340574 12511325541233078 140724075880560 140724075880640 12511325541233090 12511326016789210

5 140730520924304 12511318640272260 12511319113890472 4 5 12511319113890484 12511319592439686
47543719022336 140730520924288 12511319592442130 12511320071202372 10 10 12511320071202384 12511320550031704
4 60 12511320550032184 12511321027935822 2667321352 4131212846 12511321027935834 12511321506699810
10 47543703506624 12511321506700288 12511321984927562 47543703337867 47543703337867 12511321984927574 12511322464365626
1952205948 0 12511322464366102 12511322942466716 140730520924448 47543703498464 12511322942466728 12511323421627440
47543703337867 47543703506216 12511323421627900 12511323899683814 140730520924176 140730520924256 12511323899683826 12511324378090700
47543721244448 47543703498464 12511324378091200 12511324855915398 47543719022024 47543721245472 12511324855958362 12511325334874200
140730520924032 47543703336020 12511325334876658 12511325813182462 47543703336020 47543721296184 12511325813182474 12511326291582108
47543719022240 47543719030328 12511326291582548 12511326770324618 140730520924448 140730520924528 12511326770324630 12511327248434002

5 140733808997200 12511443578975452 12511444050987524 4 5 12511444050987536 12511444529457336
47848328949504 140733808997184 12511444529457760 12511445006638984 10 10 12511445006639030 12511445484424026
4 60 12511445484426406 12511445962717644 2667321352 4131212846 12511445962717690 12511446441592602
10 47848313433792 12511446441593076 12511446920039666 47848313265035 47848313265035 12511446920039678 12511447399263764
1952205948 0 12511447399264196 12511447877298994 140733808997344 47848313425632 12511447877299040 12511448356421654
47848313265035 47848313433384 12511448356422180 12511448834059436 140733808997072 140733808997152 12511448834059448 12511449312984536
47848331171616 47848313425632 12511449312984984 12511449791244544 47848328949192 47848331172640 12511449791281688 12511450270095372
140733808996928 47848313263188 12511450270095836 12511450748021254 47848313263188 47848331223352 12511450748021266 12511451226654132
47848328949408 47848328957496 12511451226654548 12511451704418652 140733808997344 140733808997424 12511451704418664 12511452182825202

5 140721865584256 12511337244796126 12511337716662392 4 5 12511337716662404 12511338193191530
47077751078656 140721865584240 12511338193191934 12511338672075252 10 10 12511338672075264 12511339150377568
4 60 12511339150377984 12511339628071190 2667321352 4131212846 12511339628071202 12511340106829892
10 47077735562944 12511340106830430 12511340585087236 47077735394187 47077735394187 12511340585087248 12511341064265348
1952205948 0 12511341064267726 12511341542334540 140721865584400 47077735554784 12511341542334552 12511342021413574
47077735394187 47077735562536 12511342021416018 12511342499494244 140721865584128 140721865584208 12511342499494256 12511342978747670
47077753300768 47077735554784 12511342978748088 12511343457374326 47077751078344 47077753301792 12511343457412870 12511343936589226
140721865583984 47077735392340 12511343936589596 12511344414527706 47077735392340 47077753352504 12511344414527718 12511344892984174
47077751078560 47077751086648 12511344892986558 12511345371299426 140721865584400 140721865584480 12511345371299438 12511345850466336

5 140726349271840 12511276333819900 12511276837615682 4 5 12511276837615696 12511277341497412
47248869134080 140726349271824 12511277341499814 12511277849443046 10 10 12511277849443094 12511278353611956
4 60 12511278353614392 12511278851035468 2667321352 4131212846 12511278851035480 12511279327667728
10 47248853618368 12511279327668158 12511279805479912 47248853449611 47248853449611 12511279805479924 12511280283394104
1952205948 0 12511280283394552 12511280761983008 140726349271984 47248853610208 12511280761983054 12511281240441232
47248853449611 47248853617960 12511281240441640 12511281718404334 140726349271712 140726349271792 12511281718404346 12511282195867370
47248871356192 47248853610208 12511282195867800 12511282674961270 47248869133768 47248871357216 12511282675003290 12511283152979048
140726349271568 47248853447764 12511283152979478 12511283631967716 47248853447764 47248871407928 12511283631967728 12511284110192860
47248869133984 47248869142072 12511284110195260 12511284588886598 140726349271984 140726349272064 12511284588886610 12511285066976040

5 140726380280928 12511265225014378 12511265727304246 4 5 12511265727304260 12511266233470892
47199482912512 140726380280912 12511266233471322 12511266742290362 10 10 12511266742290376 12511267247553590
4 60 12511267247554062 12511267755160814 2667321352 4131212846 12511267755160828 12511268259807610
10 47199467396800 12511268259808418 12511268767365588 47199467228043 47199467228043 12511268767365602 12511269272491066
1952205948 0 12511269272491516 12511269779801282 140726380281072 47199467388640 12511269779801294 12511270268098468
47199467228043 47199467396392 12511270268098962 12511270743515874 140726380280800 140726380280880 12511270743515920 12511271218636292
47199485134624 47199467388640 12511271218636724 12511271695115416 47199482912200 47199485135648 12511271695161006 12511272170467578
140726380280656 47199467226196 12511272170468006 12511272646553314 47199467226196 47199485186360 12511272646553326 12511273121753966
47199482912416 47199482920504 12511273121754478 12511273597384704 140726380281072 140726380281152 12511273597384716 12511274072582254

5 140728061673808 12511311564167628 12511312035618650 4 5 12511312035618662 12511312512323960
47301416746752 140728061673792 12511312512324378 12511312989890496 10 10 12511312989890508 12511313466398012
4 60 12511313466398410 12511313943724246 2667321352 4131212846 12511313943724258 12511314420602818
10 47301401231040 12511314420605186 12511314897879782 47301401062283 47301401062283 12511314897879794 12511315374523536
1952205948 0 12511315374523962 12511315852357516 140728061673952 47301401222880 12511315852357528 12511316329270934
47301401062283 47301401230632 12511316329271332 12511316806406774 140728061673680 140728061673760 12511316806406786 12511317282825158
47301418968864 47301401222880 12511317282827476 12511317761514838 47301416746440 47301418969888 12511317761552464 12511318239923864
140728061673536 47301401060436 12511318239924300 12511318718683736 47301401060436 47301419020600 12511318718683782 12511319196870384
47301416746656 47301416754744 12511319196870802 12511319675415976 140728061673952 140728061674032 12511319675415988 12511320153745092

5 140723353339008 12511323384490332 12511323889192038 4 5 12511323889192050 12511324396767890
47206671748864 140723353338992 12511324396770256 12511324906715310 10 10 12511324906715324 12511325414897422
4 60 12511325414899804 12511325923784184 2667321352 4131212846 12511325923784230 12511326431730682
10 47206656233152 12511326431731078 12511326940857018 47206656064395 47206656064395 12511326940857032 12511327449083946
1952205948 0 12511327449086316 12511327958413020 140723353339152 47206656224992 12511327958413032 12511328467121632
47206656064395 47206656232744 12511328467124004 12511328976272354 140723353338880 140723353338960 12511328976272368 12511329483514464
47206673970976 47206656224992 12511329483561460 12511329993360202 47206671748552 47206673972000 12511329993360214 12511330500540740
140723353338736 47206656062548 12511330500543118 12511330993268520 47206656062548 47206674022712 12511330993268532 12511331471198640
47206671748768 47206671756856 12511331471199070 12511331949928876 140723353339152 140723353339232 12511331949928888 12511332428261912

5 140731814307360 12511366486689298 12511366959919375 4 5 12511366959919393 12511367437953814
47557728620288 140731814307344 12511367437954164 12511367898004308 10 10 12511367898004320 12511368369762144
4 60 12511368369764524 12511368846039300 2667321352 4131212846 12511368846039312 12511369322877000
10 47557713104576 12511369322877318 12511369799619032 47557712935819 47557712935819 12511369799619044 12511370277118744
1952205948 0 12511370277119146 12511370753356320 140731814307504 47557713096416 12511370753356332 12511371230671662
47557712935819 47557713104168 12511371230674054 12511371706790480 140731814307232 140731814307312 12511371706790492 12511372184142700
47557730842400 47557713096416 12511372184145086 12511372661757308 47557728619976 47557730843424 12511372661797018 12511373140536812
140731814307088 47557712933972 12511373140537232 12511373618247710 47557712933972 47557730894136 12511373618247756 12511374096500134
47557728620192 47557728628280 12511374096500504 12511374578700668 140731814307504 140731814307584 12511374578700680 12511375061885306

5 140732710238832 3146622815359160 3146623286557926 4 5 3146623286557938 3146623762837782
47202157629184 140732710238816 3146623762840290 3146624239045036 10 10 3146624239045048 3146624715893638
4 60 3146624715894492 3146625192374362 2667321352 4131212846 3146625192374374 3146625669255220
10 47202142113472 3146625669255656 3146626145862714 47202141944715 47202141944715 3146626145862726 3146626623239496
1952205948 0 3146626623240008 3146627100463082 140732710238976 47202142105312 3146627100463094 3146627578753026
47202141944715 47202142113064 3146627578753440 3146628056145014 140732710238704 140732710238784 3146628056145026 3146628534130494
47202159851296 47202142105312 3146628534130868 3146629012225690 47202157628872 47202159852320 3146629012262902 3146629490740518
140732710238560 47202141942868 3146629490740968 3146629969327436 47202141942868 47202159903032 3146629969327482 3146630447489948
47202157629088 47202157637176 3146630447492338 3146630925176718 140732710238976 140732710239056 3146630925176730 3146631403865044

5 140729193697040 12511340972261336 12511341442570532 4 5 12511341442570544 12511341917439032
47662891015936 140729193697024 12511341917443210 12511342393238024 10 10 12511342393238070 12511342868450284
4 60 12511342868450690 12511343343896262 2667321352 4131212846 12511343343896274 12511343819130406
10 47662875500224 12511343819132786 12511344294613844 47662875331467 47662875331467 12511344294613856 12511344769784822
1952205948 0 12511344769787236 12511345244636548 140729193697184 47662875492064 12511345244636560 12511345720852254
47662875331467 47662875499816 12511345720852762 12511346195727056 140729193696912 140729193696992 12511346195727068 12511346671746742
47662893238048 47662875492064 12511346671747312 12511347147211202 47662891015624 47662893239072 12511347147253882 12511347623136843
140729193696768 47662875329620 12511347623137339 12511348098660528 47662875329620 47662893289784 12511348098660540 12511348574794066
47662891015840 47662891023928 12511348574796550 12511349051510836 140729193697184 140729193697264 12511349051510882 12511349527249066

5 140735122234976 12511290683748764 12511291154985814 4 5 12511291154985860 12511291630950536
46988227948288 140735122234960 12511291630953000 12511292108762994 10 10 12511292108763006 12511292585505130
4 60 12511292585505552 12511293062654250 2667321352 4131212846 12511293062654262 12511293539107886
10 46988212432576 12511293539108286 12511294016853034 46988212263819 46988212263819 12511294016853080 12511294494832920
1952205948 0 12511294494833376 12511294973346218 140735122235120 46988212424416 12511294973346230 12511295451140264
46988212263819 46988212432168 12511295451140728 12511295929334714 140735122234848 140735122234928 12511295929334760 12511296406864288
46988230170400 46988212424416 12511296406864726 12511296885099694 46988227947976 46988230171424 12511296885139952 12511297362936410
140735122234704 46988212261972 12511297362936842 12511297841132600 46988212261972 46988230222136 12511297841132646 12511298318735494
46988227948192 46988227956280 12511298318735848 12511298796289816 140735122235120 140735122235200 12511298796289862 12511299274656900

5 140720957071376 12511266877592878 12511267350313080 4 5 12511267350313126 12511267828203438
47673397747456 140720957071360 12511267828203870 12511268306978542 10 10 12511268306978554 12511268785208832
4 60 12511268785209336 12511269263908696 2667321352 4131212846 12511269263914394 12511269742227250
10 47673382231744 12511269742229024 12511270220770668 47673382062987 47673382062987 12511270220770680 12511270698817362
1952205948 0 12511270698817884 12511271177388582 140720957071520 47673382223584 12511271177388594 12511271655746528
47673382062987 47673382231336 12511271655747058 12511272134086636 140720957071248 140720957071328 12511272134086648 12511272612360386
47673399969568 47673382223584 12511272612360834 12511273090568372 47673397747144 47673399970592 12511273090613850 12511273569454172
140720957071104 47673382061140 12511273569454620 12511274047914288 47673382061140 47673400021304 12511274047914300 12511274526958666
47673397747360 47673397755448 12511274526959186 12511275004657300 140720957071520 140720957071600 12511275004657312 12511275483313058

5 140731230914480 12511328994259288 12511329464233194 4 5 12511329464233206 12511329938599438
46977906216704 140731230914464 12511329938599928 12511330415249220 10 10 12511330415249232 12511330889877950
4 60 12511330889878624 12511331365707750 2667321352 4131212846 12511331365707762 12511331840660950
10 46977890700992 12511331840661346 12511332315953146 46977890532235 46977890532235 12511332315953192 12511332790528908
1952205948 0 12511332790529422 12511333265910326 140731230914624 46977890692832 12511333265910338 12511333741019792
46977890532235 46977890700584 12511333741022236 12511334215949690 140731230914352 140731230914432 12511334215949702 12511334690518758
46977908438816 46977890692832 12511334690521126 12511335165643458 46977906216392 46977908439840 12511335165684988 12511335641397814
140731230914208 46977890530388 12511335641400208 12511336116526836 46977890530388 46977908490552 12511336116526848 12511336592182998
46977906216608 46977906224696 12511336592183506 12511337066874246 140731230914624 140731230914704 12511337066874258 12511337542312970

5 140735687183856 12511307688012974 12511308189150968 4 5 12511308189150980 12511308691309708
47228139409152 140735687183840 12511308691310220 12511309195869770 10 10 12511309195869818 12511309683849300
4 60 12511309683849786 12511310158022272 2667321352 4131212846 12511310158022284 12511310632934798
10 47228123893440 12511310632935306 12511311107977456 47228123724683 47228123724683 12511311107977468 12511311583296642
1952205948 0 12511311583297018 12511312058948674 140735687184000 47228123885280 12511312058948686 12511312534785678
47228123724683 47228123893032 12511312534786104 12511313010492298 140735687183728 140735687183808 12511313010492310 12511313485494526
47228141631264 47228123885280 12511313485496926 12511313961740586 47228139408840 47228141632288 12511313961777994 12511314436425886
140735687183584 47228123722836 12511314436426384 12511314912302722 47228123722836 47228141683000 12511314912302734 12511315387903500
47228139409056 47228139417144 12511315387905946 12511315863405948 140735687184000 140735687184080 12511315863405960 12511316338202340

5 140730613777456 12511228746162794 12511229214368606 4 5 12511229214368618 12511229688903040
47693717626624 140730613777440 12511229688903544 12511230162823592 10 10 12511230162823638 12511230637450578
4 60 12511230637451046 12511231111445000 2667321352 4131212846 12511231111445012 12511231586090396
10 47693702119104 12511231586090920 12511232060434494 47693701942155 47693701942155 12511232060434506 12511232535843282
1952205948 0 12511232535843796 12511233011051278 140730613777600 47693702110944 12511233011051290 12511233487240844
47693701942155 47693702118696 12511233487243254 12511233962097590 140730613777328 140730613777408 12511233962097602 12511234437103474
47693719848736 47693702110944 12511234437103970 12511234913284214 47693717626312 47693719849760 12511234913327428 12511235388485224
140730613777184 47693701940308 12511235388485696 12511235864140278 47693701940308 47693719900472 12511235864140290 12511236339455188
47693717626528 47693717634616 12511236339455614 12511236814878928 140730613777600 140730613777680 12511236814878940 12511237290152632

5 140735126198272 12511355828856052 12511356299839300 4 5 12511356299839346 12511356778146706
47460030820096 140735126198256 12511356778149108 12511357254840476 10 10 12511357254840488 12511357731665216
4 60 12511357731666964 12511358208234518 2667321352 4131212846 12511358208234564 12511358685384650
10 47460015304384 12511358685385042 12511359161697844 47460015135627 47460015135627 12511359161697856 12511359639139472
1952205948 0 12511359639139992 12511360116072192 140735126198416 47460015296224 12511360116072204 12511360595169086
47460015135627 47460015303976 12511360595169550 12511361072475204 140735126198144 140735126198224 12511361072475216 12511361549592992
47460033042208 47460015296224 12511361549593390 12511362027764160 47460030819784 47460033043232 12511362027819714 12511362504830684
140735126198000 47460015133780 12511362504831228 12511362983414680 47460015133780 47460033093944 12511362983414692 12511363461091736
47460030820000 47460030828088 12511363461092204 12511363939158512 140735126198416 140735126198496 12511363939160222 12511364416721850
