25 3330
12511364845308306 12511364845330542 12511364852232264 12511365321322894 12511364845332320 12511364851000858 12511365337263852 12511365806962694
12511365321418046 12511365322995756 12511365825420254 12511366296152248 12511365807061330 12511365807650386 12511366325912680 12511366797100345
12511366296196704 12511366297620449 12511366805978222 12511367261827718 12511366797196609 12511366797765445 12511367282482416 12511367744319161
12511367261870820 12511367263887204 12511367758319572 12511368227045886 12511367744400858 12511367744978710 12511368238649906 12511368707637448
12511368227140502 12511368228732488 12511368714552840 12511369184357684 12511368707734594 12511368709077992 12511369190723104 12511369659825382
12511369184445990 12511369189198376 12511369670344194 12511370139920610 12511369659918066 12511369663453940 12511370145419572 12511370614344896
12511370140005634 12511370143189926 12511370626053532 12511371095875364 12511370614428184 12511370616224628 12511371100892160 12511371569979276
12511371095965490 12511371096859170 12511371581139090 12511372050858118 12511371570082740 12511371571751520 12511372058464726 12511372527472710
12511372050960326 12511372053341514 12511372537016356 12511373006969824 12511372527608410 12511372529101346 12511373015895308 12511373485161368

12511409806932030 12511409806952008 12511409815351896 12511410285927556 12511409806954200 12511409809640912 12511410341064332 12511410810588856
12511410286010882 12511410289747576 12511410813308342 12511411283859008 12511410810684828 12511410812330958 12511411292379532 12511411761945684
12511411283953572 12511411288644230 12511411770292840 12511412240448414 12511411762024946 12511411765571366 12511412246143906 12511412715536396
12511412240540582 12511412244679636 12511412725716484 12511413195581838 12511412715620730 12511412718479478 12511413201675427 12511413671666506
12511413195666722 12511413200402238 12511413676854544 12511414146540788 12511413671742846 12511413676668316 12511414157188130 12511414627863804
12511414146637052 12511414149645912 12511414634034620 12511415103836992 12511414627951882 12511414633996808 12511415111986126 12511415582877314
12511415103931014 12511415107226736 12511415588907632 12511416059207102 12511415582958088 12511415588227606 12511416066356009 12511416537609860
12511416059301838 12511416062788202 12511416543774473 12511417015817138 12511416537716254 12511416541664809 12511417021698964 12511417493942998
12511417015921940 12511417020518081 12511417500310863 12511417973208482 12511417494123829 12511417500302348 12511417979228952 12511418451168168

12511327493372066 12511327493394722 12511327502724610 12511327971552690 12511327493397156 12511327496231528 12511328025703932 12511328494976298
12511327971639302 12511327972006264 12511328500509974 12511328969427512 12511328495067054 12511328495309808 12511328974732008 12511329443181990
12511328969527628 12511328971394578 12511329452275696 12511329921999710 12511329443262406 12511329448548322 12511329931154366 12511330400172630
12511329922083862 12511329924744576 12511330407400426 12511330877521592 12511330400268628 12511330400837832 12511330886940482 12511331356410094
12511330877606378 12511330878906732 12511331362742270 12511331832517922 12511331356487798 12511331357744202 12511331838388874 12511332307719712
12511331832618206 12511331837274292 12511332318961742 12511332789351424 12511332307804408 12511332309102836 12511332795689514 12511333264515174
12511332789452540 12511332793395450 12511333273320094 12511333743393142 12511333264613880 12511333265853640 12511333750598550 12511334219796334
12511333743486778 12511333747390736 12511334227966714 12511334697413200 12511334219895462 12511334222467182 12511334707065978 12511335175822900
12511334697501286 12511334698841998 12511335185213596 12511335654879638 12511335175960994 12511335177305828 12511335665381972 12511336134191980

12511355264638572 12511355264657406 12511355273001182 12511355742408646 12511355264659744 12511355269787780 12511355755474982 12511356224643554
12511355742508594 12511355743954578 12511356245924920 12511356714889626 12511356224735852 12511356225285490 12511356744273218 12511357213251386
12511356714982806 12511356717416086 12511357218454424 12511357687653150 12511357213345234 12511357214413726 12511357697877260 12511358172844575
12511357687748686 12511357689970692 12511358176813491 12511358638203714 12511358172880539 12511358175169994 12511358652468750 12511359099774670
12511358638296620 12511358639042223 12511359131487618 12511359595771650 12511359099812332 12511359100373408 12511359607327686 12511360076759926
12511359595852112 12511359596442222 12511360083714772 12511360553944782 12511360076851666 12511360076929164 12511360563804816 12511361033054308
12511360553988200 12511360556535462 12511361040729110 12511361510506230 12511361033133126 12511361033234848 12511361517798204 12511361986784010
12511361510605780 12511361511168218 12511361995643170 12511362465317522 12511361986872078 12511361988305348 12511362472475274 12511362941433850
12511362465417830 12511362465987314 12511362951090088 12511363421677340 12511362941571330 12511362944099710 12511363429312244 12511363898730296

12511354598548838 12511354598567682 12511354605166442 12511355085908240 12511354598569842 12511354602052105 12511355108475052 12511355574422968
12511355086014296 12511355090415678 12511355580996488 12511356048908180 12511355574510962 12511355580924788 12511356071834188 12511356537520120
12511356048957770 12511356049341304 12511356545740858 12511357012455894 12511356537609764 12511356537679878 12511357028221378 12511357494252806
12511357012544624 12511357014034128 12511357509026318 12511357975460510 12511357494339956 12511357494498090 12511357984009142 12511358450113392
12511357975557650 12511357976092442 12511358462230986 12511358928689488 12511358450191256 12511358451281358 12511358942332418 12511359407962242
12511358928785982 12511358929630782 12511359417750210 12511359883996394 12511359408062520 12511359408622438 12511359896340246 12511360362396816
12511359884085724 12511359885120746 12511360376232296 12511360842272724 12511360362485882 12511360363356208 12511360849639048 12511361317207866
12511360842357486 12511360842444118 12511361330951202 12511361796824706 12511361317292230 12511361318045096 12511361806063962 12511362272793506
12511361796925950 12511361797335832 12511362285045840 12511362751029464 12511362272922624 12511362273214812 12511362763400062 12511363230108766

12511382853923078 12511382853941092 12511382860975462 12511383332272358 12511382853943568 12511382853963246 12511383362244726 12511383831115632
12511383332319942 12511383334051088 12511383836791632 12511384306700266 12511383831222100 12511383831316966 12511384326869292 12511384795336966
12511384306806890 12511384308690130 12511384809475108 12511385279299084 12511384795422854 12511384796005594 12511385287749120 12511385756663666
12511385279396948 12511385282058704 12511385770794674 12511386241490646 12511385756757526 12511385759344762 12511386249766004 12511386719835022
12511386241583838 12511386242392996 12511386726691244 12511387197414980 12511386719936982 12511386724611392 12511387203613166 12511387673982478
12511387197517628 12511387200612748 12511387679583592 12511388149927062 12511387674078364 12511387678800170 12511388158155512 12511388628065522
12511388150068810 12511388152035632 12511388635804354 12511389106746572 12511388628162024 12511388630905748 12511389112758632 12511389582828334
12511389106834374 12511389108056234 12511389590026208 12511390060748670 12511389582918604 12511389584565882 12511390066951892 12511390536953670
12511390060856450 12511390061683560 12511390544731540 12511391015447890 12511390537090020 12511390537204296 12511391020883034 12511391490627742

12511370471258332 12511370471273874 12511370479520890 12511370961656530 12511370471276230 12511370471334558 12511370993521708 12511371463448598
12511370961757158 12511370963694066 12511371467556298 12511371938059988 12511371463550326 12511371464095338 12511371952911422 12511372422829264
12511371938103360 12511371943152024 12511372431828590 12511372901945026 12511372422928568 12511372423475516 12511372914440404 12511373384221880
12511372902043562 12511372902889716 12511373389936934 12511373860304242 12511373384319800 12511373389775008 12511373869720398 12511374339895964
12511373860348918 12511373863181606 12511374346363394 12511374817152760 12511374339984228 12511374342972666 12511374821634404 12511375291532312
12511374817256248 12511374821378400 12511375298743976 12511375769767958 12511375291632998 12511375297359182 12511375776544904 12511376246697750
12511375769868778 12511375776351807 12511376254937250 12511376725362616 12511376246797672 12511376249059552 12511376730767058 12511377200469686
12511376725457026 12511376730630272 12511377208174590 12511377678486204 12511377200563076 12511377202422616 12511377685989468 12511378155980710
12511377678585220 12511377685404386 12511378164565862 12511378634536604 12511378156113290 12511378157387974 12511378642884440 12511379113562246

12511294952703628 12511294952721384 12511294959961018 12511295471608718 12511294952723616 12511294952962594 12511295477195166 12511295943448706
12511295471696706 12511295476302612 12511295952448122 12511296418117848 12511295943548936 12511295943728242 12511296433575442 12511296899735808
12511296418219222 12511296418936138 12511296907976918 12511297373600308 12511296899828626 12511296899956312 12511297384626238 12511297851494566
12511297373704336 12511297375835496 12511297870543768 12511298335948848 12511297851580562 12511297852797162 12511298346621664 12511298813215442
12511298336048342 12511298336562836 12511298825376836 12511299291220562 12511298813309194 12511298815643848 12511299302189832 12511299769212190
12511299291315810 12511299292564868 12511299778269844 12511300243873848 12511299769310422 12511299770566998 12511300256657524 12511300723016334
12511300243954246 12511300245197040 12511300732716178 12511301198637230 12511300723113396 12511300723292548 12511301210129034 12511301675730468
12511301198740526 12511301199304484 12511301686648376 12511302152452268 12511301675816802 12511301676919822 12511302165832766 12511302631691004
12511302152557370 12511302153591008 12511302640894690 12511303107523766 12511302631828456 12511302631932456 12511303119652474 12511303585611648

12511279860179650 12511279860194006 12511279868065830 12511280335364404 12511279860196604 12511279864228772 12511280383919628 12511280857566469
12511280335467142 12511280336938882 12511280859988392 12511281325100211 12511280857608089 12511280858855203 12511281334209395 12511281785229150
12511281325179543 12511281327673490 12511281807444254 12511282273423738 12511281785326586 12511281786320324 12511282290043118 12511282758441462
12511282273523812 12511282274914498 12511282771266318 12511283238762866 12511282758538162 12511282758674012 12511283241434932 12511283710656404
12511283238862416 12511283239836250 12511283726675246 12511284194079864 12511283710743984 12511283712134894 12511284203449954 12511284671436424
12511284194180284 12511284195413952 12511284681506178 12511285148743158 12511284671529590 12511284673588572 12511285158107874 12511285625746014
12511285148844358 12511285150954722 12511285636440366 12511286105343090 12511285625846306 12511285626889990 12511286112989256 12511286580670490
12511286105429800 12511286105540634 12511286591691884 12511287059854764 12511286580772904 12511286581606486 12511287069269258 12511287536846188
12511287059957920 12511287060058906 12511287546042280 12511288014468560 12511287536990688 12511287537849102 12511288022584174 12511288490829974

12511281024566588 12511281024580696 12511281032053512 12511281527925956 12511281024582920 12511281027216004 12511281535055444 12511282003605124
12511281528022472 12511281534564714 12511282022123884 12511282491692524 12511282003704952 12511282005482302 12511282498896392 12511282967470232
12511282491782472 12511282495258744 12511282971813868 12511283441825796 12511282967561994 12511282971831433 12511283453431642 12511283922637534
12511283441863610 12511283445620066 12511283930753908 12511284400351426 12511283922722392 12511283923746834 12511284415603466 12511284886146498
12511284400458548 12511284401009038 12511284893942508 12511285363646778 12511284886244874 12511284887502190 12511285371424624 12511285842280066
12511285363747246 12511285366523922 12511285848197342 12511286318309610 12511285842356208 12511285843627084 12511286326334820 12511286796961640
12511286318407948 12511286320509122 12511286802241006 12511287272073896 12511286797008482 12511286801513972 12511287281631334 12511287752064180
12511287272169436 12511287273554794 12511287759094918 12511288228763752 12511287752167866 12511287756751548 12511288235830808 12511288706563052
12511288228869198 12511288231562640 12511288712057018 12511289182336028 12511288706679022 12511288710672980 12511289189747156 12511289660522924

12511405962980084 12511405962997252 12511405970361582 12511406461873610 12511405962999328 12511405963079674 12511406468994618 12511406938039128
12511406461922962 12511406467479022 12511406946454696 12511407416518618 12511406938128464 12511406939829112 12511407425157786 12511407894658210
12511407416618954 12511407418912160 12511407903528150 12511408373352072 12511407894753008 12511407895853668 12511408404629962 12511408873561336
12511408373453840 12511408375396932 12511408879836454 12511409349452098 12511408873658848 12511408874251338 12511409360911736 12511409830104086
12511409349495982 12511409350176870 12511409836757190 12511410306067784 12511409830200658 12511409831454940 12511410312285296 12511410781507992
12511410306169468 12511410308320012 12511410788646400 12511411257621068 12511410781584402 12511410783923322 12511411265382788 12511411735043088
12511411257670830 12511411259779556 12511411745917350 12511412214831608 12511411735143364 12511411738045400 12511412222414864 12511412691900992
12511412214930272 12511412216936240 12511412698743452 12511413168222088 12511412692003420 12511412695105874 12511413176483546 12511413646167376
12511413168308922 12511413170899428 12511413652124506 12511414121232854 12511413646306658 12511413647607472 12511414130028626 12511414599723894

12511299629014988 12511299629032958 12511299637282202 12511300121350706 12511299629035356 12511299634493304 12511300131523092 12511300601049498
12511300121452904 12511300121675374 12511300607968336 12511301078558016 12511300601152462 12511300601227586 12511301119848980 12511301589109972
12511301078658536 12511301080606514 12511301593809234 12511302064869268 12511301589200462 12511301589463638 12511302072468072 12511302541811920
12511302064967052 12511302067725028 12511302548860436 12511303024688860 12511302541895732 12511302542891280 12511303027636651 12511303495376232
12511303024731564 12511303027612467 12511303504100848 12511303957968928 12511303495410826 12511303495473603 12511303981853142 12511304450457276
12511303958059214 12511303958144994 12511304457724020 12511304928014838 12511304450553396 12511304453557374 12511304936562288 12511305406123236
12511304928115886 12511304931500944 12511305412819581 12511305883640610 12511305406211216 12511305412695256 12511305890798434 12511306360657508
12511305883732650 12511305886306744 12511306367148314 12511306837057976 12511306360757862 12511306365131900 12511306843636456 12511307313987264
12511306837154418 12511306839615934 12511307322384490 12511307792001264 12511307314117002 12511307318040444 12511307802264860 12511308272343468

12511238718235026 12511238718249926 12511238725573408 12511239210309196 12511238718252352 12511238718316072 12511239242774126 12511239711917320
12511239210364584 12511239210837262 12511239715299746 12511240185860192 12511239711974286 12511239712097030 12511240200723662 12511240670973922
12511240186003556 12511240192493866 12511240680648360 12511241151363592 12511240671071164 12511240672162216 12511241159981984 12511241630553842
12511241151464712 12511241153943426 12511241637319406 12511242107754192 12511241630648316 12511241633915936 12511242115247920 12511242585177284
12511242107837506 12511242110817598 12511242592654810 12511243063182384 12511242585275630 12511242588360104 12511243068491012 12511243538127714
12511243063288358 12511243067377780 12511243544744544 12511244015836450 12511243538224664 12511243542425378 12511244021475102 12511244491600942
12511244015930376 12511244021265740 12511244500118426 12511244970559994 12511244491699588 12511244494738250 12511244979327192 12511245449955660
12511244970605734 12511244973480544 12511245455293878 12511245925073412 12511245450034262 12511245453361190 12511245931326228 12511246401876348
12511245925159320 12511245930722202 12511246409390656 12511246879530516 12511246402019728 12511246404579414 12511246884775128 12511247355638166

12511227609462466 12511227609478556 12511227617263172 12511228117539294 12511227609481715 12511227612709052 12511228122141070 12511228589118876
12511228117637746 12511228121926010 12511228606717046 12511229073726752 12511228589206170 12511228590446274 12511229082429080 12511229549984662
12511229073827108 12511229076903596 12511229565282562 12511230032489446 12511229550069096 12511229551993780 12511230045336172 12511230513247776
12511230032594868 12511230033468170 12511230525176264 12511230992430566 12511230513345578 12511230515696532 12511231002338240 12511231470388440
12511230992532764 12511230993088638 12511231480358104 12511231946997646 12511231470479524 12511231471370410 12511231959247420 12511232427080506
12511231947098114 12511231947928908 12511232433809434 12511232900697134 12511232427183264 12511232427753578 12511232910715940 12511233378523170
12511232900800828 12511232901372316 12511233387538594 12511233854510054 12511233378624994 12511233379605172 12511233864840272 12511234332208262
12511233854615170 12511233855628578 12511234345609756 12511234812586294 12511234332298588 12511234333079712 12511234820723290 12511235288333064
12511234812689768 12511234813262390 12511235298786552 12511235766426842 12511235288477812 12511235289704806 12511235774301386 12511236242233836

12511273948442344 12511273948458810 12511273956726376 12511274426844016 12511273948461202 12511273949301576 12511274459296484 12511274928872526
12511274426888240 12511274427256578 12511274934389702 12511275403586616 12511274928975452 12511274933411258 12511275415760224 12511275885312018
12511275403691984 12511275405836572 12511275896067216 12511276364930850 12511275885413598 12511275887906534 12511276371855124 12511276841853910
12511276365036460 12511276365642378 12511276862546762 12511277332689904 12511276841952072 12511276842780780 12511277338952686 12511277808888378
12511277332787170 12511277333331698 12511277818045638 12511278287218542 12511277808983298 12511277809695246 12511278296526026 12511278766960562
12511278287316988 12511278291307228 12511278771852122 12511279241194110 12511278767050296 12511278767626178 12511279247333576 12511279717067988
12511279241278876 12511279243083730 12511279724088124 12511280194208448 12511279717113614 12511279720379552 12511280203196422 12511280673846974
12511280194303614 12511280196917930 12511280680828694 12511281151202678 12511280673931752 12511280676403590 12511281158103128 12511281627747846
12511281151337628 12511281151900274 12511281635767534 12511282105663730 12511281627880382 12511281629629854 12511282110815578 12511282579850156

12511285768769106 12511285768787902 12511285776117652 12511286246330472 12511285768789978 12511285771652818 12511286274794216 12511286743888494
12511286246433120 12511286248052446 12511286747410354 12511287218051336 12511286743988038 12511286744517584 12511287258267376 12511287727770614
12511287218134924 12511287219425260 12511287734881743 12511288204060268 12511287727863382 12511287729780548 12511288211375794 12511288680333940
12511288204150300 12511288205566996 12511288687354988 12511289156924854 12511288680433070 12511288682303202 12511289165189274 12511289634871634
12511289157023036 12511289159963120 12511289641474942 12511290111333822 12511289634959672 12511289638216074 12511290120216900 12511290589616802
12511290111427550 12511290114513078 12511290596557674 12511291066200752 12511290589713728 12511290592945400 12511291075670200 12511291544620036
12511291066296264 12511291071089896 12511291552968326 12511292023836280 12511291544716378 12511291546971660 12511292029337698 12511292498655980
12511292023926862 12511292027907488 12511292505401148 12511292975188982 12511292498751862 12511292504364949 12511292983107428 12511293452124068
12511292975292078 12511292977773524 12511293460421936 12511293930073442 12511293452237752 12511293454381454 12511293942378648 12511294411372818

12511328870786070 12511328870801028 12511328878131352 12511329347937848 12511328870803438 12511328872314888 12511329404308752 12511329882986786
12511329348033208 12511329349009600 12511329884042408 12511330355052250 12511329883070270 12511329883304552 12511330361787490 12511330832249444
12511330355106372 12511330361655320 12511330839155522 12511331309457508 12511330832348702 12511330835311308 12511331314404064 12511331784097316
12511331309555474 12511331314237208 12511331790818630 12511332261521536 12511331784193784 12511331790687276 12511332269433998 12511332739577938
12511332261620256 12511332265794008 12511332745811014 12511333216944296 12511332739677310 12511332744306950 12511333223739966 12511333695213770
12511333217048318 12511333223660408 12511333701553476 12511334172915416 12511333695308154 12511333699648012 12511334178356574 12511334648818572
12511334173014334 12511334178348278 12511334654800154 12511335126035768 12511334648910596 12511334652026550 12511335131937982 12511335602099032
12511335126146036 12511335131955574 12511335608984054 12511336079551490 12511335602190316 12511335608977732 12511336087586838 12511336558393398
12511336079656432 12511336083392212 12511336564189297 12511337039095114 12511336558513402 12511336563193078 12511337044727540 12511337519970014

3146585199489876 3146585199505280 3146585206545992 3146585683488948 3146585199507696 3146585199542266 3146585731301448 3146586200090520
3146585683569652 3146585686377144 3146586206340536 3146586676448448 3146586200167656 3146586200283358 3146586689083592 3146587157925450
3146586676552144 3146586679159454 3146587167456500 3146587637456146 3146587158026826 3146587162032588 3146587643153350 3146588112216230
3146587637538820 3146587639664530 3146588119198386 3146588588774570 3146588112312368 3146588114280416 3146588594563710 3146589064227010
3146588588878096 3146588592459276 3146589072484196 3146589542094016 3146589064316840 3146589066983720 3146589551025658 3146590020399242
3146589542192998 3146589546012719 3146590029580092 3146590499137676 3146590020493832 3146590022664380 3146590505983822 3146590974866950
3146590499226844 3146590503803046 3146590983843830 3146591453151476 3146590974964850 3146590977467025 3146591460270372 3146591929876794
3146591453196574 3146591454672478 3146591936853028 3146592405847490 3146591929974298 3146591934261694 3146592415840550 3146592885500656
3146592405944198 3146592408069970 3146592892002792 3146593360729086 3146592885593548 3146592889613248 3146593371855128 3146593842129420

12511303356441206 12511303356459228 12511303363670180 12511303833618496 12511303356461750 12511303357912516 12511303869160410 12511304335396702
12511303833707548 12511303835861052 12511304340249410 12511304806975516 12511304335442638 12511304336275700 12511304838029264 12511305303427526
12511304807077246 12511304808027062 12511305317336382 12511305783948914 12511305303531928 12511305305977606 12511305799099948 12511306264922576
12511305784044614 12511305784118948 12511306273625744 12511306740180344 12511306265020678 12511306265101388 12511306748456456 12511307214678760
12511306740267416 12511306741401018 12511307225801708 12511307692827636 12511307214773720 12511307215327404 12511307702022806 12511308168363792
12511307692933104 12511307693762784 12511308181477052 12511308647904938 12511308168451662 12511308168550762 12511308658800662 12511309124811338
12511308648003630 12511308649202440 12511309135938302 12511309602959106 12511309124909832 12511309125544972 12511309613421902 12511310079654134
12511309603055546 12511309604234574 12511310089872156 12511310556380024 12511310079758630 12511310080357470 12511310568754798 12511311034489160
12511310556467612 12511310556576522 12511311045308530 12511311512156498 12511311034634242 12511311035711076 12511311522507624 12511311988636468

12511253068101306 12511253068120132 12511253075962906 12511253551384022 12511253068122828 12511253070999244 12511253557924202 12511254027951846
12511253551489580 12511253555148288 12511254053418314 12511254523229280 12511254028052830 12511254028942666 12511254528111854 12511254998040874
12511254523330854 12511254527440260 12511255029846774 12511255498965882 12511254998130212 12511254998418302 12511255507163574 12511255977187144
12511255499062284 12511255501848236 12511255984085844 12511256453043604 12511255977282612 12511255978085514 12511256459323536 12511256929018195
12511256453142792 12511256453887548 12511256937744116 12511257407052144 12511256929064906 12511256930271842 12511257414061410 12511257883856688
12511257407150814 12511257407746098 12511257892421560 12511258362770508 12511257883952330 12511257886707084 12511258369104148 12511258838871728
12511258362868896 12511258366612820 12511258848572410 12511259318969138 12511258838969346 12511258839076904 12511259326071044 12511259795394018
12511259319059084 12511259319672550 12511259802288860 12511260272352696 12511259795493186 12511259796161890 12511260279896130 12511260749268432
12511260272446226 12511260274917356 12511260755941984 12511261226696012 12511260749393512 12511260755301830 12511261232774214 12511261702308620

12511229261978370 12511229261993772 12511229269526756 12511229739039278 12511229261996002 12511229264765700 12511229793419128 12511230263552778
12511229739140594 12511229740427418 12511230268115986 12511230737337888 12511230263656038 12511230263750058 12511230745658018 12511231214948524
12511230737438762 12511230741252064 12511231223284778 12511231693077912 12511231215039654 12511231217787840 12511231699018586 12511232168330238
12511231693175358 12511231696245354 12511232179808766 12511232649761624 12511232168423562 12511232170969368 12511232655168602 12511233124889782
12511232649861730 12511232655000946 12511233133426778 12511233602763276 12511233124990190 12511233125788684 12511233609519128 12511234078843316
12511233602856158 12511233603879504 12511234087752298 12511234557257034 12511234078940970 12511234079041470 12511234564288112 12511235033387154
12511234557358222 12511234558100370 12511235040609226 12511235510649714 12511235033492106 12511235034055786 12511235521365380 12511235990486788
12511235510748066 12511235511731616 12511235997503644 12511236467572822 12511235990571406 12511235991161930 12511236474989276 12511236944094742
12511236467674994 12511236468408928 12511236950669284 12511237420733394 12511236944227418 12511236944814060 12511237427049684 12511237897338662

12511291378414674 12511291378431532 12511291384979892 12511291906411620 12511291378433924 12511291378499368 12511291912876042 12511292379127270
12511291906462026 12511291911378314 12511292391694202 12511292857803596 12511292379172622 12511292379749304 12511292869437506 12511293335945666
12511292857894912 12511292859468590 12511293343871166 12511293810407286 12511293336030956 12511293337437504 12511293821901394 12511294288587312
12511293810494944 12511293814142224 12511294298465892 12511294764432156 12511294288681576 12511294291689978 12511294774715768 12511295240850132
12511294764536482 12511294764782310 12511295251962410 12511295717444744 12511295240932640 12511295241010030 12511295731387124 12511296197444416
12511295717543784 12511295717749426 12511296207267820 12511296673539884 12511296197524980 12511296199964916 12511296685931462 12511297151416740
12511296673634996 12511296673908336 12511297162445318 12511297628981292 12511297151514416 12511297153996452 12511297639580910 12511298105177954
12511297629071090 12511297629267506 12511298116627130 12511298583183900 12511298105282892 12511298106160580 12511298591890466 12511299057824400
12511298583267938 12511298583502480 12511299071766550 12511299538294150 12511299057943480 12511299058347148 12511299550611798 12511300016595008

12511270072300608 12511270072319900 12511270081244755 12511270602391768 12511270072322290 12511270075071874 12511270606669188 12511271073571306
12511270602509862 12511270604761774 12511271080263400 12511271546208866 12511271073673622 12511271078977428 12511271555898570 12511272022090508
12511271546310810 12511271548183284 12511272033997686 12511272499713694 12511272022185203 12511272025483394 12511272508010770 12511272974457894
12511272499870234 12511272502253674 12511272991335260 12511273457126170 12511272974550836 12511272977159672 12511273465623310 12511273933195834
12511273457225912 12511273457447880 12511273942541708 12511274408505710 12511273933292496 12511273934017972 12511274418955420 12511274885115122
12511274408608026 12511274409162746 12511274895862692 12511275362416022 12511274885209952 12511274885499082 12511275376460504 12511275842212224
12511275362517888 12511275363359620 12511275850664720 12511276318093252 12511275842312106 12511275842549472 12511276330303926 12511276795835294
12511276318193040 12511276318485688 12511276807404774 12511277274042832 12511276795934464 12511276796061248 12511277281176448 12511277747198544
12511277274146740 12511277274449936 12511277762418316 12511278229206250 12511277747345484 12511277748574064 12511278238580778 12511278704648230

12511191130598226 12511191130618582 12511191139044787 12511191616088106 12511191130620714 12511191130658002 12511191663305060 12511192129222036
12511191616135254 12511191616477824 12511192136292686 12511192602862140 12511192129326588 12511192130196806 12511192610750996 12511193076462178
12511192602907814 12511192609130042 12511193085177176 12511193551607072 12511193076557796 12511193077270746 12511193561642938 12511194027461004
12511193551704414 12511193553733836 12511194040363180 12511194505747370 12511194027554612 12511194029642028 12511194515902062 12511194982160626
12511194505839114 12511194507577892 12511194996686318 12511195462309816 12511194982257792 12511194983164668 12511195472550316 12511195939261722
12511195462392072 12511195464416762 12511195950549978 12511196416418700 12511195939361636 12511195941301056 12511196427046706 12511196893505632
12511196416513596 12511196417322714 12511196904547098 12511197370738726 12511196893594208 12511196894377130 12511197380847872 12511197847270468
12511197370835110 12511197372156906 12511197858530906 12511198330300762 12511197847369870 12511197849161400 12511198337565246 12511198802661589
12511198330343752 12511198331828506 12511198814062224 12511199265555168 12511198802795858 12511198803343486 12511199293106448 12511199753194056

12511318212936094 12511318212954834 12511318220071276 12511318691603932 12511318212957408 12511318217086592 12511318705878978 12511319175742882
12511318691646030 12511318694353864 12511319195277454 12511319664499936 12511319175843166 12511319176136666 12511319692895170 12511320162002464
12511319664597648 12511319666066732 12511320169379482 12511320638819772 12511320162099042 12511320165426958 12511320648099646 12511321118226288
12511320638924166 12511320640441726 12511321123386708 12511321592187478 12511321118319530 12511321121666580 12511321604440446 12511322074407936
12511321592282472 12511321597056834 12511322081333308 12511322550497884 12511322074497990 12511322076167094 12511322558074002 12511323028503800
12511322550595956 12511322553390030 12511323035081928 12511323504356334 12511323028587992 12511323029903268 12511323512441824 12511323982469196
12511323504449978 12511323506416768 12511323987957576 12511324457422466 12511323982567742 12511323983805414 12511324465367926 12511324935128866
12511324457519654 12511324458913354 12511324945686830 12511325415007618 12511324935222742 12511324938102078 12511325422745934 12511325892868842
12511325415107566 12511325416323762 12511325900770308 12511326370375018 12511325892994660 12511325897336640 12511326375694816 12511326845982394
