25 3535
12510948058163866 12510948058311976 12510948058492442 12510948529612960 12510948529615938 12510948529912524 12510948561252878 12510949038824180
12510949038825010 12510949039111194 12510949074666442 12510949552505206 12510949552509018 12510949552900368 12510949584485446 12510950062900130
12510950062902508 12510950063189870 12510950097370368 12510950574924148 12510950574927986 12510950575211296 12510950607121500 12510951084925084
12510951084925924 12510951085224810 12510951119792090 12510951598090794 12510951598094632 12510951598369214 12510951630645116 12510952108515746
12510952108516638 12510952108867336 12510952143092848 12510952621349190 12510952621350866 12510952621629888 12510952653110576 12510953130931734
12510953130932584 12510953131214898 12510953165448894 12510953643116150 12510953643117818 12510953643402532 12510953675120878 12510954152566234
12510954152613656 12510954152891378 12510954186628528 12510954664652484 12510954664657278 12510954665149932 12510954697182780 12510955175480024
12510955175480864 12510955175857180 12510955209028012 12510955686582308 12510955686584018 12510955686852668 12510955718525434 12510956196872194
12510956196873018 12510956197165888 12510956201105944 12510956678477378 12510956678479030 12510956678761550 12510956679304930 12510957157267358

12510993017445592 12510993017597032 12510993017785846 12510993490898386 12510993490901948 12510993491197222 12510993495312624 12510993973009574
12510993973012466 12510993973320232 12510993998426308 12510994478266748 12510994478269939 12510994478662545 12510994512216419 12510994992218313
12510994992218964 12510994992489509 12510995022504622 12510995480960076 12510995480961526 12510995481203012 12510995534523289 12510996001696602
12510996001697596 12510996001987468 12510996044558214 12510996523360050 12510996523362138 12510996523655004 12510996557686192 12510997036689708
12510997036690128 12510997037022500 12510997068196614 12510997545809756 12510997545811434 12510997546103248 12510997580954906 12510998059517862
12510998059518808 12510998059788758 12510998090541762 12510998568259928 12510998568261942 12510998568538672 12510998602740630 12510999081372988
12510999081434924 12510999081738428 12510999112236138 12510999590722008 12510999590725682 12510999591208976 12510999624477634 12511000103448564
12511000103449512 12511000103830316 12511000135212340 12511000613680398 12511000613682458 12511000613985076 12511000646200112 12511001124117434
12511001124120278 12511001124390780 12511001156532470 12511001635188542 12511001635194750 12511001635483600 12511001638116660 12511002116124866

12510910706461666 12510910706611706 12510910706802978 12510911184072514 12510911184076852 12510911184355166 12510911207884650 12510911686267570
12510911686271532 12510911686575292 12510911717251504 12510912194990576 12510912194995346 12510912195376894 12510912224297460 12510912702790074
12510912702794284 12510912703078920 12510912733317866 12510913211244938 12510913211248598 12510913211539086 12510913240638242 12510913719102460
12510913719103296 12510913719381268 12510913749278220 12510914227178912 12510914227183640 12510914227468608 12510914262444170 12510914740421850
12510914740424322 12510914740769714 12510914773170322 12510915251499700 12510915251501394 12510915251780936 12510915284014578 12510915761322746
12510915761323592 12510915761599330 12510915796064728 12510916274609062 12510916274614666 12510916274886560 12510916305315816 12510916783128820
12510916783183082 12510916783482934 12510916808478188 12510917287182054 12510917287186838 12510917287636540 12510917308588494 12510917786342950
12510917786345340 12510917786680880 12510917821549392 12510918300379692 12510918300381386 12510918300661240 12510918329649482 12510918808424402
12510918808425214 12510918808697710 12510918843447212 12510919321114732 12510919321116426 12510919321407790 12510919350940944 12510919829426396

12510938476690874 12510938476836402 12510938477015652 12510938948686556 12510938948691222 12510938948965918 12510938954602008 12510939433830884
12510939433831670 12510939434137728 12510939456830474 12510939935288002 12510939935292732 12510939935671306 12510939965618324 12510940444520504
12510940444521268 12510940444797774 12510940473352562 12510940951399784 12510940951401528 12510940951684152 12510940981785804 12510941460821626
12510941460824958 12510941461106398 12510941489649502 12510941967892044 12510941967893816 12510941968173656 12510941997724218 12510942477328690
12510942477329508 12510942477676846 12510942511025168 12510942988956542 12510942988958294 12510942989230568 12510943022040174 12510943500619894
12510943500620680 12510943500911254 12510943531859510 12510944010330968 12510944010332688 12510944010605250 12510944045138118 12510944524019744
12510944524085770 12510944524360456 12510944553765320 12510945033605726 12510945033610512 12510945034121776 12510945057885332 12510945536194570
12510945536197880 12510945536576364 12510945559056326 12510946037714658 12510946037716364 12510946037990060 12510946070937810 12510946549316240
12510946549316996 12510946549605402 12510946581588484 12510947059982190 12510947059982202 12510947060250248 12510947091677534 12510947570984320

12510937810549554 12510937810694010 12510937810960976 12510938280293334 12510938280294968 12510938280572540 12510938284089734 12510938757690166
12510938757696832 12510938757972702 12510938791446160 12510939265640620 12510939265644102 12510939266048370 12510939305218728 12510939778798032
12510939778803768 12510939779069988 12510939815533038 12510940290129960 12510940290134748 12510940290419504 12510940327541206 12510940801382424
12510940801385284 12510940801661546 12510940837581578 12510941311222114 12510941311225348 12510941311491694 12510941350699132 12510941826669740
12510941826676674 12510941827031606 12510941861195544 12510942336170592 12510942336174386 12510942336450662 12510942373956828 12510942849518746
12510942849521560 12510942849816108 12510942884003296 12510943359301218 12510943359302968 12510943359591050 12510943395744320 12510943871312098
12510943871365554 12510943871637038 12510943905771190 12510944381943048 12510944381946296 12510944382382080 12510944417427442 12510944892614674
12510944892615528 12510944892942246 12510944928182466 12510945403765186 12510945403768140 12510945404032084 12510945440067042 12510945915191594
12510945915192462 12510945915478288 12510945949523334 12510946425069218 12510946425073370 12510946425344630 12510946432263960 12510946907499626

12510966064882682 12510966065033380 12510966065318536 12510966537533580 12510966537535208 12510966537819424 12510966539528372 12510967016135598
12510967016139160 12510967016413720 12510967046490530 12510967523023602 12510967523026434 12510967523403242 12510967560199852 12510968037122652
12510968037125054 12510968037411282 12510968069880476 12510968546536062 12510968546540006 12510968546808774 12510968583112818 12510969061066608
12510969061067358 12510969061356296 12510969093801060 12510969570550252 12510969570551912 12510969570819486 12510969605480826 12510970082967850
12510970082968636 12510970083308636 12510970116507300 12510970593305196 12510970593308086 12510970593596812 12510970628241898 12510971104898850
12510971104901578 12510971105167368 12510971139030178 12510971616952858 12510971616954574 12510971617237626 12510971650030880 12510972126695608
12510972126733308 12510972127047264 12510972159534024 12510972637180876 12510972637183766 12510972637581802 12510972671679624 12510973148189652
12510973148190410 12510973148534932 12510973182455138 12510973659513784 12510973659515442 12510973659793294 12510973693495588 12510974170436336
12510974170438746 12510974170705796 12510974203822398 12510974680452142 12510974680456506 12510974680753530 12510974685400360 12510975162936008

12510953682569950 12510953682712538 12510953682899378 12510954156985014 12510954156989142 12510954157268076 12510954184079728 12510954661808994
12510954661815260 12510954662097302 12510954693503566 12510955172213186 12510955172213232 12510955172583102 12510955200563424 12510955679188058
12510955679192154 12510955679484274 12510955709571592 12510956187650224 12510956187654618 12510956187930940 12510956216892652 12510956696187548
12510956696192730 12510956696454426 12510956725537264 12510957204400202 12510957204403958 12510957204678826 12510957238692632 12510957717690204
12510957717692596 12510957718023984 12510957749461274 12510958227501960 12510958227503636 12510958227788448 12510958260260276 12510958739241032
12510958739243910 12510958739516452 12510958772324606 12510959250993430 12510959250998632 12510959251259742 12510959281573498 12510959759048360
12510959759103720 12510959759394820 12510959784740890 12510960263579658 12510960263584040 12510960264037040 12510960275957714 12510960753784170
12510960753787280 12510960754105904 12510960785972380 12510961264625944 12510961264631428 12510961264938096 12510961298653052 12510961777087968
12510961777088844 12510961777352904 12510961808389596 12510962287202106 12510962287203752 12510962287489040 12510962320819052 12510962798929784

12510878166341688 12510878166505416 12510878166694856 12510878667623660 12510878667628460 12510878667910390 12510878670455570 12510879177007996
12510879177012766 12510879177343874 12510879178346236 12510879683981426 12510879683983184 12510879684405646 12510879686515220 12510880193074410
12510880193075226 12510880193367166 12510880195313286 12510880700401814 12510880700406570 12510880700713918 12510880702784844 12510881209037252
12510881209040072 12510881209331736 12510881215021420 12510881722200668 12510881722205434 12510881722499326 12510881723915384 12510882232909156
12510882232911980 12510882233280262 12510882236710040 12510882743779536 12510882743783804 12510882744068024 12510882746014090 12510883255815246
12510883255816060 12510883256128474 12510883258801384 12510883765080126 12510883765084468 12510883765372460 12510883768315046 12510884268175626
12510884268227078 12510884268507390 12510884280079272 12510884754942054 12510884754943734 12510884755376558 12510884791146130 12510885266550180
12510885266550904 12510885266848360 12510885303337922 12510885778398272 12510885778402700 12510885778677066 12510885813656608 12510886289237122
12510886289239932 12510886289508758 12510886325592768 12510886800568386 12510886800568398 12510886800834300 12510886835701624 12510887310830364

12510863074305458 12510863074449760 12510863074635402 12510863542623350 12510863542625110 12510863542919624 12510863575880930 12510864049985902
12510864049988300 12510864050276064 12510864085321888 12510864559095112 12510864559099998 12510864559476308 12510864592369998 12510865066679502
12510865066681908 12510865066955848 12510865101356030 12510865575444168 12510865575445962 12510865575724224 12510865608681880 12510866082177302
12510866082180672 12510866082464682 12510866117317266 12510866591596138 12510866591600686 12510866591866822 12510866630466950 12510867104482654
12510867104486270 12510867104837500 12510867141245174 12510867615762528 12510867615764334 12510867616038922 12510867652031604 12510868126762576
12510868126763336 12510868127041836 12510868164095990 12510868638763980 12510868638765806 12510868639057160 12510868673337414 12510869148430918
12510869148485888 12510869148761472 12510869176499272 12510869652059148 12510869652061166 12510869652477892 12510869663344512 12510870139193802
12510870139194625 12510870139538594 12510870174826786 12510870650708250 12510870650710020 12510870650983112 12510870686647106 12510871162754506
12510871162756914 12510871163032110 12510871197494572 12510871673840882 12510871673842648 12510871674146746 12510871708802148 12510872185036968

12510864238532832 12510864238680790 12510864238864174 12510864711974606 12510864711976266 12510864712270766 12510864712475668 12510865190415358
12510865190416134 12510865190710112 12510865214528218 12510865693378926 12510865693380612 12510865693755848 12510865723728736 12510866201440698
12510866201441592 12510866201727178 12510866231213450 12510866709645198 12510866709648852 12510866709915996 12510866739971176 12510867218043566
12510867218044322 12510867218326168 12510867246719486 12510867726163144 12510867726166778 12510867726449152 12510867756112730 12510868234865842
12510868234868286 12510868235198966 12510868269098596 12510868747076220 12510868747079980 12510868747368498 12510868780280910 12510869259242126
12510869259244520 12510869259514182 12510869291285968 12510869768884112 12510869768885786 12510869769169896 12510869803298892 12510870281907624
12510870281960342 12510870282240586 12510870313019950 12510870791561392 12510870791563102 12510870791993468 12510870816713528 12510871295220146
12510871295221504 12510871295553296 12510871322096360 12510871800556662 12510871800559084 12510871800836880 12510871833353524 12510872311611616
12510872311612474 12510872311874778 12510872344283874 12510872822879152 12510872822883430 12510872823205716 12510872854299374 12510873332866604

12510989172590888 12510989172734336 12510989172926792 12510989645401424 12510989645405750 12510989645681700 12510989676955412 12510990154091512
12510990154095256 12510990154378622 12510990189790958 12510990667739072 12510990667743734 12510990668115958 12510990699822978 12510991177449826
12510991177453486 12510991177748964 12510991212721470 12510991690727404 12510991690729074 12510991691013400 12510991722373518 12510992201408694
12510992201409524 12510992201684996 12510992235368850 12510992713099792 12510992713102648 12510992713385778 12510992745537706 12510993224104210
12510993224105694 12510993224431088 12510993257486440 12510993734898278 12510993734902538 12510993735205552 12510993768093274 12510994246634294
12510994246635116 12510994246912838 12510994252187560 12510994729561428 12510994729563094 12510994729851054 12510994758720222 12510995237130166
12510995237192616 12510995237481960 12510995267362384 12510995745668350 12510995745672636 12510995746122840 12510995780239396 12510996258123262
12510996258124090 12510996258446294 12510996289655048 12510996768021766 12510996768026042 12510996768316770 12510996801880062 12510997280716350
12510997280718806 12510997280989756 12510997311608358 12510997790497674 12510997790501990 12510997790774178 12510997810989064 12510998288939448

12510882842144036 12510882842288084 12510882842484106 12510883314622258 12510883314623804 12510883314889192 12510883346386264 12510883824448970
12510883824449714 12510883824752344 12510883854282810 12510884332992832 12510884332994504 12510884333366532 12510884362484728 12510884840268184
12510884840268978 12510884840550318 12510884871259208 12510885348986758 12510885348991534 12510885349277716 12510885378723586 12510885857347482
12510885857349884 12510885857624522 12510885890961350 12510886369043630 12510886369046086 12510886369315120 12510886399845932 12510886878847202
12510886878849610 12510886879190938 12510886912690010 12510887390574440 12510887390576106 12510887390839564 12510887421952908 12510887900898008
12510887900900884 12510887901184492 12510887934730208 12510888412391580 12510888412395168 12510888412672622 12510888444259796 12510888922365576
12510888922417078 12510888922678428 12510888956025810 12510889435325182 12510889435327602 12510889435770406 12510889467137738 12510889945397264
12510889945399650 12510889945714778 12510889979311960 12510890458085112 12510890458087922 12510890458379458 12510890489591126 12510890967819172
12510890967821972 12510890968094390 12510891001551068 12510891480255500 12510891480257110 12510891480518566 12510891511645662 12510891990512650

12510821933277596 12510821933445028 12510821933638652 12510822437269520 12510822437269568 12510822437572880 12510822437812498 12510822945141642
12510822945147558 12510822945457140 12510822945803464 12510823453256642 12510823453261786 12510823453666406 12510823453896306 12510823962106778
12510823962114452 12510823962425092 12510823962778592 12510824469587064 12510824469588802 12510824469890004 12510824470132036 12510824981808774
12510824981813330 12510824982111754 12510824982500294 12510825490718246 12510825490722580 12510825491008178 12510825491285620 12510826003468250
12510826003470780 12510826003857648 12510826004203696 12510826512809626 12510826512813918 12510826513121324 12510826513352226 12510827025592226
12510827025595044 12510827025890616 12510827026217374 12510827535115618 12510827535119950 12510827535415022 12510827535652666 12510828046781654
12510828046858512 12510828047162086 12510828047520282 12510828557840990 12510828557845334 12510828558348516 12510828558632870 12510829070115676
12510829070118248 12510829070453952 12510829070808296 12510829580446046 12510829580449236 12510829580738374 12510829580978654 12510830092371688
12510830092376462 12510830092681534 12510830093037328 12510830602484816 12510830602489110 12510830602790412 12510830603037246 12510831114870184

12510810824722876 12510810824866556 12510810825063484 12510811293112208 12510811293114752 12510811293413120 12510811329032014 12510811803452022
12510811803458806 12510811803751662 12510811836916754 12510812311378146 12510812311381918 12510812311752208 12510812345129056 12510812818905198
12510812818909002 12510812819190372 12510812853902242 12510813328348286 12510813328352110 12510813328617570 12510813361353716 12510813835127314
12510813835130720 12510813835413524 12510813873585448 12510814347769424 12510814347773244 12510814348039304 12510814382463406 12510814856373364
12510814856374126 12510814856697944 12510814895334468 12510815368890464 12510815368893294 12510815369196140 12510815404578612 12510815878936950
12510815878937700 12510815879207048 12510815917347090 12510816390664256 12510816390668040 12510816390945914 12510816426871134 12510816901392026
12510816901444964 12510816901720366 12510816938637032 12510817412910412 12510817412914164 12510817413351914 12510817449798710 12510817924102898
12510817924103692 12510817924460440 12510817961929518 12510818435605644 12510818435607358 12510818435882312 12510818472192104 12510818945982570
12510818945983358 12510818946249622 12510818984154616 12510819458478938 12510819458481152 12510819458775008 12510819494243324 12510819967946780

12510857162140858 12510857162279628 12510857162467834 12510857633975696 12510857633980018 12510857634263352 12510857635754806 12510858112974000
12510858112974794 12510858113248622 12510858143874754 12510858621080532 12510858621084110 12510858621456094 12510858657594002 12510859134702454
12510859134705256 12510859135001872 12510859167237268 12510859643932000 12510859643933636 12510859644211720 12510859680472426 12510860157590076
12510860157590898 12510860157861492 12510860191171394 12510860668596670 12510860668600428 12510860668893488 12510860702841076 12510861180322928
12510861180324298 12510861180648472 12510861213900312 12510861691094846 12510861691098458 12510861691378976 12510861724960564 12510862201998766
12510862201999536 12510862202274706 12510862236360146 12510862714398168 12510862714399802 12510862714661608 12510862728385118 12510863206602812
12510863206651022 12510863206952962 12510863239182038 12510863718455240 12510863718456876 12510863718885062 12510863750794754 12510864229375016
12510864229377464 12510864229747926 12510864261923010 12510864740115638 12510864740120426 12510864740407364 12510864773334806 12510865252263748
12510865252264560 12510865252542386 12510865283721360 12510865761770596 12510865761774954 12510865762068030 12510865796224836 12510866275413192

12510868981907158 12510868982071420 12510868982261306 12510869486131234 12510869486135368 12510869486460470 12510869486705716 12510869998971680
12510869998975302 12510869999289054 12510869999644544 12510870508943552 12510870508946810 12510870509353952 12510870509617652 12510871021894660
12510871021898978 12510871022195206 12510871022540282 12510871531546946 12510871531549222 12510871531864566 12510871532097836 12510872044538702
12510872044539518 12510872044831366 12510872045176028 12510872554700944 12510872554705722 12510872555002928 12510872555241034 12510873066626176
12510873066630944 12510873066990494 12510873067346224 12510873577252004 12510873577257706 12510873577539138 12510873577784896 12510874061345588
12510874061349036 12510874061645346 12510874089098828 12510874567879362 12510874567883960 12510874568157686 12510874598780558 12510875076467028
12510875076513828 12510875076789128 12510875110276904 12510875589315656 12510875589318776 12510875589714594 12510875620813878 12510876098775268
12510876098778086 12510876099121582 12510876132650498 12510876611018142 12510876611020720 12510876611299626 12510876642188248 12510877120738214
12510877120740628 12510877121017290 12510877124759404 12510877603193622 12510877603198494 12510877603471070 12510877604806798 12510878083863106

12510912082442532 12510912082603752 12510912082783550 12510912558729004 12510912558730481 12510912559014841 12510912587015786 12510913058057955
12510913058058552 12510913058320876 12510913099855912 12510913559658946 12510913559661708 12510913560038156 12510913609911564 12510914086983714
12510914086984516 12510914087257762 12510914122764466 12510914599138242 12510914599141908 12510914599419232 12510914632429382 12510915110001136
12510915110003592 12510915110276714 12510915145408878 12510915621709792 12510915621715528 12510915621988434 12510915655575670 12510916132972180
12510916132973006 12510916133314622 12510916167569214 12510916643850006 12510916643854496 12510916644141280 12510916678119788 12510917154894984
12510917154898298 12510917155172438 12510917162224882 12510917639108690 12510917639110472 12510917639395214 12510917668748606 12510918146589390
12510918146662362 12510918146932668 12510918177391894 12510918656561170 12510918656563174 12510918656992952 12510918690295654 12510919168747640
12510919168750374 12510919169052058 12510919199716070 12510919677948848 12510919677951718 12510919678215870 12510919711891638 12510920189607726
12510920189610462 12510920189894344 12510920221630488 12510920705176754 12510920705178458 12510920705460212 12510920720772422 12510921203471118

3146168412339588 3146168412484942 3146168412669752 3146168884286258 3146168884288028 3146168884576516 3146168916539574 3146169392721594
3146169392725212 3146169393045754 3146169424436650 3146169901043818 3146169901048610 3146169901424908 3146169932617802 3146170408467842
3146170408470638 3146170408752916 3146170441408408 3146170917401374 3146170917403076 3146170917666526 3146170948871382 3146171425779718
3146171425782522 3146171426068926 3146171461110882 3146171938463178 3146171938468438 3146171938735460 3146171970002874 3146172448337344
3146172448340700 3146172448677744 3146172482814362 3146172959574944 3146172959576672 3146172959861370 3146172992103864 3146173469939410
3146173469944242 3146173470237088 3146173504904638 3146173982546620 3146173982548356 3146173982818128 3146174014413014 3146174491476812
3146174491530406 3146174491825236 3146174526175734 3146175004548036 3146175004552826 3146175005039992 3146175037275572 3146175514419818
3146175514420248 3146175514767076 3146175549452384 3146176027261894 3146176027265526 3146176027545624 3146176059752046 3146176536662824
3146176536663238 3146176536929938 3146176571701508 3146177049585424 3146177049587090 3146177049870164 3146177081797658 3146177559194088

12510886568705120 12510886568883582 12510886569082090 12510887039737546 12510887039739684 12510887040015534 12510887040947114 12510887515807584
12510887515814274 12510887516132112 12510887550347326 12510888025774178 12510888025778608 12510888026143524 12510888063421446 12510888538997956
12510888539003502 12510888539325658 12510888573437612 12510889048349196 12510889048353606 12510889048625830 12510889085601462 12510889561624170
12510889561624984 12510889561891338 12510889595367252 12510890070197452 12510890070201246 12510890070492542 12510890108631014 12510890584461152
12510890584461594 12510890584795010 12510890618795896 12510891093320892 12510891093325234 12510891093598530 12510891131656224 12510891606756408
12510891606757226 12510891607034672 12510891642462888 12510892117971900 12510892117974128 12510892118234962 12510892139800464 12510892614743104
12510892614782932 12510892615092016 12510892648218092 12510893124276630 12510893124280886 12510893124716884 12510893161403440 12510893636539598
12510893636541972 12510893636850424 12510893671154624 12510894146907378 12510894146910870 12510894147199944 12510894183921080 12510894659255372
12510894659258122 12510894659531542 12510894693327018 12510895168331032 12510895168332780 12510895168606628 12510895206251920 12510895682088742

12510836281893434 12510836282033876 12510836282226240 12510836752299418 12510836752304134 12510836752570410 12510836786409716 12510837263287064
12510837263287864 12510837263576074 12510837299243190 12510837776303168 12510837776304880 12510837776670780 12510837809284148 12510838286377376
12510838286378184 12510838286652882 12510838322156212 12510838798554478 12510838798556158 12510838798840696 12510838831807490 12510839308316032
12510839308316776 12510839308576758 12510839344789832 12510839821579212 12510839821580868 12510839821857114 12510839854947792 12510840331679230
12510840331679998 12510840332035012 12510840366919844 12510840844620024 12510840844624318 12510840844880966 12510840877482816 12510841355406908
12510841355411286 12510841355688032 12510841361582392 12510841840479314 12510841840482948 12510841840753564 12510841868108550 12510842345651110
12510842345696238 12510842345994622 12510842377043490 12510842856070688 12510842856074994 12510842856497964 12510842889635810 12510843368024264
12510843368025066 12510843368368080 12510843399065506 12510843876851430 12510843876855966 12510843877131492 12510843911329920 12510844389775066
12510844389776428 12510844390039210 12510844420980026 12510844898511226 12510844898514848 12510844898786844 12510844903528084 12510845382433080

12510812476493616 12510812476657380 12510812476850238 12510812979407148 12510812979410642 12510812979736732 12510812980947006 12510813492793058
12510813492793888 12510813493118398 12510813493781430 12510814002537310 12510814002541612 12510814002992440 12510814003801116 12510814515502668
12510814515505910 12510814515804596 12510814516690160 12510815025255482 12510815025259758 12510815025564336 12510815026331340 12510815537928266
12510815537929150 12510815538229034 12510815539329598 12510816048792750 12510816048796330 12510816049079280 12510816049478454 12510816561186400
12510816561187672 12510816561561732 12510816561902578 12510817071244932 12510817071247786 12510817071554224 12510817072018162 12510817583567976
12510817583568810 12510817583863040 12510817584164532 12510818093246690 12510818093250976 12510818093563060 12510818093822252 12510818604655242
12510818604724328 12510818605039050 12510818605404144 12510819115186096 12510819115187754 12510819115737278 12510819116100748 12510819627096454
12510819627097792 12510819627507520 12510819627938082 12510820136651160 12510820136654012 12510820136937398 12510820137225920 12510820619214818
12510820619217236 12510820619503878 12510820619800772 12510821097431572 12510821097436280 12510821097716642 12510821098293658 12510821576636260

12510874590783174 12510874590945974 12510874591125350 12510875060117268 12510875060118844 12510875060408904 12510875094033954 12510875569819424
12510875569820272 12510875570119552 12510875607432136 12510876082874100 12510876082879000 12510876083258380 12510876117296814 12510876593391396
12510876593392212 12510876593666424 12510876630131670 12510877105063484 12510877105065222 12510877105332396 12510877139878080 12510877615104540
12510877615107342 12510877615416626 12510877652554346 12510878128350788 12510878128352532 12510878128634370 12510878163394934 12510878638391294
12510878638392056 12510878638731802 12510878675879664 12510879151514448 12510879151516178 12510879151809286 12510879185872396 12510879661144454
12510879661145340 12510879661413714 12510879698191468 12510880173858366 12510880173863158 12510880174140072 12510880207887374 12510880682913358
12510880682977774 12510880683252522 12510880719388806 12510881194826866 12510881194828600 12510881195327738 12510881230065070 12510881705717946
12510881705720798 12510881706087400 12510881741852200 12510882217243490 12510882217245166 12510882217517860 12510882251275942 12510882727088742
12510882727089566 12510882727392272 12510882733867014 12510883209213552 12510883209218268 12510883209502158 12510883235361986 12510883711646846

12510853285221950 12510853285386976 12510853285581858 12510853786423912 12510853786425554 12510853786719352 12510853786964900 12510854293846992
12510854293853132 12510854294162234 12510854294541074 12510854799267314 12510854799271606 12510854799663484 12510854799913698 12510855306950386
12510855306955120 12510855307274696 12510855307638804 12510855813127028 12510855813131738 12510855813424356 12510855813710302 12510856321020894
12510856321021718 12510856321317408 12510856321668612 12510856827366328 12510856827369858 12510856827675256 12510856827911234 12510857335466124
12510857335466944 12510857335845852 12510857336211190 12510857843636478 12510857843638142 12510857843933484 12510857846244264 12510858356474596
12510858356478752 12510858356774520 12510858357072786 12510858864537258 12510858864540800 12510858864824910 12510858868572690 12510859378071826
12510859378123298 12510859378434644 12510859378808008 12510859887047300 12510859887049382 12510859887574994 12510859889741498 12510860400070536
12510860400073272 12510860400458912 12510860400870094 12510860908242716 12510860908244316 12510860908547634 12510860911945138 12510861422031140
12510861422031958 12510861422327534 12510861422686096 12510861929508722 12510861929513460 12510861929836718 12510861930081278 12510862440098124

12510774346079870 12510774346228592 12510774346413296 12510774814604968 12510774814606636 12510774814879630 12510774847586546 12510775320962316
12510775320965144 12510775321261304 12510775355032808 12510775829566284 12510775829567964 12510775829945920 12510775860525640 12510776334014070
12510776334016478 12510776334299220 12510776368136166 12510776842629812 12510776842631666 12510776842917016 12510776874276134 12510777348212580
12510777348214954 12510777348478744 12510777382545379 12510777856460556 12510777856462388 12510777856734202 12510777888522940 12510778363036258
12510778363038640 12510778363377802 12510778396695858 12510778871593058 12510778871594732 12510778871890244 12510778907553630 12510779383241010
12510779383243402 12510779383558748 12510779419549988 12510779894247600 12510779894250914 12510779894530058 12510779930578968 12510780405997278
12510780406035484 12510780406333078 12510780441330908 12510780916482154 12510780916486086 12510780916973958 12510780953294085 12510781428089888
12510781428090710 12510781428451304 12510781462917388 12510781938192688 12510781938194380 12510781938462384 12510781975595870 12510782450205890
12510782450208278 12510782450504472 12510782484253424 12510782960136502 12510782960138148 12510782960405684 12510782990649044 12510783465448590

12510901424076026 12510901424224312 12510901424404430 12510901896173792 12510901896178082 12510901896466454 12510901927238416 12510902403705886
12510902403706614 12510902404001138 12510902440639368 12510902917415620 12510902917419894 12510902917799624 12510902950486512 12510903426652590
12510903426655046 12510903426932740 12510903463355710 12510903939845470 12510903939850564 12510903940115754 12510903973107976 12510904449209704
12510904449210504 12510904449477076 12510904485796796 12510904963132566 12510904963135656 12510904963392050 12510904996635738 12510905473913666
12510905473916716 12510905474249280 12510905509105002 12510905985373304 12510905985376426 12510905985651960 12510906019107680 12510906497367822
12510906497368560 12510906497665896 12510906531426752 12510907008397598 12510907008399376 12510907008681238 12510907041123928 12510907519082940
12510907519122050 12510907519416796 12510907552631290 12510908030392086 12510908030393858 12510908030829630 12510908063254452 12510908540709050
12510908540709808 12510908541013044 12510908575064412 12510909053451078 12510909053454148 12510909053719222 12510909084531852 12510909562060590
12510909562061362 12510909562360038 12510909567117420 12510910045654474 12510910045656234 12510910045936728 12510910046136418 12510910524072874
