25 266
12510764219977850 12510764220374072 12510764221507710 12510764258981572 12510764220374086 12510764220914698 12510764259035258 12510764297365040
12510764297368238 12510764297656778 12510764298385562 12510764336115056 12510764297656832 12510764297879318 12510764336466574 12510764374017688
12510764374020002 12510764374375552 12510764375227660 12510764412745312 12510764374375564 12510764374654398 12510764412795766 12510764450372838
12510764450373200 12510764450663022 12510764451746142 12510764489455918 12510764450663042 12510764450914872 12510764489630992 12510764527320700
12510764527323050 12510764527624370 12510764528350362 12510764565974276 12510764527624382 12510764527863594 12510764566138902 12510764604499060
12510764604501402 12510764604776684 12510764605491474 12510764643160326 12510764604776740 12510764604990390 12510764643215090 12510764680789880
12510764680793196 12510764681062034 12510764681779404 12510764719408578 12510764681062046 12510764681281854 12510764719459968 12510764756993744
12510764756994098 12510764757255606 12510764757980760 12510764795789266 12510764757255632 12510764757479430 12510764795935756 12510764833453092
12510764833456504 12510764833726670 12510764835066438 12510764872865310 12510764833726682 12510764834065654 12510764873048742 12510764910619010

12510809178235040 12510809178633868 12510809179763596 12510809217288342 12510809178633934 12510809179187322 12510809217344718 12510809255152924
12510809255155524 12510809255414480 12510809256015092 12510809293955300 12510809255414784 12510809255625448 12510809294479646 12510809332271078
12510809332276826 12510809332616490 12510809333440344 12510809371169610 12510809332616544 12510809332880948 12510809371235618 12510809409647104
12510809409652490 12510809409990568 12510809410794014 12510809448402458 12510809409990832 12510809410239802 12510809448475926 12510809486293738
12510809486296114 12510809486585588 12510809487325216 12510809524991958 12510809486585642 12510809486803236 12510809525042356 12510809562926568
12510809562928930 12510809563223986 12510809563947090 12510809601511982 12510809563224286 12510809563451546 12510809601566312 12510809639485128
12510809639485548 12510809639746898 12510809640471780 12510809678130988 12510809639746954 12510809639971926 12510809678180920 12510809715952352
12510809715952800 12510809716211210 12510809716956154 12510809755250502 12510809716211230 12510809716456988 12510809755334008 12510809793015224
12510809793017604 12510809793303398 12510809794180850 12510809831870984 12510809793303428 12510809793657952 12510809831945424 12510809869680928

12510726868374376 12510726868774166 12510726869898264 12510726907497688 12510726868774278 12510726869308724 12510726907561978 12510726945234460
12510726945237864 12510726945485068 12510726946226078 12510726984819836 12510726945485082 12510726945723360 12510726985191740 12510727022850588
12510727022853342 12510727023186828 12510727023992684 12510727061515576 12510727023186874 12510727023457288 12510727061566570 12510727099306366
12510727099309814 12510727099546958 12510727100207456 12510727137808018 12510727099547312 12510727099787758 12510727137960280 12510727175618036
12510727175618854 12510727175859524 12510727176804866 12510727214399132 12510727175859636 12510727176089368 12510727214554714 12510727252194378
12510727252195304 12510727252458468 12510727253442998 12510727291656978 12510727252458782 12510727252698752 12510727291831698 12510727329350946
12510727329351328 12510727329612410 12510727330341964 12510727367861028 12510727329613120 12510727329844344 12510727367914560 12510727405411782
12510727405412180 12510727405646516 12510727406428026 12510727444026728 12510727405646564 12510727405883902 12510727444182938 12510727481748086
12510727481750468 12510727482018064 12510727483520014 12510727521153076 12510727482018176 12510727482385488 12510727521338448 12510727558903788

12510754638153288 12510754638516774 12510754639652556 12510754677182718 12510754638516794 12510754639077860 12510754677238686 12510754714912280
12510754714913018 12510754715164268 12510754715895450 12510754754489456 12510754715164282 12510754715399588 12510754754869048 12510754792609916
12510754792614504 12510754792969150 12510754793805392 12510754831369510 12510754792969164 12510754793234672 12510754831434912 12510754869078222
12510754869078940 12510754869353492 12510754870160378 12510754907662976 12510754869353746 12510754869607448 12510754907733436 12510754945250654
12510754945253416 12510754945571038 12510754946327974 12510754983898282 12510754945571276 12510754945807004 12510754983953526 12510755021539590
12510755021541906 12510755021809902 12510755022427172 12510755060827082 12510755021810160 12510755022026664 12510755061031472 12510755098636400
12510755098636782 12510755098881590 12510755099489300 12510755137215170 12510755098881602 12510755099101400 12510755137404540 12510755175031262
12510755175031678 12510755175303700 12510755176020572 12510755213787966 12510755175303718 12510755175521286 12510755213838040 12510755251431744
12510755251434432 12510755251712212 12510755252587486 12510755290258140 12510755251712452 12510755252062058 12510755290337118 12510755327902024

12510753971982950 12510753972366396 12510753973495338 12510754010665728 12510753972366408 12510753972913354 12510754010724758 12510754048118638
12510754048119310 12510754048373242 12510754049709032 12510754087178658 12510754048373264 12510754048630952 12510754087641650 12510754124959768
12510754124962488 12510754125277940 12510754126880472 12510754164879350 12510754125277952 12510754125542614 12510754165074136 12510754202535434
12510754202537780 12510754202778812 12510754203570054 12510754240853312 12510754202778840 12510754203039010 12510754240923728 12510754278257786
12510754278258174 12510754278520246 12510754279671568 12510754316894994 12510754278520258 12510754278748560 12510754317157902 12510754354477252
12510754354479676 12510754354732056 12510754356835278 12510754394060624 12510754354732076 12510754354969280 12510754394221380 12510754431509148
12510754431509538 12510754431755522 12510754433121736 12510754470386612 12510754431755534 12510754431993678 12510754470539122 12510754508581138
12510754508581478 12510754508843162 12510754509582382 12510754546902042 12510754508843218 12510754509074142 12510754546958798 12510754584205706
12510754584208086 12510754584447502 12510754585786394 12510754623395046 12510754584447514 12510754584674094 12510754623728060 12510754660992110

12510782225860882 12510782226252418 12510782227433750 12510782264853154 12510782226252430 12510782226840118 12510782264911416 12510782302444694
12510782302447492 12510782302694998 12510782303415518 12510782341893346 12510782302695036 12510782302931730 12510782342288972 12510782379913078
12510782379916980 12510782380249584 12510782381096150 12510782418413718 12510782380249596 12510782380539570 12510782418464428 12510782456057512
12510782456059956 12510782456330262 12510782457126086 12510782494644102 12510782456330274 12510782456586040 12510782494696920 12510782532172484
12510782532172898 12510782532438832 12510782533312414 12510782570872726 12510782532438844 12510782532675236 12510782570928278 12510782608601150
12510782608603542 12510782608873126 12510782610500122 12510782648750262 12510782608873138 12510782609116986 12510782648818548 12510782686199714
12510782686202448 12510782686451184 12510782687209018 12510782724613954 12510782686451196 12510782686705060 12510782724659650 12510782762189800
12510782762192196 12510782762438400 12510782763426604 12510782801006650 12510782762438470 12510782762670214 12510782801155568 12510782838610344
12510782838610764 12510782838858194 12510782839961188 12510782877546092 12510782838858206 12510782839095132 12510782877730188 12510782915374768

12510769843684030 12510769844081078 12510769845210938 12510769882647568 12510769844081090 12510769844627476 12510769882699824 12510769920333126
12510769920337536 12510769920591662 12510769921338232 12510769959117260 12510769920591674 12510769920818724 12510769959460106 12510769997680618
12510769997682752 12510769998040086 12510769998861682 12510770036258026 12510769998040100 12510769998308826 12510770036307104 12510770073853194
12510770073855886 12510770074142166 12510770075228632 12510770112809256 12510770074142202 12510770074392418 12510770112870616 12510770150348410
12510770150350756 12510770150638036 12510770151851050 12510770189381644 12510770150638048 12510770150849434 12510770189445094 12510770227052740
12510770227057504 12510770227336776 12510770228470586 12510770265979090 12510770227336788 12510770227566912 12510770266030218 12510770303488350
12510770303490652 12510770303736920 12510770305019576 12510770343263372 12510770303736932 12510770303952662 12510770343327798 12510770380949552
12510770380949942 12510770381212052 12510770381932170 12510770419442974 12510770381212064 12510770381435774 12510770419489130 12510770456983566
12510770456985922 12510770457260604 12510770458551742 12510770496084392 12510770457260616 12510770457613028 12510770496162444 12510770533656520

12510694328508520 12510694328891406 12510694330003422 12510694367332918 12510694328891574 12510694329435170 12510694367388766 12510694404569780
12510694404571120 12510694404823216 12510694405548008 12510694443077938 12510694404823250 12510694405058152 12510694443740010 12510694481002614
12510694481005416 12510694481292848 12510694483136154 12510694520453532 12510694481292864 12510694481560284 12510694520646480 12510694557792230
12510694557794968 12510694558062032 12510694559555076 12510694596833304 12510694558062104 12510694558318190 12510694596897636 12510694634159760
12510694634162148 12510694634429466 12510694635857042 12510694673927290 12510694634429514 12510694634672998 12510694673993820 12510694711231650
12510694711236734 12510694711491262 12510694712520006 12510694749778868 12510694711491276 12510694711722934 12510694749829680 12510694787021244
12510694787024040 12510694787273170 12510694789587260 12510694826906938 12510694787273220 12510694787510576 12510694826952398 12510694864194248
12510694864196716 12510694864446636 12510694866130624 12510694903443042 12510694864446648 12510694864683678 12510694903597332 12510694940808002
12510694940810344 12510694941063152 12510694942180134 12510694980295136 12510694941063168 12510694941437644 12510694980505212 12510695017895122

12510679236680462 12510679237071492 12510679238224452 12510679275975174 12510679237071722 12510679237648556 12510679276048378 12510679313233322
12510679313236718 12510679313508672 12510679314246680 12510679351488666 12510679313508690 12510679313744108 12510679351850340 12510679389095756
12510679389100280 12510679389404878 12510679391255258 12510679428236044 12510679389404968 12510679389666552 12510679428286382 12510679465455682
12510679465458010 12510679465701960 12510679467674744 12510679504847458 12510679465701978 12510679465939280 12510679504899854 12510679542093182
12510679542093528 12510679542343630 12510679543868186 12510679580933124 12510679542343712 12510679542577342 12510679580977682 12510679618793936
12510679618798066 12510679619057122 12510679620146730 12510679657349524 12510679619057142 12510679619293938 12510679657401864 12510679694490422
12510679694492886 12510679694740740 12510679697218414 12510679734412176 12510679694740840 12510679694965296 12510679734463878 12510679771671956
12510679771672798 12510679771921420 12510679773624546 12510679810805372 12510679771921442 12510679772153658 12510679810853146 12510679847897626
12510679847900090 12510679848160298 12510679850714678 12510679887743872 12510679848160312 12510679848551334 12510679887912740 12510679926084372

12510680400833810 12510680401174372 12510680402216588 12510680437890938 12510680401174384 12510680401697998 12510680437939118 12510680473844400
12510680473849148 12510680474074556 12510680478394454 12510680514403418 12510680474074620 12510680474281806 12510680514704220 12510680550607802
12510680550608442 12510680550914906 12510680555220324 12510680592170172 12510680550914918 12510680551140506 12510680592369228 12510680629334670
12510680629335012 12510680629582480 12510680631484010 12510680667875424 12510680629582492 12510680629790712 12510680668043254 12510680704420154
12510680704422472 12510680704654892 12510680707493048 12510680744278084 12510680704654906 12510680704856042 12510680744460834 12510680781620306
12510680781625478 12510680781898106 12510680784442690 12510680822268724 12510680781898170 12510680782127106 12510680822325798 12510680859756152
12510680859757042 12510680860016576 12510680861472672 12510680899241620 12510680860016624 12510680860229786 12510680899397642 12510680936966346
12510680936968750 12510680937228230 12510680937959474 12510680976625792 12510680937228256 12510680937447470 12510680976732297 12510681014566580
12510681014568956 12510681014850914 12510681015812312 12510681053385818 12510681014850926 12510681015215774 12510681053447100 12510681091144246

12510805333002078 12510805333411334 12510805334550964 12510805372120190 12510805333411346 12510805333984354 12510805372175414 12510805409815116
12510805409815848 12510805410082222 12510805410864664 12510805448822792 12510805410082486 12510805410297686 12510805449267848 12510805486960832
12510805486963542 12510805487271176 12510805488049666 12510805525557474 12510805487271418 12510805487519524 12510805525610380 12510805563936562
12510805563941674 12510805564235598 12510805564973048 12510805602477806 12510805564235650 12510805564466574 12510805602528356 12510805640122294
12510805640125000 12510805640383620 12510805641099862 12510805678739336 12510805640383732 12510805640598530 12510805678794698 12510805716343084
12510805716346488 12510805716627004 12510805717370368 12510805755104156 12510805716627070 12510805716851520 12510805755155884 12510805792719520
12510805792721914 12510805792968284 12510805793692208 12510805831330862 12510805792968296 12510805793191986 12510805831380168 12510805869721918
12510805869724232 12510805869989230 12510805870735208 12510805908366192 12510805869989248 12510805870224174 12510805908415472 12510805945977760
12510805945980128 12510805946247002 12510805947125740 12510805984917648 12510805946247114 12510805946613326 12510805984996604 12510806022520188

12510699004070616 12510699004446118 12510699005579646 12510699043040424 12510699004446198 12510699004997650 12510699043086600 12510699080642006
12510699080644348 12510699080895686 12510699081648658 12510699119415976 12510699080895706 12510699081137594 12510699119748244 12510699157356198
12510699157357042 12510699157671896 12510699158447996 12510699196615386 12510699157671938 12510699157926402 12510699196824082 12510699234438914
12510699234439342 12510699234701930 12510699235396338 12510699273049718 12510699234702944 12510699234952568 12510699273205116 12510699310742658
12510699310745044 12510699311014608 12510699311639904 12510699349230394 12510699311014620 12510699311243734 12510699349415392 12510699387066736
12510699387071620 12510699387333748 12510699388090184 12510699425732586 12510699387333978 12510699387551956 12510699425789206 12510699463312508
12510699463315230 12510699463577628 12510699464175332 12510699502466742 12510699463577640 12510699463795074 12510699502693930 12510699540492500
12510699540495296 12510699540761746 12510699541465210 12510699579024834 12510699540761760 12510699540975468 12510699579095436 12510699616555392
12510699616558190 12510699616843180 12510699617591358 12510699655447754 12510699616843192 12510699617197898 12510699655679472 12510699693302840

12510638096055048 12510638096438126 12510638097590358 12510638135138052 12510638096438182 12510638097022978 12510638135195030 12510638172757810
12510638172761190 12510638173010590 12510638173759608 12510638211641524 12510638173010618 12510638173252374 12510638211993136 12510638249431498
12510638249432290 12510638249735784 12510638250525658 12510638288887800 12510638249735808 12510638249995750 12510638288956800 12510638326523670
12510638326526430 12510638326765784 12510638327512356 12510638365015394 12510638326765850 12510638327006442 12510638365068526 12510638402442012
12510638402445444 12510638402696186 12510638403436338 12510638440964596 12510638402696244 12510638402922356 12510638441017286 12510638478663288
12510638478665574 12510638478931298 12510638479659796 12510638517227756 12510638478931366 12510638479156054 12510638517293648 12510638554687310
12510638554688028 12510638554935434 12510638555627342 12510638593174214 12510638554935492 12510638555157656 12510638593335044 12510638631608780
12510638631611080 12510638631881490 12510638632811370 12510638670195620 12510638631881506 12510638632113324 12510638670346330 12510638707905798
12510638707908116 12510638708175476 12510638708944464 12510638746582354 12510638708175498 12510638708534038 12510638746801572 12510638784311292

12510626987620198 12510626987996876 12510626989084854 12510627025552728 12510626987997024 12510626988530094 12510627025611176 12510627062395076
12510627062397018 12510627062657254 12510627065420552 12510627103049880 12510627062657266 12510627062887832 12510627103502706 12510627140618688
12510627140621546 12510627140957588 12510627142039806 12510627179506342 12510627140957602 12510627141199788 12510627179671894 12510627216957192
12510627216959580 12510627217221210 12510627218516502 12510627256508242 12510627217221238 12510627217435476 12510627256683590 12510627293791398
12510627293793728 12510627294065550 12510627294802198 12510627332039904 12510627294065562 12510627294279424 12510627332100162 12510627369448106
12510627369448590 12510627369719538 12510627371461424 12510627408808260 12510627369719566 12510627369952794 12510627408967350 12510627446157784
12510627446161738 12510627446415036 12510627447599618 12510627484858174 12510627446415050 12510627446638476 12510627485013518 12510627522288454
12510627522292968 12510627522554430 12510627523648470 12510627560768230 12510627522554492 12510627522787642 12510627561014610 12510627599024860
12510627599025274 12510627599315228 12510627600108966 12510627637398046 12510627599315242 12510627599687118 12510627637660566 12510627674947296

12510673324323474 12510673324719326 12510673325852122 12510673364169344 12510673324719342 12510673325259638 12510673364241096 12510673401816730
12510673401817532 12510673402080260 12510673402805252 12510673440478116 12510673402080278 12510673402300206 12510673440818362 12510673478381126
12510673478386500 12510673478717760 12510673479500136 12510673516978820 12510673478717772 12510673478964924 12510673517031632 12510673554559408
12510673554559870 12510673554806980 12510673555591012 12510673593139708 12510673554807032 12510673555021916 12510673593294824 12510673630843608
12510673630845960 12510673631094602 12510673631734320 12510673670094376 12510673631094794 12510673631310828 12510673670261998 12510673707851238
12510673707851676 12510673708118424 12510673708853094 12510673746345734 12510673708118444 12510673708348364 12510673746395744 12510673784010960
12510673784011400 12510673784255160 12510673784974272 12510673822489926 12510673784255174 12510673784474194 12510673822535634 12510673860025220
12510673860027596 12510673860269082 12510673861338228 12510673898808576 12510673860269102 12510673860495536 12510673898956290 12510673936524894
12510673936525316 12510673936765686 12510673938126582 12510673975686004 12510673936765700 12510673936992822 12510673975761074 12510674014025744

12510685143858068 12510685144251218 12510685145378998 12510685182867844 12510685144251230 12510685144785998 12510685182922464 12510685220619954
12510685220622370 12510685220876220 12510685221504914 12510685260094210 12510685220876232 12510685221107632 12510685260597962 12510685298310692
12510685298311522 12510685298632882 12510685299417992 12510685336986996 12510685298632894 12510685298887792 12510685337041536 12510685374670486
12510685374673834 12510685374919568 12510685375653176 12510685413228402 12510685374919582 12510685375146944 12510685413280192 12510685450945986
12510685450946760 12510685451199200 12510685451950360 12510685489533070 12510685451199212 12510685451444244 12510685489586726 12510685527282462
12510685527284562 12510685527545894 12510685528287626 12510685566690646 12510685527545906 12510685527780010 12510685566766694 12510685604252982
12510685604255454 12510685604498438 12510685605253138 12510685642808996 12510685604498450 12510685604748310 12510685642861202 12510685680559898
12510685680560608 12510685680814526 12510685681556500 12510685719255274 12510685680814538 12510685681050616 12510685719306280 12510685756836140
12510685756839602 12510685757073090 12510685757922328 12510685795595934 12510685757073102 12510685757305324 12510685795668292 12510685833214790

12510728243738550 12510728244132932 12510728245271004 12510728282588712 12510728244132944 12510728244695478 12510728282647370 12510728320154106
12510728320158320 12510728320421528 12510728321157224 12510728358836506 12510728320421600 12510728320651772 12510728359178970 12510728397319980
12510728397322126 12510728397665966 12510728398603134 12510728436066288 12510728397665978 12510728397915992 12510728436222506 12510728473633986
12510728473637358 12510728473894230 12510728474885014 12510728512281322 12510728473894242 12510728474124878 12510728512432650 12510728549762760
12510728549765094 12510728550041122 12510728551159790 12510728588697968 12510728550041134 12510728550254726 12510728588862690 12510728626423036
12510728626425386 12510728626698016 12510728627659754 12510728665095600 12510728626698062 12510728626913338 12510728665274802 12510728703037906
12510728703040418 12510728703305338 12510728704459094 12510728742629682 12510728703305350 12510728703524958 12510728742804344 12510728780273518
12510728780275844 12510728780537276 12510728781292948 12510728818652160 12510728780537288 12510728780758686 12510728818699108 12510728856081544
12510728856083890 12510728856349818 12510728857107516 12510728894553760 12510728856349830 12510728856697540 12510728894763984 12510728932155470

3145984574128882 3145984574499314 3145984575620946 3145984613120620 3145984574499326 3145984575046046 3145984613171942 3145984650674228
3145984650674952 3145984650923880 3145984651660942 3145984689289024 3145984650923918 3145984651142752 3145984689616814 3145984727154276
3145984727156338 3145984727486444 3145984728148250 3145984766503464 3145984727486458 3145984727744010 3145984766783626 3145984804397636
3145984804398344 3145984804691126 3145984805459934 3145984842958474 3145984804691140 3145984804925784 3145984843023344 3145984880489542
3145984880491880 3145984880737804 3145984881470360 3145984918986622 3145984880737816 3145984880962322 3145984919034790 3145984956515146
3145984956515530 3145984956774154 3145984957519762 3145984995110678 3145984956774166 3145984957010668 3145984995162970 3145985032737114
3145985032737520 3145985032977922 3145985033794510 3145985071341384 3145985032977968 3145985033206980 3145985071492722 3145985109850552
3145985109852934 3145985110110126 3145985111033986 3145985148482984 3145985110110138 3145985110344436 3145985148633786 3145985186131176
3145985186133838 3145985186480132 3145985187363844 3145985224895518 3145985186480144 3145985186858814 3145985224956810 3145985262500600

12510702730250290 12510702730631142 12510702731754468 12510702768942140 12510702730631154 12510702731179758 12510702769008698 12510702806462338
12510702806463076 12510702806717632 12510702807854706 12510702845944122 12510702806717644 12510702806932112 12510702846438162 12510702883767788
12510702883768464 12510702884118776 12510702884923072 12510702922190802 12510702884118788 12510702884371234 12510702922258532 12510702959590080
12510702959592548 12510702959866670 12510702960918338 12510702998187984 12510702959866682 12510702960088180 12510702998348254 12510703035835452
12510703035835858 12510703036115006 12510703037043200 12510703074252740 12510703036115018 12510703036338230 12510703074508102 12510703111657318
12510703111660072 12510703111972328 12510703113787642 12510703151039730 12510703111972376 12510703112196112 12510703151200466 12510703189206378
12510703189207194 12510703189479458 12510703190232286 12510703227425226 12510703189479470 12510703189697552 12510703227474426 12510703264762252
12510703264763066 12510703265026642 12510703266425204 12510703303789102 12510703265026688 12510703265266774 12510703304050614 12510703341402044
12510703341404404 12510703341685008 12510703343641026 12510703380950226 12510703341685020 12510703342051832 12510703381136778 12510703418440040

12510652444139194 12510652444517144 12510652445631606 12510652483254322 12510652444517244 12510652445054416 12510652483305922 12510652521428364
12510652521430556 12510652521696148 12510652522462328 12510652560204110 12510652521696184 12510652521948266 12510652560533590 12510652598009550
12510652598011888 12510652598332384 12510652599003412 12510652636483684 12510652598332620 12510652598579394 12510652636678056 12510652674126756
12510652674129230 12510652674374686 12510652675270734 12510652712728312 12510652674374942 12510652674623292 12510652712878970 12510652750495752
12510652750498106 12510652750767072 12510652751529720 12510652788956046 12510652750767084 12510652751012308 12510652789107810 12510652827360334
12510652827365032 12510652827621944 12510652828403194 12510652865789202 12510652827622014 12510652827857614 12510652865841790 12510652903244574
12510652903246990 12510652903479558 12510652904825720 12510652942291688 12510652903479604 12510652903728734 12510652942445902 12510652979907682
12510652979910410 12510652980149696 12510652981144732 12510653018878040 12510652980149712 12510652980392510 12510653019038518 12510653057222534
12510653057222912 12510653057475230 12510653058229168 12510653096194260 12510653057475340 12510653057705908 12510653096257764 12510653133817490

12510628639015806 12510628639396650 12510628640398888 12510628677992870 12510628639396764 12510628639941040 12510628678153820 12510628715706900
12510628715707616 12510628715959680 12510628716610836 12510628755202448 12510628715959938 12510628716203502 12510628755737292 12510628793239616
12510628793242080 12510628793561206 12510628794275888 12510628831826742 12510628793561254 12510628793834070 12510628832005828 12510628869532556
12510628869533246 12510628869809218 12510628870535972 12510628908070672 12510628869809264 12510628870085842 12510628908242384 12510628945705402
12510628945709978 12510628945984518 12510628946633058 12510628984185914 12510628945984632 12510628946223214 12510628984381702 12510629021971772
12510629021972126 12510629022226924 12510629023659086 12510629061912242 12510629022226938 12510629022460996 12510629061981116 12510629099391566
12510629099391976 12510629099647642 12510629100294406 12510629137916952 12510629099647654 12510629099885496 12510629138077190 12510629175664838
12510629175668228 12510629175914474 12510629176575088 12510629213998416 12510629175914486 12510629176147210 12510629214148070 12510629251796320
12510629251799036 12510629252086988 12510629252864054 12510629290389942 12510629252087000 12510629252444150 12510629290589448 12510629328184588

12510690752373094 12510690752748718 12510690753754844 12510690790950844 12510690752748730 12510690753330924 12510690791109176 12510690829061054
12510690829063228 12510690829319186 12510690829959624 12510690867362594 12510690829319238 12510690829562090 12510690867849952 12510690905238974
12510690905239384 12510690905562708 12510690907056592 12510690944459312 12510690905562720 12510690905855996 12510690944633770 12510690981859434
12510690981859902 12510690982142870 12510690983905686 12510691021216524 12510690982142908 12510690982410074 12510691021283232 12510691058413776
12510691058414140 12510691058696054 12510691060526790 12510691098184770 12510691058696068 12510691058943334 12510691098250978 12510691136249158
12510691136249994 12510691136511864 12510691137169976 12510691174498318 12510691136511876 12510691136757204 12510691174675822 12510691211844696
12510691211845112 12510691212094784 12510691213702510 12510691250987256 12510691212094798 12510691212324516 12510691251040924 12510691288198174
12510691288200226 12510691288447898 12510691290170758 12510691327473450 12510691288447944 12510691288676590 12510691327527206 12510691364708982
12510691364711768 12510691364986030 12510691367235122 12510691404600088 12510691364986044 12510691365354714 12510691404678582 12510691441851312

12510669447065468 12510669447454446 12510669448437536 12510669485652388 12510669447454464 12510669448019834 12510669485812236 12510669523718414
12510669523721060 12510669523995824 12510669524631534 12510669562039576 12510669523995842 12510669524220878 12510669562499276 12510669599550612
12510669599554258 12510669599916906 12510669601659964 12510669638810056 12510669599916922 12510669600178154 12510669638875742 12510669676023238
12510669676023666 12510669676318602 12510669678089548 12510669715130188 12510669676318640 12510669676546454 12510669715183438 12510669752251406
12510669752253774 12510669752533492 12510669754399530 12510669791615426 12510669752533544 12510669752759692 12510669791674000 12510669829571540
12510669829571904 12510669829858296 12510669831303492 12510669868325416 12510669829858366 12510669830080106 12510669868473992 12510669905665946
12510669905669518 12510669905927318 12510669908130120 12510669945299528 12510669905927336 12510669906139296 12510669945353542 12510669982555786
12510669982558180 12510669982822828 12510669984188474 12510670021165250 12510669982822848 12510669983046416 12510670021210686 12510670058303226
12510670058305612 12510670058582596 12510670060532896 12510670097672954 12510670058582612 12510670058943334 12510670097745686 12510670134987432

12510590509041542 12510590509420178 12510590510389294 12510590547569130 12510590509420190 12510590509964836 12510590547742030 12510590584925510
12510590584928216 12510590585192684 12510590586098432 12510590623680726 12510590585192696 12510590585423502 12510590624162676 12510590661246436
12510590661249704 12510590661590204 12510590663604576 12510590700817756 12510590661590216 12510590661853506 12510590700881194 12510590738803956
12510590738804364 12510590739117826 12510590740043962 12510590777314618 12510590739117842 12510590739360878 12510590777373566 12510590814455094
12510590814455488 12510590814755758 12510590816286764 12510590853545498 12510590814755770 12510590814993490 12510590853598100 12510590890872134
12510590890872522 12510590891142488 12510590892513970 12510590929789324 12510590891142524 12510590891371818 12510590929841350 12510590967004672
12510590967005084 12510590967259988 12510590969587138 12510591006957962 12510590967260000 12510590967479010 12510591007011388 12510591044163966
12510591044166324 12510591044423556 12510591045991518 12510591084138620 12510591044423628 12510591044647758 12510591084206644 12510591121431810
12510591121434582 12510591121714884 12510591122473872 12510591159854692 12510591121714896 12510591122071510 12510591160073722 12510591197252922

12510717585117332 12510717585487050 12510717586485732 12510717623881552 12510717585487062 12510717586026520 12510717624038298 12510717661461242
12510717661464762 12510717661722814 12510717662515928 12510717700149104 12510717661722862 12510717661948858 12510717700509106 12510717737935852
12510717737940054 12510717738283724 12510717739686680 12510717777081432 12510717738283736 12510717738552702 12510717777246926 12510717814929690
12510717814932060 12510717815220226 12510717815945358 12510717854122930 12510717815220246 12510717815481804 12510717854342356 12510717891785168
12510717891787534 12510717892068054 12510717892731648 12510717930200694 12510717892068100 12510717892297762 12510717930359256 12510717967885772
12510717967888102 12510717968148908 12510717968793908 12510718006294106 12510717968148920 12510717968387396 12510718006441312 12510718043826922
12510718043830534 12510718044077620 12510718045791224 12510718083277310 12510718044077632 12510718044328156 12510718083426268 12510718120845376
12510718120847744 12510718121083016 12510718122064728 12510718160172656 12510718121083064 12510718121318314 12510718160373378 12510718197795656
12510718197796100 12510718198056068 12510718198866982 12510718236309362 12510718198056082 12510718198432970 12510718236490516 12510718273851846
