25 3526
12511251098363776 12511251098484798 12511251111992342 12511251617567046 12511251098484812 12511251098851358 12511251621967082 12511252126490188
12511252126495302 12511252126580358 12511252137379182 12511252643840456 12511252126580372 12511252126605926 12511252648673476 12511253155278988
12511253155281078 12511253155355468 12511253166422530 12511253672065474 12511253155355514 12511253155376546 12511253675932880 12511254183193658
12511254183196914 12511254183255536 12511254193449350 12511254699563384 12511254183255550 12511254183275090 12511254704305774 12511255211370340
12511255211373664 12511255211434426 12511255221642544 12511255727853380 12511255211434474 12511255211450748 12511255732654088 12511256240956366
12511256240960240 12511256241022122 12511256251840500 12511256748718102 12511256241022136 12511256241042540 12511256758364037 12511257235495214
12511257235566206 12511257235618826 12511257261720026 12511257738380258 12511257235618838 12511257235632398 12511257742531198 12511258217952306
12511258217957186 12511258218027002 12511258227617210 12511258703239940 12511258218027052 12511258218050356 12511258707150648 12511259181789038
12511259181789856 12511259181852692 12511259192598520 12511259668193536 12511259181852704 12511259181870970 12511259716584190 12511260193004146

12511296059323614 12511296059407436 12511296070357656 12511296539779942 12511296059407464 12511296059744540 12511296582682960 12511297056474790
12511297056476862 12511297056547294 12511297095002874 12511297568317160 12511297056547532 12511297056567348 12511297609149964 12511298082793294
12511298082795766 12511298082866228 12511298123780932 12511298598387886 12511298082866276 12511298082881704 12511298636385284 12511299109602278
12511299109605504 12511299109656208 12511299151682698 12511299627283074 12511299109656228 12511299109671750 12511299664768382 12511300139587328
12511300139588074 12511300139639776 12511300179866318 12511300655830996 12511300139639790 12511300139652990 12511300693130460 12511301168410790
12511301168411610 12511301168464950 12511301209113780 12511301684195242 12511301168465186 12511301168480484 12511301712408894 12511302187564128
12511302187627956 12511302187692004 12511302202532214 12511302678543332 12511302187692016 12511302187705880 12511302703153444 12511303178604548
12511303178605344 12511303178696334 12511303189346878 12511303664697230 12511303178696576 12511303178719538 12511303667899664 12511304143401284
12511304143402058 12511304143467730 12511304201539562 12511304676698664 12511304143467742 12511304143486718 12511304702255202 12511305177355190

12511213746469756 12511213746570628 12511213759434408 12511214234429168 12511213746570654 12511213746911776 12511214268259000 12511214742428814
12511214742430960 12511214742499524 12511214784206222 12511215260348346 12511214742499812 12511214742521040 12511215293430364 12511215767713490
12511215767716926 12511215767783514 12511215808445598 12511216284461344 12511215767783586 12511215767798558 12511216316605054 12511216790813126
12511216790816342 12511216790866028 12511216832128110 12511217315578193 12511216790866310 12511216790883894 12511217339751202 12511217818633170
12511217818635926 12511217818692138 12511217854384488 12511218329425082 12511217818692420 12511217818704978 12511218337107142 12511218812108760
12511218812112390 12511218812165394 12511218860404282 12511219334916416 12511218812165648 12511218812181314 12511219374506144 12511219848842614
12511219848899504 12511219848971646 12511219879155258 12511220354961754 12511219848971674 12511219848984478 12511220369257490 12511220844170530
12511220844171382 12511220844275500 12511220903086144 12511221378561634 12511220844275778 12511220844297824 12511221408159028 12511221882370636
12511221882371458 12511221882442474 12511221909210528 12511222386001582 12511221882442520 12511221882459220 12511222420044786 12511222894496360

12511241517434078 12511241517518286 12511241527330754 12511242001434090 12511241517518300 12511241517854970 12511242007768692 12511242482054692
12511242482057490 12511242482109566 12511242520914476 12511242996603728 12511242482109580 12511242482126958 12511243033332698 12511243507936476
12511243507939144 12511243507991156 12511243546799690 12511244022780478 12511243507991168 12511243508003660 12511244057453512 12511244531995018
12511244531998808 12511244532050140 12511244570646975 12511245046295072 12511244532050156 12511244532067426 12511245087819480 12511245562871538
12511245562872330 12511245562924758 12511245598789678 12511246073094508 12511245562924772 12511245562937878 12511246115404514 12511246591658650
12511246591661788 12511246591709120 12511246628198136 12511247102850564 12511246591709138 12511246591724842 12511247145321824 12511247620428764
12511247620493660 12511247620561676 12511247647896804 12511248123163724 12511247620561688 12511247620575794 12511248137951154 12511248612994890
12511248612996344 12511248613095118 12511248638404354 12511249113920240 12511248613095134 12511248613111322 12511249119888790 12511249594453258
12511249594456374 12511249594519816 12511249660260086 12511250135357090 12511249594519828 12511249594533772 12511250160075858 12511250634377378

12511240851335398 12511240851445754 12511240862297174 12511241333313542 12511240851445766 12511240851790116 12511241374740832 12511241846388866
12511241846390968 12511241846464704 12511241888738342 12511242359202936 12511241846464724 12511241846485276 12511242400887102 12511242872477290
12511242872482446 12511242872554674 12511242918832174 12511243390059774 12511242872554722 12511242872568488 12511243428119202 12511243898632050
12511243898632776 12511243898686820 12511243945380238 12511244419292436 12511243898686834 12511243898703124 12511244456511730 12511244927970340
12511244927971068 12511244928026190 12511244974178843 12511245446199154 12511244928026202 12511244928038912 12511245484859218 12511245957225302
12511245957226026 12511245957276064 12511246003885782 12511246476418168 12511245957276114 12511245957291526 12511246504148748 12511246977198824
12511246977279666 12511246977336616 12511246995835728 12511247468502194 12511246977336628 12511246977349630 12511247494753268 12511247966931036
12511247966934566 12511247967032478 12511247978170632 12511248451041980 12511247967032528 12511247967052812 12511248459484130 12511248931920452
12511248931923568 12511248931986976 12511248959140698 12511249432404732 12511248931986988 12511248932005210 12511249464685410 12511249937154688

12511269106400396 12511269106484062 12511269118818718 12511269591712328 12511269106484076 12511269106813274 12511269595282494 12511270070065706
12511270070068234 12511270070139756 12511270144696154 12511270618709106 12511270070139770 12511270070158618 12511270656746776 12511271129420766
12511271129423574 12511271129491686 12511271174184714 12511271647702654 12511271129491700 12511271129505784 12511271684008732 12511272156757214
12511272156758092 12511272156808548 12511272201349578 12511272675078960 12511272156808564 12511272156824476 12511272712385534 12511273185394488
12511273185395368 12511273185444908 12511273229649888 12511273702106096 12511273185444920 12511273185458396 12511273740736444 12511274213601560
12511274213602414 12511274213654124 12511274259894362 12511274733663542 12511274213654174 12511274213670398 12511274759905152 12511275233621816
12511275233681660 12511275233763178 12511275251651784 12511275725161516 12511275233763190 12511275233776376 12511275750634150 12511276222559842
12511276222562338 12511276222650578 12511276234195646 12511276707465216 12511276222650590 12511276222670882 12511276715248686 12511277188519108
12511277188522718 12511277188585040 12511277236891488 12511277712480112 12511277188585052 12511277188601008 12511277743610142 12511278216169222

12511256723886542 12511256723985740 12511256735991754 12511257208534094 12511256723985752 12511256724315252 12511257245144706 12511257717952208
12511257717957032 12511257718032920 12511257759427308 12511258250789188 12511257718032932 12511257718051272 12511258269938619 12511258753380838
12511258753381256 12511258753451954 12511258783809760 12511259257226926 12511258753451966 12511258753466582 12511259293548780 12511259765942466
12511259765943236 12511259765995102 12511259807475302 12511260280740432 12511259765995114 12511259766011630 12511260316827480 12511260790058042
12511260790058866 12511260790111102 12511260829996472 12511261303584498 12511260790111114 12511260790124314 12511261314123710 12511261788219038
12511261788221214 12511261788271270 12511261838295174 12511262311543904 12511261788271282 12511261788288344 12511262353323982 12511262827589856
12511262827654976 12511262827732822 12511262857455828 12511263332821578 12511262827732834 12511262827746910 12511263347016950 12511263820724510
12511263820727020 12511263820819192 12511263864045204 12511264337891508 12511263820819204 12511263820836422 12511264375461798 12511264849786248
12511264849787042 12511264849852486 12511264884347648 12511265358079374 12511264849852498 12511264849869882 12511265397084254 12511265871513750

12511181205910574 12511181206006750 12511181218890690 12511181723240884 12511181206006764 12511181206379792 12511181727786186 12511182232351800
12511182232356880 12511182232437498 12511182244278422 12511182748171702 12511182232437512 12511182232457686 12511182752858858 12511183256708946
12511183256711024 12511183256789842 12511183268027740 12511183771669484 12511183256789854 12511183256809276 12511183776127246 12511184280404626
12511184280405456 12511184280468682 12511184291713836 12511184794702922 12511184280468694 12511184280487342 12511184799272278 12511185302943956
12511185302944734 12511185303022822 12511185314706366 12511185792727288 12511185303022834 12511185303039480 12511185822378143 12511186295026470
12511186295027224 12511186295093302 12511186337161984 12511186809089254 12511186295093350 12511186295108998 12511186843908852 12511187315163466
12511187315224326 12511187315280032 12511187359202230 12511187831987702 12511187315280044 12511187315292500 12511187867026514 12511188338226332
12511188338229126 12511188338326124 12511188380841052 12511188854829574 12511188338326136 12511188338344882 12511188888425418 12511189359800976
12511189359801774 12511189359862302 12511189403833724 12511189875603500 12511189359862314 12511189359880900 12511189889498862 12511190361806322

12511166113553742 12511166113663118 12511166125054596 12511166591247998 12511166113663156 12511166113989392 12511166634745022 12511167103870782
12511167103875404 12511167103928572 12511167149517784 12511167619926126 12511167103928584 12511167103945242 12511167659527798 12511168128919290
12511168128921504 12511168128975434 12511168173725758 12511168643312372 12511168128975448 12511168128988376 12511168682995908 12511169154085492
12511169154086316 12511169154135990 12511169197403930 12511169667207266 12511169154136004 12511169154152340 12511169705753530 12511170176080534
12511170176081296 12511170176131016 12511170219934468 12511170689699690 12511170176131028 12511170176144422 12511170703552520 12511171174054568
12511171174055440 12511171174106364 12511171209444220 12511171681225058 12511171174106376 12511171174123236 12511171718687680 12511172188099284
12511172188169730 12511172188226158 12511172229785542 12511172700163814 12511172188226170 12511172188239096 12511172741767450 12511173211218868
12511173211221342 12511173211323608 12511173253031818 12511173723283110 12511173211323656 12511173211340354 12511173765550114 12511174235658154
12511174235661276 12511174235724016 12511174275001886 12511174746277776 12511174235724028 12511174235738160 12511174786477010 12511175257115820

12511167277893978 12511167277978284 12511167289297166 12511167762461124 12511167277978296 12511167278319800 12511167765021350 12511168239934584
12511168239938644 12511168239990266 12511168277013986 12511168751674584 12511168239990282 12511168240006588 12511168787840492 12511169262907598
12511169262911310 12511169262967714 12511169305094974 12511169779000072 12511169262967726 12511169262979674 12511169821015342 12511170295191564
12511170295194796 12511170295239706 12511170334760462 12511170809486870 12511170295239728 12511170295256068 12511170848295404 12511171321895062
12511171321898266 12511171321946548 12511171362854746 12511171837467954 12511171321946562 12511171321959200 12511171875438772 12511172349040544
12511172349044378 12511172349095174 12511172391426304 12511172865527436 12511172349095226 12511172349111570 12511172907748394 12511173380996912
12511173381048402 12511173381099862 12511173411160908 12511173885578950 12511173381099876 12511173381112938 12511173900262392 12511174374738590
12511174374739264 12511174374844560 12511174400755394 12511174875008464 12511174374844578 12511174374861942 12511174880787956 12511175354869430
12511175354872164 12511175354935470 12511175404589586 12511175878262792 12511175354935482 12511175354948054 12511175913655432 12511176387633122

12511292215057592 12511292215157520 12511292227487132 12511292702550828 12511292215157646 12511292215491700 12511292733724848 12511293209670078
12511293209672176 12511293209740954 12511293253329024 12511293731657410 12511293209741256 12511293209758792 12511293764484108 12511294239206364
12511294239208454 12511294239283444 12511294279721514 12511294754913446 12511294239283608 12511294239298614 12511294791709340 12511295266060572
12511295266061492 12511295266110768 12511295295569470 12511295771368976 12511295266110788 12511295266127104 12511295793073344 12511296267795190
12511296267798544 12511296267849882 12511296303326182 12511296778280230 12511296267850018 12511296267863442 12511296815802608 12511297290415464
12511297290418810 12511297290469524 12511297332099862 12511297806800498 12511297290469546 12511297290485926 12511297842498746 12511298317335650
12511298317408812 12511298317465488 12511298363825366 12511298840386910 12511298317465674 12511298317478904 12511298858868458 12511299333630722
12511299333634074 12511299333753794 12511299353936738 12511299828205862 12511299333754114 12511299333772406 12511299864697926 12511300339521160
12511300339521992 12511300339587286 12511300374176462 12511300849214772 12511300339587392 12511300339605258 12511300887096934 12511301363847962

12511185882112418 12511185882194136 12511185893807972 12511186361148384 12511185882194670 12511185882528716 12511186402016432 12511186874685538
12511186874689960 12511186874739502 12511186916592802 12511187389507768 12511186874739866 12511186874756844 12511187426877436 12511187899214464
12511187899218640 12511187899268518 12511187939549328 12511188412803204 12511187899268558 12511187899281206 12511188451093778 12511188923391288
12511188923392108 12511188923441960 12511188963449356 12511189436987378 12511188923442310 12511188923459330 12511189475808726 12511189948662876
12511189948666322 12511189948717700 12511189988130082 12511190461949156 12511189948717788 12511189948731884 12511190498138376 12511190971328728
12511190971331626 12511190971379760 12511191010814382 12511191483425192 12511190971380110 12511190971396636 12511191519667158 12511191993280660
12511191993343328 12511191993398058 12511192032808980 12511192506749664 12511191993398144 12511191993411170 12511192542916046 12511193016268962
12511193016272170 12511193016369530 12511193055266656 12511193528216670 12511193016369858 12511193016387830 12511193564184420 12511194036328920
12511194036329730 12511194036391966 12511194077165142 12511194551059272 12511194036392056 12511194036405444 12511194564681062 12511195038501642

12511124971855316 12511124971971764 12511124984425220 12511125487138440 12511124971971778 12511124972353120 12511125493735480 12511125997878974
12511125997881396 12511125997943484 12511126010212568 12511126513578516 12511125997943496 12511125997963204 12511126518631986 12511127020883642
12511127020889134 12511127020951826 12511127033971170 12511127536796734 12511127020951840 12511127020969754 12511127542071340 12511128044806706
12511128044807126 12511128044869622 12511128057655476 12511128561438716 12511128044869634 12511128044889176 12511128565959854 12511129069429386
12511129069429802 12511129069493018 12511129080628442 12511129583895920 12511129069493030 12511129069510418 12511129588396970 12511130092004666
12511130092005094 12511130092066348 12511130103112148 12511130605463562 12511130092066362 12511130092085924 12511130609931718 12511131113698616
12511131113770944 12511131113847038 12511131125147914 12511131628117204 12511131113847050 12511131113864950 12511131633091132 12511132136095148
12511132136095972 12511132136180292 12511132146786844 12511132648917404 12511132136180304 12511132136200980 12511132654442528 12511133157969572
12511133157970010 12511133158042270 12511133169776098 12511133652019290 12511133158042284 12511133158060092 12511133655500596 12511134129286954

12511113863121746 12511113863219404 12511113875301468 12511114366401564 12511113863219416 12511113863592844 12511114383077010 12511114858828226
12511114858832214 12511114858889416 12511114899688486 12511115370557830 12511114858889464 12511114858905168 12511115407874470 12511115879343542
12511115879346848 12511115879419754 12511115922299292 12511116394750340 12511115879419768 12511115879433468 12511116431838750 12511116903993136
12511116903996774 12511116904046550 12511116946174604 12511117419154294 12511116904046566 12511116904063540 12511117456558020 12511117929070718
12511117929074050 12511117929127694 12511117970483828 12511118442370766 12511117929127706 12511117929141174 12511118478878120 12511118950394894
12511118950398100 12511118950446776 12511118993136292 12511119465754734 12511118950446788 12511118950463008 12511119500391614 12511119972047092
12511119972113682 12511119972169336 12511120015132928 12511120488844022 12511119972169382 12511119972182284 12511120523502292 12511120995748422
12511120995751782 12511120995842318 12511121036236176 12511121508276944 12511120995842332 12511120995859826 12511121545160370 12511122016715182
12511122016715932 12511122016779270 12511122059751024 12511122531996102 12511122016779282 12511122016793492 12511122546052062 12511123020064618

12511160201709080 12511160201810052 12511160212568702 12511160684805082 12511160201810064 12511160202134884 12511160707547732 12511161179239654
12511161179242198 12511161179291138 12511161205678224 12511161678536872 12511161179291190 12511161179307936 12511161720338954 12511162191835734
12511162191840308 12511162191889568 12511162232220206 12511162706445762 12511162191889580 12511162191902286 12511162743508140 12511163216374760
12511163216375502 12511163216424380 12511163259599638 12511163732176080 12511163216424394 12511163216441334 12511163759577314 12511164231946832
12511164231947546 12511164231999668 12511164271829200 12511164743121352 12511164231999680 12511164232012704 12511164784086252 12511165257524666
12511165257525386 12511165257576952 12511165293650934 12511165765005858 12511165257576966 12511165257594242 12511165807457630 12511166279059408
12511166279122536 12511166279187794 12511166315781868 12511166789806492 12511166279187806 12511166279201070 12511166831050810 12511167302480834
12511167302484912 12511167302582350 12511167338744634 12511167813420122 12511167302582362 12511167302599488 12511167850010938 12511168321482774
12511168321485878 12511168321549462 12511168360123540 12511168833361136 12511168321549476 12511168321563884 12511168873748706 12511169345804484

12511172021837946 12511172021942074 12511172035474602 12511172536245756 12511172021942120 12511172022322264 12511172544568838 12511173050036370
12511173050038574 12511173050128236 12511173060840294 12511173566309284 12511173050128284 12511173050151826 12511173571294736 12511174076459482
12511174076463868 12511174076549374 12511174087147170 12511174593531636 12511174076549420 12511174076569698 12511174600195246 12511175094347076
12511175094350304 12511175094403234 12511175116611542 12511175595910548 12511175094403546 12511175094419682 12511175626445202 12511176102105472
12511176102108696 12511176102163322 12511176143375304 12511176618652004 12511176102163336 12511176102176606 12511176655041752 12511177130906678
12511177130909900 12511177130962030 12511177170527068 12511177645334708 12511177130962334 12511177130978934 12511177686499034 12511178162430560
12511178162488490 12511178162561638 12511178185268636 12511178661278972 12511178162561686 12511178162574726 12511178665906708 12511179140399112
12511179140401582 12511179140479924 12511179151120388 12511179625693372 12511179140480230 12511179140501438 12511179627207008 12511180102706290
12511180102706704 12511180102775790 12511180152426828 12511180628049282 12511180102775802 12511180102794948 12511180657457124 12511181163061438

12511215123475054 12511215123574302 12511215134646478 12511215601062950 12511215123574314 12511215123903982 12511215641291374 12511216113661474
12511216113663974 12511216113744188 12511216159907482 12511216633113610 12511216113744240 12511216113762264 12511216672436302 12511217144168916
12511217144171310 12511217144241612 12511217186298218 12511217659736474 12511217144241624 12511217144257538 12511217699688750 12511218171308024
12511218171311170 12511218171359280 12511218202351062 12511218675038244 12511218171359296 12511218171375422 12511218701106002 12511219175082460
12511219175085600 12511219175136678 12511219210125216 12511219682840166 12511219175136692 12511219175150718 12511219723815216 12511220196395842
12511220196396530 12511220196448158 12511220238905180 12511220710238016 12511220196448176 12511220196464210 12511220750512676 12511221222711064
12511221222773998 12511221222840048 12511221270560674 12511221745133110 12511221222840060 12511221222853564 12511221766847546 12511222239631082
12511222239633510 12511222239735892 12511222263514682 12511222735242050 12511222239735908 12511222239754784 12511222773466758 12511223245816936
12511223245817668 12511223245884030 12511223285235860 12511223763326028 12511223245884044 12511223245899334 12511223797190412 12511224273726854

3146471452550158 3146471452617152 3146471465174006 3146471937090990 3146471452617164 3146471452940114 3146471973296876 3146472445546862
3146472445549178 3146472445616038 3146472490931438 3146472964385252 3146472445616050 3146472445633702 3146472998094314 3146473475179597
3146473475181428 3146473475237558 3146473512674129 3146473976652788 3146473475237576 3146473475250683 3146474021986844 3146474479241706
3146474479242446 3146474479294112 3146474536570594 3146475009370068 3146474479294126 3146474479309688 3146475046727426 3146475518334086
3146475518337344 3146475518387534 3146475561376384 3146476033732180 3146475518387546 3146475518400120 3146476069170528 3146476540803332
3146476540805430 3146476540852234 3146476583887280 3146477055261092 3146476540852280 3146476540868532 3146477090710230 3146477563163350
3146477563225472 3146477563281494 3146477605927308 3146478079766582 3146477563281508 3146477563295322 3146478113886576 3146478585396316
3146478585401182 3146478585491250 3146478627573658 3146479099461398 3146478585491266 3146478585510702 3146479135232436 3146479607318436
3146479607321618 3146479607381958 3146479650566216 3146480122539964 3146479607381970 3146479607399308 3146480136293348 3146480609522562

12511189609283016 12511189609372046 12511189620721088 12511190092735870 12511189609372058 12511189609703418 12511190115631706 12511190589174770
12511190589175484 12511190589234178 12511190609117630 12511191081709722 12511190589234194 12511190589248614 12511191122614184 12511191593998556
12511191594002730 12511191594056870 12511191638780976 12511192111012138 12511191594056884 12511191594070084 12511192145841524 12511192617235212
12511192617235956 12511192617288030 12511192662239436 12511193135358316 12511192617288046 12511192617303242 12511193164491746 12511193635915914
12511193635919260 12511193635975742 12511193681406534 12511194152890156 12511193635975756 12511193635989328 12511194192351092 12511194664659580
12511194664662848 12511194664712730 12511194703635756 12511195175144716 12511194664712742 12511194664728460 12511195213832230 12511195686443142
12511195686507128 12511195686565796 12511195726117726 12511196197857776 12511195686565808 12511195686579384 12511196238548800 12511196710525566
12511196710527968 12511196710633066 12511196748631860 12511197220169038 12511196710633078 12511196710649328 12511197258615318 12511197729848762
12511197729851796 12511197729914600 12511197770119888 12511198242961100 12511197729914614 12511197729928376 12511198283227782 12511198754844176

12511139321322910 12511139321416070 12511139332529682 12511139799836164 12511139321416178 12511139321736546 12511139839531598 12511140310579762
12511140310584868 12511140310649952 12511140358196038 12511140830664090 12511140310650238 12511140310671066 12511140870047240 12511141341862080
12511141341867184 12511141341935894 12511141384414048 12511141856949098 12511141341935928 12511141341950800 12511141897295386 12511142369376856
12511142369377704 12511142369428740 12511142401204184 12511142873543616 12511142369429064 12511142369445806 12511142898709022 12511143370716864
12511143370717684 12511143370769260 12511143408987304 12511143880658310 12511143370769332 12511143370781726 12511143921430928 12511144393277406
12511144393280724 12511144393337710 12511144437750932 12511144909579134 12511144393338002 12511144393353964 12511144948105356 12511145419434666
12511145419502566 12511145419569152 12511145469406664 12511145942867398 12511145419569164 12511145419582140 12511145964435690 12511146435512292
12511146435513028 12511146435617024 12511146448553144 12511146922452382 12511146435617398 12511146435637102 12511146926131980 12511147397464996
12511147397468220 12511147397535474 12511147445857440 12511147918200220 12511147397535562 12511147397552004 12511147958026724 12511148429173278

12511115515448464 12511115515561724 12511115529067914 12511116034351900 12511115515561736 12511115515932262 12511116039064232 12511116543815836
12511116543816576 12511116543899880 12511116554458926 12511117060594318 12511116543899894 12511116543919524 12511117065402202 12511117570404836
12511117570405574 12511117570470140 12511117583511056 12511118089463578 12511117570470152 12511117570487300 12511118093810958 12511118599725682
12511118599726042 12511118599789454 12511118610569384 12511119115484686 12511118599789466 12511118599808896 12511119121357022 12511119627749192
12511119627749582 12511119627813312 12511119638722844 12511120143832202 12511119627813326 12511119627829776 12511120149699384 12511120654854078
12511120654854434 12511120654934090 12511120668919366 12511121174441574 12511120654934104 12511120654952806 12511121180105198 12511121670694106
12511121670756364 12511121670810692 12511121678872294 12511122154885114 12511121670810790 12511121670824054 12511122159471636 12511122633154694
12511122633155420 12511122633221256 12511122644733408 12511123119013334 12511122633221562 12511122633240802 12511123120823262 12511123595356146
12511123595359770 12511123595419458 12511123654100124 12511124128145524 12511123595419552 12511123595432766 12511124134755856 12511124608022312

12511177631295928 12511177631385360 12511177643103664 12511178114833742 12511177631385372 12511177631722100 12511178152776264 12511178623823328
12511178623825826 12511178623896468 12511178667793540 12511179139970064 12511178623896480 12511178623919896 12511179180178508 12511179651207724
12511179651210220 12511179651280754 12511179694341182 12511180165647156 12511179651280766 12511179651295382 12511180209192980 12511180680949900
12511180680952930 12511180681005682 12511180724052816 12511181195358550 12511180681005728 12511180681022584 12511181235495886 12511181707308564
12511181707309378 12511181707364164 12511181752127746 12511182224509674 12511181707364178 12511181707377492 12511182263959172 12511182736272958
12511182736273720 12511182736324804 12511182779251322 12511183251540656 12511182736324818 12511182736343268 12511183295538370 12511183766531294
12511183766588396 12511183766647674 12511183793940834 12511184267865690 12511183766647686 12511183766660762 12511184276094526 12511184747511702
12511184747512478 12511184747612308 12511184787055554 12511185259284390 12511184747612320 12511184747633942 12511185292584694 12511185764002874
12511185764003688 12511185764074736 12511185774684578 12511186247653912 12511185764074784 12511185764093218 12511186268186646 12511186739726708

12511156325287540 12511156325393982 12511156337637456 12511156840095892 12511156325394028 12511156325755768 12511156845360754 12511157344806010
12511157344808520 12511157344872432 12511157356034772 12511157856024254 12511157344872444 12511157344892204 12511157860777752 12511158360668020
12511158360670284 12511158360729674 12511158373116278 12511158874096898 12511158360729686 12511158360745636 12511158877550960 12511159379263906
12511159379264304 12511159379327752 12511159391827496 12511159891105514 12511159379327764 12511159379347286 12511159894518476 12511160394889724
12511160394890530 12511160394953350 12511160407539990 12511160907474322 12511160394953364 12511160394970290 12511160921063382 12511161421124592
12511161421126972 12511161421187222 12511161434747004 12511161935763714 12511161421187234 12511161421206824 12511161948077170 12511162447156140
12511162447230478 12511162447306336 12511162465916384 12511162967301630 12511162447306348 12511162447323476 12511162970285406 12511163470227670
12511163470230854 12511163470345296 12511163482029346 12511163981936154 12511163470345342 12511163470366412 12511163987025998 12511164462005956
12511164462009278 12511164462103733 12511164488273958 12511164958899274 12511164462103753 12511164462117455 12511164999648078 12511165468805840

12511077384336538 12511077384421662 12511077396420862 12511077867008048 12511077384421674 12511077384751130 12511077904014690 12511078374428288
12511078374431060 12511078374486534 12511078412931500 12511078885351632 12511078374486588 12511078374501560 12511078919439506 12511079390527110
12511079390529870 12511079390583528 12511079429083764 12511079899194944 12511079390583542 12511079390595628 12511079936296416 12511080406210920
12511080406214270 12511080406265368 12511080447415968 12511080918212430 12511080406265422 12511080406280966 12511080953101606 12511081424595296
12511081424599252 12511081424652816 12511081464934920 12511081937308784 12511081424652864 12511081424664666 12511081983378316 12511082455714922
12511082455718268 12511082455767140 12511082494787674 12511082966966376 12511082455767160 12511082455782910 12511083008430000 12511083479573048
12511083479655008 12511083479709910 12511083526856724 12511083998645616 12511083479709924 12511083479722684 12511084023777598 12511084495532356
12511084495535158 12511084495637686 12511084540047732 12511085012627572 12511084495637704 12511084495654638 12511085045559184 12511085517834142
12511085517834838 12511085517899050 12511085528657826 12511086000110316 12511085517899066 12511085517911926 12511086020907632 12511086492791702

12511204465475040 12511204465559972 12511204476820306 12511204944794734 12511204465559984 12511204465886152 12511204987922472 12511205460581056
12511205460583712 12511205460650396 12511205502616790 12511205975743462 12511205460650410 12511205460672262 12511206014330894 12511206487108588
12511206487113760 12511206487181446 12511206529064642 12511207001888010 12511206487181458 12511206487196116 12511207043251290 12511207514632440
12511207514636022 12511207514686308 12511207558762107 12511208031887926 12511207514686320 12511207514702174 12511208069422576 12511208541071470
12511208541075162 12511208541128132 12511208586338400 12511209061521680 12511208541128144 12511208541141778 12511209098234624 12511209570962540
12511209570963294 12511209571018066 12511209613483036 12511210086792208 12511209571018082 12511209571036588 12511210129724698 12511210602045340
12511210602092984 12511210602147572 12511210628202494 12511211101742044 12511210602147584 12511210602162492 12511211109020512 12511211582775964
12511211582776738 12511211582869674 12511211592552086 12511212064123004 12511211582869686 12511211582890554 12511212094860872 12511212567845564
12511212567846324 12511212567911328 12511212605215859 12511213077295836 12511212567911374 12511212567930522 12511213084182718 12511213558033552
