25 3349
12511595855572908 12511595855596110 12511595888532906 12511596360817654 12511595855596128 12511595855610558 12511596360845934 12511596832861590
12511595888524632 12511595888549200 12511596832881568 12511597310514778 12511596360867744 12511596360932834 12511597310537452 12511597789703734
12511596832898668 12511596832935708 12511597789729506 12511598272257978 12511597310556208 12511597310606554 12511598272285342 12511598746728458
12511597789748726 12511597789801158 12511598746752332 12511599227023694 12511598272301634 12511598272353446 12511599227045848 12511599702360744
12511598746824466 12511598746889100 12511599702381954 12511600182421792 12511599227069170 12511599227133330 12511600182446214 12511600657232562
12511599702397740 12511599702453558 12511600657256358 12511601137226616 12511600182539296 12511600182605910 12511601137250630 12511601613317976
12511600657319204 12511600657385346 12511601613341714 12511602093314572 12511601137272040 12511601137331004 12511602093340834 12511602569453930
12511601613364960 12511601613420166 12511602569478844 12511603052467132 12511602093361464 12511602093414128 12511603052490688 12511603528553316
12511602569500712 12511602569553256 12511603528656442 12511604001018920 12511603052558812 12511603052624072 12511604001041702 12511604471550170

12511640818354520 12511640818373036 12511640851310896 12511641323378892 12511640818373146 12511640818383024 12511641323401970 12511641797436912
12511640851302946 12511640851326482 12511641797458938 12511642275408322 12511641323423106 12511641323491550 12511642275431172 12511642755558892
12511641797482656 12511641797528794 12511642755582970 12511643228779120 12511642275454906 12511642275504724 12511643228800426 12511643707723356
12511642755606596 12511642755655052 12511643707743222 12511644187037646 12511643228824622 12511643228873686 12511644187058657 12511644652426931
12511643707762386 12511643707814616 12511644652446451 12511645111837186 12511644187133757 12511644187188530 12511645111858604 12511645584023974
12511644652466648 12511644652517160 12511645584058498 12511646069811594 12511645111879368 12511645111931402 12511646069833868 12511646545684096
12511645584073810 12511645584128176 12511646545708834 12511647023002126 12511646069850644 12511646069902352 12511647023024722 12511647498962230
12511646545786052 12511646545848884 12511647498982206 12511647975510726 12511647023048906 12511647023099020 12511647975527542 12511648450807006
12511647499000242 12511647499051778 12511648450903046 12511648921069478 12511647975544436 12511647975593228 12511648921089956 12511649391015216

12511558503344938 12511558503369660 12511558537390560 12511559026995682 12511558503369774 12511558503380068 12511559027023436 12511559500237312
12511558537382062 12511558537404692 12511559500257914 12511559981941980 12511559027088028 12511559027161036 12511559981962992 12511560463281906
12511559500323816 12511559500378532 12511560463306190 12511560943415142 12511559982033864 12511559982134920 12511560943440332 12511561421623586
12511560463377670 12511560463438480 12511561421645520 12511561904860066 12511560943517674 12511560943583404 12511561904883498 12511562386743346
12511561421715708 12511561421778116 12511562386760182 12511562868163594 12511561904959090 12511561905018152 12511562868185014 12511563347656128
12511562386825634 12511562386888044 12511563347674206 12511563828143972 12511562868250230 12511562868312132 12511563828161716 12511564310906738
12511563347694168 12511563347750714 12511564310926428 12511564790510994 12511563828232356 12511563828319694 12511564790531346 12511565270835460
12511564310954292 12511564311013730 12511565270856384 12511565750024306 12511564790598496 12511564790655594 12511565750056146 12511566233477232
12511565270921794 12511565270982920 12511566233570570 12511566712868172 12511565750079834 12511565750128070 12511566712891386 12511567182767814

12511586275083752 12511586275103218 12511586309416504 12511586783120958 12511586275103340 12511586275111896 12511586783142520 12511587260915094
12511586309408494 12511586309432054 12511587260934216 12511587734992772 12511586783167556 12511586783210118 12511587735016586 12511588212557484
12511587261006338 12511587261050348 12511588212578300 12511588688588706 12511587735038768 12511587735087860 12511588688609804 12511589168239446
12511588212647226 12511588212692748 12511589168259394 12511589643895485 12511588688634958 12511588688689916 12511589643915022 12511590123126448
12511589168329846 12511589168393660 12511590123153476 12511590597689768 12511589643937994 12511589644004016 12511590597732010 12511591077055502
12511590123177680 12511590123232220 12511591077080882 12511591551399528 12511590597754432 12511590597809282 12511591551422340 12511592031908986
12511591077102506 12511591077157848 12511592031932496 12511592506129308 12511591551445544 12511591551498326 12511592506152624 12511592985252006
12511592031952710 12511592032005000 12511592985276366 12511593459758532 12511592506235758 12511592506296326 12511593459780468 12511593938989300
12511592985302618 12511592985356178 12511593939098532 12511594410301154 12511593459799790 12511593459851396 12511594410320930 12511594882069688

12511585609115802 12511585609139262 12511585643111926 12511586111908626 12511585609139356 12511585609149656 12511586111931516 12511586582766570
12511585643103168 12511585643126984 12511586582792068 12511587058055996 12511586111948952 12511586111996166 12511587058081844 12511587533811406
12511586582812846 12511586582848934 12511587533830468 12511588012790668 12511587058102180 12511587058150850 12511588012816094 12511588490996028
12511587533846716 12511587533894484 12511588491019708 12511588963939524 12511588012837176 12511588012891204 12511588963963542 12511589442837808
12511588491039228 12511588491093412 12511589442866096 12511589915453148 12511588963979878 12511588964035920 12511589915480650 12511590393667260
12511589442942830 12511589443005316 12511590393688682 12511590865141258 12511589915506112 12511589915559510 12511590865168014 12511591344408376
12511590393754474 12511590393818238 12511591344430898 12511591816691242 12511590865187128 12511590865244126 12511591816718574 12511592296491490
12511591344497038 12511591344563482 12511592296515222 12511592770207410 12511591816795862 12511591816859226 12511592770235432 12511593249561040
12511592296536108 12511592296592258 12511593249654328 12511593716823544 12511592770303194 12511592770397328 12511593716844254 12511594183632098

12511613865107218 12511613865131776 12511613899409112 12511614372506132 12511613865131788 12511613865144342 12511614372536160 12511614846365276
12511613899400176 12511613899422520 12511614846392396 12511615320756146 12511614372561414 12511614372609436 12511615320778296 12511615794260270
12511614846414330 12511614846453630 12511615794285030 12511616268886815 12511615320795026 12511615320845992 12511616268933494 12511616740944872
12511615794308906 12511615794361500 12511616740972440 12511617217513358 12511616268948246 12511616269004442 12511617217535246 12511617689754998
12511616740992106 12511616741052480 12511617689782588 12511618165858684 12511617217600314 12511617217666350 12511618165884674 12511618638116722
12511617689802174 12511617689856900 12511618638142244 12511619113657558 12511618165907000 12511618165963780 12511619113682228 12511619586261376
12511618638165630 12511618638224702 12511619586288316 12511620056245558 12511619113703656 12511619113759550 12511620056268412 12511620530551510
12511619586313858 12511619586371248 12511620530574188 12511621006543060 12511620056344344 12511620056408620 12511621006565710 12511621482476516
12511620530599390 12511620530654610 12511621482573134 12511621952239050 12511621006592206 12511621006648704 12511621952262554 12511622422129448

12511601482180744 12511601482202908 12511601516498866 12511601988570462 12511601482203000 12511601482213904 12511601988595682 12511602461994714
12511601516490666 12511601516516088 12511602462012278 12511602940121916 12511601988660848 12511601988715746 12511602940138306 12511603420324310
12511602462076406 12511602462134378 12511603420349178 12511603896707274 12511602940197190 12511602940254710 12511603896732086 12511604375385070
12511603420372440 12511603420429248 12511604375403988 12511604852566550 12511603896807722 12511603896869884 12511604852591792 12511605330546896
12511604375463582 12511604375525206 12511605330563350 12511605807034476 12511604852668356 12511604852732636 12511605807055346 12511606284766794
12511605330624288 12511605330685694 12511606284793012 12511606762148824 12511605807116628 12511605807180380 12511606762169460 12511607240078644
12511606284868668 12511606284932676 12511607240102902 12511607716494452 12511606762233306 12511606762296720 12511607716518548 12511608193069632
12511607240183194 12511607240243424 12511608193090224 12511608670329244 12511607716543426 12511607716598320 12511608670353646 12511609147829154
12511608193169168 12511608193230232 12511609147924860 12511609620938166 12511608670377118 12511608670432214 12511609620958990 12511610090636816

12511525962362174 12511525962381780 12511525995964460 12511526466873396 12511525962381888 12511525962393390 12511526466899906 12511526935928178
12511525995956478 12511525995976582 12511526935952918 12511527412772080 12511526466921840 12511526466978948 12511527412796308 12511527884525018
12511526935974202 12511526936014774 12511527884547400 12511528366332110 12511527412860490 12511527412909392 12511528366354664 12511528839412900
12511527884566820 12511527884624334 12511528839435472 12511529313651648 12511528366373560 12511528366427566 12511529313673744 12511529786396252
12511528839451390 12511528839504388 12511529786419314 12511530258595768 12511529313694788 12511529313750468 12511530258618850 12511530735112262
12511529786441186 12511529786494938 12511530735132182 12511531207625730 12511530258642644 12511530258695452 12511531207642556 12511531682245622
12511530735151748 12511530735204332 12511531682273298 12511532153523896 12511531207659374 12511531207710986 12511532153547308 12511532627468250
12511531682350562 12511531682412244 12511532627491688 12511533101401886 12511532153568968 12511532153625850 12511533101423588 12511533577518156
12511532627512920 12511532627568300 12511533577624612 12511534048483700 12511533101443476 12511533101497520 12511534048503788 12511534515116660

12511510869624798 12511510869656042 12511510902045886 12511511379003072 12511510869656160 12511510869669420 12511511379026708 12511511849390620
12511510902037756 12511510902067558 12511511849419718 12511512324327920 12511511379106024 12511511379164300 12511512324352564 12511512800010966
12511511849495230 12511511849554248 12511512800035480 12511513272416070 12511512324430496 12511512324478564 12511513272435730 12511513743438530
12511512800059238 12511512800111350 12511513743463570 12511514214628490 12511513272502604 12511513272569960 12511514214651080 12511514673893644
12511513743538592 12511513743603438 12511514673916438 12511515137602312 12511514214727532 12511514214796606 12511515137626634 12511515608448904
12511514673939746 12511514673993530 12511515608476652 12511516075200564 12511515137704214 12511515137768472 12511516075225982 12511516545650814
12511515608550158 12511515608617264 12511516545673974 12511517016547554 12511516075329362 12511516075393988 12511517016564598 12511517487346984
12511516545738828 12511516545805380 12511517487370524 12511517957685096 12511517016581578 12511517016638868 12511517957709652 12511518428552826
12511517487395032 12511517487453072 12511518428641558 12511518894450896 12511517957732842 12511517957787592 12511518894476372 12511519360663614

12511512034067294 12511512034087060 12511512068100442 12511512539637786 12511512034087206 12511512034095696 12511512539662906 12511513014681142
12511512068092256 12511512068116688 12511513014702940 12511513502394489 12511512539689098 12511512539743760 12511513502417170 12511513981807342
12511513014724674 12511513014762932 12511513981833668 12511514460906274 12511513502440554 12511513502492186 12511514460928412 12511514943508792
12511513981911436 12511513981974282 12511514943533806 12511515423129866 12511514460954282 12511514461012288 12511515423153900 12511515902001574
12511514943613682 12511514943675986 12511515902027272 12511516383738736 12511515423176960 12511515423232476 12511516383764024 12511516864389908
12511515902110186 12511515902172660 12511516864415910 12511517348441362 12511516383787798 12511516383843482 12511517348465110 12511517828719844
12511516864497528 12511516864557770 12511517828741974 12511518311579784 12511517348530112 12511517348590066 12511518311600882 12511518791874010
12511517828808970 12511517828874258 12511518791897634 12511519275562874 12511518311627800 12511518311679480 12511519275584402 12511519754614944
12511518792538037 12511518792593733 12511519754723538 12511520234892962 12511519275610764 12511519275661636 12511520234914578 12511520704761178

12511636974780834 12511636974803828 12511637007682694 12511637520991128 12511636974803922 12511636974817206 12511637521016414 12511637995606070
12511637007676004 12511637007697786 12511637995626466 12511638471655950 12511637521039776 12511637521086874 12511638471680750 12511638949371744
12511637995642768 12511637995690792 12511638949396584 12511639425779108 12511638471704176 12511638471755248 12511639425797560 12511639902674556
12511638949418532 12511638949469720 12511639902697542 12511640379559148 12511639425815840 12511639425868826 12511640379582788 12511640856605272
12511639902773102 12511639902832512 12511640856629372 12511641333879834 12511640379604498 12511640379656724 12511641333904014 12511641811715146
12511640856698564 12511640856757858 12511641811736288 12511642287869596 12511641333928478 12511641333981776 12511642287893332 12511642766067078
12511641811801590 12511641811863790 12511642766093550 12511643240884114 12511642287969372 12511642288028434 12511643240908674 12511643719057598
12511642766167696 12511642766228346 12511643719085062 12511644194783860 12511643240928816 12511643240977920 12511644194810176 12511644673793414
12511643719192584 12511643719254872 12511644673851880 12511645143906782 12511644194832298 12511644194884836 12511645143924462 12511645613554882

12511530638928842 12511530638948410 12511530672302228 12511531145401694 12511530638948436 12511530638956322 12511531145427320 12511531623905928
12511530672293392 12511530672314218 12511531623931544 12511532098989962 12511531145449644 12511531145488040 12511532099012536 12511532575539650
12511531623955630 12511531624008004 12511532575564272 12511533051827696 12511532099038240 12511532099087826 12511533051848906 12511533529050958
12511532575584628 12511532575633918 12511533529071932 12511534002671796 12511533051925920 12511533051983974 12511534002693950 12511534479683246
12511533529087092 12511533529132794 12511534479709912 12511534952624268 12511534002715066 12511534002764780 12511534952648522 12511535430099360
12511534479730438 12511534479777500 12511535430125774 12511535902793380 12511534952669056 12511534952716714 12511535902817986 12511536380003342
12511535430201260 12511535430260802 12511536380030544 12511536853363736 12511535902841856 12511535902895658 12511536853389634 12511537330150152
12511536380110130 12511536380168776 12511537330174814 12511537803894484 12511536853409634 12511536853465184 12511537803916758 12511538280599812
12511537330250990 12511537330311112 12511538280693216 12511538751530098 12511537803940950 12511537803995664 12511538751551820 12511539221221210

12511469727184764 12511469727212494 12511469760699654 12511470266675100 12511469727212552 12511469727224826 12511470266701268 12511470741960112
12511469760689382 12511469760712708 12511470741985250 12511471219903508 12511470266722594 12511470266758022 12511471219922556 12511471701735936
12511470742009794 12511470742066032 12511471701759724 12511472179128486 12511471219948194 12511471220003512 12511472179150758 12511472663292922
12511471701783072 12511471701842466 12511472663315984 12511473140117710 12511472179173536 12511472179223382 12511473140139636 12511473618677642
12511472663341116 12511472663397436 12511473618702916 12511474100335378 12511473140161854 12511473140215804 12511474100355346 12511474578922760
12511473618729104 12511473618780794 12511474578942734 12511475059002738 12511474100427884 12511474100492736 12511475059024007 12511475537563472
12511474579009744 12511474579073484 12511475537591202 12511476018631974 12511475059046198 12511475059106417 12511476018656092 12511476498580432
12511475537670456 12511475537732348 12511476498605696 12511476978096824 12511476018680198 12511476018737798 12511476978118534 12511477458302726
12511476498671226 12511476498732494 12511477458404850 12511477940082146 12511476978195862 12511476978259908 12511477940106670 12511478410341288

12511458618193516 12511458618212094 12511458649537984 12511459119543262 12511458618212206 12511458618223864 12511459119568040 12511459599837600
12511458649530170 12511458649550720 12511459599864864 12511460078912146 12511459119591130 12511459119627976 12511460078938086 12511460556441784
12511459599886146 12511459599940124 12511460556469226 12511461035295944 12511460078962686 12511460079017884 12511461035322186 12511461511659670
12511460556550162 12511460556612146 12511461511681182 12511461986604870 12511461035348634 12511461035406130 12511461986629122 12511462461909298
12511461511745024 12511461511808262 12511462461933642 12511462941442372 12511461986652034 12511461986707966 12511462941460682 12511463417951684
12511462461954612 12511462462010436 12511463417976866 12511463892375150 12511462941522494 12511462941587044 12511463892400192 12511464367722848
12511463418048684 12511463418108592 12511464367742200 12511464839976546 12511463892474864 12511463892538950 12511464839999632 12511465316014262
12511464367762246 12511464367826922 12511465316039642 12511465790016150 12511464840066496 12511464840133630 12511465790041922 12511466262950396
12511465316115162 12511465316177282 12511466263046416 12511466730606786 12511465790122388 12511465790185350 12511466730628392 12511467197750144

12511504958020646 12511504958045068 12511504992923504 12511505466249541 12511504958045158 12511504958055602 12511505466268938 12511505944823834
12511504992914060 12511504992936060 12511505944849532 12511506421876924 12511505466285433 12511505466332474 12511506421899294 12511506898591490
12511505944871142 12511505944917324 12511506898617532 12511507376695692 12511506421917900 12511506421968332 12511507376718730 12511507855067340
12511506898636210 12511506898688944 12511507855091736 12511508333082114 12511507376738774 12511507376793990 12511508333103944 12511508811401178
12511507855159552 12511507855225798 12511508811422838 12511509290880182 12511508333181792 12511508333242332 12511509290900252 12511509766985230
12511508811445794 12511508811496110 12511509767009250 12511510244784814 12511509290978446 12511509291065116 12511510244807988 12511510723573560
12511509767029378 12511509767081020 12511510723599148 12511511216928579 12511510244885976 12511510244948234 12511511216950713 12511511698445140
12511510723621922 12511510723671828 12511511698478564 12511512176711710 12511511217034373 12511511217096077 12511512176737900 12511512655734898
12511511698500570 12511511698554672 12511512655833664 12511513131254910 12511512176813922 12511512176876214 12511513131277098 12511513602217828

12511516778732986 12511516778759760 12511516813500234 12511517304451852 12511516778759844 12511516778773764 12511517304477028 12511517780780086
12511516813491350 12511516813516196 12511517780798396 12511518262851788 12511517304499968 12511517304555306 12511518262871348 12511518744738204
12511517780812790 12511517780852716 12511518744764326 12511519224042066 12511518262938948 12511518263000430 12511519224063466 12511519703913232
12511518744779612 12511518744836820 12511519703934234 12511520183610928 12511519224078692 12511519224127494 12511520183633732 12511520666940120
12511519703952330 12511519704008744 12511520666966442 12511521146785360 12511520183712374 12511520183773230 12511521146807274 12511521627983992
12511520667030022 12511520667094152 12511521628009968 12511522109803564 12511521146881276 12511521146944808 12511522109829056 12511522597379977
12511521628030640 12511521628115146 12511522597405927 12511523079307746 12511522109896970 12511522109964064 12511523079326776 12511523562023948
12511522597429351 12511522597491811 12511523562049188 12511524043020062 12511523079388540 12511523079451186 12511524043043064 12511524527640828
12511523562127594 12511523562193178 12511524527745148 12511525005834414 12511524043063472 12511524043118286 12511525005856044 12511525476271344

12511559881488062 12511559881511262 12511559916018992 12511560389489972 12511559881511354 12511559881522674 12511560389517162 12511560869645422
12511559916009140 12511559916032892 12511560869668062 12511561347821900 12511560389537610 12511560389592370 12511561347845812 12511561834887854
12511560869686850 12511560869733858 12511561834920281 12511562310211968 12511561347865354 12511561347917540 12511562310232905 12511562765000984
12511561834930620 12511561834983004 12511562765022320 12511563227486088 12511562310250735 12511562310299151 12511563227509906 12511563703597502
12511562765040162 12511562765088100 12511563703623380 12511564180058284 12511563227530336 12511563227582532 12511564180082830 12511564665389772
12511563703645018 12511563703698316 12511564665415438 12511565140694456 12511564180157716 12511564180218560 12511565140718848 12511565615832504
12511564665436668 12511564665494380 12511565615859640 12511566090785356 12511565140740164 12511565140792114 12511566090809026 12511566566987590
12511565615934686 12511565615998162 12511566567010220 12511567043409402 12511566090883674 12511566090946706 12511567043432148 12511567519184932
12511566567079408 12511566567139702 12511567519247880 12511567994847308 12511567043458590 12511567043517086 12511567994871296 12511568469269166

3146816209745070 3146816209768464 3146816243211754 3146816715252668 3146816209768586 3146816209780536 3146816715277148 3146817193125094
3146816243203016 3146816243225266 3146817193159736 3146817673959096 3146816715358624 3146816715409970 3146817673981352 3146818162063451
3146817193173936 3146817193223466 3146818162083425 3146818638596578 3146817673999810 3146817674052876 3146818638622040 3146819124654068
3146818162099490 3146818162155471 3146819124678658 3146819604367284 3146818638642880 3146818638697288 3146819604390140 3146820084960302
3146819124698878 3146819124758848 3146820084981772 3146820561672398 3146819604410400 3146819604464784 3146820561696094 3146821043268330
3146820085005434 3146820085060984 3146821043292226 3146821523753406 3146820561773728 3146820561838202 3146821523776298 3146822003702174
3146821043369946 3146821043432196 3146822003727372 3146822480750090 3146821523797918 3146821523854080 3146822480772256 3146822962205204
3146822003804952 3146822003867958 3146822962230262 3146823443889080 3146822480793924 3146822480850738 3146823443911850 3146823924791950
3146822962308724 3146822962372320 3146823924856726 3146824395115750 3146823443934110 3146823443990684 3146824395139272 3146824864950500

12511534366774956 12511534366798444 12511534400523428 12511534861622282 12511534366798558 12511534366806606 12511534861645996 12511535337185764
12511534400517030 12511534400534796 12511535337213026 12511535817001844 12511534861667590 12511534861716062 12511535817023054 12511536291147775
12511535337289776 12511535337349134 12511536291167066 12511536769024640 12511535817043746 12511535817098616 12511536769050592 12511537239413592
12511536291180688 12511536291237938 12511537239439562 12511537718376860 12511536769072078 12511536769126908 12511537718396542 12511538189496668
12511537239461234 12511537239518522 12511538189523694 12511538669940944 12511537718462294 12511537718529292 12511538669963140 12511539141152812
12511538189543290 12511538189601454 12511539141174408 12511539620794462 12511538669987970 12511538670045030 12511539620816834 12511540092363640
12511539141198966 12511539141253252 12511540092386022 12511540568919106 12511539620837732 12511539620894926 12511540568943030 12511541041783094
12511540092410758 12511540092462438 12511541041806566 12511541520125340 12511540569023094 12511540569083840 12511541520145432 12511541991965438
12511541041827872 12511541041884154 12511541992064132 12511542465374054 12511541520168808 12511541520221870 12511542465391226 12511542932543682

12511484077583334 12511484077609326 12511484112448088 12511484587304804 12511484077609420 12511484077619726 12511484587335344 12511485067911682
12511484112437736 12511484112462262 12511485067938986 12511485549212772 12511484587357914 12511484587409916 12511485549239086 12511486028503020
12511485067961436 12511485068014388 12511486028526714 12511486508117844 12511485549261046 12511485549311326 12511486508142752 12511486990983444
12511486028548516 12511486028600962 12511486991005018 12511487472985614 12511486508162592 12511486508214900 12511487473011914 12511487957351630
12511486991081898 12511486991174598 12511487957377174 12511488437852728 12511487473088404 12511487473150500 12511488437876076 12511488919257878
12511487957398978 12511487957453156 12511488919280026 12511489400006702 12511488437951738 12511488438014926 12511489400031814 12511489884528372
12511488919302884 12511488919359440 12511489884547942 12511490365190234 12511489400117704 12511489400179172 12511490365214868 12511490849106070
12511489884565900 12511489884618378 12511490849131402 12511491329269832 12511490365291308 12511490365351580 12511491329293074 12511491807871508
12511490849158150 12511490849207754 12511491807982882 12511492281744052 12511491329372658 12511491329434478 12511492281763182 12511492753820494

12511460271212158 12511460271236357 12511460304327604 12511460788975574 12511460271236455 12511460271251874 12511460788998870 12511461262971130
12511460304320246 12511460304340048 12511461262999004 12511461742510858 12511460789021454 12511460789059480 12511461742532132 12511462220621296
12511461263017826 12511461263067138 12511462220643948 12511462702401642 12511461742555932 12511461742594504 12511462702425340 12511463185461994
12511462220669628 12511462220736168 12511463185487682 12511463666682668 12511462702451508 12511462702511722 12511463666709398 12511464149522430
12511463185510400 12511463185580084 12511464149546558 12511464631028552 12511463666737732 12511463666801764 12511464631049826 12511465110183216
12511464149575834 12511464149645604 12511465110209592 12511465590859844 12511464631114826 12511464631178462 12511465590884234 12511466074612962
12511465110234312 12511465110305022 12511466074633648 12511466556528864 12511465590912202 12511465590973142 12511466556549236 12511467038733092
12511466074661448 12511466074724262 12511467038755958 12511467521447822 12511466556577354 12511466556643066 12511467521471064 12511468005358466
12511467038783788 12511467038852156 12511468005421628 12511468484029950 12511467521498778 12511467521585374 12511468484050328 12511468954794980

12511522388789672 12511522388816826 12511522421868726 12511522891146724 12511522388816838 12511522388826814 12511522891169412 12511523364172466
12511522421861450 12511522421882472 12511523364194162 12511523840188778 12511522891189042 12511522891226240 12511523840213718 12511524312838498
12511523364213968 12511523364252798 12511524312864498 12511524786455528 12511523840237716 12511523840294602 12511524786478106 12511525258731400
12511524312888698 12511524312948166 12511525258758202 12511525730609328 12511524786493746 12511524786548962 12511525730630870 12511526203421008
12511525258776676 12511525258833388 12511526203448664 12511526678425612 12511525730702224 12511525730767936 12511526678446078 12511527156321766
12511526203473382 12511526203530866 12511527156348586 12511527630148656 12511526678469786 12511526678523050 12511527630173740 12511528108437456
12511527156367108 12511527156421842 12511528108458250 12511528583127194 12511527630191278 12511527630248842 12511528583148868 12511529055809432
12511528108473710 12511528108523778 12511529055833704 12511529530516140 12511528583209232 12511528583275468 12511529530538116 12511530004643602
12511529055856836 12511529055913746 12511530004751648 12511530471277784 12511529530561824 12511529530618366 12511530471301552 12511530938595386

12511501082260874 12511501082282560 12511501116353260 12511501585396920 12511501082282670 12511501082296070 12511501585422742 12511502061142598
12511501116345054 12511501116370390 12511502061162506 12511502532960486 12511501585442844 12511501585489440 12511502532985264 12511503011000120
12511502061177560 12511502061254586 12511503011036666 12511503481920062 12511502533009608 12511502533060348 12511503481945896 12511503957889946
12511503011064168 12511503011127718 12511503957917708 12511504429400990 12511503481973644 12511503482033676 12511504429426522 12511504907707856
12511503957946832 12511503958009708 12511504907736666 12511505376650684 12511504429451842 12511504429512206 12511505376673752 12511505857587128
12511504907762880 12511504907825014 12511505857614694 12511506329496942 12511505376703558 12511505376766500 12511506329523160 12511506810396590
12511505857644200 12511505857706890 12511506810414572 12511507284595770 12511506329552300 12511506329618318 12511507284612926 12511507764592006
12511506810435384 12511506810519126 12511507764617638 12511508237167146 12511507284630160 12511507284694662 12511508237191706 12511508718524370
12511507764647550 12511507764713750 12511508718642504 12511509184806014 12511508237218210 12511508237280798 12511509184830522 12511509651767018

12511422139302714 12511422139321328 12511422173179202 12511422685607336 12511422139321448 12511422139334964 12511422685632298 12511423154603756
12511422173171536 12511422173196282 12511423154627866 12511423642733652 12511422685652370 12511422685700804 12511423642754290 12511424115945864
12511423154702132 12511423154764990 12511424115965216 12511424593862704 12511423642770494 12511423642822817 12511424593886196 12511425073856676
12511424115978470 12511424116032038 12511425073877028 12511425555052671 12511424593904162 12511424593956990 12511425555073414 12511426028941198
12511425073942340 12511425074005348 12511426028965106 12511426505052328 12511425555093377 12511425555147264 12511426505075254 12511426982178896
12511426029031850 12511426029095490 12511426982200468 12511427461448434 12511426505148474 12511426505209822 12511427461470992 12511427936834192
12511426982223266 12511426982288918 12511427936860814 12511428414840354 12511427461497372 12511427461555206 12511428414863950 12511428891655550
12511427936938904 12511427937004228 12511428891676976 12511429367488086 12511428414883424 12511428414942064 12511429367513764 12511429844716352
12511428891743170 12511428891806972 12511429844814566 12511430324146794 12511429367536584 12511429367589516 12511430324172816 12511430791198508

12511549223954658 12511549223977776 12511549258437860 12511549730257378 12511549223977868 12511549223987200 12511549730281502 12511550207846562
12511549258431474 12511549258451228 12511550207872348 12511550682578490 12511549730299894 12511549730348448 12511550682605478 12511551159992086
12511550207892858 12511550207939648 12511551160013250 12511551636058932 12511550682684250 12511550682809632 12511551636080028 12511552112807666
12511551160034160 12511551160085600 12511552112826588 12511552588136406 12511551636096864 12511551636147058 12511552588156228 12511553063713324
12511552112893702 12511552112958410 12511553063733400 12511553540232096 12511552588180590 12511552588238500 12511553540256286 12511554017967474
12511553063749454 12511553063801854 12511554017986336 12511554496432762 12511553540337700 12511553540403216 12511554496457976 12511554975176192
12511554018055378 12511554018147050 12511554975197190 12511555454319288 12511554496536620 12511554496596396 12511555454344856 12511555933628958
12511554975273862 12511554975334606 12511555933651948 12511556413433008 12511555454420504 12511555454479316 12511556413457230 12511556893626530
12511555933728462 12511555933789036 12511556893718926 12511557364624058 12511556413535076 12511556413595862 12511557364646610 12511557834509370
