25 414
12510818507455604 12510818507466366 12510818521402156 12510818561307201 12510818561307568 12510818561344462 12510818575735114 12510818615310376
12510818615313499 12510818615603403 12510818630652770 12510818669371330 12510818669371657 12510818669421241 12510818690193694 12510818728157646
12510818728158330 12510818728203351 12510818750200744 12510818788475701 12510818788476002 12510818788515863 12510818809865809 12510818848077584
12510818848079419 12510818848130327 12510818870691506 12510818908303961 12510818908304279 12510818908350821 12510818930339993 12510818968058113
12510818968058734 12510818968093699 12510818990030455 12510819027710354 12510819027710648 12510819027748801 12510819049496544 12510819087022579
12510819087022894 12510819087057330 12510819109305807 12510819147471795 12510819147475200 12510819147519469 12510819168983223 12510819206104587
12510819206105179 12510819206140614 12510819230974894 12510819268670196 12510819268670517 12510819268703286 12510819290519310 12510819327874486
12510819327875067 12510819327912900 12510819350634242 12510819387925098 12510819387926513 12510819387971836 12510819410715807 12510819447273572
12510819447274142 12510819447312587 12510819471470919 12510819508051353 12510819508051626 12510819508086576 12510819531793180 12510819568502123

12510863466020344 12510863466028788 12510863479687716 12510863519008830 12510863519009210 12510863519048879 12510863533029432 12510863572510316
12510863572511053 12510863572815562 12510863587757658 12510863626707948 12510863626709566 12510863626779483 12510863646582865 12510863684259226
12510863684259907 12510863684294681 12510863706112763 12510863743453192 12510863743454916 12510863743493752 12510863765574243 12510863802877087
12510863802877726 12510863802924445 12510863825358496 12510863862525389 12510863862525692 12510863862565741 12510863885855654 12510863922765615
12510863922766204 12510863922799325 12510863946191353 12510863982495112 12510863982495418 12510863982528359 12510864006865592 12510864043151130
12510864043151997 12510864043185025 12510864067323624 12510864103581408 12510864103581750 12510864103617811 12510864128834858 12510864165248360
12510864165248933 12510864165282507 12510864189167026 12510864225393711 12510864225394011 12510864225424358 12510864249643700 12510864286909934
12510864286910534 12510864286956808 12510864310435055 12510864346900691 12510864346904577 12510864346949012 12510864370965408 12510864407278200
12510864407279531 12510864407310984 12510864432626155 12510864468971502 12510864468971520 12510864469009976 12510864494783610 12510864531829747

12510781155835434 12510781155846450 12510781169905220 12510781209394136 12510781209394490 12510781209437507 12510781223747432 12510781263737761
12510781263738557 12510781264038425 12510781278717508 12510781318168076 12510781318168411 12510781318224323 12510781339010872 12510781378778516
12510781378779211 12510781378832596 12510781399461376 12510781439006274 12510781439006292 12510781439053620 12510781460354470 12510781500518273
12510781500521048 12510781500584473 12510781522005662 12510781561538377 12510781561538395 12510781561588520 12510781582956681 12510781622387597
12510781622390994 12510781622430668 12510781643501633 12510781682880692 12510781682881054 12510781682919561 12510781704541628 12510781744105596
12510781744108315 12510781744144551 12510781765704762 12510781805091395 12510781805091772 12510781805134600 12510781827091371 12510781866442445
12510781866445194 12510781866488431 12510781887879956 12510781927387901 12510781927387931 12510781927426191 12510781948758834 12510781988096855
12510781988097607 12510781988136298 12510782009795552 12510782049260227 12510782049260248 12510782049306091 12510782070758397 12510782110340550
12510782110343973 12510782110381802 12510782132210716 12510782172252680 12510782172256442 12510782172308846 12510782193706138 12510782233337977

12510808925754386 12510808925764958 12510808939564346 12510808978198825 12510808978199202 12510808978240707 12510808993028450 12510809031576849
12510809031577544 12510809031850024 12510809049317965 12510809086857425 12510809086857761 12510809086906210 12510809109241951 12510809146656094
12510809146656738 12510809146694716 12510809168644629 12510809206046788 12510809206046806 12510809206079730 12510809229016418 12510809266454591
12510809266455236 12510809266498503 12510809288601938 12510809325416812 12510809325418170 12510809325454255 12510809350152359 12510809386888736
12510809386889307 12510809386924735 12510809411094484 12510809447536001 12510809447536316 12510809447567474 12510809471001681 12510809507477949
12510809507478534 12510809507512025 12510809531709256 12510809568264451 12510809568264781 12510809568300714 12510809592559445 12510809629047174
12510809629047744 12510809629084789 12510809653009844 12510809689460498 12510809689460780 12510809689494268 12510809713857635 12510809750435460
12510809750436200 12510809750472522 12510809775448467 12510809812667158 12510809812669125 12510809812722697 12510809835202039 12510809871770471
12510809871772893 12510809871810541 12510809896574542 12510809934022050 12510809934023410 12510809934066152 12510809957374840 12510809992971332

12510808259575310 12510808259587756 12510808273005296 12510808312386704 12510808312387152 12510808312423674 12510808327449368 12510808367820088
12510808367822757 12510808368121552 12510808382490698 12510808421510342 12510808421510799 12510808421563676 12510808443109698 12510808482357348
12510808482358356 12510808482406692 12510808503342855 12510808542555300 12510808542555701 12510808542600240 12510808563861658 12510808602934663
12510808602936785 12510808602991272 12510808623625846 12510808662735445 12510808662736978 12510808662787409 12510808685017718 12510808724888008
12510808724893151 12510808724947710 12510808746362050 12510808785495589 12510808785495975 12510808785532363 12510808806482423 12510808845740816
12510808845744313 12510808845793270 12510808867148458 12510808906337830 12510808906340240 12510808906383486 12510808927423628 12510808966622250
12510808966624419 12510808966662207 12510808988279091 12510809028272080 12510809028274505 12510809028327260 12510809048984153 12510809088245965
12510809088251207 12510809088289815 12510809110829654 12510809150008442 12510809150011996 12510809150060576 12510809170979460 12510809210253381
12510809210254359 12510809210291029 12510809231097373 12510809270395502 12510809270395901 12510809270435462 12510809291164998 12510809330303948

12510836513586208 12510836513597830 12510836527659168 12510836566870965 12510836566872528 12510836566929179 12510836580957635 12510836619443245
12510836619443934 12510836619725554 12510836636121460 12510836673526977 12510836673527351 12510836673575607 12510836694329972 12510836731678627
12510836731679349 12510836731724872 12510836753602392 12510836790463127 12510836790463466 12510836790515439 12510836814714013 12510836851583012
12510836851583463 12510836851633529 12510836873656477 12510836910128537 12510836910128876 12510836910168818 12510836934595416 12510836971065486
12510836971066172 12510836971099324 12510836994232701 12510837031197531 12510837031197855 12510837031236516 12510837053891109 12510837090787163
12510837090787549 12510837090820160 12510837113520376 12510837149976941 12510837149977256 12510837150013793 12510837173758853 12510837211567179
12510837211568017 12510837211615786 12510837232485389 12510837269229513 12510837269229834 12510837269260829 12510837295200708 12510837331513357
12510837331513933 12510837331551798 12510837355109640 12510837391579900 12510837391582862 12510837391625303 12510837415495680 12510837451917012
12510837451917601 12510837451950780 12510837474891379 12510837511942796 12510837511944136 12510837511988693 12510837535871425 12510837572175053

12510824131383764 12510824131395002 12510824145023238 12510824184062016 12510824184062400 12510824184102697 12510824198372479 12510824237979085
12510824237979756 12510824238264851 12510824253460884 12510824291568162 12510824291568503 12510824291622095 12510824312206647 12510824350225095
12510824350225838 12510824350272401 12510824370889693 12510824408433049 12510824408433372 12510824408470818 12510824429115497 12510824466529953
12510824466530702 12510824466580454 12510824487959858 12510824525095364 12510824525095696 12510824525138743 12510824548324307 12510824585297373
12510824585298161 12510824585336133 12510824610021862 12510824647011715 12510824647011750 12510824647044729 12510824669943334 12510824706912679
12510824706915002 12510824706948068 12510824731446098 12510824768787196 12510824768787456 12510824768826921 12510824792644888 12510824829637908
12510824829638471 12510824829673106 12510824853432240 12510824889931741 12510824889933973 12510824889970402 12510824914373922 12510824950836411
12510824950837092 12510824950876353 12510824974865692 12510825011962125 12510825011963494 12510825012008700 12510825036805278 12510825073780258
12510825073783021 12510825073819974 12510825095983705 12510825132307830 12510825132310103 12510825132346265 12510825157738219 12510825194865738

12510748615897768 12510748615907683 12510748629984837 12510748668782525 12510748668782554 12510748668821898 12510748683811461 12510748722620917
12510748722621627 12510748722889525 12510748738585667 12510748776877276 12510748776877606 12510748776924932 12510748798038739 12510748836265381
12510748836266017 12510748836304024 12510748859542645 12510748898042373 12510748898043806 12510748898090051 12510748919786644 12510748958039996
12510748958041926 12510748958092320 12510748982071623 12510749020793608 12510749020793628 12510749020830594 12510749043021496 12510749082010740
12510749082011554 12510749082048842 12510749103567850 12510749142643583 12510749142643978 12510749142681186 12510749164605020 12510749204097331
12510749204100050 12510749204154898 12510749225767823 12510749264948774 12510749264948792 12510749264992409 12510749287084354 12510749326112832
12510749326113818 12510749326153894 12510749347958368 12510749387027343 12510749387027361 12510749387067740 12510749408821741 12510749448062976
12510749448065419 12510749448106371 12510749469621594 12510749508779739 12510749508779769 12510749508824614 12510749530836564 12510749569240900
12510749569241720 12510749569283825 12510749592056423 12510749630874574 12510749630874592 12510749630911370 12510749653768253 12510749692976880

12510733523996636 12510733524007436 12510733537739149 12510733575748193 12510733575748570 12510733575790022 12510733591045642 12510733629164495
12510733629165175 12510733629457489 12510733646131399 12510733683103937 12510733683104279 12510733683154255 12510733704911162 12510733741686406
12510733741687042 12510733741735993 12510733764443496 12510733801514647 12510733801516126 12510733801573053 12510733824388059 12510733860712585
12510733860714495 12510733860765393 12510733884211471 12510733920294006 12510733920296288 12510733920329842 12510733945253249 12510733981409229
12510733981411850 12510733981446250 12510734005054110 12510734041201295 12510734041201313 12510734041232463 12510734065497570 12510734101410577
12510734101410898 12510734101445078 12510734126286159 12510734162243909 12510734162244218 12510734162279302 12510734186653639 12510734222477357
12510734222477675 12510734222511053 12510734247124632 12510734282866363 12510734282868654 12510734282900026 12510734307806733 12510734343786342
12510734343787385 12510734343824578 12510734369098664 12510734405777182 12510734405778620 12510734405821064 12510734430263599 12510734466712418
12510734466712764 12510734466758908 12510734489932230 12510734524891306 12510734524893564 12510734524926688 12510734552124128 12510734587870160

12510734688181168 12510734688192214 12510734701626712 12510734741057590 12510734741059507 12510734741099122 12510734755540155 12510734795534193
12510734795537708 12510734795835891 12510734811040447 12510734851369179 12510734851370944 12510734851439899 12510734871792729 12510734911187495
12510734911188425 12510734911227407 12510734931962063 12510734971562495 12510734971562848 12510734971598482 12510734992602949 12510735031901729
12510735031904139 12510735031950576 12510735052494959 12510735091890854 12510735091891211 12510735091929789 12510735113701880 12510735153188686
12510735153189423 12510735153229736 12510735174980056 12510735214372332 12510735214373125 12510735214414752 12510735235168730 12510735274510073
12510735274513473 12510735274551186 12510735295877444 12510735335238306 12510735335239979 12510735335281288 12510735356851684 12510735396084552
12510735396085485 12510735396123047 12510735417022492 12510735456358546 12510735456360867 12510735456398128 12510735477657182 12510735518568274
12510735518573624 12510735518626519 12510735539509575 12510735578463806 12510735578468553 12510735578519380 12510735599585568 12510735638416288
12510735638421176 12510735638459523 12510735660777183 12510735699550755 12510735699551093 12510735699590200 12510735721197142 12510735760179372

12510859620913384 12510859620925296 12510859634974568 12510859673451634 12510859673451666 12510859673488560 12510859688356817 12510859727653731
12510859727654370 12510859727937387 12510859744288695 12510859782429060 12510859782430617 12510859782491876 12510859803440715 12510859840596058
12510859840596673 12510859840636178 12510859863263322 12510859900225020 12510859900225038 12510859900260077 12510859923216487 12510859960628615
12510859960629206 12510859960674645 12510859983533700 12510860020289362 12510860020289380 12510860020327827 12510860043168049 12510860080468436
12510860080468769 12510860080540550 12510860102827396 12510860139328499 12510860139328517 12510860139361538 12510860162673783 12510860199803872
12510860199807138 12510860199840599 12510860222628318 12510860259083964 12510860259084009 12510860259122168 12510860283409359 12510860319884489
12510860319885609 12510860319920467 12510860343088526 12510860379538984 12510860379539299 12510860379571741 12510860403943716 12510860440309369
12510860440309957 12510860440348298 12510860463790522 12510860500377954 12510860500379395 12510860500424727 12510860524620169 12510860561211351
12510860561214614 12510860561248898 12510860585384145 12510860622005722 12510860622006025 12510860622040057 12510860646172549 12510860682851308

12510753291528878 12510753291538504 12510753304958185 12510753343327000 12510753343327327 12510753343372341 12510753358912178 12510753397790180
12510753397790968 12510753398087998 12510753414080670 12510753452304532 12510753452306074 12510753452352957 12510753472977191 12510753510092319
12510753510092961 12510753510133842 12510753531940119 12510753569129571 12510753569129898 12510753569165151 12510753589939439 12510753627671189
12510753627671786 12510753627717148 12510753649377249 12510753685965504 12510753685965819 12510753686003214 12510753710029478 12510753746558917
12510753746559496 12510753746598021 12510753767867212 12510753804413522 12510753804413793 12510753804449096 12510753829357872 12510753866001963
12510753866005279 12510753866038425 12510753890583935 12510753927154459 12510753927154768 12510753927189528 12510753950723129 12510753987180719
12510753987185327 12510753987220048 12510754014221577 12510754051900905 12510754051902602 12510754051948356 12510754075636715 12510754112205893
12510754112206467 12510754112236885 12510754136313132 12510754172931779 12510754172933235 12510754173001598 12510754197139680 12510754233762909
12510754233763515 12510754233796676 12510754257934524 12510754294428171 12510754294430456 12510754294462242 12510754317757383 12510754354665944

12510692383243744 12510692383253904 12510692396705339 12510692436220885 12510692436221252 12510692436271917 12510692451076976 12510692491306989
12510692491308032 12510692491588861 12510692507123869 12510692545693963 12510692545694313 12510692545742468 12510692566881071 12510692605084090
12510692605084827 12510692605119768 12510692627266054 12510692665349793 12510692665350111 12510692665383682 12510692686907373 12510692724865433
12510692724865911 12510692724911178 12510692747852930 12510692785889272 12510692785889558 12510692785919767 12510692809303739 12510692846261442
12510692846264715 12510692846306682 12510692871162087 12510692908395843 12510692908396158 12510692908430354 12510692932282780 12510692969692164
12510692969694816 12510692969725438 12510692993051716 12510693030631553 12510693030631885 12510693030672116 12510693053978418 12510693091908399
12510693091909699 12510693091942341 12510693115551767 12510693154808537 12510693154810219 12510693154860228 12510693176544855 12510693215776115
12510693215778424 12510693215818479 12510693236986589 12510693276480381 12510693276480791 12510693276520504 12510693297886733 12510693337346045
12510693337346850 12510693337388200 12510693358675853 12510693398070524 12510693398070893 12510693398111120 12510693419625107 12510693459822090

12510681274779326 12510681274790136 12510681288633804 12510681328131994 12510681328132401 12510681328171517 12510681343373344 12510681382224089
12510681382224787 12510681382506074 12510681398133495 12510681435754837 12510681435755241 12510681435806565 12510681457949745 12510681495234858
12510681495236250 12510681495274935 12510681518239955 12510681555540517 12510681555540864 12510681555575421 12510681577640439 12510681614678785
12510681614679430 12510681614723693 12510681638692128 12510681676148416 12510681676148745 12510681676182037 12510681699296386 12510681736141922
12510681736142543 12510681736174659 12510681759405648 12510681796456829 12510681796458196 12510681796502839 12510681820219344 12510681856874609
12510681856877920 12510681856909880 12510681880991626 12510681918135841 12510681918136162 12510681918169855 12510681941182533 12510681977850862
12510681977853482 12510681977885580 12510682002646449 12510682039224205 12510682039224543 12510682039259025 12510682063415819 12510682100603071
12510682100603437 12510682100647663 12510682123262200 12510682159891173 12510682159895010 12510682159936491 12510682185487595 12510682222266228
12510682222268848 12510682222301570 12510682246226259 12510682283266128 12510682283266471 12510682283299653 12510682306634353 12510682343342843

12510727611705972 12510727611720108 12510727625142562 12510727664384154 12510727664384528 12510727664424069 12510727679058090 12510727719142047
12510727719142849 12510727719429295 12510727734636044 12510727773852557 12510727773852952 12510727773893444 12510727795310024 12510727834558237
12510727834559030 12510727834599798 12510727855479438 12510727895413014 12510727895414704 12510727895465186 12510727916119901 12510727955477453
12510727955478288 12510727955530038 12510727976092470 12510728015341648 12510728015342046 12510728015384748 12510728037218657 12510728076475317
12510728076476158 12510728076515853 12510728098496904 12510728137814817 12510728137815165 12510728137852955 12510728158684316 12510728198008879
12510728198009753 12510728198047457 12510728219530819 12510728258866168 12510728258868468 12510728258910095 12510728280374606 12510728319694554
12510728319695357 12510728319732315 12510728340539016 12510728379841442 12510728379841813 12510728379881411 12510728401180373 12510728440446874
12510728440447680 12510728440485880 12510728463027378 12510728502414618 12510728502419330 12510728502468169 12510728522988834 12510728563049051
12510728563051473 12510728563102112 12510728584427371 12510728623691902 12510728623692226 12510728623728579 12510728644794750 12510728684522342

12510739431313432 12510739431325092 12510739445099625 12510739485069343 12510739485069788 12510739485111414 12510739499727852 12510739539826715
12510739539830000 12510739540129948 12510739554870694 12510739594203779 12510739594204150 12510739594247257 12510739614067354 12510739653563149
12510739653564388 12510739653604312 12510739674071369 12510739713628797 12510739713629178 12510739713661002 12510739733800097 12510739773988703
12510739773991564 12510739774052526 12510739794630890 12510739833445403 12510739833445455 12510739833495779 12510739854277325 12510739893250453
12510739893255624 12510739893292087 12510739913966450 12510739952822476 12510739952824813 12510739952864821 12510739973364643 12510740012177180
12510740012177980 12510740012215998 12510740033143519 12510740072220182 12510740072220632 12510740072263763 12510740094023884 12510740132813488
12510740132816848 12510740132857382 12510740154810271 12510740193678124 12510740193680499 12510740193718713 12510740214420485 12510740253391547
12510740253396317 12510740253436397 12510740274495572 12510740313915931 12510740313920706 12510740313968751 12510740335097736 12510740374600365
12510740374604754 12510740374639974 12510740395860093 12510740435837285 12510740435842257 12510740435894436 12510740456706645 12510740495519797

12510782531387364 12510782531396920 12510782544812393 12510782584057976 12510782584058392 12510782584095556 12510782598895341 12510782639185482
12510782639188655 12510782639310445 12510782653927298 12510782692590849 12510782692591265 12510782692636701 12510782713086815 12510782751464209
12510782751464895 12510782751498356 12510782771802838 12510782809896481 12510782809896855 12510782809926971 12510782831208645 12510782869179898
12510782869181740 12510782869225492 12510782890867939 12510782929190938 12510782929192337 12510782929234032 12510782951193404 12510782988899228
12510782988901958 12510782988935007 12510783011629598 12510783049479468 12510783049479813 12510783049513851 12510783072303094 12510783110226124
12510783110226834 12510783110260096 12510783132691015 12510783170712509 12510783170712886 12510783170749423 12510783194202689 12510783232401954
12510783232405276 12510783232437989 12510783255622689 12510783294050192 12510783294050576 12510783294087930 12510783315568575 12510783354094601
12510783354097386 12510783354136143 12510783376131883 12510783414896439 12510783414900018 12510783414952171 12510783436667426 12510783475375923
12510783475376316 12510783475413374 12510783496999106 12510783535735844 12510783535738219 12510783535771357 12510783558784102 12510783597511848

3146038861629848 3146038861640564 3146038875216068 3146038914777939 3146038914778370 3146038914816558 3146038929584165 3146038970182405
3146038970184874 3146038970491647 3146038985621511 3146039024888776 3146039024889159 3146039024946445 3146039045279444 3146039084476019
3146039084478446 3146039084532128 3146039105663454 3146039144788700 3146039144789095 3146039144835057 3146039166176630 3146039205430966
3146039205433109 3146039205488603 3146039226319328 3146039265731925 3146039265732295 3146039265778133 3146039287768503 3146039327799776
3146039327805101 3146039327856593 3146039349561988 3146039388857505 3146039388857895 3146039388895890 3146039410683085 3146039449998716
3146039449999563 3146039450038979 3146039471520438 3146039510982968 3146039510983369 3146039511023745 3146039532443156 3146039572723346
3146039572726189 3146039572777158 3146039594085454 3146039633680978 3146039633683397 3146039633734134 3146039655077852 3146039693280612
3146039693283399 3146039693319570 3146039715616255 3146039753888704 3146039753893134 3146039753944014 3146039776282293 3146039814515471
3146039814516767 3146039814554587 3146039838003726 3146039876339528 3146039876341911 3146039876382855 3146039897971793 3146039937510683

12510757017833988 12510757017847524 12510757031747582 12510757071655301 12510757071656971 12510757071712403 12510757086533901 12510757126310160
12510757126313544 12510757126616523 12510757141477949 12510757180561699 12510757180562097 12510757180623805 12510757201342287 12510757240526435
12510757240527407 12510757240583305 12510757261426138 12510757300409142 12510757300409543 12510757300463103 12510757321117738 12510757360203154
12510757360206004 12510757360263174 12510757382016700 12510757421177971 12510757421178387 12510757421236897 12510757442491137 12510757481577290
12510757481578075 12510757481618174 12510757503192353 12510757542430308 12510757542432685 12510757542470598 12510757563692558 12510757603063304
12510757603066736 12510757603102666 12510757624439478 12510757663600025 12510757663600426 12510757663646025 12510757684854719 12510757724544845
12510757724547088 12510757724601210 12510757745909512 12510757785242140 12510757785244550 12510757785282637 12510757806549269 12510757845644604
12510757845646782 12510757845690150 12510757867549194 12510757907529849 12510757907533510 12510757907589203 12510757928754995 12510757968018798
12510757968022236 12510757968060502 12510757989501616 12510758029204878 12510758029209531 12510758029261293 12510758049896868 12510758088120488

12510706731506326 12510706731516542 12510706744805514 12510706784222654 12510706784223258 12510706784260481 12510706799333599 12510706839154740
12510706839156973 12510706839277290 12510706854447753 12510706893677100 12510706893677424 12510706893725543 12510706914005900 12510706953240616
12510706953241454 12510706953286153 12510706974723251 12510707013960454 12510707013960820 12510707014002931 12510707035814738 12510707075090763
12510707075094055 12510707075152090 12510707095911688 12510707135492970 12510707135493340 12510707135541411 12510707156911614 12510707196170577
12510707196174137 12510707196210478 12510707217544405 12510707256806494 12510707256808844 12510707256844347 12510707278430893 12510707317725011
12510707317727153 12510707317777153 12510707339351572 12510707378810330 12510707378813953 12510707378862665 12510707400194729 12510707438810582
12510707438813956 12510707438847066 12510707460343331 12510707499110556 12510707499110923 12510707499149917 12510707521001580 12510707559730458
12510707559733835 12510707559769541 12510707581062201 12510707621285309 12510707621287677 12510707621325307 12510707642809696 12510707682279658
12510707682282610 12510707682332620 12510707704247890 12510707742826967 12510707742829333 12510707742867429 12510707764608060 12510707803273841

12510682926318784 12510682926327544 12510682939986735 12510682980191988 12510682980193542 12510682980254414 12510682994751572 12510683034590251
12510683034591092 12510683034725873 12510683049883891 12510683089775930 12510683089776322 12510683089831513 12510683109071531 12510683149406323
12510683149409657 12510683149463084 12510683169079904 12510683208390947 12510683208391366 12510683208440089 12510683228802284 12510683268791137
12510683268791892 12510683268859471 12510683289633774 12510683328902067 12510683328902454 12510683328956296 12510683349279970 12510683388539934
12510683388540401 12510683388584108 12510683408969971 12510683448251772 12510683448254152 12510683448293785 12510683468367850 12510683507720336
12510683507721094 12510683507764022 12510683528160965 12510683567565805 12510683567566209 12510683567608730 12510683589036926 12510683629140820
12510683629144202 12510683629202629 12510683649828590 12510683689114412 12510683689114816 12510683689156835 12510683709433297 12510683748838106
12510683748840611 12510683748884062 12510683769507334 12510683808798730 12510683808801948 12510683808854786 12510683830109230 12510683869557161
12510683869557877 12510683869597472 12510683890871560 12510683930792565 12510683930795711 12510683930853287 12510683951719009 12510683990599025

12510745039941980 12510745039952056 12510745053611158 12510745092845806 12510745092846176 12510745092880013 12510745107445410 12510745146632761
12510745146636357 12510745146914976 12510745162433187 12510745200517681 12510745200518005 12510745200566956 12510745221655553 12510745259885781
12510745259887947 12510745259931981 12510745280373077 12510745319023565 12510745319023922 12510745319069976 12510745339769004 12510745378850739
12510745378851277 12510745378911784 12510745399427246 12510745438485819 12510745438486202 12510745438534348 12510745459767871 12510745498835370
12510745498836609 12510745498873731 12510745520189128 12510745559400296 12510745559400688 12510745559439643 12510745580862817 12510745619806583
12510745619807489 12510745619846483 12510745641251053 12510745681132287 12510745681134037 12510745681186503 12510745702762676 12510745741685885
12510745741688708 12510745741728447 12510745763107612 12510745801704034 12510745801704427 12510745801743280 12510745824136620 12510745862876404
12510745862877441 12510745862919246 12510745884825869 12510745923312225 12510745923317191 12510745923364075 12510745945235416 12510745983751932
12510745983755309 12510745983790230 12510746006950874 12510746046358265 12510746046358285 12510746046400206 12510746067759498 12510746106400683

12510723734558552 12510723734569054 12510723748630963 12510723787810219 12510723787810664 12510723787852683 12510723802569227 12510723841943184
12510723841943969 12510723842067289 12510723858559573 12510723897586138 12510723897586551 12510723897638839 12510723918214089 12510723957062053
12510723957063132 12510723957110642 12510723978598846 12510724017424815 12510724017427204 12510724017470822 12510724039102094 12510724078136610
12510724078137373 12510724078199099 12510724100746985 12510724139724747 12510724139727115 12510724139785088 12510724161698256 12510724200750158
12510724200752895 12510724200791393 12510724222496546 12510724261563953 12510724261564399 12510724261607303 12510724283616449 12510724322612301
12510724322612720 12510724322667953 12510724344454583 12510724384150402 12510724384155163 12510724384209602 12510724405832584 12510724444914384
12510724444915121 12510724444957473 12510724467020327 12510724506062322 12510724506062709 12510724506104686 12510724528010708 12510724567094143
12510724567094583 12510724567138408 12510724588542072 12510724627584453 12510724627584831 12510724627628505 12510724649486960 12510724688992748
12510724688995179 12510724689050554 12510724710943765 12510724750079619 12510724750079669 12510724750122981 12510724772446911 12510724811544463

12510644796197344 12510644796208768 12510644810126974 12510644849307768 12510644849309170 12510644849349076 12510644864915196 12510644904577590
12510644904578285 12510644904867783 12510644919846808 12510644959453056 12510644959454786 12510644959531576 12510644979710459 12510645018698418
12510645018699155 12510645018755375 12510645039803912 12510645079347003 12510645079347023 12510645079394889 12510645099484595 12510645139005205
12510645139005586 12510645139064372 12510645160390996 12510645199650034 12510645199650424 12510645199698620 12510645220866775 12510645260064586
12510645260065314 12510645260111327 12510645281558516 12510645320627090 12510645320627450 12510645320669683 12510645342069368 12510645381133738
12510645381137122 12510645381176606 12510645402813705 12510645442005202 12510645442005550 12510645442048796 12510645463229038 12510645502297743
12510645502301116 12510645502342588 12510645524283394 12510645563324682 12510645563327014 12510645563365815 12510645584922822 12510645624722267
12510645624727072 12510645624782944 12510645645909216 12510645685030726 12510645685032423 12510645685082866 12510645707127374 12510645746212267
12510645746213272 12510645746254170 12510645767873234 12510645807078813 12510645807079171 12510645807121551 12510645828269489 12510645866721559

12510771872855904 12510771872866810 12510771886154308 12510771925262612 12510771925262985 12510771925296935 12510771940724688 12510771979823690
12510771979824467 12510771980101760 12510771995777380 12510772033765494 12510772033767112 12510772033817803 12510772055348221 12510772093527500
12510772093529380 12510772093581129 12510772115929273 12510772153317761 12510772153318047 12510772153368565 12510772176528282 12510772213891960
12510772213893012 12510772213942094 12510772236911352 12510772273996357 12510772273997735 12510772274038087 12510772298262755 12510772335787118
12510772335787739 12510772335820974 12510772359197565 12510772396185697 12510772396187043 12510772396230349 12510772419234668 12510772456240095
12510772456241779 12510772456276186 12510772480470466 12510772517510574 12510772517510912 12510772517543479 12510772540797812 12510772578027810
12510772578028405 12510772578061061 12510772601377951 12510772638459763 12510772638461101 12510772638493919 12510772662274319 12510772699772478
12510772699772903 12510772699817302 12510772722416060 12510772760006725 12510772760008065 12510772760051680 12510772784267489 12510772821570072
12510772821570738 12510772821601088 12510772844924466 12510772882531493 12510772882531843 12510772882569895 12510772904803075 12510772941701857
