25 390
12510827878526588 12510827878590826 12510827899976774 12510827937579128 12510827878590846 12510827878953716 12510827942921578 12510827980778644
12510827980781076 12510827981024640 12510828000876950 12510828038465494 12510827981024688 12510827981044786 12510828043856098 12510828081299098
12510828081301532 12510828081361812 12510828101258172 12510828139096834 12510828081361826 12510828081377414 12510828148775164 12510828187239475
12510828187242854 12510828187298942 12510828215197299 12510828254419942 12510828187298966 12510828187318887 12510828263629906 12510828302184379
12510828302188164 12510828302235862 12510828331557512 12510828370003183 12510828302235885 12510828302249227 12510828380550043 12510828419071542
12510828419072317 12510828419114134 12510828448358337 12510828487580347 12510828419114155 12510828419131725 12510828496601153 12510828535245196
12510828535250069 12510828535304221 12510828563726232 12510828602085422 12510828535304239 12510828535317901 12510828611426772 12510828650571244
12510828650581356 12510828650626818 12510828678313588 12510828716703196 12510828650626866 12510828650644982 12510828726251340 12510828764157960
12510828764160090 12510828764211738 12510828793298572 12510828831179930 12510828764211752 12510828764224534 12510828842280308 12510828880521806

12510872837133602 12510872837183214 12510872858885588 12510872896379980 12510872837183312 12510872837525186 12510872901795916 12510872939856082
12510872939858666 12510872940127848 12510872960012012 12510872997527732 12510872940127896 12510872940148430 12510873003036972 12510873041363592
12510873041368884 12510873041433410 12510873060355970 12510873098064698 12510873041433514 12510873041448652 12510873106666777 12510873145605731
12510873145609115 12510873145666345 12510873175026556 12510873213611751 12510873145666366 12510873145685148 12510873223270552 12510873261688475
12510873261693643 12510873261734458 12510873291150971 12510873329482640 12510873261734559 12510873261749096 12510873338818239 12510873378093934
12510873378099143 12510873378156328 12510873407592102 12510873446023932 12510873378156667 12510873378173643 12510873455395889 12510873494786326
12510873494787238 12510873494830291 12510873524524805 12510873563037945 12510873494830651 12510873494845032 12510873572348123 12510873610908156
12510873610909440 12510873610957036 12510873640350446 12510873679487444 12510873610957054 12510873610974867 12510873688898912 12510873727933345
12510873727935588 12510873727997736 12510873757955399 12510873796311006 12510873727997759 12510873728012827 12510873805672447 12510873844355978

12510790526879704 12510790526940856 12510790548547500 12510790586727260 12510790526940888 12510790527280018 12510790591961864 12510790629878120
12510790629880784 12510790630148418 12510790650025526 12510790687538168 12510790630148714 12510790630170216 12510790693126252 12510790730801714
12510790730804504 12510790730863544 12510790750368550 12510790788145338 12510790730863568 12510790730879596 12510790798182360 12510790836870505
12510790836870990 12510790836935835 12510790864899911 12510790904178292 12510790836936079 12510790836956302 12510790913939901 12510790952556899
12510790952558123 12510790952601352 12510790981363624 12510791020434701 12510790952601554 12510790952615938 12510791030177611 12510791069934898
12510791069936059 12510791069975264 12510791098198639 12510791137172146 12510791069975538 12510791069992392 12510791149612634 12510791188618203
12510791188619005 12510791188663437 12510791214238769 12510791253824358 12510791188663574 12510791188679602 12510791266749002 12510791305348195
12510791305350994 12510791305394478 12510791332302674 12510791371112931 12510791305394775 12510791305411935 12510791383606475 12510791422039467
12510791422045240 12510791422099020 12510791447140684 12510791485813161 12510791422099243 12510791422114005 12510791499832637 12510791538268865

12510818296811602 12510818296860016 12510818318509670 12510818356936934 12510818296860320 12510818297177302 12510818362590810 12510818400630580
12510818400633512 12510818400930624 12510818419348194 12510818456866710 12510818400930638 12510818400950400 12510818462116384 12510818499799744
12510818499800584 12510818499854960 12510818521398696 12510818559176060 12510818499855270 12510818499870368 12510818568527474 12510818605791892
12510818605797402 12510818605844436 12510818633453926 12510818670600316 12510818605844484 12510818605863012 12510818680327416 12510818716665134
12510818716668442 12510818716710090 12510818747588070 12510818783964348 12510818716710366 12510818716723716 12510818796209346 12510818832366628
12510818832369004 12510818832402136 12510818861623448 12510818897625070 12510818832402148 12510818832417742 12510818910439092 12510818946415412
12510818946418816 12510818946474760 12510818973928520 12510819010415640 12510818946475004 12510818946486912 12510819029096844 12510819064880826
12510819064883140 12510819064920296 12510819088745222 12510819124420020 12510819064920344 12510819064935476 12510819147815034 12510819183479110
12510819183480894 12510819183524298 12510819204734154 12510819240295278 12510819183524568 12510819183536754 12510819262685102 12510819298133336

12510817630661248 12510817630724704 12510817651778080 12510817689250904 12510817630724716 12510817631052502 12510817694618456 12510817732319810
12510817732323122 12510817732618836 12510817752639616 12510817790562524 12510817732618884 12510817732641982 12510817795935644 12510817833216690
12510817833220076 12510817833278732 12510817852849984 12510817890301310 12510817833278744 12510817833293530 12510817899522970 12510817937788753
12510817937792254 12510817937844985 12510817967348188 12510818005448897 12510817937845006 12510817937866314 12510818015152447 12510818053247251
12510818053250347 12510818053293334 12510818083642185 12510818122725806 12510818053293352 12510818053306569 12510818131690094 12510818170287617
12510818170288470 12510818170329818 12510818200331562 12510818239518735 12510818170329844 12510818170347590 12510818249196756 12510818289534811
12510818289535661 12510818289578063 12510818316955134 12510818355691552 12510818289578084 12510818289591859 12510818367476086 12510818406297845
12510818406303068 12510818406347612 12510818434002272 12510818472587991 12510818406347632 12510818406366693 12510818484424234 12510818523128813
12510818523132265 12510818523188188 12510818548584523 12510818587286006 12510818523188206 12510818523202682 12510818601094961 12510818639868891

12510845884683448 12510845884733522 12510845906162236 12510845943510092 12510845884733534 12510845885057728 12510845949080008 12510845986917610
12510845986919992 12510845987169002 12510846007072940 12510846044417456 12510845987169048 12510845987189554 12510846050028572 12510846087690812
12510846087693276 12510846087747404 12510846107861192 12510846145409262 12510846087747450 12510846087763218 12510846155255782 12510846192711346
12510846192714134 12510846192758078 12510846221391744 12510846258461892 12510846192758126 12510846192777096 12510846270131631 12510846306847850
12510846306850532 12510846306899384 12510846336970344 12510846373477512 12510846306899398 12510846306912848 12510846385586818 12510846421961360
12510846421961686 12510846421997338 12510846454348106 12510846490723968 12510846421997352 12510846422013670 12510846502778790 12510846538805692
12510846538807966 12510846538849646 12510846569950126 12510846607748106 12510846538849658 12510846538863400 12510846616964896 12510846652629544
12510846652629916 12510846652670878 12510846684284402 12510846719781392 12510846652670896 12510846652686498 12510846731712686 12510846767201012
12510846767203288 12510846767246942 12510846794543680 12510846830123270 12510846767246954 12510846767258918 12510846845814894 12510846881299282

12510833502475462 12510833502536938 12510833524086126 12510833561547858 12510833502536954 12510833502857894 12510833566955896 12510833604825722
12510833604828288 12510833605116996 12510833625316378 12510833662764408 12510833605117010 12510833605139358 12510833668879910 12510833706391280
12510833706394902 12510833706452954 12510833725246912 12510833762829816 12510833706452972 12510833706468310 12510833771991152 12510833809430954
12510833809433644 12510833809485010 12510833840441018 12510833877487206 12510833809485024 12510833809504148 12510833888055800 12510833924689324
12510833924691978 12510833924745718 12510833956491526 12510833992877698 12510833924745732 12510833924758226 12510834003722484 12510834040059884
12510834040060830 12510834040098892 12510834072976634 12510834109085014 12510834040098904 12510834040115106 12510834120726732 12510834157173372
12510834157174186 12510834157221268 12510834189818854 12510834225931188 12510834157221282 12510834157233892 12510834237491720 12510834274225952
12510834274226618 12510834274274664 12510834305699506 12510834341492252 12510834274274714 12510834274290432 12510834354222890 12510834390136515
12510834390137101 12510834390183271 12510834423313944 12510834458992968 12510834390183295 12510834390195938 12510834470532930 12510834507838874

12510757986926728 12510757986976978 12510758007592696 12510758044754396 12510757986976990 12510757987303616 12510758052030836 12510758089442958
12510758089445878 12510758089717552 12510758110125036 12510758147377936 12510758089717564 12510758089736398 12510758153470970 12510758190512546
12510758190515042 12510758190574892 12510758210365754 12510758247554604 12510758190574904 12510758190590456 12510758257244974 12510758296130215
12510758296132479 12510758296199657 12510758325071560 12510758363123669 12510758296199675 12510758296218359 12510758373694012 12510758411689616
12510758411694685 12510758411735153 12510758443317498 12510758481583160 12510758411735176 12510758411748604 12510758492835280 12510758531459632
12510758531460431 12510758531500052 12510758558483521 12510758596834436 12510758531500070 12510758531517120 12510758609914982 12510758648011279
12510758648012170 12510758648055485 12510758674381367 12510758712705373 12510758648055503 12510758648070404 12510758726800773 12510758765077173
12510758765078478 12510758765119332 12510758793024716 12510758831220558 12510758765119362 12510758765138269 12510758844081917 12510758882336873
12510758882341485 12510758882392656 12510758907871179 12510758946664323 12510758882392674 12510758882407673 12510758961080033 12510758999248752

12510742895042582 12510742895105530 12510742916867436 12510742953744042 12510742895105544 12510742895431012 12510742960834764 12510742998358560
12510742998361210 12510742998649760 12510743018321664 12510743055246670 12510742998649776 12510742998668990 12510743061777072 12510743100471536
12510743100473802 12510743100526214 12510743119673848 12510743156605506 12510743100526226 12510743100541816 12510743166721706 12510743203944414
12510743203945188 12510743203996570 12510743232272454 12510743268922568 12510743203996616 12510743204014844 12510743279741090 12510743315899380
12510743315902094 12510743315944720 12510743344266350 12510743380394672 12510743315944732 12510743315958480 12510743390995696 12510743427120618
12510743427123336 12510743427160656 12510743454241854 12510743490197756 12510743427160670 12510743427178642 12510743512241188 12510743548918276
12510743548923358 12510743548970454 12510743572415516 12510743608064414 12510743548970466 12510743548984186 12510743625106184 12510743660887878
12510743660892216 12510743660931042 12510743686011252 12510743721531524 12510743660931056 12510743660946846 12510743745802348 12510743781242322
12510743781246580 12510743781291614 12510743804582180 12510743839861780 12510743781291662 12510743781305014 12510743861903120 12510743897427472

12510744059215342 12510744059266302 12510744080339844 12510744117757250 12510744059266314 12510744059619614 12510744123191572 12510744161082556
12510744161085318 12510744161359906 12510744180209498 12510744217613386 12510744161359918 12510744161378114 12510744222945870 12510744261339448
12510744261344254 12510744261396876 12510744280551801 12510744318361242 12510744261396888 12510744261409462 12510744328083591 12510744367514406
12510744367517779 12510744367559994 12510744396502763 12510744435332001 12510744367560012 12510744367578476 12510744444782624 12510744483348664
12510744483353012 12510744483415658 12510744512299783 12510744550580888 12510744483415676 12510744483427767 12510744560248633 12510744598976958
12510744598981617 12510744599026010 12510744628689975 12510744666832545 12510744599026028 12510744599041497 12510744678059791 12510744716107710
12510744716112000 12510744716151202 12510744745547530 12510744783497841 12510744716151220 12510744716163385 12510744796029974 12510744833674548
12510744833680690 12510744833718638 12510744862053385 12510744899627901 12510744833718659 12510744833733668 12510744912977003 12510744950630595
12510744950634074 12510744950679219 12510744977156086 12510745014884606 12510744950679237 12510744950691869 12510745029650297 12510745067410287

12510868992043306 12510868992103114 12510869013554566 12510869051058542 12510868992103154 12510868992431862 12510869056905462 12510869094838598
12510869094841210 12510869095125764 12510869114511258 12510869151944050 12510869095126080 12510869095143200 12510869157636432 12510869196002136
12510869196004392 12510869196058154 12510869215164696 12510869252837156 12510869196058184 12510869196072096 12510869262662912 12510869300431330
12510869300434338 12510869300473866 12510869330372360 12510869367570478 12510869300474176 12510869300490706 12510869379115714 12510869415954402
12510869415957188 12510869415994208 12510869446725478 12510869483326512 12510869415994236 12510869416007336 12510869495497590 12510869531782670
12510869531783452 12510869531821306 12510869562450486 12510869598773494 12510869531821560 12510869531839182 12510869610502504 12510869646435468
12510869646439814 12510869646474910 12510869676906114 12510869713258816 12510869646474988 12510869646487880 12510869725760722 12510869761630754
12510869761635032 12510869761670778 12510869792790418 12510869829060472 12510869761671026 12510869761685678 12510869841202504 12510869876705226
12510869876705846 12510869876750770 12510869908621776 12510869944089078 12510869876750844 12510869876762990 12510869956948798 12510869992483168

12510762662583000 12510762662632074 12510762684229976 12510762721707414 12510762662632168 12510762662954002 12510762727075358 12510762764925648
12510762764928084 12510762765227594 12510762785471578 12510762823690784 12510762765227888 12510762765245166 12510762828999968 12510762866491150
12510762866493910 12510762866539694 12510762885459188 12510762922985090 12510762866539796 12510762866553000 12510762932044216 12510762969634706
12510762969635420 12510762969676166 12510762998434900 12510763035319088 12510762969676178 12510762969692510 12510763045367460 12510763081846412
12510763081848734 12510763081889692 12510763112889278 12510763150032590 12510763081889764 12510763081903308 12510763160290502 12510763196511176
12510763196511812 12510763196549402 12510763230168552 12510763266248326 12510763196549670 12510763196565776 12510763278286532 12510763314530624
12510763314531446 12510763314573594 12510763343601324 12510763379370788 12510763314573678 12510763314586870 12510763392656950 12510763428369646
12510763428372008 12510763428403234 12510763466089680 12510763501545784 12510763428403462 12510763428417464 12510763513713944 12510763549232318
12510763549236574 12510763549281570 12510763581479300 12510763617035904 12510763549281688 12510763549292864 12510763629568786 12510763665176720

12510701754271132 12510701754338670 12510701775190938 12510701812622680 12510701754338692 12510701754677094 12510701818646758 12510701856902858
12510701856905648 12510701857176264 12510701877186470 12510701915517872 12510701857176314 12510701857193736 12510701920937722 12510701958408522
12510701958410954 12510701958456624 12510701977690388 12510702015329424 12510701958456636 12510701958470874 12510702024527321 12510702063046616
12510702063047403 12510702063093297 12510702093659610 12510702132741901 12510702063093323 12510702063109800 12510702142338248 12510702180927338
12510702180929819 12510702180974391 12510702210790469 12510702250972170 12510702180974414 12510702180989061 12510702260156636 12510702298727617
12510702298728342 12510702298773965 12510702326114370 12510702365699742 12510702298773986 12510702298789532 12510702377347191 12510702415985103
12510702415987162 12510702416031014 12510702441393463 12510702480092266 12510702416031032 12510702416046977 12510702494068205 12510702533407687
12510702533411004 12510702533464676 12510702560428147 12510702598861561 12510702533464697 12510702533481994 12510702611459460 12510702650071022
12510702650073362 12510702650128112 12510702675968827 12510702714698339 12510702650128170 12510702650142238 12510702728388195 12510702766988716

12510690645791849 12510690645840714 12510690667665396 12510690706085338 12510690645840732 12510690646180036 12510690711606751 12510690750161741
12510690750164555 12510690750432441 12510690769213162 12510690807093246 12510690750432459 12510690750449016 12510690812550093 12510690850391786
12510690850392573 12510690850444757 12510690870479504 12510690908128616 12510690850444778 12510690850456572 12510690917994056 12510690955624435
12510690955625226 12510690955662900 12510690984226227 12510691021539683 12510690955662924 12510690955679944 12510691031161234 12510691068534873
12510691068535993 12510691068578615 12510691097994005 12510691135216146 12510691068578826 12510691068601258 12510691145249112 12510691182602129
12510691182602753 12510691182636856 12510691208486695 12510691245771209 12510691182636874 12510691182652950 12510691261377720 12510691298989962
12510691298993765 12510691299035787 12510691323692562 12510691361269200 12510691299035805 12510691299049155 12510691378201871 12510691415955338
12510691415957077 12510691415997068 12510691443254370 12510691479982346 12510691415997094 12510691416012088 12510691495394422 12510691532672680
12510691532676956 12510691532726224 12510691556160992 12510691593609945 12510691532726236 12510691532738390 12510691613129527 12510691651164012

12510736982748548 12510736982815408 12510737004018856 12510737041365156 12510736982815420 12510736983135042 12510737046673074 12510737084474158
12510737084477318 12510737084784768 12510737103710142 12510737141027538 12510737084784814 12510737084803336 12510737146459126 12510737183711478
12510737183714078 12510737183757462 12510737203016840 12510737240456120 12510737183757474 12510737183781076 12510737251601863 12510737289923245
12510737289927637 12510737289966408 12510737319745308 12510737358255711 12510737289966426 12510737289985045 12510737368309094 12510737406527662
12510737406529760 12510737406571657 12510737436947264 12510737475164414 12510737406571675 12510737406584559 12510737485112142 12510737523674284
12510737523676646 12510737523712497 12510737553207380 12510737591804319 12510737523712520 12510737523730673 12510737601643473 12510737640629225
12510737640633543 12510737640683739 12510737668566888 12510737707220957 12510737640683757 12510737640698183 12510737718367353 12510737756552932
12510737756556245 12510737756596232 12510737785690731 12510737824027282 12510737756596253 12510737756614595 12510737833628188 12510737872221278
12510737872223500 12510737872272862 12510737900237400 12510737938473633 12510737872272882 12510737872285775 12510737949925695 12510737988148714

12510748802351170 12510748802401282 12510748823865864 12510748862005086 12510748802401296 12510748802725966 12510748867470484 12510748905355086
12510748905358954 12510748905665756 12510748924918468 12510748962415724 12510748905665770 12510748905683648 12510748967971632 12510749005719050
12510749005719920 12510749005765478 12510749025526899 12510749063292684 12510749005765524 12510749005779202 12510749072995914 12510749111786640
12510749111787044 12510749111824743 12510749140789318 12510749179584487 12510749111824761 12510749111843255 12510749189446453 12510749228948874
12510749228949252 12510749228995532 12510749257202676 12510749296643779 12510749228995558 12510749229009634 12510749305829198 12510749344914446
12510749344916817 12510749344951737 12510749372848626 12510749411665491 12510749344951755 12510749344969497 12510749420827118 12510749459287409
12510749459291691 12510749459333201 12510749487369095 12510749526859340 12510749459333219 12510749459349630 12510749536088378 12510749575168336
12510749575169037 12510749575213312 12510749603278945 12510749642373626 12510749575213335 12510749575231336 12510749651533024 12510749690658902
12510749690663700 12510749690717208 12510749719068865 12510749758097092 12510749690717226 12510749690731757 12510749767274220 12510749806257947

12510791902484682 12510791902546492 12510791924313272 12510791961625228 12510791902546538 12510791902869454 12510791967105886 12510792004905976
12510792004909370 12510792005173216 12510792024765480 12510792062168272 12510792005173228 12510792005190538 12510792067648256 12510792105008552
12510792105012392 12510792105057168 12510792124992200 12510792162290232 12510792105057214 12510792105069716 12510792171172216 12510792208479102
12510792208481668 12510792208521736 12510792238576616 12510792276306318 12510792208521750 12510792208539322 12510792286898228 12510792324489156
12510792324489958 12510792324530836 12510792355870208 12510792393560598 12510792324530848 12510792324544582 12510792403461114 12510792441696013
12510792441698509 12510792441737627 12510792470869828 12510792509182002 12510792441737645 12510792441754669 12510792518175336 12510792556463599
12510792556466978 12510792556507912 12510792588601186 12510792626964596 12510792556507930 12510792556521723 12510792637078129 12510792676153036
12510792676156462 12510792676207871 12510792706162896 12510792744421257 12510792676207889 12510792676225542 12510792753839895 12510792792218825
12510792792219274 12510792792267339 12510792822146593 12510792860342079 12510792792267357 12510792792280794 12510792870013455 12510792908270553

3146048232691274 3146048232737032 3146048254332646 3146048291702700 3146048232737048 3146048233053018 3146048297077206 3146048334972416
3146048334975708 3146048335250262 3146048355647098 3146048393948832 3146048335250276 3146048335268244 3146048399381556 3146048436900486
3146048436902512 3146048436947304 3146048455913344 3146048493444136 3146048436947318 3146048436961578 3146048504074438 3146048542533822
3146048542535144 3146048542574911 3146048572265511 3146048610960224 3146048542574932 3146048542594056 3146048620781930 3146048660258402
3146048660261608 3146048660302022 3146048689377347 3146048728486793 3146048660302043 3146048660317034 3146048738601800 3146048776849461
3146048776853309 3146048776902546 3146048804571090 3146048843902009 3146048776902855 3146048776918948 3146048855792757 3146048894400074
3146048894402828 3146048894440996 3146048919805930 3146048958487656 3146048894441014 3146048894456326 3146048972502771 3146049011245426
3146049011248260 3146049011290830 3146049039158445 3146049077867771 3146049011290853 3146049011308458 3146049089906221 3146049128750467
3146049128755577 3146049128808037 3146049154484935 3146049193234537 3146049128808057 3146049128822340 3146049206836501 3146049245767598

12510766388891738 12510766388951328 12510766410077012 12510766447193204 12510766388951340 12510766389277762 12510766454046346 12510766492249106
12510766492252244 12510766492526982 12510766512380562 12510766549492990 12510766492527000 12510766492545684 12510766555674642 12510766592936010
12510766592939088 12510766592987018 12510766612177649 12510766649465462 12510766592987030 12510766593002308 12510766661117479 12510766699288822
12510766699289193 12510766699331034 12510766727349968 12510766765354275 12510766699331052 12510766699348616 12510766774513481 12510766813485172
12510766813485561 12510766813538946 12510766841270068 12510766879438421 12510766813538964 12510766813554106 12510766888820312 12510766927034443
12510766927036773 12510766927075758 12510766954280826 12510766991633472 12510766927075779 12510766927093759 12510767002583659 12510767041100597
12510767041102948 12510767041147094 12510767064356192 12510767102439280 12510767041147115 12510767041161419 12510767121541792 12510767160986119
12510767160988585 12510767161035186 12510767186763247 12510767224862937 12510767161035207 12510767161053713 12510767237185641 12510767275284098
12510767275284844 12510767275339316 12510767299052736 12510767337145372 12510767275339337 12510767275354556 12510767355700728 12510767393770226

12510716102537620 12510716102598816 12510716123854060 12510716161165612 12510716102598862 12510716102917156 12510716166430398 12510716204151184
12510716204153670 12510716204439708 12510716224534358 12510716261905698 12510716204440020 12510716204459738 12510716267438510 12510716304776990
12510716304778166 12510716304827574 12510716324645961 12510716362921232 12510716304827876 12510716304842878 12510716371798357 12510716410040697
12510716410041163 12510716410093832 12510716439453729 12510716478572759 12510716410093882 12510716410114061 12510716488129738 12510716526985513
12510716526988295 12510716527030005 12510716556855469 12510716595658117 12510716527030300 12510716527043297 12510716604929816 12510716643711768
12510716643715180 12510716643756699 12510716673264801 12510716712064153 12510716643756988 12510716643774255 12510716721464739 12510716760267350
12510716760270779 12510716760313572 12510716788446129 12510716826840480 12510716760313855 12510716760328008 12510716838187020 12510716876457790
12510716876458628 12510716876504753 12510716905753678 12510716943960413 12510716876505074 12510716876523230 12510716954328010 12510716992648643
12510716992653454 12510716992710392 12510717020730824 12510717058993512 12510716992710410 12510716992723853 12510717072228749 12510717111775861

12510692297321500 12510692297378396 12510692319003298 12510692357102118 12510692297378472 12510692297696340 12510692362458832 12510692400199464
12510692400202186 12510692400360982 12510692419912814 12510692457317450 12510692400360994 12510692400379940 12510692462964340 12510692500491820
12510692500493424 12510692500545564 12510692520160388 12510692558961514 12510692500545628 12510692500559990 12510692567608282 12510692606203097
12510692606204024 12510692606251620 12510692635832660 12510692674164873 12510692606251873 12510692606271490 12510692684432952 12510692722997042
12510692722997606 12510692723042891 12510692752192504 12510692791061246 12510692723042918 12510692723055585 12510692800813127 12510692839070207
12510692839071113 12510692839108360 12510692867893861 12510692906268613 12510692839108607 12510692839124923 12510692915812307 12510692954086770
12510692954087308 12510692954126911 12510692982768890 12510693021646086 12510692954126932 12510692954140538 12510693031072180 12510693069881240
12510693069883187 12510693069929128 12510693098284876 12510693136790101 12510693069929392 12510693069946142 12510693146516136 12510693184996686
12510693184999001 12510693185048971 12510693214050465 12510693252430690 12510693185049001 12510693185063225 12510693262255989 12510693301644851

12510754411017790 12510754411078762 12510754432811920 12510754469843764 12510754411078774 12510754411407538 12510754475663800 12510754513205178
12510754513210788 12510754513538128 12510754533299207 12510754570634192 12510754513538174 12510754513560756 12510754576194376 12510754613440170
12510754613442490 12510754613504870 12510754634159824 12510754671386400 12510754613504882 12510754613519962 12510754680548834 12510754718572848
12510754718573297 12510754718627564 12510754748925290 12510754787824508 12510754718627582 12510754718646287 12510754797153224 12510754835332869
12510754835333624 12510754835384070 12510754865125755 12510754903631004 12510754835384088 12510754835398021 12510754912699798 12510754950671419
12510754950674322 12510754950718067 12510754981539478 12510755019744317 12510754950718085 12510754950735946 12510755029277130 12510755067740826
12510755067741652 12510755067787156 12510755098541079 12510755136892366 12510755067787174 12510755067801143 12510755146228545 12510755184765358
12510755184768576 12510755184814187 12510755214778150 12510755252877097 12510755184814205 12510755184831026 12510755262780411 12510755301219040
12510755301224195 12510755301279425 12510755331906578 12510755370493619 12510755301279446 12510755301293982 12510755379552014 12510755418902967

12510733105612144 12510733105669974 12510733127264216 12510733164330546 12510733105670060 12510733105988216 12510733170679766 12510733208070626
12510733208074002 12510733208407004 12510733228795578 12510733266321760 12510733208407016 12510733208428108 12510733271880908 12510733309495594
12510733309498322 12510733309557154 12510733328303464 12510733368133126 12510733309557166 12510733309572272 12510733376995573 12510733414916576
12510733414920020 12510733414974290 12510733445262688 12510733484206204 12510733414974311 12510733414993239 12510733493716839 12510733532271716
12510733532275755 12510733532327446 12510733561484929 12510733600185496 12510733532327466 12510733532342416 12510733610491592 12510733648962042
12510733648965432 12510733649006866 12510733677729464 12510733716390335 12510733649006892 12510733649024679 12510733726995902 12510733765647742
12510733765652035 12510733765696527 12510733793069292 12510733831487135 12510733765696553 12510733765713548 12510733845496310 12510733883936305
12510733883937140 12510733883980687 12510733912090093 12510733950793514 12510733883980707 12510733883997318 12510733962120584 12510734000628572
12510734000632550 12510734000689169 12510734027441742 12510734065999176 12510734000689189 12510734000703692 12510734079768695 12510734118632822

12510654167207542 12510654167264802 12510654188390438 12510654225426086 12510654167264818 12510654167606816 12510654231743144 12510654269199908
12510654269202494 12510654269467602 12510654289720458 12510654326924670 12510654269467614 12510654269487608 12510654332503338 12510654370395138
12510654370397238 12510654370462602 12510654389254502 12510654426456316 12510654370462618 12510654370477520 12510654436396548 12510654474545070
12510654474545795 12510654474582026 12510654505704365 12510654543749716 12510654474582044 12510654474598092 12510654552821740 12510654590835624
12510654590837959 12510654590880275 12510654619646750 12510654658067002 12510654590880299 12510654590892788 12510654667124950 12510654705920737
12510654705921168 12510654705976636 12510654732861370 12510654770854115 12510654705976659 12510654705993558 12510654780875240 12510654819080207
12510654819082599 12510654819124618 12510654841655374 12510654878859158 12510654819124642 12510654819138379 12510654900157451 12510654938327331
12510654938329369 12510654938371112 12510654965214498 12510655004047982 12510654938371133 12510654938388331 12510655015543478 12510655053727093
12510655053732204 12510655053783830 12510655075828481 12510655113549986 12510655053783859 12510655053797216 12510655134368438 12510655172387979

12510781243941870 12510781243993414 12510781265088938 12510781302461598 12510781243993426 12510781244317712 12510781307913190 12510781345622676
12510781345625774 12510781345912788 12510781365910566 12510781403387760 12510781345912802 12510781345933806 12510781409227848 12510781446649020
12510781446652386 12510781446708100 12510781466101608 12510781503491672 12510781446708114 12510781446723390 12510781513197572 12510781551488452
12510781551491189 12510781551547283 12510781580236215 12510781618527283 12510781551547310 12510781551567956 12510781628780304 12510781667013013
12510781667015354 12510781667058422 12510781698309668 12510781736739878 12510781667058443 12510781667073345 12510781746342394 12510781785303498
12510781785304179 12510781785355133 12510781814690694 12510781852923991 12510781785355154 12510781785372320 12510781862755604 12510781901038313
12510781901040690 12510781901083045 12510781930275086 12510781968760833 12510781901083066 12510781901097269 12510781980785111 12510782019065163
12510782019065850 12510782019109497 12510782046964316 12510782085722082 12510782019109518 12510782019127869 12510782097732028 12510782136614960
12510782136617348 12510782136670004 12510782162198200 12510782200816493 12510782136670020 12510782136683292 12510782214404468 12510782252625362
