25 279
12510800427508314 12510800428132202 12510800430267242 12510800467653034 12510800428132234 12510800428667016 12510800469742452 12510800507942956
12510800467655364 12510800468515628 12510800510564302 12510800548251224 12510800507943784 12510800509184212 12510800553323278 12510800590994746
12510800548253572 12510800549308070 12510800593759018 12510800631972976 12510800590995164 12510800591878666 12510800633621856 12510800671645950
12510800631973352 12510800632819654 12510800674241788 12510800711744002 12510800671646786 12510800672478038 12510800713909672 12510800751389008
12510800711746354 12510800712717936 12510800753532628 12510800791184170 12510800751389402 12510800752343510 12510800793495546 12510800831063414
12510800791184570 12510800792019836 12510800833209414 12510800871128242 12510800831066844 12510800832025068 12510800873251746 12510800910815180
12510800871128270 12510800871961626 12510800914219612 12510800952533228 12510800910818672 12510800911654532 12510800955116948 12510800992721836
12510800952533276 12510800953558928 12510800995081028 12510801032791448 12510800992722302 12510800993680834 12510801036087106 12510801073635072
12510801032791460 12510801033631480 12510801076461774 12510801114006298 12510801073635502 12510801074595076 12510801114661192 12510801152749538

12510845385973432 12510845386596194 12510845389180990 12510845426761112 12510845386596218 12510845387139290 12510845428802500 12510845467510558
12510845426761184 12510845427611434 12510845470172350 12510845508033578 12510845467511346 12510845468965548 12510845510246386 12510845547872932
12510845508033590 12510845509175778 12510845549750144 12510845587920148 12510845547873388 12510845548839864 12510845590021002 12510845627569704
12510845587920512 12510845588783752 12510845629672348 12510845667969746 12510845627573212 12510845628590292 12510845670067450 12510845707668958
12510845667970154 12510845668976406 12510845709926090 12510845747528428 12510845707671366 12510845708728798 12510845749652606 12510845787987514
12510845747530798 12510845748397448 12510845790207748 12510845827801726 12510845787987936 12510845788874542 12510845829943626 12510845867719716
12510845827802128 12510845828824974 12510845869813876 12510845907967230 12510845867720138 12510845868695250 12510845911675250 12510845949311368
12510845907967640 12510845908930690 12510845951436974 12510845989371980 12510845949311896 12510845950302908 12510845991469234 12510846029258048
12510845989374360 12510845990330582 12510846031445296 12510846069068752 12510846029260634 12510846030256252 12510846069918218 12510846108758176

12510763075877790 12510763076441340 12510763078938672 12510763114483984 12510763076441420 12510763076920060 12510763118318088 12510763154199518
12510763114484306 12510763115233548 12510763158602786 12510763194497030 12510763154199870 12510763155428504 12510763198782870 12510763234367652
12510763194497052 12510763195378430 12510763240802496 12510763276554004 12510763234370006 12510763235139390 12510763279884686 12510763316563932
12510763276554058 12510763277423010 12510763319621084 12510763355602812 12510763316563952 12510763317343732 12510763359382876 12510763395883698
12510763355602838 12510763356373546 12510763398723790 12510763434707522 12510763395884066 12510763396765630 12510763438827990 12510763474805664
12510763434707574 12510763435572032 12510763479151276 12510763515242604 12510763474808260 12510763475700154 12510763519399812 12510763555341078
12510763515242636 12510763516044000 12510763559824272 12510763596363150 12510763555344390 12510763556265334 12510763599364240 12510763636454212
12510763596365494 12510763597298206 12510763638622518 12510763675203358 12510763636454276 12510763637305016 12510763678515964 12510763715502294
12510763675203370 12510763675992408 12510763718181656 12510763755411678 12510763715502632 12510763716438182 12510763756290918 12510763793729094

12510790845756946 12510790846380222 12510790848504610 12510790886083736 12510790846380292 12510790846927526 12510790888158052 12510790926258574
12510790886086054 12510790886946576 12510790929617546 12510790967287802 12510790926260920 12510790927652452 12510790970067850 12510791007778000
12510790967288182 12510790968394056 12510791010873474 12510791048626696 12510791007780740 12510791008761370 12510791050736582 12510791089148228
12510791048626712 12510791049599232 12510791091133156 12510791128800400 12510791089150630 12510791090168506 12510791130894686 12510791168460188
12510791128800412 12510791129771766 12510791170585992 12510791208402010 12510791168460958 12510791169481500 12510791210522242 12510791248045454
12510791208402032 12510791209419016 12510791250383708 12510791287978142 12510791248047864 12510791249058850 12510791290082866 12510791327579572
12510791287978154 12510791288937926 12510791329720968 12510791367251208 12510791327581948 12510791328564892 12510791369401314 12510791407707444
12510791367251222 12510791368225862 12510791409810084 12510791447406694 12510791407708318 12510791408597652 12510791449524462 12510791487154774
12510791447406706 12510791448449082 12510791489287822 12510791526763470 12510791487155274 12510791488198334 12510791527450070 12510791565169890

12510790179598034 12510790180208208 12510790182898195 12510790220056956 12510790180208238 12510790180744104 12510790222160458 12510790260126794
12510790220059328 12510790220916100 12510790263770952 12510790301013870 12510790260127618 12510790261392152 12510790303810854 12510790341006806
12510790301013906 12510790302068152 12510790343442386 12510790380719620 12510790341009584 12510790341892850 12510790383255560 12510790420489082
12510790380719686 12510790381581960 12510790422632316 12510790459916846 12510790420491466 12510790421447282 12510790462076490 12510790499476568
12510790459916880 12510790460870616 12510790501915432 12510790539934758 12510790499478964 12510790500449372 12510790542132160 12510790579324464
12510790539937118 12510790540930542 12510790582174774 12510790619498694 12510790579325334 12510790580274658 12510790622903395 12510790660292094
12510790619501074 12510790620336504 12510790663197120 12510790700637390 12510790660295522 12510790661130594 12510790702964850 12510790740236656
12510790700639716 12510790701510984 12510790743066490 12510790780385316 12510790740240018 12510790741111706 12510790783337254 12510790820674746
12510790780387632 12510790781296912 12510790823929744 12510790861897112 12510790820675168 12510790821546792 12510790862832598 12510790900477438

12510818433564174 12510818434182344 12510818436385374 12510818473650640 12510818434182408 12510818434725006 12510818476290338 12510818514000248
12510818473653028 12510818474524352 12510818518153256 12510818555942262 12510818514001092 12510818515226178 12510818558205224 12510818595840578
12510818555944592 12510818556950384 12510818597803208 12510818635528904 12510818595843458 12510818596818576 12510818637637803 12510818675218512
12510818635529312 12510818636380542 12510818679758668 12510818717331168 12510818675221366 12510818676085812 12510818719913904 12510818757503456
12510818717333536 12510818718326718 12510818759597296 12510818797262000 12510818757506272 12510818758337642 12510818800177854 12510818838086173
12510818797262424 12510818798100992 12510818840563642 12510818879219764 12510818838086940 12510818838949468 12510818881235288 12510818919117184
12510818879222130 12510818880050374 12510818921488960 12510818959075592 12510818919119664 12510818919954800 12510818961213028 12510818999020477
12510818959077924 12510818959918928 12510819001135280 12510819040087946 12510818999021279 12510818999887070 12510819042140868 12510819080440918
12510819040088312 12510819041091910 12510819082568126 12510819120049922 12510819080441680 12510819081396668 12510819121485016 12510819159037180

12510806051361260 12510806051980890 12510806054567776 12510806091844846 12510806051980910 12510806052519736 12510806094255934 12510806132136116
12510806091847198 12510806092720794 12510806135556978 12510806173351494 12510806132136902 12510806133369130 12510806175643564 12510806213264384
12510806173351890 12510806174348642 12510806215331514 12510806252978282 12510806213264820 12510806214145416 12510806255398898 12510806292851964
12510806252980650 12510806253865914 12510806295048768 12510806332590356 12510806292854294 12510806293723386 12510806335443412 12510806373714254
12510806332590714 12510806333476550 12510806375968016 12510806413524352 12510806373716656 12510806374591196 12510806415708944 12510806453099328
12510806413524710 12510806414408218 12510806455589904 12510806493143170 12510806453102838 12510806453975662 12510806495344982 12510806532876104
12510806493143508 12510806494017530 12510806535205744 12510806572782838 12510806532879534 12510806533762846 12510806575425668 12510806612923510
12510806572782880 12510806573670566 12510806616827586 12510806654757240 12510806612925898 12510806613816450 12510806656881936 12510806695245950
12510806654757630 12510806655753322 12510806696975664 12510806734480768 12510806695248460 12510806696091698 12510806735415468 12510806773088792

12510730535984498 12510730536601404 12510730539319018 12510730576392772 12510730536601430 12510730537140316 12510730578536688 12510730616118012
12510730576393144 12510730577257782 12510730619751500 12510730656882100 12510730616118840 12510730617501136 12510730660762918 12510730698765074
12510730656884468 12510730657992156 12510730700901982 12510730738063736 12510730698765500 12510730699784868 12510730740488632 12510730777670482
12510730738066072 12510730739030538 12510730780275722 12510730817386430 12510730777671510 12510730778652248 12510730820085546 12510730857216570
12510730817388798 12510730818389272 12510730859763510 12510730897008320 12510730857217004 12510730858209998 12510730900105316 12510730937230070
12510730897008388 12510730898012860 12510730939845418 12510730977258234 12510730937230846 12510730938240126 12510730979776428 12510731017750038
12510730977258264 12510730978252618 12510731019923956 12510731057448508 12510731017750862 12510731018800736 12510731059511344 12510731096678538
12510731057448882 12510731058425174 12510731098892662 12510731136181388 12510731096680928 12510731097680662 12510731138929354 12510731176044880
12510731136181408 12510731137178738 12510731178740462 12510731216091782 12510731176047358 12510731177044860 12510731217919480 12510731255341962

12510715444097318 12510715444717274 12510715446879712 12510715483782178 12510715444717344 12510715445246848 12510715486484378 12510715523880274
12510715483784552 12510715484664696 12510715527122070 12510715564304800 12510715523881116 12510715525236662 12510715567874038 12510715605069852
12510715564305208 12510715565296596 12510715608191284 12510715646098984 12510715605070252 12510715606062646 12510715649077322 12510715686183498
12510715646099396 12510715647110736 12510715689472950 12510715726655848 12510715686185926 12510715687047050 12510715729219368 12510715766347538
12510715726656334 12510715727509444 12510715768911450 12510715806122648 12510715766349952 12510715767327626 12510715808847974 12510715846145878
12510715806124948 12510715807010434 12510715848573044 12510715885570962 12510715846146296 12510715847016896 12510715888407474 12510715925555412
12510715885573370 12510715886440842 12510715928046254 12510715965998712 12510715925558206 12510715926449102 12510715967748448 12510716004848668
12510715965999118 12510715966897072 12510716008135490 12510716045219176 12510716004849462 12510716005730892 12510716047843936 12510716084995532
12510716045219188 12510716046213178 12510716087611042 12510716124748582 12510716084997840 12510716085983514 12510716125775094 12510716162977326

12510716608279328 12510716608900124 12510716611589670 12510716648928358 12510716608900194 12510716609432586 12510716651175476 12510716689713036
12510716648928770 12510716649822230 12510716692462176 12510716730168244 12510716689713808 12510716691031250 12510716732502418 12510716770088912
12510716730170608 12510716731284986 12510716772134788 12510716809893978 12510716770091222 12510716771075132 12510716811946978 12510716849476308
12510716809896356 12510716810882540 12510716851323614 12510716888938226 12510716849478672 12510716850458052 12510716890766592 12510716928547422
12510716888940516 12510716889909118 12510716930658200 12510716968272546 12510716928549790 12510716929509814 12510716970425378 12510717008726740
12510716968274962 12510716969302318 12510717010913800 12510717049253972 12510717008727146 12510717009697786 12510717051646038 12510717089811994
12510717049254390 12510717050308376 12510717091936262 12510717129616224 12510717089812670 12510717090853504 12510717131896634 12510717169661166
12510717129617566 12510717130675352 12510717171813036 12510717209916792 12510717169661940 12510717170655524 12510717212039236 12510717250524046
12510717209917198 12510717210920720 12510717252631214 12510717290608742 12510717250526372 12510717251561424 12510717291519896 12510717331244832

12510841540811198 12510841541435438 12510841544018694 12510841582312964 12510841541435514 12510841541973712 12510841584585640 12510841622738048
12510841582315334 12510841583211718 12510841625402518 12510841663035414 12510841622738890 12510841624015568 12510841665434242 12510841702997528
12510841663035772 12510841664138712 12510841705041684 12510841742737090 12510841702999872 12510841703865126 12510841744843214 12510841783017880
12510841742737492 12510841743597786 12510841786744378 12510841825285332 12510841783018716 12510841783884882 12510841827516852 12510841865277870
12510841825287690 12510841826263342 12510841867331988 12510841905899978 12510841865281346 12510841866254904 12510841907727692 12510841945736058
12510841905902368 12510841906747880 12510841947872970 12510841986333102 12510841945736896 12510841946689422 12510841988460930 12510842026661562
12510841986333496 12510841987271784 12510842028795416 12510842066269884 12510842026661978 12510842027612672 12510842068511302 12510842106087098
12510842066270308 12510842067275978 12510842108187968 12510842145822298 12510842106089478 12510842106924224 12510842148918144 12510842186762786
12510842145822710 12510842146688154 12510842189833734 12510842228168952 12510842186763548 12510842187606052 12510842228753940 12510842266462468

12510735211589238 12510735212216794 12510735214542545 12510735252737678 12510735212216872 12510735212750384 12510735254660880 12510735292991486
12510735252738116 12510735253594022 12510735295826018 12510735333449720 12510735292992238 12510735294449304 12510735335704638 12510735373277428
12510735333450138 12510735334602616 12510735375918112 12510735414346226 12510735373279750 12510735374161042 12510735416428170 12510735454885742
12510735414349752 12510735415207550 12510735456924412 12510735494630450 12510735454886534 12510735455855420 12510735496489326 12510735534879818
12510735494635268 12510735495622088 12510735537071158 12510735574706278 12510735534880198 12510735535875584 12510735576902896 12510735614609970
12510735574712138 12510735575682746 12510735616721980 12510735654329602 12510735614612320 12510735615550042 12510735656448392 12510735694220490
12510735654330748 12510735655275728 12510735696352944 12510735734603408 12510735694222814 12510735695105314 12510735736727190 12510735774238730
12510735734606818 12510735735439410 12510735776388938 12510735813937906 12510735774241290 12510735775233134 12510735816020286 12510735854345954
12510735813940066 12510735814901854 12510735858178350 12510735896320388 12510735854348668 12510735855192352 12510735896921608 12510735934742224

12510674303396940 12510674304631198 12510674306798350 12510674344064366 12510674304631228 12510674305199970 12510674346696754 12510674384577592
12510674344064688 12510674344915616 12510674388270604 12510674425842580 12510674384578404 12510674385816416 12510674428395266 12510674465897088
12510674425844908 12510674426957886 12510674468075458 12510674505868228 12510674465899524 12510674466863746 12510674507888504 12510674545865056
12510674505868608 12510674506736708 12510674547676486 12510674585471486 12510674545865950 12510674546831228 12510674587483664 12510674625077356
12510674585475918 12510674586442542 12510674627214144 12510674665381516 12510674625080772 12510674626056776 12510674667572174 12510674705090888
12510674665383812 12510674666445038 12510674707335996 12510674745081172 12510674705093292 12510674706043746 12510674747440230 12510674784973420
12510674745081518 12510674746113916 12510674786897186 12510674824705906 12510674784973932 12510674785977852 12510674826861712 12510674864272906
12510674824706228 12510674825539636 12510674866465950 12510674904234416 12510674864273660 12510674865236166 12510674906376780 12510674944053390
12510674904234786 12510674905119206 12510674946152180 12510674984414188 12510674944055864 12510674945087534 12510674985449546 12510675022828284

12510663194945416 12510663195562384 12510663197736912 12510663234770692 12510663195562452 12510663196094504 12510663237292452 12510663275591784
12510663234771020 12510663235616584 12510663278313526 12510663315606184 12510663275592578 12510663277005826 12510663317802482 12510663355058270
12510663315606596 12510663316763320 12510663357190268 12510663394339610 12510663355058978 12510663356029328 12510663395998304 12510663433243216
12510663394341958 12510663395204068 12510663438773786 12510663476377702 12510663433245558 12510663434104430 12510663479127800 12510663516545180
12510663476378104 12510663477247238 12510663518708692 12510663555888484 12510663516547504 12510663517427330 12510663557907598 12510663595027596
12510663555888912 12510663556803092 12510663598013614 12510663635370002 12510663595029938 12510663595893472 12510663637205374 12510663674429076
12510663635372386 12510663636241212 12510663676199070 12510663713456440 12510663674429478 12510663675306802 12510663715568672 12510663752627176
12510663713456842 12510663714291238 12510663757950320 12510663795324460 12510663752627526 12510663753477382 12510663798169846 12510663835382480
12510663795324896 12510663796210342 12510663837694328 12510663874964860 12510663835385186 12510663836274300 12510663876207272 12510663913308938

12510709531790172 12510709532415824 12510709535002220 12510709572632540 12510709532415868 12510709532951882 12510709574688706 12510709612562010
12510709572633342 12510709573489046 12510709615361894 12510709652923946 12510709612562904 12510709613878446 12510709655269276 12510709692751162
12510709652924358 12510709653902588 12510709694853416 12510709733020888 12510709692751528 12510709693727956 12510709735362374 12510709772836370
12510709733021310 12510709734039920 12510709775003042 12510709812502204 12510709772838746 12510709773796590 12510709814179380 12510709851617014
12510709812506642 12510709813364566 12510709854165620 12510709891671976 12510709851617440 12510709852450132 12510709894145448 12510709931736420
12510709891674370 12510709892525090 12510709934425440 12510709971880548 12510709931736810 12510709932609394 12510709975154064 12510710012634822
12510709971882900 12510709972882578 12510710015445500 12510710053695678 12510710012635232 12510710013630052 12510710055933872 12510710093465342
12510710053697778 12510710054676916 12510710095597990 12510710133356828 12510710093465706 12510710094430406 12510710135547594 12510710173125940
12510710133358968 12510710134351542 12510710176139470 12510710213678650 12510710173126330 12510710174076568 12510710215015194 12510710252472098

12510721351374074 12510721352001604 12510721354717452 12510721393028340 12510721352001686 12510721352553754 12510721395194448 12510721433177652
12510721393028726 12510721394071340 12510721436170366 12510721473933698 12510721433178528 12510721434711320 12510721477221784 12510721514872042
12510721473933766 12510721474929378 12510721517644126 12510721555476242 12510721514874854 12510721515741678 12510721557349884 12510721595801720
12510721555476586 12510721556304462 12510721598128812 12510721635947512 12510721595804098 12510721596648606 12510721638068462 12510721675683410
12510721635947908 12510721636884912 12510721677784934 12510721715544936 12510721675683830 12510721676633616 12510721718348546 12510721756012772
12510721715545310 12510721716436000 12510721758434854 12510721796015948 12510721756015594 12510721756881400 12510721798970212 12510721836678602
12510721796016298 12510721796990766 12510721839359618 12510721877135052 12510721836679466 12510721837628890 12510721879297812 12510721917706690
12510721877137412 12510721878084980 12510721919888480 12510721957681570 12510721917707928 12510721918704032 12510721959823894 12510721997650622
12510721957681916 12510721958647718 12510721999789066 12510722037483798 12510721997653356 12510721998662748 12510722038037472 12510722075876984

12510764451373694 12510764451995574 12510764454395846 12510764491718412 12510764451995640 12510764452536430 12510764494491634 12510764532338868
12510764491718764 12510764492567942 12510764535629960 12510764573333400 12510764532339906 12510764533741286 12510764575621354 12510764613891800
12510764573333814 12510764574445270 12510764615727610 12510764653281894 12510764613892166 12510764614849456 12510764656219838 12510764693652522
12510764653282242 12510764654132320 12510764696718574 12510764734154288 12510764693653396 12510764694622352 12510764736306084 12510764774648238
12510764734156618 12510764735136028 12510764776982928 12510764814522518 12510764774648276 12510764775672548 12510764816753624 12510764854415932
12510764814524874 12510764815359822 12510764856518396 12510764894224426 12510764854416364 12510764855388030 12510764896400676 12510764934479086
12510764894224815 12510764895191144 12510764936706786 12510764974211064 12510764934480792 12510764935487360 12510764977092392 12510765014508684
12510764974213428 12510764975035142 12510765016512210 12510765054638023 12510765014511136 12510765015349290 12510765056704658 12510765095840180
12510765054638046 12510765055508364 12510765098020432 12510765135648904 12510765095840192 12510765096685794 12510765136692932 12510765174127242

3146020781670314 3146020782281728 3146020785089692 3146020823184386 3146020782281752 3146020782821684 3146020825272310 3146020864027582
3146020823186716 3146020824052362 3146020866601580 3146020904468598 3146020864028218 3146020865362982 3146020906734014 3146020944147846
3146020904468962 3146020905597732 3146020946239262 3146020983813672 3146020944148242 3146020945171620 3146020985998908 3146021023468826
3146020983814062 3146020984762784 3146021025648656 3146021063228488 3146021023469184 3146021024328436 3146021065743730 3146021103214996
3146021063231254 3146021064096960 3146021105512138 3146021143700840 3146021103217306 3146021104074130 3146021146157238 3146021183592888
3146021143700852 3146021144710386 3146021185635018 3146021223287296 3146021183595360 3146021184566690 3146021225894744 3146021263316050
3146021223292050 3146021224229604 3146021265248022 3146021302775902 3146021263318408 3146021264297204 3146021305160266 3146021342723914
3146021302778288 3146021303750278 3146021344879982 3146021382351016 3146021342726272 3146021343592470 3146021384676466 3146021422106996
3146021382355722 3146021383331028 3146021424450694 3146021462811468 3146021422107700 3146021423082728 3146021463749760 3146021501435158

12510738937843648 12510738938457408 12510738940639966 12510738978079434 12510738938457440 12510738938994730 12510738980219458 12510739018012240
12510738978079472 12510738978939972 12510739021243840 12510739059181190 12510739018013040 12510739019394990 12510739061594262 12510739098847388
12510739059183570 12510739060115052 12510739102979379 12510739140837186 12510739098849786 12510739099711112 12510739142498454 12510739179762928
12510739140837576 12510739141695870 12510739181802446 12510739219911682 12510739179766322 12510739180629882 12510739222095372 12510739259419960
12510739219912092 12510739220936854 12510739261574592 12510739298927064 12510739259423402 12510739260463198 12510739300876004 12510739338513822
12510739298927480 12510739299831387 12510739340693960 12510739377907344 12510739338516132 12510739339464918 12510739381933006 12510739419209710
12510739377909736 12510739378782012 12510739421620088 12510739458855328 12510739419210150 12510739420094760 12510739461391986 12510739498809764
12510739458855738 12510739459738200 12510739500764000 12510739538886238 12510739498812132 12510739499699570 12510739541630704 12510739579622040
12510739538886642 12510739539907560 12510739581303368 12510739618603314 12510739579622772 12510739580609172 12510739619429710 12510739656837412

12510688651596678 12510688652261276 12510688654849432 12510688692081720 12510688652261304 12510688652799168 12510688694530746 12510688732495740
12510688692084130 12510688692929870 12510688735011990 12510688772384778 12510688732496472 12510688733736830 12510688775111900 12510688812529766
12510688772387180 12510688773362184 12510688814684182 12510688853049498 12510688812529778 12510688813393352 12510688855191496 12510688892779870
12510688853049924 12510688853932848 12510688894856222 12510688932302160 12510688892782198 12510688893617168 12510688933948364 12510688971359798
12510688932302604 12510688933245752 12510688973603170 12510689011011020 12510688971362154 12510688972188900 12510689013977962 12510689051328494
12510689011013416 12510689011847084 12510689053653770 12510689091117218 12510689051328856 12510689052168720 12510689093820596 12510689131326214
12510689091117588 12510689091996150 12510689134637484 12510689172975022 12510689131328540 12510689132220546 12510689175764336 12510689213287582
12510689172975664 12510689173862474 12510689215428840 12510689252875420 12510689213290342 12510689214171600 12510689255259424 12510689292701176
12510689252875830 12510689253778874 12510689295020918 12510689332477650 12510689292703536 12510689293592040 12510689334363366 12510689371716222

12510664846425640 12510664847040056 12510664849788040 12510664887339514 12510664847040136 12510664847574898 12510664890270874 12510664929053592
12510664887339906 12510664888233234 12510664931453390 12510664970016102 12510664929054358 12510664930449728 12510664972270152 12510665010575866
12510664970016500 12510664970995792 12510665012702298 12510665050281004 12510665010576266 12510665011533012 12510665052501082 12510665090983290
12510665050281408 12510665051261072 12510665093184954 12510665130735796 12510665090983698 12510665091819614 12510665132894768 12510665170364826
12510665130736198 12510665131693952 12510665172459232 12510665209976038 12510665170367202 12510665171318932 12510665212249474 12510665249870524
12510665209978406 12510665210820196 12510665253209668 12510665290990036 12510665249870936 12510665250736338 12510665293168874 12510665330723860
12510665290990886 12510665291971876 12510665333884518 12510665371366220 12510665330724670 12510665331677956 12510665374371010 12510665411731874
12510665371366660 12510665372301272 12510665414961090 12510665452614908 12510665411735490 12510665412700700 12510665454896246 12510665492604430
12510665452615304 12510665453576758 12510665494862088 12510665532426112 12510665492605176 12510665493556576 12510665533107560 12510665570675456

12510726959959584 12510726960617518 12510726963208204 12510727000280480 12510726960617586 12510726961149330 12510727002809474 12510727040267576
12510727000282864 12510727001126028 12510727044342502 12510727081529162 12510727040268378 12510727041666232 12510727084251570 12510727121701206
12510727081531524 12510727082631460 12510727123781968 12510727161758566 12510727121701556 12510727122572956 12510727164026738 12510727201178088
12510727161758930 12510727162639430 12510727203677328 12510727241875680 12510727201181452 12510727202054540 12510727244074060 12510727282206092
12510727241876058 12510727242744524 12510727284402260 12510727321973680 12510727282206478 12510727283095150 12510727325067836 12510727362259266
12510727321973698 12510727322814992 12510727364833792 12510727402670131 12510727362261956 12510727363161210 12510727405003864 12510727443464936
12510727402670508 12510727403585964 12510727445317888 12510727483693068 12510727443465334 12510727444351314 12510727485681138 12510727522944208
12510727483693472 12510727484532352 12510727525144886 12510727562456200 12510727522944640 12510727523899902 12510727565312374 12510727602464220
12510727562456620 12510727563293624 12510727606624546 12510727643997150 12510727602466922 12510727603298708 12510727645087576 12510727682434924

12510705654601662 12510705655215018 12510705657848024 12510705694917472 12510705655215054 12510705655744102 12510705698219462 12510705735933780
12510705694919832 12510705695880080 12510705739556154 12510705776747752 12510705735934604 12510705737322276 12510705779680068 12510705816768650
12510705776747792 12510705777849020 12510705819170714 12510705857095896 12510705816769384 12510705817642680 12510705858966040 12510705896167876
12510705857096302 12510705858120352 12510705898599444 12510705935750680 12510705896171396 12510705897151760 12510705937981980 12510705975044382
12510705935750744 12510705936731518 12510705978016666 12510706015243500 12510705975046740 12510705976022908 12510706019102732 12510706056330830
12510706015243904 12510706016211630 12510706058488954 12510706095807380 12510706056331586 12510706057342144 12510706098525642 12510706135840758
12510706095809600 12510706096796008 12510706138195300 12510706175412920 12510706135841282 12510706136826892 12510706177886082 12510706215223840
12510706175413362 12510706177009172 12510706217827058 12510706255162670 12510706215224276 12510706216237886 12510706257386494 12510706294722264
12510706255164808 12510706256156912 12510706296912216 12510706334193990 12510706294722696 12510706295685270 12510706336618224 12510706374155172

12510626716363356 12510626716982018 12510626719158542 12510626756202896 12510626716982098 12510626717512704 12510626758771726 12510626797605872
12510626756203304 12510626757055624 12510626800209496 12510626838434142 12510626797606638 12510626798822770 12510626840663074 12510626879324690
12510626838434542 12510626839538214 12510626881484316 12510626918570390 12510626879327386 12510626880394384 12510626920956882 12510626958140238
12510626918570746 12510626919590006 12510626960936394 12510626998208766 12510626958142556 12510626959006146 12510627001505398 12510627038802042
12510626998209162 12510626999079438 12510627041197876 12510627078586914 12510627038802724 12510627039678180 12510627081132486 12510627119175728
12510627078587302 12510627079472786 12510627121003168 12510627158551362 12510627119178090 12510627120071328 12510627160693836 12510627198016948
12510627158551768 12510627159423302 12510627200338156 12510627237775946 12510627198017294 12510627198993180 12510627239959576 12510627277157204
12510627237776358 12510627238766378 12510627280420188 12510627318024864 12510627277157612 12510627278144092 12510627320135926 12510627357247854
12510627318025264 12510627318919480 12510627359895568 12510627397347552 12510627357248580 12510627358248822 12510627398058892 12510627436330550

12510753792824114 12510753793441804 12510753796171658 12510753833482508 12510753793441866 12510753793979256 12510753835430964 12510753873732374
12510753833484884 12510753834341154 12510753876107016 12510753913547368 12510753873733088 12510753874598744 12510753916670478 12510753954122822
12510753913549762 12510753914561474 12510753955897300 12510753993345926 12510753954125146 12510753955005920 12510753995817032 12510754033248288
12510753993348300 12510753994284738 12510754035865722 12510754073324696 12510754033248712 12510754034078260 12510754075317680 12510754112747472
12510754073325158 12510754074151842 12510754114848106 12510754152948372 12510754112747868 12510754113572182 12510754155383702 12510754193765328
12510754152948792 12510754153794514 12510754195555472 12510754233018522 12510754193765682 12510754194608368 12510754234930496 12510754272330064
12510754233018998 12510754233848798 12510754274433994 12510754311867968 12510754272333416 12510754273295086 12510754313926664 12510754351378264
12510754311868396 12510754312788534 12510754353473462 12510754391051896 12510754351378590 12510754352209652 12510754393113662 12510754430516446
12510754391052334 12510754391880472 12510754432640062 12510754470051100 12510754430518752 12510754431371668 12510754471199910 12510754508558878
