25 33
12510726860473212 12510726860770336 12510726861048052 12510726864938898 12510726864938910 12510726865244778 12510726865522034 12510726869488598
12510726869488800 12510726869833546 12510726870114348 12510726874249162 12510726874249182 12510726874671546 12510726874953330 12510726878904536
12510726878904562 12510726879246468 12510726879585386 12510726883523356 12510726883523368 12510726883886308 12510726884505154 12510726888444668
12510726888445196 12510726888790366 12510726889250736 12510726893210180 12510726893212544 12510726893553640 12510726893982272 12510726898021088
12510726898021194 12510726898429162 12510726898751614 12510726902729280 12510726902729300 12510726903082522 12510726903509058 12510726907482716
12510726907482762 12510726907829330 12510726908273750 12510726912197752 12510726912197810 12510726912567570 12510726913087900 12510726917023134
12510726917023436 12510726917368282 12510726917839506 12510726921763730 12510726921763750 12510726922126958 12510726922776542 12510726926910716
12510726926910848 12510726927290740 12510726927960010 12510726931908622 12510726931908646 12510726932259156 12510726932658460 12510726936622940
12510726936622968 12510726936971042 12510726937402548 12510726942173108 12510726942176090 12510726942539998 12510726942820272 12510726946769090

12510771818527162 12510771818824424 12510771819110008 12510771823017690 12510771823017702 12510771823342302 12510771823619576 12510771827531994
12510771827532230 12510771827875190 12510771828184440 12510771832151216 12510771832151262 12510771832567984 12510771832914242 12510771836869142
12510771836869564 12510771837219734 12510771837695746 12510771841658062 12510771841658108 12510771842022954 12510771842389672 12510771846339498
12510771846339994 12510771846692792 12510771847531312 12510771851485902 12510771851486270 12510771851836582 12510771852441694 12510771856369954
12510771856370102 12510771856758546 12510771857085924 12510771861064846 12510771861064858 12510771861435078 12510771861995542 12510771865947878
12510771865948090 12510771866284702 12510771866827072 12510771870768844 12510771870768864 12510771871136796 12510771871566004 12510771875528462
12510771875528530 12510771875888294 12510771876241072 12510771880172958 12510771880172978 12510771880542904 12510771881192290 12510771885116178
12510771885116412 12510771885499044 12510771885905452 12510771889847798 12510771889847852 12510771890196916 12510771890665564 12510771894608876
12510771894609326 12510771894955536 12510771896146358 12510771900081370 12510771900081390 12510771900440672 12510771900737692 12510771904702852

12510689508897210 12510689509196018 12510689509479290 12510689513383948 12510689513383960 12510689513716268 12510689513997462 12510689518144980
12510689518145490 12510689518496006 12510689518776242 12510689522729436 12510689522729448 12510689523184291 12510689523474032 12510689527558346
12510689527558416 12510689527920696 12510689528215952 12510689532148164 12510689532148176 12510689532530506 12510689532918630 12510689536856260
12510689536857574 12510689537210166 12510689538364912 12510689542452380 12510689542452406 12510689542811366 12510689543095208 12510689547044906
12510689547045052 12510689547433294 12510689547955558 12510689551906220 12510689551906282 12510689552270704 12510689552728194 12510689556680416
12510689556680452 12510689557035286 12510689557471860 12510689561426034 12510689561426060 12510689561789008 12510689562204774 12510689566129634
12510689566130306 12510689566529756 12510689567104640 12510689571238636 12510689571238664 12510689571619914 12510689571908298 12510689575829858
12510689575830122 12510689576204318 12510689576635404 12510689580600762 12510689580600826 12510689580966280 12510689581337694 12510689585286530
12510689585286664 12510689585624158 12510689586328298 12510689590279374 12510689590279400 12510689590648274 12510689590941776 12510689595071298

12510717278592991 12510717278898145 12510717279185916 12510717283214163 12510717283214552 12510717283529351 12510717283811640 12510717288003229
12510717288003669 12510717288358086 12510717288647771 12510717292698963 12510717292698981 12510717293158404 12510717293448862 12510717297548195
12510717297548474 12510717297902214 12510717298182066 12510717302245331 12510717302245349 12510717302612656 12510717302895468 12510717306962254
12510717306962290 12510717307311875 12510717307598282 12510717311650939 12510717311650981 12510717312057820 12510717312589697 12510717316612851
12510717316613279 12510717317018341 12510717317303672 12510717321346458 12510717321346500 12510717321699467 12510717322106288 12510717326149116
12510717326149989 12510717326517243 12510717326872171 12510717330935927 12510717330935974 12510717331309887 12510717331591507 12510717335658279
12510717335658317 12510717336017474 12510717337068221 12510717341273845 12510717341273892 12510717341661604 12510717341945747 12510717346009107
12510717346009298 12510717346390547 12510717346674149 12510717350707682 12510717350707726 12510717351082204 12510717351365315 12510717355426798
12510717355427050 12510717355788590 12510717356072002 12510717360110863 12510717360110886 12510717360474414 12510717360754447 12510717364874036

12510716612411650 12510716612712056 12510716612988022 12510716616867862 12510716616867874 12510716617172656 12510716617439358 12510716621510642
12510716621510834 12510716621855812 12510716622240844 12510716626173054 12510716626173066 12510716626646075 12510716627057388 12510716630983416
12510716630983450 12510716631323724 12510716631785482 12510716635660438 12510716635660484 12510716636046378 12510716636495706 12510716640380340
12510716640380778 12510716640732908 12510716641192706 12510716645197232 12510716645197302 12510716645558784 12510716645998856 12510716649947424
12510716649947624 12510716650356044 12510716650898592 12510716654823982 12510716654824052 12510716655186794 12510716655580044 12510716659499164
12510716659499196 12510716659851104 12510716660400872 12510716664290252 12510716664290322 12510716664659118 12510716665190072 12510716669063540
12510716669065952 12510716669411302 12510716669899090 12510716673801766 12510716673801802 12510716674168284 12510716675543700 12510716679440982
12510716679441160 12510716679823250 12510716680272158 12510716684169838 12510716684169876 12510716684522184 12510716684965862 12510716688899542
12510716688901960 12510716689253448 12510716689668420 12510716693726384 12510716693726430 12510716694091834 12510716694442842 12510716698571504

12510744866193594 12510744866471557 12510744866745047 12510744870734065 12510744870734083 12510744871027615 12510744871305361 12510744875419913
12510744875420085 12510744875735285 12510744876029540 12510744880035035 12510744880035064 12510744880438195 12510744880830691 12510744884892643
12510744884892771 12510744885221547 12510744885603186 12510744889623377 12510744889623395 12510744889962280 12510744890297104 12510744894299241
12510744894299627 12510744894632088 12510744895428143 12510744899420183 12510744899420507 12510744899745358 12510744900293278 12510744904291148
12510744904291317 12510744904665815 12510744905006317 12510744909003195 12510744909003248 12510744909347108 12510744909908574 12510744913924053
12510744913924290 12510744914240623 12510744914742019 12510744918728018 12510744918728074 12510744919066823 12510744919471858 12510744923496257
12510744923496308 12510744923822722 12510744924153017 12510744928332477 12510744928332519 12510744928666525 12510744929435656 12510744933438384
12510744933438779 12510744933806746 12510744934071500 12510744938073896 12510744938073949 12510744938397428 12510744938675913 12510744942666277
12510744942666438 12510744942986279 12510744943280528 12510744947306953 12510744947306995 12510744947640772 12510744948036626 12510744952064062

12510732484056687 12510732484350394 12510732484641514 12510732488669544 12510732488669562 12510732488993525 12510732489286217 12510732493352875
12510732493352964 12510732493699671 12510732493994710 12510732498226446 12510732498226476 12510732498675773 12510732498972921 12510732503142805
12510732503143227 12510732503508546 12510732503801936 12510732507839011 12510732507839029 12510732508213610 12510732508941590 12510732512979217
12510732512980112 12510732513330262 12510732513763663 12510732517819389 12510732517819416 12510732518183992 12510732518483911 12510732522532568
12510732522532711 12510732522920794 12510732523380581 12510732527445130 12510732527445157 12510732527808045 12510732528137164 12510732532266638
12510732532266675 12510732532648844 12510732532946246 12510732537016476 12510732537016514 12510732537372914 12510732537669224 12510732541689992
12510732541691255 12510732542062586 12510732542494628 12510732546518032 12510732546518064 12510732546882546 12510732547209792 12510732551265317
12510732551265519 12510732551641681 12510732551942490 12510732556003114 12510732556003147 12510732556358045 12510732556652980 12510732560707450
12510732560707486 12510732561049182 12510732561346188 12510732565405201 12510732565405231 12510732565765472 12510732566057682 12510732570088945

12510656969103883 12510656969401832 12510656969711342 12510656973757742 12510656973757762 12510656974071787 12510656974371267 12510656978443170
12510656978443283 12510656978791899 12510656979094531 12510656983340290 12510656983340308 12510656983807231 12510656984118928 12510656988300391
12510656988300411 12510656988663490 12510656988965032 12510656993052405 12510656993052423 12510656994047269 12510656994346159 12510656998502577
12510656998503346 12510656998866372 12510656999162521 12510657003204282 12510657003204322 12510657003580672 12510657003877656 12510657008085418
12510657008085579 12510657008502796 12510657008814053 12510657012866581 12510657012866618 12510657013234146 12510657013529878 12510657017608186
12510657017608345 12510657017968506 12510657018265510 12510657022342584 12510657022342622 12510657022716502 12510657023012529 12510657027232056
12510657027232270 12510657027589026 12510657027886320 12510657031914192 12510657031914210 12510657032291861 12510657032590968 12510657036577853
12510657036578337 12510657036945534 12510657037254188 12510657041240853 12510657041240889 12510657041604993 12510657041898912 12510657045931841
12510657045933303 12510657046285005 12510657046584744 12510657050595686 12510657050595730 12510657050956364 12510657051251623 12510657055254300

12510641877286720 12510641877591328 12510641877883328 12510641881759802 12510641881759814 12510641882066232 12510641882361904 12510641886371402
12510641886371584 12510641886703028 12510641887099208 12510641891008270 12510641891008316 12510641891463736 12510641892059854 12510641896232680
12510641896232958 12510641896577026 12510641896921172 12510641900802314 12510641900802340 12510641901149286 12510641902303356 12510641906215136
12510641906215208 12510641906561036 12510641907121062 12510641911013036 12510641911013062 12510641911363728 12510641911836862 12510641915732764
12510641915733066 12510641916128510 12510641916756670 12510641920665802 12510641920665830 12510641921023086 12510641921491030 12510641925416234
12510641925416726 12510641925755964 12510641926224288 12510641930129922 12510641930129950 12510641930481232 12510641931545675 12510641935681236
12510641935681362 12510641936021510 12510641936322728 12510641940237886 12510641940237898 12510641940605016 12510641940900136 12510641944777800
12510641944778408 12510641945150126 12510641945443318 12510641949330904 12510641949330932 12510641949678716 12510641949969802 12510641953868856
12510641953869046 12510641954214236 12510641954541756 12510641958472648 12510641958472708 12510641958832536 12510641959212498 12510641963104480

12510643041443529 12510643041751203 12510643042053141 12510643046142060 12510643046142072 12510643046459022 12510643046754698 12510643050871956
12510643050872174 12510643051211514 12510643051501670 12510643055473952 12510643055473964 12510643055934764 12510643056225144 12510643060304572
12510643060307308 12510643060667248 12510643060960826 12510643064906654 12510643064906666 12510643065258702 12510643065560714 12510643069499118
12510643069499326 12510643069860592 12510643070828571 12510643074920550 12510643074920966 12510643075284966 12510643075597244 12510643079544152
12510643079544382 12510643079932298 12510643080362022 12510643084335142 12510643084337512 12510643084713610 12510643085257120 12510643089229750
12510643089229920 12510643089579040 12510643090025182 12510643093939726 12510643093940128 12510643094298210 12510643094810928 12510643098747940
12510643098748104 12510643099117038 12510643100255752 12510643104234684 12510643104234710 12510643104621086 12510643104911086 12510643108861332
12510643108861552 12510643109241076 12510643109532946 12510643113489936 12510643113489948 12510643113858024 12510643114149514 12510643118112276
12510643118112490 12510643118463434 12510643118747970 12510643122679792 12510643122679818 12510643123055366 12510643123345132 12510643127276318

12510767973223080 12510767973517134 12510767973814658 12510767977781654 12510767977781700 12510767978095832 12510767978390784 12510767982505206
12510767982505428 12510767982852856 12510767983214048 12510767987276198 12510767987276210 12510767987729531 12510767988032132 12510767992134642
12510767992134842 12510767992497136 12510767992827840 12510767996776212 12510767996776620 12510767997144022 12510767997532486 12510768001473136
12510768001473372 12510768001827498 12510768002223722 12510768006194756 12510768006194826 12510768006568378 12510768006960044 12510768010903516
12510768010903860 12510768011296566 12510768011709440 12510768015648012 12510768015648024 12510768016009658 12510768016726166 12510768020655342
12510768020655802 12510768021014962 12510768022074098 12510768026017150 12510768026017218 12510768026372180 12510768026948156 12510768030884102
12510768030884530 12510768031252840 12510768031545762 12510768035676776 12510768035676844 12510768036064770 12510768036361602 12510768040321586
12510768040323978 12510768040699826 12510768041043962 12510768045012528 12510768045012540 12510768045381392 12510768045813932 12510768049751736
12510768049752194 12510768050113846 12510768050569380 12510768054536028 12510768054536454 12510768054897696 12510768055345938 12510768059405006

12510661644607746 12510661644903098 12510661645201298 12510661649142242 12510661649142588 12510661649456342 12510661649748154 12510661653711116
12510661653711934 12510661654059892 12510661654495222 12510661658587142 12510661658587212 12510661659061046 12510661659358305 12510661663465766
12510661663466606 12510661663828442 12510661664296928 12510661668448016 12510661668448086 12510661668815642 12510661669118600 12510661673061470
12510661673061952 12510661673405168 12510661673900374 12510661677846804 12510661677846874 12510661678216512 12510661678603618 12510661682549982
12510661682550434 12510661682951024 12510661683385760 12510661687353870 12510661687353954 12510661687710226 12510661688203346 12510661692152332
12510661692153442 12510661692524214 12510661693031132 12510661696974816 12510661696975200 12510661697328098 12510661697890322 12510661701816916
12510661701817370 12510661702168558 12510661702783258 12510661706727888 12510661706728238 12510661707126736 12510661707579772 12510661711736662
12510661711737138 12510661712122994 12510661712421386 12510661716366752 12510661716366834 12510661716731060 12510661717246902 12510661721204510
12510661721204990 12510661721562078 12510661722071158 12510661726032710 12510661726032778 12510661726394316 12510661726920774 12510661730832690

12510600736752054 12510600737056089 12510600737358524 12510600741448030 12510600741448050 12510600741772697 12510600742071908 12510600746318139
12510600746318370 12510600746669722 12510600746968809 12510600751071722 12510600751071742 12510600751527385 12510600751833059 12510600756121863
12510600756122814 12510600756477431 12510600756773600 12510600760886716 12510600760886736 12510600761255494 12510600761551573 12510600765728053
12510600765728493 12510600766079228 12510600766368235 12510600770425344 12510600770425718 12510600770779785 12510600771059349 12510600775120715
12510600775121086 12510600775518144 12510600775873330 12510600779921171 12510600779921218 12510600780279210 12510600780640054 12510600784680787
12510600784681055 12510600785027303 12510600785381872 12510600789432443 12510600789432488 12510600789788771 12510600790107275 12510600794163864
12510600794164107 12510600794507495 12510600795008706 12510600799231965 12510600799232010 12510600799625311 12510600799920718 12510600803961475
12510600803961597 12510600804327543 12510600804622270 12510600808649914 12510600808649964 12510600808999811 12510600809300360 12510600813347267
12510600813347365 12510600813692618 12510600813999059 12510600818037141 12510600818037186 12510600818397780 12510600818753930 12510600822809823

12510589628344073 12510589628638821 12510589628941886 12510589632977481 12510589632977499 12510589633293724 12510589633594872 12510589637649939
12510589637650138 12510589637988525 12510589638343566 12510589642333582 12510589642333960 12510589642807562 12510589643225385 12510589647357686
12510589647357929 12510589647717585 12510589648149458 12510589652147905 12510589652147923 12510589652509813 12510589652928523 12510589656951029
12510589656951160 12510589657312797 12510589657752034 12510589661861754 12510589661861772 12510589662226690 12510589662525364 12510589666881790
12510589666881968 12510589667272943 12510589667571961 12510589671569447 12510589671569465 12510589671944947 12510589672237291 12510589676233122
12510589676233283 12510589676596198 12510589677076179 12510589681070275 12510589681070302 12510589681443555 12510589681952614 12510589685945593
12510589685946054 12510589686316276 12510589686867800 12510589690855082 12510589690855109 12510589691222841 12510589691500468 12510589695695611
12510589695695819 12510589696090754 12510589696394788 12510589700579386 12510589700579421 12510589700946116 12510589701241999 12510589705263754
12510589705263932 12510589705608555 12510589705908533 12510589709898023 12510589709898053 12510589710293387 12510589710588212 12510589714570877

12510635964900738 12510635965198109 12510635965514495 12510635969543898 12510635969543916 12510635969862215 12510635970154720 12510635974465338
12510635974465445 12510635974811840 12510635975111782 12510635979176066 12510635979176494 12510635979631553 12510635979927173 12510635984064048
12510635984064197 12510635984427213 12510635984720755 12510635988774339 12510635988774357 12510635989131294 12510635989432724 12510635993458841
12510635993459138 12510635993823806 12510635994118480 12510635998151475 12510635998151493 12510635998506436 12510635998852224 12510636002901024
12510636002901482 12510636003297273 12510636003898277 12510636007961162 12510636007961213 12510636008324714 12510636008608075 12510636013309790
12510636013311572 12510636013675722 12510636013970324 12510636018190614 12510636018190650 12510636018547886 12510636018840430 12510636022781716
12510636022781930 12510636023143346 12510636023430762 12510636027395154 12510636027395190 12510636027763098 12510636028048928 12510636031992034
12510636031992480 12510636032378958 12510636032717746 12510636036679888 12510636036679956 12510636037032328 12510636037572112 12510636041531668
12510636041531786 12510636041871236 12510636042499478 12510636046456482 12510636046456516 12510636046808544 12510636047098278 12510636051050176

12510647784400673 12510647784701779 12510647784994247 12510647789088363 12510647789088381 12510647789401288 12510647789711170 12510647793947778
12510647793947931 12510647794315559 12510647794614718 12510647798721184 12510647798722392 12510647799177320 12510647799475702 12510647803649282
12510647803649383 12510647804009186 12510647804307582 12510647808432141 12510647808432161 12510647808818154 12510647809117489 12510647813227922
12510647813228286 12510647813572997 12510647813873990 12510647817966760 12510647817967115 12510647818359935 12510647818651320 12510647822728310
12510647822728484 12510647823128762 12510647823418151 12510647827496863 12510647827496881 12510647827853098 12510647828220859 12510647832333245
12510647832333375 12510647832699593 12510647833049571 12510647837186959 12510647837186991 12510647837551046 12510647837872106 12510647842322003
12510647842322182 12510647842685419 12510647842984896 12510647847379563 12510647847379595 12510647847746906 12510647848042991 12510647852142506
12510647852142584 12510647852528817 12510647852823813 12510647856918328 12510647856918362 12510647857292557 12510647857588067 12510647861673078
12510647861675880 12510647862032091 12510647862354003 12510647866448989 12510647866449023 12510647866814999 12510647867110593 12510647871323498

12510690884139733 12510690884440186 12510690884743765 12510690888908775 12510690888908804 12510690889235855 12510690889535152 12510690893690647
12510690893690730 12510690894047364 12510690894351594 12510690898515029 12510690898515047 12510690898932672 12510690899243213 12510690903397059
12510690903397502 12510690903747290 12510690904050063 12510690908227387 12510690908227437 12510690908602901 12510690908903841 12510690913069490
12510690913069725 12510690913418737 12510690913719719 12510690917904661 12510690917904700 12510690918276743 12510690918570047 12510690922762688
12510690922762727 12510690923172332 12510690923475008 12510690927638428 12510690927638467 12510690928002446 12510690928300801 12510690932463790
12510690932464052 12510690932831166 12510690933133221 12510690937282039 12510690937282078 12510690937655702 12510690937955204 12510690942135565
12510690942135811 12510690942491557 12510690942786263 12510690946980975 12510690946981014 12510690947375325 12510690947675514 12510690951841326
12510690951843650 12510690952219544 12510690952518503 12510690956698625 12510690956698667 12510690957057357 12510690957357602 12510690961523747
12510690961523800 12510690961884024 12510690962191180 12510690966371068 12510690966371104 12510690966736084 12510690967039960 12510690971239409

3145947214637310 3145947214936240 3145947215239172 3145947219392838 3145947219392850 3145947219720150 3145947220014624 3145947223969888
3145947223970108 3145947224311138 3145947224624336 3145947228621106 3145947228621152 3145947229065925 3145947229519380 3145947233481970
3145947233482322 3145947233832344 3145947234323962 3145947238270476 3145947238270882 3145947238621882 3145947239178878 3145947243099698
3145947243100184 3145947243461310 3145947243994402 3145947247947634 3145947247947646 3145947248313760 3145947248852646 3145947252819440
3145947252821826 3145947253217210 3145947253748480 3145947257833286 3145947257833298 3145947258207798 3145947258577106 3145947262530582
3145947262530810 3145947262878462 3145947263405216 3145947267363374 3145947267363776 3145947267715430 3145947268229708 3145947272165252
3145947272165998 3145947272536036 3145947273065762 3145947277004860 3145947277004872 3145947277386882 3145947277946090 3145947281885920
3145947281886336 3145947282259198 3145947282795598 3145947286754502 3145947286754568 3145947287124084 3145947287632362 3145947291584566
3145947291584724 3145947291930758 3145947292459394 3145947296416882 3145947296416910 3145947296777872 3145947297312532 3145947301282934

12510665370717219 12510665371019550 12510665371318806 12510665375398286 12510665375398304 12510665375716889 12510665376017995 12510665380212161
12510665380212598 12510665380568908 12510665380868793 12510665384862066 12510665384862084 12510665385322800 12510665385621115 12510665389770254
12510665389770391 12510665390152508 12510665390446114 12510665394455977 12510665394456366 12510665394836920 12510665395132791 12510665399142963
12510665399143266 12510665399501415 12510665399801390 12510665403851851 12510665403851869 12510665404230658 12510665404511170 12510665408537387
12510665408537437 12510665408931021 12510665409439248 12510665413431841 12510665413432233 12510665413812228 12510665414369184 12510665418393538
12510665418395933 12510665418755467 12510665419049817 12510665423053059 12510665423055410 12510665423410968 12510665423883386 12510665427906172
12510665427906608 12510665428272593 12510665428698366 12510665432890734 12510665432891129 12510665433269315 12510665433552762 12510665437567421
12510665437569780 12510665437948557 12510665438421903 12510665442425457 12510665442427816 12510665442798603 12510665443286497 12510665447302938
12510665447305268 12510665447652378 12510665448554418 12510665452553750 12510665452556103 12510665452933700 12510665453227215 12510665457374967

12510615084736256 12510615085032494 12510615085327596 12510615089277858 12510615089277870 12510615089583488 12510615089874428 12510615093812348
12510615093812362 12510615094161692 12510615094707070 12510615098662728 12510615098662740 12510615099129001 12510615099532960 12510615103495104
12510615103495308 12510615103849608 12510615104331566 12510615108275748 12510615108275760 12510615108649092 12510615109114482 12510615113082762
12510615113083010 12510615113428856 12510615113878218 12510615117822320 12510615117822332 12510615118178436 12510615118660050 12510615122605350
12510615122605386 12510615123003814 12510615123413778 12510615127593152 12510615127595498 12510615127961368 12510615128259430 12510615132201118
12510615132201590 12510615132568816 12510615133295658 12510615137237580 12510615137237634 12510615137591128 12510615138167448 12510615142092986
12510615142093122 12510615142441390 12510615142988018 12510615146959772 12510615146959792 12510615147317832 12510615148044122 12510615151986348
12510615151986610 12510615152364970 12510615152824544 12510615156785272 12510615156785292 12510615157135358 12510615158080729 12510615162268520
12510615162268706 12510615162623238 12510615162919718 12510615166858870 12510615166858916 12510615167207538 12510615167499192 12510615171427526

12510591279692229 12510591279991241 12510591280279609 12510591284334537 12510591284334560 12510591284655677 12510591284936753 12510591289026360
12510591289026818 12510591289382236 12510591289674800 12510591293732734 12510591293732752 12510591294204781 12510591294489325 12510591298690759
12510591298691814 12510591299053526 12510591299363253 12510591303611011 12510591303611067 12510591303989384 12510591304275589 12510591308356394
12510591308356653 12510591308724302 12510591309012593 12510591313085931 12510591313085987 12510591313451785 12510591313742263 12510591317806877
12510591317807011 12510591318215677 12510591318501003 12510591322560699 12510591322560717 12510591322925386 12510591323207850 12510591327234789
12510591327237354 12510591327588481 12510591327894610 12510591331927228 12510591331929569 12510591332308135 12510591332609402 12510591336686294
12510591336690618 12510591337042120 12510591337748128 12510591341878726 12510591341879083 12510591342260026 12510591342808189 12510591346872794
12510591346873356 12510591347260117 12510591347583067 12510591351643420 12510591351643791 12510591351999780 12510591352353600 12510591356419554
12510591356419572 12510591356784526 12510591357499764 12510591361557894 12510591361558290 12510591361938133 12510591362226626 12510591366253435

12510653392846401 12510653393144578 12510653393436467 12510653397459776 12510653397459799 12510653397774099 12510653398048026 12510653402041513
12510653402041588 12510653402388104 12510653402690857 12510653406790935 12510653406790976 12510653407249457 12510653407555165 12510653411619988
12510653411620149 12510653411971972 12510653412326933 12510653416352675 12510653416352716 12510653416700385 12510653417218689 12510653421244933
12510653421244966 12510653421608722 12510653421988919 12510653426093392 12510653426093410 12510653426452596 12510653426753730 12510653430964856
12510653430965082 12510653431392581 12510653431695138 12510653435666277 12510653435666295 12510653436039019 12510653436489066 12510653440493826
12510653440494340 12510653440841213 12510653441317708 12510653445325476 12510653445325871 12510653445699466 12510653446136073 12510653450147213
12510653450147335 12510653450503042 12510653450983091 12510653454994000 12510653454994044 12510653455366804 12510653455834352 12510653460028975
12510653460029189 12510653460425530 12510653460731151 12510653464738149 12510653464738167 12510653465102918 12510653465550368 12510653470341006
12510653470341068 12510653470693344 12510653470976246 12510653474888694 12510653474888720 12510653475261154 12510653475535136 12510653479421778

12510632087592184 12510632087890058 12510632088173782 12510632092087398 12510632092087410 12510632092397194 12510632092678816 12510632096589540
12510632096589638 12510632096932652 12510632097237462 12510632101300110 12510632101300142 12510632101757011 12510632102076092 12510632106113094
12510632106113308 12510632106467420 12510632106802354 12510632110674166 12510632110674178 12510632111032092 12510632111525986 12510632115445012
12510632115445226 12510632115794812 12510632116432284 12510632120357230 12510632120357616 12510632120711126 12510632121309526 12510632125210346
12510632125210386 12510632125589024 12510632126215740 12510632130184692 12510632130184710 12510632130589415 12510632130930775 12510632134990386
12510632134990632 12510632135344342 12510632135701978 12510632139593768 12510632139593840 12510632139946432 12510632140575582 12510632144626344
12510632144626514 12510632144977830 12510632145346748 12510632149248290 12510632149248324 12510632149620370 12510632150186576 12510632154332990
12510632154333204 12510632154703652 12510632155248522 12510632159416240 12510632159416252 12510632159764368 12510632160034968 12510632164904288
12510632164906090 12510632165247306 12510632165534748 12510632169445344 12510632169445380 12510632169793778 12510632170081662 12510632173980522

12510553149789684 12510553150082866 12510553150365535 12510553154399133 12510553154399151 12510553154715691 12510553154989208 12510553159011159
12510553159011313 12510553159359247 12510553159629415 12510553163616264 12510553163616282 12510553164117507 12510553164403294 12510553168581646
12510553168581851 12510553168944383 12510553169240542 12510553173241092 12510553173241110 12510553173623643 12510553173965019 12510553177994258
12510553177994692 12510553178353239 12510553178660532 12510553182675851 12510553182676258 12510553183033447 12510553183355369 12510553187420601
12510553187420984 12510553187819301 12510553188101459 12510553192264202 12510553192264258 12510553192643808 12510553192932649 12510553196939498
12510553196939956 12510553197305132 12510553197771320 12510553201771148 12510553201771207 12510553202142796 12510553202427825 12510553206452720
12510553206453180 12510553206814046 12510553207339962 12510553211341671 12510553211341724 12510553211727838 12510553212566823 12510553216649453
12510553216649893 12510553217035962 12510553217337318 12510553221358728 12510553221358787 12510553221722148 12510553222076884 12510553226052028
12510553226052465 12510553226420649 12510553227520544 12510553231539425 12510553231539478 12510553231909477 12510553232186747 12510553236181494

12510680225486779 12510680225792274 12510680226079109 12510680230145533 12510680230145551 12510680230462415 12510680230747010 12510680234807645
12510680234807880 12510680235155772 12510680235448454 12510680239529697 12510680239529720 12510680239993254 12510680240282400 12510680244451063
12510680244451289 12510680244850372 12510680245139084 12510680249340810 12510680249341161 12510680249718633 12510680250000114 12510680254038338
12510680254042186 12510680254407443 12510680254691720 12510680258748032 12510680258748386 12510680259100342 12510680259386871 12510680263434346
12510680263436714 12510680263839177 12510680264122710 12510680268174125 12510680268174143 12510680268545622 12510680268829406 12510680273119034
12510680273119432 12510680273480482 12510680273761543 12510680277787734 12510680277788090 12510680278167402 12510680278494929 12510680282682479
12510680282684898 12510680283047932 12510680283335127 12510680287557892 12510680287558243 12510680287943869 12510680288227931 12510680292281302
12510680292281765 12510680292661659 12510680293003062 12510680297117900 12510680297118258 12510680297504104 12510680297804008 12510680301895769
12510680301896173 12510680302259023 12510680303152047 12510680307231079 12510680307231435 12510680307598983 12510680307899760 12510680311956363
