25 34
12510730176074026 12510730176785986 12510730178383630 12510730182306388 12510730176785998 12510730177585322 12510730182372004 12510730187080320
12510730187081020 12510730187531230 12510730188313260 12510730192243290 12510730187531244 12510730187872996 12510730192404802 12510730196443208
12510730196443448 12510730196844876 12510730197881462 12510730201964070 12510730196844890 12510730197325151 12510730202132632 12510730206124588
12510730206124662 12510730206523732 12510730207347860 12510730211316816 12510730206523750 12510730206878692 12510730211485896 12510730215428864
12510730215429256 12510730215866146 12510730216715676 12510730220657574 12510730215866167 12510730216224343 12510730220839078 12510730224974740
12510730224974932 12510730225413208 12510730226231052 12510730230152290 12510730225413226 12510730225767014 12510730230489894 12510730234431060
12510730234431136 12510730234825846 12510730236281026 12510730240232142 12510730234825860 12510730235159554 12510730240399414 12510730244341028
12510730244341276 12510730244724006 12510730245767546 12510730249891034 12510730244724024 12510730245072002 12510730250165860 12510730254086350
12510730254086828 12510730254490154 12510730255276802 12510730259217134 12510730254490166 12510730254848344 12510730259478070 12510730263430332

12510775134137316 12510775134828772 12510775136418318 12510775140336218 12510775134828816 12510775135618588 12510775141071204 12510775145040880
12510775145041082 12510775145462270 12510775146375944 12510775150487242 12510775145462300 12510775145792444 12510775150580524 12510775154522530
12510775154522542 12510775154957034 12510775155937890 12510775159866708 12510775154957052 12510775155416383 12510775160037874 12510775164002574
12510775164003006 12510775164413884 12510775165300596 12510775169236256 12510775164413896 12510775164750442 12510775169323294 12510775173298404
12510775173298482 12510775173721480 12510775174540188 12510775178499832 12510775173721496 12510775174043232 12510775179012586 12510775182957060
12510775182957154 12510775183385486 12510775184290032 12510775188201086 12510775183385550 12510775183714010 12510775188286154 12510775192246560
12510775192246602 12510775192647628 12510775193480730 12510775197437952 12510775192647674 12510775192945064 12510775197542022 12510775201658290
12510775201658364 12510775202121178 12510775202916358 12510775206849970 12510775202121220 12510775202426089 12510775207070224 12510775211004628
12510775211004666 12510775211433604 12510775212647962 12510775216565120 12510775211433622 12510775211747710 12510775216760200 12510775220707514

12510692824485526 12510692825196692 12510692826803056 12510692830720126 12510692825196814 12510692825996434 12510692831165318 12510692835108832
12510692835109022 12510692835541902 12510692836380524 12510692840315982 12510692835541914 12510692835863026 12510692840467132 12510692844598612
12510692844598824 12510692845010674 12510692845988280 12510692849940128 12510692845010694 12510692845418550 12510692850109666 12510692854037892
12510692854038086 12510692854479032 12510692855316936 12510692859258736 12510692854479046 12510692854803180 12510692859411438 12510692863331290
12510692863331406 12510692863722416 12510692864406016 12510692869242636 12510692863722428 12510692864055048 12510692869563610 12510692873520156
12510692873520168 12510692873943592 12510692874783542 12510692878747196 12510692873943640 12510692874296058 12510692878901012 12510692882855002
12510692882855038 12510692883258818 12510692884038570 12510692887981196 12510692883258832 12510692883588952 12510692888144542 12510692892075482
12510692892078072 12510692892469800 12510692893415984 12510692897342182 12510692892469814 12510692892798754 12510692897694026 12510692901659990
12510692901660164 12510692902087540 12510692902890752 12510692906838424 12510692902087554 12510692902417390 12510692906999660 12510692910954982

12510720594182550 12510720594875896 12510720596435912 12510720600370796 12510720594876166 12510720595661024 12510720600452014 12510720604370844
12510720604371336 12510720604810304 12510720605596420 12510720609540446 12510720604810342 12510720605130428 12510720609726014 12510720613877748
12510720613878180 12510720614297108 12510720615399084 12510720619344004 12510720614297178 12510720614742544 12510720619406312 12510720623380864
12510720623380896 12510720623783776 12510720624688346 12510720628644390 12510720623783852 12510720624099000 12510720628732312 12510720632672148
12510720632672222 12510720633067120 12510720633962970 12510720638706027 12510720633067194 12510720633394082 12510720638815551 12510720642947728
12510720642947740 12510720643418564 12510720644228000 12510720648140468 12510720643418634 12510720643764210 12510720648311832 12510720652289434
12510720652289962 12510720652691692 12510720653479946 12510720657445526 12510720652691734 12510720653029886 12510720657625980 12510720661567174
12510720661567882 12510720661961728 12510720662913010 12510720667022162 12510720661961760 12510720662321270 12510720667106224 12510720671059428
12510720671061860 12510720671479190 12510720672354502 12510720676297410 12510720671479230 12510720671803180 12510720676398622 12510720680348866

12510719928014977 12510719928723300 12510719930346921 12510719934356350 12510719928723318 12510719929547138 12510719934422678 12510719938423306
12510719938423508 12510719938883711 12510719939684615 12510719943807139 12510719938883732 12510719939191218 12510719943981651 12510719947994990
12510719947995219 12510719948416312 12510719949451558 12510719953539198 12510719948416330 12510719948825172 12510719953606912 12510719957497226
12510719957497238 12510719957922282 12510719958843830 12510719962756596 12510719957922350 12510719958248632 12510719962821614 12510719966701596
12510719966701842 12510719967120314 12510719967922918 12510719971839248 12510719967120326 12510719967445242 12510719972048884 12510719975989470
12510719975989726 12510719976441930 12510719977409348 12510719981349288 12510719976441942 12510719976765480 12510719981654956 12510719985544216
12510719985544354 12510719985929318 12510719986789658 12510719990657684 12510719985929330 12510719986221612 12510719991006248 12510719994976236
12510719994976334 12510719995353344 12510719996843510 12510720000733930 12510719995353420 12510719995663160 12510720000936048 12510720004864748
12510720004864840 12510720005290378 12510720006601310 12510720010511024 12510720005290390 12510720005606344 12510720010710454 12510720014614764

12510748181809310 12510748182507988 12510748184087988 12510748188029128 12510748182508012 12510748183302274 12510748188093744 12510748191999236
12510748191999764 12510748192412926 12510748193040790 12510748196952854 12510748192412950 12510748192736508 12510748197288872 12510748201414468
12510748201414694 12510748201804776 12510748202698374 12510748206678558 12510748201804790 12510748202240646 12510748206948866 12510748210889724
12510748210889956 12510748211281398 12510748212553008 12510748216556038 12510748211281440 12510748211619004 12510748216695778 12510748220788914
12510748220789078 12510748221195248 12510748221983456 12510748225913428 12510748221195280 12510748221518812 12510748226061102 12510748230143536
12510748230143660 12510748230580626 12510748231502800 12510748236190794 12510748230580644 12510748230899806 12510748236336294 12510748240285992
12510748240286214 12510748240668856 12510748241578002 12510748245530428 12510748240668924 12510748240967026 12510748245594028 12510748249517738
12510748249517954 12510748249928678 12510748250577876 12510748254508438 12510748249928748 12510748250274192 12510748254836422 12510748258780952
12510748258781150 12510748259194654 12510748260121514 12510748264091210 12510748259194670 12510748259513006 12510748264364740 12510748268312200

12510735799654905 12510735800359529 12510735801984059 12510735806287550 12510735800359662 12510735801173014 12510735806351920 12510735810398563
12510735810399154 12510735810825777 12510735811567267 12510735815603908 12510735810825795 12510735811164950 12510735815852412 12510735820199624
12510735820199835 12510735820607844 12510735821509266 12510735825719623 12510735820607886 12510735821070066 12510735825948978 12510735830000078
12510735830000111 12510735830400158 12510735831155441 12510735835198180 12510735830400217 12510735830762880 12510735835448609 12510735839459553
12510735839460447 12510735839841783 12510735840595610 12510735844618856 12510735839841827 12510735840223861 12510735844869410 12510735848923713
12510735848924153 12510735849344334 12510735850093642 12510735854129214 12510735849344390 12510735849688027 12510735854387169 12510735858424963
12510735858425168 12510735858814274 12510735859620298 12510735863663217 12510735858814307 12510735859139113 12510735863834390 12510735867857772
12510735867857989 12510735868248610 12510735869010407 12510735873151351 12510735868248667 12510735868620333 12510735873414855 12510735877471832
12510735877472284 12510735877874725 12510735878625368 12510735882673877 12510735877874761 12510735878245150 12510735882924445 12510735886964070

12510660284679596 12510660285365093 12510660286970921 12510660290983871 12510660285365111 12510660286171610 12510660291048791 12510660295070040
12510660295070516 12510660295510201 12510660296429038 12510660300392436 12510660295510234 12510660295831727 12510660300457680 12510660304499459
12510660304501239 12510660304953454 12510660305804502 12510660309810861 12510660304953472 12510660305399660 12510660310074053 12510660314059844
12510660314059867 12510660314454865 12510660315509847 12510660319484100 12510660314454901 12510660314785267 12510660319696786 12510660323675226
12510660323675244 12510660324046120 12510660324950275 12510660328932890 12510660324046138 12510660324390850 12510660329140004 12510660333317696
12510660333318258 12510660333759128 12510660334488867 12510660338486799 12510660333759149 12510660334100819 12510660338741685 12510660342728799
12510660342728891 12510660343127728 12510660343921126 12510660347898478 12510660343127746 12510660343458531 12510660348117496 12510660352122138
12510660352122376 12510660352492752 12510660353359126 12510660357441988 12510660352492773 12510660352831813 12510660357618083 12510660361606469
12510660361606528 12510660362010987 12510660362981895 12510660367003647 12510660362011011 12510660362354532 12510660367140588 12510660371311478

12510645192878224 12510645193585452 12510645195211794 12510645199124490 12510645193585464 12510645194390888 12510645199185720 12510645203067142
12510645203067336 12510645203506088 12510645204423066 12510645208294772 12510645203506106 12510645203808550 12510645208364178 12510645212473604
12510645212473636 12510645212904288 12510645213975708 12510645217910034 12510645212904300 12510645213348159 12510645217974362 12510645221866498
12510645221866668 12510645222279220 12510645223003308 12510645226891568 12510645222279232 12510645222590532 12510645227108978 12510645231025568
12510645231026154 12510645231415642 12510645232489264 12510645236380590 12510645231415654 12510645231728066 12510645236594880 12510645240483916
12510645240484150 12510645240907508 12510645242075322 12510645245961292 12510645240907532 12510645241226522 12510645246222624 12510645250093966
12510645250094224 12510645250473628 12510645251805858 12510645255720144 12510645250473640 12510645250771820 12510645255848296 12510645259747956
12510645259748178 12510645260119230 12510645261479350 12510645265358936 12510645260119258 12510645260437798 12510645265499152 12510645269400598
12510645269400822 12510645269797986 12510645270976314 12510645274898158 12510645269797998 12510645270108536 12510645275015772 12510645278895186

12510646357027789 12510646357732817 12510646359377179 12510646363406897 12510646357732835 12510646358542689 12510646363472675 12510646367520325
12510646367520513 12510646367952710 12510646368693330 12510646372854604 12510646367952728 12510646368274899 12510646373109410 12510646377183355
12510646377183411 12510646377576243 12510646378493811 12510646382540062 12510646377576270 12510646378043120 12510646382774300 12510646386815416
12510646386815891 12510646387227009 12510646388012931 12510646392047665 12510646387227036 12510646387567187 12510646392290514 12510646396316695
12510646396316838 12510646396706787 12510646397433899 12510646401476403 12510646396706805 12510646397042568 12510646401728579 12510646405808074
12510646405808258 12510646406219724 12510646406960858 12510646411016373 12510646406219742 12510646406577234 12510646411549947 12510646415608068
12510646415610576 12510646415998122 12510646416847106 12510646420900560 12510646415998140 12510646416368044 12510646421062571 12510646425284181
12510646425284719 12510646425695331 12510646426457256 12510646430476681 12510646425695355 12510646426071921 12510646430730637 12510646434794306
12510646434794746 12510646435196902 12510646435931273 12510646439977755 12510646435196920 12510646435557087 12510646440229040 12510646444248741

12510771288837430 12510771289476308 12510771290942292 12510771294686460 12510771289476526 12510771290200864 12510771294757432 12510771298509758
12510771298510228 12510771298906482 12510771300339594 12510771304194198 12510771298906526 12510771299190034 12510771304298064 12510771308085352
12510771308086044 12510771308461484 12510771309779062 12510771313545612 12510771308461522 12510771308863436 12510771313680236 12510771317490790
12510771317491190 12510771317866658 12510771319239112 12510771323012350 12510771317866726 12510771318155670 12510771323189798 12510771326986070
12510771326986304 12510771327351016 12510771328668250 12510771332676454 12510771327351034 12510771327653450 12510771332870846 12510771336660150
12510771336660546 12510771337053380 12510771339299050 12510771343086660 12510771337053458 12510771337348508 12510771343144676 12510771346923954
12510771346924158 12510771347297372 12510771348835412 12510771352600664 12510771347297404 12510771347585120 12510771352667094 12510771356515098
12510771356515422 12510771356897704 12510771358358622 12510771362170020 12510771356897752 12510771357210658 12510771362324542 12510771366158234
12510771366158636 12510771366582060 12510771367850812 12510771371668518 12510771366582119 12510771366927518 12510771371819846 12510771375816602

12510664960184366 12510664960794531 12510664962258334 12510664966107846 12510664960794712 12510664961524022 12510664966180052 12510664970019860
12510664970020323 12510664970397516 12510664971301778 12510664975184651 12510664970397543 12510664970671746 12510664975325203 12510664979184354
12510664979184536 12510664979565098 12510664980879271 12510664985097851 12510664979565116 12510664979959209 12510664985238171 12510664989366148
12510664989366543 12510664989747251 12510664990680773 12510664994556752 12510664989747281 12510664990028538 12510664994677101 12510664998583564
12510664998583617 12510664998954710 12510665000133895 12510665004244509 12510664998954734 12510664999244582 12510665004372626 12510665008230030
12510665008230265 12510665008642414 12510665009614600 12510665013461171 12510665008642441 12510665008948183 12510665013579428 12510665017434476
12510665017434633 12510665017810347 12510665019486007 12510665023335685 12510665017810373 12510665018083281 12510665023417367 12510665027309353
12510665027309579 12510665027667018 12510665028958454 12510665032839146 12510665027667048 12510665027942505 12510665032935649 12510665036772637
12510665036772821 12510665037144101 12510665038468681 12510665042331565 12510665037144137 12510665037433940 12510665042453227 12510665046282433

12510604052335676 12510604053031178 12510604054616918 12510604058552220 12510604053031200 12510604053837512 12510604058665324 12510604062589828
12510604062589978 12510604063040898 12510604063849404 12510604067786130 12510604063040916 12510604063341368 12510604067955174 12510604072105312
12510604072105416 12510604072507522 12510604073364744 12510604077307628 12510604072507570 12510604072910728 12510604077551926 12510604081486568
12510604081486614 12510604081860760 12510604082691870 12510604086653666 12510604081860806 12510604082200084 12510604086826768 12510604090786252
12510604090786966 12510604091189726 12510604091997010 12510604095922960 12510604091189744 12510604091509054 12510604096097822 12510604100056382
12510604100056546 12510604100499332 12510604101505408 12510604105470824 12510604100499378 12510604100813562 12510604105556268 12510604109470154
12510604109470336 12510604109882366 12510604111265208 12510604115233784 12510604109882378 12510604110204566 12510604115410184 12510604119361660
12510604119361876 12510604119750446 12510604120773894 12510604124699888 12510604119750458 12510604120088838 12510604124804090 12510604128752540
12510604128752642 12510604129170634 12510604130265560 12510604134224006 12510604129170664 12510604129467556 12510604134308152 12510604138260322

12510592943922158 12510592944671286 12510592946276356 12510592950167714 12510592944671298 12510592945464956 12510592950258844 12510592954187838
12510592954188348 12510592954615790 12510592955390678 12510592959284748 12510592954615814 12510592954922478 12510592959462736 12510592963332556
12510592963332568 12510592963732860 12510592964730942 12510592968606700 12510592963732890 12510592964173804 12510592968736684 12510592972825914
12510592972826436 12510592973230358 12510592974191734 12510592978077758 12510592973230370 12510592973544630 12510592978200480 12510592982099694
12510592982100300 12510592982515670 12510592983454714 12510592987356072 12510592982515694 12510592982835482 12510592987479290 12510592991423698
12510592991424310 12510592991838682 12510592992775490 12510592996662280 12510592991838730 12510592992157082 12510592996844564 12510593000740000
12510593000740428 12510593001132164 12510593002064426 12510593005978798 12510593001132194 12510593001446674 12510593006165656 12510593010068686
12510593010071180 12510593010474224 12510593012265522 12510593016147844 12510593010474276 12510593010784304 12510593016272156 12510593020330788
12510593020331404 12510593020782546 12510593021707638 12510593025585482 12510593020782558 12510593021081992 12510593025659790 12510593029837160

12510639280483836 12510639281172108 12510639282779886 12510639286721724 12510639281172154 12510639281981192 12510639287578078 12510639291492804
12510639291493010 12510639291915892 12510639292640122 12510639296760644 12510639291915926 12510639292253882 12510639297013366 12510639300968366
12510639300968548 12510639301354742 12510639302225122 12510639306175932 12510639301354754 12510639301775399 12510639306454382 12510639310416804
12510639310417054 12510639310813818 12510639311548688 12510639315502758 12510639310813840 12510639311134344 12510639315772268 12510639319694796
12510639319695046 12510639320068894 12510639320812900 12510639324761308 12510639320068910 12510639320417712 12510639325020896 12510639328988396
12510639328988584 12510639329403528 12510639330233758 12510639334181882 12510639329403542 12510639329751306 12510639334360608 12510639338299894
12510639338300334 12510639338690640 12510639339639544 12510639343574134 12510639338690658 12510639339009978 12510639343747324 12510639347856138
12510639347856348 12510639348258392 12510639349103928 12510639353074946 12510639348258404 12510639348579770 12510639353247716 12510639357205250
12510639357205462 12510639357629120 12510639358588328 12510639362614495 12510639357629134 12510639357956314 12510639362772923 12510639366842420

12510651099977168 12510651100684131 12510651102344887 12510651106436565 12510651100684149 12510651101517504 12510651106500707 12510651110576554
12510651110576730 12510651111006885 12510651111842387 12510651115927446 12510651111006903 12510651111340312 12510651116069013 12510651120342682
12510651120342931 12510651120779312 12510651121831477 12510651125897062 12510651120779332 12510651121214396 12510651125981773 12510651130099587
12510651130099639 12510651130518250 12510651131443891 12510651135538319 12510651130518273 12510651130856689 12510651135622995 12510651139742314
12510651139742371 12510651140151187 12510651141092286 12510651145395739 12510651140151213 12510651140491304 12510651145493667 12510651150361023
12510651150361073 12510651150847989 12510651151586294 12510651155638241 12510651150848007 12510651151202246 12510651155891157 12510651159912698
12510651159912754 12510651160309826 12510651161046134 12510651165060142 12510651160309847 12510651160659055 12510651165309350 12510651169427325
12510651169427378 12510651169822177 12510651170582693 12510651174642773 12510651169822198 12510651170187909 12510651174890489 12510651178923978
12510651178924034 12510651179331352 12510651180081236 12510651184135138 12510651179331408 12510651179684711 12510651184388616 12510651188398110

12510694199742298 12510694200475056 12510694202127978 12510694206148490 12510694200475079 12510694201303457 12510694206686845 12510694210753536
12510694210753711 12510694211207588 12510694211918859 12510694215961770 12510694211207609 12510694211533768 12510694216214291 12510694220241046
12510694220241201 12510694220632273 12510694221737088 12510694225765602 12510694220632291 12510694221123626 12510694225855211 12510694229889567
12510694229889725 12510694230308634 12510694231249287 12510694235273374 12510694230308652 12510694230665666 12510694235358657 12510694239400801
12510694239400819 12510694239801727 12510694240621137 12510694244728379 12510694239801748 12510694240154320 12510694244898131 12510694248924206
12510694248924473 12510694249429650 12510694250666609 12510694254719848 12510694249429670 12510694249778830 12510694254863647 12510694258910427
12510694258912852 12510694259304733 12510694260131717 12510694264153590 12510694259304756 12510694259657420 12510694264361831 12510694268424689
12510694268424707 12510694268809911 12510694269661121 12510694273719035 12510694268809929 12510694269158551 12510694273842251 12510694277916849
12510694277916882 12510694278330591 12510694279149151 12510694283199149 12510694278330609 12510694278663492 12510694283401857 12510694287434864

3145950530226834 3145950530920107 3145950532528547 3145950536532723 3145950530920425 3145950531708415 3145950536926095 3145950540980907
3145950540981355 3145950541415383 3145950542267722 3145950546441364 3145950541415401 3145950541733578 3145950546624981 3145950550677742
3145950550678119 3145950551090702 3145950552061554 3145950556119928 3145950551090839 3145950551539758 3145950556289992 3145950560331705
3145950560331750 3145950560750228 3145950561568197 3145950565608603 3145950560750290 3145950561096815 3145950565782616 3145950569804581
3145950569804976 3145950570209019 3145950571014199 3145950575058860 3145950570209037 3145950570526611 3145950575241858 3145950579284225
3145950579284621 3145950579720978 3145950580542908 3145950584851423 3145950579720999 3145950580046557 3145950585032567 3145950589095285
3145950589095654 3145950589494197 3145950590327968 3145950594377555 3145950589494220 3145950589853193 3145950594560087 3145950598603943
3145950598604317 3145950599004515 3145950599933274 3145950603962281 3145950599004533 3145950599355352 3145950604041060 3145950608089596
3145950608089973 3145950608521329 3145950609328536 3145950613381315 3145950608521377 3145950608863849 3145950613568325 3145950617638605

12510668686300632 12510668686970284 12510668688567358 12510668692455480 12510668686970296 12510668687768856 12510668692533762 12510668696481726
12510668696481936 12510668696905412 12510668697987546 12510668701950078 12510668696905424 12510668697210382 12510668702079024 12510668705973122
12510668705973624 12510668706387980 12510668707391408 12510668711281190 12510668706388028 12510668706810308 12510668711487224 12510668715406554
12510668715406778 12510668715811226 12510668717038334 12510668720921694 12510668715811238 12510668716130634 12510668721126996 12510668725019500
12510668725019688 12510668725392464 12510668726486014 12510668730576016 12510668725392510 12510668725710126 12510668730788688 12510668734681592
12510668734682112 12510668735125680 12510668736088338 12510668739983308 12510668735125694 12510668735464352 12510668740203068 12510668744117350
12510668744117940 12510668744511314 12510668745747936 12510668750311265 12510668744511360 12510668744828486 12510668750585608 12510668754589990
12510668754590444 12510668754988462 12510668755951156 12510668759833388 12510668754988474 12510668755327876 12510668759920464 12510668763848222
12510668763848740 12510668764264496 12510668764923668 12510668768816616 12510668764264508 12510668764592978 12510668769114694 12510668773022956

12510618400328062 12510618401018375 12510618402644564 12510618407385763 12510618401018396 12510618401847924 12510618407473628 12510618411539817
12510618411539960 12510618411988646 12510618412751159 12510618416787027 12510618411988702 12510618412322343 12510618417019366 12510618421057621
12510618421057639 12510618421459845 12510618422439032 12510618426475807 12510618421459863 12510618421934172 12510618426664020 12510618430687638
12510618430689290 12510618431099026 12510618431917545 12510618435932824 12510618431099082 12510618431441046 12510618436127518 12510618440164370
12510618440164531 12510618440548968 12510618441380329 12510618445407833 12510618440548989 12510618440896037 12510618445584862 12510618449692503
12510618449692549 12510618450170249 12510618451089130 12510618455135369 12510618450170305 12510618450550562 12510618455357145 12510618459396799
12510618459397075 12510618459812267 12510618460591144 12510618464626549 12510618459812312 12510618460167980 12510618464835895 12510618468864611
12510618468867191 12510618469246556 12510618470109735 12510618474131213 12510618469246612 12510618469574177 12510618474254622 12510618478307321
12510618478307363 12510618478721497 12510618479621881 12510618483666304 12510618478721523 12510618479056151 12510618483881278 12510618487907118

12510594595259641 12510594595970633 12510594597332694 12510594601478244 12510594595970802 12510594596761877 12510594601698534 12510594605764604
12510594605765133 12510594606184188 12510594607060622 12510594611350931 12510594606184211 12510594606516842 12510594611487581 12510594615802345
12510594615802711 12510594616211972 12510594617135738 12510594621197803 12510594616212007 12510594616685039 12510594621404412 12510594625647618
12510594625647636 12510594626042239 12510594626846144 12510594631082343 12510594626042280 12510594626397946 12510594631263274 12510594635424257
12510594635424275 12510594635808706 12510594636595704 12510594640628904 12510594635808724 12510594636152106 12510594640826225 12510594644962041
12510594644962561 12510594645403726 12510594646791161 12510594651000750 12510594645403758 12510594645762341 12510594651213709 12510594655359625
12510594655360082 12510594655747595 12510594656531452 12510594660628520 12510594655747616 12510594656104788 12510594660823841 12510594664843254
12510594664843765 12510594665240255 12510594666034203 12510594670088197 12510594665240293 12510594665601890 12510594670283099 12510594674343844
12510594674344620 12510594674766780 12510594675546031 12510594679571244 12510594674766806 12510594675117292 12510594679766508 12510594683815567

12510656708438881 12510656709188733 12510656710562099 12510656715340656 12510656709188753 12510656709985795 12510656715477118 12510656719383494
12510656719383596 12510656719796464 12510656720544330 12510656724432544 12510656719796476 12510656720137432 12510656724640968 12510656728541570
12510656728541582 12510656728916340 12510656729793474 12510656733666082 12510656728916386 12510656729390437 12510656733914652 12510656737826812
12510656737829294 12510656738231402 12510656739384552 12510656743309932 12510656738231414 12510656738548782 12510656743458190 12510656747345232
12510656747345244 12510656747745206 12510656749053444 12510656752985252 12510656747745218 12510656748047438 12510656753118376 12510656757111094
12510656757111538 12510656757546164 12510656758646496 12510656762544708 12510656757546178 12510656757866816 12510656762678044 12510656766587526
12510656766587592 12510656766963880 12510656768992054 12510656772864188 12510656766963892 12510656767270354 12510656772969952 12510656776893558
12510656776893788 12510656777274126 12510656778487008 12510656782469026 12510656777274140 12510656777597678 12510656782677876 12510656786631258
12510656786631308 12510656787043909 12510656788011002 12510656791931506 12510656787043927 12510656787397792 12510656792126246 12510656796017008

12510635403173082 12510635403859655 12510635405180526 12510635409834337 12510635403859788 12510635404685712 12510635410101106 12510635414093529
12510635414093622 12510635414498648 12510635415363352 12510635419352108 12510635414498672 12510635414838755 12510635419450103 12510635423480427
12510635423480599 12510635423900352 12510635424784599 12510635428786557 12510635423900385 12510635424340802 12510635428983254 12510635432996400
12510635432996566 12510635433410677 12510635434147303 12510635438144801 12510635433410703 12510635433746130 12510635438346077 12510635442351286
12510635442351459 12510635442750554 12510635443527449 12510635447545810 12510635442750587 12510635443097742 12510635448026281 12510635452037008
12510635452037026 12510635452491096 12510635453308988 12510635457297878 12510635452491141 12510635452820075 12510635457422931 12510635461403165
12510635461403412 12510635461803235 12510635462580086 12510635466560576 12510635461803256 12510635462134490 12510635466742270 12510635470743889
12510635470743907 12510635471135666 12510635472199973 12510635476363562 12510635471135720 12510635471453823 12510635476585938 12510635480587109
12510635480587472 12510635480984766 12510635481864773 12510635485856444 12510635480984793 12510635481313412 12510635485974505 12510635489983016

12510556465366358 12510556466066578 12510556467430152 12510556471428485 12510556466066596 12510556466873398 12510556471576673 12510556475602436
12510556475603039 12510556476016362 12510556476760194 12510556480764301 12510556476016412 12510556476341811 12510556480993392 12510556485013699
12510556485014109 12510556485449325 12510556486291719 12510556490479636 12510556485449343 12510556485894107 12510556490720001 12510556494704437
12510556494704455 12510556495104929 12510556495842090 12510556499836721 12510556495104959 12510556495437271 12510556500061058 12510556504078902
12510556504079309 12510556504466135 12510556505177377 12510556509212419 12510556504466153 12510556504792285 12510556509437020 12510556513620141
12510556513622922 12510556514086031 12510556514821020 12510556518830182 12510556514086064 12510556514407460 12510556519054732 12510556523088768
12510556523088791 12510556523479727 12510556524221833 12510556528236809 12510556523479745 12510556523777964 12510556528464748 12510556532492379
12510556532492870 12510556532882186 12510556534416436 12510556538420783 12510556532882204 12510556533194041 12510556538566196 12510556542754440
12510556542754909 12510556543145563 12510556544168667 12510556548195729 12510556543145596 12510556543459500 12510556548319034 12510556552300487

12510683541083290 12510683541794546 12510683543305942 12510683547490112 12510683541794564 12510683542555351 12510683547623493 12510683551667810
12510683551668315 12510683552107112 12510683552904634 12510683556951034 12510683552107144 12510683552442366 12510683557132867 12510683561188252
12510683561188632 12510683561598428 12510683562611079 12510683566679699 12510683561598458 12510683562054750 12510683566820301 12510683571064193
12510683571064591 12510683571474684 12510683572289961 12510683576316906 12510683571474735 12510683571802403 12510683576458985 12510683580505768
12510683580506145 12510683580900997 12510683581612334 12510683585704659 12510683580901030 12510683581243401 12510683585942302 12510683590005868
12510683590006361 12510683590436499 12510683591170463 12510683595280361 12510683590436532 12510683590789941 12510683595554268 12510683599611269
12510683599611649 12510683600010409 12510683601523122 12510683605600635 12510683600010439 12510683600362161 12510683605797762 12510683609828271
12510683609828963 12510683610203889 12510683611019207 12510683615260728 12510683610203954 12510683610559052 12510683615489826 12510683619547299
12510683619547799 12510683619959312 12510683620690510 12510683624875395 12510683619959347 12510683620296171 12510683625111819 12510683629162260
