25 3509
12510909996736526 12510909997963306 12510909999297026 12510910500158014 12510910500159722 12510910501622326 12510910503038334 12510911004381308
12510911004384640 12510911005830936 12510911007330644 12510911511466700 12510911511470918 12510911513048176 12510911514475982 12510912031273846
12510912031277905 12510912032776328 12510912034367733 12510912566821567 12510912566823335 12510912568343976 12510912569795492 12510913072597884
12510913072598298 12510913074021632 12510913075519942 12510913578611012 12510913578612776 12510913580083778 12510913581532928 12510914067789282
12510914067789712 12510914069205672 12510914070563816 12510914544885722 12510914544890422 12510914546274642 12510914547564976 12510915022744034
12510915022744486 12510915024028262 12510915031960810 12510915506015480 12510915506020328 12510915507343110 12510915536076016 12510916010695818
12510916010696230 12510916012015426 12510916043853940 12510916519145538 12510916519145562 12510916520704800 12510916549468888 12510917023684988
12510917023686740 12510917025060356 12510917056968374 12510917531903088 12510917531907892 12510917533266158 12510917562382330 12510918036567902
12510918036568648 12510918037879330 12510918069156590 12510918544539440 12510918544544030 12510918545902376 12510918575111844 12510919049096114

12510954955811922 12510954956893402 12510954958128012 12510955431332762 12510955431335182 12510955432664474 12510955460974500 12510955935093318
12510955935094046 12510955936393952 12510955965185730 12510956438553836 12510956438557566 12510956439977812 12510956472406436 12510956945825362
12510956945826180 12510956947134294 12510956992134504 12510957466307312 12510957466312002 12510957467649652 12510957527707782 12510958001011336
12510958001012098 12510958002313936 12510958033387600 12510958507738438 12510958507742600 12510958509104276 12510958539455016 12510959012778156
12510959012778860 12510959014105412 12510959028578960 12510959502174946 12510959502179206 12510959503555122 12510959505648520 12510959979038754
12510959979039486 12510959980321582 12510959983414040 12510960457359682 12510960457363960 12510960458694718 12510960466728318 12510960940259078
12510960940262928 12510960941588888 12510960971399452 12510961446108810 12510961446143324 12510961447712310 12510961480088120 12510961953879452
12510961953880184 12510961955263806 12510961984453126 12510962458481504 12510962458483166 12510962459819052 12510962492659686 12510962967185964
12510962967187250 12510962968467560 12510962997278466 12510963470971362 12510963470976048 12510963472351236 12510963505302546 12510963979673268

12510872645055184 12510872646156058 12510872647381328 12510873117383384 12510873117384924 12510873118728704 12510873143174110 12510873617338160
12510873617341486 12510873618651264 12510873641753104 12510874117375218 12510874117376834 12510874118804266 12510874129469658 12510874603884040
12510874603884776 12510874605186994 12510874636624294 12510875111497234 12510875111501524 12510875112857664 12510875157135910 12510875632320440
12510875632321162 12510875633596480 12510875691800420 12510876166010334 12510876166012506 12510876167366070 12510876198581926 12510876673683336
12510876673686666 12510876675020368 12510876703582840 12510877178140350 12510877178141960 12510877179497198 12510877193039788 12510877668760562
12510877668761376 12510877670037614 12510877676890018 12510878151006948 12510878151011556 12510878152343786 12510878182356804 12510878658246668
12510878658247652 12510878659539800 12510878684425162 12510879159311838 12510879159311912 12510879160875252 12510879189811176 12510879664781082
12510879664781884 12510879666128500 12510879691415352 12510880165919370 12510880165920958 12510880167262350 12510880196914720 12510880671252928
12510880671253666 12510880672519114 12510880699129976 12510881174240670 12510881174246088 12510881175585712 12510881204378970 12510881678736692

12510900415197192 12510900416296638 12510900417531438 12510900888190412 12510900888194040 12510900889509636 12510900890785402 12510901365207968
12510901365208758 12510901366533048 12510901392029576 12510901867732380 12510901867735246 12510901869160410 12510901897266148 12510902372313818
12510902372314616 12510902373609750 12510902404118480 12510902879581506 12510902879583234 12510902880961912 12510902924628914 12510903399807596
12510903399808396 12510903401072404 12510903459126659 12510903937177638 12510903937179035 12510903938513551 12510903965148221 12510904435320020
12510904435321938 12510904436669210 12510904472318058 12510904945921220 12510904945924940 12510904947279670 12510904960063864 12510905435471256
12510905435472038 12510905436764788 12510905440471384 12510905914454286 12510905914456038 12510905915810626 12510905922773432 12510906398520092
12510906398521570 12510906399812180 12510906429979248 12510906905010072 12510906905010158 12510906906611130 12510906931307396 12510907406548428
12510907406549210 12510907407889484 12510907436562578 12510907911417024 12510907911418782 12510907912759366 12510907937699458 12510908413309778
12510908413311948 12510908414628330 12510908442954082 12510908919017350 12510908919019118 12510908920348996 12510908946021594 12510909420703374

12510899749048812 12510899750156260 12510899751390766 12510900216827894 12510900216832328 12510900218168444 12510900254034808 12510900724451344
12510900724454514 12510900725757538 12510900758237196 12510901229554916 12510901229556880 12510901231010532 12510901265452306 12510901736558162
12510901736561384 12510901737844958 12510901785184188 12510902256973508 12510902256977706 12510902258349854 12510902320764208 12510902791570560
12510902791571388 12510902792858586 12510902826469730 12510903297569662 12510903297571240 12510903298915486 12510903332500728 12510903804696128
12510903804697546 12510903806081194 12510903821613046 12510904292416634 12510904292419842 12510904293783764 12510904298700796 12510904770517304
12510904770518086 12510904771799366 12510904776465450 12510905247856498 12510905247858150 12510905249189138 12510905259783810 12510905731246416
12510905731247148 12510905732537848 12510905764446142 12510906236542290 12510906236542386 12510906238115658 12510906273058522 12510906745612678
12510906745613450 12510906747013236 12510906777484204 12510907249580802 12510907249582450 12510907250929890 12510907285699154 12510907757672550
12510907757673296 12510907758984918 12510907790315664 12510908261557034 12510908261558642 12510908262914036 12510908298334474 12510908770805096

12510928003282198 12510928004380634 12510928005678124 12510928473736806 12510928473738862 12510928475091446 12510928506930696 12510928979493426
12510928979496856 12510928980793538 12510929011150762 12510929484598454 12510929484603122 12510929486039062 12510929518337448 12510929991746050
12510929991749200 12510929993049462 12510930038054014 12510930510370040 12510930510371656 12510930511706856 12510930573623154 12510931046782068
12510931046783502 12510931048084266 12510931079378440 12510931551819994 12510931551824676 12510931553182364 12510931585390898 12510932058665890
12510932058667416 12510932060012858 12510932074596878 12510932547687042 12510932547691670 12510932549036988 12510932551681690 12510933024763750
12510933024764590 12510933026066678 12510933038760696 12510933511288370 12510933511293038 12510933512639624 12510933543243122 12510934015829780
12510934015830534 12510934017138236 12510934049637616 12510934522753056 12510934522753156 12510934524241738 12510934556259274 12510935029836230
12510935029836996 12510935031206586 12510935064632234 12510935536859464 12510935536861092 12510935538222576 12510935569330604 12510936041524926
12510936041525674 12510936042806156 12510936077168792 12510936550345794 12510936550350468 12510936551718350 12510936580895694 12510937053699618

12510915620999030 12510915622094102 12510915623343280 12510916092322984 12510916092326828 12510916093661464 12510916096732146 12510916570185884
12510916570186650 12510916571479960 12510916600474452 12510917074567268 12510917074571340 12510917075988094 12510917104077180 12510917577303480
12510917577306408 12510917578629670 12510917611201648 12510918085448626 12510918085452166 12510918086805114 12510918131696048 12510918604942240
12510918604943388 12510918606230122 12510918666712367 12510919140184990 12510919140189264 12510919141550546 12510919173122256 12510919647165730
12510919647166510 12510919648510848 12510919678172174 12510920151149270 12510920151154008 12510920152523640 12510920167569422 12510920642493334
12510920642494124 12510920643769096 12510920654257240 12510921127176162 12510921127180492 12510921128502072 12510921159777944 12510921633680880
12510921633683830 12510921634977814 12510921661787434 12510922135698070 12510922135698144 12510922137204486 12510922167295244 12510922641118008
12510922641119978 12510922642449172 12510922668791272 12510923143321510 12510923143325550 12510923144657264 12510923174339476 12510923648510358
12510923648511148 12510923649792900 12510923676511746 12510924149989164 12510924149993884 12510924151340246 12510924181834180 12510924656168646

12510840104984890 12510840106089414 12510840107384054 12510840574196368 12510840574198138 12510840575526572 12510840577922414 12510841048872888
12510841048876134 12510841050175142 12510841077478012 12510841548893040 12510841548896248 12510841550330342 12510841577595438 12510842049878272
12510842049881446 12510842051171936 12510842064034468 12510842535398790 12510842535401660 12510842536784748 12510842571652752 12510843044198684
12510843044199648 12510843045495896 12510843092465476 12510843593641938 12510843593645474 12510843595145762 12510843626161898 12510844125503856
12510844125504604 12510844127008922 12510844133843204 12510844635667528 12510844635669208 12510844637107938 12510844638498920 12510845136689832
12510845136690744 12510845138109962 12510845139596704 12510845642156470 12510845642159354 12510845643628546 12510845645052290 12510846144232870
12510846144233776 12510846145631438 12510846147115042 12510846649513160 12510846649515704 12510846651202320 12510846652636654 12510847151188648
12510847151189396 12510847152637034 12510847154120930 12510847656710698 12510847656712350 12510847658170112 12510847659584026 12510848158937790
12510848158938552 12510848160356246 12510848161839132 12510848664171394 12510848664174264 12510848665665116 12510848667087250 12510849167159342

12510825012994122 12510825014085000 12510825015391726 12510825481041646 12510825481044478 12510825482396032 12510825486198192 12510825955419298
12510825955423042 12510825956731116 12510825963210208 12510826439174434 12510826439177082 12510826440616258 12510826465804446 12510826929120234
12510826929122883 12510826930373558 12510826971281460 12510827423821150 12510827423825828 12510827425166476 12510827477752854 12510827947779620
12510827947783426 12510827949099980 12510827997784772 12510828467104682 12510828467109006 12510828468490790 12510828535173660 12510829006161948
12510829006165216 12510829007517068 12510829037831160 12510829506866500 12510829506869308 12510829508188538 12510829546048808 12510830015725788
12510830015729214 12510830017020482 12510830046378446 12510830515977360 12510830515980168 12510830517325466 12510830551893312 12510831021359944
12510831021363158 12510831022646438 12510831053894966 12510831525203550 12510831525203640 12510831526731590 12510831559459364 12510832028663878
12510832028667130 12510832029992358 12510832060901946 12510832530871142 12510832530873950 12510832532207956 12510832566432924 12510833035870484
12510833035871672 12510833037170604 12510833068621068 12510833538466910 12510833538469728 12510833539851832 12510833573925868 12510834044028866

12510826177210504 12510826178317498 12510826179569726 12510826648560218 12510826648561870 12510826649909406 12510826651189328 12510827125145422
12510827125148842 12510827126457080 12510827154846774 12510827628320398 12510827628324760 12510827629760518 12510827660073932 12510828134137852
12510828134141266 12510828135428604 12510828167085152 12510828640473274 12510828640475110 12510828641800816 12510828685748030 12510829159678926
12510829159679676 12510829160975042 12510829222117494 12510829696136092 12510829696136104 12510829697496390 12510829727210128 12510830200617278
12510830200618058 12510830201952058 12510830234013496 12510830707939106 12510830707943472 12510830709316912 12510830723063264 12510831196871076
12510831196871922 12510831198179710 12510831200071214 12510831675098968 12510831675103318 12510831676444900 12510831686658448 12510832159814248
12510832159815058 12510832161109332 12510832191147374 12510832665583470 12510832665583536 12510832667121536 12510832698211014 12510833171381026
12510833171381914 12510833172757528 12510833205206514 12510833678921210 12510833678922902 12510833680261984 12510833712297004 12510834186776324
12510834186777070 12510834188053926 12510834216807374 12510834689709516 12510834689713342 12510834691063556 12510834725775772 12510835199649798

12510951110881672 12510951111979122 12510951113231086 12510951582339416 12510951582343756 12510951583714996 12510951612809004 12510952087535072
12510952087538186 12510952088841250 12510952117658776 12510952593137360 12510952593141246 12510952594578222 12510952606081862 12510953080622906
12510953080623704 12510953081924202 12510953099542024 12510953575030364 12510953575034710 12510953576382422 12510953618180750 12510954092817034
12510954092818280 12510954094135844 12510954154593962 12510954629636810 12510954629641102 12510954631011414 12510954659646998 12510955134283136
12510955134283958 12510955135634882 12510955166497418 12510955641475692 12510955641481114 12510955642864446 12510955670941542 12510956146254356
12510956146255180 12510956147548574 12510956176288626 12510956650721678 12510956650728224 12510956652077700 12510956682196980 12510957157129890
12510957157130708 12510957158442718 12510957188934170 12510957663679400 12510957663679476 12510957665195508 12510957697140738 12510958172121644
12510958172122446 12510958173447744 12510958201514006 12510958676825104 12510958676829412 12510958678205540 12510958709192514 12510959184668756
12510959184669522 12510959185966918 12510959214127904 12510959688380912 12510959688385258 12510959689738816 12510959721476966 12510960196355474

12510844780744962 12510844781831040 12510844783087570 12510845251414196 12510845251418558 12510845252744698 12510845254023238 12510845726131984
12510845726132724 12510845727450784 12510845758976666 12510846232213576 12510846232219154 12510846233648996 12510846264708674 12510846737123672
12510846737124610 12510846738397768 12510846752047868 12510847225678578 12510847225683374 12510847227076432 12510847246502552 12510847718982996
12510847718983748 12510847720277406 12510847764881504 12510848237855726 12510848237859938 12510848239216158 12510848301133696 12510848779159463
12510848779160057 12510848780509139 12510848807115923 12510849270409460 12510849270410982 12510849271683678 12510849312933208 12510849778078252
12510849778078988 12510849779382356 12510849817652248 12510850290648328 12510850290652690 12510850291988072 12510850322172306 12510850795712594
12510850795713580 12510850797001980 12510850828534346 12510851302716184 12510851302716224 12510851304264436 12510851335275896 12510851809759786
12510851809761010 12510851811073428 12510851843535128 12510852317259462 12510852317263846 12510852318612442 12510852348284880 12510852822743298
12510852822744024 12510852824034044 12510852856042086 12510853329988616 12510853329990722 12510853331328874 12510853362245906 12510853836223374

12510783872044372 12510783873133468 12510783874444524 12510784342484032 12510784342486632 12510784343823640 12510784345098508 12510784818181568
12510784818184828 12510784819479410 12510784841190566 12510785313931620 12510785313937188 12510785315372134 12510785341349042 12510785813879122
12510785813882466 12510785815166882 12510785829961404 12510786303229484 12510786303234232 12510786304569628 12510786318631884 12510786790854700
12510786790858040 12510786792131932 12510786811830672 12510787284737862 12510787284741552 12510787286089714 12510787360935428 12510787859168000
12510787859168844 12510787860642122 12510787892794928 12510788395175488 12510788395179144 12510788396645306 12510788402938678 12510788901469718
12510788901470548 12510788902880706 12510788904356278 12510789406854484 12510789406856826 12510789408301676 12510789409723168 12510789908854808
12510789908855618 12510789910264220 12510789911740316 12510790414466296 12510790414466400 12510790416130952 12510790417566418 12510790892972808
12510790892973552 12510790894294426 12510790918467372 12510791390912958 12510791390917742 12510791392245488 12510791423960684 12510791897359078
12510791897359848 12510791898643738 12510791926178780 12510792399103396 12510792399107600 12510792400463754 12510792431435870 12510792905278350

12510772763521842 12510772764617380 12510772765922298 12510773231947622 12510773231950956 12510773233318272 12510773235576074 12510773706946968
12510773706947842 12510773708256092 12510773711231832 12510774181812112 12510774181814558 12510774183267786 12510774215127566 12510774686381154
12510774686381904 12510774687691486 12510774721107806 12510775191828588 12510775191832866 12510775193168320 12510775207753562 12510775679174828
12510775679175562 12510775680465106 12510775702286432 12510776173173786 12510776173177856 12510776174534770 12510776221125206 12510776692803478
12510776692804280 12510776694133834 12510776757345976 12510777228452244 12510777228452256 12510777229801614 12510777288393408 12510777758802710
12510777758803450 12510777760099022 12510777794626872 12510778266303722 12510778266307998 12510778267627402 12510778300047770 12510778770588136
12510778770588876 12510778771876618 12510778802010922 12510779273915724 12510779273915830 12510779275415528 12510779307871540 12510779778204832
12510779778205596 12510779779517634 12510779790723660 12510780261871718 12510780261874124 12510780263220008 12510780299860756 12510780770837662
12510780770838448 12510780772116710 12510780803617890 12510781274013540 12510781274016796 12510781275386758 12510781313199696 12510781784918316

12510819100801112 12510819101889436 12510819103142630 12510819570506584 12510819570508176 12510819571857950 12510819573746794 12510820045227276
12510820045231250 12510820046515716 12510820078851532 12510820550857430 12510820550862200 12510820552294972 12510820584588260 12510821056954262
12510821056957498 12510821058264996 12510821071941908 12510821543565696 12510821543567274 12510821544909358 12510821566385044 12510822038162222
12510822038162968 12510822039437156 12510822084140222 12510822556917244 12510822556923084 12510822558285188 12510822621011924 12510823093168010
12510823093168738 12510823094529532 12510823125607052 12510823597140132 12510823597143666 12510823598503146 12510823632861960 12510824105508036
12510824105508436 12510824106811350 12510824137530546 12510824609373046 12510824609377662 12510824610694306 12510824642048268 12510825114104214
12510825114104684 12510825115408006 12510825148408054 12510825621126128 12510825621126224 12510825622623728 12510825655107284 12510826126576726
12510826126577130 12510826127903610 12510826163411570 12510826635689078 12510826635694904 12510826637040016 12510826668163490 12510827139519272
12510827139519664 12510827140790678 12510827175916272 12510827649031804 12510827649035324 12510827650371770 12510827679695054 12510828151394970

12510830920516944 12510830921723968 12510830923068998 12510831422304930 12510831422308728 12510831423751142 12510831425187650 12510831927154382
12510831927158212 12510831928601472 12510831930077212 12510832415525152 12510832415529358 12510832416979486 12510832432153410 12510832906337262
12510832906340562 12510832907640886 12510832936468070 12510833410533508 12510833410538234 12510833411901738 12510833429046126 12510833903444154
12510833903447334 12510833904743094 12510833964981658 12510834468884568 12510834468889292 12510834470369130 12510834471792184 12510834974159090
12510834974159916 12510834975641386 12510834977259236 12510835480402304 12510835480406122 12510835481905056 12510835483329880 12510835985754176
12510835985754996 12510835987177024 12510835988658496 12510836491651128 12510836491654906 12510836493100194 12510836494549092 12510836998395112
12510836998402480 12510836999778406 12510837001274878 12510837506477032 12510837506480960 12510837508157520 12510837509619604 12510838010944920
12510838010945738 12510838012403814 12510838013894080 12510838518624466 12510838518628220 12510838520117046 12510838521544276 12510839023577674
12510839023578488 12510839024985394 12510839026479460 12510839530902664 12510839530906466 12510839532374332 12510839533803604 12510840035659640

12510874020911926 12510874021993652 12510874023246716 12510874476847312 12510874476851660 12510874478114730 12510874524398528 12510874982076062
12510874982079426 12510874983388120 12510875029283130 12510875501684352 12510875501689088 12510875503125030 12510875517665682 12510875989200240
12510875989200654 12510875990481172 12510876008330612 12510876480789222 12510876480790848 12510876482131546 12510876512593950 12510876984043450
12510876984045918 12510876985329680 12510877005437088 12510877477644610 12510877477649378 12510877478994620 12510877571061570 12510878043368308
12510878043369048 12510878044719742 12510878076333474 12510878547608160 12510878547610336 12510878548968240 12510878582600568 12510879055438858
12510879055439232 12510879056729868 12510879087878390 12510879559658256 12510879559663976 12510879561034082 12510879593809548 12510880065838114
12510880065838844 12510880067138892 12510880100482162 12510880572560840 12510880572562820 12510880574121146 12510880608854482 12510881081114618
12510881081115400 12510881082461194 12510881113110722 12510881585528956 12510881585534686 12510881586894230 12510881620823746 12510882092825020
12510882092825764 12510882094113992 12510882125709410 12510882602328278 12510882602329798 12510882603683400 12510882633100072 12510883109219114

3146130350910684 3146130352006108 3146130353255758 3146130819185140 3146130819188568 3146130820541256 3146130848939338 3146131319954402
3146131319957800 3146131321258182 3146131347532696 3146131820054508 3146131820060282 3146131821481576 3146131833514502 3146132304998984
3146132305002464 3146132306301266 3146132320749918 3146132793277938 3146132793282332 3146132794618280 3146132812395018 3146133283666274
3146133283666694 3146133284962094 3146133315593510 3146133788207142 3146133788210670 3146133789544184 3146133809260120 3146134281282288
3146134281282696 3146134282622256 3146134374981934 3146134846987200 3146134846991614 3146134848383922 3146134879231148 3146135350479290
3146135350480064 3146135351763532 3146135386992220 3146135858060962 3146135858066126 3146135859378732 3146135891293800 3146136362808218
3146136362808264 3146136364104444 3146136397395874 3146136869471236 3146136869472798 3146136870968304 3146136904373906 3146137376620244
3146137376620962 3146137377929812 3146137412712752 3146137884391400 3146137884395870 3146137885713852 3146137917151226 3146138388994114
3146138388994540 3146138390280288 3146138424364286 3146138895480972 3146138895484426 3146138896856394 3146138933930846 3146139405681052

12510848507228768 12510848508320414 12510848509578080 12510848976817966 12510848976819530 12510848978139536 12510848979459254 12510849451125254
12510849451128494 12510849452439286 12510849483474016 12510849955659312 12510849955664238 12510849957081926 12510849989499994 12510850461210056
12510850461213332 12510850462537000 12510850476661274 12510850948900924 12510850948902578 12510850950288072 12510850967616896 12510851439258722
12510851439260892 12510851440519004 12510851473231192 12510851945182884 12510851945187582 12510851946554742 12510851964249818 12510852436326932
12510852436327732 12510852437678912 12510852530931446 12510853003021570 12510853003023222 12510853004386966 12510853034969120 12510853507405682
12510853507406458 12510853508712712 12510853542189616 12510854013771978 12510854013773652 12510854015098106 12510854048649834 12510854520663404
12510854520664156 12510854521980334 12510854552681130 12510855024892938 12510855024893034 12510855026476248 12510855060899278 12510855533572044
12510855533572822 12510855534948356 12510855568004746 12510856039409062 12510856039410680 12510856040771612 12510856073002874 12510856544373582
12510856544374328 12510856545655412 12510856580684790 12510857053199342 12510857053200986 12510857054546974 12510857085224688 12510857557518492

12510798220557938 12510798221654616 12510798222962802 12510798691323842 12510798691325574 12510798692679852 12510798723923358 12510799195352542
12510799195353352 12510799196690054 12510799228774040 12510799701277140 12510799701281822 12510799702731848 12510799717144584 12510800188578604
12510800188579340 12510800190464033 12510800207826928 12510800679467368 12510800679470172 12510800680828126 12510800712077506 12510801185130780
12510801185131250 12510801186434204 12510801204918966 12510801676085096 12510801676089276 12510801677452814 12510801770541696 12510802242793464
12510802242794198 12510802244158512 12510802275784046 12510802746857376 12510802746862064 12510802748169310 12510802782070848 12510803254066524
12510803254067650 12510803255387402 12510803287347666 12510803759841314 12510803759845992 12510803761854018 12510803793268056 12510804264572556
12510804264572974 12510804265872662 12510804299952580 12510804772579576 12510804772583840 12510804774127186 12510804808279844 12510805279821692
12510805279865280 12510805281207272 12510805312559018 12510805784843084 12510805784845886 12510805786181830 12510805820285160 12510806292556012
12510806292556794 12510806293882534 12510806325141456 12510806797047748 12510806797051990 12510806798408988 12510806832521064 12510807304306058

12510774415217112 12510774416426716 12510774417778504 12510774916350156 12510774916354960 12510774917829022 12510774919249784 12510775417552884
12510775417553688 12510775418972798 12510775422996718 12510775926666594 12510775926668226 12510775928258582 12510775930152954 12510776431056684
12510776431057516 12510776432483984 12510776449893998 12510776923623600 12510776923625228 12510776924980040 12510776985442858 12510777459574546
12510777459575308 12510777460877758 12510777491205722 12510777964777664 12510777964779660 12510777966118306 12510777997218980 12510778471829226
12510778471829962 12510778473192808 12510778486411916 12510778959603728 12510778959608098 12510778960977778 12510778975343150 12510779450222938
12510779450223674 12510779451513060 12510779480679288 12510779954311726 12510779954315520 12510779955664468 12510779986587840 12510780462124690
12510780462125422 12510780463413514 12510780493311646 12510780967591526 12510780967597654 12510780969200186 12510781001555398 12510781475175942
12510781475176702 12510781476577894 12510781505888320 12510781980624820 12510781980629078 12510781981975554 12510782013569544 12510782487402300
12510782487403106 12510782488702726 12510782518482518 12510782993357872 12510782993359470 12510782994713334 12510783025822316 12510783500012860

12510836529312596 12510836530408490 12510836531654126 12510836998507534 12510836998510140 12510836999859860 12510837032197202 12510837503711518
12510837503714750 12510837505007276 12510837533349978 12510838004934878 12510838004936566 12510838006355804 12510838042634562 12510838514400586
12510838514403842 12510838515709786 12510838546864308 12510839018534552 12510839018536258 12510839019889586 12510839039933216 12510839512120144
12510839512120896 12510839513443414 12510839575271986 12510840046886982 12510840046891272 12510840048262104 12510840081369852 12510840553845996
12510840553846744 12510840555208492 12510840587583272 12510841058700696 12510841058702268 12510841060079450 12510841075792912 12510841548423102
12510841548426012 12510841549724948 12510841565909464 12510842037202406 12510842037206728 12510842038537432 12510842070062776 12510842541958924
12510842541959704 12510842543246088 12510842577814440 12510843050374354 12510843050374414 12510843051892204 12510843083600648 12510843555611920
12510843555612674 12510843556992688 12510843590988410 12510844062388680 12510844062390434 12510844063756798 12510844096382342 12510844567218796
12510844567219548 12510844568500682 12510844603121494 12510845075076700 12510845075080270 12510845076449894 12510845110932706 12510845582369540

12510815223804104 12510815224880528 12510815226138294 12510815721690930 12510815721692520 12510815723139106 12510815724553034 12510816220297208
12510816220300614 12510816221729296 12510816223843301 12510816706222288 12510816706224706 12510816707660294 12510816708951384 12510817177968508
12510817177972160 12510817179270580 12510817210461524 12510817679926674 12510817679930950 12510817681293796 12510817714635572 12510818184758702
12510818184759444 12510818186096972 12510818211203108 12510818680258174 12510818680262856 12510818681647010 12510818744896138 12510819215823530
12510819215824256 12510819217191022 12510819252569266 12510819721706462 12510819721711142 12510819723070458 12510819757026338 12510820227355322
12510820227356134 12510820228642290 12510820247640848 12510820716428962 12510820716433640 12510820717748590 12510820733287830 12510821203005212
12510821203005970 12510821204313844 12510821237991204 12510821708312194 12510821708313778 12510821709861164 12510821746617770 12510822215778528
12510822215779254 12510822217125022 12510822251736618 12510822721772882 12510822721777598 12510822723125796 12510822758499416 12510823227760848
12510823227761632 12510823229050874 12510823263242628 12510823733212462 12510823733217150 12510823734552188 12510823771190390 12510824241595448

12510736284895468 12510736285978876 12510736287229190 12510736752334570 12510736752337982 12510736753684606 12510736784495494 12510737255398050
12510737255401810 12510737256715816 12510737283085744 12510737753664998 12510737753665044 12510737755091322 12510737769020496 12510738240239066
12510738240239872 12510738241536120 12510738272173066 12510738743039658 12510738743043154 12510738744386366 12510738775468278 12510739245734124
12510739245735638 12510739247021666 12510739269608168 12510739740913620 12510739740916752 12510739742272912 12510739806982248 12510740277518996
12510740277519784 12510740278898114 12510740309322718 12510740780137888 12510740780139512 12510740781485892 12510740816476906 12510741287398826
12510741287399628 12510741288704664 12510741305260068 12510741776202368 12510741776206106 12510741777540528 12510741795057164 12510742265214622
12510742265215372 12510742266511196 12510742299189928 12510742770975244 12510742770975340 12510742772524504 12510742807747770 12510743278196926
12510743278199076 12510743279552888 12510743311735432 12510743786101154 12510743786102675 12510743787490282 12510743819071525 12510744291467635
12510744291468419 12510744292753110 12510744325188948 12510744785133192 12510744785134544 12510744786418088 12510744831587658 12510745297551372

12510863362490468 12510863363605580 12510863364867468 12510863831355834 12510863831357522 12510863832707676 12510863865217516 12510864337391290
12510864337395196 12510864338730900 12510864366373644 12510864838093752 12510864838095434 12510864839554344 12510864875627660 12510865348354686
12510865348357964 12510865349672000 12510865379885260 12510865851604826 12510865851606576 12510865852969004 12510865872398498 12510866343970894
12510866343971698 12510866345310440 12510866408292844 12510866881068364 12510866881073056 12510866882423790 12510866913542498 12510867385465178
12510867385465980 12510867386846410 12510867420598992 12510867892606920 12510867892608608 12510867894005630 12510867908411246 12510868380108278
12510868380108704 12510868381429720 12510868398945782 12510868871227024 12510868871230264 12510868872593694 12510868903102952 12510869375416046
12510869375416476 12510869376729450 12510869410862998 12510869883773226 12510869883773328 12510869885368106 12510869916582304 12510870387869164
12510870387869988 12510870389249746 12510870424000114 12510870895304416 12510870895306146 12510870896647880 12510870929426960 12510871401483062
12510871401483488 12510871402788818 12510871436158348 12510871907811184 12510871907812842 12510871909190574 12510871942159844 12510872414397144
