25 3498
5 140734278341408 12511136820729742 12511137326156470 4 5 12511137326156482 12511137832574890
47570050604800 140734278341392 12511137832575318 12511138342104758 10 10 12511138342104772 12511138848651318
4 60 12511138848651750 12511139358186840 2667321352 4131212846 12511139358186852 12511139865702378
10 47570035089088 12511139865702824 12511140374304626 47570034920331 47570034920331 12511140374304640 12511140881996620
1952205948 0 12511140881997128 12511141390739168 140734278341552 47570035080928 12511141390739182 12511141898618246
47570034920331 47570035088680 12511141898618680 12511142401985258 140734278341280 140734278341360 12511142401985304 12511142880066186
47570052826912 47570035080928 12511142880117636 12511143358600198 47570050604488 47570052827936 12511143358600210 12511143836974454
140734278341136 47570034918484 12511143836974924 12511144315073216 47570034918484 47570052878648 12511144315073228 12511144793847620
47570050604704 47570050612792 12511144793850956 12511145271877794 140734278341552 140734278341632 12511145271877806 12511145750598534

5 140721749344624 12511181781051490 12511182252643350 4 5 12511182252643396 12511182729992390
47771826712320 140721749344608 12511182729992814 12511183207212558 10 10 12511183207212604 12511183684028950
4 60 12511183684029424 12511184162461174 2667321352 4131212846 12511184162467388 12511184640398970
10 47771811196608 12511184640399316 12511185119530902 47771811027851 47771811027851 12511185119530914 12511185598545288
1952205948 0 12511185598545688 12511186077223358 140721749344768 47771811188448 12511186077223370 12511186555599042
47771811027851 47771811196200 12511186555601386 12511187034636858 140721749344496 140721749344576 12511187034636870 12511187512804740
47771828934432 47771811188448 12511187512807110 12511187992102966 47771826712008 47771828935456 12511187992148290 12511188470676122
140721749344352 47771811026004 12511188470678516 12511188949802202 47771811026004 47771828986168 12511188949802214 12511189433317930
47771826712224 47771826720312 12511189433318414 12511189910476096 140721749344768 140721749344848 12511189910476114 12511190374498452

5 140720443561024 12511099468906128 12511099942026942 4 5 12511099942026988 12511100419601496
46964545830656 140720443561008 12511100419603204 12511100897519918 10 10 12511100897519930 12511101376112836
4 60 12511101376113376 12511101853808788 2667321352 4131212846 12511101853808800 12511102332224418
10 46964530314944 12511102332227010 12511102810011280 46964530146187 46964530146187 12511102810011292 12511103289149882
1952205948 0 12511103289150322 12511103766911018 140720443561168 46964530306784 12511103766911030 12511104245706434
46964530146187 46964530314536 12511104245706892 12511104723484522 140720443560896 140720443560976 12511104723484534 12511105202146996
46964548052768 46964530306784 12511105202149420 12511105680019206 46964545830344 46964548053792 12511105680063962 12511106158803078
140720443560752 46964530144340 12511106158803524 12511106636438368 46964530144340 46964548104504 12511106636438380 12511107115092846
46964545830560 46964545838648 12511107115095260 12511107593076964 140720443561168 140720443561248 12511107593076976 12511108071695194

5 140736273981936 12511127239593618 12511127712072988 4 5 12511127712073000 12511128190117214
47240683044608 140736273981920 12511128190117668 12511128668595628 10 10 12511128668595640 12511129147407576
4 60 12511129147409986 12511129625963368 2667321352 4131212846 12511129625963380 12511130104971152
10 47240667528896 12511130104971646 12511130583436596 47240667360139 47240667360139 12511130583436642 12511131062934982
1952205948 0 12511131062935444 12511131540509984 140736273982080 47240667520736 12511131540509996 12511132019702892
47240667360139 47240667528488 12511132019703332 12511132497624282 140736273981808 140736273981888 12511132497624294 12511132976032982
47240685266720 47240667520736 12511132976033424 12511133455276350 47240683044296 47240685267744 12511133455319708 12511133934208080
140736273981664 47240667358292 12511133934210478 12511134412468336 47240667358292 47240685318456 12511134412468348 12511134891933150
47240683044512 47240683052600 12511134891933574 12511135370145998 140736273982080 140736273982160 12511135370146010 12511135849037876

5 140722616908480 12511126573471160 12511127041917070 4 5 12511127041917082 12511127516258920
47785521966848 140722616908464 12511127516259324 12511127990063636 10 10 12511127990063648 12511128464405262
4 60 12511128464405698 12511128938680600 2667321352 4131212846 12511128938680612 12511129413342418
10 47785506451136 12511129413342838 12511129888579798 47785506282379 47785506282379 12511129888579810 12511130363922028
1952205948 0 12511130363922496 12511130839568786 140722616908624 47785506442976 12511130839568798 12511131314893110
47785506282379 47785506450728 12511131314893540 12511131790638174 140722616908352 140722616908432 12511131790638186 12511132265781726
47785524188960 47785506442976 12511132265782408 12511132742146024 47785521966536 47785524189984 12511132742184312 12511133217409302
140722616908208 47785506280532 12511133217409710 12511133693169864 47785506280532 47785524240696 12511133693169876 12511134168463346
47785521966752 47785521974840 12511134168463820 12511134644211198 140722616908624 140722616908704 12511134644211210 12511135119553062

5 140734806921456 12511154828253334 12511155299640512 4 5 12511155299640524 12511155776996112
47923134144256 140734806921440 12511155776996552 12511156253679518 10 10 12511156253679530 12511156730988012
4 60 12511156730990416 12511157207830110 2667321352 4131212846 12511157207830122 12511157685368764
10 47923118628544 12511157685370570 12511158162191374 47923118459787 47923118459787 12511158162191386 12511158640944832
1952205948 0 12511158640945296 12511159118770382 140734806921600 47923118620384 12511159118770394 12511159598449576
47923118459787 47923118628136 12511159598451928 12511160076501202 140734806921328 140734806921408 12511160076501214 12511160555147474
47923136366368 47923118620384 12511160555147966 12511161033933196 47923134143944 47923136367392 12511161033971666 12511161512965868
140734806921184 47923118457940 12511161512966346 12511161991061238 47923118457940 47923136418104 12511161991061250 12511162469618556
47923134144160 47923134152248 12511162469618924 12511162948213934 140734806921600 140734806921680 12511162948213946 12511163428395610

5 140725014368096 12511142445844208 12511142916683404 4 5 12511142916683416 12511143393715106
47560801136384 140725014368080 12511143393717492 12511143870265216 10 10 12511143870265228 12511144348647332
4 60 12511144348649726 12511144826263722 2667321352 4131212846 12511144826263734 12511145304669150
10 47560785620672 12511145304669612 12511145782340164 47560785451915 47560785451915 12511145782340176 12511146261283184
1952205948 0 12511146261283592 12511146738575060 140725014368240 47560785612512 12511146738575072 12511147217670394
47560785451915 47560785620264 12511147217670828 12511147695238714 140725014367968 140725014368048 12511147695238726 12511148172724556
47560803358496 47560785612512 12511148172726938 12511148651271672 47560801136072 47560803359520 12511148651314452 12511149129519972
140725014367824 47560785450068 12511149129557278 12511149608088834 47560785450068 47560803410232 12511149608088846 12511150085963062
47560801136288 47560801144376 12511150085965450 12511150564386528 140725014368240 140725014368320 12511150564386540 12511151042217948

5 140724913982720 12511066928521452 12511067430054082 4 5 12511067430054096 12511067931401984
46936554872576 140724913982704 12511067931402396 12511068437685206 10 10 12511068437685218 12511068942948882
4 60 12511068942949342 12511069449590956 2667321352 4131212846 12511069449590970 12511069955243080
10 46936539356864 12511069955245516 12511070461488450 46936539188107 46936539188107 12511070461488496 12511070967004334
1952205948 0 12511070967004756 12511071451267154 140724913982864 46936539348704 12511071451267166 12511071927181336
46936539188107 46936539356456 12511071927181846 12511072401755504 140724913982592 140724913982672 12511072401755550 12511072877177824
46936557094688 46936539348704 12511072877178888 12511073352637594 46936554872264 46936557095712 12511073352676760 12511073828198804
140724913982448 46936539186260 12511073828199292 12511074302977394 46936539186260 46936557146424 12511074302977406 12511074778255877
46936554872480 46936554880568 12511074778256364 12511075253070844 140724913982864 140724913982944 12511075253075540 12511075728027486

5 140723894149296 12511051836269050 12511052305784160 4 5 12511052305784206 12511052779324758
47481345883904 140723894149280 12511052779327248 12511053254068688 10 10 12511053254068700 12511053727709176
4 60 12511053727709644 12511054202377746 2667321352 4131212846 12511054202377758 12511054676963774
10 47481330368192 12511054676964262 12511055152597452 47481330199435 47481330199435 12511055152597464 12511055628915560
1952205948 0 12511055628918000 12511056104167626 140723894149440 47481330360032 12511056104167672 12511056580590694
47481330199435 47481330367784 12511056580591188 12511057055548154 140723894149168 140723894149248 12511057055548166 12511057531270264
47481348106016 47481330360032 12511057531274614 12511058007006086 47481345883592 47481348107040 12511058007043108 12511058484112784
140723894149024 47481330197588 12511058484113268 12511058959406304 47481330197588 47481348157752 12511058959406350 12511059435346670
47481345883808 47481345891896 12511059435347196 12511059910364686 140723894149440 140723894149520 12511059910364698 12511060386624474

5 140733707707680 12511053000570088 12511053472871100 4 5 12511053472871112 12511053951564550
46919520669440 140733707707664 12511053951566952 12511054429978642 10 10 12511054429978688 12511054908297910
4 60 12511054908298354 12511055387687290 2667321352 4131212846 12511055387687336 12511055866004048
10 46919505153728 12511055866004866 12511056344719218 46919504984971 46919504984971 12511056344719264 12511056822881568
1952205948 0 12511056822882052 12511057301620064 140733707707824 46919505145568 12511057301620076 12511057780516262
46919504984971 46919505153320 12511057780516744 12511058259279618 140733707707552 140733707707632 12511058259279630 12511058737116388
46919522891552 46919505145568 12511058737116848 12511059216074120 46919520669128 46919522892576 12511059216115494 12511059695156986
140733707707408 46919504983124 12511059695157576 12511060174311286 46919504983124 46919522943288 12511060174311298 12511060652588480
46919520669344 46919520677432 12511060652588954 12511061131546550 140733707707824 140733707707904 12511061131546562 12511061610079534

5 140727729286896 12511177936581128 12511178409400746 4 5 12511178409400758 12511178882233632
47457560616704 140727729286880 12511178882234044 12511179357303330 10 10 12511179357303342 12511179835769384
4 60 12511179835769870 12511180314603356 2667321352 4131212846 12511180314603368 12511180792985168
10 47457545100992 12511180792985658 12511181271772064 47457544932235 47457544932235 12511181271772110 12511181750241480
1952205948 0 12511181750241922 12511182228993673 140727729287040 47457545092832 12511182228993691 12511182707201556
47457544932235 47457545100584 12511182707201990 12511183185888466 140727729286768 140727729286848 12511183185888478 12511183663883712
47457562838816 47457545092832 12511183663886112 12511184142515436 47457560616392 47457562839840 12511184142556298 12511184621434410
140727729286624 47457544930388 12511184621434840 12511185099962336 47457544930388 47457562890552 12511185099962348 12511185577669366
47457560616608 47457560624696 12511185577669804 12511186056621828 140727729287040 140727729287120 12511186056621840 12511186534842410

5 140734763634768 12511071604568748 12511072075796174 4 5 12511072075796186 12511072552875230
47107895217920 140734763634752 12511072552877690 12511073029898164 10 10 12511073029898210 12511073507304648
4 60 12511073507307100 12511073984613790 2667321352 4131212846 12511073984613802 12511074463487276
10 47107879702208 12511074463489694 12511074942027040 47107879533451 47107879533451 12511074942027052 12511075421360348
1952205948 0 12511075421362758 12511075899236072 140734763634912 47107879694048 12511075899236084 12511076378195396
47107879533451 47107879701800 12511076378197792 12511076855802432 140734763634640 140734763634720 12511076855802478 12511077333208036
47107897440032 47107879694048 12511077333208478 12511077812692768 47107895217608 47107897441056 12511077812734914 12511078291552482
140734763634496 47107879531604 12511078291553058 12511078770308328 47107879531604 47107897491768 12511078770308340 12511079248224428
47107895217824 47107895225912 12511079248226828 12511079727171912 140734763634912 140734763634992 12511079727171958 12511080205685058

5 140720573874784 12511010694833130 12511011197650572 4 5 12511011197650618 12511011702299084
47069632638720 140720573874768 12511011702299510 12511012209748564 10 10 12511012209748578 12511012714648814
4 60 12511012714651200 12511013222385172 2667321352 4131212846 12511013222385184 12511013729363492
10 47069617123008 12511013729363922 12511014238869816 47069616954251 47069616954251 12511014238869830 12511014746276972
1952205948 0 12511014746280708 12511015256244502 140720573874928 47069617114848 12511015256244514 12511015764512598
47069616954251 47069617122600 12511015764513030 12511016273612242 140720573874656 140720573874736 12511016273612254 12511016780870170
47069634860832 47069617114848 12511016780918286 12511017290210476 47069632638408 47069634861856 12511017290210490 12511017797618140
140720573874512 47069616952404 12511017797618570 12511018306578524 47069616952404 47069634912568 12511018306578538 12511018814475318
47069632638624 47069632646712 12511018814475740 12511019302955750 140720573874928 140720573875008 12511019302955762 12511019781369496

5 140733598614864 12510999586172872 12511000077696738 4 5 12511000077696750 12511000553284080
46929101364992 140733598614848 12511000553284490 12511001028316192 10 10 12511001028316204 12511001503109850
4 60 12511001503110330 12511001979037316 2667321352 4131212846 12511001979037328 12511002454285986
10 46929085849280 12511002454286426 12511002930109710 46929085680523 46929085680523 12511002930109722 12511003405189546
1952205948 0 12511003405191948 12511003880841636 140733598615008 46929085841120 12511003880841648 12511004356160672
46929085680523 46929085848872 12511004356161090 12511004831496460 140733598614736 140733598614816 12511004831496472 12511005306112776
46929103587104 46929085841120 12511005306113190 12511005781961352 46929101364680 46929103588128 12511005782000568 12511006256796398
140733598614592 46929085678676 12511006256796836 12511006732458816 46929085678676 46929103638840 12511006732458828 12511007207698896
46929101364896 46929101372984 12511007207699318 12511007682743040 140733598615008 140733598615088 12511007682743086 12511008158008466

5 140725887679040 12511045924322322 12511046395969794 4 5 12511046395969806 12511046872079084
47397040000768 140725887679024 12511046872079596 12511047349478250 10 10 12511047349478262 12511047826062666
4 60 12511047826065032 12511048303625738 2667321352 4131212846 12511048303625750 12511048780137036
10 47397024485056 12511048780139416 12511049256931906 47397024316299 47397024316299 12511049256931952 12511049733434302
1952205948 0 12511049733434788 12511050211015472 140725887679184 47397024476896 12511050211015484 12511050690714962
47397024316299 47397024484648 12511050690715434 12511051168394904 140725887678912 140725887678992 12511051168394916 12511051646951544
47397042222880 47397024476896 12511051646951956 12511052124818512 47397040000456 47397042223904 12511052124856252 12511052603342500
140725887678768 47397024314452 12511052603342986 12511053081111586 47397024314452 47397042274616 12511053081111598 12511053559925658
47397040000672 47397040008760 12511053559928118 12511054037693438 140725887679184 140725887679264 12511054037693450 12511054516242904

5 140720408110672 12511057744322262 12511058247746552 4 5 12511058247746564 12511058772229537
47452210728704 140720408110656 12511058772229867 12511059291171462 10 10 12511059291171476 12511059788936468
4 60 12511059788936884 12511060298007150 2667321352 4131212846 12511060298007196 12511060795174248
10 47452195212992 12511060795174668 12511061273887180 47452195044235 47452195044235 12511061273887192 12511061751580384
1952205948 0 12511061751580800 12511062229898542 140720408110816 47452195204832 12511062229898554 12511062707769576
47452195044235 47452195212584 12511062707769994 12511063186446056 140720408110544 140720408110624 12511063186446102 12511063664688974
47452212950816 47452195204832 12511063664689426 12511064143654940 47452210728392 47452212951840 12511064143699968 12511064621445796
140720408110400 47452195042388 12511064621446230 12511065100171550 47452195042388 47452213002552 12511065100171562 12511065578005488
47452210728608 47452210736696 12511065578005920 12511066056600686 140720408110816 140720408110896 12511066056600698 12511066534687146

5 140727495582688 12511100845523128 12511101316928426 4 5 12511101316928438 12511101794394616
47727978491648 140727495582672 12511101794395048 12511102271608062 10 10 12511102271608074 12511102748840978
4 60 12511102748841372 12511103225396308 2667321352 4131212846 12511103225396320 12511103702658116
10 47727962975936 12511103702658466 12511104179189200 47727962807179 47727962807179 12511104179189246 12511104657194780
1952205948 0 12511104657197156 12511105134830910 140727495582832 47727962967776 12511105134830922 12511105613994464
47727962807179 47727962975528 12511105613996860 12511106091816124 140727495582560 140727495582640 12511106091816136 12511106569858820
47727980713760 47727962967776 12511106569859290 12511107049024334 47727978491336 47727980714784 12511107049075112 12511107532567080
140727495582416 47727962805332 12511107532567484 12511107996280814 47727962805332 47727980765496 12511107996280860 12511108463142312
47727978491552 47727978499640 12511108463142696 12511108946260536 140727495582832 140727495582912 12511108946260548 12511109428491950

5 140721767660624 3146357174907410 3146357646151486 4 5 3146357646151498 3146358122861688
47473079287552 140721767660608 3146358122864096 3146358599416366 10 10 3146358599416412 3146359076246890
4 60 3146359076247280 3146359552722350 2667321352 4131212846 3146359552722362 3146360029969334
10 47473063771840 3146360029971718 3146360505887734 47473063603083 47473063603083 3146360505887746 3146360983314432
1952205948 0 3146360983316834 3146361461151562 140721767660768 47473063763680 3146361461151574 3146361938697558
47473063603083 47473063771432 3146361938698056 3146362416802568 140721767660496 140721767660576 3146362416802580 3146362895547952
47473081509664 47473063763680 3146362895550378 3146363374614200 47473079287240 47473081510688 3146363374656836 3146363852839574
140721767660352 47473063601236 3146363852841992 3146364330838448 47473063601236 47473081561400 3146364330838460 3146364808448602
47473079287456 47473079295544 3146364808448998 3146365286485746 140721767660768 140721767660848 3146365286485792 3146365763975394

5 140732930980160 12511075331498198 12511075800401054 4 5 12511075800401066 12511076275091028
47504788016896 140732930980144 12511076275091450 12511076749658722 10 10 12511076749658734 12511077224042072
4 60 12511077224042562 12511077698431224 2667321352 4131212846 12511077698431270 12511078174226738
10 47504772501184 12511078174227176 12511078649488673 47504772332427 47504772332427 12511078649488691 12511079130851119
1952205948 0 12511079130851508 12511079601383552 140732930980304 47504772493024 12511079601383581 12511080060306882
47504772332427 47504772500776 12511080060307256 12511080533710108 140732930980032 140732930980112 12511080533710120 12511081009914256
47504790239008 47504772493024 12511081009916638 12511081486164984 47504788016584 47504790240032 12511081486207224 12511081961236130
140732930979888 47504772330580 12511081961237058 12511082437173906 47504772330580 47504790290744 12511082437173918 12511082912420324
47504788016800 47504788024888 12511082912420728 12511083388206118 140732930980304 140732930980384 12511083388206130 12511083863606092

5 140720865129296 12511025043967088 12511025516163274 4 5 12511025516163286 12511025992312612
47843320626944 140720865129280 12511025992315006 12511026469501990 10 10 12511026469502002 12511026946013964
4 60 12511026946014402 12511027423326715 2667321352 4131212846 12511027423326733 12511027899473364
10 47843305111232 12511027899475750 12511028376027802 47843304942475 47843304942475 12511028376027814 12511028854145862
1952205948 0 12511028854148230 12511029331912356 140720865129440 47843305103072 12511029331912368 12511029811321164
47843304942475 47843305110824 12511029811321604 12511030288790618 140720865129168 140720865129248 12511030288790664 12511030766939402
47843322849056 47843305103072 12511030766941788 12511031245191454 47843320626632 47843322850080 12511031245228894 12511031723972608
140720865129024 47843304940628 12511031723973028 12511032201888168 47843304940628 47843322900792 12511032201888180 12511032680742746
47843320626848 47843320634936 12511032680743136 12511033158409750 140720865129440 140720865129520 12511033158409762 12511033637005570

5 140732846587616 12511001238287728 12511001745581157 4 5 12511001745581178 12511002274669996
47530190520064 140732846587600 12511002274670344 12511002792773058 10 10 12511002792773070 12511003291230776
4 60 12511003291231190 12511003801177838 2667321352 4131212846 12511003801177852 12511004308941526
10 47530175004352 12511004308941930 12511004818631244 47530174835595 47530174835595 12511004818631258 12511005326368948
1952205948 0 12511005326369354 12511005835462066 140732846587760 47530174996192 12511005835462078 12511006344060864
47530174835595 47530175003944 12511006344061284 12511006852965152 140732846587488 140732846587568 12511006852965166 12511007349913566
47530192742176 47530174996192 12511007349951682 12511007828636170 47530190519752 47530192743200 12511007828636182 12511008307181402
140732846587344 47530174833748 12511008307183840 12511008785424126 47530174833748 47530192793912 12511008785424138 12511009264166428
47530190519968 47530190528056 12511009264167468 12511009742081116 140732846587760 140732846587840 12511009742081128 12511010220831592

5 140720966081824 12511063353542628 12511063824206868 4 5 12511063824206880 12511064299325868
47277898587904 140720966081808 12511064299328264 12511064774913744 10 10 12511064774913756 12511065249855560
4 60 12511065249857918 12511065725148428 2667321352 4131212846 12511065725148440 12511066201199900
10 47277883072192 12511066201200288 12511066676296206 47277882903435 47277882903435 12511066676296218 12511067152186172
1952205948 0 12511067152186612 12511067626963956 140720966081968 47277883064032 12511067626963968 12511068102923910
47277882903435 47277883071784 12511068102924268 12511068577657998 140720966081696 140720966081776 12511068577658010 12511069053296726
47277900810016 47277883064032 12511069053299088 12511069528837502 47277898587592 47277900811040 12511069528874188 12511070004841818
140720966081552 47277882901588 12511070004844218 12511070480566828 47277882901588 47277900861752 12511070480566840 12511070956674234
47277898587808 47277898595896 12511070956676578 12511071431700104 140720966081968 140720966082048 12511071431700150 12511071907382586

5 140721383976960 12511042047700960 12511042549209682 4 5 12511042549209696 12511043050383458
47541584215808 140721383976944 12511043050383872 12511043555651768 10 10 12511043555651782 12511044057027568
4 60 12511044057029944 12511044562181048 2667321352 4131212846 12511044562181062 12511045064112284
10 47541568700096 12511045064114666 12511045569211090 47541568531339 47541568531339 12511045569211136 12511046072012718
1952205948 0 12511046072015078 12511046577046950 140721383977104 47541568691936 12511046577046962 12511047083098724
47541568531339 47541568699688 12511047083099452 12511047589414838 140721383976832 140721383976912 12511047589414884 12511048095185300
47541586437920 47541568691936 12511048095227888 12511048602417646 47541584215496 47541586438944 12511048602417660 12511049107621872
140721383976688 47541568529492 12511049107624252 12511049614992024 47541568529492 47541586489656 12511049614992036 12511050098648790
47541584215712 47541584223800 12511050098649140 12511050574193072 140721383977104 140721383977184 12511050574193084 12511051050136776

5 140723381887184 12510963107427094 12510963575581184 4 5 12510963575582932 12510964049732482
47215272550144 140723381887168 12510964049732922 12510964524009742 10 10 12510964524009788 12510964997621834
4 60 12510964997622316 12510965472209710 2667321352 4131212846 12510965472209722 12510965945940222
10 47215257034432 12510965945940670 12510966421451458 47215256865675 47215256865675 12510966421451470 12510966896421632
1952205948 0 12510966896424034 12510967371954972 140723381887328 47215257026272 12510967371954984 12510967847219278
47215256865675 47215257034024 12510967847221734 12510968323007104 140723381887056 140723381887136 12510968323007116 12510968797848914
47215274772256 47215257026272 12510968797850612 12510969273831694 47215272549832 47215274773280 12510969273871430 12510969749290964
140723381886912 47215256863828 12510969749291462 12510970225024080 47215256863828 47215274823992 12510970225024092 12510970700008824
47215272550048 47215272558136 12510970700009278 12510971174991726 140723381887328 140723381887408 12510971174991738 12510971650774444

5 140732873537824 12511090187394638 12511090658454224 4 5 12511090658454236 12511091134419980
47624929971968 140732873537808 12511091134420448 12511091611329372 10 10 12511091611329384 12511092087643436
4 60 12511092087643838 12511092565069920 2667321352 4131212846 12511092565069966 12511093041413894
10 47624914456256 12511093041414354 12511093519056250 47624914287499 47624914287499 12511093519056262 12511093996270052
1952205948 0 12511093996270498 12511094474430048 140732873537968 47624914448096 12511094474430094 12511094952491688
47624914287499 47624914455848 12511094952492058 12511095430595828 140732873537696 140732873537776 12511095430595840 12511095908268448
47624932194080 47624914448096 12511095908268884 12511096386872068 47624929971656 47624932195104 12511096386906584 12511096864540856
140732873537552 47624914285652 12511096864541354 12511097343116030 47624914285652 47624932245816 12511097343116076 12511097821077350
47624929971872 47624929979960 12511097821077846 12511098299339920 140732873537968 140732873538048 12511098299339932 12511098776965456
