25 48
12510743651443408 12510743651451022 12510743655356002 12510743659043978 12510743651451038 12510743651458308 12510743662090760 12510743665739066
12510743659043990 12510743659058432 12510743668534078 12510743672184848 12510743665739454 12510743665747892 12510743675604216 12510743679410620
12510743672184860 12510743672193004 12510743682701808 12510743686320758 12510743679411114 12510743679419836 12510743689323582 12510743692950282
12510743686320770 12510743686329272 12510743696296058 12510743699921970 12510743692950328 12510743692959740 12510743702828070 12510743706591082
12510743699922016 12510743699929636 12510743709915894 12510743713566978 12510743706593788 12510743706602018 12510743716786192 12510743720541424
12510743713566990 12510743713576552 12510743723972728 12510743727658476 12510743720541467 12510743720551448 12510743730593330 12510743734298780
12510743727658488 12510743727667182 12510743737471282 12510743741174806 12510743734299300 12510743734311062 12510743744607274 12510743748316402
12510743741174818 12510743741183812 12510743751034064 12510743754845330 12510743748317070 12510743748326520 12510743757575305 12510743761329760
12510743754845354 12510743754856050 12510743765142041 12510743768871390 12510743761329806 12510743761338662 12510743771179246 12510743774782264

12510788609593602 12510788609602870 12510788613727228 12510788617357768 12510788609602892 12510788609610824 12510788619572192 12510788623321302
12510788617357780 12510788617372618 12510788626678344 12510788631057066 12510788623321736 12510788623330858 12510788633891390 12510788637492280
12510788631057128 12510788631071264 12510788640994024 12510788644670844 12510788637492682 12510788637501900 12510788647256696 12510788650918676
12510788644670856 12510788644681872 12510788654203306 12510788657835806 12510788650919474 12510788650929178 12510788659944518 12510788663573894
12510788657835818 12510788657845372 12510788668070764 12510788671685180 12510788663573922 12510788663583354 12510788675171564 12510788679014542
12510788671685192 12510788671694512 12510788682364078 12510788686131380 12510788679015110 12510788679025054 12510788688930158 12510788692716540
12510788686133702 12510788686142136 12510788695177234 12510788698909430 12510788692717108 12510788692724472 12510788703777706 12510788707619886
12510788698909442 12510788698919110 12510788710268198 12510788713994782 12510788707619978 12510788707631326 12510788717836318 12510788721528232
12510788713994828 12510788714004152 12510788723931306 12510788727618246 12510788721528294 12510788721537868 12510788731272676 12510788734860070

12510706299851406 12510706299860150 12510706303351787 12510706307027016 12510706299860166 12510706299869300 12510706310077104 12510706313702766
12510706307027028 12510706307039818 12510706317077254 12510706320938458 12510706313702866 12510706313712626 12510706323701896 12510706327539554
12510706320938492 12510706320945554 12510706330752854 12510706334354306 12510706327540106 12510706327549242 12510706337147726 12510706340820028
12510706334354352 12510706334361994 12510706344098663 12510706347964540 12510706340820088 12510706340825850 12510706350683630 12510706354320424
12510706347964552 12510706347971608 12510706358944240 12510706362604826 12510706354321302 12510706354327858 12510706364334188 12510706368192102
12510706362604838 12510706362614216 12510706372841342 12510706376574320 12510706368192314 12510706368199926 12510706378497928 12510706382190838
12510706376574332 12510706376583990 12510706386633878 12510706390337384 12510706382190868 12510706382198848 12510706393296793 12510706397108932
12510706390339752 12510706390348204 12510706400013327 12510706403887978 12510706397109614 12510706397115658 12510706406661934 12510706410400444
12510706403888024 12510706403897068 12510706414331346 12510706418022194 12510706410400510 12510706410408728 12510706419802966 12510706423421326

12510734069592938 12510734069600938 12510734073279625 12510734076962698 12510734069601002 12510734069608310 12510734079731963 12510734083392178
12510734076962744 12510734076974454 12510734086651866 12510734090456158 12510734083392472 12510734083399534 12510734093303443 12510734096952334
12510734090456180 12510734090465062 12510734100261722 12510734103847298 12510734096952924 12510734096964560 12510734106548888 12510734110193920
12510734103847310 12510734103854684 12510734113341022 12510734117228326 12510734110194528 12510734110203126 12510734119878498 12510734123503388
12510734117228356 12510734117234806 12510734128188056 12510734131848476 12510734123504032 12510734123513206 12510734134999274 12510734138759918
12510734131848488 12510734131858630 12510734142528538 12510734146317782 12510734138760544 12510734138768906 12510734148315328 12510734152097166
12510734146317802 12510734146327266 12510734155698454 12510734159414048 12510734152097782 12510734152104568 12510734162663278 12510734166425770
12510734159414060 12510734159422172 12510734169253194 12510734173053448 12510734166426374 12510734166434708 12510734176104422 12510734179876262
12510734173053460 12510734173062402 12510734182871260 12510734186617352 12510734179876888 12510734179884400 12510734189124568 12510734192853746

12510733403414864 12510733403423770 12510733407209118 12510733410842898 12510733403423782 12510733403432018 12510733413707934 12510733417318828
12510733410842910 12510733410854706 12510733420147534 12510733423939990 12510733417319290 12510733417328086 12510733426707388 12510733430423092
12510733423940050 12510733423951728 12510733433469818 12510733437235250 12510733430423630 12510733430430520 12510733440943090 12510733444545520
12510733437235296 12510733437242584 12510733447812220 12510733451549376 12510733444545546 12510733444556040 12510733454965482 12510733458626746
12510733451549764 12510733451558946 12510733462124896 12510733465785600 12510733458627362 12510733458635638 12510733468982670 12510733472738923
12510733465785952 12510733465795160 12510733475762568 12510733479442094 12510733472739853 12510733472750452 12510733482773072 12510733486449142
12510733479442154 12510733479452036 12510733489715800 12510733493409988 12510733486449594 12510733486458630 12510733496360020 12510733500171432
12510733493410014 12510733493417808 12510733503255390 12510733506935062 12510733500172100 12510733500184310 12510733509831922 12510733513500820
12510733506935120 12510733506946702 12510733516880584 12510733520555132 12510733513501458 12510733513509768 12510733522698242 12510733526469896

12510761657245088 12510761657253510 12510761661849332 12510761665334324 12510761657253522 12510761657260014 12510761667795738 12510761671329616
12510761665334336 12510761665347004 12510761674562304 12510761678022160 12510761671330020 12510761671338248 12510761681295926 12510761684792936
12510761678022488 12510761678029674 12510761687804495 12510761691426384 12510761684792964 12510761684801294 12510761694639578 12510761698204570
12510761691426704 12510761691435342 12510761702934306 12510761706623292 12510761698204617 12510761698214197 12510761709471004 12510761712983390
12510761706623304 12510761706635832 12510761716421024 12510761720143806 12510761712983938 12510761712993814 12510761723295334 12510761726837326
12510761720143818 12510761720152854 12510761730252004 12510761733784618 12510761726837826 12510761726846526 12510761737131042 12510761740812762
12510761733784932 12510761733797090 12510761743928180 12510761747427700 12510761740812830 12510761740824744 12510761750449806 12510761753950534
12510761747427768 12510761747436430 12510761757504770 12510761761140068 12510761753950884 12510761753960438 12510761764273462 12510761767960726
12510761761140098 12510761761148784 12510761771271830 12510761774750142 12510761767960926 12510761767971954 12510761777438938 12510761780905830

12510749275081876 12510749275091251 12510749279398988 12510749283344816 12510749275091269 12510749275098819 12510749285894614 12510749289777174
12510749283344834 12510749283357956 12510749292775690 12510749296479187 12510749289777599 12510749289785491 12510749299616351 12510749303415517
12510749296479205 12510749296486948 12510749307249831 12510749310979803 12510749303415571 12510749303423959 12510749313830493 12510749317586486
12510749310979821 12510749310987942 12510749320985530 12510749324800461 12510749317587119 12510749317596179 12510749327908073 12510749331652846
12510749324800479 12510749324812136 12510749334745254 12510749338482726 12510749331652902 12510749331659424 12510749341789375 12510749345516340
12510749338483101 12510749338491635 12510749348384633 12510749352121243 12510749345516384 12510749345524999 12510749355457750 12510749359185339
12510749352123588 12510749352130986 12510749362191302 12510749365948447 12510749359186011 12510749359193689 12510749369123811 12510749372831265
12510749365948501 12510749365958479 12510749375970802 12510749379701642 12510749372831521 12510749372838750 12510749382557556 12510749386288301
12510749379701698 12510749379709528 12510749389957635 12510749393691134 12510749386288319 12510749386295587 12510749395518155 12510749399230224

12510673760035639 12510673760042883 12510673764961397 12510673768657842 12510673760042904 12510673760050226 12510673771071022 12510673774812743
12510673768657860 12510673768669734 12510673778087421 12510673781769060 12510673774812788 12510673774822359 12510673784832282 12510673788732775
12510673781769083 12510673781775427 12510673791995842 12510673795742538 12510673788733060 12510673788741633 12510673798897087 12510673802642591
12510673795742906 12510673795751990 12510673805785916 12510673809535636 12510673802643048 12510673802650085 12510673812587062 12510673816546360
12510673809535666 12510673809543371 12510673819677663 12510673823406731 12510673816546948 12510673816556605 12510673826870879 12510673830605680
12510673823406749 12510673823416228 12510673833259391 12510673837000533 12510673830606007 12510673830615230 12510673840246414 12510673843984326
12510673837000913 12510673837008205 12510673847265954 12510673851011900 12510673843984344 12510673843993294 12510673853792251 12510673857556335
12510673851011918 12510673851020984 12510673860338192 12510673864166165 12510673857557149 12510673857565900 12510673867652254 12510673871576501
12510673864166206 12510673864176378 12510673874829300 12510673878558841 12510673871577044 12510673871586609 12510673880484095 12510673884210394

12510658668205434 12510658668213698 12510658673113959 12510658676840882 12510658668213746 12510658668220968 12510658679444192 12510658683124808
12510658676840894 12510658676858020 12510658685914254 12510658689515808 12510658683124896 12510658683132054 12510658693253104 12510658696865122
12510658689515854 12510658689524176 12510658699882692 12510658703524370 12510658696865364 12510658696876562 12510658706462574 12510658710070548
12510658703524716 12510658703533106 12510658713129638 12510658716927832 12510658710070560 12510658710081778 12510658720090844 12510658723705444
12510658716927862 12510658716938946 12510658727262264 12510658730870946 12510658723705472 12510658723713560 12510658733552726 12510658737144148
12510658730870958 12510658730878438 12510658741020656 12510658744744788 12510658737144176 12510658737154020 12510658747634798 12510658751258312
12510658744744854 12510658744753642 12510658754835064 12510658758445966 12510658751258428 12510658751265574 12510658761685538 12510658765296860
12510658758446032 12510658758454680 12510658768450046 12510658772079936 12510658765297274 12510658765304344 12510658774880858 12510658778754858
12510658772080002 12510658772088890 12510658782410466 12510658786024992 12510658778755040 12510658778768924 12510658788207864 12510658791834196

12510659832368151 12510659832377713 12510659836909807 12510659840678838 12510659832377731 12510659832385593 12510659843182891 12510659847220723
12510659840678856 12510659840694777 12510659850212197 12510659854765144 12510659847221109 12510659847233592 12510659857538626 12510659861231154
12510659854765554 12510659854778148 12510659863926858 12510659867602402 12510659861231166 12510659861240524 12510659870744562 12510659874386966
12510659867602812 12510659867611544 12510659877581204 12510659881530120 12510659874387700 12510659874397052 12510659884476546 12510659888312524
12510659881530538 12510659881541806 12510659891114856 12510659894921865 12510659888313246 12510659888325470 12510659897879816 12510659901774494
12510659894922296 12510659894959288 12510659904730141 12510659908559722 12510659901775176 12510659901785328 12510659911674772 12510659915346526
12510659908560184 12510659908569430 12510659918230144 12510659921889982 12510659915346908 12510659915355578 12510659925523248 12510659929197580
12510659921890402 12510659921900810 12510659932075432 12510659935787308 12510659929198290 12510659929208296 12510659938681284 12510659942340332
12510659935789704 12510659935799230 12510659945136146 12510659948793516 12510659942341080 12510659942349922 12510659951470504 12510659955041170

12510784764322856 12510784764332102 12510784768166972 12510784771672480 12510784764332164 12510784764346722 12510784775045778 12510784778549786
12510784771672492 12510784771683966 12510784781603328 12510784785126754 12510784778549920 12510784778559180 12510784788864116 12510784792374510
12510784785126766 12510784785133200 12510784794921418 12510784798488256 12510784792374552 12510784792383562 12510784802157080 12510784805645582
12510784798488268 12510784798496176 12510784808605614 12510784812093276 12510784805645662 12510784805656488 12510784816559838 12510784820059990
12510784812093322 12510784812101386 12510784823143790 12510784826665214 12510784820060464 12510784820070960 12510784830330992 12510784833833306
12510784826665226 12510784826678208 12510784837544420 12510784841174798 12510784833833538 12510784833843476 12510784844287286 12510784847866752
12510784841174866 12510784841185062 12510784850666584 12510784854221638 12510784847866944 12510784847875714 12510784857667822 12510784861184784
12510784854221650 12510784854229760 12510784864760406 12510784868480008 12510784861184828 12510784861192924 12510784870916656 12510784874586514
12510784868480072 12510784868489238 12510784878222514 12510784881728096 12510784874586952 12510784874595260 12510784884360112 12510784887832212

12510678435567382 12510678435576644 12510678439480245 12510678443170742 12510678435576682 12510678435583514 12510678445803936 12510678449444468
12510678443170790 12510678443184736 12510678453128486 12510678457066426 12510678449445746 12510678449456082 12510678460166368 12510678463922152
12510678457066472 12510678457075316 12510678467350242 12510678471159744 12510678463922190 12510678463931814 12510678473870911 12510678477764506
12510678471159756 12510678471167740 12510678481092628 12510678484740972 12510678477765100 12510678477773696 12510678488087316 12510678491756224
12510678484741438 12510678484751148 12510678495249778 12510678498947992 12510678491756770 12510678491765040 12510678501622456 12510678505294494
12510678498948370 12510678498956546 12510678509163799 12510678512909794 12510678505294540 12510678505304180 12510678516471890 12510678520296530
12510678512910206 12510678512917938 12510678522928254 12510678526892894 12510678520297008 12510678520304604 12510678529965608 12510678533653534
12510678526892906 12510678526901772 12510678536087806 12510678539937966 12510678533653576 12510678533660714 12510678543497852 12510678547146628
12510678539938380 12510678539948126 12510678549821382 12510678553486868 12510678547147124 12510678547154438 12510678556926568 12510678560547230

12510617527631160 12510617527638816 12510617531350810 12510617534960886 12510617527638828 12510617527645692 12510617538228218 12510617541880902
12510617534960932 12510617534972172 12510617545499022 12510617549227284 12510617541880940 12510617541888700 12510617551665613 12510617555612680
12510617549227390 12510617549235670 12510617559697126 12510617563302650 12510617555612742 12510617555622854 12510617566339066 12510617569971180
12510617563303030 12510617563310636 12510617573798506 12510617577432502 12510617569971580 12510617569980108 12510617580718992 12510617584355064
12510617577432562 12510617577443076 12510617587111838 12510617590787110 12510617584355690 12510617584364628 12510617594089042 12510617597878388
12510617590787310 12510617590795652 12510617601113726 12510617604733198 12510617597878558 12510617597886910 12510617608303212 12510617611955286
12510617604733210 12510617604742384 12510617614679064 12510617618296926 12510617611955314 12510617611965866 12510617621756642 12510617625398004
12510617618297306 12510617618305930 12510617628088192 12510617631703306 12510617625398296 12510617625407550 12510617635252526 12510617638878472
12510617631703330 12510617631712986 12510617642053586 12510617645703016 12510617638879046 12510617638886686 12510617648060782 12510617651619720

12510606419216025 12510606419223492 12510606423766802 12510606427514311 12510606419223510 12510606419231732 12510606430564060 12510606434340930
12510606427514329 12510606427530306 12510606437642704 12510606441409810 12510606434341447 12510606434351788 12510606444197533 12510606447974504
12510606441410208 12510606441417491 12510606451044691 12510606454756674 12510606447974870 12510606447985356 12510606457673125 12510606461489601
12510606454757075 12510606454767971 12510606465209283 12510606468962361 12510606461489968 12510606461501032 12510606472130299 12510606475980314
12510606468962774 12510606468973587 12510606479513101 12510606483236530 12510606475980712 12510606475991843 12510606486179160 12510606489968991
12510606483236548 12510606483245400 12510606492988832 12510606496721782 12510606489969354 12510606489978506 12510606499826043 12510606503567282
12510606496722180 12510606496730990 12510606506644598 12510606510409490 12510606503567790 12510606503576470 12510606513181105 12510606516923114
12510606510409891 12510606510418716 12510606520189094 12510606523925686 12510606516925705 12510606516935133 12510606527501260 12510606531262874
12510606523926093 12510606523933902 12510606534003456 12510606537761285 12510606531263564 12510606531274430 12510606539807681 12510606543510051

12510652755841357 12510652755850227 12510652760495683 12510652764221112 12510652755850253 12510652755857094 12510652767300956 12510652771112862
12510652764221135 12510652764237606 12510652774390059 12510652778173003 12510652771113400 12510652771123612 12510652780993183 12510652784761239
12510652778173021 12510652778183911 12510652787780187 12510652791562242 12510652784761795 12510652784771048 12510652794485932 12510652798274996
12510652791562260 12510652791571962 12510652801952139 12510652805743465 12510652798275585 12510652798285408 12510652808877380 12510652812660636
12510652805743483 12510652805753613 12510652816253982 12510652820035600 12510652812663420 12510652812672563 12510652822931132 12510652826701729
12510652820035618 12510652820044493 12510652829726246 12510652833524649 12510652826704502 12510652826714331 12510652836166044 12510652839914493
12510652833524667 12510652833534099 12510652843030814 12510652846788447 12510652839915307 12510652839924682 12510652849938479 12510652853984436
12510652846788821 12510652846798282 12510652856531651 12510652860313908 12510652853987223 12510652853997614 12510652863929454 12510652867873012
12510652860313926 12510652860323598 12510652870753532 12510652874529071 12510652867876476 12510652867886766 12510652876321505 12510652880079316

12510664575358590 12510664575365926 12510664580193849 12510664584012469 12510664575365953 12510664575373548 12510664586834549 12510664590642593
12510664584012492 12510664584025073 12510664593678178 12510664597658130 12510664590643167 12510664590650144 12510664600882499 12510664604620069
12510664597658178 12510664597666337 12510664608193409 12510664611941465 12510664604620583 12510664604631304 12510664614617920 12510664618386375
12510664611941483 12510664611949586 12510664621409719 12510664625159656 12510664618386419 12510664618395432 12510664628100896 12510664631845663
12510664625160030 12510664625167197 12510664635226743 12510664638987389 12510664631845939 12510664631856009 12510664642110672 12510664645862353
12510664638987412 12510664638997328 12510664649278417 12510664653020765 12510664645862787 12510664645873588 12510664656510123 12510664660298534
12510664653021128 12510664653029611 12510664663538666 12510664667302426 12510664660298656 12510664660311165 12510664670341543 12510664674208335
12510664667302476 12510664667310909 12510664677600327 12510664681373213 12510664674208522 12510664674217243 12510664684073516 12510664687829464
12510664681373263 12510664681380894 12510664690591166 12510664694347727 12510664687829604 12510664687837125 12510664696640303 12510664700474168

12510707675154658 12510707675162207 12510707679753804 12510707683543191 12510707675162236 12510707675169750 12510707686000154 12510707689837084
12510707683543209 12510707683555703 12510707693633904 12510707697476444 12510707689837583 12510707689845730 12510707700487198 12510707704559295
12510707697476464 12510707697485891 12510707707742114 12510707711463745 12510707704559786 12510707704569706 12510707714838477 12510707718672538
12510707711464173 12510707711472499 12510707721348006 12510707725111683 12510707718672600 12510707718681946 12510707728356413 12510707732213906
12510707725112102 12510707725120615 12510707735040034 12510707738867303 12510707732214286 12510707732224228 12510707742343219 12510707746068662
12510707738867355 12510707738876747 12510707748782996 12510707752719294 12510707746068870 12510707746078400 12510707756533111 12510707760349495
12510707752719345 12510707752728845 12510707763480742 12510707767440738 12510707760349587 12510707760357750 12510707770295165 12510707774038134
12510707767440756 12510707767449251 12510707776868579 12510707780669987 12510707774038292 12510707774046288 12510707783601330 12510707787318712
12510707780670005 12510707780679041 12510707790500423 12510707794374420 12510707787319155 12510707787328580 12510707796512882 12510707800233328

3145964005602062 3145964005610904 3145964009677138 3145964013318074 3145964005610936 3145964005618806 3145964016154282 3145964019840882
3145964013318266 3145964013330644 3145964023250656 3145964026910952 3145964019840950 3145964019850210 3145964029448722 3145964033197328
3145964026911340 3145964026921108 3145964037939296 3145964041551304 3145964033197360 3145964033208036 3145964044988612 3145964048709158
3145964041551656 3145964041561318 3145964051930300 3145964055641870 3145964048709724 3145964048721388 3145964058510948 3145964062199164
3145964055642266 3145964055652932 3145964065130028 3145964068982782 3145964062199176 3145964062208462 3145964072600198 3145964076273410
3145964068982794 3145964068993270 3145964079503774 3145964083241110 3145964076274406 3145964076285590 3145964086874426 3145964090607166
3145964083241504 3145964083254174 3145964093629780 3145964097360364 3145964090608024 3145964090618750 3145964100413846 3145964104109536
3145964097360744 3145964097369800 3145964107461430 3145964111113116 3145964104110346 3145964104119888 3145964113900256 3145964117557228
3145964111113162 3145964111122562 3145964120861738 3145964124567748 3145964117557770 3145964117568804 3145964126647780 3145964130306506

12510682161711420 12510682161719511 12510682165736206 12510682169342706 12510682161719529 12510682161728036 12510682171845890 12510682175494116
12510682169342718 12510682169356524 12510682179584850 12510682183361402 12510682175494174 12510682175505318 12510682186397892 12510682190046512
12510682183361462 12510682183370442 12510682193596796 12510682197239174 12510682190047004 12510682190057326 12510682201101922 12510682204773076
12510682197239204 12510682197252164 12510682207615338 12510682211331236 12510682204775824 12510682204787688 12510682214672974 12510682218345242
12510682211331262 12510682211339786 12510682221714624 12510682225387798 12510682218347732 12510682218357976 12510682228660476 12510682232388778
12510682225387858 12510682225396530 12510682235647812 12510682239338954 12510682232389354 12510682232400308 12510682242281144 12510682245968136
12510682239338978 12510682239350928 12510682248994916 12510682252703820 12510682245968626 12510682245979882 12510682255593976 12510682259383230
12510682252703880 12510682252716794 12510682262601290 12510682266256106 12510682259383892 12510682259396610 12510682269865966 12510682273511104
12510682266256130 12510682266266538 12510682276848392 12510682280490688 12510682273511620 12510682273520658 12510682282688912 12510682286475272

12510631875672215 12510631875679955 12510631879777656 12510631883498340 12510631875679973 12510631875686602 12510631886982259 12510631890728601
12510631883498363 12510631883513960 12510631893955138 12510631897657149 12510631890729097 12510631890738350 12510631901018842 12510631905006972
12510631897657167 12510631897666316 12510631908341022 12510631912084763 12510631905007771 12510631905020221 12510631915223218 12510631918955291
12510631912085634 12510631912094150 12510631921614209 12510631925380114 12510631918955760 12510631918963432 12510631928774290 12510631932493060
12510631925380162 12510631925388229 12510631935389989 12510631939098338 12510631932493256 12510631932503582 12510631942842802 12510631946580083
12510631939098386 12510631939109936 12510631949751507 12510631953513692 12510631946580360 12510631946590950 12510631956368491 12510631960110515
12510631953514075 12510631953522871 12510631963182302 12510631966954411 12510631960111124 12510631960119186 12510631969784884 12510631973516843
12510631966954789 12510631966962948 12510631977735568 12510631981466458 12510631973516861 12510631973526269 12510631984270580 12510631988042437
12510631981466506 12510631981475459 12510631991143480 12510631994890342 12510631988042847 12510631988051827 12510631996738844 12510632000455584

12510608070592417 12510608070600009 12510608074561696 12510608078353747 12510608070600039 12510608070606843 12510608081730165 12510608085580454
12510608078353770 12510608078366197 12510608089206307 12510608092953047 12510608085580879 12510608085588762 12510608096091795 12510608099853888
12510608092953065 12510608092961703 12510608102844641 12510608106725060 12510608099854268 12510608099863082 12510608110259125 12510608114020660
12510608106725083 12510608106733433 12510608116855132 12510608120669573 12510608114021405 12510608114030855 12510608123731912 12510608127467432
12510608120669632 12510608120677477 12510608130579299 12510608134297106 12510608127467898 12510608127476905 12510608137568002 12510608141296099
12510608134297124 12510608134305937 12510608144553161 12510608148300141 12510608141296162 12510608141303792 12510608151369012 12510608155113365
12510608148300159 12510608148307831 12510608158306760 12510608162057555 12510608155113927 12510608155122734 12510608165734749 12510608169477652
12510608162057971 12510608162065269 12510608172503711 12510608176257641 12510608169478021 12510608169485393 12510608179684599 12510608183435507
12510608176257692 12510608176267254 12510608186518752 12510608190290669 12510608183435564 12510608183443717 12510608192485241 12510608196181520

12510670183832218 12510670183839870 12510670188550320 12510670192323444 12510670183839888 12510670183847554 12510670195227950 12510670198973938
12510670192323462 12510670192339178 12510670202623541 12510670206351002 12510670198973956 12510670198983631 12510670209335990 12510670213126849
12510670206351020 12510670206359260 12510670216524119 12510670220274431 12510670213126891 12510670213134902 12510670223477039 12510670227230173
12510670220274454 12510670220283502 12510670230395791 12510670234189387 12510670227230221 12510670227240258 12510670236760158 12510670240503121
12510670234189437 12510670234198049 12510670243799052 12510670247501925 12510670240503174 12510670240512466 12510670250610945 12510670254675369
12510670247501943 12510670247510925 12510670257496880 12510670261274508 12510670254675770 12510670254682548 12510670264789984 12510670268620887
12510670261274874 12510670261286599 12510670271759078 12510670275730957 12510670268621321 12510670268630196 12510670278778501 12510670282475431
12510670275730975 12510670275739535 12510670285879993 12510670289721860 12510670282475862 12510670282486859 12510670292743948 12510670296760586
12510670289721878 12510670289731371 12510670299944972 12510670303674721 12510670296760633 12510670296769354 12510670305797915 12510670309501394

12510648878560153 12510648878568325 12510648883294917 12510648887014798 12510648878568363 12510648878575322 12510648890035133 12510648893831843
12510648887014836 12510648887028775 12510648897376139 12510648901117319 12510648893832304 12510648893839607 12510648904060864 12510648907825382
12510648901117349 12510648901128825 12510648911389664 12510648915142174 12510648907826214 12510648907836477 12510648918457287 12510648922227204
12510648915142207 12510648915150042 12510648925259627 12510648929051696 12510648922228003 12510648922237351 12510648931402547 12510648935157164
12510648929051731 12510648929060182 12510648938184176 12510648942073282 12510648935157607 12510648935167086 12510648945185632 12510648948928025
12510648942073300 12510648942083516 12510648952258952 12510648956074616 12510648948928506 12510648948936725 12510648959332526 12510648963057021
12510648956074978 12510648956084413 12510648966149409 12510648969951591 12510648963057464 12510648963066765 12510648973198754 12510648976945357
12510648969951609 12510648969959852 12510648980045992 12510648983920310 12510648976945487 12510648976954485 12510648986954730 12510648990735376
12510648983920348 12510648983930234 12510648994112922 12510648997880794 12510648990735688 12510648990743271 12510649000285426 12510649003989692

12510569940659628 12510569940667601 12510569944636154 12510569948410629 12510569940667633 12510569940674836 12510569951915232 12510569955681754
12510569948410647 12510569948424527 12510569959298744 12510569962910650 12510569955681766 12510569955693492 12510569965734554 12510569969568242
12510569962911012 12510569962920572 12510569972851016 12510569976455508 12510569969569078 12510569969579554 12510569980189020 12510569983821570
12510569976455520 12510569976466538 12510569987637120 12510569991314002 12510569983822164 12510569983831846 12510569993632894 12510569997314464
12510569991314356 12510569991323176 12510570000526026 12510570004144200 12510569997315094 12510569997327090 12510570007513666 12510570011167116
12510570004146586 12510570004157390 12510570014004131 12510570017768818 12510570011167524 12510570011178808 12510570021005678 12510570024596378
12510570017769208 12510570017777834 12510570028031390 12510570031922058 12510570024596420 12510570024606682 12510570034726080 12510570038336444
12510570031922446 12510570031930864 12510570041539558 12510570045196232 12510570038336482 12510570038346028 12510570048145018 12510570051732612
12510570045196308 12510570045207310 12510570055233000 12510570058829234 12510570051732690 12510570051740428 12510570061329488 12510570064909424

12510697016529108 12510697016535829 12510697020651466 12510697024679861 12510697016535850 12510697016543002 12510697027899199 12510697031700140
12510697024679903 12510697024692454 12510697035281663 12510697039037979 12510697031700235 12510697031708009 12510697041837962 12510697045597007
12510697039037997 12510697039045690 12510697048840178 12510697052608410 12510697045597030 12510697045606500 12510697056416386 12510697060075484
12510697052608841 12510697052616864 12510697062982532 12510697066628448 12510697060075496 12510697060083994 12510697069714710 12510697073370720
12510697066628460 12510697066636316 12510697076527780 12510697080138522 12510697073370770 12510697073381316 12510697083131412 12510697086781048
12510697080138534 12510697080147712 12510697090279494 12510697093899390 12510697086781462 12510697086789052 12510697097015581 12510697101020386
12510697093899754 12510697093907030 12510697104054678 12510697107704794 12510697101021156 12510697101030352 12510697110659520 12510697114293320
12510697107705176 12510697107712284 12510697117686466 12510697121304872 12510697114293428 12510697114301844 12510697124535118 12510697128462170
12510697121304900 12510697121313160 12510697131440708 12510697135082094 12510697128462240 12510697128469838 12510697137862890 12510697141439278
