25 281
12510773220002618 12510773220195854 12510773220912450 12510773266408674 12510773220196018 12510773220410678 12510773266429012 12510773311828810
12510773220913856 12510773221098160 12510773311844156 12510773351763308 12510773266448538 12510773266738288 12510773351780834 12510773389765478
12510773311912736 12510773312206832 12510773389787306 12510773427082812 12510773351856954 12510773352180668 12510773427099026 12510773464407262
12510773389853828 12510773390159742 12510773464417158 12510773501675250 12510773427177750 12510773427490116 12510773501686326 12510773538937924
12510773464443974 12510773464743920 12510773538956388 12510773576336214 12510773501761492 12510773502071906 12510773576346568 12510773613604646
12510773539035800 12510773539369628 12510773613615040 12510773650946896 12510773576411940 12510773576734430 12510773650967792 12510773688947050
12510773613677372 12510773613980502 12510773688965828 12510773726354144 12510773651031810 12510773651345808 12510773726367660 12510773763740122
12510773689032330 12510773689338872 12510773763752760 12510773801039392 12510773726436308 12510773726737598 12510773801053190 12510773838393258
12510773763831268 12510773764148424 12510773838408214 12510773875635566 12510773801132158 12510773801523592 12510773875649102 12510773913085978

12510818178333868 12510818178541448 12510818179210852 12510818224753790 12510818178541528 12510818178734046 12510818224775020 12510818270136690
12510818179212224 12510818179412952 12510818270149156 12510818315582524 12510818224796296 12510818225054836 12510818315592792 12510818361035316
12510818270218998 12510818270546930 12510818361051918 12510818406547466 12510818315660380 12510818315953834 12510818406558080 12510818451977776
12510818361127732 12510818361435640 12510818451987278 12510818497226238 12510818406632986 12510818406916480 12510818497244994 12510818534509020
12510818452061450 12510818452384860 12510818534520636 12510818571774732 12510818497308444 12510818497610436 12510818571788138 12510818609061004
12510818534596174 12510818534912556 12510818609072874 12510818646457142 12510818571855422 12510818572159804 12510818646469502 12510818683862390
12510818609149868 12510818609453828 12510818683879922 12510818721219694 12510818646547308 12510818646856652 12510818721229874 12510818758576316
12510818683949514 12510818684264860 12510818758586890 12510818795928698 12510818721310064 12510818721615486 12510818795939862 12510818834022776
12510818758654620 12510818758962856 12510818834043572 12510818871398822 12510818796018146 12510818796407098 12510818871411694 12510818908796506

12510735868371692 12510735868572116 12510735869248690 12510735914696802 12510735868572202 12510735868784518 12510735914714996 12510735953484238
12510735869250390 12510735869440316 12510735953500342 12510735990859022 12510735914734706 12510735915012682 12510735990870128 12510736028101716
12510735953568306 12510735953862526 12510736028114240 12510736066067110 12510735990947962 12510735991263438 12510736066086646 12510736103369838
12510736028191860 12510736028481516 12510736103379514 12510736140633132 12510736066157466 12510736066472154 12510736140640728 12510736177949778
12510736103457810 12510736103762610 12510736177960874 12510736215174716 12510736140704302 12510736141022838 12510736215184056 12510736252396170
12510736178037652 12510736178333320 12510736252411562 12510736289749424 12510736215252988 12510736215568336 12510736289759624 12510736327028066
12510736252490272 12510736252790520 12510736327040812 12510736365100766 12510736289785856 12510736290107522 12510736365116170 12510736402495724
12510736327116034 12510736327420848 12510736402507396 12510736439880512 12510736365142201 12510736365576034 12510736439889588 12510736477220064
12510736402577114 12510736402936312 12510736477230492 12510736514876182 12510736439969130 12510736440529002 12510736514887442 12510736552346364

12510763638180086 12510763638379832 12510763639123628 12510763684942530 12510763638379874 12510763638596784 12510763684953794 12510763730266264
12510763639125744 12510763639328232 12510763730281456 12510763775729116 12510763685020002 12510763685325964 12510763775739704 12510763820198616
12510763730338360 12510763730606048 12510763820219084 12510763857567846 12510763775761504 12510763776051234 12510763857582042 12510763894807984
12510763820288658 12510763820589298 12510763894819932 12510763932123058 12510763857650874 12510763857973760 12510763932133804 12510763969483002
12510763894902600 12510763895196824 12510763969499920 12510764006814404 12510763932201828 12510763932515996 12510764006824818 12510764044142516
12510763969575186 12510763969862602 12510764044156536 12510764081453746 12510764006889104 12510764007206074 12510764081466898 12510764118794644
12510764044227256 12510764044528862 12510764118807102 12510764156803850 12510764081545514 12510764081899500 12510764156827658 12510764194163988
12510764118876508 12510764119176710 12510764194178142 12510764231478148 12510764156904752 12510764157244920 12510764231491028 12510764268900792
12510764194245386 12510764194543842 12510764268912004 12510764306148886 12510764231568224 12510764231983070 12510764306158772 12510764343451514

12510762972007734 12510762972218272 12510762972876228 12510763018215724 12510762972218364 12510762972404448 12510763018235548 12510763063496876
12510762972877400 12510762973080842 12510763063507568 12510763108784800 12510763018254046 12510763018502178 12510763108793446 12510763154151902
12510763063580213 12510763063931932 12510763154163388 12510763199337150 12510763108856438 12510763109164416 12510763199349822 12510763244136038
12510763154240416 12510763154556706 12510763244154430 12510763281069372 12510763199424998 12510763199724162 12510763281082752 12510763318143630
12510763244218414 12510763244533534 12510763318154176 12510763355200150 12510763281159308 12510763281456956 12510763355213874 12510763392133356
12510763318235763 12510763318563592 12510763392146168 12510763429051592 12510763355290936 12510763355594494 12510763429063670 12510763465876646
12510763392221608 12510763392534700 12510763465888412 12510763502698068 12510763429137598 12510763429441860 12510763502709266 12510763539584866
12510763465967502 12510763466273036 12510763539598926 12510763577206564 12510763502773560 12510763503072126 12510763577226890 12510763614207866
12510763539675672 12510763539989962 12510763614219806 12510763651194464 12510763577293910 12510763577679784 12510763651207138 12510763688080742

12510791225902282 12510791226112718 12510791226842862 12510791272328724 12510791226112812 12510791226293318 12510791272352098 12510791317974142
12510791226844632 12510791227045248 12510791317988142 12510791363394462 12510791272371412 12510791272639310 12510791363405092 12510791409358268
12510791318057702 12510791318371996 12510791409378696 12510791446803944 12510791363472654 12510791363775852 12510791446815822 12510791484177892
12510791409404776 12510791409755724 12510791484190876 12510791521576734 12510791446895028 12510791447185268 12510791521587600 12510791558816092
12510791484269296 12510791484577786 12510791558829604 12510791596129004 12510791521654292 12510791521978638 12510791596144462 12510791633369622
12510791558910600 12510791559227572 12510791633393536 12510791670671488 12510791596220726 12510791596517616 12510791670684642 12510791708006490
12510791633468344 12510791633774826 12510791708019192 12510791746129044 12510791670762376 12510791671062820 12510791746147946 12510791783389402
12510791708095892 12510791708414046 12510791783401042 12510791820616144 12510791746219380 12510791746525634 12510791820627218 12510791857839604
12510791783467742 12510791783770662 12510791857853430 12510791895162046 12510791820705794 12510791821002602 12510791895174958 12510791932496078

12510778843743816 12510778843937104 12510778844620626 12510778890084918 12510778843937190 12510778844133226 12510778890103180 12510778935638774
12510778844622362 12510778844811630 12510778935649098 12510778981033950 12510778890119878 12510778890388746 12510778981047854 12510779026466032
12510778935660348 12510778935901622 12510779026477132 12510779071853818 12510778981127152 12510778981450116 12510779071867538 12510779111077004
12510779026558260 12510779026846476 12510779111101092 12510779148380148 12510779071947742 12510779072268976 12510779148391694 12510779185697812
12510779111177328 12510779111476060 12510779185711530 12510779222948860 12510779148465602 12510779148782204 12510779222960810 12510779260236588
12510779185789250 12510779186076584 12510779260247538 12510779297510720 12510779223024548 12510779223333992 12510779297522488 12510779334774854
12510779260326688 12510779260622012 12510779334790158 12510779372092858 12510779297591368 12510779297916664 12510779372105970 12510779410060642
12510779334869188 12510779335167360 12510779410080134 12510779447326900 12510779372187684 12510779372504282 12510779447340184 12510779484743466
12510779410146514 12510779410442064 12510779484754182 12510779521991612 12510779447419446 12510779447830086 12510779522002820 12510779559319098

12510703328536754 12510703328733422 12510703329413264 12510703374587594 12510703328733468 12510703328940740 12510703374608348 12510703419583864
12510703329415036 12510703329619854 12510703419605960 12510703456543302 12510703374624830 12510703374888232 12510703456554860 12510703493418484
12510703419677074 12510703419987414 12510703493433636 12510703530288142 12510703456628288 12510703456935296 12510703530301334 12510703567182744
12510703493514188 12510703493830136 12510703567197404 12510703604033392 12510703530371984 12510703530680860 12510703604042652 12510703640859148
12510703567275654 12510703567590502 12510703640870294 12510703677846820 12510703604112642 12510703604402926 12510703677861914 12510703714771662
12510703640949766 12510703641261690 12510703714786694 12510703752418226 12510703677936798 12510703678232030 12510703752441828 12510703789276652
12510703714859052 12510703715183192 12510703789288604 12510703826123240 12510703752518266 12510703752817338 12510703826136516 12510703863088698
12510703789357944 12510703789666990 12510703863106466 12510703900018316 12510703826216128 12510703826505868 12510703900034772 12510703937149694
12510703863172732 12510703863485254 12510703937157928 12510703974064620 12510703900110298 12510703900499916 12510703974076874 12510704010976208

12510688236688070 12510688236883312 12510688237609266 12510688282814876 12510688236883390 12510688237095674 12510688282837910 12510688328082646
12510688237610790 12510688237793510 12510688328096448 12510688369971284 12510688282857400 12510688283128132 12510688369991732 12510688406956648
12510688328108322 12510688328354544 12510688406968878 12510688443855126 12510688370066914 12510688370387250 12510688443868286 12510688480861792
12510688407046610 12510688407340220 12510688480874180 12510688517799992 12510688443948524 12510688444264400 12510688517812472 12510688554808802
12510688480940384 12510688481230996 12510688554818380 12510688592107484 12510688517891188 12510688518194656 12510688592120856 12510688629042320
12510688554881914 12510688555187164 12510688629053464 12510688665958818 12510688592194632 12510688592534706 12510688665970626 12510688703501322
12510688629132168 12510688629431396 12510688703524104 12510688740363414 12510688666049088 12510688666353200 12510688740379932 12510688777303932
12510688703601588 12510688703904152 12510688777315104 12510688814185438 12510688740392820 12510688740654830 12510688814198214 12510688851245066
12510688777373814 12510688777657164 12510688851257398 12510688888172064 12510688814276960 12510688814658806 12510688888188000 12510688925120970

12510689400847132 12510689401038938 12510689401720680 12510689447293098 12510689401039026 12510689401241374 12510689447313522 12510689492764144
12510689401722080 12510689401917686 12510689492777286 12510689538231002 12510689447390076 12510689447712746 12510689538244692 12510689583745846
12510689492852222 12510689493148000 12510689583755600 12510689629159252 12510689538315452 12510689538628004 12510689629174602 12510689674729186
12510689583771352 12510689584012818 12510689674745172 12510689720104950 12510689629257112 12510689629554794 12510689720122800 12510689757392332
12510689674821690 12510689675123312 12510689757401328 12510689794784298 12510689720193194 12510689720514944 12510689794793958 12510689832191168
12510689757478402 12510689757782460 12510689832208328 12510689869684796 12510689794867556 12510689795177078 12510689869696448 12510689907143362
12510689832286156 12510689832642395 12510689907154618 12510689944585350 12510689869766424 12510689870082972 12510689944597198 12510689981888488
12510689907224294 12510689907538038 12510689981898170 12510690019227886 12510689944670848 12510689944979416 12510690019242588 12510690057346004
12510689981983632 12510689982289494 12510690057365436 12510690094685658 12510690019323178 12510690019727279 12510690094699784 12510690131968496

12510814333099954 12510814333302044 12510814333995488 12510814379547270 12510814333302174 12510814333494566 12510814379567098 12510814424984274
12510814333996784 12510814334234912 12510814425001750 12510814470443598 12510814379585072 12510814379846448 12510814470456186 12510814515927752
12510814425014220 12510814425296692 12510814515938190 12510814561368434 12510814470534834 12510814470832402 12510814561381026 12510814606760308
12510814515959040 12510814516294454 12510814606772998 12510814647119264 12510814561396288 12510814561644350 12510814647139414 12510814684458392
12510814606843564 12510814607183558 12510814684474890 12510814721882068 12510814647217714 12510814647523310 12510814721893814 12510814759215836
12510814684541484 12510814684908413 12510814759225732 12510814796425486 12510814721960254 12510814722256038 12510814796439534 12510814833798808
12510814759288746 12510814759597230 12510814833812462 12510814871101458 12510814796511080 12510814796821614 12510814871115496 12510814908409914
12510814833888662 12510814834198606 12510814908423018 12510814945659540 12510814871190394 12510814871492298 12510814945672638 12510814983776858
12510814908502390 12510814908814402 12510814983797444 12510815020994204 12510814945741212 12510814946124428 12510815021006520 12510815058186578

12510708004113662 12510708004316500 12510708004997324 12510708050505092 12510708004316590 12510708004517396 12510708050526882 12510708096034044
12510708004998650 12510708005196936 12510708096046388 12510708141592496 12510708050543630 12510708050806594 12510708141603172 12510708187130428
12510708096115572 12510708096410498 12510708187142018 12510708232556728 12510708141681576 12510708141995822 12510708232570128 12510708274150238
12510708187220384 12510708187519334 12510708274174516 12510708311529344 12510708232649642 12510708232966290 12510708311543516 12510708348914674
12510708274252784 12510708274546782 12510708348927904 12510708386370402 12510708311619854 12510708311932760 12510708386387748 12510708423694306
12510708349001422 12510708349288344 12510708423704810 12510708461104768 12510708386468570 12510708386821858 12510708461118936 12510708498527784
12510708423780438 12510708424077674 12510708498538620 12510708535902064 12510708461190650 12510708461514116 12510708535918592 12510708573205606
12510708498617348 12510708498909794 12510708573219284 12510708611210152 12510708535995380 12510708536303916 12510708611229854 12510708648677342
12510708573299336 12510708573592620 12510708648691888 12510708686072394 12510708611295646 12510708611702135 12510708686084962 12510708723405870

12510647096016010 12510647096206762 12510647096872584 12510647142356942 12510647096206836 12510647096405992 12510647142376804 12510647186058202
12510647096874022 12510647097064682 12510647186077194 12510647223303992 12510647142392216 12510647142662842 12510647223315080 12510647260598804
12510647186142106 12510647186447806 12510647260611394 12510647297887578 12510647223396438 12510647223719656 12510647297900852 12510647335158336
12510647260691376 12510647260997336 12510647335169492 12510647373137674 12510647297970894 12510647298274654 12510647373159898 12510647410419068
12510647335248764 12510647335552138 12510647410431638 12510647447656944 12510647373234040 12510647373536932 12510647447669772 12510647484907074
12510647410508318 12510647410828252 12510647484918816 12510647522191668 12510647447751456 12510647448061104 12510647522203968 12510647559534474
12510647485000764 12510647485305968 12510647559547588 12510647596956328 12510647522279542 12510647522582488 12510647596969690 12510647634263892
12510647559620166 12510647559926146 12510647634277510 12510647671607048 12510647597047850 12510647597348650 12510647671624006 12510647709694232
12510647634355668 12510647634677166 12510647709715268 12510647747102714 12510647671702616 12510647672115153 12510647747111904 12510647784425876

12510635987590638 12510635987779038 12510635988518340 12510636028974662 12510635987779136 12510635987978984 12510636028999298 12510636066081026
12510635988520170 12510635988710072 12510636066097876 12510636103141698 12510636029020278 12510636029318414 12510636103153380 12510636140110898
12510636066177886 12510636066480624 12510636140123782 12510636176995442 12510636103231570 12510636103554880 12510636177006480 12510636213982342
12510636140196652 12510636140491848 12510636213996678 12510636250914052 12510636177088006 12510636177397662 12510636250930170 12510636287878508
12510636214075210 12510636214376702 12510636287888256 12510636324885022 12510636251007418 12510636251361136 12510636324896952 12510636362489646
12510636287916278 12510636288220012 12510636362514802 12510636399485652 12510636324976372 12510636325291620 12510636399495844 12510636436523742
12510636362593806 12510636362914962 12510636436534672 12510636473450348 12510636399573036 12510636399917268 12510636473463930 12510636510377270
12510636436600122 12510636436911704 12510636510391642 12510636547363890 12510636473530866 12510636473846812 12510636547373124 12510636584462334
12510636510465720 12510636510799320 12510636584480314 12510636621408116 12510636547399306 12510636547789146 12510636621421276 12510636659084166

12510682324320224 12510682324533350 12510682325191518 12510682367639374 12510682324533442 12510682324716130 12510682367657274 12510682405083634
12510682325194206 12510682325410256 12510682405096244 12510682443092594 12510682367673270 12510682367933140 12510682443116596 12510682480514724
12510682405107972 12510682405376174 12510682480524678 12510682517864152 12510682443185464 12510682443478746 12510682517876308 12510682555209086
12510682480604870 12510682480921524 12510682555225098 12510682592638842 12510682517944426 12510682518237668 12510682592650190 12510682630046294
12510682555304252 12510682555650578 12510682630059730 12510682667352466 12510682592728836 12510682593033248 12510682667367214 12510682704598400
12510682630137728 12510682630452340 12510682704608794 12510682741894370 12510682667442152 12510682667735898 12510682741908334 12510682780007514
12510682704686254 12510682704995456 12510682780053316 12510682817335350 12510682741989610 12510682742299852 12510682817350318 12510682854725216
12510682780125710 12510682780496750 12510682854739146 12510682892180508 12510682817423842 12510682817748412 12510682892196230 12510682929552102
12510682854816176 12510682855119206 12510682929568376 12510682966935080 12510682892275802 12510682892570428 12510682966948818 12510683004379880

12510694143890786 12510694144081318 12510694144804096 12510694190395864 12510694144081348 12510694144286834 12510694190416240 12510694235862588
12510694144805352 12510694144995352 12510694235874572 12510694281315304 12510694190436698 12510694190719722 12510694281327672 12510694326459434
12510694235942226 12510694236231654 12510694326481072 12510694363803554 12510694281395088 12510694281716026 12510694363817790 12510694401193260
12510694326548280 12510694326850408 12510694401207672 12510694438470770 12510694363884206 12510694364220008 12510694438484222 12510694475830106
12510694401275914 12510694401583248 12510694475845294 12510694513254810 12510694438552618 12510694438869938 12510694513263130 12510694550515576
12510694475921368 12510694476240470 12510694550530164 12510694587850284 12510694513325320 12510694513632854 12510694587859024 12510694625231678
12510694550607118 12510694550917256 12510694625246456 12510694663201150 12510694587933640 12510694588263724 12510694663221266 12510694700627154
12510694625313034 12510694625615242 12510694700636480 12510694738241560 12510694663287706 12510694663598444 12510694738255606 12510694775602168
12510694700704016 12510694701005284 12510694775613330 12510694812829600 12510694738324640 12510694738645916 12510694812838750 12510694850376310

12510737243786050 12510737243996830 12510737244658862 12510737283965982 12510737243996880 12510737244180960 12510737283987184 12510737321310706
12510737244660888 12510737244858494 12510737321325480 12510737358719122 12510737284067562 12510737284367504 12510737358732006 12510737396005602
12510737321403054 12510737321725236 12510737396021112 12510737433356774 12510737358809108 12510737359112094 12510737433368626 12510737470641490
12510737396098298 12510737396442114 12510737470656484 12510737508566908 12510737433447088 12510737433745058 12510737508587848 12510737545865406
12510737470733584 12510737471047384 12510737545880950 12510737583152616 12510737508666134 12510737508962494 12510737583169560 12510737620436280
12510737545958568 12510737546279396 12510737620448172 12510737657753064 12510737583249622 12510737583552060 12510737657766020 12510737695045186
12510737620521800 12510737620835150 12510737695059176 12510737733132546 12510737657848050 12510737658157954 12510737733159946 12510737770526694
12510737695138154 12510737695442660 12510737770566714 12510737808467688 12510737733230832 12510737733526236 12510737808487322 12510737845796746
12510737770629920 12510737771025630 12510737845808808 12510737883118480 12510737808555368 12510737809082519 12510737883130198 12510737920425366

3145993574171752 3145993574378678 3145993575082020 3145993614745574 3145993574378722 3145993574569836 3145993614767110 3145993652019842
3145993575083116 3145993575293398 3145993652037600 3145993689344686 3145993614786948 3145993615039720 3145993689354462 3145993726612362
3145993652119224 3145993652441806 3145993726627828 3145993763976128 3145993689434696 3145993689735254 3145993763987662 3145993801212246
3145993726707480 3145993727017094 3145993801226658 3145993838471454 3145993764053574 3145993764381216 3145993838484214 3145993876463048
3145993801302672 3145993801604358 3145993876486554 3145993913701478 3145993838563964 3145993838870506 3145993913712388 3145993950963452
3145993876564880 3145993876870224 3145993950979046 3145993988309100 3145993913793118 3145993914087564 3145993988324096 3145994025598812
3145993951058906 3145993951393436 3145994025610188 3145994062882218 3145993988405500 3145993988719080 3145994062899466 3145994100223810
3145994025692638 3145994025999856 3145994100232796 3145994137725778 3145994063013802 3145994063319612 3145994137735034 3145994175818690
3145994100298686 3145994100592534 3145994175834128 3145994213050016 3145994137747306 3145994138117907 3145994213063522 3145994250521610

12510711730307740 12510711730493892 12510711731226516 12510711775597162 12510711730493976 12510711730701084 12510711775609877 12510711812480650
12510711731228534 12510711731447068 12510711812492168 12510711849661570 12510711775622512 12510711775904376 12510711849675946 12510711886656328
12510711812511714 12510711812785518 12510711886673116 12510711923623684 12510711849734756 12510711850022994 12510711923632376 12510711961219354
12510711886734820 12510711887018326 12510711961240958 12510711998239382 12510711923701778 12510711924633619 12510711998254250 12510712035157986
12510711961306750 12510711961619630 12510712035171284 12510712072194654 12510711998325080 12510711998630132 12510712072204410 12510712109113382
12510712035248718 12510712035559782 12510712109124862 12510712146017558 12510712072231882 12510712072524006 12510712146032486 12510712182912550
12510712109202262 12510712109512214 12510712182924138 12510712219854072 12510712146114106 12510712146427212 12510712219866808 12510712257458798
12510712182994548 12510712183340588 12510712257480848 12510712294440892 12510712219948148 12510712220247916 12510712294454724 12510712331562240
12510712257545342 12510712257856346 12510712331572184 12510712368534624 12510712294521626 12510712294942720 12510712368547230 12510712405462546

12510661444158616 12510661444344942 12510661445032352 12510661484553447 12510661444344982 12510661444559108 12510661484565966 12510661522214846
12510661445033650 12510661445248394 12510661522226514 12510661559608240 12510661484579460 12510661484855707 12510661559619900 12510661597547652
12510661522299426 12510661522591510 12510661597571764 12510661634900716 12510661559692376 12510661560010606 12510661634913512 12510661672176684
12510661597649810 12510661597950234 12510661672191034 12510661709475722 12510661634991738 12510661635312452 12510661709493038 12510661746757282
12510661672266598 12510661672556128 12510661746769640 12510661784017976 12510661709570006 12510661709885138 12510661784032990 12510661821361084
12510661746837168 12510661747131940 12510661821371864 12510661858676080 12510661784116692 12510661784426648 12510661858688242 12510661895926394
12510661821446304 12510661821750006 12510661895938622 12510661933885624 12510661858769378 12510661859082604 12510661933907138 12510661971193238
12510661896017056 12510661896305490 12510661971208310 12510662008487044 12510661933984642 12510661934289672 12510662008499270 12510662045813166
12510661971285062 12510661971580728 12510662045826334 12510662083123458 12510662008565678 12510662008907304 12510662083136008 12510662120339934

12510637639048186 12510637639241982 12510637639837604 12510637685355730 12510637639242076 12510637639445462 12510637685374550 12510637730769224
12510637639838692 12510637640024568 12510637730784202 12510637776148332 12510637685389764 12510637685656848 12510637776165216 12510637822054836
12510637730841716 12510637731128404 12510637822071340 12510637859368252 12510637776182714 12510637776508180 12510637859378774 12510637896618344
12510637822126114 12510637822410152 12510637896631050 12510637933896452 12510637859455834 12510637859779790 12510637933909434 12510637971168032
12510637896700462 12510637896995872 12510637971180536 12510638008469034 12510637933977048 12510637934299232 12510638008485016 12510638045715908
12510637971259288 12510637971566700 12510638045726410 12510638083032306 12510638008563160 12510638008884372 12510638083045222 12510638120328572
12510638045753140 12510638046048542 12510638120343678 12510638158299552 12510638083122200 12510638083443416 12510638158317484 12510638195602144
12510638120424712 12510638120754696 12510638195611294 12510638232884444 12510638158378926 12510638158697418 12510638232897552 12510638270145906
12510638195682522 12510638196016914 12510638270158414 12510638307478134 12510638232974946 12510638233355576 12510638307491262 12510638344774298

12510699752437034 12510699752626002 12510699753222664 12510699798406082 12510699752626082 12510699752836394 12510699798424326 12510699843593382
12510699753224110 12510699753409502 12510699843608424 12510699889395803 12510699798440174 12510699798709716 12510699889411905 12510699926387544
12510699843620860 12510699843872134 12510699926400452 12510699963249492 12510699889431920 12510699889775358 12510699963260188 12510700000207054
12510699926470818 12510699926762016 12510700000218458 12510700037077408 12510699963339232 12510699963664102 12510700037093252 12510700074006894
12510700000283136 12510700000579222 12510700074016220 12510700110874052 12510700037174248 12510700037523504 12510700110886864 12510700147734146
12510700074040276 12510700074343736 12510700147746908 12510700184704482 12510700110963070 12510700111280056 12510700184714002 12510700222243516
12510700147824902 12510700148128374 12510700222262734 12510700259276654 12510700184778660 12510700185089624 12510700259288728 12510700296195008
12510700222333240 12510700222635978 12510700296212188 12510700333113990 12510700259366718 12510700259683302 12510700333125686 12510700370258280
12510700296290250 12510700296593582 12510700370270546 12510700407134522 12510700333191450 12510700333651335 12510700407148368 12510700443989308

12510678447102744 12510678447309244 12510678447887628 12510678493173486 12510678447309320 12510678447498362 12510678493194074 12510678538376656
12510678447889430 12510678448109184 12510678538393218 12510678584131732 12510678493214196 12510678493468708 12510678584150862 12510678621082850
12510678538474376 12510678538817290 12510678621097498 12510678658013412 12510678584179905 12510678584484334 12510678658026760 12510678694947228
12510678621174852 12510678621485316 12510678694958702 12510678731825740 12510678658096704 12510678658429318 12510678731836490 12510678769018844
12510678695038560 12510678695353996 12510678769027914 12510678805869202 12510678731900064 12510678732198968 12510678805881674 12510678843548418
12510678769040790 12510678769304002 12510678843558544 12510678880520174 12510678805946694 12510678806301742 12510678880531422 12510678918035660
12510678843634932 12510678843940042 12510678918055526 12510678954978954 12510678880595438 12510678880914470 12510678954990540 12510678991825876
12510678918118784 12510678918419412 12510678991838632 12510679028649348 12510678955058348 12510678955369392 12510679028663214 12510679065619814
12510678991918344 12510678992213804 12510679065636936 12510679102558920 12510679028736936 12510679029135746 12510679102568312 12510679139453336

12510599509053526 12510599509240818 12510599509823390 12510599555047460 12510599509240866 12510599509450798 12510599555068364 12510599600211968
12510599509824932 12510599510035216 12510599600223748 12510599645483496 12510599555084334 12510599555362648 12510599645497210 12510599690689470
12510599600295110 12510599600590410 12510599690700176 12510599733994268 12510599645574474 12510599645885744 12510599734006294 12510599770904808
12510599690778552 12510599691075150 12510599770914816 12510599807787732 12510599734108200 12510599734421874 12510599807798214 12510599845333074
12510599770995802 12510599771304508 12510599845354868 12510599882243160 12510599807865650 12510599808177224 12510599882256092 12510599919121444
12510599845431334 12510599845726160 12510599919133444 12510599955968662 12510599882336398 12510599882641580 12510599955980218 12510599992803916
12510599919206372 12510599919516664 12510599992817976 12510600029720146 12510599956058848 12510599956369804 12510600029729970 12510600066589706
12510599992886148 12510599993207754 12510600066599730 12510600103476560 12510600029809214 12510600030112332 12510600103486680 12510600141151126
12510600066668950 12510600066975490 12510600141166351 12510600178050038 12510600103562404 12510600103956058 12510600178063894 12510600215886342

12510726585178695 12510726585367042 12510726585932578 12510726624928180 12510726585367122 12510726585555683 12510726624955110 12510726661355052
12510726585933810 12510726586111849 12510726661369500 12510726698142842 12510726624974858 12510726625247634 12510726698155610 12510726735220482
12510726661426562 12510726661686874 12510726735231764 12510726772477262 12510726698234552 12510726698555810 12510726772493578 12510726809732450
12510726735303232 12510726735604836 12510726809740992 12510726846934788 12510726772572560 12510726772922422 12510726846944784 12510726884317244
12510726809761430 12510726810056318 12510726884333778 12510726922328204 12510726847003166 12510726847295586 12510726922343916 12510726959589138
12510726884413570 12510726884741096 12510726959604230 12510726996878624 12510726922409726 12510726922734052 12510726996893024 12510727034156292
12510726959679622 12510726960004928 12510727034170972 12510727071598296 12510726996969868 12510726997285880 12510727071616370 12510727108891004
12510727034247530 12510727034545892 12510727108903478 12510727146205686 12510727071685556 12510727072116562 12510727146219318 12510727183617024
12510727108982096 12510727109347562 12510727183629074 12510727220848418 12510727146298060 12510727146884269 12510727220859928 12510727258774806
