25 280
12510804865723760 12510804866353258 12510804868947074 12510804914421598 12510804866353298 12510804866887538 12510804914437940 12510804959960306
12510804868948270 12510804869543042 12510804959972764 12510805005714904 12510804914455140 12510804915345014 12510805005725630 12510805044192514
12510804959989412 12510804960894780 12510805044202908 12510805082008854 12510805005737958 12510805006769902 12510805082023528 12510805119924656
12510805044214124 12510805045260880 12510805119934602 12510805157372870 12510805082034804 12510805083123843 12510805157384580 12510805195504848
12510805119944386 12510805120983692 12510805195529068 12510805233201900 12510805157397200 12510805158466288 12510805233213956 12510805271225624
12510805195549348 12510805196652958 12510805271235088 12510805309040756 12510805233225842 12510805234364020 12510805309048366 12510805346911642
12510805271247262 12510805272355950 12510805346930664 12510805384363192 12510805309058940 12510805310135726 12510805384374506 12510805421796020
12510805346944750 12510805348008308 12510805421806142 12510805459469886 12510805384389792 12510805385451636 12510805459477730 12510805497570085
12510805421819820 12510805422887278 12510805497588339 12510805535107328 12510805459490448 12510805460562990 12510805535121062 12510805572453768

12510849824204630 12510849824846942 12510849827356732 12510849873056024 12510849824847024 12510849825392206 12510849873073134 12510849919112834
12510849827358218 12510849827926296 12510849919125584 12510849964745984 12510849873085762 12510849873975148 12510849964758786 12510850005755144
12510849919138398 12510849920029988 12510850005774838 12510850043387950 12510849964771530 12510849965763362 12510850043400252 12510850081293192
12510850005793314 12510850006843516 12510850081300112 12510850119478768 12510850043414332 12510850044395054 12510850119487276 12510850157243444
12510850081309616 12510850082340233 12510850157252894 12510850194916592 12510850119499312 12510850120512750 12510850194928668 12510850232744936
12510850157262114 12510850158265770 12510850232752508 12510850270259274 12510850194943510 12510850195940402 12510850270270606 12510850308597355
12510850232762268 12510850233752856 12510850308613626 12510850346521946 12510850270285668 12510850271289898 12510850346530422 12510850384286322
12510850308626229 12510850309697494 12510850384298604 12510850422124456 12510850346540546 12510850347546660 12510850422132684 12510850459873368
12510850384309570 12510850385307580 12510850459885014 12510850497349952 12510850422142586 12510850423223172 12510850497366058 12510850534932670

12510767514101662 12510767514767946 12510767517066738 12510767557201808 12510767514768006 12510767515331612 12510767557217702 12510767594972938
12510767517068278 12510767517635570 12510767594983876 12510767632414368 12510767557253080 12510767558168840 12510767632425332 12510767670411550
12510767594999310 12510767595898696 12510767670421174 12510767708708994 12510767632437542 12510767633436144 12510767708718456 12510767746541070
12510767670430504 12510767671322564 12510767747112216 12510767784466216 12510767708723876 12510767709762300 12510767792493578 12510767839057428
12510767747116366 12510767748061358 12510767839066246 12510767880052302 12510767792487296 12510767793641198 12510767880062804 12510767917741182
12510767839070502 12510767840321815 12510767917748262 12510767955265126 12510767880069750 12510767881317572 12510767955272226 12510767993022570
12510767917756584 12510767919029124 12510767993036694 12510768030699978 12510767955283494 12510767956544926 12510768030707758 12510768068234368
12510767993046542 12510767994315000 12510768068246808 12510768106264262 12510768030718062 12510768031985312 12510768106272810 12510768143848652
12510768068256544 12510768069547064 12510768143861614 12510768181799190 12510768106284010 12510768107566212 12510768181815332 12510768219014318

12510795283981168 12510795284612248 12510795287013924 12510795327693304 12510795284612328 12510795285189738 12510795327719018 12510795365294724
12510795287014864 12510795287589006 12510795365306940 12510795403046546 12510795327740726 12510795328664976 12510795403055996 12510795440575238
12510795365319870 12510795366228126 12510795440590822 12510795478021496 12510795403072104 12510795403966080 12510795478030600 12510795515704564
12510795440604342 12510795441512036 12510795515744444 12510795553414746 12510795478043718 12510795478946014 12510795557460030 12510795595014704
12510795515757254 12510795516826556 12510795596007394 12510795634325568 12510795557455128 12510795558419072 12510795634332858 12510795671843468
12510795596010152 12510795596912202 12510795671849640 12510795709362220 12510795634330004 12510795635225568 12510795709365402 12510795747010196
12510795671846146 12510795672750922 12510795747016732 12510795784509786 12510795709364352 12510795710283184 12510795784512940 12510795822028320
12510795747013810 12510795747923372 12510795822034374 12510795859653556 12510795784512600 12510795785423734 12510795859658950 12510795897136898
12510795822031392 12510795822963116 12510795897142544 12510795934428482 12510795859662980 12510795860575968 12510795934435864 12510795972412528

12510794617817712 12510794618445098 12510794621018370 12510794666540448 12510794618445140 12510794618983134 12510794666556016 12510794712034960
12510794621019678 12510794621624212 12510794712050444 12510794752521798 12510794666568136 12510794667569862 12510794752541904 12510794789701514
12510794712064804 12510794713077178 12510794789714022 12510794826946478 12510794752561800 12510794753610218 12510794826962650 12510794864358856
12510794789729238 12510794790780537 12510794864368390 12510794902059856 12510794826975764 12510794827989020 12510794902069248 12510794939599504
12510794864377694 12510794865387172 12510794939700066 12510794977000634 12510794902079902 12510794903153604 12510794977011158 12510795014186342
12510794939714286 12510794941208834 12510795014198524 12510795051346172 12510794977025820 12510794978191996 12510795051970792 12510795089261322
12510795014212102 12510795015247850 12510795089283264 12510795126413782 12510795051995011 12510795053149536 12510795126425546 12510795163603446
12510795089296256 12510795090333210 12510795163612474 12510795200804174 12510795126439084 12510795127483920 12510795200825172 12510795237970758
12510795163622982 12510795164667622 12510795237982356 12510795274961530 12510795200840894 12510795201899186 12510795274972814 12510795311885020

12510822871791320 12510822872418920 12510822874823596 12510822916906214 12510822872418954 12510822872952416 12510822916930416 12510822954443936
12510822874825090 12510822875396522 12510822954457802 12510822992028308 12510822916956086 12510822917883956 12510822992044868 12510823029599322
12510822954471054 12510822955376614 12510823029609938 12510823067170882 12510822992058648 12510822992971284 12510823067185090 12510823105021730
12510823029621898 12510823030511710 12510823105061466 12510823142601056 12510823067198428 12510823068103652 12510823142610970 12510823180167304
12510823105073300 12510823106122770 12510823180176986 12510823218214482 12510823142623116 12510823143532264 12510823218228000 12510823256843004
12510823180190084 12510823181111304 12510823256864394 12510823294436598 12510823218237330 12510823219220454 12510823294445962 12510823332041968
12510823256874878 12510823257808274 12510823332051670 12510823369564980 12510823294459556 12510823295368818 12510823369581516 12510823407129038
12510823332065460 12510823332981288 12510823407141950 12510823444867498 12510823369594892 12510823370522950 12510823444876126 12510823482463502
12510823407155694 12510823408080986 12510823482473052 12510823519789308 12510823444889404 12510823445797312 12510823519798592 12510823557655590

12510810489580712 12510810490215296 12510810492814028 12510810538444830 12510810490215354 12510810490755220 12510810538463862 12510810581661196
12510810492815002 12510810493462006 12510810581685824 12510810619147010 12510810538498908 12510810539477382 12510810619162420 12510810656986520
12510810581706290 12510810582810864 12510810656997840 12510810694506974 12510810619174700 12510810620067140 12510810694521236 12510810732016496
12510810657008634 12510810657906330 12510810732027424 12510810769505544 12510810694536188 12510810695440536 12510810769522192 12510810807075164
12510810732040872 12510810732962182 12510810807090440 12510810844494580 12510810769536682 12510810770455236 12510810844508668 12510810882075054
12510810807102676 12510810808017880 12510810882086184 12510810920490288 12510810844524344 12510810845467652 12510810920507624 12510810958044950
12510810882098578 12510810883004352 12510810958058578 12510810995567168 12510810920518264 12510810921441056 12510810995580892 12510811033052410
12510810958073702 12510810958982086 12510811033064626 12510811070521584 12510810995596184 12510810996509082 12510811070538066 12510811108556398
12510811033077512 12510811033978314 12510811108660720 12510811146766382 12510811070552836 12510811071491530 12510811146786158 12510811184278174

12510734974184284 12510734974806380 12510734977176796 12510735022636596 12510734974806414 12510734975341386 12510735022654628 12510735068061518
12510734977178040 12510734977744940 12510735068077104 12510735113543016 12510735022684916 12510735023569832 12510735113554786 12510735158954092
12510735068091122 12510735069065806 12510735158971184 12510735204619031 12510735113578768 12510735114564550 12510735204627565 12510735246527060
12510735158984120 12510735159967820 12510735246551714 12510735283741212 12510735204639368 12510735205649014 12510735283752332 12510735320819704
12510735246573618 12510735247653574 12510735320832790 12510735357883630 12510735283769152 12510735284796634 12510735357895418 12510735395122800
12510735320846922 12510735321912158 12510735395135056 12510735432159918 12510735357911040 12510735358989616 12510735432172496 12510735469226238
12510735395147906 12510735396205734 12510735469238228 12510735506439644 12510735432187840 12510735433275454 12510735506453670 12510735543583544
12510735469251276 12510735470312906 12510735543596566 12510735581397652 12510735506468576 12510735507534494 12510735581418294 12510735618842432
12510735543613512 12510735544653530 12510735618939576 12510735655975520 12510735581436904 12510735582535058 12510735655988584 12510735692910144

12510719882286908 12510719882913086 12510719885427071 12510719930825268 12510719882913162 12510719883446314 12510719930846114 12510719976260784
12510719885428561 12510719886029872 12510719976273932 12510720022074898 12510719930861962 12510719931747046 12510720022088276 12510720067499392
12510719976287956 12510719977269758 12510720067513628 12510720113059268 12510720022105536 12510720023104178 12510720113072280 12510720153903828
12510720067526096 12510720068506984 12510720153924634 12510720191822954 12510720113086320 12510720113966862 12510720191844988 12510720229003710
12510720153936170 12510720154840522 12510720229018580 12510720266515238 12510720191867970 12510720192916264 12510720266521690 12510720303872252
12510720229034048 12510720230091308 12510720303887762 12510720341018002 12510720266530084 12510720267588916 12510720341028834 12510720378115988
12510720303899494 12510720304946470 12510720378126928 12510720415323512 12510720341040378 12510720342097506 12510720415336938 12510720452462232
12510720378139436 12510720379254364 12510720452478386 12510720490355790 12510720415351472 12510720416416650 12510720490373464 12510720527666734
12510720452492384 12510720453567972 12510720527673262 12510720564781186 12510720490391876 12510720491511346 12510720564855900 12510720602450188

12510721046469900 12510721047115068 12510721049682804 12510721095463782 12510721047115090 12510721047649828 12510721095479906 12510721141332274
12510721049684378 12510721050291588 12510721141342946 12510721187112308 12510721095497036 12510721096490630 12510721187125834 12510721228423652
12510721141357086 12510721142350204 12510721228443872 12510721266131854 12510721187140488 12510721188136374 12510721266146826 12510721303869160
12510721228465744 12510721229496556 12510721303883074 12510721341488346 12510721266160850 12510721267243601 12510721341504156 12510721379126350
12510721303896932 12510721304915364 12510721379138412 12510721416600400 12510721341519114 12510721342550922 12510721416617428 12510721454327972
12510721379151820 12510721380190908 12510721454337902 12510721492061330 12510721416631802 12510721417697630 12510721492077982 12510721530275212
12510721454353686 12510721455387466 12510721530292642 12510721567812674 12510721492093654 12510721493141956 12510721567829786 12510721605494992
12510721530310248 12510721531356972 12510721605509830 12510721643031868 12510721567844034 12510721568881762 12510721643047398 12510721680681646
12510721605524260 12510721606547432 12510721680796034 12510721718376854 12510721643059322 12510721644105072 12510721718399758 12510721755748356

12510845979066156 12510845979736976 12510845982134982 12510846027813044 12510845979737048 12510845980299386 12510846027827106 12510846073564164
12510845982136022 12510845982708642 12510846073577584 12510846118374536 12510846027840498 12510846028770816 12510846118394504 12510846155979070
12510846073593680 12510846074585432 12510846155991608 12510846193626924 12510846118414074 12510846119487534 12510846193639238 12510846231317420
12510846156005578 12510846157049366 12510846231327390 12510846268783118 12510846193654914 12510846194721144 12510846268796532 12510846306433094
12510846231340250 12510846232399616 12510846306445140 12510846344261626 12510846268810032 12510846269883950 12510846344270362 12510846381801456
12510846306456030 12510846307542564 12510846381810224 12510846419386882 12510846344283754 12510846345393732 12510846419399776 12510846457569928
12510846381825782 12510846382902214 12510846457590822 12510846495016692 12510846419414182 12510846420478518 12510846495030340 12510846532610444
12510846457612868 12510846458707494 12510846532625802 12510846570065116 12510846495044948 12510846496134138 12510846570077262 12510846607558068
12510846532640264 12510846533701550 12510846607573522 12510846645236572 12510846570093016 12510846571175250 12510846645306972 12510846682585788

12510739649807248 12510739650443714 12510739653063984 12510739698744500 12510739650443800 12510739650981330 12510739698762498 12510739744443710
12510739653064995 12510739653653804 12510739744461532 12510739782073920 12510739698781864 12510739699685718 12510739782084012 12510739819639146
12510739744480746 12510739745393946 12510739819650502 12510739858029518 12510739782097422 12510739783106636 12510739858048144 12510739895786324
12510739819665156 12510739820636578 12510739895798690 12510739933432674 12510739858068200 12510739859101620 12510739933446150 12510739971110092
12510739895816212 12510739896817450 12510739971127006 12510740008743596 12510739933460766 12510739934445462 12510740008757764 12510740046203508
12510739971142006 12510739972126408 12510740046216614 12510740084478268 12510740008773746 12510740009764238 12510740084498020 12510740122191574
12510740046232188 12510740047221902 12510740122206402 12510740159795098 12510740084520048 12510740085558838 12510740159807372 12510740197429986
12510740122220706 12510740123212824 12510740197440914 12510740235037102 12510740159823560 12510740160815064 12510740235047596 12510740272604314
12510740197451096 12510740198447398 12510740272617730 12510740310372740 12510740235062258 12510740236037746 12510740310456882 12510740347917912

12510678741596012 12510678742223644 12510678744654354 12510678790231668 12510678742223730 12510678742766754 12510678790246100 12510678835967962
12510678744656126 12510678745218554 12510678835981778 12510678876448784 12510678790261276 12510678791161068 12510678876473002 12510678914219982
12510678835994558 12510678836989472 12510678914232284 12510678952040770 12510678876492982 12510678877626226 12510678952053220 12510678990208819
12510678914242902 12510678915205528 12510678990216687 12510679028190298 12510678952064770 12510678953060550 12510679028204774 12510679066086358
12510678990226640 12510678991247897 12510679066096408 12510679103904916 12510679028215356 12510679029382344 12510679103912400 12510679141766704
12510679066108896 12510679067241048 12510679141774596 12510679180305452 12510679103923264 12510679104927920 12510679180322428 12510679217923848
12510679141783430 12510679142815663 12510679217935262 12510679255581296 12510679180336626 12510679181402252 12510679255591494 12510679293451348
12510679217948032 12510679218949986 12510679293468518 12510679331359114 12510679255607050 12510679256640418 12510679331371374 12510679369235652
12510679293478326 12510679294473320 12510679369245008 12510679406650164 12510679331383122 12510679332423358 12510679406664588 12510679444180230

12510667633120654 12510667633765388 12510667636383736 12510667681770464 12510667633765468 12510667634300704 12510667681785422 12510667727434860
12510667636385280 12510667636953014 12510667727448680 12510667773086278 12510667681803274 12510667682809470 12510667773098698 12510667819002232
12510667727464718 12510667728484192 12510667819017372 12510667856646984 12510667773110334 12510667774160160 12510667856655932 12510667894258868
12510667819029212 12510667820103714 12510667894268060 12510667931654140 12510667856666900 12510667857701302 12510667931677344 12510667969052488
12510667894280188 12510667895721022 12510667969064120 12510668006456566 12510667931692958 12510667933051684 12510668006531668 12510668044231956
12510667969076752 12510667970559412 12510668044249666 12510668081649906 12510668006544760 12510668008671030 12510668081659818 12510668119013932
12510668044260022 12510668045882370 12510668119025334 12510668157008630 12510668081672488 12510668083193072 12510668157027246 12510668194416730
12510668119039660 12510668120516682 12510668194430246 12510668231803864 12510668157045044 12510668158600002 12510668231815136 12510668269098218
12510668194446634 12510668195965284 12510668269120002 12510668306222318 12510668231827958 12510668233357420 12510668306232706 12510668343288470

12510713970011084 12510713970637988 12510713973153074 12510714010625572 12510713970638068 12510713971173392 12510714010651932 12510714048354908
12510713973154552 12510713973743558 12510714048369888 12510714085936234 12510714010667092 12510714011562014 12510714085961826 12510714123517470
12510714048384114 12510714049266586 12510714123526886 12510714161317978 12510714085976916 12510714086866076 12510714161333282 12510714198786260
12510714123536322 12510714124438984 12510714198793820 12510714236486038 12510714161341118 12510714162400568 12510714236494642 12510714274858306
12510714198801918 12510714199697914 12510714274874102 12510714312831610 12510714236502790 12510714237411338 12510714312838794 12510714350442174
12510714274882172 12510714275837293 12510714350452158 12510714388245048 12510714312847680 12510714313770590 12510714388253234 12510714425729630
12510714350460430 12510714351397466 12510714425743036 12510714463516678 12510714388263592 12510714389186178 12510714463523576 12510714501459784
12510714425752898 12510714426688600 12510714501472390 12510714539080932 12510714463532160 12510714464450922 12510714539088906 12510714577194310
12510714501478440 12510714502398130 12510714577206716 12510714614506186 12510714539099892 12510714540030118 12510714614514696 12510714651895742

12510725789572782 12510725790207076 12510725792786076 12510725834092960 12510725790207116 12510725790741658 12510725834111670 12510725872165678
12510725792787352 12510725793354462 12510725872178168 12510725910333492 12510725834128914 12510725835129750 12510725910342732 12510725947982282
12510725872193520 12510725873185512 12510725947994902 12510725985782580 12510725910359674 12510725911358972 12510725985791928 12510726023890754
12510725948010688 12510725949000264 12510726023927378 12510726061664808 12510725985805516 12510725986805770 12510726061676216 12510726099251258
12510726023938440 12510726025138514 12510726099268812 12510726137724704 12510726061690258 12510726062830912 12510726137740220 12510726175850871
12510726099282836 12510726100302784 12510726175859363 12510726213769620 12510726137754700 12510726138815734 12510726213783416 12510726251531190
12510726175870254 12510726176897792 12510726251545302 12510726289225832 12510726213797018 12510726214811014 12510726289244896 12510726326904940
12510726251557128 12510726252562016 12510726326918026 12510726364537844 12510726289260382 12510726290290890 12510726364554938 12510726403029756
12510726326934432 12510726327928890 12510726403039499 12510726441860349 12510726364568850 12510726365596796 12510726441869549 12510726480741214

12510768889601514 12510768890234742 12510768892440092 12510768929810128 12510768890234774 12510768890776292 12510768929822400 12510768967579034
12510768892441456 12510768893012390 12510768967592140 12510769005886814 12510768929833592 12510768930754306 12510769005905332 12510769043502594
12510768967605628 12510768968604384 12510769043517262 12510769081038582 12510769005917786 12510769006913810 12510769081052242 12510769118732850
12510769043530524 12510769044534800 12510769118774154 12510769156365402 12510769081065680 12510769082058894 12510769156376940 12510769193850788
12510769118787948 12510769119957626 12510769193864974 12510769231336498 12510769156389702 12510769157393930 12510769231348016 12510769268917928
12510769193879404 12510769194885562 12510769268931970 12510769307173200 12510769231361424 12510769232382906 12510769307194100 12510769344645182
12510769268943140 12510769269976326 12510769344656140 12510769382289040 12510769307212990 12510769308298144 12510769382308054 12510769419770528
12510769344670828 12510769345801264 12510769419784132 12510769457314544 12510769382323668 12510769383366062 12510769457326010 12510769494813262
12510769419795500 12510769420827040 12510769494824806 12510769532081920 12510769457338668 12510769458396844 12510769532092276 12510769569360182

3146025219875834 3146025220504054 3146025223025602 3146025260614180 3146025220504108 3146025221040752 3146025260625916 3146025298627740
3146025223026622 3146025223612348 3146025298637832 3146025336948102 3146025260640402 3146025261574011 3146025336963068 3146025374568406
3146025298649102 3146025299543380 3146025374577918 3146025412444290 3146025336978730 3146025337893586 3146025412452648 3146025450068822
3146025374589310 3146025375595712 3146025452698822 3146025490563364 3146025412457862 3146025413568974 3146025498309170 3146025541773396
3146025452701618 3146025454175824 3146025541783778 3146025579491590 3146025498298824 3146025499735274 3146025579494478 3146025617187232
3146025541778880 3146025543318800 3146025617192150 3146025654798412 3146025579494320 3146025581057256 3146025654805780 3146025693066558
3146025617190494 3146025618727758 3146025693077772 3146025730723844 3146025654804600 3146025656392766 3146025730731490 3146025768346364
3146025693081182 3146025694653868 3146025768353596 3146025805997656 3146025730736246 3146025732308952 3146025806004418 3146025843592176
3146025768358948 3146025769963470 3146025843601378 3146025880907836 3146025806009768 3146025807603754 3146025880917286 3146025918268482

12510743376098530 12510743376727208 12510743379368566 12510743423064670 12510743376727254 12510743377257756 12510743423087514 12510743460439270
12510743379370192 12510743379935856 12510743460451962 12510743497615656 12510743423107606 12510743424027276 12510743497625324 12510743534807070
12510743460463256 12510743461353476 12510743534816128 12510743572128910 12510743497638430 12510743498536712 12510743572138334 12510743609430262
12510743534833200 12510743535729188 12510743609462376 12510743646789230 12510743572146166 12510743573041066 12510743646796640 12510743683925750
12510743609471976 12510743610517528 12510743683936670 12510743721107144 12510743646804918 12510743647748742 12510743721117126 12510743759523608
12510743683952402 12510743684934976 12510743759538964 12510743797247802 12510743721132144 12510743722147444 12510743797258340 12510743834484294
12510743759550886 12510743760597774 12510743834493512 12510743871697854 12510743797273170 12510743798278566 12510743871717842 12510743909034896
12510743834507788 12510743835505098 12510743909043768 12510743946203884 12510743871735912 12510743872760292 12510743946213808 12510743983301550
12510743909058122 12510743910037338 12510743983313872 12510744020437360 12510743946229774 12510743947226186 12510744020449890 12510744057388344

12510693089784516 12510693090439312 12510693092990378 12510693130317872 12510693090439398 12510693090985822 12510693130333058 12510693167855428
12510693092992020 12510693093570588 12510693167868910 12510693205330830 12510693130349822 12510693131232804 12510693205346048 12510693242776162
12510693167883378 12510693168846892 12510693242794864 12510693280422282 12510693205359826 12510693206366894 12510693280436540 12510693317879434
12510693242807988 12510693243823630 12510693317895366 12510693355359916 12510693280450454 12510693281419430 12510693355375436 12510693393591170
12510693317908466 12510693318784814 12510693393610348 12510693431132980 12510693355387330 12510693356251556 12510693431146028 12510693468643582
12510693393629152 12510693394519174 12510693468656564 12510693506260906 12510693431157972 12510693432039410 12510693506275746 12510693543721068
12510693468669936 12510693469539998 12510693543739380 12510693581286476 12510693506288766 12510693507161904 12510693581298336 12510693618681870
12510693543752890 12510693544625934 12510693618695532 12510693656204216 12510693581311430 12510693582184682 12510693656216284 12510693693952052
12510693618708908 12510693619578360 12510693694045044 12510693732205516 12510693656229976 12510693657096620 12510693732223354 12510693769522038

12510669284618980 12510669285255200 12510669287833658 12510669329774302 12510669285255250 12510669285800056 12510669329791608 12510669367623758
12510669287834820 12510669288402914 12510669367641436 12510669405262722 12510669329809370 12510669330737004 12510669405274244 12510669442876120
12510669367654920 12510669368651916 12510669442889384 12510669480518186 12510669405288402 12510669406282176 12510669480528968 12510669518337752
12510669442902896 12510669443904862 12510669518377164 12510669556113684 12510669480542480 12510669481544296 12510669556124202 12510669593740888
12510669518391380 12510669519568902 12510669593749394 12510669631412506 12510669556138518 12510669557228114 12510669631424328 12510669669607296
12510669593765728 12510669594801836 12510669669626322 12510669707186298 12510669631437210 12510669632464726 12510669707195418 12510669744786290
12510669669640486 12510669670666120 12510669744795884 12510669782374906 12510669707210134 12510669708260800 12510669782389990 12510669819962952
12510669744809598 12510669745845770 12510669819972070 12510669857691118 12510669782404478 12510669783454552 12510669857701214 12510669895375117
12510669819986704 12510669821011978 12510669895382348 12510669933137784 12510669857716046 12510669858764962 12510669933147472 12510669971442252

12510731398204112 12510731398831242 12510731401040228 12510731438407926 12510731398831322 12510731399372318 12510731438423600 12510731475813208
12510731401041348 12510731401612724 12510731475824938 12510731513379010 12510731438439592 12510731439335188 12510731513388992 12510731550757278
12510731475838206 12510731476835804 12510731550766722 12510731588220826 12510731513405502 12510731514406634 12510731588230408 12510731625649230
12510731550777262 12510731551748428 12510731625654506 12510731663141630 12510731588237476 12510731589358414 12510731663147168 12510731700613472
12510731625660182 12510731626674306 12510731700619596 12510731738535168 12510731663154154 12510731664119486 12510731738544754 12510731775696168
12510731700625470 12510731702193242 12510731775702464 12510731812907586 12510731738549390 12510731739511080 12510731812913466 12510731850013310
12510731775707796 12510731776655290 12510731850021724 12510731887160214 12510731812917520 12510731813861652 12510731887163833 12510731924449004
12510731850025962 12510731850971324 12510731924453578 12510731961736784 12510731887162195 12510731888142898 12510731961740470 12510731999101008
12510731924451488 12510731925394936 12510731999104704 12510732036701964 12510731961738834 12510731962694124 12510732036710348 12510732073671658

12510710092814896 12510710093469712 12510710095816974 12510710141363072 12510710093469790 12510710094007542 12510710141377886 12510710186840628
12510710095818535 12510710096401456 12510710186855594 12510710232409900 12510710141394356 12510710142286262 12510710232420630 12510710278001934
12510710186869562 12510710187849472 12510710278013166 12510710323416774 12510710232433832 12510710233479882 12510710323429152 12510710369053638
12510710278028320 12510710279057706 12510710369064624 12510710411756632 12510710323446268 12510710324467380 12510710411774946 12510710448878382
12510710369082146 12510710370117092 12510710448889512 12510710486164076 12510710411793376 12510710412890108 12510710486174648 12510710523181490
12510710448903096 12510710449959738 12510710523191568 12510710560327324 12510710486186374 12510710487228662 12510710560339226 12510710597556768
12510710523207782 12510710524258404 12510710597570934 12510710634623524 12510710560351146 12510710561419134 12510710634637474 12510710671782094
12510710597585254 12510710598638226 12510710671794046 12510710708928860 12510710634652594 12510710635734826 12510710708940102 12510710746662138
12510710671809282 12510710672866070 12510710746684488 12510710783830238 12510710708953852 12510710710005604 12510710783899424 12510710820840756

12510631154548344 12510631155174820 12510631157630500 12510631202923220 12510631155174874 12510631155714054 12510631202939886 12510631248300632
12510631157632049 12510631158219646 12510631248311844 12510631293919594 12510631202955584 12510631203866206 12510631293929562 12510631333553412
12510631248326928 12510631249301626 12510631333574318 12510631370631760 12510631293943720 12510631295002416 12510631370643430 12510631407968390
12510631333593512 12510631334685182 12510631407982096 12510631445005080 12510631370657112 12510631371701082 12510631445019232 12510631482120164
12510631407994398 12510631409051920 12510631482134202 12510631519327260 12510631445029616 12510631446079160 12510631519340258 12510631556447964
12510631482148642 12510631483181056 12510631556457512 12510631593601548 12510631519354130 12510631520389350 12510631593612848 12510631631408324
12510631556467168 12510631557497616 12510631631424600 12510631668574064 12510631593624726 12510631594651150 12510631668586766 12510631705690578
12510631631441492 12510631632512068 12510631705701704 12510631743094766 12510631668601492 12510631669627892 12510631743115262 12510631780216254
12510631705714844 12510631706747370 12510631780237528 12510631817407256 12510631743129290 12510631744195184 12510631817474020 12510631854403826

12510758231073954 12510758231702294 12510758234334072 12510758271666328 12510758231702342 12510758232237708 12510758271684598 12510758309330220
12510758234335892 12510758234909690 12510758309342492 12510758346934956 12510758271700296 12510758272598882 12510758346948280 12510758384619970
12510758309357258 12510758310238200 12510758384632658 12510758422878036 12510758346962574 12510758347865146 12510758422897170 12510758460692504
12510758384646236 12510758385539274 12510758460734006 12510758498413342 12510758422916878 12510758423826334 12510758498422924 12510758535995848
12510758460749050 12510758461775212 12510758536007336 12510758573576846 12510758498436458 12510758499337652 12510758573590384 12510758611091080
12510758536022070 12510758536928932 12510758611102316 12510758648621060 12510758573602660 12510758574506454 12510758648631530 12510758686315050
12510758611116126 12510758612025204 12510758686323450 12510758724085526 12510758648646714 12510758649578814 12510758724104384 12510758762512816
12510758686334306 12510758687252296 12510758762531812 12510758800357248 12510758724115986 12510758725087438 12510758800368574 12510758837879436
12510758762541568 12510758763478374 12510758837894192 12510758875216756 12510758800382486 12510758801290426 12510758875229014 12510758912502628
