25 50
12510741935846330 12510741935908940 12510741943417502 12510741947224956 12510741935908952 12510741936230480 12510741949381384 12510741952980716
12510741952981274 12510741952999438 12510741956905122 12510741960704696 12510741952999450 12510741953011354 12510741962906522 12510741966518008
12510741966518186 12510741966533846 12510741971477570 12510741975080144 12510741966533896 12510741966541480 12510741977089080 12510741980739092
12510741980739262 12510741980755204 12510741985282232 12510741988916890 12510741980755220 12510741980766614 12510741992024650 12510741995674818
12510741995674830 12510741995692828 12510741999840056 12510742003404520 12510741995692840 12510741995701480 12510742005400298 12510742009001664
12510742009001676 12510742009015610 12510742013672618 12510742017485464 12510742009015722 12510742009028436 12510742019103954 12510742022748206
12510742022748330 12510742022766598 12510742027469920 12510742031058982 12510742022766610 12510742022774820 12510742032723816 12510742036349502
12510742036350134 12510742036366270 12510742041662256 12510742045225226 12510742036366302 12510742036375860 12510742047249170 12510742050908794
12510742050908830 12510742050923986 12510742055563402 12510742059353366 12510742050923998 12510742050934494 12510742060993202 12510742064612912

12510786893977696 12510786894025432 12510786901615158 12510786905217912 12510786894025444 12510786894348260 12510786907477180 12510786911113776
12510786911114102 12510786911136574 12510786915732138 12510786919333204 12510786911136654 12510786911147862 12510786921246838 12510786924953182
12510786924953760 12510786924972930 12510786930032630 12510786933618970 12510786924972998 12510786924982818 12510786935318942 12510786939065850
12510786939066362 12510786939089662 12510786943987048 12510786947562442 12510786939089706 12510786939100922 12510786950485902 12510786954134638
12510786954137046 12510786954158476 12510786957783376 12510786961406724 12510786954158556 12510786954168002 12510786963463114 12510786967253300
12510786967254030 12510786967273984 12510786972290306 12510786975889958 12510786967274062 12510786967286370 12510786977480246 12510786981156866
12510786981157594 12510786981175852 12510786985787478 12510786989375470 12510786981175892 12510786981185102 12510786991935424 12510786995631540
12510786995632012 12510786995650160 12510786999847946 12510787003458380 12510786995650204 12510786995660152 12510787005474882 12510787009138556
12510787009138972 12510787009158922 12510787013581884 12510787017242452 12510787009158970 12510787009169562 12510787020258010 12510787023914782

12510704584263548 12510704584325327 12510704591841201 12510704595572184 12510704584325357 12510704584639107 12510704597804696 12510704601495602
12510704601495668 12510704601512667 12510704606185435 12510704609879007 12510704601512715 12510704601523186 12510704611608491 12510704615324322
12510704615324551 12510704615345648 12510704620244546 12510704624037139 12510704615345690 12510704615355546 12510704625477527 12510704629259071
12510704629259520 12510704629278911 12510704633729960 12510704637631835 12510704629278956 12510704629287742 12510704639664809 12510704643398872
12510704643399095 12510704643417482 12510704648447154 12510704652128395 12510704643417533 12510704643426869 12510704654119891 12510704657889201
12510704657889608 12510704657906733 12510704662902179 12510704666576873 12510704657906777 12510704657917070 12510704667820220 12510704671588868
12510704671589454 12510704671607062 12510704676088772 12510704679640068 12510704671607090 12510704671616012 12510704681799512 12510704685535300
12510704685535444 12510704685551608 12510704690436779 12510704694127286 12510704685551626 12510704685562480 12510704696885280 12510704700553446
12510704700553816 12510704700570040 12510704704198193 12510704707971202 12510704700570102 12510704700578148 12510704710175472 12510704713757872

12510732353984968 12510732354034384 12510732361588387 12510732365355818 12510732354034520 12510732354347944 12510732367553386 12510732371162082
12510732371162188 12510732371181018 12510732375727115 12510732379445760 12510732371181088 12510732371192224 12510732381647408 12510732385294338
12510732385294350 12510732385311444 12510732389867474 12510732393446358 12510732385311514 12510732385320076 12510732395276612 12510732398925694
12510732398926520 12510732398941984 12510732404343456 12510732407957382 12510732398942014 12510732398954496 12510732410634454 12510732414295526
12510732414295644 12510732414313290 12510732419050808 12510732422646838 12510732414313334 12510732414322402 12510732423981604 12510732427703830
12510732427704382 12510732427720788 12510732431912070 12510732435663092 12510732427720818 12510732427730586 12510732438065970 12510732441689216
12510732441689228 12510732441703590 12510732445640226 12510732449396242 12510732441703620 12510732441712764 12510732451438624 12510732455297818
12510732455297846 12510732455313442 12510732460103510 12510732463727438 12510732455313454 12510732455323820 12510732466287958 12510732470110762
12510732470110950 12510732470126386 12510732474079505 12510732477745318 12510732470126406 12510732470134788 12510732480008860 12510732483594406

12510731687814646 12510731687875746 12510731695571118 12510731699389830 12510731687875844 12510731688188362 12510731701337204 12510731704947494
12510731704948014 12510731704967518 12510731709069328 12510731712967616 12510731704967536 12510731704979798 12510731715002786 12510731718792244
12510731718792360 12510731718809294 12510731723502728 12510731727214155 12510731718809306 12510731718817832 12510731729009044 12510731732619034
12510731732619490 12510731732636732 12510731736912458 12510731740561750 12510731732636744 12510731732649082 12510731743104710 12510731747066744
12510731747067992 12510731747083394 12510731752878054 12510731756477800 12510731747083406 12510731747092296 12510731757804860 12510731761645902
12510731761646400 12510731761666592 12510731765560358 12510731769176926 12510731761666604 12510731761679438 12510731771772010 12510731775451842
12510731775451952 12510731775467066 12510731779433724 12510731782987924 12510731775467078 12510731775475096 12510731785173276 12510731788770310
12510731788770322 12510731788785436 12510731793567648 12510731797174778 12510731788785482 12510731788795146 12510731799979628 12510731803645228
12510731803645730 12510731803659800 12510731807877640 12510731811545562 12510731803659812 12510731803669182 12510731813720258 12510731817332810

12510759941630606 12510759941680908 12510759949675146 12510759953262908 12510759941680920 12510759941995392 12510759955334428 12510759958973294
12510759958973804 12510759958992266 12510759963839112 12510759967501028 12510759958992280 12510759959004550 12510759969537760 12510759973143648
12510759973143808 12510759973159410 12510759977669086 12510759981276254 12510759973159422 12510759973169080 12510759983266780 12510759986919708
12510759986919962 12510759986940920 12510759991726642 12510759995297496 12510759986940968 12510759986951074 12510759997308416 12510760000940974
12510760000941056 12510760000959450 12510760005899248 12510760009499710 12510760000959462 12510760000969246 12510760011436152 12510760015078192
12510760015078632 12510760015093058 12510760019641732 12510760023257598 12510760015093074 12510760015103892 12510760025189684 12510760028816282
12510760028816836 12510760028834990 12510760033338926 12510760036934092 12510760028835002 12510760028843850 12510760038811306 12510760042570600
12510760042570710 12510760042586914 12510760047977164 12510760051597626 12510760042586930 12510760042597258 12510760052761446 12510760056423496
12510760056423742 12510760056440040 12510760061212288 12510760064817936 12510760056440052 12510760056449574 12510760066889574 12510760070502680

12510747559484406 12510747559545360 12510747567976411 12510747571782274 12510747559545372 12510747559848112 12510747573233172 12510747576872362
12510747576872498 12510747576891158 12510747580930456 12510747584519564 12510747576891174 12510747576906382 12510747586880790 12510747591105992
12510747591106334 12510747591130168 12510747595562312 12510747599122534 12510747591130189 12510747591139195 12510747601096976 12510747604693752
12510747604694018 12510747604711406 12510747609553459 12510747613353168 12510747604711420 12510747604733586 12510747616111486 12510747619706880
12510747619707042 12510747619727340 12510747623743989 12510747627465846 12510747619727352 12510747619736258 12510747629174998 12510747632781628
12510747632781836 12510747632798806 12510747637040425 12510747640720894 12510747632798818 12510747632809198 12510747642742210 12510747646366324
12510747646366390 12510747646380842 12510747650798742 12510747654444408 12510747646380858 12510747646390132 12510747656205734 12510747659859716
12510747659859980 12510747659876320 12510747665368166 12510747668966682 12510747659876334 12510747659885770 12510747671048562 12510747674673788
12510747674674040 12510747674689770 12510747678404098 12510747682082640 12510747674689782 12510747674698488 12510747684555316 12510747688152544

12510672044440544 12510672044488358 12510672052714076 12510672056487450 12510672044488370 12510672044794332 12510672058209992 12510672061823712
12510672061823892 12510672061845834 12510672065923601 12510672069682052 12510672061845846 12510672061856686 12510672071386526 12510672074987944
12510672074988238 12510672075005062 12510672080458352 12510672084152814 12510672075005074 12510672075014730 12510672085940580 12510672089570240
12510672089570662 12510672089590060 12510672093822716 12510672097431606 12510672089590106 12510672089599910 12510672100206030 12510672103814082
12510672103814514 12510672103830616 12510672109008970 12510672112645342 12510672103830628 12510672103839000 12510672114327758 12510672118148740
12510672118148772 12510672118166208 12510672122411890 12510672126247196 12510672118166222 12510672118176832 12510672127776414 12510672131413700
12510672131414116 12510672131430978 12510672136400152 12510672139975474 12510672131430990 12510672131439836 12510672142870048 12510672146500170
12510672146500590 12510672146516074 12510672150997152 12510672154563832 12510672146516088 12510672146526154 12510672156366976 12510672159991654
12510672159992030 12510672160009054 12510672164203964 12510672167818212 12510672160009066 12510672160018700 12510672170290628 12510672173915922

12510656952616666 12510656952677028 12510656961445069 12510656965151410 12510656952677040 12510656952998662 12510656966493682 12510656970119532
12510656970120008 12510656970141096 12510656974837920 12510656978386212 12510656970141110 12510656970150054 12510656980307274 12510656983927848
12510656983928050 12510656983942422 12510656988681838 12510656992269542 12510656983942434 12510656983953408 12510656994158566 12510656997793826
12510656997794242 12510656997810142 12510657003025306 12510657006739238 12510656997810156 12510656997821276 12510657009422746 12510657013064996
12510657013065440 12510657013083968 12510657017232212 12510657020810180 12510657013084014 12510657013092256 12510657022499678 12510657026101514
12510657026101526 12510657026115680 12510657031130766 12510657034703864 12510657026115728 12510657026126156 12510657036429968 12510657040032294
12510657040032398 12510657040048356 12510657044600524 12510657048297116 12510657040048404 12510657040057806 12510657050114138 12510657053846664
12510657053847132 12510657053862688 12510657058896813 12510657062715532 12510657053862700 12510657053871422 12510657064437380 12510657068040944
12510657068040956 12510657068056774 12510657072889883 12510657076617642 12510657068056786 12510657068066660 12510657078618178 12510657082228512

12510658116767491 12510658116821144 12510658125683296 12510658129467856 12510658116821164 12510658117161680 12510658130691017 12510658134674480
12510658134674939 12510658134697198 12510658139064580 12510658142830755 12510658134697224 12510658134708401 12510658144669351 12510658148469020
12510658148469537 12510658148489040 12510658153110661 12510658156883498 12510658148489066 12510658148499027 12510658158393610 12510658162214573
12510658162214593 12510658162234090 12510658166833363 12510658170606353 12510658162234116 12510658162246544 12510658172380495 12510658176204202
12510658176204621 12510658176223792 12510658180872605 12510658184761365 12510658176223823 12510658176232455 12510658187114646 12510658190964237
12510658190964714 12510658190986586 12510658195367814 12510658199155286 12510658190986612 12510658190996674 12510658200670352 12510658204484370
12510658204485081 12510658204505419 12510658208890787 12510658212670615 12510658204505445 12510658204515380 12510658214290704 12510658218212630
12510658218213338 12510658218235455 12510658223068679 12510658226836189 12510658218235473 12510658218245509 12510658228181030 12510658232808640
12510658232809718 12510658232836322 12510658237084852 12510658240781018 12510658232836345 12510658232844772 12510658242648341 12510658246368897

12510783048704930 12510783048760588 12510783055586794 12510783059222426 12510783048760636 12510783049046664 12510783062046774 12510783065546380
12510783065546568 12510783065564758 12510783070807922 12510783074444842 12510783065564800 12510783065575362 12510783076540116 12510783080041680
12510783080041922 12510783080059904 12510783083654738 12510783087126250 12510783080059976 12510783080068424 12510783090153470 12510783093631142
12510783093631392 12510783093645712 12510783099855042 12510783103323516 12510783093645786 12510783093656240 12510783105369128 12510783108875482
12510783108875692 12510783108894194 12510783113407184 12510783116868414 12510783108894278 12510783108902102 12510783119048982 12510783122539384
12510783122539604 12510783122553232 12510783127119854 12510783130559152 12510783122553250 12510783122563936 12510783132370318 12510783136552420
12510783136553616 12510783136577554 12510783141056457 12510783144698696 12510783136577596 12510783136585776 12510783146661250 12510783150205916
12510783150206128 12510783150222356 12510783155413538 12510783158968394 12510783150222424 12510783150232414 12510783160327614 12510783163835928
12510783163836150 12510783163850414 12510783168432101 12510783172019402 12510783163850484 12510783163858892 12510783174810008 12510783178470918

12510676719957768 12510676720005678 12510676728075460 12510676731668604 12510676720005690 12510676720312270 12510676733482226 12510676737156770
12510676737157196 12510676737178590 12510676741708402 12510676745511798 12510676737178604 12510676737188410 12510676747562190 12510676751194308
12510676751194396 12510676751213914 12510676756332294 12510676760021892 12510676751213960 12510676751221446 12510676762917332 12510676767364794
12510676767365218 12510676767391968 12510676771227772 12510676774798088 12510676767392046 12510676767400876 12510676776967654 12510676780590284
12510676780590296 12510676780608478 12510676785565204 12510676789173010 12510676780608522 12510676780617122 12510676790726030 12510676794386200
12510676794386232 12510676794405650 12510676798592558 12510676802208664 12510676794405684 12510676794415024 12510676804067434 12510676807730468
12510676807730734 12510676807749802 12510676812094278 12510676815706488 12510676807749876 12510676807758952 12510676818375054 12510676821998492
12510676821998504 12510676822014970 12510676826593062 12510676830180908 12510676822015018 12510676822022716 12510676832272332 12510676835906350
12510676835906362 12510676835926606 12510676839937794 12510676843529250 12510676835926644 12510676835935948 12510676845934248 12510676849541118

12510615812038298 12510615812099240 12510615820148151 12510615823857370 12510615812099254 12510615812419970 12510615825958380 12510615829556082
12510615829556272 12510615829576368 12510615833788083 12510615837437904 12510615829576382 12510615829589326 12510615839827442 12510615843492769
12510615843492906 12510615843509724 12510615847418040 12510615851040736 12510615843509742 12510615843519025 12510615854333544 12510615857918234
12510615857918648 12510615857935688 12510615863171046 12510615866955838 12510615857935702 12510615857946806 12510615868929940 12510615873207628
12510615873209146 12510615873237345 12510615877698496 12510615881263334 12510615873237372 12510615873246797 12510615882852718 12510615886484192
12510615886484408 12510615886499690 12510615891003520 12510615894675662 12510615886499708 12510615886510928 12510615896618936 12510615900257488
12510615900257556 12510615900275626 12510615904858004 12510615908439156 12510615900275638 12510615900286806 12510615910803266 12510615914412654
12510615914412692 12510615914428062 12510615918720778 12510615922303574 12510615914428104 12510615914438038 12510615924418438 12510615928005668
12510615928005712 12510615928021920 12510615932171620 12510615935888078 12510615928021932 12510615928030528 12510615937986156 12510615941606678

12510604703618285 12510604703668419 12510604711834005 12510604715618843 12510604703668442 12510604704025702 12510604717557017 12510604721319273
12510604721319770 12510604721342275 12510604725124373 12510604728863632 12510604721342293 12510604721353647 12510604731568387 12510604735247307
12510604735247325 12510604735265673 12510604740089730 12510604743898553 12510604735265691 12510604735275987 12510604746660983 12510604750425932
12510604750426455 12510604750446131 12510604754518725 12510604758399270 12510604750446152 12510604750455304 12510604760525984 12510604764252699
12510604764253210 12510604764271972 12510604768752152 12510604772461781 12510604764272007 12510604764281878 12510604774179885 12510604777935729
12510604777937515 12510604777957067 12510604782815632 12510604786529692 12510604777957088 12510604777970073 12510604788164397 12510604791907957
12510604791909487 12510604791926463 12510604796413531 12510604800120819 12510604791926481 12510604791935181 12510604802058012 12510604805797258
12510604805797870 12510604805813197 12510604810300572 12510604814267220 12510604805813218 12510604805824438 12510604816071246 12510604819818853
12510604819818871 12510604819835401 12510604824232938 12510604828018709 12510604819835422 12510604819844942 12510604829796450 12510604833547352

12510651040246090 12510651040311090 12510651048501279 12510651052282126 12510651040311108 12510651040622626 12510651054292187 12510651058052860
12510651058053442 12510651058074664 12510651062324786 12510651066154692 12510651058074682 12510651058085668 12510651068411340 12510651072147938
12510651072148432 12510651072167357 12510651075950294 12510651079739502 12510651072167375 12510651072176250 12510651082041726 12510651085924450
12510651085925035 12510651085946501 12510651090628400 12510651094358232 12510651085946519 12510651085957968 12510651097065637 12510651100859747
12510651100860146 12510651100878619 12510651105255568 12510651108962945 12510651100878637 12510651100887575 12510651110689616 12510651114430537
12510651114431304 12510651114449008 12510651119445050 12510651123176724 12510651114449034 12510651114458944 12510651124787937 12510651128554713
12510651128557185 12510651128576796 12510651132668733 12510651136510098 12510651128576814 12510651128585788 12510651138319537 12510651142050065
12510651142050487 12510651142067528 12510651146344617 12510651150057001 12510651142067554 12510651142077999 12510651152464859 12510651156222644
12510651156223140 12510651156240368 12510651160756738 12510651164686036 12510651156240386 12510651156249039 12510651167177228 12510651170959661

12510662859750609 12510662859801682 12510662868574127 12510662872365898 12510662859801700 12510662860124219 12510662874212094 12510662877956861
12510662877957280 12510662877978746 12510662882278394 12510662885984383 12510662877978781 12510662877988982 12510662887976191 12510662891695216
12510662891695873 12510662891715089 12510662896963925 12510662900630599 12510662891715119 12510662891722949 12510662902824919 12510662906555571
12510662906555711 12510662906576674 12510662911285726 12510662914990670 12510662906576692 12510662906586557 12510662916730037 12510662920473270
12510662920473333 12510662920492549 12510662924828600 12510662928555289 12510662920492567 12510662920501876 12510662930083408 12510662933896479
12510662933896497 12510662933918898 12510662938400202 12510662942081734 12510662933918928 12510662933929450 12510662944732218 12510662948510898
12510662948510954 12510662948529410 12510662952763354 12510662956487686 12510662948529442 12510662948538678 12510662958681988 12510662962425257
12510662962425388 12510662962445017 12510662966469324 12510662970145949 12510662962445050 12510662962456582 12510662972367538 12510662976077043
12510662976077257 12510662976094054 12510662980441804 12510662984139571 12510662976094078 12510662976104288 12510662986468212 12510662990220110

12510705959560794 12510705959625648 12510705968501118 12510705972209651 12510705959625666 12510705959954734 12510705973557569 12510705977318039
12510705977318354 12510705977342034 12510705982488090 12510705986183133 12510705977342057 12510705977354594 12510705988186908 12510705992056328
12510705992056753 12510705992076635 12510705996746334 12510706000521291 12510705992076653 12510705992084574 12510706002712562 12510706006442430
12510706006442551 12510706006460609 12510706010581434 12510706014405092 12510706006460627 12510706006472177 12510706016585934 12510706020197116
12510706020197338 12510706020216034 12510706024470262 12510706028013954 12510706020216046 12510706020224508 12510706030473268 12510706034075830
12510706034075844 12510706034092498 12510706038751142 12510706042672032 12510706034092546 12510706034104226 12510706044550522 12510706048183356
12510706048184162 12510706048202048 12510706052829066 12510706056403298 12510706048202060 12510706048212010 12510706058661682 12510706062281096
12510706062281684 12510706062299484 12510706066140145 12510706069865744 12510706062299496 12510706062311670 12510706072696414 12510706076290900
12510706076291166 12510706076306266 12510706080616487 12510706084258030 12510706076306278 12510706076314296 12510706086491802 12510706090102294

3145962290004944 3145962290051304 3145962298337404 3145962302112811 3145962290051325 3145962290364680 3145962304799481 3145962308579766
3145962308580196 3145962308600931 3145962313480173 3145962317259484 3145962308600949 3145962308613619 3145962319182925 3145962323173248
3145962323173765 3145962323197212 3145962327318575 3145962331019988 3145962323197230 3145962323206510 3145962333171487 3145962336898778
3145962336899328 3145962336921421 3145962341571011 3145962345266354 3145962336921447 3145962336933217 3145962347004176 3145962350769229
3145962350769766 3145962350790100 3145962354995746 3145962359444008 3145962350790133 3145962350798346 3145962361274786 3145962365012727
3145962365013253 3145962365034998 3145962370012063 3145962373940045 3145962365035019 3145962365045231 3145962375612665 3145962379381830
3145962379382193 3145962379400845 3145962383460662 3145962387136465 3145962379400868 3145962379411254 3145962389333284 3145962393067915
3145962393068467 3145962393087794 3145962397408486 3145962401361422 3145962393087817 3145962393097587 3145962403153253 3145962406889349
3145962406890027 3145962406911376 3145962411029443 3145962414861606 3145962406911394 3145962406920549 3145962417016325 3145962420770069

12510680446104651 12510680446163120 12510680455324893 12510680459388190 12510680446163140 12510680446488267 12510680461098331 12510680464963263
12510680464963685 12510680464985164 12510680469780419 12510680473559019 12510680464985187 12510680464997320 12510680475300849 12510680479361075
12510680479361636 12510680479385203 12510680483756655 12510680487499162 12510680479385223 12510680479394069 12510680489361386 12510680493235207
12510680493235623 12510680493259384 12510680497752155 12510680501532382 12510680493259407 12510680493273054 12510680503148620 12510680506966278
12510680506966881 12510680506987684 12510680511553770 12510680515405603 12510680506987707 12510680506997784 12510680517277811 12510680521250516
12510680521251105 12510680521271353 12510680526049984 12510680529958494 12510680521271385 12510680521283160 12510680531646792 12510680535448524
12510680535448720 12510680535469272 12510680539571488 12510680543352264 12510680535469295 12510680535477982 12510680545340949 12510680549141424
12510680549141461 12510680549160499 12510680553472602 12510680557255492 12510680549160528 12510680549171757 12510680559274106 12510680563101075
12510680563101387 12510680563119714 12510680567808242 12510680571700725 12510680563119737 12510680563129187 12510680573259188 12510680577067940

12510630160076054 12510630160135938 12510630169276864 12510630173018538 12510630160136058 12510630160447828 12510630175004848 12510630178607074
12510630178607596 12510630178625888 12510630182885874 12510630186657302 12510630178625920 12510630178636634 12510630189012290 12510630192610284
12510630192610382 12510630192626454 12510630197309190 12510630200914170 12510630192626490 12510630192635220 12510630202984534 12510630206649334
12510630206649806 12510630206668576 12510630211588466 12510630215157272 12510630206668632 12510630206679382 12510630216975172 12510630220607050
12510630220607170 12510630220623202 12510630225647230 12510630229237808 12510630220623256 12510630220632728 12510630230982902 12510630234647034
12510630234647556 12510630234662548 12510630240029336 12510630243772236 12510630234662584 12510630234673180 12510630245666678 12510630249289840
12510630249290068 12510630249309194 12510630252996620 12510630256718966 12510630249309268 12510630249318000 12510630258945526 12510630262544248
12510630262545054 12510630262559194 12510630266962846 12510630270827712 12510630262559434 12510630262570744 12510630273116651 12510630277081220
12510630277081416 12510630277099554 12510630281789374 12510630285474516 12510630277099613 12510630277108272 12510630287291818 12510630291232328

12510606355001858 12510606355055612 12510606363413200 12510606366989738 12510606355055632 12510606355370038 12510606368597392 12510606372287814
12510606372287939 12510606372307904 12510606377518096 12510606381248574 12510606372307960 12510606372319011 12510606382906438 12510606386577126
12510606386577302 12510606386594760 12510606391362524 12510606394961024 12510606386594782 12510606386604166 12510606397827114 12510606401492786
12510606401492958 12510606401515746 12510606406038227 12510606409782018 12510606401515784 12510606401527588 12510606411801134 12510606415433052
12510606415433636 12510606415450274 12510606419616250 12510606423195994 12510606415450310 12510606415459424 12510606425280776 12510606428901338
12510606428901582 12510606428918330 12510606433819399 12510606437488082 12510606428918400 12510606428928494 12510606439408546 12510606443024840
12510606443025284 12510606443045788 12510606447669535 12510606451430888 12510606443045862 12510606443055634 12510606453690918 12510606457304168
12510606457304392 12510606457322960 12510606461606966 12510606465282308 12510606457322998 12510606457333934 12510606467565516 12510606471222920
12510606471223134 12510606471239980 12510606476352174 12510606479944626 12510606471240036 12510606471248990 12510606481274736 12510606484944232

12510668468232675 12510668468292582 12510668476886276 12510668480600774 12510668468292600 12510668468608644 12510668482638547 12510668486389877
12510668486389949 12510668486411827 12510668490840349 12510668494817818 12510668486411857 12510668486423986 12510668496139402 12510668500039111
12510668500039548 12510668500058250 12510668505356282 12510668509136095 12510668500058271 12510668500067512 12510668511407912 12510668515158331
12510668515158354 12510668515178747 12510668519068158 12510668522934863 12510668515178771 12510668515187427 12510668525033164 12510668528720671
12510668528721162 12510668528737861 12510668533481363 12510668537191735 12510668528737885 12510668528747925 12510668538956722 12510668542692901
12510668542693403 12510668542710941 12510668547049030 12510668550735789 12510668542710976 12510668542721570 12510668552711798 12510668556442560
12510668556442602 12510668556462356 12510668560571633 12510668564332264 12510668556462388 12510668556472955 12510668566494671 12510668570196093
12510668570196542 12510668570211910 12510668575217707 12510668578923586 12510668570211937 12510668570221639 12510668580918710 12510668584651181
12510668584651633 12510668584670427 12510668589379791 12510668593073226 12510668584670454 12510668584680800 12510668594723453 12510668598508126

12510647162962479 12510647163019396 12510647171640040 12510647175526065 12510647163019676 12510647163339294 12510647177371037 12510647181110648
12510647181110764 12510647181134277 12510647185304075 12510647189001789 12510647181134295 12510647181145637 12510647191451720 12510647195199931
12510647195200029 12510647195220026 12510647200277016 12510647203949773 12510647195220047 12510647195230581 12510647205802967 12510647209532731
12510647209533331 12510647209549597 12510647214307745 12510647218152352 12510647209549626 12510647209563039 12510647219920691 12510647223656023
12510647223656305 12510647223673786 12510647228221347 12510647231934248 12510647223673804 12510647223683797 12510647233695348 12510647237419020
12510647237419199 12510647237434802 12510647241353915 12510647245109318 12510647237434828 12510647237445641 12510647247132525 12510647250856914
12510647250857027 12510647250872359 12510647255824961 12510647259534273 12510647250872377 12510647250882358 12510647262090943 12510647265865632
12510647265865689 12510647265881645 12510647270192276 12510647273902250 12510647265881663 12510647265890399 12510647275781346 12510647279488251
12510647279488557 12510647279505580 12510647284089444 12510647287704494 12510647279505601 12510647279514845 12510647289349760 12510647292986440

12510568225067228 12510568225122480 12510568233769218 12510568237379934 12510568225122492 12510568225440706 12510568239488696 12510568243140762
12510568243141298 12510568243161500 12510568247549678 12510568251116632 12510568243161546 12510568243172474 12510568252868394 12510568256494882
12510568256495404 12510568256511536 12510568262341803 12510568266243006 12510568256511550 12510568256519424 12510568268324514 12510568271951404
12510568271952102 12510568271974072 12510568276660106 12510568280347850 12510568271974084 12510568271985576 12510568282039096 12510568285637426
12510568285637952 12510568285654584 12510568290019551 12510568293676580 12510568285654596 12510568285663032 12510568295796802 12510568299419234
12510568299419628 12510568299435490 12510568303476027 12510568307299004 12510568299435544 12510568299446300 12510568309289040 12510568312896988
12510568312897344 12510568312914080 12510568317622977 12510568321358184 12510568312914094 12510568312923542 12510568323790958 12510568327427232
12510568327427244 12510568327445592 12510568332443907 12510568336080492 12510568327445604 12510568327455586 12510568337973664 12510568341604268
12510568341604412 12510568341622406 12510568345830644 12510568349603626 12510568341622418 12510568341631448 12510568351691586 12510568355316868

12510695300922929 12510695300975526 12510695309039945 12510695312809481 12510695300975544 12510695301300158 12510695315003091 12510695318742651
12510695318743186 12510695318763083 12510695323415235 12510695327145061 12510695318763107 12510695318773156 12510695328794459 12510695332552119
12510695332552690 12510695332570827 12510695336633703 12510695340336436 12510695332571148 12510695332579634 12510695343544729 12510695347296645
12510695347296927 12510695347314215 12510695352283200 12510695355995326 12510695347314233 12510695347326154 12510695357595627 12510695361562984
12510695361563466 12510695361580795 12510695365892433 12510695369616224 12510695361580813 12510695361589772 12510695371661248 12510695375401233
12510695375401646 12510695375416007 12510695380015562 12510695383691953 12510695375416025 12510695375427016 12510695385395396 12510695389272129
12510695389272655 12510695389289518 12510695394009505 12510695397813141 12510695389289536 12510695389298712 12510695399717906 12510695403461152
12510695403461636 12510695403475230 12510695407916266 12510695411983958 12510695403475248 12510695403483925 12510695413839966 12510695417567121
12510695417567276 12510695417583467 12510695422105499 12510695425804726 12510695417583485 12510695417593365 12510695427238716 12510695430981700
