25 269
5 140732476492784 12510782352273264 12510782391927903 4 5 12510782391927921 12510782431654901
47541461565184 140732476492768 12510782431655383 12510782472050026 10 10 12510782472050044 12510782511769854
4 60 12510782511770270 12510782551452038 2667321352 4131212846 12510782551452056 12510782591207304
10 47541446049472 12510782591207708 12510782630803990 47541445880715 47541445880715 12510782630804008 12510782670484970
1952205948 0 12510782670485312 12510782709927892 140732476492928 47541446041312 12510782709927921 12510782749599619
47541445880715 47541446049064 12510782749599990 12510782788951316 140732476492656 140732476492736 12510782788951328 12510782826518780
47541463787296 47541446041312 12510782826519138 12510782864139536 47541461564872 47541463788320 12510782864139548 12510782901796472
140732476492512 47541445878868 12510782901798792 12510782939393544 47541445878868 47541463839032 12510782939393556 12510782977212218
47541461565088 47541461573176 12510782977212592 12510783014770532 140732476492928 140732476493008 12510783014770544 12510783052498018

5 140727123066784 12510827310631368 12510827348283848 4 5 12510827348283860 12510827386004268
46927126834944 140727123066768 12510827386004676 12510827423891964 10 10 12510827423891976 12510827461771074
4 60 12510827461771544 12510827499438592 2667321352 4131212846 12510827499438604 12510827537238104
10 46927111319232 12510827537240522 12510827574885488 46927111150475 46927111150475 12510827574885500 12510827613292286
1952205948 0 12510827613294664 12510827650996426 140727123066928 46927111311072 12510827650996438 12510827688890998
46927111150475 46927111318824 12510827688891340 12510827726528024 140727123066656 140727123066736 12510827726528036 12510827764260032
46927129057056 46927111311072 12510827764260384 12510827801954426 46927126834632 46927129058080 12510827801954438 12510827839658288
140727123066512 46927111148628 12510827839660658 12510827877417046 46927111148628 46927129108792 12510827877417058 12510827915738828
46927126834848 46927126842936 12510827915739130 12510827953638342 140727123066928 140727123067008 12510827953638388 12510827991304124

5 140733170574944 12510745000671822 12510745038294050 4 5 12510745038294062 12510745076078382
47588505210624 140733170574928 12510745076078876 12510745113880838 10 10 12510745113880850 12510745152420282
4 60 12510745152426000 12510745190033356 2667321352 4131212846 12510745190033368 12510745227698090
10 47588489694912 12510745227700412 12510745265388458 47588489526155 47588489526155 12510745265388470 12510745303124870
1952205948 0 12510745303125250 12510745340765272 140733170575088 47588489686752 12510745340765318 12510745378542810
47588489526155 47588489694504 12510745378545144 12510745416410570 140733170574816 140733170574896 12510745416410582 12510745454796680
47588507432736 47588489686752 12510745454797160 12510745492663098 47588505210312 47588507433760 12510745492663144 12510745530284472
140733170574672 47588489524308 12510745530286826 12510745568030642 47588489524308 47588507484472 12510745568030654 12510745605638168
47588505210528 47588505218616 12510745605640482 12510745643580314 140733170575088 140733170575168 12510745643580360 12510745681320914

5 140725478100000 12510772770498158 12510772808082910 4 5 12510772808082922 12510772845865314
47323942625024 140725478099984 12510772845865818 12510772883676574 10 10 12510772883676586 12510772922155898
4 60 12510772922158260 12510772959671780 2667321352 4131212846 12510772959671792 12510772997465682
10 47323927109312 12510772997466034 12510773035043082 47323926940555 47323926940555 12510773035043094 12510773072662170
1952205948 0 12510773072662560 12510773110427712 140725478100144 47323927101152 12510773110427758 12510773148137358
47323926940555 47323927108904 12510773148139720 12510773185806920 140725478099872 140725478099952 12510773185806966 12510773223402990
47323944847136 47323927101152 12510773223403386 12510773261751952 47323942624712 47323944848160 12510773261751964 12510773299387776
140725478099728 47323926938708 12510773299388128 12510773337098940 47323926938708 47323944898872 12510773337098986 12510773374658686
47323942624928 47323942633016 12510773374659032 12510773412434130 140725478100144 140725478100224 12510773412434142 12510773449992084

5 140729898128432 12510772104319086 12510772141564712 4 5 12510772141564724 12510772178970382
47844555464448 140729898128416 12510772178970834 12510772216416244 10 10 12510772216416256 12510772253874526
4 60 12510772253874880 12510772291151358 2667321352 4131212846 12510772291151370 12510772329048898
10 47844539948736 12510772329049436 12510772366511036 47844539779979 47844539779979 12510772366511082 12510772403830450
1952205948 0 12510772403832778 12510772441295840 140729898128576 47844539940576 12510772441295852 12510772478620624
47844539779979 47844539948328 12510772478622976 12510772516148700 140729898128304 140729898128384 12510772516148712 12510772553385092
47844557686560 47844539940576 12510772553385480 12510772590781482 47844555464136 47844557687584 12510772590781494 12510772627998240
140729898128160 47844539778132 12510772628000600 12510772666062716 47844539778132 47844557738296 12510772666064400 12510772703527342
47844555464352 47844555472440 12510772703527668 12510772740849536 140729898128576 140729898128656 12510772740849548 12510772778338640

5 140727291406640 12510800358238210 12510800395605844 4 5 12510800395605890 12510800433183394
47148436406016 140727291406624 12510800433185794 12510800470928314 10 10 12510800470928326 12510800509201924
4 60 12510800509202542 12510800546692108 2667321352 4131212846 12510800546692120 12510800584353936
10 47148420890304 12510800584356266 12510800621923958 47148420721547 47148420721547 12510800621923970 12510800659435500
1952205948 0 12510800659435928 12510800696904232 140727291406784 47148420882144 12510800696904244 12510800734661302
47148420721547 47148420889896 12510800734663684 12510800772207388 140727291406512 140727291406592 12510800772207400 12510800809708644
47148438628128 47148420882144 12510800809711028 12510800848144362 47148436405704 47148438629152 12510800848144374 12510800885648066
140727291406368 47148420719700 12510800885648480 12510800923235128 47148420719700 47148438679864 12510800923235140 12510800960673100
47148436405920 47148436414008 12510800960675548 12510800998311888 140727291406784 140727291406864 12510800998311900 12510801035896884

5 140720555244560 12510787976082122 12510788013541862 4 5 12510788013541874 12510788051109070
47375722163968 140720555244544 12510788051109502 12510788088750312 10 10 12510788088750324 12510788126301704
4 60 12510788126302050 12510788163923790 2667321352 4131212846 12510788163923802 12510788202265088
10 47375706648256 12510788202265470 12510788239790064 47375706479499 47375706479499 12510788239790110 12510788277264286
1952205948 0 12510788277266624 12510788314786402 140720555244704 47375706640096 12510788314786414 12510788352295580
47375706479499 47375706647848 12510788352297878 12510788389799834 140720555244432 140720555244512 12510788389799846 12510788427291532
47375724386080 47375706640096 12510788427292150 12510788464828488 47375722163656 47375724387104 12510788464828534 12510788503073038
140720555244288 47375706477652 12510788503075378 12510788540473376 47375706477652 47375724437816 12510788540473388 12510788577916628
47375722163872 47375722171960 12510788577919014 12510788615384164 140720555244704 140720555244784 12510788615384176 12510788652864860

5 140723998801008 12510712460798436 12510712498012116 4 5 12510712498012128 12510712536140588
47716757626624 140723998800992 12510712536141096 12510712573637394 10 10 12510712573637406 12510712610880184
4 60 12510712610880590 12510712648146692 2667321352 4131212846 12510712648146704 12510712685276684
10 47716742110912 12510712685279088 12510712722648184 47716741942155 47716741942155 12510712722648230 12510712759859550
1952205948 0 12510712759861870 12510712797247162 140723998801152 47716742102752 12510712797247174 12510712835298430
47716741942155 47716742110504 12510712835298786 12510712872540584 140723998800880 140723998800960 12510712872540630 12510712909931752
47716759848736 47716742102752 12510712909932176 12510712947187874 47716757626312 47716759849760 12510712947187886 12510712984629666
140723998800736 47716741940308 12510712984630062 12510713021874282 47716741940308 47716759900472 12510713021874328 12510713059209818
47716757626528 47716757634616 12510713059212198 12510713096525124 140723998801152 140723998801232 12510713096525136 12510713133709406

5 140730523992176 12510697368922258 12510697404453734 4 5 12510697404453746 12510697440235242
47280161996544 140730523992160 12510697440237540 12510697477064978 10 10 12510697477064990 12510697512951262
4 60 12510697512951728 12510697549241022 2667321352 4131212846 12510697549241034 12510697585767260
10 47280146480832 12510697585767658 12510697622716488 47280146312075 47280146312075 12510697622716500 12510697659797178
1952205948 0 12510697659797562 12510697697012608 140730523992320 47280146472672 12510697697012620 12510697734273410
47280146312075 47280146480424 12510697734275734 12510697772094888 140730523992048 140730523992128 12510697772094900 12510697809321158
47280164218656 47280146472672 12510697809321508 12510697846458752 47280161996232 47280164219680 12510697846458764 12510697883694514
140730523991904 47280146310228 12510697883696958 12510697920714864 47280146310228 47280164270392 12510697920714876 12510697957839330
47280161996448 47280162004536 12510697957839706 12510697995052288 140730523992320 140730523992400 12510697995052300 12510698032120106

5 140724869544880 12510698533086630 12510698570470110 4 5 12510698570470122 12510698608180742
47568558640896 140724869544864 12510698608183152 12510698645999812 10 10 12510698645999824 12510698683710024
4 60 12510698683712398 12510698721217640 2667321352 4131212846 12510698721217652 12510698758841982
10 47568543125184 12510698758842356 12510698796536204 47568542956427 47568542956427 12510698796536216 12510698834867472
1952205948 0 12510698834868176 12510698872426328 140724869545024 47568543117024 12510698872426340 12510698909980632
47568542956427 47568543124776 12510698909981030 12510698947757098 140724869544752 140724869544832 12510698947757110 12510698985346536
47568560863008 47568543117024 12510698985346926 12510699022907670 47568558640584 47568560864032 12510699022907682 12510699060686836
140724869544608 47568542954580 12510699060687238 12510699098250808 47568542954580 47568560914744 12510699098250820 12510699136701368
47568558640800 47568558648888 12510699136701770 12510699174951628 140724869545024 140724869545104 12510699174951640 12510699212538890

5 140728947376816 12510823465460762 12510823502978696 4 5 12510823502978708 12510823540708580
46966853775104 140728947376800 12510823540719080 12510823578486274 10 10 12510823578486286 12510823616109488
4 60 12510823616111786 12510823653575022 2667321352 4131212846 12510823653575068 12510823691243806
10 46966838259392 12510823691244400 12510823729638816 46966838090635 46966838090635 12510823729638828 12510823767220562
1952205948 0 12510823767220972 12510823804840394 140728947376960 46966838251232 12510823804840406 12510823842958606
46966838090635 46966838258984 12510823842958972 12510823880624742 140728947376688 140728947376768 12510823880624754 12510823918206084
46966855997216 46966838251232 12510823918208398 12510823955956008 46966853774792 46966855998240 12510823955956020 12510823993447610
140728947376544 46966838088788 12510823993447960 12510824031098704 46966838088788 46966856048952 12510824031098716 12510824069376882
46966853775008 46966853783096 12510824069377374 12510824106982264 140728947376960 140728947377040 12510824106982310 12510824144752458

5 140735960072720 12510717136374000 12510717173844930 4 5 12510717173844942 12510717211452926
47976754605824 140735960072704 12510717211453350 12510717249068878 10 10 12510717249068890 12510717287169084
4 60 12510717287169462 12510717324640826 2667321352 4131212846 12510717324640872 12510717363002668
10 47976739090112 12510717363005058 12510717400676274 47976738921355 47976738921355 12510717400676320 12510717438195516
1952205948 0 12510717438197904 12510717475834036 140735960072864 47976739081952 12510717475834048 12510717513439184
47976738921355 47976739089704 12510717513439590 12510717551048198 140735960072592 140735960072672 12510717551048210 12510717588586424
47976756827936 47976739081952 12510717588586782 12510717626305154 47976754605512 47976756828960 12510717626305166 12510717664054290
140735960072448 47976738919508 12510717664056688 12510717702449824 47976738919508 47976756879672 12510717702449836 12510717739950270
47976754605728 47976754613816 12510717739950670 12510717777604032 140735960072864 140735960072944 12510717777604044 12510717815364460

5 140724509204992 12510656228261924 12510656265895098 4 5 12510656265895110 12510656303472856
47461996519168 140724509204976 12510656303475190 12510656341207284 10 10 12510656341207296 12510656378687436
4 60 12510656378689760 12510656416239384 2667321352 4131212846 12510656416239430 12510656454561862
10 47461981003456 12510656454563450 12510656492077116 47461980834699 47461980834699 12510656492077162 12510656529479012
1952205948 0 12510656529479556 12510656566959076 140724509205136 47461980995296 12510656566959088 12510656604596764
47461980834699 47461981003048 12510656604599142 12510656642109748 140724509204864 140724509204944 12510656642109760 12510656679686928
47461998741280 47461980995296 12510656679687338 12510656717262704 47461996518856 47461998742304 12510656717262750 12510656754800744
140724509204720 47461980832852 12510656754801158 12510656792945976 47461980832852 47461998793016 12510656792945988 12510656830549030
47461996519072 47461996527160 12510656830549042 12510656868151600 140724509205136 140724509205216 12510656868151612 12510656905736776

5 140724627770928 12510645119809598 12510645156923128 4 5 12510645156923140 12510645194236678
47692136619776 140724627770912 12510645194237178 12510645231718296 10 10 12510645231718308 12510645269121654
4 60 12510645269122062 12510645306527534 2667321352 4131212846 12510645306527546 12510645343797524
10 47692121104064 12510645343797952 12510645381080904 47692120935307 47692120935307 12510645381080916 12510645419033176
1952205948 0 12510645419033604 12510645456395524 140724627771072 47692121095904 12510645456395536 12510645493735166
47692120935307 47692121103656 12510645493739604 12510645530921478 140724627770800 140724627770880 12510645530921490 12510645568174414
47692138841888 47692121095904 12510645568174820 12510645605498352 47692136619464 47692138842912 12510645605498364 12510645642832818
140724627770656 47692120933460 12510645642833210 12510645680019962 47692120933460 47692138893624 12510645680019974 12510645717366670
47692136619680 47692136627768 12510645717367088 12510645755515948 140724627771072 140724627771152 12510645755515960 12510645792678708

5 140727344073040 12510691456602024 12510691494104034 4 5 12510691494104046 12510691532316830
46923725098752 140727344073024 12510691532319262 12510691570353512 10 10 12510691570355762 12510691607861180
4 60 12510691607861532 12510691645432132 2667321352 4131212846 12510691645432144 12510691682854648
10 46923709583040 12510691682855044 12510691720377724 46923709414283 46923709414283 12510691720377736 12510691758003492
1952205948 0 12510691758005884 12510691795508256 140727344073184 46923709574880 12510691795508268 12510691833221402
46923709414283 46923709582632 12510691833223776 12510691871453282 140727344072912 140727344072992 12510691871453328 12510691909025958
46923727320864 46923709574880 12510691909026394 12510691946505594 46923725098440 46923727321888 12510691946505606 12510691984026360
140727344072768 46923709412436 12510691984026774 12510692021655650 46923709412436 46923727372600 12510692021655662 12510692059330802
46923725098656 46923725106744 12510692059331148 12510692097018354 140727344073184 140727344073264 12510692097018400 12510692134513354

5 140733402299680 12510703276161232 12510703313811830 4 5 12510703313811842 12510703351622492
47450399141632 140733402299664 12510703351622934 12510703389500904 10 10 12510703389500950 12510703428044766
4 60 12510703428047120 12510703465720614 2667321352 4131212846 12510703465720626 12510703503614334
10 47450383625920 12510703503614652 12510703541298758 47450383457163 47450383457163 12510703541298770 12510703579111630
1952205948 0 12510703579112010 12510703616833674 140733402299824 47450383617760 12510703616833720 12510703654592738
47450383457163 47450383625512 12510703654593120 12510703692281584 140733402299552 140733402299632 12510703692281596 12510703730076750
47450401363744 47450383617760 12510703730077092 12510703768522214 47450399141320 47450401364768 12510703768522226 12510703806225130
140733402299408 47450383455316 12510703806225560 12510703844069590 47450383455316 47450401415480 12510703844069602 12510703881669746
47450399141536 47450399149624 12510703881670246 12510703919603886 140733402299824 140733402299904 12510703919603932 12510703957279548

5 140726910825168 12510746376098028 12510746413494324 4 5 12510746413494336 12510746451035328
47545040686848 140726910825152 12510746451035754 12510746488702242 10 10 12510746488702254 12510746526048160
4 60 12510746526050590 12510746563653090 2667321352 4131212846 12510746563653102 12510746601933180
10 47545025171136 12510746601935578 12510746639479358 47545025002379 47545025002379 12510746639479370 12510746676881938
1952205948 0 12510746676884400 12510746714181748 140726910825312 47545025162976 12510746714181760 12510746751960992
47545025002379 47545025170728 12510746751963376 12510746789437248 140726910825040 140726910825120 12510746789437260 12510746826824952
47545042908960 47545025162976 12510746826825358 12510746864202988 47545040686536 47545042909984 12510746864203000 12510746902545200
140726910824896 47545025000532 12510746902545596 12510746939841762 47545025000532 47545042960696 12510746939841774 12510746977302578
47545040686752 47545040694840 12510746977303008 12510747014857936 140726910825312 140726910825392 12510747014857982 12510747052314964

5 140729612644880 3146002706431906 3146002743826996 4 5 3146002743827008 3146002781215000
47246904631040 140729612644864 3146002781215512 3146002818854448 10 10 3146002818854460 3146002856288786
4 60 3146002856289284 3146002893701696 2667321352 4131212846 3146002893701708 3146002931145742
10 47246889115328 3146002931148170 3146002969320740 47246888946571 47246888946571 3146002969320752 3146003006730030
1952205948 0 3146003006732442 3146003044262084 140729612645024 47246889107168 3146003044262096 3146003081724952
47246888946571 47246889114920 3146003081729166 3146003119193148 140729612644752 140729612644832 3146003119193160 3146003156703804
47246906853152 47246889107168 3146003156706152 3146003194165312 47246904630728 47246906854176 3146003194165324 3146003231542926
140729612644608 47246888944724 3146003231545300 3146003269687822 47246888944724 47246906904888 3146003269687834 3146003307058328
47246904630944 47246904639032 3146003307058744 3146003344485366 140729612645024 140729612645104 3146003344485378 3146003381927742

5 140734801257984 12510720862590380 12510720899877850 4 5 12510720899877896 12510720937262396
47689285295872 140734801257968 12510720937262912 12510720974799748 10 10 12510720974799760 12510721012227750
4 60 12510721012230056 12510721050240060 2667321352 4131212846 12510721050240072 12510721087646044
10 47689269780160 12510721087648446 12510721124990282 47689269611403 47689269611403 12510721124990294 12510721162346378
1952205948 0 12510721162346764 12510721199699076 140734801258128 47689269772000 12510721199699088 12510721237087426
47689269611403 47689269779752 12510721237089738 12510721274518086 140734801257856 140734801257936 12510721274518132 12510721311909662
47689287517984 47689269772000 12510721311910028 12510721350052226 47689285295560 47689287519008 12510721350052238 12510721387388020
140734801257712 47689269609556 12510721387390370 12510721424765828 47689269609556 47689287569720 12510721424765840 12510721462057188
47689285295776 47689285303864 12510721462059522 12510721499433240 140734801258128 140734801258208 12510721499433252 12510721536799494

5 140730803358256 12510670576399650 12510670613803554 4 5 12510670613803566 12510670651318280
47553628925696 140730803358240 12510670651318800 12510670689705956 10 10 12510670689705968 12510670727158682
4 60 12510670727159360 12510670764497482 2667321352 4131212846 12510670764497528 12510670801936512
10 47553613409984 12510670801938926 12510670839383872 47553613241227 47553613241227 12510670839383884 12510670876809526
1952205948 0 12510670876811864 12510670914217740 140730803358400 47553613401824 12510670914217752 12510670951710956
47553613241227 47553613409576 12510670951713336 12510670989414382 140730803358128 140730803358208 12510670989414394 12510671027517092
47553631147808 47553613401824 12510671027519460 12510671064943856 47553628925384 47553631148832 12510671064943868 12510671102306086
140730803357984 47553613239380 12510671102307118 12510671139758136 47553613239380 47553631199544 12510671139758148 12510671177216548
47553628925600 47553628933688 12510671177216878 12510671214649672 140730803358400 140730803358480 12510671214649684 12510671253172644

5 140724765374832 12510646771272202 12510646809331624 4 5 12510646809331636 12510646846994292
47351913348864 140724765374816 12510646846994804 12510646884795768 10 10 12510646884795780 12510646922930404
4 60 12510646922932728 12510646960555526 2667321352 4131212846 12510646960555538 12510646998120510
10 47351897833152 12510646998120920 12510647035650630 47351897664395 47351897664395 12510647035650676 12510647073126042
1952205948 0 12510647073128424 12510647110708978 140724765374976 47351897824992 12510647110708990 12510647148307438
47351897664395 47351897832744 12510647148309820 12510647185747068 140724765374704 140724765374784 12510647185747114 12510647223350628
47351915570976 47351897824992 12510647223351046 12510647261788512 47351913348552 47351915572000 12510647261788524 12510647299550362
140724765374560 47351897662548 12510647299550792 12510647337006962 47351897662548 47351915622712 12510647337007008 12510647374585782
47351913348768 47351913356856 12510647374586180 12510647412176678 140724765374976 140724765375056 12510647412176690 12510647449605762

5 140735557049232 12510708884699074 12510708921896886 4 5 12510708921896898 12510708959175868
47683029249792 140735557049216 12510708959176326 12510708997279706 10 10 12510708997279752 12510709034762496
4 60 12510709034762846 12510709071904846 2667321352 4131212846 12510709071904858 12510709109669702
10 47683013734080 12510709109670088 12510709147039892 47683013565323 47683013565323 12510709147039904 12510709184298956
1952205948 0 12510709184301310 12510709221564086 140735557049376 47683013725920 12510709221564098 12510709258763726
47683013565323 47683013733672 12510709258765336 12510709296488808 140735557049104 140735557049184 12510709296488820 12510709335459152
47683031471904 47683013725920 12510709335459496 12510709372729116 47683029249480 47683031472928 12510709372729128 12510709409954668
140735557048960 47683013563476 12510709409954988 12510709447161612 47683013563476 47683031523640 12510709447161624 12510709484432354
47683029249696 47683029257784 12510709484434732 12510709521536530 140735557049376 140735557049456 12510709521536576 12510709558892914

5 140727579828016 12510687579376960 12510687616541910 4 5 12510687616541922 12510687653719116
47074025094912 140727579828000 12510687653719706 12510687691728734 10 10 12510687691728746 12510687728912968
4 60 12510687728913472 12510687766189616 2667321352 4131212846 12510687766189662 12510687803364292
10 47074009579200 12510687803364686 12510687840453998 47074009410443 47074009410443 12510687840454010 12510687877672392
1952205948 0 12510687877672790 12510687914803810 140727579828160 47074009571040 12510687914803822 12510687951904252
47074009410443 47074009578792 12510687951904264 12510687989149680 140727579827888 140727579827968 12510687989149692 12510688027065990
47074027317024 47074009571040 12510688027066386 12510688064250252 47074025094600 47074027318048 12510688064250264 12510688101327538
140727579827744 47074009408596 12510688101327926 12510688138457584 47074009408596 47074027368760 12510688138457596 12510688175606698
47074025094816 47074025102904 12510688175607116 12510688212713520 140727579828160 140727579828240 12510688212713566 12510688249928618

5 140725036940016 12510608641230522 12510608678936426 4 5 12510608678936438 12510608716228726
47811084455680 140725036940000 12510608716229196 12510608753690378 10 10 12510608753690390 12510608790877908
4 60 12510608790878492 12510608828188990 2667321352 4131212846 12510608828189002 12510608865354176
10 47811068939968 12510608865356556 12510608902653574 47811068771211 47811068771211 12510608902653620 12510608940664376
1952205948 0 12510608940666760 12510608977976604 140725036940160 47811068931808 12510608977976616 12510609015326550
47811068771211 47811068939560 12510609015328990 12510609052614086 140725036939888 140725036939968 12510609052614132 12510609089796126
47811086677792 47811068931808 12510609089796668 12510609127035218 47811084455368 47811086678816 12510609127035230 12510609164363436
140725036939744 47811068769364 12510609164363822 12510609201537200 47811068769364 47811086729528 12510609201537246 12510609239669002
47811084455584 47811084463672 12510609239669510 12510609276939232 140725036940160 140725036940240 12510609276939244 12510609314293972

5 140722438202592 12510735717516186 12510735755824302 4 5 12510735755824348 12510735793275834
47787094494976 140722438202576 12510735793276318 12510735830851228 10 10 12510735830851240 12510735868258682
4 60 12510735868259082 12510735905741952 2667321352 4131212846 12510735905741964 12510735943169894
10 47787078979264 12510735943170294 12510735980793312 47787078810507 47787078810507 12510735980793324 12510736019087396
1952205948 0 12510736019089786 12510736056484390 140722438202736 47787078971104 12510736056484402 12510736093935364
47787078810507 47787078978856 12510736093935834 12510736131307930 140722438202464 140722438202544 12510736131307942 12510736168710798
47787096717088 47787078971104 12510736168711320 12510736206193696 47787094494664 47787096718112 12510736206193742 12510736243609442
140722438202320 47787078808660 12510736243609876 12510736281055570 47787078808660 47787096768824 12510736281055582 12510736318462808
47787094494880 47787094502968 12510736318465192 12510736356785354 140722438202736 140722438202816 12510736356785366 12510736394234016
