25 298
12510809551484464 12510809552115280 12510809554539132 12510809591967492 12510809552125428 12510809552672824 12510809602019685 12510809639601732
12510809592006924 12510809593039858 12510809648491548 12510809686236722 12510809639638362 12510809640635868 12510809697081894 12510809735092748
12510809686265296 12510809687657242 12510809744870422 12510809782174066 12510809735179310 12510809736149944 12510809788829628 12510809826133700
12510809782252814 12510809783199852 12510809836334248 12510809873628524 12510809826226846 12510809827267870 12510809877098864 12510809914406982
12510809873724532 12510809874836506 12510809917019538 12510809954254754 12510809914487638 12510809915577998 12510809956049522 12510809993304790
12510809954352360 12510809955680960 12510809995816786 12510810033274698 12510809993385720 12510809995077388 12510810035420890 12510810073474424
12510810033307992 12510810034623804 12510810075892400 12510810113173020 12510810073558382 12510810075035142 12510810115031924 12510810152419426
12510810113241256 12510810114267842 12510810154387574 12510810191716838 12510810152448576 12510810154322788 12510810194878140 12510810232343378
12510810191746136 12510810193904048 12510810234539647 12510810272516744 12510810232366578 12510810234043574 12510810273073828 12510810310694094

12510854509948428 12510854510593974 12510854513403642 12510854553414322 12510854510595978 12510854511143406 12510854560719968 12510854598063816
12510854553463294 12510854554628394 12510854607239636 12510854644591638 12510854598135288 12510854599173102 12510854654641908 12510854691935058
12510854644670480 12510854645812912 12510854703272956 12510854740570124 12510854691966138 12510854693017684 12510854750773050 12510854788027092
12510854740604888 12510854741668962 12510854794396062 12510854831811606 12510854788060236 12510854789232986 12510854835706778 12510854873715344
12510854831844382 12510854832935622 12510854875524464 12510854912886994 12510854873802231 12510854874945398 12510854915016654 12510854952455056
12510854912971790 12510854914641250 12510854954505818 12510854991770826 12510854952485180 12510854954390606 12510854994221150 12510855031522230
12510854991802708 12510854993837468 12510855033777296 12510855071132594 12510855031557730 12510855033365725 12510855073365902 12510855110667126
12510855071162920 12510855072992908 12510855113159932 12510855150468996 12510855110695854 12510855112037664 12510855152378086 12510855190403626
12510855150502326 12510855152208152 12510855193149368 12510855230453514 12510855190439066 12510855192503248 12510855231077734 12510855268349842

12510772199808188 12510772200440474 12510772203056427 12510772248454218 12510772200442424 12510772201000076 12510772250628436 12510772293313458
12510772248495040 12510772249741462 12510772296526594 12510772333862344 12510772293344024 12510772294435572 12510772344613220 12510772381857458
12510772333885354 12510772335225302 12510772391137066 12510772429015398 12510772381954094 12510772383558790 12510772432468844 12510772469717096
12510772429116120 12510772430220984 12510772475114076 12510772512361416 12510772469798188 12510772471460268 12510772522393158 12510772559606440
12510772512455146 12510772514040490 12510772563226614 12510772600533682 12510772559690691 12510772561320410 12510772603092439 12510772640396900
12510772600606776 12510772601735097 12510772642460238 12510772679730820 12510772640484362 12510772642106868 12510772682047956 12510772719268306
12510772679760468 12510772681862390 12510772722072754 12510772759320106 12510772719297544 12510772722079712 12510772761550788 12510772798949976
12510772759351222 12510772761543382 12510772801121422 12510772838518370 12510772798977938 12510772801109226 12510772840682278 12510772878260940
12510772838540672 12510772840688272 12510772880834592 12510772918706850 12510772878289322 12510772880494306 12510772933931076 12510772971171384

12510799969689592 12510799970365726 12510799973141099 12510800018836958 12510799970368151 12510799971653866 12510800020714210 12510800066301714
12510800018860818 12510800019980104 12510800068456694 12510800113809666 12510800066338638 12510800067843602 12510800115482476 12510800160811502
12510800113841254 12510800115490890 12510800162952490 12510800202122652 12510800160836564 12510800162960376 12510800207521840 12510800244798314
12510800202166462 12510800204261384 12510800254828734 12510800292077046 12510800244823518 12510800246960046 12510800295592396 12510800332907784
12510800292107692 12510800294149740 12510800335513904 12510800372791654 12510800332937944 12510800335031654 12510800374803752 12510800412062250
12510800372814824 12510800374810586 12510800414203338 12510800451401826 12510800412088678 12510800414154534 12510800453587004 12510800490997994
12510800451433512 12510800453525530 12510800493559466 12510800531453796 12510800491022052 12510800493140978 12510800533687246 12510800570966272
12510800531491390 12510800533693654 12510800573120752 12510800610355656 12510800570997674 12510800572766382 12510800612316438 12510800649541488
12510800610385130 12510800612325248 12510800651737640 12510800689004594 12510800649572142 12510800651689578 12510800690151724 12510800727392026

12510799303544118 12510799304169982 12510799306989324 12510799352133970 12510799304172428 12510799304735436 12510799354281512 12510799399548512
12510799352167972 12510799353282616 12510799400223978 12510799445780692 12510799399570902 12510799401265088 12510799448109544 12510799493433076
12510799445806210 12510799448092572 12510799495635184 12510799540879968 12510799493461326 12510799495610846 12510799543041484 12510799588193894
12510799540908922 12510799543047174 12510799590344714 12510799628941912 12510799588225148 12510799590333220 12510799631082542 12510799667975418
12510799628980266 12510799631088484 12510799670160502 12510799707076590 12510799668004078 12510799670152610 12510799710078924 12510799746854020
12510799707104628 12510799708053054 12510799749516466 12510799786436602 12510799746882050 12510799749013543 12510799788457056 12510799825501363
12510799786465496 12510799787507876 12510799828448554 12510799866028050 12510799825521267 12510799826658177 12510799868047108 12510799904955064
12510799866053030 12510799867069950 12510799907775124 12510799945259628 12510799905048294 12510799906203354 12510799947121810 12510799983969420
12510799945347626 12510799947061016 12510799986154144 12510800023030936 12510799984003650 12510799985538342 12510800025808020 12510800062673756

12510827557532940 12510827558174610 12510827560457760 12510827605855926 12510827558177320 12510827558731176 12510827608106606 12510827653472702
12510827605891860 12510827607014452 12510827655491868 12510827700802704 12510827653550628 12510827655101166 12510827703417652 12510827748761890
12510827700838604 12510827702643332 12510827750479618 12510827791286450 12510827748793618 12510827750487944 12510827793756948 12510827831058276
12510827791328220 12510827792540970 12510827833002664 12510827870287268 12510827831143610 12510827833008922 12510827872324830 12510827909705506
12510827870316372 12510827871978296 12510827922490774 12510827959718236 12510827909728212 12510827910896588 12510827961217860 12510827998449780
12510827959812070 12510827961225244 12510828001152362 12510828038394428 12510827998542078 12510828000489478 12510828040859194 12510828078220266
12510828038425504 12510828040080468 12510828080249216 12510828118129312 12510828078301232 12510828079352938 12510828120787188 12510828158132192
12510828118182334 12510828119339330 12510828160037175 12510828197365300 12510828158224332 12510828159301022 12510828200052934 12510828237354402
12510828197455124 12510828199013238 12510828240644179 12510828278032426 12510828237427582 12510828238594790 12510828279182922 12510828316566382

12510815175327418 12510815175965362 12510815178858028 12510815224313238 12510815175967752 12510815176724296 12510815226450120 12510815271927050
12510815224346098 12510815226132668 12510815272615490 12510815317967762 12510815271959382 12510815273607872 12510815321060458 12510815366491518
12510815317999512 12510815319085608 12510815368634570 12510815414057298 12510815366528154 12510815367704332 12510815416135828 12510815457863732
12510815414088996 12510815415596584 12510815462008660 12510815499234944 12510815457954630 12510815459745002 12510815501076800 12510815538386680
12510815499259144 12510815501090586 12510815540870292 12510815578154208 12510815538415252 12510815539490332 12510815580149528 12510815617413240
12510815578188430 12510815579219238 12510815619597464 12510815656868096 12510815617445870 12510815618805418 12510815658854574 12510815696497768
12510815656950696 12510815658750634 12510815699053356 12510815736329454 12510815696516878 12510815698561716 12510815738268972 12510815776260584
12510815736364512 12510815738276102 12510815778675393 12510815816031146 12510815776305720 12510815777522076 12510815818059032 12510815855345098
12510815816110644 12510815817949816 12510815857875854 12510815895162336 12510815855375722 12510815857352600 12510815909674402 12510815946892898

12510739659894632 12510739660523728 12510739663025114 12510739708229024 12510739660525856 12510739661297980 12510739710132432 12510739755281890
12510739708263566 12510739709589230 12510739757246082 12510739797303550 12510739755312926 12510739757254188 12510739803954408 12510739840762258
12510739797345192 12510739799178839 12510739852350380 12510739889183448 12510739840834656 12510739841871368 12510739898883928 12510739935714922
12510739889210818 12510739890525902 12510739942734894 12510739979581242 12510739935796738 12510739937251776 12510739985059252 12510740021959670
12510739979615170 12510739980703434 12510740028835802 12510740065742550 12510740021996714 12510740023841346 12510740070359456 12510740108004018
12510740065770284 12510740066895092 12510740111856566 12510740148690806 12510740108044660 12510740109147172 12510740153333434 12510740190238142
12510740148774754 12510740149986878 12510740194902732 12510740231805728 12510740190265472 12510740191383874 12510740235497082 12510740272428088
12510740231844592 12510740232935626 12510740278595834 12510740315474256 12510740272457846 12510740274122848 12510740317954502 12510740354820342
12510740315502154 12510740316551190 12510740356729452 12510740393689724 12510740354846622 12510740356018290 12510740396377476 12510740433909496

12510724568001104 12510724568637840 12510724571151214 12510724616319726 12510724568640468 12510724569202694 12510724618277468 12510724663379918
12510724616356320 12510724617413984 12510724665155866 12510724710625886 12510724663470888 12510724665083110 12510724712962214 12510724749803226
12510724710659980 12510724712791414 12510724760261116 12510724797398764 12510724749840100 12510724751858638 12510724801579828 12510724838405446
12510724797432558 12510724799047246 12510724844261582 12510724881104762 12510724838435924 12510724840095214 12510724891493686 12510724929156376
12510724881135608 12510724883231842 12510724932345784 12510724969387638 12510724929181020 12510724931227286 12510724972281646 12510725009081440
12510724969419680 12510724970837488 12510725012102616 12510725049972480 12510725009171338 12510725011095388 12510725052664342 12510725089486572
12510725050049442 12510725051607948 12510725092209672 12510725129103072 12510725089560408 12510725090889184 12510725131019724 12510725167793680
12510725129194906 12510725130285514 12510725170028448 12510725206924970 12510725167885976 12510725169078584 12510725209590960 12510725246490788
12510725207010236 12510725208231458 12510725249969070 12510725286779626 12510725246526508 12510725248670238 12510725302792910 12510725339853918

12510725732181760 12510725732817700 12510725735658994 12510725776004478 12510725732820022 12510725733368276 12510725782925068 12510725820239728
12510725776050930 12510725777314322 12510725828868436 12510725866286364 12510725820317844 12510725821419832 12510725875642016 12510725912885716
12510725866314762 12510725868461390 12510725923282534 12510725960565894 12510725912918778 12510725914990158 12510725970710684 12510726008041712
12510725960595472 12510725962436898 12510726018013296 12510726055323522 12510726008070904 12510726009758458 12510726058758038 12510726096724430
12510726055357776 12510726056984678 12510726098930702 12510726136291264 12510726096767978 12510726098546544 12510726138569178 12510726176016046
12510726136320588 12510726138043742 12510726178246952 12510726215596590 12510726176041726 12510726177677194 12510726217710184 12510726255128816
12510726215667086 12510726217114018 12510726257465629 12510726294813362 12510726255162594 12510726257090962 12510726297258998 12510726334534246
12510726294843982 12510726296488628 12510726336697746 12510726374022548 12510726334568534 12510726335962022 12510726376287204 12510726414347972
12510726374051502 12510726375502600 12510726416434924 12510726453798564 12510726414383988 12510726415884384 12510726454469070 12510726491767404

12510850664838270 12510850665473094 12510850667759746 12510850705147776 12510850665475684 12510850666024320 12510850715395982 12510850752864678
12510850705183832 12510850706313286 12510850762823796 12510850800318102 12510850752894530 12510850753893382 12510850810748788 12510850848288308
12510850800413158 12510850801366478 12510850858383292 12510850895948086 12510850848383956 12510850849363472 12510850903571468 12510850941050910
12510850896039914 12510850897026168 12510850950783608 12510850988980244 12510850941136056 12510850942244226 12510850990164252 12510851027337224
12510850989065744 12510850990154058 12510851029823768 12510851067080888 12510851027423278 12510851028656616 12510851069109130 12510851106436792
12510851067110636 12510851069015990 12510851108622972 12510851145894580 12510851106466660 12510851107605178 12510851148087944 12510851185360542
12510851145926602 12510851147963558 12510851187593939 12510851224837246 12510851185390620 12510851187583713 12510851226939022 12510851264236412
12510851224867282 12510851225986184 12510851266388452 12510851303684050 12510851264269442 12510851265501832 12510851307262154 12510851344499996
12510851303708438 12510851305391667 12510851347019492 12510851384222558 12510851344621424 12510851345746360 12510851386648550 12510851423899690

12510744335508012 12510744336143372 12510744339055910 12510744384600150 12510744336145820 12510744336693198 12510744386673402 12510744432120926
12510744384637682 12510744386542538 12510744433489432 12510744478865464 12510744432148536 12510744433476342 12510744481343396 12510744526690212
12510744478896430 12510744480112838 12510744528668494 12510744573993120 12510744526789154 12510744528657452 12510744576255252 12510744620182994
12510744574020034 12510744576162434 12510744622322444 12510744659720022 12510744620224868 12510744621459566 12510744662122943 12510744699481822
12510744659784046 12510744661681711 12510744703595966 12510744740938548 12510744699506866 12510744700952682 12510744745125992 12510744782560960
12510744741013912 12510744742856432 12510744786621888 12510744823915468 12510744782588738 12510744783712614 12510744828107752 12510744865529492
12510744823948064 12510744825076852 12510744869644010 12510744907031702 12510744865555578 12510744867422338 12510744910220694 12510744948215942
12510744907062502 12510744908158094 12510744953399976 12510744990735356 12510744948259682 12510744950394672 12510744992760878 12510745030110816
12510744990765968 12510744992677362 12510745032344733 12510745069815860 12510745030137718 12510745032358080 12510745071008632 12510745108456422

12510683427318849 12510683427965295 12510683430532873 12510683470213568 12510683427968382 12510683428520441 12510683477260189 12510683516975575
12510683470245425 12510683471292402 12510683524629197 12510683564069461 12510683517007008 12510683518186546 12510683572166289 12510683611575461
12510683564101206 12510683566007398 12510683618687584 12510683658151867 12510683611666038 12510683612795374 12510683666250094 12510683705689780
12510683658249215 12510683660190788 12510683713499960 12510683753471222 12510683705716479 12510683706811822 12510683754637647 12510683794061777
12510683753516900 12510683754643909 12510683796259719 12510683835597315 12510683794087312 12510683795334432 12510683837779906 12510683877058662
12510683835624674 12510683836854890 12510683879282108 12510683918578995 12510683877080982 12510683878343723 12510683920759610 12510683960102293
12510683918608494 12510683919833834 12510683962323894 12510684001695367 12510683960128322 12510683961373404 12510684003918373 12510684043847116
12510684001724560 12510684003924941 12510684046014976 12510684083230556 12510684043879114 12510684045133836 12510684085536349 12510684122927288
12510684083303566 12510684084482612 12510684125132854 12510684162629556 12510684122956748 12510684125066678 12510684163854548 12510684201565580

12510672318826782 12510672319464910 12510672321985162 12510672366775378 12510672319466944 12510672320014672 12510672369129572 12510672406144748
12510672366817436 12510672367903240 12510672415938616 12510672452919488 12510672406181052 12510672407717706 12510672463788080 12510672500782754
12510672452949906 12510672454080846 12510672502769702 12510672539721532 12510672500812326 12510672501867820 12510672549912672 12510672587033638
12510672539750206 12510672540822434 12510672590916778 12510672627866440 12510672587060538 12510672588160980 12510672634108464 12510672671024460
12510672627900296 12510672628992198 12510672687204750 12510672724101424 12510672671116172 12510672672231934 12510672728682324 12510672765589118
12510672724198452 12510672725585398 12510672770173860 12510672807144938 12510672765624072 12510672766882150 12510672811663924 12510672848740360
12510672807178696 12510672808411208 12510672853201208 12510672890140082 12510672848770112 12510672850002102 12510672893744000 12510672930695466
12510672890170076 12510672891241398 12510672936961290 12510672973893420 12510672930731576 12510672931836536 12510672976328096 12510673013967564
12510672973923786 12510672975024246 12510673015136732 12510673052392104 12510673014000306 12510673015128070 12510673054741986 12510673091862908

12510718655695488 12510718656332206 12510718659140012 12510718696439242 12510718656334774 12510718656900258 12510718700883204 12510718738246748
12510718696469320 12510718697492666 12510718745255744 12510718782524638 12510718738277706 12510718739704236 12510718792137508 12510718829520188
12510718782597808 12510718783684742 12510718838563304 12510718875926918 12510718829620150 12510718830675122 12510718886000210 12510718923391958
12510718876006692 12510718877102516 12510718933301827 12510718970703158 12510718923421640 12510718924552978 12510718980530902 12510719017968874
12510718970733920 12510718971797192 12510719022048486 12510719059485462 12510719017997894 12510719019107840 12510719062083958 12510719099451148
12510719059511760 12510719060610826 12510719101762738 12510719139707992 12510719099521886 12510719101366130 12510719141433760 12510719178797628
12510719139755738 12510719140900582 12510719181068964 12510719218508450 12510719178877626 12510719180595236 12510719220772248 12510719258252692
12510719218538188 12510719220209330 12510719260501406 12510719297861936 12510719258278620 12510719259910794 12510719300120664 12510719337728058
12510719297928108 12510719299474206 12510719340068142 12510719377408500 12510719337752802 12510719339520656 12510719389655126 12510719426950892

12510730475294872 12510730475939458 12510730478460760 12510730523935046 12510730475941994 12510730476715192 12510730525985812 12510730571419188
12510730523956232 12510730525266034 12510730573667652 12510730619039240 12510730571452112 12510730572581622 12510730621296979 12510730666732066
12510730619068980 12510730620163898 12510730669024540 12510730708737010 12510730666812226 12510730667892146 12510730710977840 12510730748299590
12510730708783670 12510730709887630 12510730750952782 12510730788273624 12510730748327146 12510730749975366 12510730790423832 12510730827680472
12510730788308842 12510730789477870 12510730840311932 12510730877574908 12510730827712766 12510730828789914 12510730879596734 12510730917039156
12510730877658630 12510730878759662 12510730919123174 12510730956499980 12510730917067584 12510730918194650 12510730958578660 12510730995901610
12510730956573384 12510730957602258 12510730998792698 12510731036715918 12510730996017116 12510730997818722 12510731039825626 12510731077385694
12510731036802150 12510731037851498 12510731079444242 12510731116937982 12510731077412092 12510731079188114 12510731119045704 12510731156500532
12510731117025426 12510731118721888 12510731158512046 12510731196039456 12510731156524290 12510731158441478 12510731197212854 12510731234683202

12510773575337910 12510773575984834 12510773578746952 12510773615902098 12510773575987312 12510773576761246 12510773618642358 12510773655966526
12510773615933430 12510773617082612 12510773658454869 12510773695720554 12510773656039898 12510773657811246 12510773721167486 12510773758417006
12510773695751592 12510773696845350 12510773767459120 12510773804703236 12510773758447750 12510773759543480 12510773816082200 12510773853974828
12510773804793520 12510773805923782 12510773862150578 12510773899425566 12510773854071984 12510773855166168 12510773901524990 12510773938761592
12510773899519104 12510773900607708 12510773941505886 12510773978890690 12510773938852038 12510773940059986 12510773982693974 12510774019965292
12510773978924676 12510773980096182 12510774024321426 12510774061600818 12510774019997252 12510774021145402 12510774065727898 12510774103170994
12510774061694320 12510774062815140 12510774107259758 12510774144621838 12510774103205238 12510774104369522 12510774148790722 12510774186777618
12510774144655680 12510774145831312 12510774190214056 12510774227509700 12510774186860500 12510774188290942 12510774232497422 12510774269731408
12510774227602826 12510774228742878 12510774272169914 12510774309464054 12510774269824706 12510774270991528 12510774310421206 12510774347771198

3146029905601846 3146029906232224 3146029908960464 3146029946185638 3146029906234914 3146029906998692 3146029956048726 3146029993456598
3146029946215440 3146029947307226 3146030003371918 3146030040723856 3146029993532568 3146029994561412 3146030050863516 3146030088225644
3146030040818872 3146030041871378 3146030093554624 3146030130924188 3146030088262572 3146030089369086 3146030132616872 3146030169942576
3146030130956160 3146030132028184 3146030172080422 3146030210004526 3146030169970288 3146030171467308 3146030212178008 3146030249501970
3146030210095206 3146030211657030 3146030274607978 3146030311900498 3146030249577502 3146030251302388 3146030316126678 3146030353451302
3146030311929202 3146030313495696 3146030357625686 3146030394904972 3146030353485606 3146030354933564 3146030399103136 3146030436443416
3146030394938132 3146030396479192 3146030440670290 3146030478197450 3146030436475174 3146030438033768 3146030482263346 3146030519775626
3146030478221186 3146030479389548 3146030524363648 3146030562370766 3146030519801368 3146030521008804 3146030564603684 3146030602015188
3146030562453958 3146030563570306 3146030604299740 3146030641577806 3146030602035514 3146030603156862 3146030642204002 3146030679464072

12510748061792344 12510748062421532 12510748065223454 12510748110410626 12510748062424018 12510748063196752 12510748112376304 12510748152535082
12510748110451990 12510748111479092 12510748154453690 12510748191937940 12510748152561330 12510748154459858 12510748193842118 12510748230789766
12510748191957392 12510748193592910 12510748233188238 12510748270064336 12510748230871928 12510748232062614 12510748271959640 12510748309524130
12510748270097806 12510748271897634 12510748311821754 12510748348782784 12510748309570780 12510748311759232 12510748350950456 12510748387835142
12510748348813016 12510748350889738 12510748389974126 12510748426894958 12510748387866212 12510748389958416 12510748429132650 12510748466042490
12510748426925438 12510748429115750 12510748469548796 12510748506421194 12510748466071762 12510748467917004 12510748511092862 12510748547968540
12510748506453670 12510748507850290 12510748584569804 12510748622178994 12510748547999284 12510748549486588 12510748624742578 12510748661710956
12510748622265106 12510748624285196 12510748664990064 12510748701889266 12510748661742740 12510748662958382 12510748704164344 12510748741153192
12510748701920334 12510748704005012 12510748744027908 12510748780946984 12510748741186610 12510748742908646 12510748796654680 12510748833504384

12510697775495118 12510697776133490 12510697778962822 12510697816389674 12510697776136058 12510697777443974 12510697818172826 12510697856052248
12510697816417062 12510697818113410 12510697859815766 12510697897161982 12510697856075758 12510697857181500 12510697905942000 12510697943873548
12510697897193736 12510697898317690 12510697946121972 12510697983411538 12510697943964602 12510697945572506 12510697985442888 12510698022662744
12510697983505282 12510697985435024 12510698024776022 12510698062061140 12510698022691060 12510698023911806 12510698064171086 12510698101487320
12510698062090426 12510698064165052 12510698103741368 12510698140950484 12510698101519716 12510698103721298 12510698179953656 12510698217216240
12510698140996170 12510698143025284 12510698221510646 12510698258808880 12510698217248372 12510698218365734 12510698261234682 12510698298483132
12510698258842726 12510698260585720 12510698300907666 12510698338210042 12510698298576258 12510698300065364 12510698340596002 12510698377980892
12510698338241676 12510698339470134 12510698380330072 12510698417617276 12510698378010318 12510698379079430 12510698419948474 12510698457191600
12510698417717526 12510698418721674 12510698459896594 12510698497140994 12510698457223076 12510698459189931 12510698498029034 12510698535315162

12510673970322984 12510673970955384 12510673973450202 12510674018866104 12510673970957462 12510673971744682 12510674021025646 12510674066580136
12510674018899550 12510674020469986 12510674068915238 12510674114290036 12510674066605458 12510674068346628 12510674116532262 12510674162095278
12510674114322038 12510674115911230 12510674164180811 12510674204579064 12510674162118260 12510674163752608 12510674206556834 12510674243861656
12510674204616170 12510674206502110 12510674245983064 12510674283229158 12510674243890632 12510674245976334 12510674285410990 12510674322655360
12510674283258130 12510674284416316 12510674324807790 12510674362069316 12510674322688222 12510674324745950 12510674376155868 12510674413528910
12510674362095166 12510674364187114 12510674415439088 12510674452751550 12510674413549768 12510674415445086 12510674454381146 12510674491704080
12510674452777670 12510674454271622 12510674494793064 12510674532817658 12510674491732306 12510674493781214 12510674534856496 12510674572042000
12510674532862854 12510674534074344 12510674574411002 12510674611653406 12510674572113362 12510674573774384 12510674613916836 12510674651169350
12510674611742100 12510674612867104 12510674653569820 12510674690852638 12510674651200218 12510674652259346 12510674692255858 12510674729428078

12510736083901822 12510736084533398 12510736087313786 12510736125748650 12510736084535518 12510736085085158 12510736128020090 12510736164911654
12510736125791758 12510736126839810 12510736167029136 12510736203870120 12510736164941734 12510736167018614 12510736228114946 12510736265693048
12510736203899964 12510736205891130 12510736270203708 12510736307063210 12510736265733590 12510736267121320 12510736309971330 12510736346843748
12510736307125926 12510736308584714 12510736358657158 12510736395478828 12510736346931984 12510736348775812 12510736398072140 12510736434963110
12510736395515666 12510736397375616 12510736448783360 12510736485580438 12510736434987622 12510736436921338 12510736489258222 12510736526121386
12510736485613878 12510736486623944 12510736530356722 12510736567256210 12510736526152480 12510736527140494 12510736572032086 12510736608927844
12510736567292682 12510736568465946 12510736613788714 12510736650648630 12510736609026198 12510736610652820 12510736655051774 12510736691948316
12510736650729218 12510736651863166 12510736697621730 12510736734462576 12510736692036713 12510736693177964 12510736738289006 12510736775185590
12510736734552144 12510736735613114 12510736780583668 12510736817443148 12510736775219730 12510736776307482 12510736818922240 12510736855860056

12510714778566966 12510714779195278 12510714781751600 12510714826891440 12510714779197762 12510714779959862 12510714829385340 12510714874510720
12510714826927366 12510714827963072 12510714876303166 12510714921440224 12510714874540196 12510714876311422 12510714923792276 12510714964490044
12510714921468374 12510714923352384 12510714966474814 12510715003387114 12510714964582092 12510714966481334 12510715005514094 12510715042449118
12510715003418940 12510715004560314 12510715044901339 12510715081978846 12510715042476652 12510715043588506 12510715083924492 12510715121070612
12510715082006692 12510715083930564 12510715123268826 12510715160308458 12510715121095162 12510715122276974 12510715187020986 12510715223945312
12510715160336458 12510715162572856 12510715228511148 12510715266378390 12510715223974158 12510715225178636 12510715269937252 12510715307093756
12510715266409377 12510715268024350 12510715311498336 12510715348363670 12510715307129468 12510715308749684 12510715353222616 12510715390184210
12510715348409686 12510715349949990 12510715394753780 12510715431705472 12510715390228662 12510715391761970 12510715437543640 12510715474535312
12510715431744646 12510715433248054 12510715477244186 12510715514129132 12510715474577158 12510715476124500 12510715515070058 12510715552037790

12510635840251162 12510635840880386 12510635843655661 12510635882080822 12510635840882504 12510635841434818 12510635891250420 12510635928170406
12510635882123256 12510635883034384 12510635938992546 12510635975778990 12510635928204510 12510635929217756 12510635986013140 12510636022855898
12510635975874572 12510635976918306 12510636033488946 12510636070415906 12510636022950738 12510636024038464 12510636074810810 12510636111715888
12510636070448282 12510636071602430 12510636117506556 12510636154458438 12510636111751194 12510636112863244 12510636164696342 12510636202262178
12510636154491744 12510636155629816 12510636205539397 12510636242432536 12510636202364414 12510636203502682 12510636246315378 12510636283154534
12510636242460876 12510636244119820 12510636285615952 12510636322509512 12510636283249504 12510636284607330 12510636324201206 12510636361085586
12510636322597474 12510636323633626 12510636364600018 12510636401392714 12510636361184178 12510636362331402 12510636404217354 12510636441055894
12510636401421714 12510636402842624 12510636443652620 12510636480654064 12510636441091072 12510636442816100 12510636482873028 12510636520425720
12510636480677282 12510636481877442 12510636522461152 12510636559265868 12510636520523410 12510636521674140 12510636561514096 12510636598353156

12510762916820864 12510762917450328 12510762920259984 12510762958318114 12510762917452890 12510762918004912 12510762967550316 12510763004835126
12510762958360540 12510762959482794 12510763013493478 12510763050776818 12510763004907782 12510763005947472 12510763061389814 12510763098654562
12510763050865028 12510763052660574 12510763108914640 12510763146179598 12510763098688138 12510763099788040 12510763156309730 12510763193592334
12510763146212190 12510763147300832 12510763203615976 12510763241062098 12510763193685098 12510763194754530 12510763244467198 12510763282541356
12510763241097184 12510763242192100 12510763283729840 12510763320997032 12510763282622786 12510763283738826 12510763323338044 12510763360556096
12510763321086236 12510763322566608 12510763362794172 12510763400169744 12510763360647058 12510763362785497 12510763402350382 12510763439653398
12510763400198888 12510763402304682 12510763442030232 12510763479213028 12510763439686692 12510763441686262 12510763481251584 12510763518434762
12510763479246796 12510763481260060 12510763521032694 12510763558316164 12510763518465434 12510763519660048 12510763560334854 12510763597703912
12510763558343568 12510763560326012 12510763599766750 12510763637683750 12510763597733724 12510763599772684 12510763638873940 12510763676095176
