25 3537
12511174829504486 12511174829519814 12511174835828424 12511175309598874 12511175309601248 12511175309655436 12511175347233340 12511175820034434
12511175820037934 12511175820090498 12511175855915356 12511176329223210 12511176329228388 12511176329277378 12511176366721984 12511176841046166
12511176841051202 12511176841103220 12511176875150632 12511177347487738 12511177347490656 12511177347541624 12511177387609876 12511177861008618
12511177861012034 12511177861066736 12511177896947458 12511178368618254 12511178368623378 12511178368672174 12511178408334312 12511178881110272
12511178881113872 12511178881160946 12511178918672992 12511179392345918 12511179392347438 12511179392397924 12511179429329214 12511179902600928
12511179902601712 12511179902651868 12511179940172868 12511180412544498 12511180412549626 12511180412600054 12511180451092854 12511180922607852
12511180922673796 12511180922730988 12511180960724172 12511181433928932 12511181433931856 12511181434103832 12511181473732228 12511181947544490
12511181947547900 12511181947625364 12511181982499220 12511182455803068 12511182455806284 12511182455881106 12511182494627514 12511182967290092
12511182967290906 12511182967339298 12511183003182450 12511183476575574 12511183476577146 12511183476626830 12511183515190066 12511183988302802

12511219790049714 12511219790062104 12511219795609684 12511220268841802 12511220268845210 12511220268915316 12511220276509097 12511220750420666
12511220750423466 12511220750497500 12511220786476312 12511221259606662 12511221259611436 12511221259668108 12511221295461908 12511221769026238
12511221769029020 12511221769081654 12511221807949958 12511222281918134 12511222281921954 12511222281976278 12511222314417824 12511222788227472
12511222788228290 12511222788292342 12511222825913716 12511223300916244 12511223300921014 12511223300973630 12511223333797856 12511223807942884
12511223807943716 12511223808001120 12511223846587532 12511224321707030 12511224321708686 12511224321764336 12511224357998792 12511224833314138
12511224833315064 12511224833370108 12511224867531388 12511225342193304 12511225342197988 12511225342255534 12511225377498914 12511225851808280
12511225851886494 12511225851944286 12511225892825870 12511226368318762 12511226368320358 12511226368503050 12511226406622782 12511226881740258
12511226881741002 12511226881813866 12511226912766074 12511227387942192 12511227387947346 12511227388019824 12511227421468952 12511227897086766
12511227897087578 12511227897149840 12511227933236626 12511228408169138 12511228408170800 12511228408238624 12511228441956186 12511228917368100

12511137477650876 12511137477666190 12511137484896190 12511137959107746 12511137959107758 12511137959172858 12511137995151730 12511138469146222
12511138469147766 12511138469211922 12511138502626710 12511138977419738 12511138977420882 12511138977489524 12511139013449372 12511139490220730
12511139490221256 12511139490273356 12511139521053426 12511139996702816 12511139996703968 12511139996755414 12511140029858104 12511140504321396
12511140504321906 12511140504379148 12511140537445648 12511141011870866 12511141011872066 12511141011926766 12511141046309096 12511141521373832
12511141521376126 12511141521423184 12511141554616068 12511142030397782 12511142030399552 12511142030450518 12511142064140538 12511142539523860
12511142539524474 12511142539572532 12511142571424760 12511143045990396 12511143045991546 12511143046049782 12511143099462836 12511143575001680
12511143575027492 12511143575079810 12511143612414872 12511144088593026 12511144088594182 12511144088765268 12511144111154016 12511144588221708
12511144588222216 12511144588295846 12511144617038656 12511145092549244 12511145092550428 12511145092625630 12511145126918168 12511145601779258
12511145601780746 12511145601839370 12511145611438386 12511146087017776 12511146087018922 12511146087087016 12511146099398242 12511146573685162

12511165248447690 12511165248459290 12511165253805644 12511165729354454 12511165729356190 12511165729420094 12511165735597786 12511166210303910
12511166210308760 12511166210384494 12511166244474352 12511166720034378 12511166720038756 12511166720103406 12511166753220368 12511167227553116
12511167227558340 12511167227606690 12511167266042076 12511167741506016 12511167741508456 12511167741560890 12511167772482054 12511168247410276
12511168247414048 12511168247474778 12511168279837210 12511168755952776 12511168755955128 12511168756008090 12511168787389464 12511169263182210
12511169263184570 12511169263236484 12511169296940844 12511169771273336 12511169771277776 12511169771330822 12511169805903354 12511170281427102
12511170281430330 12511170281481470 12511170315074362 12511170789631422 12511170789633188 12511170789685112 12511170821603500 12511171297754802
12511171297813664 12511171297870010 12511171351192192 12511171825985368 12511171825987682 12511171826165020 12511171864957220 12511172339567956
12511172339570750 12511172339642864 12511172363847258 12511172839115370 12511172839119458 12511172839191816 12511172868182878 12511173343010364
12511173343011284 12511173343069036 12511173377955598 12511173854104654 12511173854106410 12511173854171160 12511173868471712 12511174343159332

12511164582346032 12511164582357984 12511164587736670 12511165059239516 12511165059244296 12511165059295254 12511165068972940 12511165540025488
12511165540028250 12511165540079972 12511165578055778 12511166049833962 12511166049835662 12511166049889598 12511166087331622 12511166561353272
12511166561356632 12511166561407392 12511166598418926 12511167069410268 12511167069413900 12511167069463628 12511167104900054 12511167576779740
12511167576780794 12511167576830008 12511167618962796 12511168092638916 12511168092640584 12511168092690554 12511168126916168 12511168598435912
12511168598436726 12511168598500302 12511168638996942 12511169112523928 12511169112528220 12511169112576496 12511169150400100 12511169621540940
12511169621541738 12511169621590426 12511169660600438 12511170131500658 12511170131504946 12511170131554496 12511170170620772 12511170641649682
12511170641707462 12511170641761348 12511170680145492 12511171151332640 12511171151338770 12511171151519002 12511171192401824 12511171665889018
12511171665891792 12511171665957130 12511171705588804 12511172176356850 12511172176361138 12511172176438070 12511172213860540 12511172685711738
12511172685713896 12511172685762216 12511172725553720 12511173196758302 12511173196762640 12511173196814030 12511173234673344 12511173706460960

12511192837227344 12511192837239416 12511192842638476 12511193315361620 12511193315364436 12511193315436088 12511193324216802 12511193796541746
12511193796543930 12511193796611634 12511193835959174 12511194309190844 12511194309193650 12511194309262920 12511194343967578 12511194818229118
12511194818233152 12511194818282060 12511194855930596 12511195330671538 12511195330676214 12511195330729888 12511195365981938 12511195839266590
12511195839270734 12511195839327448 12511195875175414 12511196348181128 12511196348184000 12511196348235686 12511196384300818 12511196857498882
12511196857502184 12511196857550010 12511196895921462 12511197368910940 12511197368912550 12511197368964306 12511197407116116 12511197880764754
12511197880765494 12511197880817180 12511197921358744 12511198393899886 12511198393904622 12511198393955530 12511198428035854 12511198901176420
12511198901249762 12511198901304592 12511198939214528 12511199431241598 12511199431245152 12511199431424353 12511199449301055 12511199935934724
12511199935938804 12511199936010450 12511199960898474 12511200434615028 12511200434616620 12511200434689956 12511200469239568 12511200941978296
12511200941979164 12511200942038434 12511200980812676 12511201454069358 12511201454073612 12511201454138410 12511201489939998 12511201963169012

12511180454746932 12511180454762548 12511180461056436 12511180934012910 12511180934016358 12511180934081976 12511180971666026 12511181445495818
12511181445496564 12511181445566130 12511181479072300 12511181954117350 12511181954122146 12511181954184904 12511181990045976 12511182463613780
12511182463614574 12511182463666034 12511182497602312 12511182972012076 12511182972015534 12511182972068130 12511183006020046 12511183479336912
12511183479337640 12511183479405972 12511183514011172 12511183988355388 12511183988359586 12511183988425110 12511184022904658 12511184496215004
12511184496215772 12511184496265242 12511184531754074 12511185005434138 12511185005435846 12511185005486164 12511185040749048 12511185516313872
12511185516314664 12511185516366454 12511185548037452 12511186021141540 12511186021146250 12511186021197152 12511186076077490 12511186550297406
12511186550354798 12511186550420524 12511186589004858 12511187062563860 12511187062565714 12511187062736168 12511187087681328 12511187561318900
12511187561319710 12511187561392932 12511187593636718 12511188068528426 12511188068530190 12511188068599040 12511188103542514 12511188578032834
12511188578033638 12511188578090408 12511188587867546 12511189061742026 12511189061744832 12511189061811276 12511189076822232 12511189550404700

12511104937210092 12511104937226138 12511104944535128 12511105447016460 12511105447020070 12511105447101948 12511105454859620 12511105954320244
12511105954326056 12511105954408458 12511105962436488 12511106465144352 12511106465146060 12511106465225838 12511106473152846 12511106972768432
12511106972769438 12511106972832906 12511106980757210 12511107481528292 12511107481529982 12511107481591782 12511107489496358 12511107989003516
12511107989004312 12511107989077658 12511107997145332 12511108497941456 12511108497946204 12511108498008694 12511108506006000 12511109006383084
12511109006384546 12511109006444974 12511109014248712 12511109515862760 12511109515867082 12511109515925978 12511109523843918 12511110023301104
12511110023303050 12511110023364092 12511110031185734 12511110551616693 12511110551618702 12511110551672188 12511110559224160 12511111064384566
12511111064449183 12511111064530588 12511111072108542 12511111562497758 12511111562501446 12511111562694772 12511111570722210 12511112068636450
12511112068637248 12511112068730368 12511112076748218 12511112578558538 12511112578560952 12511112578652428 12511112586607510 12511113065003528
12511113065004262 12511113065065552 12511113071055758 12511113544829702 12511113544832018 12511113544899924 12511113551988326 12511114023559574

12511089844934514 12511089844945440 12511089851264082 12511090321485888 12511090321489840 12511090321544798 12511090361937040 12511090831676001
12511090831678149 12511090831733168 12511090869342632 12511091342375714 12511091342379516 12511091342432170 12511091380180646 12511091849763384
12511091849767178 12511091849814442 12511091887726976 12511092356685324 12511092356690008 12511092356744066 12511092396216566 12511092866563952
12511092866564740 12511092866622900 12511092904127674 12511093373664314 12511093373668102 12511093373720468 12511093413028516 12511093885938298
12511093885939082 12511093885989154 12511093921316614 12511094390267842 12511094390271464 12511094390324392 12511094430869532 12511094900879302
12511094900881704 12511094900936340 12511094938150210 12511095409924452 12511095409926110 12511095409978354 12511095466191090 12511095936862622
12511095936917750 12511095936973360 12511095979104090 12511096453286288 12511096453286300 12511096453456522 12511096477795962 12511096948411666
12511096948412464 12511096948475636 12511096983728074 12511097455011086 12511097455011132 12511097455076576 12511097493618984 12511097964462974
12511097964465860 12511097964513790 12511097978163916 12511098449132810 12511098449134678 12511098449191286 12511098458021788 12511098931009332

12511091009251058 12511091009260430 12511091014575722 12511091489313864 12511091489315394 12511091489370640 12511091495193484 12511091968572204
12511091968576772 12511091968627418 12511091999868304 12511092472815376 12511092472818846 12511092472870298 12511092510468514 12511092984103438
12511092984108312 12511092984158238 12511093018471762 12511093491289882 12511093491291960 12511093491343458 12511093524785584 12511093998425582
12511093998428800 12511093998489238 12511094034640052 12511094507526754 12511094507530840 12511094507579522 12511094541774840 12511095015645658
12511095015648806 12511095015696850 12511095054011184 12511095529497056 12511095529501332 12511095529552432 12511095558616652 12511096031710202
12511096031713884 12511096031764618 12511096069186674 12511096545980576 12511096545984650 12511096546038944 12511096578265960 12511097051609262
12511097051667938 12511097051719374 12511097105198560 12511097579127872 12511097579129510 12511097579296560 12511097621821840 12511098095992512
12511098095994918 12511098096066248 12511098116628928 12511098590587804 12511098590591362 12511098590654682 12511098623344200 12511099099320900
12511099099321626 12511099099374688 12511099132701998 12511099606145806 12511099606147442 12511099606196800 12511099631052678 12511100105346310

12511215945638066 12511215945652406 12511215952639012 12511216426833468 12511216426838186 12511216426905222 12511216463989214 12511216938609286
12511216938614252 12511216938678242 12511216972162500 12511217446651316 12511217446655384 12511217446716246 12511217483857854 12511217958882746
12511217958887324 12511217958935500 12511217992186472 12511218468766760 12511218468768366 12511218468818560 12511218503407956 12511218977837076
12511218977837816 12511218977901760 12511219012460960 12511219487239432 12511219487244162 12511219487292740 12511219524688466 12511219998955926
12511219998956706 12511219999009698 12511220034326748 12511220509941274 12511220509945374 12511220509995076 12511220546511974 12511221024229324
12511221024229370 12511221024283616 12511221056904008 12511221530906510 12511221530910968 12511221530963700 12511221567204020 12511222041847980
12511222041915352 12511222041989930 12511222076649684 12511222551366250 12511222551366262 12511222551532828 12511222577553504 12511223053165818
12511223053168552 12511223053238740 12511223072580932 12511223548543104 12511223548547896 12511223548622352 12511223579758966 12511224054822768
12511224054823514 12511224054885926 12511224091061792 12511224565674404 12511224565678496 12511224565742320 12511224600069168 12511225075270788

12511109613319162 12511109613329014 12511109619213246 12511110091439712 12511110091443356 12511110091506120 12511110129215980 12511110602199200
12511110602203272 12511110602269192 12511110637463410 12511111111830172 12511111111832566 12511111111893516 12511111141746808 12511111614987050
12511111614992148 12511111615060928 12511111631767864 12511112106817880 12511112106821974 12511112106876938 12511112141163486 12511112615302428
12511112615306196 12511112615364576 12511112650622746 12511113123719504 12511113123721268 12511113123774420 12511113159791338 12511113632317516
12511113632320720 12511113632369484 12511113671506970 12511114145044016 12511114145048756 12511114145100358 12511114182686574 12511114656196744
12511114656200114 12511114656251376 12511114696937642 12511115170791156 12511115170794978 12511115170846154 12511115203390978 12511115677593596
12511115677653538 12511115677709460 12511115715490412 12511116189520732 12511116189524344 12511116189703760 12511116228094868 12511116702890004
12511116702892778 12511116702960886 12511116728398982 12511117202891566 12511117202895326 12511117202962174 12511117233462504 12511117708321660
12511117708322440 12511117708379494 12511117743220256 12511118217400450 12511118217402852 12511118217465728 12511118238398224 12511118712593824

12511048703397806 12511048703412654 12511048710732982 12511049213004514 12511049213006084 12511049213067130 12511049221060924 12511049720653374
12511049720655564 12511049720716520 12511049728622708 12511050227428438 12511050227430108 12511050227483642 12511050239348854 12511050715902852
12511050715907304 12511050715957448 12511050746950798 12511051221771232 12511051221776838 12511051221831528 12511051255688602 12511051729262964
12511051729263728 12511051729322660 12511051763336092 12511052237263732 12511052237267462 12511052237319480 12511052272193576 12511052745416158
12511052745416956 12511052745466686 12511052780436886 12511053255979490 12511053255981218 12511053256033864 12511053290029790 12511053764972522
12511053764973268 12511053765025898 12511053797368630 12511054270916816 12511054270920550 12511054270971964 12511054325407112 12511054800117700
12511054800182394 12511054800247282 12511054838289592 12511055312424864 12511055312430464 12511055312600986 12511055336900220 12511055813104464
12511055813107216 12511055813176106 12511055842923946 12511056318302540 12511056318306822 12511056318375554 12511056352783298 12511056828332874
12511056828333618 12511056828383514 12511056837228914 12511057312034008 12511057312037690 12511057312088902 12511057318180582 12511057793334526

12511037594715808 12511037594729748 12511037601852166 12511038102578308 12511038102581496 12511038102646280 12511038111478370 12511038610801180
12511038610807476 12511038610868244 12511038619649508 12511039120486526 12511039120490812 12511039120553620 12511039127849240 12511039627809138
12511039627812372 12511039627914142 12511039635834182 12511040136739948 12511040136744284 12511040136804724 12511040144711934 12511040644016416
12511040644017832 12511040644090670 12511040652028842 12511041152727150 12511041152730298 12511041152795160 12511041160739854 12511041649274188
12511041649274960 12511041649328166 12511041655412408 12511042128307704 12511042128312406 12511042128367132 12511042152166294 12511042623640340
12511042623643106 12511042623696514 12511042660971752 12511043132777684 12511043132781982 12511043132834918 12511043166970164 12511043638015660
12511043638087208 12511043638137428 12511043696872714 12511044169074530 12511044169076244 12511044169244632 12511044209472972 12511044681132538
12511044681133356 12511044681200572 12511044709631064 12511045181570584 12511045181575264 12511045181641722 12511045214804512 12511045686052730
12511045686053478 12511045686105050 12511045724578698 12511046195589262 12511046195593790 12511046195658214 12511046208818260 12511046680313752

12511083933013724 12511083933026140 12511083938998742 12511084410688136 12511084410689718 12511084410749624 12511084446611888 12511084918441516
12511084918446836 12511084918515660 12511084954736468 12511085427422360 12511085427427142 12511085427496564 12511085465567520 12511085938634494
12511085938637128 12511085938686058 12511085973355344 12511086444885824 12511086444890670 12511086444943602 12511086482283142 12511086954721136
12511086954721906 12511086954773782 12511086989567802 12511087463475624 12511087463479180 12511087463527838 12511087498309362 12511087970899246
12511087970900064 12511087970952154 12511087993275362 12511088465178872 12511088465183648 12511088465234514 12511088502461806 12511088975203206
12511088975204020 12511088975256268 12511089016704088 12511089488248836 12511089488253680 12511089488303528 12511089523565650 12511089997422636
12511089997494060 12511089997548990 12511090034224668 12511090507746884 12511090507751660 12511090507912434 12511090544228692 12511091018073118
12511091018075920 12511091018149070 12511091045641962 12511091519154680 12511091519159474 12511091519233208 12511091540962246 12511092013190254
12511092013191166 12511092013244524 12511092047313464 12511092521304806 12511092521309584 12511092521375254 12511092558296576 12511093030657808

12511095753051510 12511095753064026 12511095760081794 12511096264397676 12511096264401434 12511096264465482 12511096271564254 12511096772496152
12511096772496978 12511096772560210 12511096779656832 12511097284236906 12511097284239310 12511097284302884 12511097291411486 12511097792590082
12511097792592856 12511097792657444 12511097799743578 12511098303718710 12511098303721116 12511098303785570 12511098311231342 12511098812752538
12511098812753442 12511098812817208 12511098820576882 12511099325079818 12511099325083572 12511099325146068 12511099332234484 12511099834607734
12511099834608538 12511099834672362 12511099842292186 12511100346873792 12511100346878136 12511100346944108 12511100354053512 12511100857281038
12511100857281846 12511100857345658 12511100864366022 12511101367471116 12511101367475400 12511101367541014 12511101374743252 12511101876857414
12511101876945920 12511101877007256 12511101884355502 12511102378697812 12511102378700704 12511102378882978 12511102397350941 12511102874262162
12511102874263418 12511102874337428 12511102906131500 12511103381343332 12511103381345000 12511103381415832 12511103418236962 12511103892642306
12511103892643070 12511103892698772 12511103926809030 12511104401623300 12511104401625718 12511104401677514 12511104438803504 12511104914884392

12511138854422870 12511138854433334 12511138861061978 12511139332692406 12511139332694866 12511139332750432 12511139372203648 12511139843342178
12511139843347390 12511139843396540 12511139880297486 12511140352624042 12511140352625716 12511140352675058 12511140392019336 12511140864296540
12511140864298714 12511140864345492 12511140900355394 12511141376132344 12511141376133994 12511141376184032 12511141411612100 12511141883881546
12511141883884582 12511141883939994 12511141920595732 12511142392606770 12511142392611088 12511142392661410 12511142432886318 12511142904727654
12511142904730688 12511142904777780 12511142942450956 12511143413908502 12511143413913352 12511143413960954 12511143454670218 12511143929299752
12511143929302822 12511143929347086 12511143965068988 12511144436747424 12511144436750376 12511144436802380 12511144475414274 12511144947683876
12511144947741522 12511144947793804 12511144984797612 12511145456784812 12511145456787176 12511145456950236 12511145485963330 12511145958265128
12511145958265946 12511145958331998 12511145980825692 12511146454419678 12511146454422252 12511146454483540 12511146487913008 12511146960714948
12511146960715380 12511146960768546 12511146999183090 12511147474707952 12511147474709612 12511147474755592 12511147508190646 12511147983558824

3146395183702596 3146395183712328 3146395190865072 3146395661884788 3146395661887110 3146395661941482 3146395700928150 3146396172811132
3146396172813916 3146396172866822 3146396208929788 3146396680719424 3146396680724102 3146396680778220 3146396712449608 3146397183674372
3146397183675096 3146397183725446 3146397199723088 3146397673673384 3146397673675056 3146397673725404 3146397709064980 3146398181308918
3146398181309654 3146398181370046 3146398217057330 3146398689246390 3146398689250008 3146398689301982 3146398725963574 3146399197517796
3146399197518532 3146399197567994 3146399237866230 3146399709851750 3146399709853472 3146399709904046 3146399747148742 3146400220603860
3146400220606314 3146400220657068 3146400262496474 3146400734821146 3146400734822822 3146400734876444 3146400770028668 3146401241892580
3146401241949354 3146401242001800 3146401286194238 3146401759687538 3146401759689208 3146401759859042 3146401798845768 3146402273062274
3146402273063006 3146402273129130 3146402299196324 3146402774470078 3146402774471744 3146402774527756 3146402804404572 3146403278765406
3146403278766134 3146403278816286 3146403314620674 3146403787819160 3146403787822778 3146403787879152 3146403808382088 3146404282616002

12511113340354216 12511113340363206 12511113346630518 12511113817163640 12511113817165258 12511113817218540 12511113854660168 12511114324812802
12511114324814902 12511114324865124 12511114362580960 12511114833803352 12511114833806068 12511114833862430 12511114873502360 12511115345235888
12511115345239322 12511115345288398 12511115381490726 12511115852916968 12511115852921862 12511115852972710 12511115890376870 12511116360612394
12511116360615636 12511116360674476 12511116397696852 12511116868468108 12511116868473016 12511116868527302 12511116906407952 12511117377612440
12511117377614750 12511117377665112 12511117401088088 12511117874283732 12511117874286162 12511117874351042 12511117903661042 12511118375615674
12511118375617696 12511118375667498 12511118416996292 12511118888280206 12511118888283570 12511118888334178 12511118928213742 12511119399926618
12511119399999836 12511119400055256 12511119438574034 12511119910526082 12511119910527758 12511119910697742 12511119947685710 12511120421181514
12511120421184282 12511120421256106 12511120446970516 12511120918004422 12511120918007334 12511120918088570 12511120943513340 12511121415622496
12511121415623336 12511121415672842 12511121450258562 12511121923431708 12511121923435130 12511121923487666 12511121961642654 12511122433490110

12511063052685592 12511063052699666 12511063059313390 12511063531959200 12511063531963564 12511063532028472 12511063570539482 12511064041858552
12511064041860976 12511064041927906 12511064078633270 12511064550393464 12511064550398122 12511064550462618 12511064590438234 12511065062353776
12511065062356592 12511065062412944 12511065098694382 12511065571390870 12511065571395526 12511065571452308 12511065609925068 12511066084351444
12511066084352326 12511066084403314 12511066118916950 12511066590394746 12511066590396410 12511066590447394 12511066631193328 12511067103265634
12511067103266432 12511067103317602 12511067140765287 12511067612170764 12511067612172430 12511067612223290 12511067653070418 12511068125695270
12511068125696102 12511068125748288 12511068163380866 12511068636606774 12511068636610922 12511068636663234 12511068673709956 12511069146851838
12511069146915050 12511069146997328 12511069183124122 12511069655758482 12511069655761948 12511069655937038 12511069684206044 12511070155418442
12511070155421826 12511070155496182 12511070179144942 12511070651970866 12511070651975178 12511070652049864 12511070686358544 12511071158626700
12511071158627612 12511071158682880 12511071197615918 12511071670094620 12511071670097790 12511071670161704 12511071706629862 12511072178670382

12511039246912588 12511039246930592 12511039253963546 12511039757489346 12511039757491088 12511039757568812 12511039765448106 12511040266312248
12511040266314376 12511040266391912 12511040273537960 12511040777061672 12511040777064150 12511040777142828 12511040785292996 12511041285606836
12511041285609062 12511041285671904 12511041293622024 12511041797869846 12511041797872298 12511041797935428 12511041805095280 12511042307326068
12511042307329308 12511042307398090 12511042314439810 12511042818646248 12511042818648734 12511042818711254 12511042826107306 12511043329057002
12511043329060327 12511043329121369 12511043336149040 12511043839650218 12511043839652670 12511043839714400 12511043847923628 12511044350485122
12511044350488858 12511044350547598 12511044358234042 12511044861529000 12511044861531488 12511044861594488 12511044868611296 12511045370959212
12511045371034826 12511045371113176 12511045378206800 12511045883334408 12511045883336906 12511045883546922 12511045891199870 12511046392696404
12511046392697188 12511046392784830 12511046399981104 12511046904796856 12511046904801560 12511046904891508 12511046912084750 12511047413477122
12511047413477968 12511047413547246 12511047420654030 12511047925393072 12511047925394888 12511047925471894 12511047932647578 12511048434061580

12511101362368208 12511101362381346 12511101368539092 12511101841819384 12511101841820986 12511101841892224 12511101879887378 12511102352225244
12511102352228026 12511102352291174 12511102388197422 12511102860312254 12511102860315406 12511102860383164 12511102899104668 12511103372350978
12511103372351756 12511103372403390 12511103407580508 12511103881931294 12511103881932890 12511103881997863 12511103919921844 12511104392928340
12511104392929136 12511104392989374 12511104429252946 12511104901391068 12511104901392666 12511104901443086 12511104940667324 12511105414408510
12511105414409258 12511105414460116 12511105450993786 12511105923370278 12511105923373424 12511105923427286 12511105961748968 12511106434557958
12511106434558762 12511106434622100 12511106472553322 12511106944435012 12511106944438154 12511106944491372 12511106983438612 12511107455651860
12511107455707082 12511107455785618 12511107493004936 12511107966024310 12511107966025972 12511107966201090 12511108006323568 12511108479258184
12511108479261662 12511108479338248 12511108514801898 12511108987458702 12511108987462260 12511108987542482 12511109026969714 12511109499724958
12511109499725728 12511109499784140 12511109535498586 12511110007703808 12511110007708234 12511110007772656 12511110047534388 12511110519246688

12511080056479992 12511080056496996 12511080062947372 12511080562703450 12511080562707402 12511080562784826 12511080570622526 12511081058473934
12511081058474696 12511081058540920 12511081064590004 12511081538641130 12511081538645888 12511081538710840 12511081561597966 12511082031131078
12511082031133846 12511082031189276 12511082074635940 12511082544647510 12511082544653670 12511082544705472 12511082581063746 12511083050807792
12511083050808614 12511083050871108 12511083091047700 12511083560084318 12511083560085990 12511083560139568 12511083599580960 12511084072086316
12511084072087148 12511084072141658 12511084112573416 12511084582668188 12511084582669868 12511084582721750 12511084621488674 12511085092874114
12511085092874918 12511085092926300 12511085132498718 12511085602672438 12511085602676726 12511085602733700 12511085642583688 12511086113193528
12511086113249422 12511086113305274 12511086159558608 12511086633298186 12511086633299892 12511086633511488 12511086673603492 12511087144582576
12511087144583414 12511087144662738 12511087177357826 12511087648702066 12511087648703744 12511087648770512 12511087685720872 12511088156132092
12511088156132920 12511088156190382 12511088197883316 12511088668718356 12511088668722648 12511088668786088 12511088705944968 12511089179043338

12511001115973654 12511001115984052 12511001122238588 12511001592436016 12511001592439840 12511001592498080 12511001629046094 12511002101103622
12511002101106080 12511002101163474 12511002123138060 12511002593744306 12511002593747130 12511002593801386 12511002617924202 12511003088878366
12511003088879098 12511003088928618 12511003130243028 12511003607127468 12511003607131390 12511003607178380 12511003637967871 12511004106301316
12511004106301878 12511004106353465 12511004149251848 12511004604553640 12511004604557892 12511004604608336 12511004660454674 12511005129089606
12511005129090350 12511005129143092 12511005170608918 12511005641740306 12511005641741954 12511005641793552 12511005683339532 12511006155117332
12511006155120656 12511006155174424 12511006191645506 12511006662791104 12511006662795200 12511006662846592 12511006702315392 12511007173719406
12511007173775484 12511007173839524 12511007213306912 12511007683612642 12511007683614416 12511007683779896 12511007722924502 12511008193204390
12511008193204846 12511008193271212 12511008236453212 12511008709385308 12511008709389986 12511008709461212 12511008745186536 12511009216833804
12511009216834568 12511009216884480 12511009259013450 12511009731618446 12511009731622776 12511009731675546 12511009766104752 12511010239299252

12511128196321116 12511128196333078 12511128202323470 12511128673886958 12511128673888424 12511128673954672 12511128713840768 12511129186425068
12511129186427528 12511129186493936 12511129222256414 12511129694308930 12511129694310478 12511129694372582 12511129733066734 12511130206441750
12511130206443764 12511130206492086 12511130241538432 12511130714326114 12511130714327666 12511130714378410 12511130753971936 12511131225713946
12511131225717084 12511131225777904 12511131263302546 12511131736625058 12511131736626614 12511131736679276 12511131774725548 12511132246946364
12511132246947176 12511132246996164 12511132285049678 12511132759705396 12511132759706900 12511132759759418 12511132795715420 12511133268103172
12511133268103916 12511133268153098 12511133306522204 12511133778632288 12511133778636892 12511133778687762 12511133817499264 12511134289514440
12511134289570676 12511134289627244 12511134327071516 12511134798842146 12511134798845662 12511134799023646 12511134840296324 12511135312573416
12511135312574208 12511135312650272 12511135348886728 12511135821475924 12511135821477490 12511135821545488 12511135861029180 12511136335195150
12511136335195958 12511136335254922 12511136369571030 12511136842395422 12511136842397816 12511136842463552 12511136881600546 12511137355474914
