25 414
12510832653911866 12510832653923344 12510832673174338 12510832710678018 12510832653923356 12510832653930722 12510832726879954 12510832765515205
12510832710678440 12510832710725640 12510832781025778 12510832818728514 12510832765515993 12510832765813165 12510832839799476 12510832878344886
12510832818728914 12510832818764704 12510832898776643 12510832937224519 12510832878345334 12510832878389352 12510832956476853 12510832994861512
12510832937224926 12510832937261326 12510833014321431 12510833052862030 12510832994862264 12510832994912220 12510833074448508 12510833113677530
12510833052862104 12510833052900171 12510833134430528 12510833172847460 12510833113678018 12510833113735503 12510833192760961 12510833231189938
12510833172849825 12510833172884763 12510833251808863 12510833290305758 12510833231190705 12510833231229256 12510833309823495 12510833348199887
12510833290305788 12510833290343287 12510833369552403 12510833408139161 12510833348205146 12510833348239707 12510833431189272 12510833469694850
12510833408139556 12510833408174812 12510833492501266 12510833531049683 12510833469697536 12510833469732947 12510833550456323 12510833588947576
12510833531049706 12510833531097927 12510833608393523 12510833647129372 12510833588948384 12510833588986107 12510833666351252 12510833705008388

12510877612558392 12510877612568319 12510877631560080 12510877670094925 12510877612568346 12510877612576604 12510877683664795 12510877722592726
12510877670097279 12510877670141535 12510877737067244 12510877774567656 12510877722593495 12510877722869526 12510877795471570 12510877833800517
12510877774570024 12510877774614866 12510877855105009 12510877893691432 12510877833801201 12510877833844717 12510877914762078 12510877953247438
12510877893691450 12510877893724328 12510877975200170 12510878013527970 12510877953250846 12510877953302843 12510878034569598 12510878073152480
12510878013528383 12510878013568227 12510878095167004 12510878133589599 12510878073155167 12510878073204662 12510878154894819 12510878193407755
12510878133591959 12510878133624885 12510878214921129 12510878254110232 12510878193410215 12510878193442214 12510878278505187 12510878317310842
12510878254110630 12510878254157422 12510878340058063 12510878378512639 12510878317313523 12510878317352526 12510878401506460 12510878440086196
12510878378513037 12510878378548549 12510878461977860 12510878500396283 12510878440088534 12510878440123942 12510878522849327 12510878562037985
12510878500396690 12510878500442477 12510878584189636 12510878622778473 12510878562040439 12510878562089619 12510878643507688 12510878683236566

12510795302280382 12510795302292218 12510795321872496 12510795359357358 12510795302292250 12510795302301210 12510795376436870 12510795414539462
12510795359359722 12510795359406852 12510795433014687 12510795472178246 12510795414541918 12510795414823478 12510795494790441 12510795533360653
12510795472180605 12510795472233381 12510795554054874 12510795593700096 12510795533361081 12510795533402928 12510795612479608 12510795651992001
12510795593700518 12510795593743559 12510795673231059 12510795712767545 12510795651992806 12510795652039793 12510795735206540 12510795775296148
12510795712767592 12510795712813150 12510795797244681 12510795836779152 12510795775298448 12510795775348537 12510795857189078 12510795896795202
12510795836781520 12510795836820737 12510795917654556 12510795956993218 12510795896797532 12510795896833055 12510795978562949 12510796018025185
12510795956993643 12510795957034622 12510796040200305 12510796079750210 12510796018027550 12510796018066285 12510796101656455 12510796140580977
12510796079750254 12510796079785522 12510796162759960 12510796201815961 12510796140581694 12510796140624010 12510796223165000 12510796262669034
12510796201816380 12510796201864413 12510796284226231 12510796323814342 12510796262669376 12510796262704124 12510796339500180 12510796378709171

12510823072227896 12510823072239570 12510823091574498 12510823129227096 12510823072239856 12510823072247732 12510823142488906 12510823180866590
12510823129229542 12510823129274308 12510823195345664 12510823234051712 12510823180867302 12510823181173402 12510823253975408 12510823291620560
12510823234052108 12510823234105574 12510823311600106 12510823349561772 12510823291621272 12510823291678370 12510823367363776 12510823405421082
12510823349562188 12510823349608116 12510823432764134 12510823470226654 12510823405423384 12510823405461600 12510823495978158 12510823532754568
12510823470227080 12510823470275916 12510823556709922 12510823593589768 12510823532756970 12510823532804174 12510823617634224 12510823655509474
12510823593590150 12510823593626788 12510823677127868 12510823713318546 12510823655510020 12510823655544634 12510823737989716 12510823773955530
12510823713318906 12510823713355614 12510823799192132 12510823834888468 12510823773956168 12510823773991262 12510823860159416 12510823896832878
12510823834889498 12510823834923354 12510823921980920 12510823957626692 12510823896835224 12510823896880592 12510823982392314 12510824017961554
12510823957626998 12510823957674142 12510824043080500 12510824078563480 12510824017963926 12510824017999834 12510824103444076 12510824139242622

12510822406056948 12510822406068774 12510822426372256 12510822463505928 12510822406068798 12510822406077236 12510822476991356 12510822514866174
12510822463506354 12510822463559602 12510822529766048 12510822566933456 12510822514866940 12510822515121398 12510822587593777 12510822626631031
12510822566933828 12510822566987042 12510822647979159 12510822686587147 12510822626631774 12510822626685881 12510822707774039 12510822746023893
12510822686587563 12510822686629139 12510822770608408 12510822809288323 12510822746024665 12510822746077188 12510822829218470 12510822866734830
12510822809288709 12510822809324450 12510822887462746 12510822925785497 12510822866735614 12510822866778786 12510822947463762 12510822986332726
12510822925785910 12510822925817731 12510823007074777 12510823045224969 12510822986335460 12510822986387293 12510823067837972 12510823106173453
12510823045227349 12510823045267042 12510823126685899 12510823165056031 12510823106174196 12510823106209363 12510823186138599 12510823224381636
12510823165056450 12510823165093598 12510823247759003 12510823286081983 12510823224384031 12510823224416922 12510823307086834 12510823345345367
12510823286082391 12510823286129298 12510823368181277 12510823406362438 12510823345348680 12510823345389897 12510823420106679 12510823460467297

12510850660103646 12510850660114252 12510850679360616 12510850720395909 12510850660114264 12510850660120926 12510850733128768 12510850773128358
12510850720396377 12510850720440447 12510850787282654 12510850826365916 12510850773131103 12510850773418518 12510850846137008 12510850884302328
12510850826368308 12510850826416656 12510850904974402 12510850943207049 12510850884304717 12510850884359891 12510850962751641 12510851000412947
12510850943207426 12510850943241250 12510851023605972 12510851061051142 12510851000413618 12510851000468747 12510851080791201 12510851118112632
12510851061051520 12510851061090199 12510851140594434 12510851177758635 12510851118114956 12510851118165152 12510851198955374 12510851235891173
12510851177758994 12510851177796351 12510851257788391 12510851295000126 12510851235891797 12510851235924640 12510851314799043 12510851351416299
12510851295000468 12510851295035174 12510851374901400 12510851411941648 12510851351418613 12510851351453641 12510851429817165 12510851467206372
12510851411941981 12510851411974839 12510851494506662 12510851530510646 12510851467206994 12510851467262900 12510851547187212 12510851583361314
12510851530511016 12510851530554926 12510851612064014 12510851648241448 12510851583363650 12510851583394208 12510851665246062 12510851701589654

12510838277886334 12510838277895660 12510838296591570 12510838332246666 12510838277895672 12510838277903240 12510838348112198 12510838384403086
12510838332246984 12510838332288274 12510838402416166 12510838439416044 12510838384405706 12510838384645340 12510838460439754 12510838498384613
12510838439416368 12510838439454676 12510838520427488 12510838557894296 12510838498387044 12510838498434040 12510838580074569 12510838618080311
12510838557894646 12510838557929255 12510838640377626 12510838678735301 12510838618082644 12510838618117350 12510838699780836 12510838738286310
12510838678737666 12510838678782624 12510838760232164 12510838798099506 12510838738286688 12510838738341136 12510838820208658 12510838857736847
12510838798101788 12510838798136584 12510838879627983 12510838916980706 12510838857737528 12510838857775170 12510838935376547 12510838972415541
12510838916981431 12510838917026540 12510838998613411 12510839035610716 12510838972417888 12510838972450999 12510839062286980 12510839099283958
12510839035610760 12510839035643152 12510839122326507 12510839159216860 12510839099284567 12510839099321264 12510839186674016 12510839222552490
12510839159219154 12510839159263276 12510839241857792 12510839277687468 12510839222553952 12510839222586882 12510839302529162 12510839338364566

12510762762321606 12510762762330444 12510762782120694 12510762820032479 12510762762330456 12510762762338202 12510762833715532 12510762871307268
12510762820032536 12510762820088381 12510762887500532 12510762925729491 12510762871309754 12510762871406354 12510762948430849 12510762986550884
12510762925729512 12510762925762854 12510763009447791 12510763047738330 12510762986554248 12510762986613676 12510763067068124 12510763105369820
12510763047738378 12510763047772112 12510763132187730 12510763171008968 12510763105372245 12510763105412255 12510763191608623 12510763229795919
12510763171009373 12510763171052824 12510763252824271 12510763291028585 12510763229798305 12510763229830587 12510763313850761 12510763351996436
12510763291029586 12510763291063864 12510763376425421 12510763414634792 12510763351996823 12510763352037674 12510763437514192 12510763476319246
12510763414634852 12510763414674152 12510763498223084 12510763536337007 12510763476319778 12510763476353548 12510763558943475 12510763597278668
12510763536339393 12510763536368760 12510763619935871 12510763660413139 12510763597281129 12510763597314441 12510763678039277 12510763716207834
12510763660413157 12510763660440384 12510763740296833 12510763778005592 12510763716208530 12510763716234252 12510763796128918 12510763834233130

12510747670404638 12510747670418304 12510747689740154 12510747726878760 12510747670418322 12510747670425034 12510747740657488 12510747779285610
12510747726881152 12510747726923462 12510747793521750 12510747830657314 12510747779289022 12510747779565138 12510747852175148 12510747889124064
12510747830659686 12510747830700180 12510747909590824 12510747946153674 12510747889126356 12510747889160536 12510747965588404 12510748002091536
12510747946154036 12510747946185076 12510748016847058 12510748053529250 12510748002092192 12510748002123070 12510748091342248 12510748128409334
12510748053529296 12510748053562158 12510748148776574 12510748185695122 12510748128409712 12510748128446768 12510748212398888 12510748249362468
12510748185697536 12510748185735068 12510748268148930 12510748307197576 12510748249364838 12510748249399466 12510748333187826 12510748369751290
12510748307197588 12510748307233072 12510748394647130 12510748431956412 12510748369753990 12510748369791062 12510748455736858 12510748492546846
12510748431958798 12510748432011146 12510748515810580 12510748552826476 12510748492549196 12510748492587654 12510748579915214 12510748616170072
12510748552828864 12510748552876496 12510748634758508 12510748670866388 12510748616170702 12510748616204666 12510748695129028 12510748735956840

12510748834597498 12510748834606660 12510748853429616 12510748890840416 12510748834606672 12510748834614328 12510748905200912 12510748943238630
12510748890842796 12510748890890320 12510748957975182 12510748995435692 12510748943239478 12510748943308284 12510749016359246 12510749054699758
12510748995438064 12510748995474412 12510749075916739 12510749114399244 12510749054702248 12510749054755538 12510749136311723 12510749174832241
12510749114400245 12510749114461748 12510749195421953 12510749233940567 12510749174832636 12510749174886386 12510749257128169 12510749295631456
12510749233942923 12510749233973496 12510749316259075 12510749354739568 12510749295634160 12510749295674147 12510749376200518 12510749414542744
12510749354741936 12510749354782986 12510749435575002 12510749474625076 12510749414545187 12510749414580342 12510749496387024 12510749534923833
12510749474627438 12510749474684234 12510749555232846 12510749594268290 12510749534924740 12510749534965306 12510749614884863 12510749653848232
12510749594268689 12510749594307663 12510749676365335 12510749715401328 12510749653848613 12510749653888939 12510749735630042 12510749775129534
12510749715403688 12510749715455333 12510749796791597 12510749835072630 12510749775129940 12510749775176912 12510749848716097 12510749887137271

12510873767464408 12510873767475902 12510873786919992 12510873824462232 12510873767475916 12510873767482906 12510873840631150 12510873878568944
12510873824464586 12510873824513364 12510873894642036 12510873932323184 12510873878569978 12510873878732716 12510873953498444 12510873990956806
12510873932323602 12510873932362228 12510874012336758 12510874050466186 12510873990957638 12510873991009654 12510874070112678 12510874110002802
12510874050466596 12510874050526798 12510874131039653 12510874168115674 12510874110003184 12510874110053636 12510874188156364 12510874224566042
12510874168116044 12510874168153728 12510874246879226 12510874283064374 12510874224566748 12510874224602294 12510874306257612 12510874342331554
12510874283064738 12510874283097346 12510874366253770 12510874402230674 12510874342331956 12510874342364390 12510874425576982 12510874461336282
12510874402231008 12510874402267480 12510874485753350 12510874521604582 12510874461338968 12510874461368918 12510874545101210 12510874580580148
12510874521605056 12510874521641142 12510874604525088 12510874639955246 12510874580580482 12510874580611068 12510874663073088 12510874699281912
12510874639957526 12510874640002360 12510874723518392 12510874759193292 12510874699282606 12510874699324842 12510874783225002 12510874819010526

12510767437965976 12510767437975990 12510767456653730 12510767494185870 12510767437976002 12510767437983888 12510767508314058 12510767546499442
12510767494189216 12510767494236768 12510767561111666 12510767598693818 12510767546502250 12510767546789682 12510767619482376 12510767656797886
12510767598696138 12510767598736966 12510767679588428 12510767717287246 12510767656800704 12510767656836986 12510767736789226 12510767774556750
12510767717287666 12510767717323446 12510767795116804 12510767832889188 12510767774557590 12510767774593420 12510767858269674 12510767896256158
12510767832890624 12510767832924772 12510767917237942 12510767955162674 12510767896256924 12510767896295062 12510767979923382 12510768018301204
12510767955163060 12510767955193143 12510768040390694 12510768077896126 12510768018302040 12510768018352672 12510768100346828 12510768137906126
12510768077896518 12510768077943990 12510768163250526 12510768200910004 12510768137906926 12510768137941982 12510768226763610 12510768264498530
12510768200910360 12510768200945424 12510768287685452 12510768325949144 12510768264501336 12510768264538806 12510768347135926 12510768384579934
12510768325951544 12510768326003710 12510768406698054 12510768443497758 12510768384580694 12510768384620076 12510768460976576 12510768498400462

12510706529623382 12510706529636080 12510706549645656 12510706587195228 12510706529636092 12510706529643354 12510706603041570 12510706641272686
12510706587195274 12510706587242020 12510706656864457 12510706695893222 12510706641273438 12510706641391794 12510706718260783 12510706756887661
12510706695895552 12510706695939104 12510706780657211 12510706818922647 12510706756888071 12510706756934371 12510706840199734 12510706878666042
12510706818924995 12510706818960387 12510706901817526 12510706940144435 12510706878668413 12510706878715789 12510706961567211 12510706999910115
12510706940144477 12510706940182377 12510707022338021 12510707060672050 12510706999913526 12510706999945692 12510707082628756 12510707121753392
12510707060674359 12510707060702899 12510707143685557 12510707182817206 12510707121756105 12510707121804233 12510707205609080 12510707244227076
12510707182817569 12510707182855175 12510707265519856 12510707303833049 12510707244227551 12510707244264171 12510707326237027 12510707364863991
12510707303833105 12510707303869413 12510707387355828 12510707427193313 12510707364864378 12510707364907440 12510707446219429 12510707485504563
12510707427193346 12510707427245218 12510707507572375 12510707547337416 12510707485507972 12510707485544291 12510707563499686 12510707602425211

12510695421148686 12510695421162080 12510695439978846 12510695477054238 12510695421162098 12510695421170322 12510695490416630 12510695528240396
12510695477054648 12510695477104764 12510695542004498 12510695579147084 12510695528241064 12510695528539918 12510695600253674 12510695638365449
12510695579147478 12510695579189614 12510695658166894 12510695696168869 12510695638366141 12510695638402333 12510695713584202 12510695752003248
12510695696169273 12510695696204374 12510695782888548 12510695820992737 12510695752003974 12510695752054456 12510695842849656 12510695881042637
12510695820993135 12510695821033662 12510695903100071 12510695941202694 12510695881043353 12510695881075409 12510695965207403 12510696003447912
12510695941203092 12510695941239878 12510696026587514 12510696065382206 12510696003448312 12510696003489810 12510696089707057 12510696127927892
12510696065384522 12510696065429656 12510696148235312 12510696186377360 12510696127928602 12510696127961799 12510696206719475 12510696244955621
12510696186377773 12510696186418229 12510696265961437 12510696304099533 12510696244958343 12510696245004394 12510696323309242 12510696361487960
12510696304099946 12510696304163695 12510696389769988 12510696432204620 12510696361490242 12510696361530526 12510696446872026 12510696486860135

12510741758121686 12510741758132914 12510741776997570 12510741813036550 12510741758132926 12510741758139970 12510741828726640 12510741866275450
12510741813036900 12510741813075762 12510741881512762 12510741918916187 12510741866276076 12510741866531444 12510741939894698 12510741977731342
12510741918918540 12510741918956010 12510741999455415 12510742037715342 12510741977731984 12510741977769264 12510742059696788 12510742098029441
12510742037715761 12510742037752485 12510742118940531 12510742157435926 12510742098030133 12510742098079001 12510742180695303 12510742218957922
12510742157436380 12510742157472632 12510742239782418 12510742278076050 12510742218958736 12510742218997828 12510742299726978 12510742338020120
12510742278078386 12510742278114875 12510742359085332 12510742397347378 12510742338022456 12510742338052681 12510742419927100 12510742458184427
12510742397347826 12510742397380212 12510742478761733 12510742517786955 12510742458184484 12510742458217348 12510742538403160 12510742576844719
12510742517787368 12510742517839219 12510742599892807 12510742638189071 12510742576848050 12510742576884699 12510742658577950 12510742697007986
12510742638189487 12510742638231973 12510742720321954 12510742758566216 12510742697008339 12510742697044778 12510742772245410 12510742810568813

12510753577747382 12510753577755892 12510753597204196 12510753634728616 12510753577755908 12510753577763292 12510753647492886 12510753685551238
12510753634728640 12510753634773066 12510753702476936 12510753741725046 12510753685552016 12510753685808938 12510753761195455 12510753799703154
12510753741727355 12510753741782582 12510753821315522 12510753859693287 12510753799703666 12510753799737629 12510753879885045 12510753918463836
12510753859693305 12510753859728965 12510753941363221 12510753979739474 12510753918464332 12510753918511462 12510753997817809 12510754036223336
12510753979739828 12510753979780554 12510754057158540 12510754095695081 12510754036225707 12510754036264511 12510754116497280 12510754154976394
12510754095695116 12510754095739661 12510754176528201 12510754214959152 12510754154977182 12510754155016012 12510754235857210 12510754274297904
12510754214959532 12510754214998719 12510754295984965 12510754335255093 12510754274300659 12510754274337924 12510754355376273 12510754394837980
12510754335255473 12510754335289597 12510754414971215 12510754454274425 12510754394840746 12510754394892024 12510754473350284 12510754512498588
12510754454274445 12510754454318515 12510754533795018 12510754578431948 12510754512499126 12510754512536292 12510754593575208 12510754632566760

12510796677882664 12510796677894182 12510796697132512 12510796734486114 12510796677894194 12510796677901548 12510796748640112 12510796786470728
12510796734486538 12510796734529864 12510796801343918 12510796838735270 12510796786471504 12510796786568432 12510796859527419 12510796898486588
12510796838737590 12510796838775816 12510796919577840 12510796957836926 12510796898487256 12510796898539344 12510796977914533 12510797016290060
12510796957837707 12510796957873816 12510797039714958 12510797077969837 12510797016290464 12510797016331057 12510797099568776 12510797137772142
12510797077969863 12510797078004573 12510797160116985 12510797198432196 12510797137774832 12510797137811734 12510797221520392 12510797259700893
12510797198432624 12510797198472806 12510797280963794 12510797319159761 12510797259703594 12510797259740338 12510797343661982 12510797381820640
12510797319162123 12510797319202867 12510797405295687 12510797443760164 12510797381821318 12510797381855156 12510797467393385 12510797506015461
12510797443760571 12510797443796576 12510797527724579 12510797566897338 12510797506015883 12510797506052577 12510797587846604 12510797626285949
12510797566899709 12510797566950687 12510797647485288 12510797685874164 12510797626286609 12510797626316504 12510797700888201 12510797739137600

3146053008086412 3146053008096604 3146053028032662 3146053067820242 3146053008096636 3146053008105254 3146053082603363 3146053121958037
3146053067820621 3146053067867796 3146053138842920 3146053178255286 3146053121960519 3146053122043173 3146053200621018 3146053239919941
3146053178255634 3146053178289957 3146053259919462 3146053299285408 3146053239920743 3146053239951506 3146053318657601 3146053358105012
3146053299285738 3146053299315096 3146053380324015 3146053419712776 3146053358107743 3146053358152472 3146053440166637 3146053479526325
3146053419715061 3146053419744876 3146053500881932 3146053540200350 3146053479528655 3146053479565762 3146053561104820 3146053600531934
3146053540202674 3146053540229435 3146053622153878 3146053660393683 3146053600534308 3146053600586578 3146053684069800 3146053722290855
3146053660394060 3146053660427067 3146053743988464 3146053782252866 3146053722293214 3146053722324346 3146053804698506 3146053844327967
3146053782253205 3146053782285177 3146053865834365 3146053905152302 3146053844328365 3146053844353215 3146053924683591 3146053962826149
3146053905152340 3146053905199916 3146053986094780 3146054025086460 3146053962828669 3146053962867226 3146054041972553 3146054080894779

12510771164307022 12510771164319658 12510771183172470 12510771220302064 12510771164319670 12510771164327460 12510771233641396 12510771271242046
12510771220304356 12510771220349362 12510771285343042 12510771322894072 12510771271242826 12510771271368950 12510771343235745 12510771381747248
12510771322894432 12510771322935356 12510771401634468 12510771439736544 12510771381748071 12510771381791733 12510771465818013 12510771504179118
12510771439736613 12510771439768532 12510771526797418 12510771565443211 12510771504179911 12510771504228411 12510771587809909 12510771625906330
12510771565443591 12510771565485141 12510771647315245 12510771686150036 12510771625908731 12510771625949841 12510771708392085 12510771747026288
12510771686152422 12510771686216400 12510771769733027 12510771808569340 12510771747029088 12510771747067345 12510771832968872 12510771871652074
12510771808569377 12510771808614135 12510771891289351 12510771930013771 12510771871655442 12510771871694890 12510771949902876 12510771989112202
12510771930016152 12510771930049047 12510772009114985 12510772047325928 12510771989113008 12510771989151254 12510772068698959 12510772106786850
12510772047326326 12510772047358094 12510772131033181 12510772169458872 12510772106790249 12510772106827404 12510772187983991 12510772226103476

12510720877929513 12510720877940844 12510720898175188 12510720935191717 12510720877941089 12510720877949048 12510720948933783 12510720987213187
12510720935192017 12510720935228833 12510721001582242 12510721038706490 12510720987213879 12510720987327908 12510721059482412 12510721096241625
12510721038706837 12510721038740150 12510721119171278 12510721156304716 12510721096245366 12510721096288999 12510721178411453 12510721216910843
12510721156305054 12510721156335526 12510721242449944 12510721280534189 12510721216911181 12510721216952894 12510721301022030 12510721339556911
12510721280534533 12510721280570598 12510721359110318 12510721397016015 12510721339557577 12510721339604989 12510721416135799 12510721454511995
12510721397016369 12510721397062239 12510721474789341 12510721513163499 12510721454512375 12510721454543979 12510721533182804 12510721571502831
12510721513165876 12510721513204380 12510721590368080 12510721628866462 12510721571503205 12510721571536090 12510721647835710 12510721686706527
12510721628868800 12510721628899290 12510721711344214 12510721750455058 12510721686709179 12510721686743837 12510721770406917 12510721809164866
12510721750457395 12510721750503504 12510721829045994 12510721867834889 12510721809167192 12510721809198825 12510721889624535 12510721928355378

12510697072713194 12510697072723500 12510697092199806 12510697129728908 12510697072723512 12510697072731296 12510697142520220 12510697180504336
12510697129729310 12510697129775022 12510697198296201 12510697237478693 12510697180505126 12510697180578468 12510697256102058 12510697294648074
12510697237479112 12510697237534582 12510697315069037 12510697353516515 12510697294648840 12510697294704302 12510697373694132 12510697412281433
12510697353516910 12510697353550728 12510697432874547 12510697471213550 12510697412282164 12510697412330904 12510697491140012 12510697529487285
12510697471213972 12510697471267734 12510697552119437 12510697591175327 12510697529490642 12510697529530293 12510697611126565 12510697649709341
12510697591177701 12510697591217717 12510697670449706 12510697708869166 12510697649711789 12510697649749458 12510697728620456 12510697767168762
12510697708869573 12510697708909544 12510697788279857 12510697828890529 12510697767171511 12510697767214258 12510697849983176 12510697890077338
12510697828890984 12510697828929678 12510697911223251 12510697949658308 12510697890077790 12510697890127484 12510697969562318 12510698008117650
12510697949658344 12510697949709304 12510698028431419 12510698066902192 12510698008118087 12510698008153536 12510698088545038 12510698127388386

12510759186413976 12510759186425266 12510759205617824 12510759242722998 12510759186425314 12510759186433730 12510759257526920 12510759295899052
12510759242725324 12510759242768776 12510759310998452 12510759348413586 12510759295899772 12510759296037308 12510759369380312 12510759407442004
12510759348415958 12510759348461566 12510759429090118 12510759467215050 12510759407444690 12510759407481746 12510759488624166 12510759526805026
12510759467217400 12510759467255063 12510759549089267 12510759587115342 12510759526808372 12510759526856144 12510759607999169 12510759646812668
12510759587115723 12510759587157391 12510759667314532 12510759705459566 12510759646815401 12510759646867407 12510759728374451 12510759766551181
12510759705459949 12510759705496676 12510759789239467 12510759830067896 12510759766551582 12510759766583522 12510759852198344 12510759891907729
12510759830068300 12510759830107127 12510759913695278 12510759953416703 12510759891908419 12510759891946781 12510759975940460 12510760014780135
12510759953419049 12510759953471962 12510760036312633 12510760075393268 12510760014782853 12510760014821007 12510760096382039 12510760134991993
12510760075395639 12510760075430881 12510760156020981 12510760194620069 12510760134994408 12510760135030138 12510760209438544 12510760248014657

12510737881004582 12510737881016820 12510737901019796 12510737942492994 12510737881016834 12510737881026136 12510737955511728 12510737998046924
12510737942493302 12510737942544262 12510738011762058 12510738053356324 12510737998049256 12510737998191070 12510738073539521 12510738114661151
12510738053356622 12510738053399478 12510738132825440 12510738168864525 12510738114663528 12510738114708465 12510738191504528 12510738227750938
12510738168864828 12510738168889428 12510738253270503 12510738289263872 12510738227751562 12510738227796585 12510738314139027 12510738350787345
12510738289264181 12510738289295315 12510738376084911 12510738412352947 12510738350787704 12510738350825424 12510738435934011 12510738472956695
12510738412352983 12510738412383472 12510738496455233 12510738533345771 12510738472957307 12510738472993855 12510738557308133 12510738594784010
12510738533345789 12510738533372817 12510738619007476 12510738656698392 12510738594784643 12510738594820312 12510738680417301 12510738717701586
12510738656698710 12510738656740420 12510738741529151 12510738778789825 12510738717702213 12510738717734694 12510738801911376 12510738839216164
12510738778789861 12510738778817617 12510738863052215 12510738900369759 12510738839216517 12510738839244511 12510738918249092 12510738955510770

12510658942561774 12510658942573268 12510658961972704 12510658998145870 12510658942573322 12510658942579152 12510659012916154 12510659048671718
12510658998146870 12510658998187168 12510659065537318 12510659102179828 12510659048674116 12510659048809128 12510659124366860 12510659161216398
12510659102182119 12510659102218296 12510659183608557 12510659220664889 12510659161218807 12510659161255650 12510659241472681 12510659278833543
12510659220667192 12510659220715885 12510659301494213 12510659339377610 12510659278834236 12510659278886518 12510659362441901 12510659400942454
12510659339379954 12510659339421628 12510659422739030 12510659460925372 12510659400943230 12510659400980242 12510659485320673 12510659523379152
12510659460925747 12510659460964164 12510659545336090 12510659584217848 12510659523381907 12510659523416714 12510659606395042 12510659644319142
12510659584218626 12510659584270284 12510659667674650 12510659705677552 12510659644319918 12510659644354716 12510659729638926 12510659767686485
12510659705679923 12510659705716374 12510659789689187 12510659827960670 12510659767687296 12510659767726442 12510659851218581 12510659889558028
12510659827963068 12510659828010162 12510659911528548 12510659950155582 12510659889558838 12510659889607938 12510659968478202 12510660005666758

12510786019362140 12510786019372958 12510786039653836 12510786077190318 12510786019372974 12510786019381304 12510786090304916 12510786128444990
12510786077190664 12510786077238824 12510786143085874 12510786180447856 12510786128445760 12510786128721588 12510786200897251 12510786239152667
12510786180448206 12510786180488626 12510786261294441 12510786299546441 12510786239153508 12510786239206908 12510786320577734 12510786363133972
12510786299548791 12510786299584867 12510786383893023 12510786422388121 12510786363134716 12510786363194804 12510786442469440 12510786479783157
12510786422388472 12510786422423597 12510786500558102 12510786537615575 12510786479785439 12510786479832298 12510786557586535 12510786594664475
12510786537617878 12510786537648008 12510786616526930 12510786653770276 12510786594664814 12510786594693937 12510786674666805 12510786711429913
12510786653770562 12510786653811288 12510786731654737 12510786768583675 12510786711430261 12510786711460290 12510786789233731 12510786826280575
12510786768586013 12510786768619724 12510786847337419 12510786884962795 12510786826283240 12510786826317816 12510786913907326 12510786951912922
12510786884963157 12510786885003881 12510786974914296 12510787013980473 12510786951916256 12510786951949777 12510787032278664 12510787070459028
