25 3501
5 140731279972208 12510872075357322 12510872556951784 4 5 12510872556951796 12510873033915782
47782746787584 140731279972192 12510873033916216 12510873510790476 10 10 12510873510790488 12510873987197336
4 60 12510873987197760 12510874464954830 2667321352 4131212846 12510874464954842 12510874943013376
10 47782731271872 12510874943013792 12510875421281352 47782731103115 47782731103115 12510875421281398 12510875899260354
1952205948 0 12510875899262796 12510876377734994 140731279972352 47782731263712 12510876377735006 12510876855725752
47782731103115 47782731271464 12510876855726280 12510877334620586 140731279972080 140731279972160 12510877334620598 12510877812218956
47782749009696 47782731263712 12510877812221336 12510878291379840 47782746787272 47782749010720 12510878291436412 12510878769596762
140731279971936 47782731101268 12510878769597192 12510879248544854 47782731101268 47782749061432 12510879248544866 12510879726518074
47782746787488 47782746795576 12510879726518564 12510880205410186 140731279972352 140731279972432 12510880205410198 12510880683584384

5 140727130346352 12510917034212126 12510917506483814 4 5 12510917506483826 12510917983456624
46917275430656 140727130346336 12510917983459038 12510918460706988 10 10 12510918460707000 12510918938464844
4 60 12510918938467294 12510919415152684 2667321352 4131212846 12510919415152696 12510919892617168
10 46917259914944 12510919892621034 12510920369716350 46917259746187 46917259746187 12510920369720200 12510920847646660
1952205948 0 12510920847649084 12510921324346636 140727130346496 46917259906784 12510921324346682 12510921803254016
46917259746187 46917259914536 12510921803256428 12510922281421910 140727130346224 140727130346304 12510922281421922 12510922760213004
46917277652768 46917259906784 12510922760215344 12510923238702994 46917275430344 46917277653792 12510923238742540 12510923717676280
140727130346080 46917259744340 12510923717678736 12510924195635592 46917259744340 46917277704504 12510924195635604 12510924674107262
46917275430560 46917275438648 12510924674107676 12510925152554802 140727130346496 140727130346576 12510925152554814 12510925631485374

5 140727394047472 12510834723698444 12510835196896778 4 5 12510835196896790 12510835674675518
47222655766272 140727394047456 12510835674676014 12510836153164640 10 10 12510836153164652 12510836631031108
4 60 12510836631031512 12510837109865034 2667321352 4131212846 12510837109865080 12510837587888000
10 47222640250560 12510837587888396 12510838066270946 47222640081803 47222640081803 12510838066270958 12510838544315784
1952205948 0 12510838544316184 12510839022971762 140727394047616 47222640242400 12510839022971808 12510839501322542
47222640081803 47222640250152 12510839501322942 12510839979909150 140727394047344 140727394047424 12510839979909196 12510840457733762
47222657988384 47222640242400 12510840457734230 12510840936810322 47222655765960 47222657989408 12510840936852830 12510841414739200
140727394047200 47222640079956 12510841414739636 12510841893269294 47222640079956 47222658040120 12510841893269306 12510842371303842
47222655766176 47222655774264 12510842371304464 12510842849943884 140727394047616 140727394047696 12510842849943896 12510843327813482

5 140720322004720 12510862493738768 12510862967785802 4 5 12510862967785814 12510863446196244
47823130644224 140720322004704 12510863446198718 12510863926172528 10 10 12510863926172540 12510864404352706
4 60 12510864404355114 12510864883820186 2667321352 4131212846 12510864883820232 12510865362066460
10 47823115128512 12510865362066982 12510865840869452 47823114959755 47823114959755 12510865840869464 12510866319425530
1952205948 0 12510866319425980 12510866798195754 140720322004864 47823115120352 12510866798195766 12510867277064320
47823114959755 47823115128104 12510867277064742 12510867755616386 140720322004592 140720322004672 12510867755616432 12510868233598968
47823132866336 47823115120352 12510868233599436 12510868713128972 47823130643912 47823132867360 12510868713169806 12510869191772424
140720322004448 47823114957908 12510869191772874 12510869671271198 47823114957908 47823132918072 12510869671271210 12510870149945778
47823130644128 47823130652216 12510870149948228 12510870628744880 140720322004864 140720322004944 12510870628744892 12510871107203994

5 140725289920400 12510861827574222 12510862296209950 4 5 12510862296209962 12510862769904166
47377995583232 140725289920384 12510862769904622 12510863244241298 10 10 12510863244241310 12510863717619042
4 60 12510863717619494 12510864192392500 2667321352 4131212846 12510864192392512 12510864667588536
10 47377980067520 12510864667590944 12510865142642048 47377979898763 47377979898763 12510865142642060 12510865618182074
1952205948 0 12510865618182488 12510866092888600 140725289920544 47377980059360 12510866092888612 12510866568769278
47377979898763 47377980067112 12510866568769694 12510867043474356 140725289920272 140725289920352 12510867043474368 12510867518586618
47377997805344 47377980059360 12510867518586970 12510867993813482 47377995582920 47377997806368 12510867993857782 12510868469559068
140725289920128 47377979896916 12510868469559532 12510868944792856 47377979896916 47377997857080 12510868944792868 12510869420326344
47377995583136 47377995591224 12510869420326770 12510869895374822 140725289920544 140725289920624 12510869895374834 12510870371038404

5 140720699817824 12510890081719416 12510890552968174 4 5 12510890552968186 12510891029588112
47827660005120 140720699817808 12510891029588634 12510891506944472 10 10 12510891506944484 12510891982995004
4 60 12510891982995434 12510892459856098 2667321352 4131212846 12510892459856110 12510892936339082
10 47827644489408 12510892936339580 12510893415165360 47827644320651 47827644320651 12510893415165372 12510893893198398
1952205948 0 12510893893198892 12510894371621178 140720699817968 47827644481248 12510894371621224 12510894849939080
47827644320651 47827644489000 12510894849939538 12510895328405154 140720699817696 140720699817776 12510895328405200 12510895806012232
47827662227232 47827644481248 12510895806014014 12510896284840280 47827660004808 47827662228256 12510896284886760 12510896762426710
140720699817552 47827644318804 12510896762463912 12510897241863994 47827644318804 47827662278968 12510897241864006 12510897719777580
47827660005024 47827660013112 12510897719778084 12510898197386354 140720699817968 140720699818048 12510898197386366 12510898676196774

5 140737048905632 12510877699491406 12510878171572314 4 5 12510878171572326 12510878648307074
47142049545984 140737048905616 12510878648307618 12510879125476602 10 10 12510879125476648 12510879601682378
4 60 12510879601684778 12510880078601338 2667321352 4131212846 12510880078601384 12510880554853600
10 47142034030272 12510880554854034 12510881032562914 47142033861515 47142033861515 12510881032562926 12510881511031874
1952205948 0 12510881511032302 12510881989641010 140737048905776 47142034022112 12510881989641022 12510882468141942
47142033861515 47142034029864 12510882468142444 12510882945486220 140737048905504 140737048905584 12510882945486232 12510883424135000
47142051768096 47142034022112 12510883424135426 12510883902665616 47142049545672 47142051769120 12510883902706794 12510884381216316
140737048905360 47142033859668 12510884381216904 12510884859349876 47142033859668 47142051819832 12510884859349888 12510885338259374
47142049545888 47142049553976 12510885338260008 12510885816015900 140737048905776 140737048905856 12510885816015912 12510886294765060

5 140727131181984 12510802183700074 12510802684540766 4 5 12510802684540778 12510803187003348
47260624342784 140727131181968 12510803187003776 12510803691814892 10 10 12510803691814940 12510804194586094
4 60 12510804194586524 12510804700192430 2667321352 4131212846 12510804700192444 12510805202228384
10 47260608827072 12510805202229628 12510805707762892 47260608658315 47260608658315 12510805707762906 12510806213126932
1952205948 0 12510806213127400 12510806720151212 140727131182128 47260608818912 12510806720151224 12510807225186398
47260608658315 47260608826664 12510807225186860 12510807732302920 140727131181856 140727131181936 12510807732302934 12510808237236684
47260626564896 47260608818912 12510808237278700 12510808745223350 47260624342472 47260626565920 12510808745223396 12510809250788532
140727131181712 47260608656468 12510809250788978 12510809757697454 47260608656468 47260626616632 12510809757697468 12510810263803868
47260624342688 47260624350776 12510810263806264 12510810770327132 140727131182128 140727131182208 12510810770327144 12510811276290900

5 140732619538784 12510787091724140 12510787560744516 4 5 12510787560744528 12510788035263842
47015590153984 140732619538768 12510788035266256 12510788509472558 10 10 12510788509472570 12510788984138579
4 60 12510788984139066 12510789457882006 2667321352 4131212846 12510789457882018 12510789931640806
10 47015574638272 12510789931641352 12510790405543890 47015574469515 47015574469515 12510790405543936 12510790879138832
1952205948 0 12510790879139282 12510791353530090 140732619538928 47015574630112 12510791353530102 12510791827635942
47015574469515 47015574637864 12510791827636420 12510792302376788 140732619538656 140732619538736 12510792302376800 12510792776266420
47015592376096 47015574630112 12510792776266920 12510793251646994 47015590153672 47015592377120 12510793251688774 12510793726960980
140732619538512 47015574467668 12510793726961486 12510794202488828 47015574467668 47015592427832 12510794202488840 12510794677707684
47015590153888 47015590161976 12510794677710144 12510795153781470 140732619538928 140732619539008 12510795153781482 12510795629287250

5 140732079202816 12510788255923264 12510788728029980 4 5 12510788728029992 12510789204360690
48000500653824 140732079202800 12510789204363076 12510789681329554 10 10 12510789681329566 12510790158951096
4 60 12510790158953488 12510790635590116 2667321352 4131212846 12510790635590128 12510791112998900
10 48000485138112 12510791112999396 12510791590015470 48000484969355 48000484969355 12510791590015482 12510792068319786
1952205948 0 12510792068320202 12510792546573854 140732079202960 48000485129952 12510792546573866 12510793026160638
48000484969355 48000485137704 12510793026161050 12510793503993726 140732079202688 140732079202768 12510793503993738 12510793982499900
48000502875936 48000485129952 12510793982502566 12510794460670402 48000500653512 48000502876960 12510794460712620 12510794939414836
140732079202544 48000484967508 12510794939415264 12510795418178394 48000484967508 48000502927672 12510795418178406 12510795896925898
48000500653728 48000500661816 12510795896926372 12510796375114828 140732079202960 140732079203040 12510796375114840 12510796854284526

5 140728872299472 12510913189226262 12510913661589380 4 5 12510913661589392 12510914137937058
47489659760384 140728872299456 12510914137939432 12510914616242518 10 10 12510914616242530 12510915092932424
4 60 12510915092932850 12510915570153586 2667321352 4131212846 12510915570153598 12510916048027054
10 47489644244672 12510916048027478 12510916525092454 47489644075915 47489644075915 12510916525092466 12510917012354653
1952205948 0 12510917012355146 12510917495546714 140728872299616 47489644236512 12510917495546726 12510917974562344
47489644075915 47489644244264 12510917974564696 12510918452412222 140728872299344 140728872299424 12510918452412234 12510918931176768
47489661982496 47489644236512 12510918931177274 12510919410290896 47489659760072 47489661983520 12510919410331994 12510919889943552
140728872299200 47489644074068 12510919889943996 12510920368285936 47489644074068 47489662034232 12510920368285948 12510920847041386
47489659760288 47489659768376 12510920847043766 12510921324989124 140728872299616 140728872299696 12510921324989136 12510921803552868

5 140722208172320 12510806859396944 12510807331268818 4 5 12510807331268864 12510807807996066
46955546619648 140722208172304 12510807807996546 12510808285295078 10 10 12510808285295090 12510808761944136
4 60 12510808761944570 12510809240872566 2667321352 4131212846 12510809240872578 12510809718781060
10 46955531103936 12510809718781516 12510810197307324 46955530935179 46955530935179 12510810197307336 12510810675554586
1952205948 0 12510810675555094 12510811153365394 140722208172464 46955531095776 12510811153365406 12510811632421140
46955530935179 46955531103528 12510811632423612 12510812110055392 140722208172192 140722208172272 12510812110055438 12510812588648086
46955548841760 46955531095776 12510812588648524 12510813066750634 46955546619336 46955548842784 12510813066791822 12510813545518798
140722208172048 46955530933332 12510813545521186 12510814023631856 46955530933332 46955548893496 12510814023631868 12510814502258866
46955546619552 46955546627640 12510814502259328 12510814980344304 140722208172464 140722208172544 12510814980344316 12510815459288078

5 140731297903328 12510745950871828 12510746454278160 4 5 12510746454278172 12510746957950886
47198011363072 140731297903312 12510746957951358 12510747465623368 10 10 12510747465623414 12510747970139100
4 60 12510747970139526 12510748497447431 2667321352 4131212846 12510748497447463 12510749009814066
10 47197995847360 12510749009816388 12510749472189876 47197995678603 47197995678603 12510749472189888 12510749950824048
1952205948 0 12510749950826444 12510750428597888 140731297903472 47197995839200 12510750428597900 12510750906738948
47197995678603 47197995846952 12510750906739450 12510751385640642 140731297903200 140731297903280 12510751385643970 12510751863315612
47198013585184 47197995839200 12510751863316082 12510752342507178 47198011362760 47198013586208 12510752342548282 12510752820647402
140731297903056 47197995676756 12510752820647894 12510753299534860 47197995676756 47198013636920 12510753299534872 12510753777451526
47198011362976 47198011371064 12510753777451996 12510754256283272 140731297903472 140731297903552 12510754256283284 12510754734147330

5 140729820964480 12510734842368592 12510735343553006 4 5 12510735343553054 12510735844883350
47835570716416 140729820964464 12510735844883768 12510736350311348 10 10 12510736350311360 12510736852260624
4 60 12510736852260694 12510737359737664 2667321352 4131212846 12510737359737676 12510737864728660
10 47835555200704 12510737864729072 12510738371660692 47835555031947 47835555031947 12510738371660738 12510738876483004
1952205948 0 12510738876483422 12510739383659188 140729820964624 47835555192544 12510739383659200 12510739889472976
47835555031947 47835555200296 12510739889475358 12510740384413320 140729820964352 140729820964432 12510740384413332 12510740860107350
47835572938528 47835555192544 12510740860109738 12510741335523668 47835570716104 47835572939552 12510741335564956 12510741810659424
140729820964208 47835555030100 12510741810659858 12510742286767188 47835555030100 47835572990264 12510742286767200 12510742761911750
47835570716320 47835570724408 12510742761921546 12510743237567322 140729820964624 140729820964704 12510743237567334 12510743712401402

5 140735845820656 12510781179507220 12510781651002750 4 5 12510781651002762 12510782128255732
47759017893632 140735845820640 12510782128256154 12510782605197436 10 10 12510782605197448 12510783082162218
4 60 12510783082162638 12510783559400978 2667321352 4131212846 12510783559400990 12510784036141988
10 47759002377920 12510784036142396 12510784513212764 47759002209163 47759002209163 12510784513212776 12510784990161090
1952205948 0 12510784990161540 12510785468887656 140735845820800 47759002369760 12510785468887668 12510785947621916
47759002209163 47759002377512 12510785947622418 12510786426206758 140735845820528 140735845820608 12510786426206770 12510786904104720
47759020115744 47759002369760 12510786904105072 12510787382714902 47759017893320 47759020116768 12510787382753096 12510787860684122
140735845820384 47759002207316 12510787860686534 12510788339517910 47759002207316 47759020167480 12510788339517922 12510788817817452
47759017893536 47759017901624 12510788817817888 12510789296803266 140735845820800 140735845820880 12510789296803278 12510789775119384

5 140727353169968 12510792999182802 12510793503552742 4 5 12510793503552756 12510794007997074
46990149394176 140727353169952 12510794007999464 12510794514995994 10 10 12510794514996006 12510795003942690
4 60 12510795003943200 12510795480827304 2667321352 4131212846 12510795480827350 12510795958396296
10 46990133878464 12510795958396754 12510796435551768 46990133709707 46990133709707 12510796435551814 12510796913733626
1952205948 0 12510796913736124 12510797392024986 140727353170112 46990133870304 12510797392029776 12510797870608190
46990133709707 46990133878056 12510797870610526 12510798348863878 140727353169840 140727353169920 12510798348863890 12510798832052811
46990151616288 46990133870304 12510798832056538 12510799308252258 46990149393864 46990151617312 12510799308285945 12510799771452010
140727353169696 46990133707860 12510799771454386 12510800245335478 46990133707860 46990151668024 12510800245335490 12510800723590952
46990149394080 46990149402168 12510800723591436 12510801202393428 140727353170112 140727353170192 12510801202393440 12510801680638622

5 140721752221552 12510836099416094 12510836571108982 4 5 12510836571108994 12510837047140616
46989896228608 140721752221536 12510837047141054 12510837524793972 10 10 12510837524793984 12510838000993250
4 60 12510838000993592 12510838478186310 2667321352 4131212846 12510838478186322 12510838954752736
10 46989880712896 12510838954753110 12510839431771054 46989880544139 46989880544139 12510839431771066 12510839908553946
1952205948 0 12510839908554394 12510840385240220 140721752221696 46989880704736 12510840385240232 12510840862783836
46989880544139 46989880712488 12510840862786302 12510841340274668 140721752221424 140721752221504 12510841340274680 12510841818355042
46989898450720 46989880704736 12510841818357358 12510842296463410 46989896228296 46989898451744 12510842296501260 12510842775150366
140721752221280 46989880542292 12510842775150784 12510843252696314 46989880542292 46989898502456 12510843252696326 12510843730826540
46989896228512 46989896236600 12510843730826956 12510844213465496 140721752221696 140721752221776 12510844213465508 12510844697526612

5 140728649719968 3146092429515010 3146092901468088 4 5 3146092901468100 3146093377961684
47658007592704 140728649719952 3146093377964084 3146093856431440 10 10 3146093856431452 3146094332830554
4 60 3146094332832886 3146094809925898 2667321352 4131212846 3146094809925910 3146095286319652
10 47657992076992 3146095286320040 3146095763119294 47657991908235 47657991908235 3146095763119306 3146096241471982
1952205948 0 3146096241472398 3146096718566158 140728649720112 47657992068832 3146096718566170 3146097196804040
47657991908235 47657992076584 3146097196806472 3146097673856288 140728649719840 140728649719920 3146097673856300 3146098151766968
47658009814816 47657992068832 3146098151767458 3146098629822398 47658007592392 47658009815840 3146098629858696 3146099108309368
140728649719696 47657991906388 3146099108311768 3146099585760738 47657991906388 47658009866552 3146099585760750 3146100063957668
47658007592608 47658007600696 3146100063959926 3146100541158328 140728649720112 140728649720192 3146100541158340 3146101019351170

5 140728917040848 12510810585778828 12510811056474214 4 5 12510811056477772 12510811532679520
47215478193920 140728917040832 12510811532679936 12510812008418250 10 10 12510812008422420 12510812483487126
4 60 12510812483487512 12510812959034012 2667321352 4131212846 12510812959035664 12510813434082620
10 47215462678208 12510813434082998 12510813909898372 47215462509451 47215462509451 12510813909901942 12510814385356358
1952205948 0 12510814385358916 12510814860766330 140728917040992 47215462670048 12510814860766342 12510815335490564
47215462509451 47215462677800 12510815335494190 12510815811757002 140728917040720 140728917040800 12510815811758660 12510816286757360
47215480416032 47215462670048 12510816286757744 12510816762414348 47215478193608 47215480417056 12510816762452098 12510817238384720
140728917040576 47215462507604 12510817238386610 12510817713341676 47215462507604 47215480467768 12510817713345300 12510818188835264
47215478193824 47215478201912 12510818188840154 12510818663824218 140728917040992 140728917041072 12510818663830406 12510819143194885

5 140720474789376 12510760299251828 12510760770800250 4 5 12510760770800262 12510761247966970
47308267568896 140720474789360 12510761247969518 12510761724602258 10 10 12510761724602304 12510762201582092
4 60 12510762201584482 12510762679130660 2667321352 4131212846 12510762679130672 12510763156280556
10 47308252053184 12510763156280980 12510763633555194 47308251884427 47308251884427 12510763633555206 12510764110237306
1952205948 0 12510764110239716 12510764587394390 140720474789520 47308252045024 12510764587394402 12510765064834838
47308251884427 47308252052776 12510765064835248 12510765542097476 140720474789248 140720474789328 12510765542097488 12510766018671554
47308269791008 47308252045024 12510766018673932 12510766495968084 47308267568584 47308269792032 12510766496006192 12510766973497916
140720474789104 47308251882580 12510766973498372 12510767452857438 47308251882580 47308269842744 12510767452857450 12510767931072298
47308267568800 47308267576888 12510767931074708 12510768409372676 140720474789520 140720474789600 12510768409372688 12510768887272980

5 140731045333008 12510736493987228 12510736997167238 4 5 12510736997167250 12510737479122787
47100751367936 140731045332992 12510737479123251 12510737956526594 10 10 12510737956526640 12510738433365418
4 60 12510738433366180 12510738910791638 2667321352 4131212846 12510738910791650 12510739387634578
10 47100735852224 12510739387636960 12510739866680394 47100735683467 47100735683467 12510739866680406 12510740345258800
1952205948 0 12510740345259300 12510740824047940 140731045333152 47100735844064 12510740824047952 12510741302606760
47100735683467 47100735851816 12510741302607180 12510741781041154 140731045332880 140731045332960 12510741781041166 12510742264220969
47100753590048 47100735844064 12510742264221323 12510742739818310 47100751367624 47100753591072 12510742739852713 12510743202075534
140731045332736 47100735681620 12510743202075886 12510743673597702 47100735681620 47100753641784 12510743673597714 12510744152109610
47100751367840 47100751375928 12510744152112028 12510744631340488 140731045333152 140731045333232 12510744631340500 12510745109889696

5 140730609700048 12510798607873996 12510799076222098 4 5 12510799076222110 12510799550476140
47767377952512 140730609700032 12510799550476562 12510800024306388 10 10 12510800024306400 12510800499111694
4 60 12510800499112058 12510800974963948 2667321352 4131212846 12510800974963994 12510801450391266
10 47767362436800 12510801450391624 12510801926100940 47767362268043 47767362268043 12510801926100986 12510802401126598
1952205948 0 12510802401127066 12510802876648400 140730609700192 47767362428640 12510802876648412 12510803352171196
47767362268043 47767362436392 12510803352171564 12510803827730724 140730609699920 140730609700000 12510803827730736 12510804302668324
47767380174624 47767362428640 12510804302670638 12510804778539928 47767377952200 47767380175648 12510804778584110 12510805253854024
140730609699776 47767362266196 12510805253854518 12510805729864312 47767362266196 47767380226360 12510805729864324 12510806205001894
47767377952416 47767377960504 12510806205004294 12510806680047316 140730609700192 140730609700272 12510806680047328 12510807155749872

5 140733275490320 12510777302436784 12510777803973396 4 5 12510777803973408 12510778306724220
47476312538880 140733275490304 12510778306724590 12510778811359268 10 10 12510778811359280 12510779313853602
4 60 12510779313855996 12510779808504450 2667321352 4131212846 12510779808504496 12510780283751386
10 47476297023168 12510780283751850 12510780757375756 47476296854411 47476296854411 12510780757375768 12510781232041032
1952205948 0 12510781232041576 12510781707144646 140733275490464 47476297015008 12510781707144658 12510782183265710
47476296854411 47476297022760 12510782183266110 12510782658115738 140733275490192 140733275490272 12510782658115750 12510783134280000
47476314760992 47476297015008 12510783134282432 12510783609487342 47476312538568 47476314762016 12510783609530022 12510784085920442
140733275490048 47476296852564 12510784085920926 12510784561057334 47476296852564 47476314812728 12510784561057346 12510785036255972
47476312538784 47476312546872 12510785036258300 12510785512574712 140733275490464 140733275490544 12510785512574724 12510785987656862

5 140737356220816 12510698363742256 12510698832800038 4 5 12510698832800050 12510699306194228
47686617595648 140737356220800 12510699306194734 12510699780665378 10 10 12510699780665390 12510700255198806
4 60 12510700255199372 12510700729093576 2667321352 4131212846 12510700729093588 12510701203817064
10 47686602088128 12510701203817524 12510701677751446 47686601911179 47686601911179 12510701677751458 12510702153936214
1952205948 0 12510702153936659 12510702629310686 140737356220960 47686602079968 12510702629310698 12510703105827826
47686601911179 47686602087720 12510703105828712 12510703580569570 140737356220688 140737356220768 12510703580569582 12510704056149000
47686619817760 47686602079968 12510704056149566 12510704531722278 47686617595336 47686619818784 12510704531766684 12510705007878850
140737356220544 47686601909332 12510705007879300 12510705483238618 47686601909332 47686619869496 12510705483238630 12510705958630090
47686617595552 47686617603640 12510705958632438 12510706434690634 140737356220960 140737356221040 12510706434690646 12510706910284070

5 140727381098656 12510825440962262 12510825911780258 4 5 12510825911780270 12510826388936408
47475966152448 140727381098640 12510826388936848 12510826865606862 10 10 12510826865606874 12510827342752822
4 60 12510827342753250 12510827819432764 2667321352 4131212846 12510827819432776 12510828296636872
10 47475950636736 12510828296637332 12510828773491562 47475950467979 47475950467979 12510828773491574 12510829252146274
1952205948 0 12510829252146768 12510829729917334 140727381098800 47475950628576 12510829729917346 12510830209594620
47475950467979 47475950636328 12510830209596996 12510830686930854 140727381098528 140727381098608 12510830686930866 12510831165201640
47475968374560 47475950628576 12510831165204026 12510831643290556 47475966152136 47475968375584 12510831643325414 12510832121761702
140727381098384 47475950466132 12510832121764074 12510832599411016 47475950466132 47475968426296 12510832599411028 12510833077740820
47475966152352 47475966160440 12510833077741298 12510833555294486 140727381098800 140727381098880 12510833555294532 12510834032847344
