25 3452
12511024011541400 12511024012771758 12511024016835020 12511024522639318 12511024012771772 12511024013975442 12511024525665030 12511025031623320
12511024522639742 12511024524119698 12511025034752194 12511025539607056 12511025031626808 12511025033223824 12511025542546920 12511026046803952
12511025539607484 12511025541052984 12511026049622330 12511026523870762 12511026046804680 12511026048219074 12511026553112944 12511027028278988
12511026523871180 12511026525153598 12511027031082306 12511027505293936 12511027028279702 12511027029572428 12511027508075844 12511027983171870
12511027505297462 12511027506675778 12511027985934002 12511028459878408 12511027983172580 12511027984510712 12511028462589594 12511028937377050
12511028459878818 12511028461183480 12511028940127414 12511029414929146 12511028937381088 12511028938722088 12511029417637182 12511029892773454
12511029414929566 12511029416246612 12511029895562974 12511030370153300 12511029892774186 12511029894159490 12511030373216214 12511030848212948
12511030370216642 12511030371760840 12511030851025822 12511031325853960 12511030848213666 12511030849635334 12511031328575924 12511031803403022
12511031325854442 12511031327186314 12511031806162366 12511032280316196 12511031803403752 12511031804768000 12511032280431758 12511032755463748

12511068971245612 12511068972336100 12511068975877114 12511069449804076 12511068972336114 12511068973387450 12511069452191718 12511069925395434
12511069449806396 12511069451126562 12511069927417350 12511070402017582 12511069925395868 12511069926815558 12511070404681364 12511070878243032
12511070402017918 12511070403325782 12511070880977286 12511071354735582 12511070878243044 12511070879570292 12511071357413076 12511071831511020
12511071354735964 12511071356053476 12511071834253912 12511072308008910 12511071831511848 12511071832853624 12511072310733434 12511072785637582
12511072308011258 12511072309351042 12511072788403382 12511073261363294 12511072785638414 12511072787002086 12511073264044094 12511073738300850
12511073261365612 12511073262668090 12511073741021068 12511074214265176 12511073738301682 12511073739621904 12511074216952012 12511074690765648
12511074214267506 12511074215573854 12511074693506974 12511075167204406 12511074690766124 12511074692095380 12511075170875398 12511075645069142
12511075167259932 12511075168615452 12511075648235590 12511076122790602 12511075645070028 12511075646626120 12511076125675592 12511076599642074
12511076122791020 12511076124141608 12511076602502910 12511077075796618 12511076599642566 12511076601023282 12511077076362422 12511077550572474

12510986659783448 12510986660889084 12510986664399000 12510987130714066 12510986660889100 12510986661952606 12510987162537762 12510987634796156
12510987130715084 12510987132043704 12510987637575526 12510988109791690 12510987634796990 12510987636247250 12510988112510454 12510988583962016
12510988109792026 12510988111115934 12510988586748930 12510989059128166 12510988583962736 12510988585329380 12510989061815688 12510989533497478
12510989059128564 12510989060430712 12510989536250990 12510990008591952 12510989533498272 12510989534861750 12510990011342568 12510990483218934
12510990008592322 12510990009960076 12510990485981824 12510990958245742 12510990483219344 12510990484569628 12510990960938070 12510991432982758
12510990958246060 12510990959553126 12510991435675590 12510991907554290 12510991432983146 12510991434282724 12510991910261280 12510992381418866
12510991907554674 12510991908889444 12510992384179766 12510992856961624 12510992381419274 12510992382776140 12510992859758458 12510993331586440
12510992857032974 12510992858383040 12510993333351152 12510993806102232 12510993331586460 12510993333159862 12510993808959864 12510994280817990
12510993806104550 12510993807523810 12510994283655598 12510994755069406 12510994280818036 12510994282201048 12510994756498680 12510995228755566

12511014430197794 12511014431288590 12511014434836124 12511014903313972 12511014431288636 12511014432342372 12511014906027152 12511015380196004
12511014903314398 12511014904641852 12511015382699270 12511015857301290 12511015380196716 12511015381645482 12511015860091746 12511016333623000
12511015857301700 12511015858619808 12511016336475350 12511016810605014 12511016333623396 12511016334972472 12511016813370674 12511017286776104
12511016810605426 12511016811903988 12511017289616052 12511017765050174 12511017286776818 12511017288112066 12511017767910486 12511018241844898
12511017765050660 12511017766423150 12511018244685076 12511018718524042 12511018241845616 12511018243197934 12511018721307698 12511019194996928
12511018718524470 12511018719829160 12511019197830604 12511019671789780 12511019194997644 12511019196339540 12511019674570322 12511020148016524
12511019671790194 12511019673083766 12511020150883616 12511020626497320 12511020148017242 12511020149386534 12511020629704774 12511021103561940
12511020626556888 12511020627882904 12511021106646004 12511021580464768 12511021103562772 12511021105142680 12511021583293776 12511022056479874
12511021580465200 12511021581851396 12511022059201190 12511022532864336 12511022056480566 12511022057812264 12511022532974602 12511023008299986

12511013764076140 12511013765163592 12511013768681232 12511014234158520 12511013765163654 12511013766206884 12511014236304692 12511014706276538
12511014234158940 12511014235453512 12511014709155326 12511015180183634 12511014706277318 12511014707735952 12511015182853844 12511015653513610
12511015180184048 12511015181480894 12511015656280508 12511016127270192 12511015653514356 12511015654858830 12511016129943370 12511016600423138
12511016127272540 12511016128568782 12511016603169824 12511017073273962 12511016600423604 12511016601754488 12511017076055248 12511017547332208
12511017073274366 12511017074668424 12511017550102846 12511018020152702 12511017547333016 12511017548699242 12511018022821512 12511018494318724
12511018020153108 12511018021460912 12511018497045496 12511018967357112 12511018494319468 12511018495639998 12511018970016342 12511019440765180
12511018967357528 12511018968662846 12511019443524576 12511019914192286 12511019440765600 12511019442109662 12511019916999258 12511020388018752
12511019914265480 12511019915632576 12511020391147792 12511020861940424 12511020388018766 12511020389596366 12511020864717020 12511021335743022
12511020861940818 12511020863290216 12511021338508852 12511021808833588 12511021335743034 12511021337098140 12511021810257276 12511022280917668

12511042018597944 12511042019687968 12511042023388166 12511042490565394 12511042019688032 12511042020752578 12511042494779364 12511042967125660
12511042490567710 12511042491808394 12511042968720934 12511043442097404 12511042967126454 12511042968547350 12511043444800556 12511043917299534
12511043442099766 12511043443416636 12511043920038962 12511044393749072 12511043917300356 12511043918623512 12511044396425126 12511044868821088
12511044393751400 12511044395063202 12511044871568594 12511045345056140 12511044868821924 12511044870177846 12511045347790466 12511045820785806
12511045345058512 12511045346423798 12511045823554094 12511046296690852 12511045820789460 12511045822153222 12511046299344498 12511046772593898
12511046296693222 12511046297992220 12511046775317894 12511047248317396 12511046772594740 12511046773926028 12511047250985706 12511047723409236
12511047248319754 12511047249638276 12511047726169018 12511048199756722 12511047723410052 12511047724758762 12511048202570084 12511048675374064
12511048199829814 12511048201202288 12511048678392744 12511049151172098 12511048675374076 12511048676903182 12511049153857996 12511049627516132
12511049151172482 12511049152488616 12511049630244872 12511050102706576 12511049627516200 12511049628850638 12511050104114870 12511050577458792

12511029636221088 12511029637324894 12511029640551176 12511030109707368 12511029637324920 12511029638378296 12511030112454222 12511030585775810
12511030109709758 12511030110953782 12511030588673474 12511031063197652 12511030585776628 12511030587193656 12511031065963732 12511031539362700
12511031063198058 12511031064499746 12511031542156868 12511032017118670 12511031539363456 12511031540712738 12511032019894162 12511032493573218
12511032017119072 12511032018447934 12511032496384562 12511032970454732 12511032493573636 12511032494919514 12511032973311706 12511033447024930
12511032970457102 12511032971804720 12511033449781792 12511033923864098 12511033447025682 12511033448378922 12511033926687150 12511034400499016
12511033923864522 12511033925183018 12511034403197190 12511034877069018 12511034400499766 12511034401807566 12511034879907610 12511035353898216
12511034877069432 12511034878382644 12511035356684146 12511035830473458 12511035353898636 12511035355243058 12511035833380650 12511036307773638
12511035830535400 12511035831906150 12511036310799210 12511036784319302 12511036307773650 12511036309315664 12511036787048814 12511037262177806
12511036784321692 12511036785643450 12511037265036120 12511037739197998 12511037262177818 12511037263518686 12511037739745800 12511038214013530

12510954119548726 12510954120769042 12510954124725242 12510954622007806 12510954120769054 12510954121936678 12510954628834960 12510955129903332
12510954622010184 12510954623486436 12510955132956762 12510955634016894 12510955129904134 12510955131481436 12510955636996640 12510956138051462
12510955634017314 12510955635442532 12510956141037734 12510956643103010 12510956138051874 12510956139541774 12510956646070934 12510957128868278
12510956643105412 12510956644544364 12510957131560198 12510957602662424 12510957128869014 12510957130204806 12510957605422282 12510958075830094
12510957602662766 12510957604028488 12510958078521834 12510958548379478 12510958075830534 12510958077151856 12510958551087870 12510959022113902
12510958548379888 12510958549692084 12510959024796098 12510959494578682 12510959022114656 12510959023444418 12510959497286306 12510959968857852
12510959494579088 12510959495879378 12510959971604176 12510960442206862 12510959968858246 12510959970222314 12510960445328796 12510960916340622
12510960442278094 12510960443821574 12510960919143170 12510961389697476 12510960916341360 12510960917743254 12510961392412542 12510961863510880
12510961389697886 12510961390996642 12510961866175890 12510962336631700 12510961863511612 12510961864834706 12510962336749112 12510962808082430

12510939027445760 12510939028527968 12510939032067932 12510939496343076 12510939028527994 12510939029582128 12510939497763348 12510939967916594
12510939496345414 12510939497665688 12510939970757874 12510940440573392 12510939967917452 12510939969340202 12510940443250896 12510940914134488
12510940440573740 12510940441872974 12510940916890102 12510941386235428 12510940914135640 12510940915472360 12510941388932262 12510941858271888
12510941386235858 12510941387548682 12510941861000862 12510942331063584 12510941858272308 12510941859602020 12510942333817122 12510942803400352
12510942331064594 12510942332440162 12510942806188108 12510943276944390 12510942803401218 12510942804783610 12510943279635406 12510943749245042
12510943276944748 12510943278254534 12510943751961372 12510944221830044 12510943749246048 12510943750562900 12510944224494232 12510944693761082
12510944221830392 12510944223125158 12510944696518306 12510945166984540 12510944693761980 12510944695093404 12510945169752458 12510945639157706
12510945167042592 12510945168381256 12510945642201823 12510946113076224 12510945639158176 12510945640662264 12510946115763586 12510946585386826
12510946113078588 12510946114394430 12510946588144434 12510947057423782 12510946585387752 12510946586733726 12510947058841368 12510947529069306

12510940191701556 12510940192782180 12510940196303206 12510940665583990 12510940192782204 12510940193822684 12510940668302864 12510941142134240
12510940665586348 12510940666897280 12510941144900724 12510941618329748 12510941142135044 12510941143562170 12510941621736910 12510942095265842
12510941618332066 12510941619646982 12510942097936666 12510942571571740 12510942095266272 12510942096605392 12510942574285812 12510943048702312
12510942571572116 12510942572883988 12510943051423168 12510943525193028 12510943048703136 12510943050063060 12510943527949538 12510944002298642
12510943525193366 12510943526534866 12510944005049792 12510944478471938 12510944002299520 12510944003682342 12510944481170588 12510944955791250
12510944478474324 12510944479785200 12510944958445970 12510945431551968 12510944955792068 12510944957096780 12510945434265688 12510945908924798
12510945431552352 12510945432876270 12510945911646698 12510946385418394 12510945908925566 12510945910271208 12510946388229010 12510946862537768
12510946385491928 12510946386840400 12510946865470138 12510947338787744 12510946862538190 12510946864059566 12510947341545312 12510947816464102
12510947338788086 12510947340146918 12510947819190508 12510948292948030 12510947816464868 12510947817823642 12510948293042950 12510948768112704

12511065126536786 12511065127642744 12511065131255518 12511065601400792 12511065127642814 12511065128698446 12511065604164358 12511066078525016
12511065601403102 12511065602667718 12511066081276116 12511066556432284 12511066078525880 12511066079936534 12511066559151860 12511067033171952
12511066556434602 12511066557750036 12511067035876096 12511067511662274 12511067033172760 12511067034528832 12511067514339342 12511067989108700
12511067511664590 12511067512946290 12511067991812902 12511068466080672 12511067989109450 12511067990461434 12511068468828886 12511068943982206
12511068466082992 12511068467442026 12511068946674278 12511069420860774 12511068943984382 12511068945326914 12511069423563058 12511069898872978
12511069420863096 12511069422152106 12511069901549818 12511070375987996 12511069898873732 12511069900174554 12511070378715448 12511070853551670
12511070375988412 12511070377304290 12511070856294786 12511071330935280 12511070853552610 12511070854920008 12511071333747168 12511071809088862
12511071330996064 12511071332340114 12511071812056166 12511072286283572 12511071809089660 12511071810628108 12511072289049928 12511072764604348
12511072286285902 12511072287649424 12511072767309572 12511073241670438 12511072764605162 12511072765948236 12511073241789602 12511073716998918

12510958795462984 12510958796573122 12510958799817082 12510959268906080 12510958796573186 12510958797619696 12510959270833266 12510959744349458
12510959268908666 12510959270170292 12510959747182286 12510960221466406 12510959744352706 12510959745707062 12510960224166562 12510960697545126
12510960221466844 12510960222709690 12510960700269278 12510961174476630 12510960697545850 12510960698826506 12510961177168250 12510961650398702
12510961174479056 12510961175720596 12510961653094538 12510962127598610 12510961650400746 12510961651665114 12510962130340202 12510962604083440
12510962127599074 12510962128885878 12510962606817356 12510963080954726 12510962604084166 12510962605369806 12510963083635760 12510963557640808
12510963080955162 12510963082204602 12510963560325790 12510964033671872 12510963557641524 12510963558891838 12510964036250020 12510964510283292
12510964033674260 12510964034909360 12510964513073706 12510964987107352 12510964510284004 12510964511560206 12510964989813776 12510965464080600
12510964987169236 12510964988445744 12510965467128046 12510965940863742 12510965464116618 12510965465548240 12510965943502714 12510966417761452
12510965940864212 12510965942111636 12510966420517206 12510966894181272 12510966417763546 12510966419033484 12510966895597864 12510967370041510

12510897886239538 12510897887437452 12510897891366456 12510898394046780 12510897887437498 12510897888606038 12510898397096586 12510898899271326
12510898394047188 12510898395448068 12510898902296160 12510899405260536 12510898899272116 12510898900827870 12510899408200692 12510899910397450
12510899405262914 12510899406690646 12510899913319548 12510900415904222 12510899910398206 12510899911863578 12510900418854322 12510900921311470
12510900415906614 12510900417354762 12510900924243656 12510901426825850 12510900921311830 12510900922760204 12510901429840160 12510901932633782
12510901426826256 12510901428331538 12510901935603844 12510902437756158 12510901932634190 12510901934138860 12510902440707388 12510902944014794
12510902437758504 12510902439192014 12510902946981994 12510903448774712 12510902944015190 12510902945497300 12510903451720936 12510903954617302
12510903448777096 12510903450171960 12510903957643662 12510904460907094 12510903954687720 12510903956163138 12510904464161122 12510904952128300
12510904460907500 12510904462563878 12510904954893584 12510905427077272 12510904952128728 12510904953527302 12510905429831168 12510905902834076
12510905427077692 12510905428404702 12510905905569644 12510906378244032 12510905902834760 12510905904185414 12510906378334688 12510906851694984

12510886777649420 12510886778869934 12510886782636414 12510887282446604 12510886778869946 12510886780059090 12510887285576206 12510887788045178
12510887282448972 12510887283907918 12510887791186744 12510888295064544 12510887788046016 12510887789623878 12510888298489972 12510888791576548
12510888295066932 12510888296537906 12510888793926754 12510889265178600 12510888791576994 12510888792914096 12510889267992882 12510889738861068
12510889265180928 12510889266493968 12510889741661802 12510890212765526 12510889738861904 12510889740218340 12510890215586548 12510890686558358
12510890212767874 12510890214103022 12510890689370114 12510891160690176 12510890686559480 12510890687933060 12510891163474794 12510891634230978
12510891160690534 12510891161990750 12510891636996472 12510892108703424 12510891634231808 12510891635561472 12510892111503414 12510892582910778
12510892108705810 12510892110005080 12510892585720638 12510893057109622 12510892582913286 12510892584254774 12510893060186310 12510893532000216
12510893057162334 12510893058643712 12510893534837224 12510894005977238 12510893532001046 12510893533370238 12510894008775230 12510894480372376
12510894005979606 12510894007277390 12510894483192158 12510894954247240 12510894480373204 12510894481733608 12510894954783914 12510895426497442

12510933115359416 12510933116452906 12510933119705080 12510933586068072 12510933116452956 12510933117517554 12510933587921196 12510934061259992
12510933586070472 12510933587271500 12510934064120716 12510934535839476 12510934061263218 12510934062603248 12510934538556372 12510935010628264
12510934535841850 12510934537111162 12510935013364816 12510935484869184 12510935010628982 12510935011919856 12510935487585458 12510935959273732
12510935484871534 12510935486113252 12510935962675150 12510936435162742 12510935959277616 12510935961179740 12510936437933146 12510936909583388
12510936435163168 12510936436443110 12510936912345890 12510937384620570 12510936909583734 12510936910874482 12510937387339056 12510937859385772
12510937384620978 12510937385879180 12510937862119808 12510938334537724 12510937859386492 12510937860657574 12510938337193064 12510938808839754
12510938334538092 12510938335799302 12510938811591868 12510939289599737 12510938808840146 12510938810093158 12510939292350385 12510939765282582
12510939289657225 12510939290958562 12510939768379601 12510940240660892 12510939765283197 12510939766765055 12510940243329514 12510940715174920
12510940240661320 12510940241914706 12510940717947350 12510941190198336 12510940715175618 12510940716451080 12510941191634520 12510941664284626

12510944935215564 12510944936426056 12510944940498658 12510945442573562 12510944936426102 12510944937626482 12510945445573816 12510945948751922
12510945442573966 12510945444022184 12510945952008204 12510946450871304 12510945948752648 12510945950345204 12510946453583162 12510946928818390
12510946450873692 12510946452189338 12510946931539234 12510947405432726 12510946928819060 12510946930170494 12510947408121614 12510947882498726
12510947405435106 12510947406722448 12510947885220836 12510948358587344 12510947882500936 12510947883846066 12510948361346966 12510948835788908
12510948358589734 12510948359941288 12510948838494064 12510949312722508 12510948835789582 12510948837128936 12510949315452826 12510949789971550
12510949312722914 12510949314059474 12510949792666740 12510950266514360 12510949789972216 12510949791304112 12510950269236730 12510950742361728
12510950266514778 12510950267816520 12510950745098086 12510951219409320 12510950742362074 12510950743708978 12510951222512810 12510951695820776
12510951219469740 12510951220980804 12510951698686902 12510952173798612 12510951695820822 12510951697214774 12510952176511050 12510952650127464
12510952173799022 12510952175105486 12510952652829192 12510953127075438 12510952650127476 12510952651468248 12510953127199078 12510953600839692

12510988036035524 12510988037127682 12510988040661706 12510988513301652 12510988037127708 12510988038189882 12510988515742128 12510988987172664
12510988513303986 12510988514645042 12510988989179448 12510989461680006 12510988987173416 12510988988596434 12510989464343420 12510989935890240
12510989461682382 12510989462955978 12510989938593510 12510990411093088 12510989935891028 12510989937167354 12510990413700162 12510990885760082
12510990411095460 12510990412350610 12510990888529090 12510991361034022 12510990885763624 12510990887041138 12510991363726628 12510991835640354
12510991361036348 12510991362331870 12510991838454918 12510992310581794 12510991835641046 12510991836935482 12510992313201576 12510992785129338
12510992310582164 12510992311808736 12510992787854696 12510993260074986 12510992785132662 12510992786392880 12510993262722096 12510993735046600
12510993260077352 12510993261336086 12510993737828536 12510994209848834 12510993735049960 12510993736326566 12510994212639572 12510994685408124
12510994209921328 12510994211201042 12510994688359114 12510995160039474 12510994685408834 12510994686848372 12510995162748840 12510995635634862
12510995160041858 12510995161291266 12510995638427812 12510996114640236 12510995635635582 12510995636925284 12510996116158670 12510996593124638

3146244365723254 3146244366816844 3146244370415972 3146244837087730 3146244366816918 3146244367853070 3146244868578728 3146245339931120
3146244837088080 3146244838346754 3146245342740928 3146245815009426 3146245339931932 3146245341281510 3146245817719136 3146246289227306
3146245815011602 3146245816269878 3146246291920982 3146246763917814 3146246289228826 3146246290486196 3146246766615458 3146247238148334
3146246763918198 3146246765146498 3146247240856066 3146247712931764 3146247238149170 3146247239438170 3146247715676822 3146248187072000
3146247712932164 3146247714212592 3146248189801352 3146248660872678 3146248187072844 3146248188354138 3146248663582830 3146249135977546
3146248660873042 3146248662105078 3146249138672832 3146249610148708 3146249135978382 3146249137216412 3146249612799246 3146250084496178
3146249610149060 3146249611376166 3146250087244742 3146250558621316 3146250084497078 3146250085784192 3146250561371968 3146251033376038
3146250558689958 3146250559926104 3146251036395760 3146251508137578 3146251033376886 3146251034806842 3146251510848968 3146251983363744
3146251508139764 3146251509420672 3146251986109246 3146252457655834 3146251983364214 3146251984633646 3146252457856752 3146252929972340

12510962522177258 12510962523271388 12510962526789754 12510962998693216 12510962523271446 12510962524322368 12510963001353534 12510963472634030
12510962998693616 12510962999938708 12510963475089956 12510963947693944 12510963472634850 12510963473968002 12510963950479134 12510964421860934
12510963947694330 12510963948958176 12510964424627780 12510964896851192 12510964421861740 12510964423123578 12510964899622200 12510965370995610
12510964896851578 12510964898074146 12510965372919624 12510965845188290 12510965370996430 12510965372277514 12510965847978524 12510966319909792
12510965845188640 12510965846389708 12510966323519956 12510966795592734 12510966319913130 12510966321225704 12510966798383228 12510967270190702
12510966795593126 12510966796833218 12510967272982476 12510967744629346 12510967270194194 12510967271447320 12510967747367616 12510968218673350
12510967744629716 12510967745875776 12510968221523608 12510968693112624 12510968218673724 12510968219942304 12510968695938530 12510969168300084
12510968693171830 12510968694449126 12510969171448678 12510969642842694 12510969168300914 12510969169774184 12510969645633468 12510970118074870
12510969642843006 12510969644105198 12510970120903062 12510970592601094 12510970118078010 12510970119335476 12510970593221146 12510971065650324

12510912235079224 12510912236169376 12510912239706210 12510912706423370 12510912236169424 12510912237215702 12510912707916272 12510913181526726
12510912706425724 12510912707706632 12510913184337340 12510913656409398 12510913181527592 12510913182930250 12510913659048396 12510914130705022
12510913656409790 12510913657665706 12510914134069690 12510914605644898 12510914130707160 12510914132697462 12510914608298082 12510915085686005
12510914605647244 12510914606903346 12510915088432155 12510915556765667 12510915085686635 12510915087026717 12510915559665972 12510916015095066
12510915556765988 12510915557981050 12510916032163500 12510916499791538 12510916015095132 12510916016295224 12510916502374030 12510916974121478
12510916499793892 12510916501078334 12510916976833822 12510917449051086 12510916974122242 12510916975374500 12510917451699124 12510917923331142
12510917449051444 12510917450266226 12510917926087634 12510918399270394 12510917923331554 12510917924603888 12510918402007280 12510918873712260
12510918399324680 12510918400590128 12510918876755442 12510919349023694 12510918873712272 12510918875163906 12510919351691394 12510919823088924
12510919349024094 12510919350276672 12510919825845296 12510920297218370 12510919823088936 12510919824341536 12510920299245604 12510920771777792

12510888429558762 12510888430800860 12510888434493690 12510888935336074 12510888430800872 12510888431987068 12510888938391862 12510889444753400
12510888935336488 12510888936631918 12510889448062172 12510889953298468 12510889444754170 12510889446187813 12510889956375492 12510890461871270
12510889953298892 12510889954658658 12510890464883226 12510890969633796 12510890461871676 12510890463245842 12510890972812242 12510891479182280
12510890969634222 12510890971013952 12510891482267150 12510891987797744 12510891479182642 12510891480667536 12510891990912860 12510892496645370
12510891987798156 12510891989307902 12510892499718710 12510892999298284 12510892496645778 12510892498150380 12510893002104520 12510893476248236
12510892999300670 12510893000602784 12510893479040510 12510893953422880 12510893476249026 12510893477594738 12510893956234036 12510894429675390
12510893953423316 12510893954721990 12510894432513164 12510894906969486 12510894429675826 12510894431024358 12510894910300276 12510895384702918
12510894907039530 12510894908639724 12510895387649072 12510895861268466 12510895384702930 12510895386123118 12510895864087382 12510896338568268
12510895861268876 12510895862576042 12510896341394558 12510896815135980 12510896338568348 12510896339923154 12510896815603490 12510897290555322

12510950544240196 12510950545341448 12510950548610878 12510951014771858 12510950545341460 12510950546397898 12510951016556802 12510951488253892
12510951014772260 12510951015964854 12510951491081234 12510951962617228 12510951488254608 12510951489510152 12510951965264278 12510952437279968
12510951962617648 12510951963792422 12510952439966152 12510952911649720 12510952437281410 12510952438481668 12510952914358202 12510953385654566
12510952911650120 12510952912834968 12510953388321820 12510953860750482 12510953385655172 12510953386858684 12510953863505766 12510954335431638
12510953860750908 12510953861966168 12510954338117008 12510954809938796 12510954335432370 12510954336635126 12510954812617112 12510955284086156
12510954809941134 12510954811120022 12510955286783304 12510955758225702 12510955284086884 12510955285250526 12510955760831310 12510956231984300
12510955758228088 12510955759410664 12510956234799570 12510956710347309 12510956231984974 12510956233189744 12510956713108562 12510957184926056
12510956710405139 12510956711663043 12510957187814775 12510957639468892 12510957184926074 12510957186231090 12510957641962938 12510958110675628
12510957639469218 12510957640623022 12510958113447040 12510958584731788 12510958110675640 12510958111883422 12510958586158574 12510959058166300

12510929238555594 12510929239774030 12510929243357042 12510929739833402 12510929239774044 12510929240944876 12510929743086954 12510930242966922
12510929739833696 12510929741260102 12510930246169062 12510930746217502 12510930242969266 12510930244610532 12510930749256766 12510931249639472
12510930746217792 12510930747639172 12510931252667764 12510931751683638 12510931249641782 12510931251096504 12510931754710046 12510932256126948
12510931751683896 12510931753108338 12510932259168054 12510932761613712 12510932256127266 12510932257613088 12510932765356402 12510933267862862
12510932761614000 12510932763746424 12510933270896696 12510933797461663 12510933267865158 12510933269329988 12510933800489299 12510934306024716
12510933797461906 12510933798906588 12510934308865504 12510934807926334 12510934306026730 12510934307376840 12510934810969416 12510935313290612
12510934807926588 12510934809353198 12510935316351690 12510935797917550 12510935313298348 12510935314784908 12510935801073636 12510936271916044
12510935797917828 12510935799471694 12510936274839922 12510936745894292 12510936271918414 12510936273315914 12510936748697506 12510937219034238
12510936745894576 12510936747214164 12510937221809828 12510937692803676 12510937219034250 12510937220377544 12510937693262920 12510938163710774

12510850298965492 12510850300053020 12510850303299170 12510850769133278 12510850300053040 12510850301097272 12510850771012544 12510851241472318
12510850769133690 12510850770286212 12510851244313424 12510851714931208 12510851241473060 12510851242533144 12510851717593398 12510852188524316
12510851714931592 12510851715997826 12510852191084502 12510852661755810 12510852188525018 12510852189576600 12510852664470744 12510853136081454
12510852661758140 12510852662795916 12510853138681306 12510853609398496 12510853136082158 12510853137145260 12510853612093148 12510854083756024
12510853609401368 12510853610438724 12510854086442488 12510854556726204 12510854083756988 12510854084838720 12510854559436776 12510855030723258
12510854556728576 12510854557777116 12510855033415900 12510855503932502 12510855030725828 12510855031780538 12510855506465346 12510855977572640
12510855503934840 12510855505005462 12510855980336236 12510856450913348 12510855977573362 12510855978632902 12510856453583240 12510856925009864
12510856450973270 12510856452043648 12510856928181186 12510857398686064 12510856925010596 12510856926154552 12510857401328766 12510857871891808
12510857398686472 12510857399749484 12510857874647890 12510858346239646 12510857871892520 12510857872965386 12510858347692192 12510858818429378

12510977377749856 12510977378851662 12510977382122848 12510977848813406 12510977378851708 12510977379909828 12510977850729280 12510978323213434
12510977848813824 12510977849927434 12510978326039356 12510978798250258 12510978323214152 12510978324516688 12510978800955400 12510979273176562
12510978798252668 12510978799454740 12510979275847736 12510979747859962 12510979273177278 12510979274400244 12510979750560018 12510980223485512
12510979747860368 12510979749055716 12510980226098394 12510980698112638 12510980223486174 12510980224703078 12510980700913000 12510981173568198
12510980698113066 12510980699333032 12510981176358926 12510981648282076 12510981173568902 12510981174802052 12510981651005008 12510982124006594
12510981648284464 12510981649533190 12510982126682310 12510982598191714 12510982124007314 12510982125272662 12510982600875594 12510983073814352
12510982598192130 12510982599467526 12510983076594202 12510983549083218 12510983073817770 12510983075106870 12510983551873550 12510984024881600
12510983549134910 12510983550431584 12510984027993138 12510984500288164 12510984024881992 12510984026373056 12510984503082814 12510984975428682
12510984500290536 12510984501566172 12510984978159414 12510985451557426 12510984975429082 12510984976712834 12510985452861812 12510985931210242
