25 31
12510728568752612 12510728568895238 12510728569076732 12510728573010620 12510728573010632 12510728573154676 12510728573327918 12510728577260962
12510728577261158 12510728577424250 12510728577607802 12510728581542328 12510728581542340 12510728581821646 12510728582157768 12510728586405810
12510728586406250 12510728586590194 12510728586778024 12510728590728644 12510728590728994 12510728590902274 12510728591283544 12510728595229050
12510728595229276 12510728595412194 12510728595717030 12510728599664320 12510728599664366 12510728599830838 12510728600145014 12510728604078134
12510728604078394 12510728604304960 12510728605823538 12510728609762302 12510728609762322 12510728609942326 12510728610192074 12510728614296392
12510728614296560 12510728614475920 12510728614653274 12510728618592350 12510728618592466 12510728618778698 12510728618955542 12510728622884254
12510728622884454 12510728623056448 12510728623278602 12510728627248482 12510728627248502 12510728627441014 12510728627858946 12510728631815608
12510728631815756 12510728632020228 12510728632300990 12510728636240016 12510728636240078 12510728636402050 12510728636656436 12510728640796248
12510728640796478 12510728640982546 12510728641157260 12510728645098548 12510728645098624 12510728645269826 12510728645509040 12510728649443306

12510773526813268 12510773526954532 12510773527125096 12510773531057210 12510773531057236 12510773531216982 12510773531385776 12510773535333148
12510773535333360 12510773535497720 12510773535759606 12510773539820496 12510773539820560 12510773540064060 12510773540278160 12510773544220922
12510773544221102 12510773544401592 12510773544927712 12510773548861266 12510773548861292 12510773549032094 12510773549402432 12510773553359224
12510773553359996 12510773553545170 12510773554013440 12510773557984788 12510773557984826 12510773558157990 12510773558338990 12510773562295714
12510773562296550 12510773562518864 12510773563181682 12510773567111960 12510773567112022 12510773567298902 12510773568109732 12510773572051702
12510773572052536 12510773572228876 12510773572619024 12510773576564158 12510773576564186 12510773576744596 12510773576946796 12510773580867470
12510773580868020 12510773581047866 12510773581304628 12510773585238028 12510773585238088 12510773585432352 12510773585738036 12510773589747642
12510773589748464 12510773589964826 12510773590150508 12510773594084526 12510773594084634 12510773594266670 12510773594545672 12510773598454232
12510773598456794 12510773598625300 12510773599251386 12510773603223668 12510773603223680 12510773603408376 12510773603758704 12510773607703796

12510691217183764 12510691217327366 12510691217505900 12510691221435376 12510691221435388 12510691221584164 12510691221753286 12510691225667624
12510691225667818 12510691225841848 12510691226018626 12510691230049754 12510691230049792 12510691230288976 12510691230473186 12510691234423282
12510691234423294 12510691234596236 12510691234916568 12510691238883992 12510691238884074 12510691239064508 12510691239491240 12510691244206554
12510691244206602 12510691244389388 12510691244568262 12510691248518422 12510691248518492 12510691248687860 12510691249441034 12510691253351318
12510691253351574 12510691253568352 12510691253819584 12510691258012520 12510691258012602 12510691258189660 12510691258501084 12510691262481930
12510691262482002 12510691262651682 12510691263019938 12510691266967122 12510691266967148 12510691267137670 12510691267482454 12510691271397534
12510691271397870 12510691271574356 12510691272004370 12510691275943138 12510691275943176 12510691276126394 12510691276373592 12510691280293066
12510691280293102 12510691280510508 12510691280692098 12510691284644844 12510691284644914 12510691284819692 12510691285181810 12510691289131170
12510691289131478 12510691289300486 12510691289499762 12510691293452212 12510691293452282 12510691293629692 12510691293850796 12510691297780634

12510718986882810 12510718987024034 12510718987189558 12510718991101136 12510718991101220 12510718991251184 12510718991419044 12510718995356378
12510718995357020 12510718995528856 12510718995865342 12510718999805396 12510718999805408 12510719000087822 12510719000318266 12510719004436948
12510719004437182 12510719004613554 12510719005019428 12510719008963776 12510719008963844 12510719009161442 12510719009589220 12510719013536248
12510719013536742 12510719013708248 12510719014166242 12510719018969814 12510719018972894 12510719019165392 12510719019339202 12510719023345812
12510719023346026 12510719023568413 12510719023742260 12510719028053768 12510719028053808 12510719028224352 12510719028388956 12510719032551504
12510719032552166 12510719032749100 12510719032908744 12510719037004805 12510719037004885 12510719037205562 12510719037370956 12510719041548528
12510719041548738 12510719041723700 12510719041888842 12510719045917746 12510719045917758 12510719046117756 12510719046289688 12510719050224516
12510719050224900 12510719050428974 12510719050598774 12510719054730516 12510719054730598 12510719054913940 12510719055094686 12510719059043882
12510719059044250 12510719059221114 12510719059386192 12510719063346590 12510719063346726 12510719063517398 12510719063679726 12510719067646550

12510718320690276 12510718320835398 12510718321013933 12510718325035750 12510718325035773 12510718325181778 12510718325352813 12510718329362780
12510718329363347 12510718329535256 12510718329703056 12510718333833826 12510718333833864 12510718334085390 12510718334339506 12510718338314306
12510718338314556 12510718338486284 12510718338976026 12510718343007975 12510718343008002 12510718343188979 12510718343362505 12510718347371458
12510718347371527 12510718347544077 12510718347747430 12510718351745211 12510718351745291 12510718351919461 12510718352998476 12510718356960912
12510718356961093 12510718357194163 12510718357387588 12510718361575312 12510718361575347 12510718361767257 12510718362055328 12510718366058957
12510718366059028 12510718366240882 12510718366576021 12510718370574402 12510718370574458 12510718370776920 12510718371042209 12510718375025893
12510718375026158 12510718375202328 12510718375560483 12510718379587280 12510718379587318 12510718379776438 12510718379960824 12510718383998101
12510718383998220 12510718384226987 12510718384403754 12510718388403597 12510718388403633 12510718388577173 12510718388746735 12510718392873327
12510718392873553 12510718393062884 12510718393247317 12510718397260888 12510718397261013 12510718397432488 12510718397610016 12510718401577851

12510746574484310 12510746574630678 12510746574800548 12510746578710546 12510746578710618 12510746578861336 12510746579139418 12510746583067390
12510746583067834 12510746583231208 12510746583524782 12510746587464722 12510746587465378 12510746587748179 12510746588312670 12510746592224158
12510746592224492 12510746592400540 12510746592901302 12510746596873298 12510746596873428 12510746597048462 12510746597296358 12510746601244964
12510746601245440 12510746601425592 12510746601686424 12510746605627320 12510746605627516 12510746605791814 12510746606068488 12510746610246562
12510746610246856 12510746611077041 12510746611277009 12510746615442936 12510746615443002 12510746615632810 12510746615801892 12510746619769932
12510746619769970 12510746619946022 12510746620151418 12510746624077900 12510746624077928 12510746624253666 12510746624451914 12510746628371750
12510746628372386 12510746628550680 12510746628807296 12510746632753066 12510746632753106 12510746632923636 12510746633321136 12510746637259422
12510746637259642 12510746637486256 12510746637849396 12510746641922574 12510746641922636 12510746642093360 12510746642356430 12510746646299222
12510746646299422 12510746646463432 12510746647018640 12510746650998122 12510746650998150 12510746651176186 12510746651512788 12510746655470622

12510734192345858 12510734192492550 12510734192677219 12510734196806092 12510734196806337 12510734196958980 12510734197128255 12510734201217494
12510734201217705 12510734201386361 12510734201568246 12510734205665635 12510734205665704 12510734205940788 12510734206117924 12510734210366990
12510734210367273 12510734210556307 12510734210729401 12510734214849661 12510734214849722 12510734215023974 12510734215195640 12510734219274382
12510734219274590 12510734219448261 12510734219614343 12510734223715618 12510734223715684 12510734223904332 12510734224072592 12510734228179162
12510734228181713 12510734228400751 12510734228934318 12510734233047154 12510734233047200 12510734233229763 12510734233505837 12510734237581964
12510734237582198 12510734237761988 12510734237967067 12510734242056463 12510734242056509 12510734242230738 12510734242401269 12510734246501553
12510734246501758 12510734246688475 12510734246858900 12510734251019737 12510734251019792 12510734251213362 12510734251403948 12510734255484085
12510734255484319 12510734255682904 12510734255859814 12510734260001478 12510734260001527 12510734260178440 12510734260356696 12510734264700033
12510734264700267 12510734264886179 12510734265060763 12510734269204207 12510734269204247 12510734269385311 12510734269562490 12510734273650611

12510658677387176 12510658677524964 12510658677695850 12510658681616550 12510658681616976 12510658681762236 12510658682038488 12510658685914638
12510658685914874 12510658686085114 12510658686449916 12510658690344720 12510658690344750 12510658690605441 12510658691009107 12510658695052232
12510658695052438 12510658695226536 12510658695627196 12510658699615044 12510658699615095 12510658699803908 12510658700089472 12510658703962430
12510658703963000 12510658704126408 12510658704560600 12510658708455070 12510658708455098 12510658708625574 12510658708970934 12510658712989272
12510658712989410 12510658713200594 12510658713722294 12510658717647320 12510658717647358 12510658717815702 12510658718341244 12510658722397220
12510658722397436 12510658722628500 12510658722838369 12510658726879936 12510658726880012 12510658727045414 12510658727325672 12510658731447806
12510658731447932 12510658731623360 12510658731805992 12510658735934686 12510658735934722 12510658736129692 12510658736317234 12510658740207346
12510658740207534 12510658740400552 12510658740743678 12510658744791524 12510658744791564 12510658744975144 12510658745241350 12510658749345288
12510658749345486 12510658749520750 12510658749948778 12510658753914354 12510658753914404 12510658754088078 12510658754452424 12510658758328286

12510643585558770 12510643585701214 12510643585869486 12510643589811534 12510643589811558 12510643589958284 12510643590128116 12510643594017192
12510643594017414 12510643594183060 12510643594526360 12510643598426268 12510643598426342 12510643598694817 12510643599314334 12510643603241224
12510643603241382 12510643603417152 12510643603942232 12510643607841210 12510643607841266 12510643608012678 12510643608327494 12510643612201288
12510643612201512 12510643612382980 12510643612718478 12510643616612536 12510643616612554 12510643616780994 12510643617787208 12510643621695406
12510643621697904 12510643621909536 12510643622155974 12510643626073624 12510643626073636 12510643626251152 12510643626856660 12510643630748236
12510643630748416 12510643630913588 12510643631366198 12510643635262622 12510643635262756 12510643635435422 12510643635827088 12510643639704668
12510643639704904 12510643639873702 12510643640345950 12510643644262834 12510643644262900 12510643644447962 12510643644718668 12510643648603150
12510643648603214 12510643648798568 12510643649036822 12510643653039886 12510643653040226 12510643653208478 12510643653538074 12510643657436066
12510643657436294 12510643657609886 12510643657831792 12510643661736360 12510643661736384 12510643661910118 12510643662422770 12510643666306522

12510644749718322 12510644749863380 12510644750042358 12510644754149526 12510644754149538 12510644754316694 12510644754496928 12510644758535820
12510644758536562 12510644758709514 12510644758910208 12510644763224038 12510644763224130 12510644763513389 12510644763705192 12510644767935122
12510644767935870 12510644768120874 12510644768294364 12510644772337130 12510644772337208 12510644772511430 12510644772693662 12510644776716084
12510644776716802 12510644776904504 12510644777101190 12510644781114702 12510644781114714 12510644781291204 12510644781466698 12510644785495106
12510644785495118 12510644785771466 12510644786130258 12510644790156828 12510644790156860 12510644790350366 12510644790837612 12510644794804374
12510644794804844 12510644794979252 12510644795215718 12510644799198700 12510644799198742 12510644799378300 12510644799736094 12510644803737068
12510644803739430 12510644803927476 12510644804175098 12510644808180664 12510644808183050 12510644808374666 12510644808732820 12510644812834322
12510644812834720 12510644813056014 12510644813233230 12510644817364704 12510644817365162 12510644817533238 12510644817707210 12510644821652786
12510644821655144 12510644821824344 12510644822240884 12510644826184578 12510644826184986 12510644826381610 12510644826899228 12510644830827972

12510769681523472 12510769681662274 12510769681837566 12510769685749278 12510769685749628 12510769685897308 12510769686077592 12510769689994760
12510769689995850 12510769690167004 12510769690489170 12510769694509550 12510769694509596 12510769694772248 12510769695155072 12510769699187994
12510769699188510 12510769699374716 12510769699753520 12510769703702898 12510769703702982 12510769703884734 12510769704182066 12510769708121788
12510769708122282 12510769708293264 12510769708572518 12510769712534896 12510769712534908 12510769712713922 12510769713635322 12510769717585346
12510769717585752 12510769717796184 12510769718172510 12510769722254928 12510769722255288 12510769722446838 12510769722769768 12510769726697382
12510769726697552 12510769726872526 12510769727162684 12510769731126146 12510769731126666 12510769731298280 12510769731583244 12510769735532726
12510769735532918 12510769735719174 12510769735941012 12510769739884276 12510769739884640 12510769740075466 12510769740379886 12510769744311572
12510769744311788 12510769744513646 12510769744958994 12510769749106886 12510769749107250 12510769749297550 12510769749644816 12510769753571228
12510769753571302 12510769753749054 12510769754162800 12510769758096158 12510769758096684 12510769758272098 12510769758829178 12510769762750962

12510663352890202 12510663353030518 12510663353212876 12510663357144826 12510663357145248 12510663357293980 12510663357464858 12510663361374510
12510663361374716 12510663361555752 12510663361881316 12510663365836534 12510663365836926 12510663366107083 12510663366410531 12510663370450300
12510663370450766 12510663370626252 12510663371047882 12510663374979192 12510663374979592 12510663375169184 12510663375515724 12510663379431892
12510663379434654 12510663379603720 12510663379939862 12510663383913150 12510663383913488 12510663384089050 12510663384391280 12510663388336216
12510663388338588 12510663388555852 12510663389283444 12510663393216530 12510663393216576 12510663393389368 12510663393869200 12510663397784164
12510663397787614 12510663397967742 12510663398380280 12510663402343142 12510663402343516 12510663402514750 12510663403048778 12510663406995278
12510663406997720 12510663407170986 12510663407447972 12510663411388714 12510663411391030 12510663411586858 12510663411844800 12510663415789918
12510663415792426 12510663415988660 12510663416295896 12510663420254824 12510663420255170 12510663420422904 12510663420757906 12510663424902278
12510663424904764 12510663425092184 12510663425382892 12510663429313550 12510663429313888 12510663429492964 12510663429883038 12510663433808944

12510602445019908 12510602445162296 12510602445330432 12510602449224038 12510602449224084 12510602449370650 12510602449547474 12510602453494450
12510602453494688 12510602453658472 12510602453836938 12510602457770350 12510602457770396 12510602458058310 12510602458316833 12510602462396358
12510602462401076 12510602462566280 12510602463104386 12510602467036038 12510602467036104 12510602467213822 12510602467438206 12510602471399514
12510602471399562 12510602471567226 12510602472056120 12510602475996780 12510602475996848 12510602476177068 12510602476423896 12510602480363954
12510602480364044 12510602480573984 12510602480793448 12510602484742738 12510602484742770 12510602484913792 12510602485675510 12510602489619326
12510602489619530 12510602489788806 12510602490204704 12510602494142966 12510602494142996 12510602494335484 12510602494840824 12510602498768060
12510602498768290 12510602498936326 12510602499505832 12510602503437264 12510602503437444 12510602503623816 12510602503849596 12510602507786036
12510602507786108 12510602507982042 12510602508263370 12510602512286466 12510602512286478 12510602512467760 12510602512692738 12510602516638030
12510602516638268 12510602516806966 12510602517275252 12510602521254832 12510602521255218 12510602521426438 12510602521969638 12510602525915310

12510591336612321 12510591336756209 12510591336934896 12510591340940557 12510591340940964 12510591341111848 12510591341280830 12510591345270044
12510591345270303 12510591345443567 12510591345613598 12510591349624117 12510591349624245 12510591349895796 12510591350209226 12510591354526318
12510591354526341 12510591354707492 12510591354888942 12510591358884354 12510591358884470 12510591359062569 12510591359233402 12510591363473215
12510591363473984 12510591363673064 12510591363847026 12510591367866837 12510591367866882 12510591368040357 12510591368210085 12510591372203266
12510591372205774 12510591372428474 12510591372877560 12510591376867907 12510591376868017 12510591377062574 12510591377296110 12510591381309399
12510591381312145 12510591381490484 12510591381907328 12510591385927593 12510591385927778 12510591386113905 12510591386937900 12510591390930914
12510591390933259 12510591391116914 12510591391293863 12510591395288461 12510591395288526 12510591395485981 12510591395682817 12510591399674691
12510591399674714 12510591399908738 12510591400089062 12510591404142858 12510591404142908 12510591404318053 12510591404702437 12510591408718492
12510591408720854 12510591408893991 12510591409224265 12510591413400016 12510591413400073 12510591413596377 12510591413885601 12510591417852687

12510637673180033 12510637673325764 12510637673505042 12510637677561937 12510637677562400 12510637677719113 12510637677891236 12510637681954564
12510637681955342 12510637682127049 12510637682299912 12510637686530112 12510637686530163 12510637686802172 12510637686976202 12510637691208689
12510637691208918 12510637691396813 12510637691567391 12510637695639906 12510637695639933 12510637695814745 12510637695988348 12510637700010922
12510637700010940 12510637700203491 12510637700388965 12510637704421871 12510637704421889 12510637704611805 12510637704783758 12510637708869770
12510637708870560 12510637709087439 12510637709490275 12510637713609849 12510637713610283 12510637713792586 12510637714103267 12510637718154254
12510637718155015 12510637718362506 12510637718624429 12510637722663584 12510637722663979 12510637722835243 12510637723310942 12510637727350974
12510637727351746 12510637727539089 12510637727748655 12510637731801529 12510637731801918 12510637731974107 12510637732171525 12510637736298810
12510637736299586 12510637736599117 12510637736784624 12510637741101848 12510637741102254 12510637741281556 12510637741450152 12510637745627076
12510637745627828 12510637745795048 12510637745963960 12510637750285192 12510637750285608 12510637750460682 12510637750629862 12510637754859176

12510649492684549 12510649492829701 12510649492995044 12510649497088158 12510649497088178 12510649497244565 12510649497418800 12510649501546632
12510649501547140 12510649501721748 12510649501891574 12510649505994322 12510649505994342 12510649506280296 12510649506456303 12510649510697609
12510649510698086 12510649510879884 12510649511054624 12510649515169491 12510649515169525 12510649515352869 12510649515521158 12510649519635066
12510649519635571 12510649519808474 12510649519987918 12510649524715170 12510649524716801 12510649524915052 12510649525099111 12510649529269176
12510649529269399 12510649529490681 12510649529704110 12510649533868368 12510649533868407 12510649534039145 12510649534211446 12510649538255596
12510649538255852 12510649538444113 12510649538617359 12510649542681988 12510649542682006 12510649542852058 12510649543026442 12510649547042339
12510649547042538 12510649547222399 12510649547400738 12510649551476287 12510649551476335 12510649551658293 12510649551828850 12510649555862998
12510649555863183 12510649556076433 12510649556253391 12510649560467129 12510649560467162 12510649560659921 12510649560830903 12510649564879385
12510649564879626 12510649565047963 12510649565224814 12510649569283025 12510649569283066 12510649569461254 12510649569627746 12510649573683080

12510692592434492 12510692592577596 12510692592755198 12510692596771586 12510692596771708 12510692596922053 12510692597103072 12510692601170480
12510692601170658 12510692601336131 12510692601503408 12510692605585767 12510692605585809 12510692605860860 12510692606038270 12510692610209990
12510692610212638 12510692610385890 12510692610639971 12510692614676042 12510692614676095 12510692614853201 12510692615114220 12510692619186141
12510692619186655 12510692619358998 12510692619559905 12510692623630590 12510692623630733 12510692623810201 12510692624679888 12510692628734063
12510692628734197 12510692628969412 12510692629239824 12510692633289153 12510692633289192 12510692633475994 12510692633797743 12510692637844139
12510692637844457 12510692638024374 12510692638197451 12510692642499370 12510692642499441 12510692642689321 12510692642861209 12510692646911867
12510692646914241 12510692647093240 12510692647258065 12510692651304824 12510692651304892 12510692651502320 12510692651686783 12510692655746815
12510692655747121 12510692655950976 12510692656122579 12510692660175584 12510692660175626 12510692660350414 12510692660517272 12510692664537053
12510692664537591 12510692664721388 12510692664902524 12510692668961563 12510692668961932 12510692669141614 12510692669311868 12510692673376185

3145948922924774 3145948923071988 3145948923247831 3145948927285500 3145948927285616 3145948927440855 3145948927614630 3145948931628602
3145948931629203 3145948931801489 3145948932001639 3145948936043474 3145948936043643 3145948936288985 3145948936466739 3145948940483866
3145948940483972 3145948940670142 3145948940896276 3145948944844756 3145948944844802 3145948945023698 3145948945376670 3145948949297776
3145948949297910 3145948949477484 3145948949920556 3145948953875052 3145948953875118 3145948954048816 3145948954362708 3145948958306158
3145948958306664 3145948958529260 3145948959479790 3145948963502409 3145948963502480 3145948963697914 3145948963994572 3145948967953336
3145948967954048 3145948968131758 3145948968545376 3145948972666198 3145948972666268 3145948972846088 3145948973323770 3145948977279706
3145948977280236 3145948977466112 3145948977635846 3145948981586770 3145948981586800 3145948981777514 3145948982015496 3145948985954282
3145948985954790 3145948986157596 3145948986471438 3145948990421908 3145948990421974 3145948990594620 3145948990868356 3145948994823804
3145948994824312 3145948994993492 3145948995233330 3145948999165778 3145948999165924 3145948999351662 3145948999659282 3145949003609640

12510667079013933 12510667079156137 12510667079328349 12510667083343234 12510667083343644 12510667083503887 12510667083677394 12510667087660618
12510667087660942 12510667087845206 12510667088065621 12510667092206913 12510667092206984 12510667092490516 12510667092663272 12510667096750750
12510667096750768 12510667096939219 12510667097119195 12510667101119754 12510667101119772 12510667101296358 12510667101667592 12510667105810951
12510667105811750 12510667105994918 12510667106237826 12510667110261120 12510667110261506 12510667110450715 12510667110620707 12510667114653530
12510667114653548 12510667114875722 12510667115428470 12510667119570873 12510667119570891 12510667119764574 12510667119973362 12510667123958532
12510667123961120 12510667124142374 12510667124552853 12510667129247118 12510667129248678 12510667129434840 12510667129606042 12510667133504774
12510667133507570 12510667133686600 12510667133859196 12510667137769310 12510667137771670 12510667137962424 12510667138137874 12510667142021046
12510667142021890 12510667142218438 12510667142499534 12510667146586670 12510667146589030 12510667146782458 12510667146975194 12510667150854664
12510667150855498 12510667151031782 12510667151359510 12510667155250784 12510667155253154 12510667155428482 12510667155914428 12510667160002966

12510616793030763 12510616793174230 12510616793363225 12510616797403874 12510616797403922 12510616797555450 12510616797727879 12510616801935404
12510616801935514 12510616802106710 12510616802282333 12510616806331216 12510616806331279 12510616806607212 12510616806775114 12510616810889195
12510616810889254 12510616811069008 12510616811248836 12510616815278256 12510616815278274 12510616815470065 12510616815668351 12510616819706740
12510616819706763 12510616819878782 12510616820138711 12510616824200583 12510616824200660 12510616824385628 12510616825231297 12510616829264482
12510616829264907 12510616829485672 12510616829790987 12510616833836857 12510616833836931 12510616834017443 12510616834371884 12510616838406724
12510616838407036 12510616838593223 12510616838767509 12510616843078118 12510616843078136 12510616843258151 12510616843463655 12510616847533071
12510616847533089 12510616847712614 12510616847884154 12510616851954747 12510616851955121 12510616852140666 12510616852315627 12510616856338169
12510616856340757 12510616856551033 12510616856730552 12510616860773210 12510616860773263 12510616860949175 12510616861120915 12510616865172957
12510616865173031 12510616865345234 12510616865586520 12510616869617774 12510616869617819 12510616869791757 12510616870249717 12510616874292693

12510592987975147 12510592988119270 12510592988300753 12510592992315646 12510592992315780 12510592992473037 12510592992651376 12510592996685129
12510592996685408 12510592996863792 12510592997037234 12510593001108314 12510593001108716 12510593001393219 12510593001563733 12510593005896638
12510593005897021 12510593006076133 12510593006252033 12510593010302880 12510593010303311 12510593010493961 12510593010677072 12510593014833566
12510593014834044 12510593015015058 12510593015189793 12510593019266019 12510593019266444 12510593019439949 12510593020138166 12510593024907210
12510593024907444 12510593025149614 12510593025325808 12510593029307776 12510593029308730 12510593029483730 12510593029652098 12510593033578394
12510593033578616 12510593033762742 12510593033938192 12510593037907186 12510593037907556 12510593038097316 12510593038266982 12510593042247784
12510593042247862 12510593042427290 12510593042595710 12510593046543576 12510593046543988 12510593046744124 12510593046923606 12510593050857420
12510593050857714 12510593051068520 12510593051342168 12510593055324604 12510593055324640 12510593055499522 12510593055880176 12510593059843328
12510593059843496 12510593060036100 12510593060275854 12510593064220956 12510593064221112 12510593064392554 12510593064688800 12510593068647980

12510655101137605 12510655101278409 12510655101464736 12510655105483539 12510655105483602 12510655105634114 12510655105804302 12510655109805542
12510655109805714 12510655109968557 12510655110141093 12510655114163772 12510655114163831 12510655114445774 12510655114619072 12510655118753553
12510655118753740 12510655118926089 12510655119265848 12510655123244835 12510655123244933 12510655123413107 12510655123677653 12510655127759747
12510655127759966 12510655127972752 12510655128192302 12510655132216594 12510655132216650 12510655132389454 12510655132621914 12510655136601896
12510655136602101 12510655136825348 12510655138329565 12510655142320963 12510655142321067 12510655142496584 12510655142685085 12510655146786807
12510655146786991 12510655146963384 12510655147138101 12510655151153710 12510655151153770 12510655151332602 12510655151505432 12510655155493363
12510655155493621 12510655155673901 12510655155851423 12510655159839172 12510655159839226 12510655160026271 12510655160203894 12510655164218104
12510655164218523 12510655164423911 12510655164595541 12510655168621639 12510655168621711 12510655168790806 12510655169002371 12510655173126482
12510655173126705 12510655173307954 12510655173483526 12510655177496592 12510655177496649 12510655177676004 12510655177850480 12510655181876885

12510633795889120 12510633796029948 12510633796209608 12510633800159676 12510633800159732 12510633800303782 12510633800464996 12510633804341676
12510633804342124 12510633804502410 12510633804917780 12510633808830268 12510633808830314 12510633809093203 12510633809376793 12510633813372016
12510633813372098 12510633813552388 12510633814066234 12510633817944166 12510633817944188 12510633818126508 12510633818644930 12510633822522862
12510633822522874 12510633822694472 12510633823192258 12510633827099302 12510633827099328 12510633827283564 12510633827586822 12510633831496028
12510633831496440 12510633831704808 12510633832365824 12510633836349868 12510633836349890 12510633836536364 12510633837270272 12510633841143586
12510633841146024 12510633841318272 12510633841732180 12510633845636334 12510633845636450 12510633845802454 12510633846099090 12510633850014630
12510633850014662 12510633850194794 12510633850452672 12510633854341862 12510633854341884 12510633854537062 12510633855055836 12510633858932170
12510633858932422 12510633859132018 12510633859428968 12510633863359428 12510633863359450 12510633863537862 12510633863950644 12510633868052830
12510633868052940 12510633868226702 12510633868395330 12510633872272862 12510633872272930 12510633872442126 12510633872699944 12510633876570814

12510554858070949 12510554858220377 12510554858399191 12510554862479359 12510554862479379 12510554862633845 12510554862810573 12510554866942155
12510554866942634 12510554867125751 12510554867305656 12510554871323509 12510554871323940 12510554871607742 12510554871789254 12510554876096173
12510554876096244 12510554876278164 12510554876453053 12510554880659972 12510554880660017 12510554880852191 12510554881030480 12510554885228903
12510554885229349 12510554885413652 12510554885607680 12510554889609484 12510554889609570 12510554889795404 12510554890249153 12510554894368648
12510554894369445 12510554894598438 12510554894777267 12510554898804929 12510554898804979 12510554898985586 12510554899366401 12510554903342024
12510554903342847 12510554903537749 12510554903870567 12510554907916622 12510554907916640 12510554908108089 12510554908441008 12510554912438474
12510554912438908 12510554912624675 12510554912806393 12510554917072968 12510554917073018 12510554917274038 12510554917455946 12510554921433307
12510554921434104 12510554921647755 12510554921819189 12510554925975310 12510554925975369 12510554926159045 12510554926334520 12510554930359314
12510554930359412 12510554930540253 12510554930712938 12510554934723505 12510554934723555 12510554934904364 12510554935090925 12510554939073150

12510681933793430 12510681933934388 12510681934109134 12510681938095702 12510681938096070 12510681938244992 12510681938415668 12510681942314718
12510681942314898 12510681942485344 12510681942858224 12510681946796358 12510681946796466 12510681947039956 12510681947333548 12510681951285964
12510681951286346 12510681951464176 12510681952009050 12510681956000036 12510681956000064 12510681956178978 12510681956585822 12510681960519360
12510681960520118 12510681960703344 12510681961157250 12510681965103214 12510681965103292 12510681965275686 12510681965538972 12510681969487400
12510681969487912 12510681969709998 12510681970925334 12510681974886474 12510681974886538 12510681975071032 12510681975271370 12510681979191520
12510681979191874 12510681979380084 12510681979554510 12510681983488222 12510681983488288 12510681983673938 12510681983955710 12510681987906956
12510681987907670 12510681988086380 12510681988413098 12510681992372704 12510681992372734 12510681992573672 12510681992999742 12510681996939252
12510681996941766 12510681997141748 12510681997381592 12510682001321204 12510682001321272 12510682001495590 12510682001895272 12510682005836578
12510682005836970 12510682006017382 12510682006272846 12510682010240352 12510682010240416 12510682010417632 12510682010633852 12510682014568516
