25 3804
12511556948898982 12511556948917854 12511556985858800 12511557461560374 12511556948917908 12511556948926948 12511557522404316 12511557997513830
12511557461562758 12511557461619946 12511558067092232 12511558543804028 12511557997516240 12511557997571644 12511558599250650 12511559075186252
12511558543809210 12511558543849008 12511559127989758 12511559603955838 12511559075187002 12511559075238350 12511559654407280 12511560129101674
12511559603960980 12511559604013208 12511560184314640 12511560659159626 12511560129102304 12511560129156404 12511560717430488 12511561201164551
12511560659161840 12511560659210180 12511561250326798 12511561722084198 12511561201165184 12511561201214447 12511561762505095 12511562234415402
12511561722087942 12511561722132087 12511562351229542 12511562825579182 12511562234418806 12511562234472986 12511562883234907 12511563358472568
12511562825581338 12511562825631156 12511563453366636 12511563930023910 12511563358551286 12511563358700508 12511564005888806 12511564481941924
12511563930026292 12511563930095008 12511564560703130 12511565035756772 12511564481945266 12511564481998106 12511565123521164 12511565598283746
12511565035762076 12511565035830126 12511565676038600 12511566152122024 12511565598286148 12511565598354326 12511566211609308 12511566716632536

12511601911584210 12511601911603808 12511601945139118 12511602418674886 12511601911603856 12511601911615404 12511602454589320 12511602927873544
12511602418677272 12511602418724954 12511602996377950 12511603470209644 12511602927876264 12511602927922984 12511603538284228 12511604012177460
12511603470212020 12511603470267448 12511604075937368 12511604550250468 12511604012179860 12511604012236828 12511604607958243 12511605083939462
12511604550250876 12511604550308964 12511605149817161 12511605624988350 12511605083942158 12511605083993450 12511605694508918 12511606169510010
12511605624990738 12511605625044830 12511606267560558 12511606743210906 12511606169512706 12511606169566976 12511606812673170 12511607287744328
12511606743211328 12511606743267368 12511607337492096 12511607812131140 12511607287745038 12511607287802658 12511607921870140 12511608397387286
12511607812131548 12511607812187292 12511608469799776 12511608943951174 12511608397451430 12511608397610242 12511609023789194 12511609498205118
12511608943952032 12511608944001640 12511609576134404 12511610052824640 12511609498205786 12511609498241510 12511610144550134 12511610619486720
12511610052826844 12511610052895078 12511610681681892 12511611156168374 12511610619487382 12511610619555370 12511611250395768 12511611724690466

12511519596809256 12511519596838258 12511519631746476 12511520106972220 12511519596838274 12511519596851522 12511520170249944 12511520645017780
12511520106974624 12511520107022476 12511520713599876 12511521190654430 12511520645021224 12511520645082536 12511521231017530 12511521708183800
12511521190654838 12511521190711182 12511521756898126 12511522231740452 12511521708184590 12511521708235542 12511522345527381 12511522825069278
12511522231742860 12511522231793790 12511522878308231 12511523354081976 12511522825070050 12511522825120142 12511523446969021 12511523925247264
12511523354082390 12511523354133772 12511523991747722 12511524468129566 12511523925249652 12511523925303272 12511524518038130 12511524993801416
12511524468132022 12511524468176862 12511525034970066 12511525509830158 12511524993804822 12511524993854018 12511525651586917 12511526130565470
12511525509830894 12511525509878712 12511526205871810 12511526685990514 12511526130566212 12511526130727950 12511526759730971 12511527236439690
12511526685990928 12511526686037826 12511527311341002 12511527786375180 12511527236440385 12511527236483082 12511527862621955 12511528338911750
12511527786377634 12511527786431832 12511528420927704 12511528898488156 12511528338912430 12511528338962220 12511528972725632 12511529450628292

12511547368524016 12511547368539860 12511547400881062 12511547876173436 12511547368539924 12511547368550664 12511547907878618 12511548382703686
12511547876173812 12511547876218436 12511548451113984 12511548925269826 12511548382706390 12511548382753532 12511548996392840 12511549471459500
12511548925272146 12511548925329206 12511549525876838 12511550000150042 12511549471464036 12511549471519258 12511550041868958 12511550517722422
12511550000152392 12511550000204846 12511550623196784 12511551098260882 12511550517723290 12511550517773212 12511551147219568 12511551622383954
12511551098263234 12511551098321490 12511551723317870 12511552197491668 12511551622384774 12511551622436676 12511552266086722 12511552744093118
12511552197494032 12511552197548022 12511552793994793 12511553269313989 12511552744093920 12511552744147058 12511553378899493 12511553841529862
12511553269314286 12511553269361395 12511553924324668 12511554396111344 12511553841584132 12511553841756694 12511554478438262 12511554953624892
12511554396113672 12511554396149626 12511555040258326 12511555514979660 12511554953627700 12511554953678274 12511555602544048 12511556077480200
12511555514980038 12511555515032192 12511556138673970 12511556613993836 12511556077482674 12511556077551010 12511556707376544 12511557182202910

12511546702488780 12511546702508698 12511546735832898 12511547208397524 12511546702508954 12511546702518588 12511547242692760 12511547715616030
12511547208399798 12511547208442946 12511547785382908 12511548258751616 12511547715616758 12511547715665864 12511548329994180 12511548804902460
12511548258756222 12511548258805586 12511548867067957 12511549344371910 12511548804904872 12511548804957674 12511549394441105 12511549868409456
12511549344372332 12511549344429858 12511549925421372 12511550401086956 12511549868410196 12511549868463254 12511550456997084 12511550929543910
12511550401089338 12511550401145632 12511550997974932 12511551470065788 12511550929546330 12511550929598310 12511551500666738 12511551972464914
12511551470070376 12511551470123962 12511552101089022 12511552580168670 12511551972467336 12511551972524858 12511552634382552 12511553108702932
12511552580169104 12511552580223668 12511553200983324 12511553674367894 12511553108779706 12511553108913546 12511553755319785 12511554227478422
12511553674368328 12511553674415314 12511554310724193 12511554783951502 12511554227481140 12511554227531670 12511554873965010 12511555349237056
12511554783953892 12511554784006368 12511555434629655 12511555906682846 12511555349239502 12511555349299676 12511555964619516 12511556435997300

12511574958340286 12511574958363904 12511574992439328 12511575465644286 12511574958364150 12511574958377354 12511575500112104 12511575973373900
12511575465646408 12511575465690074 12511576026812380 12511576500546474 12511575973376596 12511575973413828 12511576589147650 12511577062791896
12511576500551002 12511576500616874 12511577126976696 12511577600080686 12511577062794590 12511577062847690 12511577652038986 12511578124985134
12511577600081058 12511577600133772 12511578190601063 12511578663806648 12511578124985880 12511578125037642 12511578732983112 12511579208381514
12511578663809148 12511578663856800 12511579302582456 12511579777591190 12511579208383864 12511579208435958 12511579850499986 12511580324975346
12511579777592186 12511579777672722 12511580386126022 12511580860867840 12511580324977726 12511580325028808 12511580902695878 12511581377408323
12511580860870270 12511580860920124 12511581424150192 12511581899853702 12511581377457988 12511581377583450 12511581947469802 12511582422291184
12511581899856076 12511581899919664 12511582520543304 12511582994326702 12511582422293882 12511582422357062 12511583074520152 12511583550295316
12511582994327110 12511582994393470 12511583631122964 12511584105579902 12511583550296038 12511583550363788 12511584192517076 12511584666393306

12511562575499486 12511562575520016 12511562608305090 12511563081394720 12511562575520282 12511562575533446 12511563113900366 12511563587263816
12511563081396798 12511563081442270 12511563653844946 12511564127645956 12511563587265154 12511563587304186 12511564186876883 12511564664995812
12511564127646338 12511564127698970 12511564768520309 12511565251227609 12511564664996604 12511564665044972 12511565321171502 12511565794731028
12511565251232010 12511565251284827 12511565853279648 12511566327297538 12511565794734444 12511565794782766 12511566422712846 12511566896505976
12511566327299532 12511566327344622 12511566965374734 12511567439066970 12511566896506872 12511566896561404 12511567492850196 12511567964441842
12511567439071286 12511567439118508 12511568014689866 12511568478146716 12511567964442652 12511567964497176 12511568532644484 12511569007107702
12511568478150788 12511568478196860 12511569060138202 12511569535275728 12511569007182432 12511569007337756 12511569641212288 12511570114861054
12511569535277796 12511569535347262 12511570193967068 12511570667661796 12511570114863812 12511570114914558 12511570749193352 12511571223485648
12511570667665872 12511570667735146 12511571314529250 12511571788054356 12511571223488460 12511571223537654 12511571852708530 12511572327537482

12511487055804430 12511487055825242 12511487091760080 12511487565207800 12511487055825550 12511487055839278 12511487626346234 12511488099057446
12511487565212260 12511487565257774 12511488165172400 12511488637765476 12511488099058174 12511488099111094 12511488716631798 12511489219830824
12511488637770268 12511488637821304 12511489274976716 12511489772913084 12511489219833546 12511489219898804 12511489832490334 12511490305328504
12511489772917822 12511489772964570 12511490395028658 12511490871643288 12511490305331246 12511490305386426 12511490936855705 12511491414532208
12511490871648080 12511490871696528 12511491463641233 12511491945189302 12511491414532930 12511491414578188 12511491985247590 12511492458448636
12511491945189710 12511491945245890 12511492508475866 12511492982342292 12511492458449476 12511492458498794 12511493037057013 12511493512577984
12511492982345386 12511492982398454 12511493621368714 12511494097172248 12511493512640060 12511493512775130 12511494174051742 12511494647617720
12511494097172696 12511494097223678 12511494729585250 12511495205698088 12511494647620436 12511494647671032 12511495295144129 12511495770243974
12511495205698506 12511495205738030 12511495829687830 12511496307259538 12511495770246788 12511495770298054 12511496399397617 12511496872111978

12511471963130888 12511471963150850 12511471996396994 12511472464986898 12511471963151064 12511471963165474 12511472500443046 12511472971410806
12511472464989542 12511472465031456 12511473034393616 12511473503525376 12511472971413618 12511472971464494 12511473570689782 12511474040403724
12511473503525760 12511473503574208 12511474156126072 12511474626787546 12511474040406660 12511474040454142 12511474707634446 12511475177048018
12511474626787936 12511474626841618 12511475241764714 12511475707675291 12511475177050888 12511475177096140 12511475808278684 12511476273471630
12511475707679300 12511475707721488 12511476353473640 12511476823430836 12511476273474344 12511476273533080 12511476880401900 12511477350787576
12511476823435618 12511476823480858 12511477401571894 12511477872861784 12511477350791184 12511477350839232 12511477922061244 12511478394998442
12511477872866612 12511477872915544 12511478451985872 12511478922746668 12511478395061466 12511478395216184 12511479024461008 12511479492360598
12511478922747064 12511478922797050 12511479581808084 12511480053307858 12511479492363396 12511479492430862 12511480137976960 12511480608351710
12511480053308200 12511480053381614 12511480700721930 12511481171924924 12511480608354516 12511480608404428 12511481240023234 12511481710475506

12511473127630250 12511473127647918 12511473161169320 12511473634733536 12511473127647932 12511473127657086 12511473665575320 12511474139661298
12511473634733942 12511473634777414 12511474176545654 12511474650171702 12511474139663708 12511474139713224 12511474712448776 12511475185523804
12511474650174036 12511474650210234 12511475274603536 12511475749435828 12511475185524610 12511475185571514 12511475802015732 12511476277346920
12511475749436244 12511475749491256 12511476360265026 12511476834096446 12511476277349720 12511476277397320 12511476898582590 12511477373293872
12511476834096826 12511476834150076 12511477464383656 12511477938916322 12511477373294806 12511477373342442 12511478016963750 12511478493240248
12511477938916722 12511477938967606 12511478555153410 12511479028909822 12511478493243048 12511478493292254 12511479078221848 12511479552794884
12511479028910174 12511479028956768 12511479597999778 12511480072199136 12511479552857694 12511479553000050 12511480121043410 12511480596559554
12511480072199486 12511480072248228 12511480677691533 12511481155032186 12511480596562028 12511480596617066 12511481238952992 12511481712633694
12511481155032596 12511481155087224 12511481800263456 12511482274416590 12511481712634448 12511481712681650 12511482355930654 12511482830205656

12511598067876512 12511598067901738 12511598101258984 12511598575360898 12511598067902008 12511598067916692 12511598609462572 12511599083766728
12511598575361314 12511598575409852 12511599135770034 12511599611533228 12511599083769446 12511599083814478 12511599677950678 12511600154284184
12511599611535570 12511599611593276 12511600226529690 12511600700718584 12511600154284988 12511600154337844 12511600782585624 12511601257616666
12511600700719010 12511600700773422 12511601340949264 12511601815346216 12511601257619998 12511601257672566 12511601904593402 12511602378988832
12511601815348576 12511601815399216 12511602457583847 12511602933451532 12511602378989582 12511602379044602 12511602991199218 12511603466008298
12511602933451932 12511602933504144 12511603516888344 12511603990881862 12511603466011016 12511603466065202 12511604041718042 12511604518044126
12511603990884236 12511603990934636 12511604560938804 12511605036118420 12511604518114222 12511604518266046 12511605073332206 12511605549651584
12511605036118826 12511605036168032 12511605692540530 12511606167263190 12511605549652332 12511605549690536 12511606261139024 12511606736818508
12511606167265514 12511606167334830 12511606826726358 12511607301575078 12511606736819306 12511606736867030 12511607373680592 12511607848328698

12511491732434902 12511491732480753 12511491766776440 12511492240046698 12511491732480777 12511491732488886 12511492299705120 12511492772219918
12511492240049060 12511492240097578 12511492838921804 12511493311821780 12511492772220718 12511492772266258 12511493388058730 12511493862119590
12511493311824108 12511493311878494 12511493946184448 12511494419127610 12511493862120360 12511493862174864 12511494504129358 12511494977576466
12511494419130004 12511494419184280 12511495066392648 12511495540667020 12511494977579202 12511494977632246 12511495608779502 12511496084625064
12511495540669382 12511495540723586 12511496138505028 12511496612755124 12511496084625848 12511496084676814 12511496661152268 12511497136671302
12511496612757450 12511496612817500 12511497184893260 12511497661886582 12511497136672108 12511497136724850 12511497708542108 12511498182123158
12511497661886932 12511497661939117 12511498225561079 12511498684693134 12511498182191459 12511498182341139 12511498854782762 12511499328889672
12511498684695474 12511498684743564 12511499424032678 12511499897770038 12511499328892462 12511499328947910 12511499989515092 12511500463630296
12511499897772422 12511499897825838 12511500547163838 12511501021361782 12511500463633082 12511500463682774 12511501096005978 12511501569578832

12511430820736224 12511430820763436 12511430856764302 12511431360457424 12511430820763450 12511430820780214 12511431391275946 12511431893322788
12511431360457848 12511431360514334 12511431930186380 12511432433173404 12511431893325240 12511431893389822 12511432481670538 12511432985863806
12511432433175796 12511432433239372 12511433039915382 12511433545073728 12511432985864594 12511432985928978 12511433597527458 12511434104291668
12511433545076076 12511433545138122 12511434160062575 12511434657234390 12511434104292450 12511434104356132 12511434701792658 12511435177111154
12511434657234804 12511434657283852 12511435228547776 12511435702836250 12511435177111878 12511435177163040 12511435750146670 12511436225253554
12511435702838622 12511435702889542 12511436273363416 12511436747301434 12511436225256048 12511436225311164 12511436796795674 12511437272096988
12511436747301862 12511436747351158 12511437391302424 12511437900489770 12511437272160858 12511437272293024 12511437951286693 12511438463234302
12511437900492160 12511437900553424 12511438517954542 12511439030718044 12511438463235090 12511438463298744 12511439083140652 12511439589489184
12511439030720436 12511439030794744 12511439640907878 12511440146673172 12511439589491904 12511439589552104 12511440188622116 12511440693856096

12511419711850066 12511419711871358 12511419746399668 12511420217691262 12511419711871602 12511419711884606 12511420278975504 12511420750552696
12511420217693400 12511420217736014 12511420817899089 12511421291854226 12511420750553500 12511420750603416 12511421367220151 12511421848065368
12511421291856576 12511421291909980 12511421925649984 12511422396518434 12511421848068096 12511421848122075 12511422483351877 12511422962574600
12511422396520592 12511422396570618 12511423045317713 12511423518593802 12511422962577978 12511422962632538 12511423588281181 12511424065478796
12511423518598658 12511423518649206 12511424119381107 12511424592300946 12511424065481518 12511424065534228 12511424639419402 12511425114799176
12511424592307224 12511424592355712 12511425164333804 12511425635773150 12511425114801890 12511425114854086 12511425683185278 12511426156027976
12511425635779068 12511425635840970 12511426203036056 12511426675774308 12511426156098560 12511426156245248 12511426836351344 12511427307231114
12511426675779168 12511426675825988 12511427403439872 12511427874414152 12511427307233880 12511427307287334 12511427968177524 12511428447879590
12511427874416560 12511427874483630 12511428527093088 12511429001778912 12511428447882928 12511428447934424 12511429075657498 12511429545782512

12511466051566986 12511466051584054 12511466085120598 12511466556340420 12511466051584264 12511466051595020 12511466593111530 12511467065423222
12511466556342736 12511466556387746 12511467115980776 12511467589424772 12511467065426024 12511467065472826 12511467662184514 12511468134536156
12511467589425152 12511467589471216 12511468216377412 12511468688459092 12511468134536920 12511468134588134 12511468765611496 12511469240213922
12511468688459496 12511468688509448 12511469332013520 12511469804477696 12511469240214680 12511469240265628 12511469887398211 12511470362570112
12511469804478080 12511469804525432 12511470442603480 12511470915179286 12511470362570910 12511470362617100 12511470974336958 12511471447883322
12511470915179612 12511470915231898 12511471500414740 12511471973826610 12511471447884136 12511471447936018 12511472022903189 12511472496233566
12511471973828988 12511471973881938 12511472542860836 12511473016585082 12511472496306282 12511472496449584 12511473054971456 12511473528537978
12511473016585406 12511473016630834 12511473675600718 12511474149589440 12511473528538826 12511473528584772 12511474243570000 12511474716339362
12511474149589786 12511474149641798 12511474816538248 12511475289707690 12511474716340156 12511474716390120 12511475358268328 12511475831608500

12511477872116146 12511477872135778 12511477909318388 12511478383646816 12511477872135796 12511477872147714 12511478445636528 12511478920640114
12511478383647234 12511478383694672 12511478990320562 12511479465173644 12511478920642804 12511478920690802 12511479522480034 12511479996684306
12511479465174066 12511479465215860 12511480051218977 12511480528135308 12511479996688060 12511479996740684 12511480577746246 12511481051700046
12511480528137688 12511480528187636 12511481107518814 12511481582445376 12511481051702724 12511481051749216 12511481645609052 12511482120701318
12511481582445852 12511481582490656 12511482217682635 12511482707976616 12511482120702020 12511482120756206 12511482777881931 12511483261188000
12511482707978990 12511482708030667 12511483310910014 12511483785373410 12511483261190698 12511483261241676 12511483837373431 12511484317666030
12511483785375814 12511483785424848 12511484385233315 12511484861806056 12511484317729452 12511484317866016 12511484938996960 12511485413337160
12511484861806462 12511484861859484 12511485493846112 12511485967837606 12511485413339866 12511485413390152 12511486033768350 12511486510708134
12511485967838010 12511485967894026 12511486580772060 12511487056639032 12511486510708852 12511486510757822 12511487135050830 12511487609092778

12511520974860638 12511520974874478 12511521007816342 12511521477952404 12511520974874652 12511520974884708 12511521514397670 12511521985511296
12511521477952812 12511521477998608 12511522064936199 12511522537383742 12511521985513992 12511521985580582 12511522610164680 12511523083961290
12511522537384146 12511522537437526 12511523142648281 12511523618823044 12511523083962020 12511523084012562 12511523691856247 12511524164365796
12511523618825388 12511523618880256 12511524265169529 12511524740528734 12511524164368512 12511524164416536 12511524819190930 12511525295471600
12511524740529146 12511524740580074 12511525371837774 12511525846636192 12511525295474334 12511525295527904 12511525899565873 12511526374956228
12511525846638594 12511525846684854 12511526439833684 12511526912508338 12511526374959546 12511526375012388 12511526984613238 12511527463585126
12511526912508744 12511526912559994 12511527540575769 12511528015890324 12511527463647354 12511527463779488 12511528094954838 12511528571152414
12511528015892712 12511528015955188 12511528643418129 12511529119399842 12511528571153156 12511528571218278 12511529187950511 12511529662044450
12511529119400242 12511529119454316 12511529740658121 12511530221027628 12511529662047220 12511529662093414 12511530308300380 12511530785102164

3146777303137102 3146777303155846 3146777339190264 3146777811270666 3146777303155896 3146777303168688 3146777876480140 3146778347733610
3146777811273054 3146777811319758 3146778419973185 3146778892939044 3146778347734330 3146778347781426 3146778964106668 3146779441555662
3146778892941414 3146778892993626 3146779522346567 3146779998269510 3146779441558078 3146779441607116 3146780079970096 3146780551578766
3146779998275034 3146779998323946 3146780642499296 3146781114729998 3146780551581158 3146780551634314 3146781184238615 3146781657399642
3146781114735124 3146781114780962 3146781710427194 3146782189468122 3146781657402054 3146781657456696 3146782263200747 3146782738268690
3146782189473190 3146782189521220 3146782812893065 3146783288965118 3146782738269726 3146782738315962 3146783357941904 3146783831127342
3146783288967670 3146783289012798 3146783912240276 3146784386391570 3146783831127754 3146783831285608 3146784466106497 3146784940227642
3146784386395188 3146784386447722 3146785017717620 3146785491224118 3146784940227990 3146784940276740 3146785569005584 3146786041891626
3146785491226510 3146785491277904 3146786127306899 3146786603422162 3146786041894036 3146786041957866 3146786679108089 3146787157537510

12511495460212954 12511495460226224 12511495493086396 12511495966534552 12511495460226236 12511495460234872 12511495997024612 12511496468706556
12511495966536934 12511495966586410 12511496541851628 12511497020158242 12511496468709256 12511496468756184 12511497075067199 12511497548546474
12511497020158658 12511497020212956 12511497635720618 12511498111248264 12511497548547188 12511497548597596 12511498176764126 12511498648988272
12511498111248726 12511498111300136 12511498750595661 12511499223657094 12511498648990970 12511498649034000 12511499305323760 12511499782115368
12511499223657506 12511499223703190 12511499857000984 12511500330047990 12511499782118078 12511499782163698 12511500384369051 12511500856961874
12511500330048388 12511500330098296 12511500924145239 12511501398596922 12511500856964576 12511500857013522 12511501468631114 12511501939913832
12511501398597324 12511501398651184 12511502026115392 12511502499312220 12511501939975894 12511501940137202 12511502580608344 12511503054909164
12511502499312628 12511502499357750 12511503127551217 12511503603362196 12511503054911862 12511503054960954 12511503671549455 12511504143565548
12511503603364568 12511503603416282 12511504226211315 12511504701098622 12511504143566258 12511504143618764 12511504793892716 12511505264942320

12511445171142798 12511445171161472 12511445204052350 12511445675952786 12511445171161686 12511445171171824 12511445711772806 12511446184150598
12511445675953194 12511445675999508 12511446252768553 12511446729279154 12511446184151426 12511446184185416 12511446795597656 12511447267856534
12511446729281516 12511446729333440 12511447336344087 12511447812014538 12511447267859878 12511447267913802 12511447866795042 12511448338890282
12511447812016926 12511447812073180 12511448394931184 12511448868153534 12511448338892748 12511448338944326 12511448936267889 12511449411960000
12511448868155864 12511448868209710 12511449515979980 12511449988480272 12511449411962800 12511449412011592 12511450073240376 12511450548527850
12511449988480684 12511449988527062 12511450604876888 12511451077959794 12511450548530668 12511450548583570 12511451138063680 12511451615267928
12511451077960200 12511451078014076 12511451677181765 12511452149990266 12511451615341296 12511451615488448 12511452235818918 12511452709734248
12511452149992626 12511452150039324 12511452790790928 12511453264465686 12511452709739136 12511452709788158 12511453331340376 12511453804174600
12511453264468146 12511453264523826 12511453877254704 12511454350997890 12511453804177018 12511453804241182 12511454427748764 12511454900193824

12511421364698598 12511421364721902 12511421401913564 12511421904729460 12511421364721914 12511421364738160 12511421938235546 12511422443866542
12511421904729892 12511421904782430 12511422482921782 12511422971413008 12511422443867298 12511422443950062 12511423015079128 12511423493016976
12511422971413424 12511422971469784 12511423543776112 12511424021336292 12511423493017714 12511423493072736 12511424070344135 12511424549842740
12511424021336708 12511424021385756 12511424601847403 12511425077864120 12511424549846084 12511424549904618 12511425133145829 12511425610670654
12511425077864550 12511425077902834 12511425666353793 12511426142671680 12511425610671448 12511425610722662 12511426251048693 12511426727117624
12511426142672086 12511426142722956 12511426814176714 12511427287571158 12511426727118356 12511426727170242 12511427370232686 12511427843611324
12511427287573552 12511427287621874 12511427918059612 12511428392740342 12511427843671412 12511427843815268 12511428472521416 12511428947633828
12511428392740758 12511428392811054 12511429022458767 12511429500500602 12511428947634624 12511428947703516 12511429578072374 12511430051661694
12511429500501020 12511429500568258 12511430127938932 12511430605631902 12511430051662450 12511430051728884 12511430671065426 12511431144283136

12511483482203536 12511483482223980 12511483519308268 12511483991735260 12511483482224030 12511483482235526 12511484053380828 12511484525768986
12511483991737638 12511483991780900 12511484597463778 12511485070344598 12511484525771704 12511484525819344 12511485128722296 12511485600479632
12511485070346930 12511485070397950 12511485659067414 12511486131675436 12511485600481992 12511485600539354 12511486184700142 12511486656467848
12511486131677818 12511486131731784 12511486719384836 12511487191404322 12511486656470646 12511486656517860 12511487282251880 12511487755337052
12511487191404734 12511487191462234 12511487879689532 12511488353335882 12511487755340378 12511487755394042 12511488436618918 12511488908117326
12511488353336252 12511488353387684 12511488987507868 12511489459602088 12511488908120062 12511488908174366 12511489531903480 12511490006182240
12511489459604482 12511489459660488 12511490085821205 12511490561050950 12511490006182984 12511490006347798 12511490640049342 12511491112482866
12511490561051568 12511490561117776 12511491191242162 12511491666552490 12511491112485628 12511491112553436 12511491742592522 12511492217174976
12511491666554826 12511491666607242 12511492300425004 12511492771680204 12511492217177700 12511492217248608 12511492852870454 12511493324604654

12511462175718650 12511462175748608 12511462211917106 12511462712440508 12511462175748622 12511462175761868 12511462749143784 12511463251069548
12511462712442894 12511462712499882 12511463292531408 12511463768888634 12511463251072250 12511463251134620 12511463810563758 12511464280879400
12511463768889036 12511463768944286 12511464335809096 12511464809150004 12511464280881816 12511464280932362 12511464848621346 12511465317821792
12511464809152378 12511464809192132 12511465471502140 12511465973333058 12511465317822502 12511465317872976 12511466024373104 12511466528664258
12511465973335442 12511465973395854 12511466579234149 12511467084207186 12511466528666956 12511466528726362 12511467135754890 12511467643173098
12511467084209560 12511467084274570 12511467685447285 12511468187955248 12511467643175800 12511467643239370 12511468230489585 12511468736720808
12511468187958790 12511468188018966 12511468784795028 12511469295069234 12511468736723514 12511468736936854 12511469338662610 12511469842395236
12511469295071570 12511469295132190 12511469890274720 12511470396561662 12511469842395966 12511469842458262 12511470441557457 12511470951416336
12511470396562066 12511470396625304 12511470999860502 12511471508230254 12511470951416732 12511470951475902 12511471551661599 12511472056396878

12511383232939878 12511383232956702 12511383268714764 12511383739083422 12511383232956958 12511383232969024 12511383802835032 12511384273016108
12511383739085886 12511383739133542 12511384343465310 12511384814811342 12511384273018514 12511384273069570 12511384867737326 12511385340044640
12511384814813732 12511384814867834 12511385377716561 12511385848350736 12511385340047042 12511385340100918 12511385903792042 12511386374894948
12511385848353142 12511385848405956 12511386445781885 12511386917488918 12511386374897348 12511386374947050 12511386967881743 12511387440969364
12511386917493902 12511386917548918 12511387630778332 12511388104090048 12511387440970084 12511387441021768 12511388187408688 12511388661996502
12511388104092570 12511388104146880 12511388738656740 12511389210268588 12511388661999228 12511388662052886 12511389282212582 12511389754793590
12511389210271084 12511389210324968 12511389836741960 12511390308589504 12511389754794376 12511389754970846 12511390389978948 12511390861622104
12511390308594526 12511390308658798 12511390942140516 12511391413858452 12511390861622784 12511390861675680 12511391493363520 12511391967000426
12511391413860832 12511391413913166 12511392051766816 12511392523594512 12511391967003154 12511391967072330 12511392603236766 12511393079069102

12511510317217284 12511510317237902 12511510352847470 12511510825355426 12511510317238200 12511510317253062 12511510888693634 12511511359965782
12511510825355802 12511510825399254 12511511431797992 12511511904306590 12511511359966506 12511511360007280 12511511963718841 12511512439747476
12511511904308982 12511511904358500 12511512488884114 12511512961700072 12511512439750172 12511512439800708 12511513017872751 12511513492132574
12511512961702454 12511512961751362 12511513544016578 12511514019758118 12511513492133302 12511513492182912 12511514073654852 12511514547613732
12511514019760490 12511514019810690 12511514604903712 12511515077460382 12511514547614462 12511514547662412 12511515195013808 12511515667376664
12511515077470668 12511515077524600 12511515770147038 12511516242648082 12511515667379110 12511515667431360 12511516322852580 12511516795771254
12511516242650458 12511516242704304 12511516868168295 12511517344974004 12511516795829392 12511516795969532 12511517422422388 12511517894695788
12511517344974352 12511517345032898 12511517973886276 12511518448560830 12511517894696482 12511517894744848 12511518526854430 12511519003044122
12511518448561188 12511518448627292 12511519079643271 12511519555573662 12511519003049644 12511519003106884 12511519625830660 12511520098737002
