25 294
12510823352375576 12510823352388888 12510823355829972 12510823393484928 12510823393485344 12510823393516946 12510823397661568 12510823436301904
12510823436306280 12510823436583534 12510823440155224 12510823478596104 12510823478598502 12510823478645568 12510823481671524 12510823520253162
12510823520255638 12510823520303282 12510823523256514 12510823560950394 12510823560950810 12510823560993598 12510823570088982 12510823607591992
12510823607593550 12510823607649964 12510823617250058 12510823654825722 12510823654826094 12510823654871434 12510823658537970 12510823696730318
12510823696733652 12510823696785738 12510823700846346 12510823738328334 12510823738328742 12510823738365024 12510823743854822 12510823781413656
12510823781414396 12510823781444984 12510823785183140 12510823822612622 12510823822612968 12510823822653166 12510823826896478 12510823864437768
12510823864440480 12510823864475164 12510823871485496 12510823909046704 12510823909046726 12510823909080118 12510823912998238 12510823950495130
12510823950500384 12510823950546672 12510823954492302 12510823992195786 12510823992196184 12510823992241192 12510823995791338 12510824034129286
12510824034132006 12510824034209082 12510824037518746 12510824075092954 12510824075095318 12510824075128894 12510824079035776 12510824116675892

12510868310969544 12510868310980042 12510868314275916 12510868351852608 12510868351852920 12510868351888240 12510868356182358 12510868394046602
12510868394052810 12510868394358198 12510868398440470 12510868436239922 12510868436243770 12510868436290966 12510868441118978 12510868478523394
12510868478528278 12510868478576450 12510868488233528 12510868525619990 12510868525620336 12510868525667108 12510868535808872 12510868573266648
12510868573270074 12510868573322190 12510868577615746 12510868615063304 12510868615063324 12510868615108120 12510868619364370 12510868657009984
12510868657013346 12510868657065882 12510868661794320 12510868699614812 12510868699614828 12510868699653156 12510868703703230 12510868741125770
12510868741129548 12510868741164796 12510868745236354 12510868782518854 12510868782521212 12510868782562416 12510868787581556 12510868825853070
12510868825856426 12510868825912274 12510868829718040 12510868867202154 12510868867202484 12510868867234422 12510868870799332 12510868908473660
12510868908474506 12510868908526874 12510868912358150 12510868949745936 12510868949749782 12510868949792664 12510868954058228 12510868991653676
12510868991658538 12510868991713970 12510868996118196 12510869033811920 12510869033814236 12510869033844464 12510869038108284 12510869075514376

12510786000740106 12510786000750774 12510786004065272 12510786043199822 12510786043204186 12510786043257356 12510786046258614 12510786084482928
12510786084486725 12510786084773664 12510786089347242 12510786126730484 12510786126730544 12510786126771884 12510786136293686 12510786173838580
12510786173844298 12510786173877800 12510786184400424 12510786221747642 12510786221750010 12510786221781762 12510786226591520 12510786264109856
12510786264112362 12510786264157774 12510786267814428 12510786305421094 12510786305421480 12510786305456722 12510786309450546 12510786346849610
12510786346852382 12510786346904410 12510786352351260 12510786390651300 12510786390656102 12510786390708832 12510786394394586 12510786431940420
12510786431942044 12510786431973596 12510786435221750 12510786472796104 12510786472798452 12510786472835834 12510786476321262 12510786513911260
12510786513916886 12510786513950966 12510786518197392 12510786555561160 12510786555561566 12510786555595138 12510786559791730 12510786597595648
12510786597598994 12510786597650290 12510786601237324 12510786638652262 12510786638652660 12510786638698528 12510786642761852 12510786680902898
12510786680903834 12510786680981721 12510786684193998 12510786721881282 12510786721886070 12510786721917994 12510786726128976 12510786764335364

12510813770671710 12510813770681492 12510813774128984 12510813812381420 12510813812385006 12510813812437438 12510813816163970 12510813854323118
12510813854328452 12510813854613380 12510813857994644 12510813895396162 12510813895398530 12510813895433684 12510813899562944 12510813937137012
12510813937139606 12510813937180426 12510813948100354 12510813985648856 12510813985649270 12510813985685552 12510813995183004 12510814032802982
12510814032805788 12510814032858596 12510814037160852 12510814074694690 12510814074697076 12510814074732132 12510814078846862 12510814116389618
12510814116394956 12510814116442668 12510814120393002 12510814158745166 12510814158746874 12510814158798518 12510814163649516 12510814201111470
12510814201113924 12510814201142254 12510814204958212 12510814242659460 12510814242661864 12510814242699484 12510814246101306 12510814283553426
12510814283555884 12510814283605182 12510814287814912 12510814325258938 12510814325261274 12510814325294324 12510814329210464 12510814366759932
12510814366760684 12510814366807382 12510814370654854 12510814408076250 12510814408081108 12510814408134174 12510814412843798 12510814450357350
12510814450360730 12510814450417766 12510814454130128 12510814491656766 12510814491659132 12510814491699486 12510814495108292 12510814532774028

12510813104512126 12510813104524180 12510813107986002 12510813145076882 12510813145077222 12510813145110718 12510813148758808 12510813186865106
12510813186868738 12510813187170566 12510813192053188 12510813229098570 12510813229100896 12510813229143656 12510813233805444 12510813270872256
12510813270875686 12510813270919362 12510813275221060 12510813312469228 12510813312469240 12510813312515086 12510813321727734 12510813359179382
12510813359180574 12510813359229314 12510813369905968 12510813406890370 12510813406890726 12510813406937050 12510813412328834 12510813449618638
12510813449621238 12510813449674062 12510813453340556 12510813490418782 12510813490419164 12510813490449330 12510813494863098 12510813531922454
12510813531923308 12510813531957438 12510813536684232 12510813574799982 12510813574804484 12510813574856470 12510813579241656 12510813616243910
12510813616248800 12510813616283298 12510813620126458 12510813657226884 12510813657227278 12510813657261486 12510813664089790 12510813701420426
12510813701423338 12510813701500904 12510813705403732 12510813742558244 12510813742558628 12510813742587436 12510813747385104 12510813784547110
12510813784550494 12510813784611284 12510813788568016 12510813825494298 12510813825496666 12510813825528910 12510813830040664 12510813867152870

12510841358535808 12510841358544986 12510841362025542 12510841400864739 12510841400866513 12510841400916115 12510841404343186 12510841442561820
12510841442567666 12510841442850626 12510841446317584 12510841483648006 12510841483648470 12510841483691740 12510841488682718 12510841525978494
12510841525984586 12510841526024766 12510841537572096 12510841574833202 12510841574835584 12510841574876758 12510841584240420 12510841621646316
12510841621649116 12510841621690480 12510841625762224 12510841663192648 12510841663192660 12510841663237380 12510841667318720 12510841704798784
12510841704801576 12510841704851068 12510841710228086 12510841748364110 12510841748368884 12510841748416460 12510841751685248 12510841789059356
12510841789063746 12510841789091540 12510841794197928 12510841831689702 12510841831690040 12510841831729946 12510841836870220 12510841874417092
12510841874417900 12510841874453462 12510841878334210 12510841915884690 12510841915884702 12510841915917216 12510841919525482 12510841957108110
12510841957111490 12510841957157982 12510841960663432 12510841998308396 12510841998308818 12510841998339708 12510842001956190 12510842039758668
12510842039761534 12510842039820024 12510842043547666 12510842081869584 12510842081874310 12510842081924094 12510842085437724 12510842123122782

12510828976313296 12510828976323384 12510828979805090 12510829017235112 12510829017235456 12510829017268786 12510829021894518 12510829059837224
12510829059842900 12510829060122210 12510829066506540 12510829104548530 12510829104553270 12510829104615272 12510829114814548 12510829152127892
12510829152132694 12510829152174876 12510829162373842 12510829199659922 12510829199659934 12510829199697202 12510829203422042 12510829240805052
12510829240807476 12510829240855170 12510829245528552 12510829282960922 12510829282961282 12510829283005122 12510829287471230 12510829325708818
12510829325712234 12510829325761512 12510829329433846 12510829366677316 12510829366679682 12510829366707890 12510829370798210 12510829409000710
12510829409003522 12510829409054770 12510829412745548 12510829450257646 12510829450258060 12510829450294018 12510829454373872 12510829491874972
12510829491877562 12510829491908678 12510829495875442 12510829533335614 12510829533335626 12510829533366702 12510829536991336 12510829574270584
12510829574276248 12510829574324320 12510829578190202 12510829615443718 12510829615444078 12510829615486280 12510829619913326 12510829657309802
12510829657315040 12510829657366424 12510829661998502 12510829699424542 12510829699426932 12510829699461044 12510829703247732 12510829741434034

12510753460803980 12510753460813542 12510753464177038 12510753501238258 12510753501243776 12510753501281136 12510753509974140 12510753547539584
12510753547545188 12510753547843894 12510753557831844 12510753594914224 12510753594914286 12510753594947990 12510753605978542 12510753642996734
12510753643001912 12510753643039440 12510753646770862 12510753683745674 12510753683746016 12510753683775728 12510753687430436 12510753724449098
12510753724453064 12510753724504708 12510753731022436 12510753768046976 12510753768049318 12510753768091362 12510753772745330 12510753809983084
12510753809984338 12510753810022378 12510753813790216 12510753851015828 12510753851018152 12510753851048748 12510753855412006 12510753892369092
12510753892372424 12510753892404598 12510753896356924 12510753933452302 12510753933452374 12510753933486470 12510753938858842 12510753975903104
12510753975905530 12510753975942966 12510753979518572 12510754016688256 12510754016688290 12510754016722268 12510754020715492 12510754058485248
12510754058485996 12510754058536200 12510754062656370 12510754099684020 12510754099684084 12510754099736248 12510754103885944 12510754141057432
12510754141058252 12510754141118470 12510754145277936 12510754182187316 12510754182187720 12510754182217796 12510754186916810 12510754224026282

12510738368902484 12510738368915238 12510738372264090 12510738409261002 12510738409263342 12510738409292956 12510738413393290 12510738450908632
12510738450915288 12510738451211850 12510738459246526 12510738496121430 12510738496123794 12510738496166354 12510738506962302 12510738544908516
12510738544910940 12510738544973214 12510738554489850 12510738591337778 12510738591340094 12510738591380734 12510738595995352 12510738632985842
12510738632989230 12510738633033476 12510738636836832 12510738674641376 12510738674644978 12510738674703668 12510738678583908 12510738715647012
12510738715650424 12510738715699140 12510738720588230 12510738757473630 12510738757473644 12510738757505026 12510738761867592 12510738798849930
12510738798850718 12510738798879578 12510738803409198 12510738840435536 12510738840435912 12510738840468966 12510738844251726 12510738881280456
12510738881283828 12510738881319022 12510738885530164 12510738922498508 12510738922508626 12510738922537728 12510738927820660 12510738964817514
12510738964818286 12510738964865522 12510738969895886 12510739007545086 12510739007549520 12510739007610892 12510739011319312 12510739048280610
12510739048283940 12510739048331460 12510739052449546 12510739089515690 12510739089518050 12510739089551106 12510739094170790 12510739131199196

12510739533088972 12510739533097810 12510739536417574 12510739573858742 12510739573859072 12510739573893606 12510739578707414 12510739616698342
12510739616699168 12510739616982326 12510739620638762 12510739658354248 12510739658354638 12510739658393446 12510739663220716 12510739700514134
12510739700517492 12510739700548924 12510739711217352 12510739748507304 12510739748507646 12510739748543164 12510739758875882 12510739796253786
12510739796257114 12510739796303736 12510739800939354 12510739838461144 12510739838461156 12510739838497670 12510739842199272 12510739879651798
12510739879652586 12510739879703908 12510739883559316 12510739921195408 12510739921195786 12510739921233978 12510739925584280 12510739962946650
12510739962947464 12510739962975834 12510739966446304 12510740003930016 12510740003932376 12510740003971482 12510740008180368 12510740046390372
12510740046391166 12510740046441108 12510740051681940 12510740089177688 12510740089178130 12510740089216114 12510740092748372 12510740130258726
12510740130262092 12510740130314910 12510740134307554 12510740171604568 12510740171604886 12510740171649226 12510740176357294 12510740213617054
12510740213620438 12510740213674542 12510740218099514 12510740255573482 12510740255573862 12510740255611380 12510740259906512 12510740297497276

12510864465865914 12510864465877024 12510864469312452 12510864506851160 12510864506851536 12510864506885042 12510864511673186 12510864549651012
12510864549658350 12510864549947202 12510864556481058 12510864593855452 12510864593857764 12510864593903502 12510864605204042 12510864643483972
12510864643488724 12510864643550296 12510864650885736 12510864688377142 12510864688377520 12510864688417978 12510864693303906 12510864730882208
12510864730885550 12510864730935962 12510864735332250 12510864772737032 12510864772739334 12510864772787164 12510864776667804 12510864814173014
12510864814175798 12510864814226996 12510864817802220 12510864855277452 12510864855277756 12510864855308870 12510864860580942 12510864898405028
12510864898405914 12510864898436714 12510864902605288 12510864941290314 12510864941291936 12510864941338774 12510864944635292 12510864981999550
12510864982002934 12510864982032346 12510864985963406 12510865023420594 12510865023422892 12510865023454588 12510865027195172 12510865064888638
12510865064889468 12510865064938426 12510865068547476 12510865105961132 12510865105961144 12510865106003850 12510865109779152 12510865147351980
12510865147357388 12510865147411714 12510865151036291 12510865189386164 12510865189386494 12510865189423642 12510865192774373 12510865230435828

12510758136450184 12510758136459660 12510758139798058 12510758177229502 12510758177229852 12510758177263496 12510758186771540 12510758224661946
12510758224664238 12510758224753660 12510758235128114 12510758273504908 12510758273508446 12510758273561076 12510758282424176 12510758320125848
12510758320128314 12510758320164392 12510758323793560 12510758361330970 12510758361331352 12510758361358524 12510758364937646 12510758402736694
12510758402739486 12510758402783276 12510758406605570 12510758444467022 12510758444468572 12510758444516224 12510758448497618 12510758486549118
12510758486549870 12510758486583470 12510758489966460 12510758527857394 12510758527859764 12510758527889518 12510758531210280 12510758569800692
12510758569801506 12510758569849528 12510758573506460 12510758611762402 12510758611764728 12510758611796422 12510758615222984 12510758653287642
12510758653290460 12510758653327856 12510758656754482 12510758694197006 12510758694197306 12510758694227858 12510758697956690 12510758735489352
12510758735491810 12510758735539048 12510758739315590 12510758777312060 12510758777312106 12510758777350088 12510758780535736 12510758818912240
12510758818915048 12510758818968896 12510758822256886 12510758859635100 12510758859635112 12510758859672026 12510758863337286 12510758901457926

12510697228153672 12510697228167526 12510697231620584 12510697275390672 12510697275391072 12510697275437554 12510697278847308 12510697323261034
12510697323264550 12510697323582174 12510697326961696 12510697371324952 12510697371326592 12510697371387324 12510697374649596 12510697412624608
12510697412627312 12510697412669014 12510697415696584 12510697453156524 12510697453158884 12510697453192894 12510697456808766 12510697494689236
12510697494691654 12510697494736648 12510697498357055 12510697536765570 12510697536767324 12510697536810512 12510697540242896 12510697577782924
12510697577786350 12510697577822910 12510697581661410 12510697619515454 12510697619515844 12510697619547810 12510697622900226 12510697660538528
12510697660541228 12510697660572254 12510697665028016 12510697703331120 12510697703334664 12510697703387452 12510697706880536 12510697744300968
12510697744304284 12510697744338930 12510697748351454 12510697785740512 12510697785740906 12510697785774068 12510697789593678 12510697827122908
12510697827123660 12510697827170696 12510697831003782 12510697868625380 12510697868625780 12510697868670192 12510697871913028 12510697909562506
12510697909565834 12510697909616590 12510697913777414 12510697951360172 12510697951360532 12510697951395524 12510697954724306 12510697992100654

12510686119686166 12510686119696648 12510686123035954 12510686160109178 12510686160109508 12510686160143462 12510686169922626 12510686207708544
12510686207715150 12510686207989710 12510686218501296 12510686256321632 12510686256323968 12510686256364410 12510686266059578 12510686302945462
12510686302946598 12510686302978456 12510686307175678 12510686345257445 12510686345257525 12510686345306084 12510686348341652 12510686386040980
12510686386043794 12510686386093400 12510686389381222 12510686426583696 12510686426584028 12510686426618722 12510686431776460 12510686468865544
12510686468870116 12510686468916404 12510686473012370 12510686510122492 12510686510122840 12510686510153082 12510686514020956 12510686551363726
12510686551364942 12510686551399584 12510686554891208 12510686591999866 12510686592000244 12510686592036982 12510686596317168 12510686633494800
12510686633495630 12510686633527068 12510686637816082 12510686675687404 12510686675692160 12510686675739634 12510686679352224 12510686716431246
12510686716436068 12510686716480284 12510686721681954 12510686758613470 12510686758615830 12510686758658184 12510686763359800 12510686800436886
12510686800439736 12510686800494688 12510686804740468 12510686841987566 12510686841987902 12510686842023754 12510686846239894 12510686883509174

12510732456620614 12510732456634168 12510732459889773 12510732498041418 12510732498041807 12510732498072906 12510732501838315 12510732540329214
12510732540332778 12510732540613390 12510732547295020 12510732584655857 12510732584656234 12510732584690132 12510732595353224 12510732632864162
12510732632865764 12510732632899192 12510732642265282 12510732680193706 12510732680194080 12510732680222900 12510732685016462 12510732722867514
12510732722869944 12510732722906002 12510732726065328 12510732764232622 12510732764234290 12510732764285742 12510732767410448 12510732804702670
12510732804706170 12510732804742612 12510732809046758 12510732846340414 12510732846341022 12510732846376516 12510732849900728 12510732887555688
12510732887558164 12510732887591690 12510732892315804 12510732929784250 12510732929784628 12510732929823112 12510732933659892 12510732971180772
12510732971183240 12510732971214148 12510732975308334 12510733012669552 12510733012669908 12510733012700376 12510733016917686 12510733054321256
12510733054323670 12510733054372666 12510733058619972 12510733096725800 12510733096727442 12510733096778852 12510733099983730 12510733137333758
12510733137336214 12510733137399866 12510733140894298 12510733178627044 12510733178631736 12510733178663862 12510733182562508 12510733219829578

12510744276231990 12510744276241432 12510744279594904 12510744317970796 12510744317974344 12510744318026624 12510744321218746 12510744359839830
12510744359846710 12510744360128108 12510744363444780 12510744401893176 12510744401893490 12510744401927892 12510744407141556 12510744444503718
12510744444504928 12510744444543254 12510744456299532 12510744493768474 12510744493768852 12510744493800054 12510744502606036 12510744540036720
12510744540039200 12510744540076402 12510744543709122 12510744581042668 12510744581043052 12510744581079914 12510744585467876 12510744622984890
12510744622987688 12510744623028598 12510744627799690 12510744665953532 12510744665955194 12510744666006988 12510744669199682 12510744706723302
12510744706726126 12510744706756680 12510744712933920 12510744750481934 12510744750481958 12510744750522160 12510744754386530 12510744791744766
12510744791745184 12510744791777050 12510744795660282 12510744833377198 12510744833377222 12510744833408874 12510744837789428 12510744875343208
12510744875344102 12510744875393860 12510744879044140 12510744916446626 12510744916446996 12510744916478224 12510744920109274 12510744957852868
12510744957856684 12510744957917766 12510744961702230 12510744999919492 12510744999925088 12510744999977220 12510745003524126 12510745041028384

12510787376312204 12510787376321178 12510787379687842 12510787417016586 12510787417018954 12510787417049986 12510787420880824 12510787458868154
12510787458873980 12510787459169844 12510787467240362 12510787505220978 12510787505225646 12510787505273700 12510787515791616 12510787553056684
12510787553059420 12510787553089966 12510787563107454 12510787600478094 12510787600478484 12510787600506052 12510787604368342 12510787641663432
12510787641666786 12510787641715662 12510787645531336 12510787682783828 12510787682784216 12510787682820504 12510787687247584 12510787724532232
12510787724534720 12510787724570596 12510787729101524 12510787766375254 12510787766375676 12510787766406012 12510787770851812 12510787809997564
12510787809998452 12510787810045758 12510787813372352 12510787850611890 12510787850614280 12510787850643714 12510787854927076 12510787892295182
12510787892297996 12510787892333038 12510787896622498 12510787934587648 12510787934588050 12510787934619904 12510787937884060 12510787975833138
12510787975833980 12510787975889206 12510787979172438 12510788016821064 12510788016821426 12510788016863116 12510788020402408 12510788057846800
12510788057849278 12510788057900064 12510788062129284 12510788099571778 12510788099572146 12510788099603552 12510788103619288 12510788141886206

3146043706545294 3146043706555006 3146043710029182 3146043747377262 3146043747377604 3146043747408050 3146043757273182 3146043795088292
3146043795090706 3146043795199060 3146043804843442 3146043842931412 3146043842933084 3146043842996234 3146043853063670 3146043890493314
3146043890495736 3146043890538780 3146043894104866 3146043931414564 3146043931414976 3146043931454496 3146043935063590 3146043972304344
3146043972305180 3146043972356714 3146043976713526 3146044014181058 3146044014183452 3146044014227440 3146044018066192 3146044055682810
3146044055685286 3146044055721784 3146044059880084 3146044097215294 3146044097215718 3146044097244798 3146044101093836 3146044138557984
3146044138561332 3146044138592378 3146044142656760 3146044180769844 3146044180773126 3146044180823526 3146044184527310 3146044222518744
3146044222519568 3146044222550046 3146044226027926 3146044263948224 3146044263950600 3146044263982582 3146044267409166 3146044304840216
3146044304842678 3146044304894052 3146044309073238 3146044346323744 3146044346324114 3146044346371244 3146044350325554 3146044387663828
3146044387664762 3146044387712824 3146044391699768 3146044429333902 3146044429336282 3146044429370584 3146044433142534 3146044470526322

12510761862747826 12510761862756832 12510761866082666 12510761903204632 12510761903206930 12510761903252668 12510761906527456 12510761946205948
12510761946210344 12510761946489854 12510761954019784 12510761991269360 12510761991269384 12510761991311368 12510762001912782 12510762039076302
12510762039078792 12510762039114574 12510762049690538 12510762086695408 12510762086699470 12510762086732096 12510762091390168 12510762128434412
12510762128437164 12510762128486296 12510762132249224 12510762169395536 12510762169397250 12510762169432786 12510762173223976 12510762210388908
12510762210394132 12510762210444236 12510762215151108 12510762253119232 12510762253123122 12510762253175576 12510762256395702 12510762293721834
12510762293725302 12510762293755552 12510762297699106 12510762335850476 12510762335854734 12510762335908914 12510762339264814 12510762376597026
12510762376597780 12510762376633678 12510762381154538 12510762418197962 12510762418197974 12510762418231810 12510762422220738 12510762459504934
12510762459508336 12510762459559388 12510762463035608 12510762500102762 12510762500105266 12510762500147494 12510762504505314 12510762541645912
12510762541646728 12510762541700592 12510762546668016 12510762584624108 12510762584625860 12510762584677724 12510762588481566 12510762625744350

12510711576416482 12510711576427452 12510711579654604 12510711616923488 12510711616925806 12510711616956174 12510711621272098 12510711659191730
12510711659198606 12510711659471360 12510711663124814 12510711700499574 12510711700499966 12510711700542604 12510711706831418 12510711744045758
12510711744048564 12510711744095040 12510711754934642 12510711792165796 12510711792168172 12510711792210430 12510711802297264 12510711839483310
12510711839483804 12510711839525600 12510711845370980 12510711882621334 12510711882621700 12510711882664430 12510711887051208 12510711925130868
12510711925134376 12510711925184168 12510711928448018 12510711965774440 12510711965776828 12510711965807220 12510711970050818 12510712007301156
12510712007304560 12510712007331990 12510712010889060 12510712048185690 12510712048186020 12510712048222448 12510712053213218 12510712090525544
12510712090529000 12510712090560928 12510712094380414 12510712131669732 12510712131670072 12510712131703202 12510712135931170 12510712173203000
12510712173203828 12510712173251208 12510712177625856 12510712214842808 12510712214843218 12510712214872732 12510712219757428 12510712256966648
12510712256970092 12510712257033558 12510712261171080 12510712298426118 12510712298428442 12510712298463368 12510712302021770 12510712339317008

12510687771211226 12510687771219954 12510687774482552 12510687812429337 12510687812431470 12510687812485996 12510687816215908 12510687854179814
12510687854186512 12510687854466026 12510687858359094 12510687895763952 12510687895766282 12510687895806072 12510687899693264 12510687937076878
12510687937079580 12510687937118200 12510687941446054 12510687978891014 12510687978891356 12510687978932902 12510687990616292 12510688028122024
12510688028122828 12510688028177666 12510688037073888 12510688074315672 12510688074315722 12510688074359974 12510688078515618 12510688116905688
12510688116906904 12510688116941446 12510688120119492 12510688158654098 12510688158655736 12510688158709824 12510688163742364 12510688201084754
12510688201085574 12510688201114818 12510688204541678 12510688241982008 12510688241982084 12510688242020656 12510688247528408 12510688284883770
12510688284884628 12510688284918306 12510688288586464 12510688326203392 12510688326203796 12510688326238714 12510688330418010 12510688368476378
12510688368477216 12510688368532714 12510688372663418 12510688410295620 12510688410297996 12510688410353230 12510688414354718 12510688451978506
12510688451981508 12510688452039212 12510688456218040 12510688494273090 12510688494274744 12510688494325908 12510688498043514 12510688535238102

12510749884868964 12510749884880588 12510749888144548 12510749925383234 12510749925385580 12510749925415818 12510749928857572 12510749966397758
12510749966401058 12510749966682386 12510749971317256 12510750008720738 12510750008721092 12510750008767226 12510750015465748 12510750052551632
12510750052554480 12510750052609576 12510750063561064 12510750100668604 12510750100668916 12510750100710494 12510750110634830 12510750147692932
12510750147693742 12510750147742656 12510750152441034 12510750189384634 12510750189384976 12510750189431902 12510750193192724 12510750231172952
12510750231173766 12510750231226086 12510750235670402 12510750272879108 12510750272879456 12510750272912302 12510750276457221 12510750313902746
12510750313903626 12510750313935550 12510750321293602 12510750358614396 12510750358615940 12510750358651642 12510750362541512 12510750399604316
12510750399606758 12510750399642386 12510750403237602 12510750440385460 12510750440385506 12510750440421500 12510750446070568 12510750483042978
12510750483043410 12510750483091896 12510750486355912 12510750523559934 12510750523560272 12510750523600520 12510750527677024 12510750565722352
12510750565724838 12510750565800320 12510750570439372 12510750608574672 12510750608575058 12510750608609730 12510750611999570 12510750650272642

12510728579479924 12510728579489570 12510728582866550 12510728620001474 12510728620001876 12510728620032864 12510728625002794 12510728662478706
12510728662484628 12510728662763138 12510728670421782 12510728707405260 12510728707405676 12510728707440912 12510728718126712 12510728755309474
12510728755313696 12510728755354140 12510728766125730 12510728803118732 12510728803118798 12510728803148540 12510728806828066 12510728843688602
12510728843691946 12510728843737778 12510728848198278 12510728885060556 12510728885060936 12510728885101806 12510728890023818 12510728927762748
12510728927768162 12510728927818748 12510728931115882 12510728968198851 12510728968198869 12510728968231055 12510728972535450 12510729009517570
12510729009518372 12510729009551216 12510729013826432 12510729050665642 12510729050668014 12510729050711226 12510729056279272 12510729093133728
12510729093137996 12510729093168914 12510729097507890 12510729134493270 12510729134493610 12510729134526266 12510729139346692 12510729176355818
12510729176361296 12510729176407478 12510729180249882 12510729217402946 12510729217403006 12510729217448550 12510729221569454 12510729259235566
12510729259240338 12510729259315832 12510729263223886 12510729300297382 12510729300297762 12510729300335014 12510729306218726 12510729343229620

12510649641100896 12510649641112656 12510649644485762 12510649681519880 12510649681520192 12510649681556980 12510649685303616 12510649722801608
12510649722805402 12510649723106952 12510649728258234 12510649765413422 12510649765413788 12510649765462812 12510649771461178 12510649809287500
12510649809288354 12510649809355640 12510649819534646 12510649856634358 12510649856636660 12510649856686994 12510649867432018 12510649905121252
12510649905122198 12510649905176706 12510649909053304 12510649946117120 12510649946117446 12510649946169164 12510649950940152 12510649988004946
12510649988008312 12510649988058588 12510649992136426 12510650029126818 12510650029127128 12510650029160036 12510650033274998 12510650070242722
12510650070243552 12510650070274500 12510650074561612 12510650111687462 12510650111687840 12510650111725906 12510650117259996 12510650155002432
12510650155005220 12510650155055898 12510650158430734 12510650196719428 12510650196719814 12510650196754138 12510650199923952 12510650237799264
12510650237802594 12510650237851502 12510650241311704 12510650278131940 12510650278131966 12510650278178660 12510650281560918 12510650318597502
12510650318598354 12510650318652298 12510650323759956 12510650360770164 12510650360770540 12510650360807238 12510650365937878 12510650403025576

12510776717795108 12510776717805050 12510776721274912 12510776758619328 12510776758619652 12510776758651622 12510776762347940 12510776800193748
12510776800199372 12510776800516770 12510776804200030 12510776841480182 12510776841482482 12510776841524490 12510776845146084 12510776882784072
12510776882786540 12510776882832946 12510776887908964 12510776925858864 12510776925860574 12510776925922558 12510776935336478 12510776972783976
12510776972787364 12510776972844464 12510776984522004 12510777021791358 12510777021791748 12510777021843858 12510777025743046 12510777063116560
12510777063117320 12510777063168814 12510777068152400 12510777105411514 12510777105413828 12510777105444706 12510777109038070 12510777146525348
12510777146526104 12510777146556564 12510777151164376 12510777188412088 12510777188412434 12510777188446644 12510777191785628 12510777228972276
12510777228973032 12510777229002372 12510777234735434 12510777272857590 12510777272859262 12510777272909992 12510777276389838 12510777313746788
12510777313749586 12510777313796456 12510777318035748 12510777355371596 12510777355371922 12510777355416128 12510777359583390 12510777396886434
12510777396888902 12510777396933582 12510777400766240 12510777438049760 12510777438052106 12510777438085712 12510777442482098 12510777479739620
