25 54
12510747113057834 12510747113070950 12510747116657230 12510747121061124 12510747113073340 12510747113735076 12510747123966064 12510747128331668
12510747121070746 12510747122928986 12510747131119492 12510747135468216 12510747128339468 12510747129708734 12510747139156770 12510747143518850
12510747135478348 12510747136311458 12510747146459382 12510747150837340 12510747143531428 12510747144668172 12510747154749656 12510747159170322
12510747150848890 12510747151647392 12510747162432638 12510747166814346 12510747159181080 12510747160355652 12510747170461530 12510747174870014
12510747166824930 12510747168005278 12510747178385996 12510747182804574 12510747174881638 12510747175731712 12510747185740912 12510747190096648
12510747182817428 12510747184170398 12510747193802966 12510747198238894 12510747190106194 12510747191005610 12510747201403910 12510747205811778
12510747198249004 12510747198780956 12510747209852674 12510747214265990 12510747205821972 12510747206268018 12510747217240214 12510747221677190
12510747214278398 12510747215922130 12510747224992762 12510747229455116 12510747221689104 12510747222926108 12510747232471626 12510747236943028
12510747229467208 12510747230708182 12510747240060862 12510747244583842 12510747236951864 12510747238000716 12510747246921084 12510747251298000

12510792071224984 12510792071237387 12510792075215428 12510792079758490 12510792071239274 12510792074526139 12510792082138934 12510792086652195
12510792079767540 12510792082099009 12510792090060136 12510792094550636 12510792086660829 12510792089466074 12510792098102271 12510792102615369
12510792094559697 12510792096976185 12510792106029404 12510792110582601 12510792102623942 12510792104002918 12510792113562513 12510792118128809
12510792110591701 12510792111004005 12510792121619848 12510792126138948 12510792118139261 12510792118465286 12510792129495599 12510792134050389
12510792126151138 12510792126405222 12510792136968548 12510792141540261 12510792134062023 12510792134615027 12510792144362610 12510792148907517
12510792141551949 12510792143106404 12510792152141866 12510792156695536 12510792148918456 12510792150382491 12510792159839705 12510792164379409
12510792156704850 12510792159850499 12510792168157706 12510792172738154 12510792164387520 12510792164816044 12510792175487667 12510792180118041
12510792172750522 12510792173376588 12510792183203695 12510792187775419 12510792180128684 12510792181065527 12510792190558961 12510792195117263
12510792187785268 12510792188445370 12510792199033950 12510792202862978 12510792195129055 12510792195433356 12510792205318234 12510792209112640

12510709761481423 12510709761495171 12510709765575629 12510709770161278 12510709761497517 12510709762457108 12510709772827872 12510709777420943
12510709770171048 12510709770416618 12510709781095861 12510709785693253 12510709777431366 12510709777771483 12510709788239465 12510709792900670
12510709785705516 12510709786230462 12510709795760311 12510709800406373 12510709792911474 12510709795090814 12510709803456199 12510709808042105
12510709800415412 12510709803469199 12510709812066024 12510709816694113 12510709808051023 12510709808542957 12510709819290456 12510709823956786
12510709816706374 12510709817665277 12510709827346310 12510709832000492 12510709823967766 12510709825969226 12510709834749131 12510709839431032
12510709832011987 12510709832271427 12510709842213414 12510709846836604 12510709839442686 12510709840483119 12510709850062756 12510709854733393
12510709846847425 12510709847265202 12510709857417647 12510709862052003 12510709854743891 12510709855752674 12510709865428623 12510709869968787
12510709862061536 12510709863282392 12510709873187742 12510709877767765 12510709869980185 12510709870801283 12510709880717698 12510709885276431
12510709877778028 12510709878070624 12510709888964327 12510709893547750 12510709885287674 12510709886099152 12510709896962756 12510709901413230

12510737531199840 12510737531211828 12510737535038842 12510737539385220 12510737531214312 12510737534167668 12510737542016486 12510737546389516
12510737539395070 12510737540168944 12510737550565614 12510737554917502 12510737546400704 12510737547444254 12510737557773224 12510737562228914
12510737554929020 12510737555339190 12510737565109172 12510737569524290 12510737562242486 12510737563466422 12510737573172784 12510737577614246
12510737569532624 12510737570323160 12510737580525632 12510737584974304 12510737577627674 12510737578752998 12510737588319296 12510737592750610
12510737584983094 12510737585738756 12510737596134172 12510737600684266 12510737592761218 12510737592992154 12510737603504530 12510737607936604
12510737600695164 12510737601703522 12510737612235760 12510737616675322 12510737607947070 12510737608566192 12510737619392568 12510737623899202
12510737616688780 12510737617002442 12510737627726230 12510737632178748 12510737623947936 12510737625077472 12510737635656800 12510737640147840
12510737632187754 12510737632414398 12510737643208904 12510737647811748 12510737640159418 12510737640653324 12510737650388118 12510737654859586
12510737647858070 12510737649016896 12510737657891006 12510737662347532 12510737654868160 12510737656791114 12510737664630508 12510737669022420

12510736865052085 12510736865064989 12510736868634108 12510736873233138 12510736865067465 12510736866884345 12510736876121651 12510736880733404
12510736873244133 12510736875144077 12510736883524368 12510736888132111 12510736880741952 12510736882551376 12510736891009167 12510736895601842
12510736888140824 12510736888590829 12510736898506588 12510736903162506 12510736895613071 12510736897586708 12510736906548261 12510736911257718
12510736903172531 12510736905721090 12510736914160197 12510736918750298 12510736911266045 12510736913262943 12510736922117864 12510736926716718
12510736918759008 12510736920902849 12510736929383347 12510736933985434 12510736926724541 12510736928412109 12510736937322027 12510736941910436
12510736933993910 12510736936874982 12510736946206893 12510736950238727 12510736941918121 12510736942174411 12510736952551376 12510736956589357
12510736950249457 12510736951575116 12510736960590622 12510736964576453 12510736956598385 12510736957158986 12510736968155050 12510736972153844
12510736964587671 12510736965569613 12510736976759097 12510736980785203 12510736972163155 12510736972718951 12510736983694882 12510736987652554
12510736980797458 12510736981214209 12510736990856301 12510736994833077 12510736987664898 12510736988347367 12510736998218678 12510737002049638

12510765118867556 12510765118881834 12510765122400140 12510765126926577 12510765118884381 12510765122420823 12510765131194092 12510765135706812
12510765126934848 12510765127166593 12510765138530103 12510765143122657 12510765135720346 12510765136318278 12510765145741309 12510765150307643
12510765143134931 12510765143734274 12510765153837730 12510765158340683 12510765150318758 12510765151158362 12510765161147777 12510765165754112
12510765158351780 12510765159469067 12510765169584949 12510765174102706 12510765165764288 12510765166646921 12510765178315725 12510765182895422
12510765174113173 12510765174337997 12510765185718392 12510765190329737 12510765182906667 12510765183264537 12510765193008934 12510765197566595
12510765190339384 12510765192325212 12510765200237939 12510765204825587 12510765197575444 12510765197926631 12510765208022071 12510765212581538
12510765204834786 12510765205296823 12510765215206959 12510765219776172 12510765212594684 12510765213040606 12510765222715503 12510765227240291
12510765219786982 12510765221825814 12510765230305007 12510765234812566 12510765227247902 12510765229468896 12510765238057129 12510765242580112
12510765234821601 12510765235854912 12510765245310356 12510765249836338 12510765242592558 12510765243063913 12510765252328861 12510765256837193

12510752736718467 12510752736731845 12510752740771029 12510752745408100 12510752736734263 12510752739454854 12510752748665672 12510752753303699
12510752745418546 12510752746357955 12510752756376440 12510752761040187 12510752753313071 12510752753355491 12510752764496849 12510752769160611
12510752761051436 12510752761496637 12510752772084860 12510752776761598 12510752769171794 12510752769702795 12510752779407650 12510752784035104
12510752776772440 12510752778521322 12510752787775340 12510752791705961 12510752784045481 12510752787789732 12510752796356371 12510752800261812
12510752791713677 12510752791757687 12510752803092419 12510752807060280 12510752800273774 12510752800992937 12510752810651439 12510752814584835
12510752807071556 12510752808202910 12510752817650808 12510752821600006 12510752814597189 12510752815029306 12510752825567294 12510752829507917
12510752821612072 12510752822040754 12510752832827493 12510752836797639 12510752829520809 12510752829942526 12510752840264292 12510752844213312
12510752836809316 12510752837027104 12510752848432862 12510752852357709 12510752844225048 12510752844468931 12510752855310195 12510752859204202
12510752852368922 12510752852400874 12510752862937908 12510752866879662 12510752859265247 12510752860048964 12510752869882796 12510752873719684

12510677221651184 12510677221664677 12510677225603948 12510677230144597 12510677221667075 12510677221687973 12510677233250322 12510677237798696
12510677230157065 12510677232333783 12510677241065684 12510677245531908 12510677237808917 12510677239067846 12510677249236560 12510677253687056
12510677245591165 12510677246549876 12510677256762787 12510677261350673 12510677253745535 12510677254341788 12510677264480176 12510677269022862
12510677261361366 12510677262083741 12510677272604599 12510677277126998 12510677269083306 12510677269767035 12510677280322095 12510677284923441
12510677277184865 12510677277588920 12510677287643109 12510677292269724 12510677284936151 12510677286245996 12510677295336994 12510677299944562
12510677292340584 12510677293508674 12510677302432435 12510677306997607 12510677299954763 12510677301589156 12510677310833093 12510677315367633
12510677307007722 12510677308218502 12510677318183733 12510677322780190 12510677315378753 12510677316374818 12510677325589334 12510677330159108
12510677322838434 12510677325220490 12510677333497512 12510677338011848 12510677330216803 12510677330649244 12510677340564754 12510677345047124
12510677338020360 12510677338912864 12510677348002115 12510677352482637 12510677345116546 12510677347198029 12510677355074088 12510677359536494

12510662129819058 12510662129831701 12510662133743879 12510662138242580 12510662129833538 12510662131628200 12510662141813298 12510662146371027
12510662138253182 12510662139257028 12510662149248309 12510662153869463 12510662146382151 12510662146418881 12510662157280294 12510662161806012
12510662153881906 12510662155153119 12510662164802356 12510662169372315 12510662161817160 12510662161875076 12510662171702402 12510662176275086
12510662169386408 12510662170412504 12510662179362195 12510662183901480 12510662176285069 12510662177269655 12510662188264147 12510662192849878
12510662183911508 12510662184608011 12510662195497047 12510662200209884 12510662192863484 12510662193401354 12510662202894938 12510662207540648
12510662200222310 12510662200270432 12510662210443401 12510662215055319 12510662207552331 12510662208200690 12510662218884602 12510662223468488
12510662215065870 12510662215330969 12510662226479906 12510662231121094 12510662223481618 12510662225832048 12510662234278495 12510662238855149
12510662231129597 12510662231394372 12510662241093449 12510662245643264 12510662238867667 12510662240334919 12510662248933700 12510662253418001
12510662245651452 12510662246126717 12510662256210577 12510662260718870 12510662253428129 12510662254963805 12510662263246486 12510662267735369

12510663293972225 12510663293984688 12510663297427975 12510663302055004 12510663293986970 12510663295785148 12510663305949544 12510663310558166
12510663302065029 12510663302973004 12510663313332331 12510663318017722 12510663310569383 12510663310619592 12510663321094241 12510663325743604
12510663318029627 12510663318833564 12510663328620293 12510663332665385 12510663325756414 12510663325969966 12510663335164040 12510663339194025
12510663332677827 12510663333181820 12510663343131171 12510663347120845 12510663339205564 12510663340088870 12510663351236315 12510663355215436
12510663347133414 12510663348125184 12510663360162185 12510663364254492 12510663355226388 12510663356490176 12510663367486258 12510663371615286
12510663364264488 12510663364899243 12510663375154461 12510663379233543 12510663371627795 12510663372124282 12510663382435171 12510663386551922
12510663379245425 12510663379514716 12510663389792984 12510663393876353 12510663386564361 12510663387172536 12510663398149459 12510663402185699
12510663393890055 12510663394216889 12510663404915953 12510663409007998 12510663402198814 12510663402549000 12510663412143034 12510663416166156
12510663409021552 12510663409833321 12510663420014820 12510663424700803 12510663416177723 12510663416913121 12510663427287480 12510663431194299

12510788225963781 12510788225978635 12510788229835070 12510788234388505 12510788225980873 12510788228690156 12510788238499708 12510788243106302
12510788234397798 12510788234539475 12510788245362408 12510788249950951 12510788243120949 12510788245256609 12510788253608182 12510788258155252
12510788249958327 12510788250197254 12510788261327116 12510788265880943 12510788258167431 12510788258963774 12510788268571824 12510788273096686
12510788265892271 12510788266829374 12510788275968146 12510788280482332 12510788273106621 12510788275217648 12510788283652074 12510788288139564
12510788280492056 12510788282216082 12510788292205699 12510788296749822 12510788288151106 12510788289394756 12510788299927866 12510788304559265
12510788296761219 12510788298287068 12510788307809182 12510788312398425 12510788304569042 12510788304838747 12510788314867971 12510788319414230
12510788312410134 12510788313149693 12510788322532283 12510788327067459 12510788319424563 12510788320897016 12510788330196872 12510788334024764
12510788327077703 12510788329108860 12510788336599368 12510788340361208 12510788334035138 12510788335341064 12510788343938774 12510788347668018
12510788340371130 12510788341992496 12510788352040314 12510788355879320 12510788347679360 12510788348001620 12510788358754394 12510788362584762

12510681897171139 12510681897184917 12510681900816740 12510681905318469 12510681897187223 12510681900835502 12510681909266101 12510681913809612
12510681905328700 12510681905757423 12510681916215393 12510681920822406 12510681913824160 12510681915000406 12510681924755623 12510681929265450
12510681920830809 12510681921301460 12510681932345799 12510681936930900 12510681929277618 12510681929522232 12510681939819025 12510681944360981
12510681936942810 12510681937364153 12510681947865175 12510681952419626 12510681944372442 12510681944981395 12510681955757637 12510681960686138
12510681952432870 12510681953414244 12510681963937134 12510681967914976 12510681960702508 12510681961136375 12510681971337706 12510681975329214
12510681967927026 12510681968089780 12510681978667682 12510681982623417 12510681975340874 12510681975946879 12510681986291800 12510681990269571
12510681982635555 12510681983082767 12510681993381412 12510681997378851 12510681990282874 12510681990637538 12510682001388119 12510682005375735
12510681997391289 12510681998414114 12510682007816139 12510682011833499 12510682005388628 12510682005997280 12510682014891393 12510682018825196
12510682011844425 12510682013024733 12510682021518933 12510682025476590 12510682018836829 12510682021284240 12510682028377418 12510682032325724

12510620989234446 12510620989246380 12510620992644372 12510620997211136 12510620989248471 12510620989987354 12510621000741358 12510621005296466
12510620997221845 12510620997996654 12510621009448234 12510621014019370 12510621005307963 12510621006269086 12510621017098293 12510621021688252
12510621014030672 12510621014765702 12510621024882390 12510621029482996 12510621021699275 12510621022409131 12510621033085803 12510621037780118
12510621029495133 12510621030188471 12510621040194422 12510621044791920 12510621037791673 12510621038035084 12510621047621790 12510621052102030
12510621044801686 12510621046189278 12510621055540833 12510621060003708 12510621052114910 12510621052956878 12510621063186459 12510621068179256
12510621060012449 12510621062058613 12510621071241422 12510621075020428 12510621068192784 12510621069481290 12510621078155388 12510621081932134
12510621075028568 12510621075736474 12510621085617842 12510621089445622 12510621081942454 12510621082251302 12510621092434206 12510621096298948
12510621089459372 12510621089810678 12510621099238288 12510621103067130 12510621096311204 12510621097137888 12510621107654972 12510621111490084
12510621103076042 12510621104173386 12510621114838272 12510621118771376 12510621111503786 12510621112190278 12510621122255074 12510621126197402

12510609880821878 12510609880835775 12510609884755059 12510609889458610 12510609880837546 12510609880905084 12510609893577917 12510609898342864
12510609889470342 12510609890045608 12510609901223450 12510609905998363 12510609898356729 12510609898788971 12510609909079114 12510609913830511
12510609906011025 12510609906379453 12510609916727110 12510609921471192 12510609913842106 12510609914267229 12510609924473461 12510609929219183
12510609921484939 12510609923249031 12510609931904968 12510609936621829 12510609929231584 12510609930451903 12510609939214368 12510609943883986
12510609936631081 12510609939145596 12510609947332608 12510609951555694 12510609943891675 12510609946541470 12510609954979588 12510609959056967
12510609951565059 12510609953965323 12510609962991974 12510609967069110 12510609959065132 12510609961066544 12510609970063959 12510609974170634
12510609967080748 12510609967997564 12510609977360275 12510609981473811 12510609974183315 12510609974810973 12510609984152497 12510609988299771
12510609981485583 12510609982876898 12510609991083423 12510609995183682 12510609988311780 12510609989670329 12510609998757104 12510610002895279
12510609995195915 12510609995345517 12510610006432866 12510610010583476 12510610002909390 12510610003586299 12510610013469592 12510610017607874

12510656217462233 12510656217477016 12510656221511422 12510656226062821 12510656217479420 12510656219299194 12510656230419301 12510656234402804
12510656226074473 12510656226698535 12510656237288067 12510656241312302 12510656234416812 12510656234766365 12510656245261828 12510656249188996
12510656241325808 12510656241583565 12510656253171295 12510656257140203 12510656249204689 12510656249432226 12510656260551477 12510656264542513
12510656257156594 12510656257300414 12510656267634106 12510656271560186 12510656264556889 12510656264592945 12510656275313918 12510656279279013
12510656271625884 12510656272115917 12510656283143187 12510656287025378 12510656279289483 12510656279602202 12510656290678982 12510656294583904
12510656287083942 12510656287723253 12510656299106474 12510656303069278 12510656294642091 12510656294998612 12510656305983073 12510656309920184
12510656303080434 12510656303308839 12510656313533232 12510656317438930 12510656309982088 12510656310407623 12510656321141233 12510656325120110
12510656317499333 12510656318194537 12510656328372008 12510656332381060 12510656325130621 12510656325372100 12510656335021103 12510656339019876
12510656332393895 12510656333123277 12510656342129761 12510656346062126 12510656339032111 12510656340043362 12510656348786335 12510656352702782

12510668036998525 12510668037011557 12510668040404418 12510668045009287 12510668037013385 12510668037461400 12510668049580150 12510668054198299
12510668045019175 12510668047052315 12510668056796387 12510668061491392 12510668054208607 12510668055060962 12510668063978494 12510668068658179
12510668061503138 12510668061955711 12510668071600691 12510668076238392 12510668068670477 12510668069971433 12510668079502840 12510668084135274
12510668076247469 12510668077806825 12510668087065399 12510668091680725 12510668084144472 12510668085521210 12510668095186932 12510668099769360
12510668091690981 12510668093559445 12510668102572400 12510668107239703 12510668099780817 12510668100787818 12510668110302226 12510668114936044
12510668107250372 12510668108406433 12510668117715580 12510668122395271 12510668114946531 12510668115415233 12510668125456866 12510668130156493
12510668122406214 12510668123416334 12510668132917586 12510668137590890 12510668130167589 12510668131167029 12510668140736956 12510668145337474
12510668137602353 12510668138626028 12510668148549367 12510668153184950 12510668145348030 12510668145916454 12510668155803306 12510668160383492
12510668153197026 12510668154602225 12510668163754982 12510668168345689 12510668160393124 12510668160962307 12510668171035135 12510668175609511

12510711136756051 12510711136772768 12510711140614165 12510711144618489 12510711136774744 12510711139231167 12510711147697313 12510711151694065
12510711144629391 12510711145265516 12510711156376512 12510711160374590 12510711151705832 12510711152614971 12510711163910396 12510711167945371
12510711160387058 12510711161218258 12510711171392015 12510711175491553 12510711167956256 12510711168002666 12510711179154650 12510711183197421
12510711175506295 12510711175530825 12510711187314834 12510711191245870 12510711183258418 12510711183299821 12510711194576010 12510711198438422
12510711191291294 12510711191500324 12510711201578586 12510711205477478 12510711198483586 12510711199145276 12510711209514762 12510711213390938
12510711205486470 12510711205907906 12510711216802822 12510711220674446 12510711213403922 12510711213621596 12510711224202994 12510711228059100
12510711220685468 12510711221035180 12510711232255302 12510711236082410 12510711228072094 12510711228975924 12510711240265746 12510711244123776
12510711236093188 12510711236310414 12510711248133380 12510711252073124 12510711244135598 12510711244377308 12510711255029304 12510711258903000
12510711252085534 12510711252212308 12510711263283492 12510711267127958 12510711258916174 12510711259814736 12510711269867948 12510711273699816

3145967467213068 3145967467225820 3145967471300508 3145967475687676 3145967467228374 3145967468779290 3145967478491818 3145967482931238
3145967475697994 3145967476983396 3145967486545636 3145967490962160 3145967482940914 3145967484183846 3145967494261298 3145967498756294
3145967490972130 3145967491675806 3145967501395952 3145967505875208 3145967498767112 3145967499752228 3145967509401986 3145967513820372
3145967505883340 3145967507119366 3145967516231510 3145967520090382 3145967513831534 3145967515144350 3145967524927210 3145967528821124
3145967520099110 3145967521010228 3145967532018532 3145967536038240 3145967528833310 3145967528990982 3145967540104966 3145967544088264
3145967536053132 3145967536316338 3145967548879038 3145967553649094 3145967544101328 3145967544146450 3145967555777658 3145967559779596
3145967553700618 3145967554036398 3145967562503240 3145967566438120 3145967559788582 3145967560037548 3145967571292220 3145967575170576
3145967566450014 3145967567742838 3145967578696664 3145967582655792 3145967575179780 3145967575409642 3145967586522578 3145967590496146
3145967582667760 3145967583688636 3145967594848716 3145967598805786 3145967590509812 3145967591022314 3145967602087622 3145967605994496

12510685623352985 12510685623367061 12510685627597123 12510685632519244 12510685623369388 12510685625850037 12510685636165831 12510685640134434
12510685632529236 12510685633916432 12510685642941370 12510685646828580 12510685640145342 12510685641385830 12510685650720368 12510685654569236
12510685646840614 12510685647860932 12510685657941854 12510685661902386 12510685654583232 12510685654633696 12510685665068988 12510685668947304
12510685661915764 12510685662076544 12510685672399628 12510685676263712 12510685668959996 12510685669679098 12510685681602742 12510685685495054
12510685676277182 12510685676726136 12510685688389402 12510685692402582 12510685685508230 12510685685630196 12510685696100984 12510685700081502
12510685692416856 12510685692700662 12510685703559134 12510685707542856 12510685700095764 12510685700160142 12510685711367558 12510685715309790
12510685707555588 12510685707964874 12510685719317026 12510685723208946 12510685715323548 12510685715417268 12510685725463710 12510685729347754
12510685723221782 12510685723865436 12510685734617076 12510685738509832 12510685729359116 12510685729929976 12510685742406372 12510685746368870
12510685738523154 12510685738751468 12510685749492814 12510685753474768 12510685746380598 12510685746527036 12510685755563750 12510685759471450

12510635337280195 12510635337293730 12510635341261676 12510635345280222 12510635337296093 12510635337316494 12510635349868797 12510635353934764
12510635345292202 12510635345463707 12510635356190365 12510635360235246 12510635353950254 12510635353974480 12510635364152674 12510635368140554
12510635360248910 12510635361225664 12510635371625248 12510635375677599 12510635368151142 12510635369798901 12510635379535488 12510635383568969
12510635375689744 12510635376427055 12510635387107930 12510635391185368 12510635383581541 12510635383821836 12510635395033212 12510635399102484
12510635391197117 12510635391423941 12510635402693598 12510635406769667 12510635399114857 12510635399331313 12510635410424828 12510635414504578
12510635406837784 12510635407099379 12510635417881605 12510635421962891 12510635414513579 12510635415629251 12510635425590475 12510635429654434
12510635421973901 12510635422191798 12510635433048719 12510635437152039 12510635429667931 12510635429894454 12510635440178691 12510635444261953
12510635437163289 12510635437406978 12510635448533877 12510635452647321 12510635444274358 12510635444964953 12510635455991168 12510635460009288
12510635452658386 12510635453173483 12510635463505139 12510635467561053 12510635460018903 12510635460578565 12510635470515707 12510635474546589

12510611532223925 12510611532239368 12510611536325858 12510611541038728 12510611532242191 12510611534016957 12510611544355241 12510611549111152
12510611541049291 12510611542042586 12510611551571539 12510611556348402 12510611549124246 12510611549498361 12510611559666870 12510611564404325
12510611556359161 12510611557306304 12510611567221581 12510611571963815 12510611564415824 12510611565056666 12510611574954899 12510611579715401
12510611571974113 12510611572441412 12510611582896063 12510611587667883 12510611579726000 12510611580523932 12510611590559089 12510611595346485
12510611587680419 12510611588054370 12510611598523290 12510611603320026 12510611595358379 12510611598261967 12510611605956693 12510611610738028
12510611603329477 12510611603820185 12510611613762621 12510611618555951 12510611610749479 12510611611254889 12510611621659222 12510611626464504
12510611618566006 12510611618916623 12510611628880638 12510611633656707 12510611626476412 12510611627179741 12510611636696407 12510611641422862
12510611633667284 12510611634063670 12510611644014010 12510611648747903 12510611641435615 12510611641981511 12510611651880407 12510611656591631
12510611648759571 12510611649580922 12510611659643808 12510611664395277 12510611656600277 12510611656955116 12510611666431169 12510611671146896

12510673645453126 12510673645466071 12510673649351268 12510673653898134 12510673645468350 12510673646214582 12510673657017573 12510673661600524
12510673653909718 12510673654859718 12510673664954070 12510673669559742 12510673661612033 12510673663288467 12510673672811481 12510673677431612
12510673669570541 12510673669951253 12510673679810508 12510673684489595 12510673677444317 12510673679246039 12510673688106360 12510673692123302
12510673684499287 12510673684922483 12510673695834750 12510673699837733 12510673692135239 12510673692298059 12510673703678236 12510673707694485
12510673699849580 12510673700083661 12510673711477939 12510673715513003 12510673707705616 12510673708328215 12510673719189516 12510673723231247
12510673715524726 12510673716125329 12510673726665226 12510673730701501 12510673723242682 12510673723490909 12510673734906553 12510673738897666
12510673730712323 12510673731591686 12510673742363269 12510673746419108 12510673738910253 12510673739156626 12510673749929888 12510673753955918
12510673746430773 12510673746864225 12510673757365391 12510673761407533 12510673753967101 12510673754589790 12510673764916412 12510673768947588
12510673761418626 12510673761644687 12510673773279936 12510673777292302 12510673768958716 12510673769515433 12510673780585266 12510673784628956

12510652340186710 12510652340199499 12510652344193645 12510652348804087 12510652340201868 12510652340270930 12510652351688391 12510652356317789
12510652348815304 12510652349794704 12510652359913497 12510652364536929 12510652356329541 12510652357132011 12510652368075376 12510652372786282
12510652364549519 12510652365555292 12510652375582842 12510652380325048 12510652372797586 12510652373252502 12510652382958423 12510652387620327
12510652380336881 12510652380863121 12510652390752877 12510652395364153 12510652387631788 12510652388766630 12510652398750159 12510652403362620
12510652395374377 12510652396430968 12510652406787077 12510652411470838 12510652403373875 12510652404066263 12510652414524619 12510652419193416
12510652411482732 12510652412369947 12510652422232897 12510652426903759 12510652419204177 12510652422243077 12510652430039989 12510652434711912
12510652426911750 12510652427634954 12510652437776841 12510652442446493 12510652434723158 12510652435449922 12510652444939497 12510652449570637
12510652442456488 12510652444310514 12510652452629797 12510652457171899 12510652449582591 12510652450791961 12510652460757007 12510652465301801
12510652457179988 12510652459782212 12510652468221177 12510652472783755 12510652465313363 12510652467879548 12510652475681328 12510652480213821

12510573402210374 12510573402226934 12510573406345234 12510573410885580 12510573402228630 12510573402300236 12510573414771133 12510573419365449
12510573410896525 12510573411778401 12510573422325152 12510573426918431 12510573419377948 12510573419616661 12510573429680745 12510573434279521
12510573426931031 12510573427521142 12510573437394158 12510573441983898 12510573434292193 12510573434908654 12510573444772224 12510573449336225
12510573441995179 12510573442428202 12510573452413906 12510573457038080 12510573449348864 12510573449772465 12510573460970010 12510573465588552
12510573457050078 12510573457643233 12510573469001285 12510573473703510 12510573465602082 12510573465660159 12510573476736126 12510573481359658
12510573473764265 12510573473922390 12510573484315102 12510573488902207 12510573481417818 12510573481514506 12510573492302011 12510573496903016
12510573488912724 12510573490086878 12510573499555245 12510573504213001 12510573496912758 12510573498289302 12510573507144753 12510573511717130
12510573504222366 12510573504793808 12510573514850674 12510573519366856 12510573511726807 12510573512248121 12510573522625619 12510573526500338
12510573519377989 12510573519841871 12510573529649778 12510573533504820 12510573526512522 12510573528762600 12510573537531568 12510573541290748

12510700478175458 12510700478188599 12510700482372337 12510700487017705 12510700478190844 12510700480992922 12510700490877050 12510700495563498
12510700487027475 12510700487196490 12510700497804270 12510700502326121 12510700495576382 12510700496214489 12510700505463550 12510700509459105
12510700502336547 12510700503567072 12510700512987129 12510700516962107 12510700509468913 12510700510136602 12510700520310327 12510700524288439
12510700516974827 12510700517963601 12510700528673319 12510700532697368 12510700524301824 12510700524752805 12510700536426895 12510700540498492
12510700532709698 12510700533715135 12510700544320888 12510700548446420 12510700540509608 12510700540896809 12510700551618903 12510700555706074
12510700548458600 12510700548686247 12510700559512217 12510700563579235 12510700555718817 12510700556094277 12510700567396546 12510700571466393
12510700563591455 12510700564031080 12510700574669425 12510700578786606 12510700571477544 12510700572376809 12510700582444480 12510700586443080
12510700578797919 12510700579040704 12510700589786157 12510700593817983 12510700586454517 12510700586868328 12510700597485878 12510700601495266
12510700593829911 12510700594512001 12510700605413076 12510700609404801 12510700601506016 12510700601937263 12510700612324113 12510700616317228
