25 28
5 140721705678272 12510713612444061 12510713616670731 4 5 12510713616670749 12510713620880205
47338684743424 140721705678256 12510713620880366 12510713625111101 10 10 12510713625111130 12510713630004509
4 60 12510713630006111 12510713634119884 2667321352 4131212846 12510713634119902 12510713638209078
10 47338669227712 12510713638209102 12510713642334158 47338669058955 47338669058955 12510713642334176 12510713646411454
1952205948 0 12510713646411478 12510713650540480 140721705678416 47338669219552 12510713650540498 12510713654635129
47338669058955 47338669227304 12510713654635198 12510713658760628 140721705678144 140721705678224 12510713658760646 12510713662870895
47338686965536 47338669219552 12510713662870946 12510713666941387 47338684743112 47338686966560 12510713666941405 12510713671038737
140721705678000 47338669057108 12510713671038791 12510713675094414 47338669057108 47338687017272 12510713675094437 12510713679199614
47338684743328 47338684751416 12510713679199808 12510713683328652 140721705678416 140721705678496 12510713683328670 12510713687427524

5 140732242220144 12510758570418304 12510758574387524 4 5 12510758574387570 12510758578375702
47959155089152 140732242220128 12510758578375922 12510758582357460 10 10 12510758582357506 12510758586370388
4 60 12510758586370400 12510758590358180 2667321352 4131212846 12510758590358226 12510758594355158
10 47959139573440 12510758594357504 12510758598339820 47959139404683 47959139404683 12510758598339832 12510758602375052
1952205948 0 12510758602375068 12510758606363354 140732242220288 47959139565280 12510758606363366 12510758610376506
47959139404683 47959139573032 12510758610378954 12510758614361318 140732242220016 140732242220096 12510758614361330 12510758618370780
47959157311264 47959139565280 12510758618370792 12510758622355848 47959155088840 47959157312288 12510758622355860 12510758626351594
140732242219872 47959139402836 12510758626352160 12510758630366508 47959139402836 47959157363000 12510758630366520 12510758634334560
47959155089056 47959155097144 12510758634334780 12510758638350790 140732242220288 140732242220368 12510758638350802 12510758642352252

5 140736052289152 12510676260890300 12510676264866328 4 5 12510676264866340 12510676268813684
47482581135104 140736052289136 12510676268813700 12510676272849308 10 10 12510676272849320 12510676276857674
4 60 12510676276857692 12510676280911380 2667321352 4131212846 12510676280911392 12510676284885128
10 47482565619392 12510676284887628 12510676289149714 47482565450635 47482565450635 12510676289149726 12510676293156198
1952205948 0 12510676293156210 12510676297148166 140736052289296 47482565611232 12510676297148178 12510676301155398
47482565450635 47482565618984 12510676301155784 12510676305120496 140736052289024 140736052289104 12510676305120508 12510676309130620
47482583357216 47482565611232 12510676309130638 12510676313892048 47482581134792 47482583358240 12510676313892060 12510676317893040
140736052288880 47482565448788 12510676317893786 12510676321918956 47482565448788 47482583408952 12510676321918968 12510676325907724
47482581135008 47482581143096 12510676325907776 12510676329907930 140736052289296 140736052289376 12510676329907942 12510676333892598

5 140735349338624 12510704030542914 12510704034536938 4 5 12510704034536984 12510704038525340
47990546673408 140735349338608 12510704038525422 12510704042527526 10 10 12510704042527538 12510704046526214
4 60 12510704046526248 12510704050511486 2667321352 4131212846 12510704050511498 12510704054508828
10 47990531157696 12510704054508840 12510704058514706 47990530988939 47990530988939 12510704058514718 12510704062525088
1952205948 0 12510704062525100 12510704066517726 140735349338768 47990531149536 12510704066517738 12510704070536816
47990530988939 47990531157288 12510704070536832 12510704074523152 140735349338496 140735349338576 12510704074523164 12510704078547006
47990548895520 47990531149536 12510704078547024 12510704083182978 47990546673096 47990548896544 12510704083182996 12510704087301796
140735349338352 47990530987092 12510704087302062 12510704091324260 47990530987092 47990548947256 12510704091324272 12510704095316038
47990546673312 47990546681400 12510704095316256 12510704099335122 140735349338768 140735349338848 12510704099335168 12510704103316756

5 140732817752608 12510703364360642 12510703368329930 4 5 12510703368329942 12510703372259556
47324310798080 140732817752592 12510703372259572 12510703376229640 10 10 12510703376229652 12510703380167092
4 60 12510703380167108 12510703384164244 2667321352 4131212846 12510703384164256 12510703388112082
10 47324295282368 12510703388112658 12510703392444100 47324295113611 47324295113611 12510703392444112 12510703396415312
1952205948 0 12510703396415394 12510703400343992 140732817752752 47324295274208 12510703400344004 12510703404330556
47324295113611 47324295281960 12510703404330626 12510703408263322 140732817752480 140732817752560 12510703408263334 12510703412207194
47324313020192 47324295274208 12510703412207206 12510703416148488 47324310797768 47324313021216 12510703416148500 12510703420114100
140732817752336 47324295111764 12510703420114112 12510703424043530 47324295111764 47324313071928 12510703424043542 12510703428046920
47324310797984 47324310806072 12510703428049396 12510703432006092 140732817752752 140732817752832 12510703432006104 12510703435960698

5 140728031992688 12510731618108354 12510731622211457 4 5 12510731622211475 12510731626290046
47077747158784 140728031992672 12510731626290070 12510731630390068 10 10 12510731630390086 12510731634510738
4 60 12510731634513106 12510731638567193 2667321352 4131212846 12510731638567211 12510731642679085
10 47077731643072 12510731642679103 12510731646766428 47077731474315 47077731474315 12510731646766446 12510731650878190
1952205948 0 12510731650878214 12510731654960419 140728031992832 47077731634912 12510731654960442 12510731659080863
47077731474315 47077731642664 12510731659080887 12510731663218788 140728031992560 140728031992640 12510731663218806 12510731667276188
47077749380896 47077731634912 12510731667276217 12510731671383085 47077747158472 47077749381920 12510731671383103 12510731675467727
140728031992416 47077731472468 12510731675470190 12510731680169304 47077731472468 47077749432632 12510731680169316 12510731684229394
47077747158688 47077747166776 12510731684229450 12510731688192274 140728031992832 140728031992912 12510731688192286 12510731692177286

5 140733298082480 12510719235984215 12510719240084450 4 5 12510719240084468 12510719244154868
47543019601664 140733298082464 12510719244155106 12510719248275241 10 10 12510719248275259 12510719252378246
4 60 12510719252378270 12510719256475682 2667321352 4131212846 12510719256475700 12510719260571847
10 47543004094144 12510719260572305 12510719264680314 47543003917195 47543003917195 12510719264680332 12510719268790453
1952205948 0 12510719268790501 12510719272900438 140733298082624 47543004085984 12510719272900456 12510719277022172
47543003917195 47543004093736 12510719277022190 12510719281082136 140733298082352 140733298082432 12510719281082154 12510719285194822
47543021823776 47543004085984 12510719285195339 12510719289286524 47543019601352 47543021824800 12510719289286547 12510719293389716
140733298082208 47543003915348 12510719293389740 12510719297507462 47543003915348 47543021875512 12510719297507480 12510719301592728
47543019601568 47543019609656 12510719301595129 12510719305699010 140733298082624 140733298082704 12510719305699028 12510719309782133

5 140734995009456 12510643721104089 12510643725203621 4 5 12510643725203644 12510643729230043
47626811174656 140734995009440 12510643729230527 12510643733292506 10 10 12510643733292524 12510643737347296
4 60 12510643737347320 12510643741420667 2667321352 4131212846 12510643741420685 12510643745462232
10 47626795658944 12510643745462728 12510643749539597 47626795490187 47626795490187 12510643749539615 12510643753601513
1952205948 0 12510643753601531 12510643757641987 140734995009600 47626795650784 12510643757642005 12510643761737174
47626795490187 47626795658536 12510643761737555 12510643765799608 140734995009328 140734995009408 12510643765799631 12510643769860406
47626813396768 47626795650784 12510643769860424 12510643773881754 47626811174344 47626813397792 12510643773881777 12510643777960634
140734995009184 47626795488340 12510643777963130 12510643782028493 47626795488340 47626813448504 12510643782028516 12510643786080793
47626811174560 47626811182648 12510643786080811 12510643790154871 140734995009600 140734995009680 12510643790154889 12510643794197470

5 140725729046016 12510628629306252 12510628633251010 4 5 12510628633251022 12510628637109010
47432007118592 140725729046000 12510628637109060 12510628641048810 10 10 12510628641048822 12510628645014678
4 60 12510628645015274 12510628648922664 2667321352 4131212846 12510628648922676 12510628652818708
10 47431991602880 12510628652818724 12510628656753210 47431991434123 47431991434123 12510628656753222 12510628660683520
1952205948 0 12510628660684038 12510628664621888 140725729046160 47431991594720 12510628664621900 12510628668520916
47431991434123 47431991602472 12510628668520932 12510628672522576 140725729045888 140725729045968 12510628672522622 12510628676467234
47432009340704 47431991594720 12510628676467776 12510628680437046 47432007118280 47432009341728 12510628680437058 12510628684381018
140725729045744 47431991432276 12510628684381034 12510628688356862 47431991432276 47432009392440 12510628688356874 12510628692288340
47432007118496 47432007126584 12510628692288860 12510628696234890 140725729046160 140725729046240 12510628696234936 12510628700178636

5 140721824278832 12510629793449586 12510629797521020 4 5 12510629797521038 12510629801606669
47797696528128 140721824278816 12510629801606767 12510629805766690 10 10 12510629805766713 12510629809862186
4 60 12510629809862218 12510629813987182 2667321352 4131212846 12510629813987200 12510629818337550
10 47797681012416 12510629818337957 12510629822401834 47797680843659 47797680843659 12510629822401852 12510629826509088
1952205948 0 12510629826509106 12510629830596470 140721824278976 47797681004256 12510629830596493 12510629834936060
47797680843659 47797681012008 12510629834936871 12510629839044595 140721824278704 140721824278784 12510629839044618 12510629843129227
47797698750240 47797681004256 12510629843129254 12510629847243586 47797696527816 47797698751264 12510629847243604 12510629851311579
140721824278560 47797680841812 12510629851312063 12510629855421793 47797680841812 47797698801976 12510629855421816 12510629859504631
47797696528032 47797696536120 12510629859504660 12510629863619489 140721824278976 140721824279056 12510629863619512 12510629867743570

5 140729451802768 12510754725107688 12510754729081252 4 5 12510754729081298 12510754733056310
47279086886656 140729451802752 12510754733056326 12510754737028728 10 10 12510754737028774 12510754741050814
4 60 12510754741051386 12510754745016078 2667321352 4131212846 12510754745016090 12510754749024898
10 47279071370944 12510754749024914 12510754753043334 47279071202187 47279071202187 12510754753043346 12510754757025950
1952205948 0 12510754757026520 12510754761049456 140729451802912 47279071362784 12510754761049468 12510754765055522
47279071202187 47279071370536 12510754765055650 12510754769061206 140729451802640 140729451802720 12510754769061218 12510754773039228
47279089108768 47279071362784 12510754773039244 12510754777068624 47279086886344 47279089109792 12510754777068670 12510754781054258
140729451802496 47279071200340 12510754781056610 12510754785074528 47279071200340 47279089160504 12510754785074540 12510754789097000
47279086886560 47279086894648 12510754789097134 12510754793123690 140729451802912 140729451802992 12510754793123702 12510754797103702

5 140725564175744 12510648396592082 12510648400554610 4 5 12510648400554622 12510648404537834
47006222397184 140725564175728 12510648404537994 12510648408528522 10 10 12510648408528568 12510648412563086
4 60 12510648412563102 12510648416581610 2667321352 4131212846 12510648416581622 12510648420573858
10 47006206881472 12510648420574374 12510648424581612 47006206712715 47006206712715 12510648424581624 12510648428571254
1952205948 0 12510648428571270 12510648432560324 140725564175888 47006206873312 12510648432560370 12510648436548978
47006206712715 47006206881064 12510648436549442 12510648440562248 140725564175616 140725564175696 12510648440562260 12510648444546074
47006224619296 47006206873312 12510648444546090 12510648448569138 47006222396872 47006224620320 12510648448569150 12510648452566170
140725564175472 47006206710868 12510648452566766 12510648456592482 47006206710868 47006224671032 12510648456592494 12510648460603762
47006222397088 47006222405176 12510648460603774 12510648464598822 140725564175888 140725564175968 12510648464598834 12510648468605532

5 140728903133136 12510587488804497 12510587492900222 4 5 12510587492900240 12510587497000859
47098615082752 140728903133120 12510587497001022 12510587501083810 10 10 12510587501083828 12510587505177523
4 60 12510587505177547 12510587509266417 2667321352 4131212846 12510587509266435 12510587513374227
10 47098599567040 12510587513374747 12510587517495036 47098599398283 47098599398283 12510587517495054 12510587521603262
1952205948 0 12510587521603286 12510587525724262 140728903133280 47098599558880 12510587525724280 12510587529814015
47098599398283 47098599566632 12510587529816422 12510587533940268 140728903133008 140728903133088 12510587533940286 12510587538010106
47098617304864 47098599558880 12510587538010130 12510587542144305 47098615082440 47098617305888 12510587542144323 12510587546254911
140728903132864 47098599396436 12510587546255375 12510587550326101 47098599396436 47098617356600 12510587550326119 12510587554411052
47098615082656 47098615090744 12510587554411076 12510587558516883 140728903133280 140728903133360 12510587558516906 12510587562638652

5 140726696670880 12510576380393358 12510576384441526 4 5 12510576384441549 12510576388499549
47846229212928 140726696670864 12510576388499573 12510576392539298 10 10 12510576392539316 12510576396616945
4 60 12510576396617498 12510576400695065 2667321352 4131212846 12510576400695088 12510576404724304
10 47846213697216 12510576404724464 12510576408789548 47846213528459 47846213528459 12510576408789566 12510576412823589
1952205948 0 12510576412823613 12510576416887725 140726696671024 47846213689056 12510576416887743 12510576420933144
47846213528459 47846213696808 12510576420935634 12510576424996739 140726696670752 140726696670832 12510576424996762 12510576429033083
47846231435040 47846213689056 12510576429033112 12510576433085487 47846229212616 47846231436064 12510576433085505 12510576437146185
140726696670608 47846213526612 12510576437148553 12510576441173166 47846213526612 47846231486776 12510576441173184 12510576445241771
47846229212832 47846229220920 12510576445241789 12510576449290387 140726696671024 140726696671104 12510576449290405 12510576453350196

5 140734881001808 12510622716911022 12510622721017206 4 5 12510622721017224 12510622725311895
48006744604416 140734881001792 12510622725312029 12510622729431606 10 10 12510622729431629 12510622733543023
4 60 12510622733543061 12510622737618001 2667321352 4131212846 12510622737618019 12510622741727787
10 48006729088704 12510622741727805 12510622745815427 48006728919947 48006728919947 12510622745815445 12510622749930906
1952205948 0 12510622749933378 12510622754030812 140734881001952 48006729080544 12510622754030830 12510622758126002
48006728919947 48006729088296 12510622758126026 12510622762224660 140734881001680 140734881001760 12510622762224678 12510622766317422
48006746826528 48006729080544 12510622766319915 12510622770418986 48006744604104 48006746827552 12510622770419004 12510622774485018
140734881001536 48006728918100 12510622774485190 12510622778838948 48006728918100 48006746878264 12510622778838966 12510622782998747
48006744604320 48006744612408 12510622782998767 12510622787248462 140734881001952 140734881002032 12510622787248480 12510622791348766

5 140734737539696 12510634536390868 12510634540480460 4 5 12510634540480483 12510634544549997
47109863771904 140734737539680 12510634544550413 12510634548676209 10 10 12510634548676227 12510634552789186
4 60 12510634552789261 12510634556862676 2667321352 4131212846 12510634556862694 12510634560960154
10 47109848256192 12510634560960178 12510634565033080 47109848087435 47109848087435 12510634565033098 12510634569137354
1952205948 0 12510634569137383 12510634573200449 140734737539840 47109848248032 12510634573200467 12510634577315922
47109848087435 47109848255784 12510634577318472 12510634581434828 140734737539568 140734737539648 12510634581434851 12510634585508303
47109865994016 47109848248032 12510634585508549 12510634589627573 47109863771592 47109865995040 12510634589627591 12510634594515401
140734737539424 47109848085588 12510634594515419 12510634598565580 47109848085588 47109866045752 12510634598565598 12510634602659614
47109863771808 47109863779896 12510634602659662 12510634606760566 140734737539840 140734737539920 12510634606760584 12510634610881652

5 140736369733152 12510677636079040 12510677640164828 4 5 12510677640164846 12510677644260286
47317159022336 140736369733136 12510677644260785 12510677648339228 10 10 12510677648339246 12510677652490525
4 60 12510677652490742 12510677656569040 2667321352 4131212846 12510677656569063 12510677660668868
10 47317143506624 12510677660668892 12510677664799148 47317143337867 47317143337867 12510677664799166 12510677668872076
1952205948 0 12510677668872647 12510677672989650 140736369733296 47317143498464 12510677672989668 12510677677090177
47317143337867 47317143506216 12510677677090385 12510677681343884 140736369733024 140736369733104 12510677681343902 12510677685536956
47317161244448 47317143498464 12510677685537012 12510677689625434 47317159022024 47317161245472 12510677689625457 12510677693734168
140736369732880 47317143336020 12510677693734191 12510677697819273 47317143336020 47317161296184 12510677697819296 12510677701932042
47317159022240 47317159030328 12510677701932098 12510677705996742 140736369733296 140736369733376 12510677705996760 12510677710129931

5 140721913392272 3145933966601631 3145933970698351 4 5 3145933970698369 3145933974782713
47892896972544 140721913392256 3145933974783201 3145933978892300 10 10 3145933978892318 3145933982976763
4 60 3145933982976933 3145933987099781 2667321352 4131212846 3145933987099799 3145933991184423
10 47892881456832 3145933991184524 3145933995302514 47892881288075 47892881288075 3145933995302537 3145933999411770
1952205948 0 3145933999411788 3145934003474866 140721913392416 47892881448672 3145934003474884 3145934007575010
47892881288075 47892881456424 3145934007575405 3145934011678077 140721913392144 140721913392224 3145934011678095 3145934015776759
47892899194656 47892881448672 3145934015776940 3145934019858512 47892896972232 47892899195680 3145934019858530 3145934023935410
140721913392000 47892881286228 3145934023935482 3145934028331282 47892881286228 47892899246392 3145934028331300 3145934032566783
47892896972448 47892896980536 3145934032566938 3145934036665783 140721913392416 140721913392496 3145934036665801 3145934040747082

5 140736108170768 12510652122676384 12510652126704979 4 5 12510652126704997 12510652130758391
47391018811136 140736108170752 12510652130758415 12510652134809842 10 10 12510652134809865 12510652138895586
4 60 12510652138895737 12510652142960773 2667321352 4131212846 12510652142960791 12510652146986221
10 47391003295424 12510652146986331 12510652151059093 47391003126667 47391003126667 12510652151059111 12510652155100149
1952205948 0 12510652155100173 12510652159172552 140736108170912 47391003287264 12510652159172570 12510652163230816
47391003126667 47391003295016 12510652163231288 12510652167293353 140736108170640 140736108170720 12510652167293371 12510652171359658
47391021033248 47391003287264 12510652171359676 12510652175384636 47391018810824 47391021034272 12510652175384654 12510652179455199
140736108170496 47391003124820 12510652179455217 12510652183504481 47391003124820 47391021084984 12510652183504499 12510652187589363
47391018811040 47391018819128 12510652187589387 12510652191619259 140736108170912 140736108170992 12510652191619277 12510652196428966

5 140722265087296 12510601836745865 12510601840802635 4 5 12510601840802658 12510601844898235
47394947555072 140722265087280 12510601844898372 12510601849723614 10 10 12510601849723626 12510601853819602
4 60 12510601853819852 12510601857858100 2667321352 4131212846 12510601857858112 12510601861850480
10 47394932039360 12510601861850586 12510601865835506 47394931870603 47394931870603 12510601865835518 12510601869839722
1952205948 0 12510601869839846 12510601873814068 140722265087440 47394932031200 12510601873814080 12510601877835478
47394931870603 47394932038952 12510601877835490 12510601881997096 140722265087168 140722265087248 12510601881997108 12510601886037528
47394949777184 47394932031200 12510601886039908 12510601890009902 47394947554760 47394949778208 12510601890009914 12510601894054392
140722265087024 47394931868756 12510601894054438 12510601898021042 47394931868756 47394949828920 12510601898021054 12510601902013574
47394947554976 47394947563064 12510601902016050 12510601905989576 140722265087440 140722265087520 12510601905989588 12510601910028744

5 140723489905168 12510578031723221 12510578035791740 4 5 12510578035791758 12510578039897104
47057206996736 140723489905152 12510578039897273 12510578044001556 10 10 12510578044001574 12510578048119365
4 60 12510578048119389 12510578052237304 2667321352 4131212846 12510578052237322 12510578056326002
10 47057191481024 12510578056328447 12510578060451789 47057191312267 47057191312267 12510578060451807 12510578064547425
1952205948 0 12510578064547443 12510578068636901 140723489905312 47057191472864 12510578068636919 12510578072785746
47057191312267 47057191480616 12510578072786138 12510578076859432 140723489905040 140723489905120 12510578076859450 12510578080990172
47057209218848 47057191472864 12510578080990190 12510578085059446 47057206996424 47057209219872 12510578085059464 12510578089178363
140723489904896 47057191310420 12510578089178904 12510578094036470 47057191310420 47057209270584 12510578094036488 12510578098118292
47057206996640 47057207004728 12510578098118429 12510578102210000 140723489905312 140723489905392 12510578102210023 12510578106322870

5 140720482894480 12510640144802280 12510640148942814 4 5 12510640148942832 12510640153077724
47961822453504 140720482894464 12510640153077880 12510640157199709 10 10 12510640157199727 12510640162091916
4 60 12510640162093091 12510640166188164 2667321352 4131212846 12510640166188184 12510640170276508
10 47961806937792 12510640170276528 12510640174443299 47961806769035 47961806769035 12510640174443317 12510640178560414
1952205948 0 12510640178562786 12510640182633172 140720482894624 47961806929632 12510640182633190 12510640186772687
47961806769035 47961806937384 12510640186772745 12510640190854092 140720482894352 140720482894432 12510640190854112 12510640194974442
47961824675616 47961806929632 12510640194974462 12510640199060443 47961822453192 47961824676640 12510640199060463 12510640203203529
140720482894208 47961806767188 12510640203205961 12510640207320213 47961806767188 47961824727352 12510640207320233 12510640211424607
47961822453408 47961822461496 12510640211425113 12510640215556137 140720482894624 140720482894704 12510640215556155 12510640219685732

5 140736321079440 12510618839579338 12510618843552764 4 5 12510618843552776 12510618847500720
47466688589568 140736321079424 12510618847500882 12510618851429162 10 10 12510618851429174 12510618856182582
4 60 12510618856184268 12510618860148262 2667321352 4131212846 12510618860148308 12510618864059134
10 47466673073856 12510618864059150 12510618868391356 47466672905099 47466672905099 12510618868391368 12510618872327460
1952205948 0 12510618872327848 12510618876266588 140736321079584 47466673065696 12510618876266600 12510618880230458
47466672905099 47466673073448 12510618880230504 12510618884186996 140736321079312 140736321079392 12510618884187008 12510618888170124
47466690811680 47466673065696 12510618888170510 12510618892157332 47466688589256 47466690812704 12510618892157344 12510618896168764
140736321079168 47466672903252 12510618896168836 12510618900099094 47466672903252 47466690863416 12510618900099106 12510618904071088
47466688589472 47466688597560 12510618904071100 12510618908018518 140736321079584 140736321079664 12510618908018530 12510618911980906

5 140730203759120 12510539901857826 12510539905899926 4 5 12510539905899949 12510539909957593
46942243561216 140730203759104 12510539909957667 12510539914035132 10 10 12510539914035150 12510539918083936
4 60 12510539918084126 12510539922142060 2667321352 4131212846 12510539922142078 12510539926195279
10 46942228045504 12510539926195303 12510539930270513 46942227876747 46942227876747 12510539930270531 12510539934314030
1952205948 0 12510539934314520 12510539938389175 140730203759264 46942228037344 12510539938389193 12510539942639298
46942227876747 46942228045096 12510539942639337 12510539946691745 140730203758992 140730203759072 12510539946691768 12510539950760822
46942245783328 46942228037344 12510539950760840 12510539954808083 46942243560904 46942245784352 12510539954808101 12510539958866754
140730203758848 46942227874900 12510539958869197 12510539962920386 46942227874900 46942245835064 12510539962920404 12510539966985963
46942243561120 46942243569208 12510539966985981 12510539971030217 140730203759264 140730203759344 12510539971030235 12510539975085640

5 140727313981792 12510666977419887 12510666981519879 4 5 12510666981519897 12510666985605932
47774888185600 140727313981776 12510666985605956 12510666989725185 10 10 12510666989725203 12510666993827834
4 60 12510666993830276 12510666997945919 2667321352 4131212846 12510666997945942 12510667002279444
10 47774872669888 12510667002279474 12510667006350352 47774872501131 47774872501131 12510667006350370 12510667010450076
1952205948 0 12510667010450094 12510667014531916 140727313981936 47774872661728 12510667014531934 12510667018656101
47774872501131 47774872669480 12510667018658529 12510667022723161 140727313981664 140727313981744 12510667022723179 12510667026981500
47774890407712 47774872661728 12510667026981518 12510667031179166 47774888185288 47774890408736 12510667031179184 12510667035264907
140727313981520 47774872499284 12510667035265475 12510667039382211 47774872499284 47774890459448 12510667039382234 12510667043465426
47774888185504 47774888193592 12510667043465444 12510667047589784 140727313981936 140727313982016 12510667047589802 12510667051735949
