25 47
12510738597652340 12510738597660706 12510738600613336 12510738604206554 12510738604206566 12510738604216382 12510738607322674 12510738610890384
12510738610890858 12510738610901128 12510738613896814 12510738617474354 12510738617474366 12510738617486536 12510738620599090 12510738624157916
12510738624158414 12510738624168528 12510738627760372 12510738631330188 12510738631330200 12510738631340926 12510738634486376 12510738638082506
12510738638083012 12510738638092360 12510738641179972 12510738644728082 12510738644728094 12510738644738084 12510738647672546 12510738651253676
12510738651253784 12510738651261264 12510738654140832 12510738657731538 12510738657731550 12510738657744344 12510738661962684 12510738665627826
12510738665628028 12510738665638342 12510738668926522 12510738672481632 12510738672481644 12510738672491852 12510738675670628 12510738679244958
12510738679245418 12510738679256750 12510738682345646 12510738685913956 12510738685913968 12510738685924904 12510738688795490 12510738692533148
12510738692533550 12510738692545314 12510738695594084 12510738699156912 12510738699156924 12510738699168026 12510738702133326 12510738705706848
12510738705706946 12510738705718806 12510738710128166 12510738713709322 12510738713709334 12510738713722130 12510738716959678 12510738720537954

12510783555773334 12510783555782672 12510783558783376 12510783562421912 12510783562421932 12510783562434104 12510783565558892 12510783569106658
12510783569106784 12510783569117964 12510783572383988 12510783575964642 12510783575964688 12510783575976160 12510783578831562 12510783582410866
12510783582411074 12510783582427454 12510783585843126 12510783589538168 12510783589538180 12510783589551288 12510783592840782 12510783596400400
12510783596400812 12510783596413232 12510783599447098 12510783603025186 12510783603025198 12510783603035432 12510783605728652 12510783609314310
12510783609314784 12510783609327276 12510783612776988 12510783616528256 12510783616528278 12510783616538728 12510783620626308 12510783624183556
12510783624183964 12510783624195276 12510783627145430 12510783630702750 12510783630702762 12510783630715790 12510783633796744 12510783637372922
12510783637373332 12510783637385326 12510783640343268 12510783643915388 12510783643915434 12510783643928356 12510783646848282 12510783650457128
12510783650457502 12510783650468516 12510783653682330 12510783657252728 12510783657252740 12510783657263352 12510783660383978 12510783663939484
12510783663939546 12510783663949684 12510783667966406 12510783671519240 12510783671519252 12510783671532940 12510783675524296 12510783679094210

12510701246070430 12510701246078446 12510701249309604 12510701252918872 12510701252918918 12510701252929068 12510701255747840 12510701259333900
12510701259334190 12510701259343890 12510701262652410 12510701266221514 12510701266221560 12510701266233568 12510701269131496 12510701272700904
12510701272701206 12510701272711526 12510701276458526 12510701280012274 12510701280012286 12510701280022788 12510701283022402 12510701286581498
12510701286581796 12510701286597786 12510701289586896 12510701293132252 12510701293132264 12510701293142358 12510701296360968 12510701300183832
12510701300184440 12510701300194880 12510701303653154 12510701308029080 12510701308030636 12510701308049282 12510701311149314 12510701314684158
12510701314684348 12510701314695778 12510701317685066 12510701321254962 12510701321254974 12510701321265666 12510701324215210 12510701327775018
12510701327775152 12510701327786168 12510701330490770 12510701334065246 12510701334065258 12510701334075740 12510701337459072 12510701340998030
12510701340998602 12510701341008072 12510701344351598 12510701347919548 12510701347919594 12510701347931268 12510701352247714 12510701355785636
12510701355785854 12510701355794910 12510701358829830 12510701362564798 12510701362564826 12510701362577514 12510701365481376 12510701369038388

12510729015794376 12510729015801972 12510729019051072 12510729022645620 12510729022645632 12510729022658226 12510729025690672 12510729029265086
12510729029265384 12510729029275776 12510729032372482 12510729035930004 12510729035930016 12510729035941238 12510729038985238 12510729042541402
12510729042541508 12510729042552198 12510729045401874 12510729048965372 12510729048965384 12510729048974418 12510729052594320 12510729056181580
12510729056181714 12510729056191040 12510729059316390 12510729062882548 12510729062882560 12510729062893640 12510729066107442 12510729070619502
12510729070619826 12510729070637066 12510729073514168 12510729077126062 12510729077126094 12510729077137308 12510729080892208 12510729084477070
12510729084477210 12510729084488320 12510729087326142 12510729090916356 12510729090916368 12510729090925540 12510729093920534 12510729097508810
12510729097508822 12510729097519226 12510729100551322 12510729104215566 12510729104215640 12510729104229832 12510729107204348 12510729110772760
12510729110772898 12510729110781208 12510729115486152 12510729119054614 12510729119054626 12510729119064914 12510729121983104 12510729125536070
12510729125536312 12510729125547078 12510729128550508 12510729132111590 12510729132111602 12510729132122304 12510729135095026 12510729138689480

12510728349614869 12510728349623561 12510728352413129 12510728356142267 12510728356142287 12510728356153187 12510728359402247 12510728363125845
12510728363126734 12510728363138854 12510728366072721 12510728369780933 12510728369780951 12510728369789791 12510728372692894 12510728376373080
12510728376373445 12510728376384365 12510728379654767 12510728383393502 12510728383393558 12510728383408023 12510728386346386 12510728390029222
12510728390029783 12510728390039215 12510728393153605 12510728396817869 12510728396817887 12510728396827794 12510728399633842 12510728403328572
12510728403329072 12510728403340922 12510728407230132 12510728411109279 12510728411109338 12510728411121533 12510728414218412 12510728417896512
12510728417896768 12510728417908098 12510728420930397 12510728424615973 12510728424615991 12510728424625737 12510728427742569 12510728431420571
12510728431421058 12510728431431877 12510728434324085 12510728438005272 12510728438005295 12510728438016896 12510728441038301 12510728444720189
12510728444720296 12510728444728913 12510728447749712 12510728451416942 12510728451416960 12510728451428644 12510728455780036 12510728459662478
12510728459662636 12510728459674064 12510728462282113 12510728466076189 12510728466076209 12510728466086872 12510728469129132 12510728472783454

12510756603429588 12510756603437388 12510756606607808 12510756610215002 12510756610215048 12510756610225774 12510756613366092 12510756616927542
12510756616927998 12510756616938914 12510756620473716 12510756624025354 12510756624025366 12510756624034726 12510756627093436 12510756630657740
12510756630657834 12510756630668554 12510756633862994 12510756637425330 12510756637425342 12510756637436172 12510756640647036 12510756644218528
12510756644218692 12510756644227648 12510756647324052 12510756650870538 12510756650870550 12510756650881084 12510756654385418 12510756657950002
12510756657950424 12510756657960206 12510756660879852 12510756664473552 12510756664473572 12510756664486324 12510756667728964 12510756671301220
12510756671301418 12510756671312394 12510756674924093 12510756678662830 12510756678662842 12510756678674930 12510756681695044 12510756685267670
12510756685268202 12510756685277448 12510756688387486 12510756692129028 12510756692129040 12510756692138252 12510756695071622 12510756698901050
12510756698901194 12510756698911660 12510756701976478 12510756705526816 12510756705526828 12510756705537662 12510756708925774 12510756712635494
12510756712635632 12510756712645330 12510756715752790 12510756719496012 12510756719496066 12510756719506042 12510756723377896 12510756726975950

12510744221278414 12510744221288126 12510744224451361 12510744228214093 12510744228214113 12510744228225657 12510744231472465 12510744235280509
12510744235280673 12510744235292186 12510744238320004 12510744242061066 12510744242061086 12510744242071868 12510744245105582 12510744248853179
12510744248853630 12510744248864997 12510744251831860 12510744255578379 12510744255578397 12510744255589172 12510744258631522 12510744262356085
12510744262356198 12510744262365243 12510744265432547 12510744269181721 12510744269181741 12510744269193135 12510744272125216 12510744275897784
12510744275897963 12510744275907202 12510744278871519 12510744282606489 12510744282606509 12510744282617510 12510744285578852 12510744289509174
12510744289509486 12510744289522809 12510744292626611 12510744296402123 12510744296402141 12510744296410989 12510744299386617 12510744303149643
12510744303149860 12510744303160578 12510744306236288 12510744309973277 12510744309973297 12510744309983729 12510744313118982 12510744316860385
12510744316860582 12510744316872605 12510744320065925 12510744323800152 12510744323800172 12510744323811211 12510744326772068 12510744330532702
12510744330533176 12510744330542960 12510744334399318 12510744338187908 12510744338187937 12510744338199166 12510744341156524 12510744345586052

12510668706256043 12510668706263915 12510668709556922 12510668713345671 12510668713345691 12510668713357582 12510668716468312 12510668720208137
12510668720208296 12510668720218260 12510668723318390 12510668727074289 12510668727074307 12510668727086374 12510668729991452 12510668733721429
12510668733721857 12510668733731864 12510668736716118 12510668740468620 12510668740468640 12510668740478511 12510668743626814 12510668747408849
12510668747409002 12510668747423891 12510668750428440 12510668754188060 12510668754188080 12510668754197385 12510668757116163 12510668760859183
12510668760859368 12510668760868465 12510668763886956 12510668767650721 12510668767650739 12510668767663999 12510668770575684 12510668774413867
12510668774414101 12510668774426446 12510668777573364 12510668781331136 12510668781331156 12510668781341663 12510668784115320 12510668787851843
12510668787852349 12510668787865256 12510668791232297 12510668794990484 12510668794990504 12510668795001101 12510668798115794 12510668802070033
12510668802070200 12510668802079725 12510668804956405 12510668808694165 12510668808694183 12510668808705510 12510668812138842 12510668815899173
12510668815899349 12510668815910783 12510668818742050 12510668822503401 12510668822503421 12510668822512778 12510668826047652 12510668829804984

12510653614436246 12510653614444152 12510653618059916 12510653621661092 12510653621661104 12510653621672366 12510653624557058 12510653628039176
12510653628039360 12510653628050156 12510653631338246 12510653634842540 12510653634842552 12510653634853000 12510653638148892 12510653641653252
12510653641653974 12510653641664492 12510653644460154 12510653647963924 12510653647963936 12510653647972816 12510653651357702 12510653654862822
12510653654862938 12510653654871770 12510653657981842 12510653661607236 12510653661607248 12510653661618436 12510653665113468 12510653668599060
12510653668599488 12510653668608486 12510653671801224 12510653675303934 12510653675303946 12510653675314838 12510653678632446 12510653682107300
12510653682107702 12510653682117902 12510653685754502 12510653689247544 12510653689247556 12510653689255456 12510653692659422 12510653696120486
12510653696120664 12510653696129756 12510653699248880 12510653702724914 12510653702724960 12510653702733940 12510653706014804 12510653709464362
12510653709464498 12510653709473580 12510653713562652 12510653717032766 12510653717032778 12510653717044880 12510653719798284 12510653723267154
12510653723267562 12510653723276334 12510653726778640 12510653730445132 12510653730445160 12510653730455758 12510653733641036 12510653737097262

12510654778592956 12510654778602162 12510654782125102 12510654785849761 12510654785849815 12510654785861314 12510654788725753 12510654792414357
12510654792414936 12510654792426356 12510654795307854 12510654799002118 12510654799002136 12510654799013493 12510654802140470 12510654805824985
12510654805825234 12510654805834784 12510654808725830 12510654812409578 12510654812409596 12510654812419714 12510654815451519 12510654819142607
12510654819142850 12510654819154905 12510654822460859 12510654826138022 12510654826138040 12510654826148951 12510654829060451 12510654832753913
12510654832753969 12510654832762821 12510654835854847 12510654839649088 12510654839649139 12510654839666123 12510654842883287 12510654846663159
12510654846663396 12510654846674881 12510654850137120 12510654853828045 12510654853828063 12510654853842593 12510654856796260 12510654860481435
12510654860481890 12510654860494260 12510654863528526 12510654867221288 12510654867221334 12510654867230510 12510654870134794 12510654873708250
12510654873708696 12510654873720534 12510654877030138 12510654880740226 12510654880740238 12510654880750320 12510654884095276 12510654887758130
12510654887758591 12510654887768842 12510654890944494 12510654894734172 12510654894735880 12510654894749514 12510654897966847 12510654901693422

12510779710492526 12510779710506860 12510779713556196 12510779717094384 12510779717094430 12510779717105684 12510779720261446 12510779723909914
12510779723910110 12510779723919862 12510779726889482 12510779730365378 12510779730365390 12510779730375898 12510779733830118 12510779737319220
12510779737319416 12510779737330986 12510779740612258 12510779744092328 12510779744092340 12510779744102736 12510779747267486 12510779750759978
12510779750760194 12510779750770466 12510779753926562 12510779757392800 12510779757392812 12510779757404054 12510779761107458 12510779764587800
12510779764588170 12510779764596770 12510779767497932 12510779771101106 12510779771101118 12510779771114726 12510779774347394 12510779777853632
12510779777854346 12510779777864160 12510779781594976 12510779785115540 12510779785115552 12510779785124710 12510779787966910 12510779791491580
12510779791491704 12510779791501336 12510779794790540 12510779798293528 12510779798293574 12510779798304002 12510779801674670 12510779805191306
12510779805191428 12510779805200454 12510779808414670 12510779811962242 12510779811962288 12510779811973460 12510779816281030 12510779819860633
12510779819860865 12510779819869696 12510779823400538 12510779827062110 12510779827062176 12510779827075186 12510779830381168 12510779833885590

12510673381776972 12510673381784020 12510673384873262 12510673388456010 12510673388456022 12510673388467928 12510673391706904 12510673395280034
12510673395280608 12510673395290434 12510673398406476 12510673401968668 12510673401968680 12510673401980498 12510673405578416 12510673409140006
12510673409140372 12510673409151322 12510673412144240 12510673415722122 12510673415722134 12510673415731162 12510673418885322 12510673422425004
12510673422425416 12510673422437376 12510673425499694 12510673429044668 12510673429044714 12510673429054326 12510673432212360 12510673435779024
12510673435779688 12510673435788724 12510673439126994 12510673442675034 12510673442675046 12510673442686386 12510673445899604 12510673449484002
12510673449484472 12510673449495112 12510673452740926 12510673456301822 12510673456301868 12510673456310828 12510673459354302 12510673462935942
12510673462936138 12510673462946892 12510673466322160 12510673469893526 12510673469893538 12510673469902996 12510673473012478 12510673476579192
12510673476579370 12510673476589498 12510673480464302 12510673484035346 12510673484035358 12510673484046168 12510673488378964 12510673491939084
12510673491939506 12510673491948750 12510673494986558 12510673498551264 12510673498551276 12510673498560526 12510673501852146 12510673505413840

12510612473862523 12510612473870409 12510612476958440 12510612480683164 12510612480683182 12510612480696087 12510612483799397 12510612487673043
12510612487673563 12510612487684067 12510612490718537 12510612494524408 12510612494524426 12510612494534850 12510612497602224 12510612501271528
12510612501272140 12510612501283028 12510612504236953 12510612508093686 12510612508093704 12510612508103840 12510612510964354 12510612514652636
12510612514652776 12510612514664151 12510612517695379 12510612521375104 12510612521375122 12510612521385688 12510612524545986 12510612528206959
12510612528207074 12510612528216387 12510612531267572 12510612534959400 12510612534959418 12510612534968463 12510612538083296 12510612541881527
12510612541881777 12510612541892765 12510612544816514 12510612548492979 12510612548492997 12510612548502687 12510612551452496 12510612555152756
12510612555152807 12510612555161498 12510612558079411 12510612561801260 12510612561801532 12510612561812020 12510612565381564 12510612568926416
12510612568926742 12510612568936244 12510612573632662 12510612577174654 12510612577174666 12510612577184746 12510612580382760 12510612583948688
12510612583948724 12510612583957796 12510612587329770 12510612591014892 12510612591014926 12510612591025380 12510612594126762 12510612597692956

12510601365448872 12510601365457810 12510601368575100 12510601372161176 12510601372161222 12510601372172572 12510601375582536 12510601379173238
12510601379173474 12510601379184976 12510601382329086 12510601386019446 12510601386019538 12510601386036384 12510601389245980 12510601392822782
12510601392823014 12510601392833616 12510601395640038 12510601399213984 12510601399213996 12510601399224710 12510601402509256 12510601406072554
12510601406072850 12510601406084066 12510601409178830 12510601412768658 12510601412768670 12510601412778326 12510601415899090 12510601419472094
12510601419472378 12510601419483440 12510601422444526 12510601426033338 12510601426033740 12510601426044402 12510601429647784 12510601433222174
12510601433222378 12510601433232958 12510601436162298 12510601439727272 12510601439727318 12510601439738700 12510601442796612 12510601446366574
12510601446367520 12510601446377844 12510601450753146 12510601454330494 12510601454330506 12510601454340188 12510601458692046 12510601462264686
12510601462265160 12510601462276384 12510601464847806 12510601468418218 12510601468418230 12510601468428560 12510601471881414 12510601475429950
12510601475430770 12510601475440956 12510601478685670 12510601482257336 12510601482257348 12510601482269914 12510601485590584 12510601489253512

12510647702064009 12510647702076013 12510647705095808 12510647708799025 12510647708799043 12510647708811086 12510647712042274 12510647715898522
12510647715899060 12510647715909992 12510647718944165 12510647722655126 12510647722655144 12510647722665048 12510647725740117 12510647729437210
12510647729437370 12510647729447853 12510647732272024 12510647735973018 12510647735973036 12510647735983023 12510647738743721 12510647742422097
12510647742422703 12510647742433656 12510647745430294 12510647749114399 12510647749114417 12510647749124038 12510647752011257 12510647755712626
12510647755713374 12510647755723388 12510647759048800 12510647762929545 12510647762929563 12510647762943330 12510647765996106 12510647769809511
12510647769810301 12510647769822089 12510647772768367 12510647776452368 12510647776452386 12510647776461520 12510647779862391 12510647783553515
12510647783554308 12510647783566099 12510647786832762 12510647790530830 12510647790530848 12510647790544371 12510647793633486 12510647797326086
12510647797326874 12510647797336085 12510647801593019 12510647805393990 12510647805394002 12510647805405948 12510647808379526 12510647811967548
12510647811970120 12510647811980980 12510647814936480 12510647818513468 12510647818513480 12510647818524870 12510647821572146 12510647825153264

12510659521572528 12510659521580450 12510659524591044 12510659528201484 12510659528201496 12510659528211970 12510659531143442 12510659534712528
12510659534712922 12510659534724792 12510659538199282 12510659541760378 12510659541760390 12510659541770580 12510659545474020 12510659549046334
12510659549046506 12510659549056510 12510659552043154 12510659555596728 12510659555596740 12510659555606860 12510659558770400 12510659562348096
12510659562348182 12510659562362744 12510659565496032 12510659569037048 12510659569037094 12510659569046476 12510659572160392 12510659575695392
12510659575696426 12510659575704394 12510659578892954 12510659582443826 12510659582443838 12510659582454870 12510659586026570 12510659590367992
12510659590368160 12510659590387638 12510659593258150 12510659596848158 12510659596848204 12510659596857630 12510659600001392 12510659603574126
12510659603576590 12510659603585576 12510659606753790 12510659610432388 12510659610432410 12510659610441460 12510659613611192 12510659617165216
12510659617165518 12510659617175482 12510659621161348 12510659624735718 12510659624735730 12510659624744340 12510659628538306 12510659632084488
12510659632084964 12510659632097564 12510659635356038 12510659638910856 12510659638910902 12510659638924636 12510659641905424 12510659645458492

12510702621357803 12510702621365618 12510702624383359 12510702628091669 12510702628091687 12510702628102690 12510702631262989 12510702634910010
12510702634910203 12510702634921726 12510702638045141 12510702641719874 12510702641719897 12510702641732544 12510702644838432 12510702648520645
12510702648521105 12510702648531544 12510702651843370 12510702655523666 12510702655523684 12510702655534583 12510702658505319 12510702662182640
12510702662183080 12510702662193311 12510702665504041 12510702669189979 12510702669189997 12510702669199547 12510702672021711 12510702675689319
12510702675689907 12510702675698705 12510702678826583 12510702682502796 12510702682502814 12510702682515737 12510702685916213 12510702689599703
12510702689599952 12510702689609568 12510702692954645 12510702696624392 12510702696624415 12510702696634803 12510702700251359 12510702703909066
12510702703909229 12510702703919439 12510702706859649 12510702710585141 12510702710585161 12510702710595399 12510702713841763 12510702717706065
12510702717706285 12510702717717003 12510702721561503 12510702725226614 12510702725226632 12510702725237234 12510702728399238 12510702732156247
12510702732156580 12510702732164713 12510702735108560 12510702738793239 12510702738793257 12510702738805196 12510702741879330 12510702745708728

3145958951818181 3145958951826792 3145958954862943 3145958958569898 3145958958569916 3145958958583189 3145958961708138 3145958965378060
3145958965378619 3145958965390742 3145958968581519 3145958972289600 3145958972289642 3145958972301486 3145958975486456 3145958979159617
3145958979160084 3145958979171426 3145958982247502 3145958985928044 3145958985928062 3145958985940203 3145958989235399 3145958992919643
3145958992920383 3145958992931948 3145958995988784 3145958999809299 3145958999809322 3145958999821170 3145959002750178 3145959006446873
3145959006447414 3145959006458970 3145959009501736 3145959013176546 3145959013176564 3145959013189122 3145959016376219 3145959020055445
3145959020056224 3145959020068451 3145959023148111 3145959026825120 3145959026825138 3145959026835630 3145959030618066 3145959034295366
3145959034295922 3145959034309554 3145959037854154 3145959041510910 3145959041510933 3145959041521574 3145959045255153 3145959049107019
3145959049107804 3145959049117984 3145959052099352 3145959055799906 3145959055799924 3145959055811040 3145959058938273 3145959062636061
3145959062636825 3145959062647180 3145959065589700 3145959069273888 3145959069273906 3145959069286793 3145959072305484 3145959075983798

12510677107916728 12510677107924918 12510677110889432 12510677114653183 12510677114653203 12510677114664632 12510677117822728 12510677121584070
12510677121584535 12510677121596399 12510677124781180 12510677128516938 12510677128516958 12510677128527352 12510677131897640 12510677135637728
12510677135638531 12510677135649625 12510677138534218 12510677142330016 12510677142330062 12510677142340924 12510677145349699 12510677149114577
12510677149115201 12510677149128189 12510677152103251 12510677155848482 12510677155848502 12510677155858887 12510677158865285 12510677162639089
12510677162639846 12510677162648594 12510677165608064 12510677169474885 12510677169474943 12510677169488668 12510677172482450 12510677176223243
12510677176223396 12510677176235018 12510677179261320 12510677183007908 12510677183007926 12510677183018161 12510677186691883 12510677191169764
12510677191169933 12510677191190068 12510677193947550 12510677198566578 12510677198567196 12510677198583298 12510677201299766 12510677204859284
12510677204859484 12510677204869238 12510677207896050 12510677211460906 12510677211460918 12510677211474380 12510677214668460 12510677218255916
12510677218256152 12510677218266744 12510677221256154 12510677224840578 12510677224840590 12510677224854850 12510677228411044 12510677231960608

12510626821895779 12510626821904053 12510626824872886 12510626828628257 12510626828628277 12510626828639544 12510626831570056 12510626835338438
12510626835338591 12510626835348988 12510626838639886 12510626842388936 12510626842388956 12510626842402378 12510626845926110 12510626849498402
12510626849498528 12510626849510674 12510626852478992 12510626856043682 12510626856043694 12510626856054788 12510626859060434 12510626862646342
12510626862647108 12510626862658356 12510626866018696 12510626869575082 12510626869575094 12510626869585752 12510626872530492 12510626876105452
12510626876106026 12510626876115594 12510626879375584 12510626882953482 12510626882953494 12510626882965638 12510626886359974 12510626889963966
12510626889964492 12510626889974324 12510626893526648 12510626897074884 12510626897074896 12510626897084802 12510626900192742 12510626903742742
12510626903743086 12510626903754056 12510626907711036 12510626911275320 12510626911275332 12510626911286152 12510626915173098 12510626918993030
12510626918993204 12510626919003374 12510626921795874 12510626925365364 12510626925365376 12510626925376842 12510626928330086 12510626931885680
12510626931885904 12510626931895016 12510626935543994 12510626939118802 12510626939118848 12510626939129768 12510626942159128 12510626945909260

12510603016831984 12510603016843974 12510603019912378 12510603023617354 12510603023617372 12510603023628640 12510603026559906 12510603030439263
12510603030439534 12510603030451125 12510603033447445 12510603037131987 12510603037132005 12510603037144440 12510603040184207 12510603043864781
12510603043865153 12510603043876100 12510603047389912 12510603051074724 12510603051074742 12510603051085671 12510603054187997 12510603057864961
12510603057865529 12510603057877614 12510603060722138 12510603064438165 12510603064438213 12510603064448108 12510603067529316 12510603071215391
12510603071215828 12510603071225871 12510603074196230 12510603077874552 12510603077874570 12510603077886352 12510603080967795 12510603084654963
12510603084655121 12510603084666507 12510603087980788 12510603091550830 12510603091550842 12510603091561336 12510603094775972 12510603098344644
12510603098345252 12510603098355134 12510603101472854 12510603105044746 12510603105044792 12510603105054726 12510603108319804 12510603111864170
12510603111864844 12510603111874910 12510603115440434 12510603119098616 12510603119098628 12510603119108354 12510603122888748 12510603126522684
12510603126522842 12510603126532894 12510603129574036 12510603133282086 12510603133282166 12510603133294678 12510603136718586 12510603140288070

12510665130045850 12510665130053442 12510665133029770 12510665136631698 12510665136631990 12510665136642198 12510665139621910 12510665143166842
12510665143167356 12510665143177468 12510665146485698 12510665150052680 12510665150052780 12510665150064636 12510665153299264 12510665157650008
12510665157650720 12510665157668600 12510665160860798 12510665164420356 12510665164420368 12510665164429952 12510665167433348 12510665171068608
12510665171068964 12510665171079162 12510665174007932 12510665177572814 12510665177572826 12510665177581674 12510665180707790 12510665184282424
12510665184282610 12510665184292772 12510665187403086 12510665190990328 12510665190990340 12510665191001340 12510665194027924 12510665197853780
12510665197854268 12510665197864994 12510665200911604 12510665204462476 12510665204462488 12510665204471456 12510665207879470 12510665211435748
12510665211436180 12510665211447492 12510665214971672 12510665218542192 12510665218542204 12510665218551440 12510665221683032 12510665225246478
12510665225246600 12510665225261066 12510665228743934 12510665232307316 12510665232307328 12510665232317630 12510665236218682 12510665239767058
12510665239767104 12510665239775156 12510665243006426 12510665246555708 12510665246555720 12510665246566522 12510665250285912 12510665253834286

12510643824777178 12510643824784522 12510643827701010 12510643831273248 12510643831273294 12510643831285666 12510643834207394 12510643838004096
12510643838004232 12510643838014896 12510643841265736 12510643844814724 12510643844814736 12510643844825448 12510643848214158 12510643852512492
12510643852513264 12510643852528106 12510643855604636 12510643859154912 12510643859154958 12510643859164318 12510643862156562 12510643865698942
12510643865699148 12510643865710162 12510643868751184 12510643872308686 12510643872308698 12510643872318926 12510643875453444 12510643879016154
12510643879018892 12510643879029172 12510643882155998 12510643885696898 12510643885696910 12510643885708648 12510643888722650 12510643892309236
12510643892309390 12510643892321374 12510643896006740 12510643899580906 12510643899580918 12510643899589214 12510643902525106 12510643906086146
12510643906086362 12510643906099066 12510643909703730 12510643913277330 12510643913277342 12510643913286082 12510643916875704 12510643920432948
12510643920433230 12510643920443674 12510643924529170 12510643928084646 12510643928084658 12510643928095560 12510643931281620 12510643934832012
12510643934832500 12510643934840920 12510643938361296 12510643942012340 12510643942012386 12510643942022704 12510643944915156 12510643948463298

12510564886902342 12510564886911984 12510564889885656 12510564893460644 12510564893460656 12510564893472320 12510564896619190 12510564900179686
12510564900180212 12510564900192368 12510564903342942 12510564907003376 12510564907003422 12510564907016842 12510564910342710 12510564913894394
12510564913894882 12510564913906148 12510564917531770 12510564921118978 12510564921118990 12510564921129272 12510564924068826 12510564927847158
12510564927847748 12510564927859200 12510564931015316 12510564934561052 12510564934561064 12510564934574266 12510564937623436 12510564941438388
12510564941438910 12510564941450040 12510564944515032 12510564948070108 12510564948070120 12510564948082062 12510564951085010 12510564954687364
12510564954687766 12510564954699444 12510564957729824 12510564961271504 12510564961271516 12510564961282068 12510564964974506 12510564968528684
12510564968532658 12510564968544836 12510564972607852 12510564976329662 12510564976329674 12510564976339322 12510564980146002 12510564983861134
12510564983861712 12510564983872028 12510564986707064 12510564990273370 12510564990273416 12510564990284240 12510564993317330 12510564996885170
12510564996885448 12510564996898278 12510564999966978 12510565003521806 12510565003521818 12510565003533806 12510565006650264 12510565010380356

12510691962720627 12510691962728418 12510691965628579 12510691969327886 12510691969327904 12510691969339124 12510691972428480 12510691976127216
12510691976127350 12510691976137587 12510691979332345 12510691982996277 12510691982996295 12510691983006374 12510691986174630 12510691989868323
12510691989868540 12510691989880768 12510691992590491 12510691996292543 12510691996292561 12510691996301799 12510691999949599 12510692003625247
12510692003625842 12510692003637962 12510692006729026 12510692010542881 12510692010542899 12510692010554594 12510692013442134 12510692017127769
12510692017127995 12510692017137676 12510692020346189 12510692024039678 12510692024039701 12510692024050592 12510692026875419 12510692030573439
12510692030573641 12510692030583878 12510692033886864 12510692037677453 12510692037677471 12510692037688067 12510692040776080 12510692044437441
12510692044437857 12510692044448076 12510692047513018 12510692051208742 12510692051208765 12510692051218402 12510692055090161 12510692058792835
12510692058793450 12510692058804010 12510692062452666 12510692066144797 12510692066144815 12510692066156275 12510692069137533 12510692072820447
12510692072820667 12510692072829952 12510692075809249 12510692079512891 12510692079512909 12510692079523247 12510692082516869 12510692086201247
