25 3450
12510986139099158 12510986140870336 12510986145717980 12510986639026942 12510986140870350 12510986142708726 12510986644254062 12510987118372194
12510987118375538 12510987119690400 12510987135415002 12510987609696568 12510987119690448 12510987120916850 12510987611739734 12510988094666956
12510988094670286 12510988095983626 12510988098861180 12510988573984964 12510988095983638 12510988097406042 12510988576543484 12510989052563312
12510989052567300 12510989053882356 12510989059756608 12510989534252774 12510989053882372 12510989055104912 12510989534834520 12510990010124494
12510990010125236 12510990011439056 12510990070975520 12510990554516856 12510990011439068 12510990012634988 12510990554705784 12510991043353660
12510991043357095 12510991044816079 12510991047610648 12510991533521599 12510991044816102 12510991046117775 12510991549102092 12510992032140274
12510992032143686 12510992033429842 12510992054722588 12510992542005354 12510992033429856 12510992034647704 12510992543600376 12510993025161142
12510993025164468 12510993026527392 12510993071484980 12510993546396822 12510993026527408 12510993027821516 12510993547785822 12510994021739918
12510994021743226 12510994023068970 12510994088896030 12510994563680366 12510994023069016 12510994024286972 12510994564259018 12510995038467032

12511031098582432 12511031100207318 12511031104698656 12511031573796344 12511031100207918 12511031101854650 12511031573977764 12511032047971336
12511032047974596 12511032049277386 12511032079485926 12511032554235480 12511032049277402 12511032050485738 12511032554750878 12511033028365102
12511033028368412 12511033029653268 12511033055765866 12511033535702308 12511033029653338 12511033030942760 12511033536240812 12511034010134444
12511034010135220 12511034011431964 12511034069219756 12511034543710950 12511034011431982 12511034012649988 12511034544250522 12511035019619624
12511035019620364 12511035020906638 12511035024495268 12511035498487958 12511035020906712 12511035022135072 12511035499136050 12511035973505520
12511035973508770 12511035974867746 12511036004629742 12511036479098630 12511035974867760 12511035976092322 12511036479627284 12511036954104380
12511036954107712 12511036955395512 12511036993252972 12511037468574272 12511036955395554 12511036956629514 12511037470080078 12511037945437180
12511037945437972 12511037946856974 12511037986371022 12511038461036710 12511037946856988 12511037948147746 12511038462366550 12511038937524448
12511038937525180 12511038938860680 12511038982896858 12511039457335710 12511038938860732 12511038940084750 12511039457885998 12511039933192720

12510948787375372 12510948788989242 12510948793397922 12510949262783418 12510948788989254 12510948790645850 12510949271078190 12510949745417032
12510949745420068 12510949746722016 12510949790360440 12510950265039588 12510949746722030 12510949747934766 12510950265656422 12510950740614038
12510950740617130 12510950741929422 12510950799579350 12510951274565540 12510950741929434 12510950743229340 12510951275184854 12510951756523690
12510951756526810 12510951757845234 12510951760551166 12510952235270924 12510951757845286 12510951759096662 12510952237241900 12510952711812952
12510952711816024 12510952713108170 12510952715818670 12510953190039914 12510952713108182 12510952714389810 12510953191360792 12510953666822234
12510953666823102 12510953668195716 12510953672002472 12510954146348434 12510953668195732 12510953669425094 12510954146462422 12510954621614708
12510954621615124 12510954622917734 12510954644408658 12510955119579078 12510954622917780 12510954624113266 12510955120278458 12510955595231820
12510955595235524 12510955596660554 12510955635864530 12510956109929862 12510955596660570 12510955597929770 12510956110457246 12510956585251288
12510956585254320 12510956586567264 12510956653433162 12510957128605620 12510956586567278 12510956587785206 12510957128758186 12510957614561267

12510976557687922 12510976559260074 12510976563634494 12510977033066204 12510976559260402 12510976560886016 12510977033243584 12510977508202038
12510977508205354 12510977509516370 12510977517327542 12510977992069094 12510977509516422 12510977510731548 12510977992568962 12510978467619754
12510978467623062 12510978468948030 12510978512537350 12510978988072742 12510978468948334 12510978470237542 12510978988585462 12510979465147678
12510979465151570 12510979466438734 12510979528445958 12510979984894572 12510979466438816 12510979467669806 12510979985380668 12510980437587418
12510980437590100 12510980438776102 12510980483682276 12510980948152854 12510980438776460 12510980439945006 12510980948780684 12510981424647882
12510981424651836 12510981425997580 12510981458414080 12510981933279244 12510981425997974 12510981427199018 12510981933473166 12510982408200974
12510982408201798 12510982409493334 12510982438951884 12510982914174466 12510982409493780 12510982410711494 12510982914489240 12510983389851738
12510983389854884 12510983391249082 12510983399081410 12510983873931086 12510983391249172 12510983392523798 12510983874447644 12510984350712930
12510984350716074 12510984352044636 12510984392013012 12510984866691232 12510984352044906 12510984353252954 12510984867188460 12510985342528702

12510975891547738 12510975893163168 12510975897620578 12510976364623222 12510975893163180 12510975894806486 12510976364775182 12510976836694202
12510976836697462 12510976838027722 12510976872260536 12510977344027616 12510976838027736 12510976839899078 12510977344521782 12510977823445069
12510977823448602 12510977824781531 12510977848543264 12510978320634654 12510977824781549 12510977826158717 12510978321128446 12510978794014900
12510978794015598 12510978795314984 12510978806457352 12510979277833006 12510978795314996 12510978796541254 12510979278334904 12510979749925044
12510979749925760 12510979751238798 12510979794295278 12510980265443916 12510979751238810 12510979752447866 12510980265613228 12510980738041520
12510980738042252 12510980739416096 12510980797353030 12510981268601486 12510980739416108 12510980740613464 12510981269089346 12510981741653286
12510981741654024 12510981742963364 12510981786019568 12510982258477016 12510981742963378 12510981744166250 12510982259143602 12510982731433036
12510982731435848 12510982732861146 12510982779094920 12510983250817134 12510982732861158 12510982734127822 12510983252168000 12510983724468318
12510983724469026 12510983725772970 12510983779957960 12510984251689858 12510983725772982 12510983726993526 12510984252254088 12510984725405288

12511004145962382 12511004147533510 12511004151848050 12511004622541611 12511004147533534 12511004149138000 12511004622678638 12511005088794496
12511005088795110 12511005089993674 12511005125471342 12511005586403816 12511005089993686 12511005091116130 12511005586554660 12511006059949606
12511006059952938 12511006061228990 12511006102680916 12511006577722804 12511006061229002 12511006062531106 12511006578306770 12511007066528510
12511007066531892 12511007067842218 12511007110816516 12511007595248344 12511007067842230 12511007069065280 12511007595827964 12511008077749392
12511008077750220 12511008079039840 12511008081710956 12511008561873162 12511008079039852 12511008080290184 12511008563264958 12511009048847810
12511009048848630 12511009050227135 12511009052972776 12511009530088840 12511009050227156 12511009051489047 12511009538440840 12511010011512606
12511010011513022 12511010012805488 12511010039248326 12511010513151180 12511010012805502 12511010014015426 12511010513916484 12511010987261490
12511010987264774 12511010988622414 12511011032322916 12511011506294464 12511010988622426 12511010989886312 12511011506455346 12511011978903050
12511011978906296 12511011980249536 12511012028881892 12511012502437084 12511011980249548 12511011981469742 12511012502590752 12511012975790384

12510991763654374 12510991765279300 12510991769750840 12510992238636554 12510991765279346 12510991766923270 12510992238756018 12510992712991030
12510992712994380 12510992714278254 12510992768042664 12510993242833876 12510992714278266 12510992715499374 12510993243331452 12510993718911562
12510993718914918 12510993720233644 12510993777289508 12510994251240478 12510993720233658 12510993721520548 12510994252538086 12510994727019648
12510994727022872 12510994728325250 12510994731020970 12510995204542602 12510994728325262 12510994729548916 12510995213316820 12510995688711612
12510995688714946 12510995690003688 12510995696970436 12510996170062314 12510995690003700 12510995691262826 12510996171415208 12510996645906172
12510996645909506 12510996647263630 12510996668151870 12510997141496884 12510996647263676 12510996648484736 12510997142027716 12510997615951830
12510997615955190 12510997617239248 12510997630739596 12510998105260422 12510997617239260 12510997618445460 12510998105960288 12510998585505853
12510998585506486 12510998586941746 12510998610737561 12510999072456780 12510998586941764 12510998588226814 12510999072620740 12510999540338740
12510999540341536 12510999541656418 12510999602753684 12511000076151998 12510999541656430 12510999542863536 12511000076301272 12511000550755922

12510916247194934 12510916248894290 12510916253492754 12510916749497044 12510916248894304 12510916250601642 12510916749633162 12510917250059466
12510917250061012 12510917251484150 12510917254413854 12510917755625836 12510917251484162 12510917252817352 12510917757130764 12510918259276104
12510918259276524 12510918260722482 12510918263746916 12510918738553038 12510918260722496 12510918262164592 12510918739885224 12510919211486556
12510919211489770 12510919212754104 12510919216565888 12510919693229014 12510919212754124 12510919213994848 12510919693837392 12510920165216466
12510920165219670 12510920166512708 12510920174141538 12510920646495198 12510920166512720 12510920167742148 12510920647850922 12510921119761446
12510921119764580 12510921121128410 12510921149261988 12510921621440310 12510921121128422 12510921122295296 12510921621940650 12510922093156518
12510922093156948 12510922094463802 12510922129803918 12510922602558172 12510922094463816 12510922095640636 12510922603221198 12510923074622124
12510923074625140 12510923076044288 12510923081346650 12510923553687046 12510923076044300 12510923077359446 12510923554201328 12510924025623262
12510924025624068 12510924026915976 12510924054063910 12510924526677824 12510924026915990 12510924028128318 12510924527166972 12510924998861736

12510901155114236 12510901156654274 12510901160969922 12510901626912016 12510901156654286 12510901158263428 12510901627066236 12510902100301594
12510902100304842 12510902101629526 12510902159685492 12510902630353828 12510902101629538 12510902102811324 12510902630855942 12510903100138970
12510903100142226 12510903101464788 12510903168925104 12510903639433780 12510903101464834 12510903102752888 12510903640738656 12510904110773013
12510904110776285 12510904112109534 12510904120972204 12510904592454636 12510904112109546 12510904113351912 12510904593815496 12510905079739896
12510905079743174 12510905081083035 12510905084811206 12510905571477062 12510905081083056 12510905082411132 12510905572047238 12510906055659549
12510906055660235 12510906057095650 12510906059758490 12510906543440760 12510906057095664 12510906058320900 12510906547569530 12510907036227149
12510907036230456 12510907037614987 12510907040457545 12510907516994022 12510907037615008 12510907038909888 12510907518557222 12510907987827828
12510907987831564 12510907989153402 12510908018785762 12510908489398352 12510907989153416 12510907990421064 12510908490659044 12510908960543512
12510908960546642 12510908961880450 12510908982201940 12510909453191140 12510908961880462 12510908963129082 12510909454456710 12510909924285748

12510902319349016 12510902320955754 12510902325400440 12510902794103648 12510902320955766 12510902322560178 12510902794226108 12510903267406140
12510903267409314 12510903268709960 12510903272551504 12510903746693958 12510903268710194 12510903269961708 12510903746798148 12510904220218644
12510904220221980 12510904221529982 12510904265980766 12510904737011008 12510904221529996 12510904222811254 12510904737472728 12510905191235344
12510905191235980 12510905192491588 12510905276615428 12510905748108826 12510905192491600 12510905193629126 12510905748609696 12510906221974444
12510906221975112 12510906223282338 12510906252520952 12510906726024434 12510906223282352 12510906224504920 12510906726556366 12510907204471843
12510907204472624 12510907205918046 12510907223685006 12510907711432280 12510907205918067 12510907207168450 12510907711987638 12510908200625962
12510908200626694 12510908201902150 12510908205460590 12510908693402230 12510908201902162 12510908203128616 12510908694137445 12510909181514126
12510909181514840 12510909182963041 12510909186828280 12510909670109720 12510909182963062 12510909184321694 12510909670677100 12510910145011392
12510910145013370 12510910146341982 12510910156809374 12510910629991388 12510910146341994 12510910147548806 12510910630596482 12510911104122066

12511027253821850 12511027255385156 12511027259679382 12511027729150088 12511027255385256 12511027256984692 12511027729315560 12511028203738162
12511028203741520 12511028205027746 12511028255637482 12511028730875376 12511028205027790 12511028206260376 12511028731036142 12511029205985868
12511029205989210 12511029207290498 12511029217202888 12511029691709808 12511029207290558 12511029208574414 12511029691881136 12511030162455768
12511030162458668 12511030163708310 12511030174585606 12511030627118396 12511030163708328 12511030164855560 12511030627287112 12511031091163202
12511031091167312 12511031092441048 12511031185799604 12511031660383592 12511031092441094 12511031093651372 12511031660531544 12511032136051266
12511032136051990 12511032137386296 12511032156924518 12511032631362580 12511032137386316 12511032138609882 12511032632709168 12511033107401792
12511033107402512 12511033108707852 12511033119557968 12511033594455614 12511033108707950 12511033109915158 12511033595142674 12511034071036596
12511034071037308 12511034072410424 12511034121310484 12511034596056356 12511034072410442 12511034073646900 12511034596224196 12511035071426032
12511035071426744 12511035072722854 12511035198162348 12511035672594076 12511035072722900 12511035073926818 12511035673170926 12511036148469986

12510920923053148 12510920924607658 12510920929001378 12510921396390668 12510920924607738 12510920926231086 12510921396548548 12510921869670854
12510921869674144 12510921870985906 12510921930968154 12510922403764192 12510921870985922 12510921872187948 12510922404277734 12510922877526396
12510922877529644 12510922878853354 12510922905046970 12510923368218814 12510922878853368 12510922880158426 12510923368686300 12510923819948512
12510923819950390 12510923821174464 12510923886649862 12510924354350848 12510923821174484 12510923822336248 12510924354497788 12510924828082946
12510924828086172 12510924829361712 12510924848314670 12510925320732708 12510924829361724 12510924830618942 12510925320905656 12510925794498678
12510925794501552 12510925795885410 12510925806859358 12510926278813328 12510925795885462 12510925797087202 12510926279435966 12510926751896040
12510926751896450 12510926753205630 12510926778174778 12510927251424146 12510926753205678 12510926754415362 12510927252113664 12510927725592174
12510927725593042 12510927726980450 12510927754632022 12510928227105734 12510927726980466 12510927728260326 12510928227625884 12510928700384776
12510928700387622 12510928701699964 12510928742209006 12510929215632606 12510928701699976 12510928702914430 12510929216125156 12510929689291304

12510860014001490 12510860015707750 12510860020450844 12510860519627140 12510860015707762 12510860017489798 12510860519764428 12510861020474798
12510861020478140 12510861021790540 12510861024471770 12510861497572972 12510861021790552 12510861023019698 12510861522531468 12510861994603586
12510861994606534 12510861995876256 12510862026298674 12510862477424952 12510861995876278 12510861997142970 12510862478673080 12510862927865266
12510862927865888 12510862929066824 12510862978484696 12510863427567080 12510862929066876 12510862930217040 12510863427691674 12510863878367300
12510863878367932 12510863879585524 12510863932214924 12510864401384478 12510863879585538 12510863880731104 12510864401530868 12510864887463050
12510864887466806 12510864888831058 12510864892617716 12510865377407640 12510864888831070 12510864890036932 12510865377526876 12510865862472060
12510865862475382 12510865863750114 12510865867661608 12510866355787841 12510865863750126 12510865865036861 12510866356038830 12510866844092438
12510866844093154 12510866845457958 12510866849106356 12510867322308546 12510866845458012 12510866846736204 12510867322854934 12510867796279732
12510867796282934 12510867797602092 12510867802484460 12510868275019176 12510867797602140 12510867798826634 12510868275518286 12510868748313468

12510848905423730 12510848907187862 12510848911635898 12510849411966016 12510848907187876 12510848908967842 12510849412586832 12510849889890518
12510849889894278 12510849891177560 12510849913499614 12510850385188164 12510849891177574 12510849892419094 12510850386502848 12510850857239568
12510850857242732 12510850858538978 12510850887579484 12510851359073924 12510850858538990 12510850859864948 12510851359579672 12510851830350352
12510851830353156 12510851831661258 12510851861282950 12510852335911716 12510851831661270 12510851832883554 12510852336468377 12510852813921390
12510852813924594 12510852815223138 12510852830254022 12510853301741582 12510852815223152 12510852816450114 12510853302328882 12510853773518438
12510853773519270 12510853774871706 12510853806238960 12510854277998102 12510853774871718 12510853776089322 12510854278177430 12510854748956784
12510854748957524 12510854750254914 12510854786735358 12510855258990830 12510854750254926 12510854751453364 12510855259290624 12510855730018280
12510855730020976 12510855731406722 12510855748879060 12510856220733014 12510855731406734 12510855732661542 12510856221280584 12510856692485818
12510856692486582 12510856693805724 12510856744221470 12510857215811426 12510856693805772 12510856695033952 12510857217068406 12510857687830422

12510895243003052 12510895244550030 12510895248553528 12510895715420658 12510895244550042 12510895246186040 12510895716078740 12510896187799886
12510896187803816 12510896189112378 12510896229020350 12510896699036508 12510896189112424 12510896190327900 12510896699526228 12510897149789022
12510897149792490 12510897151015514 12510897203354906 12510897668634872 12510897151015526 12510897152241798 12510897668812100 12510898140327708
12510898140329886 12510898141643514 12510898169507418 12510898642091196 12510898141643526 12510898142868416 12510898642592690 12510899114704226
12510899114705034 12510899116014698 12510899153073218 12510899625723822 12510899116014716 12510899117266478 12510899626222072 12510900099176836
12510900099177608 12510900100544680 12510900128330020 12510900600317618 12510900100544726 12510900101741392 12510900600497794 12510901072662612
12510901072663018 12510901073955246 12510901124444860 12510901597364114 12510901073955258 12510901075155826 12510901597617344 12510902084954070
12510902084954910 12510902086390440 12510902105386970 12510902592437429 12510902086390454 12510902087648222 12510902593060794 12510903080289242
12510903080293040 12510903081699799 12510903085269072 12510903571808102 12510903081699822 12510903082989658 12510903572373752 12510904059815997

12510907062810792 12510907064501418 12510907069241900 12510907569380782 12510907064501430 12510907066305206 12510907569537404 12510908064499642
12510908064503576 12510908065815814 12510908068516184 12510908542546952 12510908065815826 12510908067038168 12510908551256966 12510909026057648
12510909026060868 12510909027375526 12510909030163218 12510909504771096 12510909027375538 12510909028718638 12510909506115586 12510909981738912
12510909981742118 12510909983032244 12510909986574170 12510910465616872 12510909983032258 12510909984309334 12510910466191270 12510910943194150
12510910943197374 12510910944481212 12510910952247942 12510911426451842 12510910944481224 12510910945753128 12510911426978080 12510911902592704
12510911902593790 12510911903962600 12510911945224240 12510912419655324 12510911903962646 12510911905156086 12510912419787682 12510912895823654
12510912895824218 12510912897147150 12510912978326172 12510913453868540 12510912897147162 12510912898352608 12510913455363648 12510913930096714
12510913930097534 12510913931418104 12510913995071606 12510914501169732 12510913931418116 12510913932707124 12510914501818198 12510915006934218
12510915006934660 12510915008403046 12510915012499614 12510915500106718 12510915008403094 12510915009745904 12510915501490718 12510915975828398

12510950163471736 12510950165010856 12510950169389042 12510950635754546 12510950165010902 12510950166645794 12510950635939248 12510951109115830
12510951109119178 12510951110414016 12510951166789372 12510951641648146 12510951110414064 12510951111619742 12510951642197880 12510952101354250
12510952101356734 12510952102584188 12510952128314470 12510952589183292 12510952102584202 12510952103816866 12510952589678552 12510953062173546
12510953062174380 12510953063453936 12510953106509608 12510953578170986 12510953063453986 12510953064699838 12510953578672102 12510954051549880
12510954051550738 12510954052838988 12510954068747046 12510954540392222 12510954052839002 12510954054078226 12510954540935922 12510955013449296
12510955013450084 12510955014833358 12510955035198406 12510955506586136 12510955014833372 12510955016007808 12510955506735544 12510955979241892
12510955979242314 12510955980543070 12510955998137536 12510956470499084 12510955980543118 12510955981738430 12510956471141318 12510956943951302
12510956943952128 12510956945312382 12510957032447426 12510957503915312 12510956945312428 12510956946557250 12510957504435152 12510957976543050
12510957976543830 12510957977850350 12510958109407212 12510958585840616 12510957977850362 12510957979056202 12510958586341740 12510959062418020

3146206493264216 3146206494812450 3146206499177216 3146206965647938 3146206494812462 3146206496389404 3146206977035262 3146207449576904
3146207449579252 3146207450871858 3146207499991508 3146207971736944 3146207450871870 3146207452095108 3146207971906380 3146208443579742
3146208443582906 3146208444891992 3146208474118826 3146208950744995 3146208444892004 3146208446196062 3146208950919811 3146209434887908
3146209434891112 3146209436178926 3146209438917706 3146209910296966 3146209436178940 3146209437436700 3146209911600362 3146210383829030
3146210383829778 3146210385117160 3146210408613252 3146210879999508 3146210385117172 3146210386344088 3146210880165876 3146211352129536
3146211352130204 3146211353482206 3146211367025650 3146211837943998 3146211353482252 3146211354677634 3146211838086950 3146212309003678
3146212309004034 3146212310271596 3146212342000942 3146212814536674 3146212310271642 3146212311487646 3146212814774542 3146213286221990
3146213286222664 3146213287631442 3146213323651966 3146213800943044 3146213287631464 3146213289590098 3146213801091616 3146214256253308
3146214256253852 3146214257492494 3146214359259110 3146214819058026 3146214257492506 3146214258608290 3146214819230622 3146215292724060

12510924649671234 12510924651198178 12510924655203622 12510925121785964 12510924651198190 12510924652809294 12510925122411936 12510925594787900
12510925594791912 12510925596107504 12510925634374224 12510926106204864 12510925596107516 12510925597314532 12510926106353346 12510926576721238
12510926576724082 12510926577994794 12510926611349878 12510927060736006 12510926577994808 12510926579228046 12510927061213470 12510927526938010
12510927526941364 12510927528244916 12510927592865740 12510928064370918 12510927528244930 12510927529477222 12510928064874390 12510928537497210
12510928537501072 12510928538782308 12510928558426386 12510929029937308 12510928538782322 12510928540025638 12510929030487556 12510929502924936
12510929502928268 12510929504295398 12510929518050932 12510929989845428 12510929504295446 12510929505487972 12510929989996958 12510930461812398
12510930461815762 12510930463127796 12510930493470650 12510930965698024 12510930463127808 12510930464315902 12510930965951560 12510931438005492
12510931438009350 12510931439435690 12510931474552356 12510931946522536 12510931439435702 12510931440675910 12510931946692426 12510932419007578
12510932419009672 12510932420314436 12510932481121768 12510932952973496 12510932420314448 12510932421545478 12510932953606062 12510933426507346

12510874362712408 12510874364274080 12510874368714264 12510874835586596 12510874364274184 12510874365908988 12510874835816008 12510875312777365
12510875312781126 12510875314139837 12510875365874259 12510875850831296 12510875314139863 12510875315427201 12510875851333692 12510876322989622
12510876322993012 12510876324304364 12510876327434184 12510876800749304 12510876324304378 12510876325633396 12510876802117506 12510877273663080
12510877273666420 12510877274947030 12510877283107118 12510877754613058 12510877274947072 12510877276218236 12510877755133278 12510878227731066
12510878227731826 12510878229013506 12510878252101936 12510878723477658 12510878229013530 12510878230255088 12510878723967428 12510879197182714
12510879197183444 12510879198532728 12510879219182250 12510879691706682 12510879198532800 12510879199718912 12510879691848820 12510880163555582
12510880163556322 12510880164867424 12510880197202582 12510880669267958 12510880164867460 12510880166061886 12510880669937394 12510881141996020
12510881141996754 12510881143397750 12510881247559230 12510881720798528 12510881143397828 12510881144689638 12510881720990928 12510882192712504
12510882192715712 12510882194018064 12510882308438152 12510882780708024 12510882194018092 12510882195233140 12510882781980850 12510883264145656

12510850557276150 12510850559039566 12510850563455910 12510851062333216 12510850559039580 12510850560814970 12510851062922328 12510851553371252
12510851553374954 12510851554686878 12510851559185840 12510852032919826 12510851554686892 12510851555922580 12510852034329274 12510852507926782
12510852507930106 12510852509232566 12510852520743418 12510852994524342 12510852509232580 12510852510553448 12510852995078474 12510853469645046
12510853469645456 12510853470932986 12510853476417176 12510853955674630 12510853470933036 12510853472167416 12510853957010118 12510854431803192
12510854431806444 12510854433126902 12510854437865570 12510854911981066 12510854433127042 12510854434375670 12510854912524572 12510855387153232
12510855387156580 12510855388531438 12510855461663626 12510855967162872 12510855388531740 12510855389722770 12510855967347074 12510856472662286
12510856472662696 12510856474066296 12510856477058484 12510856983435710 12510856474066308 12510856475438166 12510856985103802 12510857489384436
12510857489385240 12510857490861334 12510857494028146 12510858000116896 12510857490861348 12510857492322116 12510858001545090 12510858506809964
12510858506813200 12510858508272964 12510858511224658 12510859022979013 12510858508272978 12510858509623308 12510859024490198 12510859517628544

12510912671738210 12510912673361552 12510912677430758 12510913143485430 12510912673361564 12510912675028666 12510913144067712 12510913616113660
12510913616116952 12510913617429548 12510913669545282 12510914141694456 12510913617429560 12510913618630550 12510914142198350 12510914613912952
12510914613916184 12510914615223666 12510914624027782 12510915095587180 12510914615223712 12510914616566000 12510915096082532 12510915568670548
12510915568673826 12510915569994006 12510915585722744 12510916061743442 12510915569994052 12510915571187140 12510916062280384 12510916534521068
12510916534523890 12510916535848720 12510916592890878 12510917064974524 12510916535848732 12510916537054942 12510917065164544 12510917536904918
12510917536908226 12510917538287142 12510917546789388 12510918018002970 12510917538287154 12510917539508360 12510918018192338 12510918489898370
12510918489902148 12510918491207864 12510918588864602 12510919061618734 12510918491207878 12510918492406362 12510919062311298 12510919533901738
12510919533904912 12510919535372324 12510919605709490 12510920078304046 12510919535372340 12510919536701116 12510920079616522 12510920551191176
12510920551193908 12510920552540484 12510920623081468 12510921095149338 12510920552540778 12510920553793342 12510921096467244 12510921567896200

12510891366131916 12510891367906754 12510891372333940 12510891849769652 12510891367906768 12510891369757768 12510891850353062 12510892320448194
12510892320451514 12510892321722852 12510892325166364 12510892814991392 12510892321722900 12510892322922260 12510892815621274 12510893299953538
12510893299956786 12510893301268918 12510893319515408 12510893796034301 12510893301268932 12510893302622102 12510893796222808 12510894273649176
12510894273652506 12510894274940552 12510894335431524 12510894813510722 12510894274940564 12510894276243243 12510894814077692 12510895281353060
12510895281355866 12510895282558090 12510895290717106 12510895737399202 12510895282558104 12510895283781201 12510895754826468 12510896200823692
12510896200826382 12510896202085424 12510896245746040 12510896690499590 12510896202085438 12510896203194876 12510896690631972 12510897139732074
12510897139734980 12510897140978914 12510897200509958 12510897668860342 12510897140978926 12510897142102724 12510897669159204 12510898139089296
12510898139092500 12510898140578774 12510898230056906 12510898731492290 12510898140578786 12510898141838694 12510898732078420 12510899231980116
12510899231983320 12510899233408152 12510899247188266 12510899734632908 12510899233408164 12510899234779256 12510899735188312 12510900204431418

12510812426756988 12510812428264774 12510812432088014 12510812897930814 12510812428264786 12510812429858260 12510812898523246 12510813368655448
12510813368658758 12510813369936952 12510813382727072 12510813854000136 12510813369937000 12510813371128036 12510813854494562 12510814323984030
12510814323987050 12510814325245910 12510814371206906 12510814829328804 12510814325245956 12510814326484286 12510814829837428 12510815301642096
12510815301645648 12510815302952814 12510815335833450 12510815807891616 12510815302952862 12510815304145684 12510815808501700 12510816280375904
12510816280379194 12510816281666036 12510816343456876 12510816815000262 12510816281666082 12510816282868946 12510816815499862 12510817287138646
12510817287141930 12510817288503000 12510817293826320 12510817765582394 12510817288503012 12510817289714640 12510817766174778 12510818237426860
12510818237427598 12510818238724348 12510818277365966 12510818750139600 12510818238724360 12510818239938704 12510818750397712 12510819222280340
12510819222283376 12510819223661774 12510819312930426 12510819784666210 12510819223661806 12510819224936606 12510819785215500 12510820257386928
12510820257389954 12510820258703934 12510820316283472 12510820788078870 12510820258703980 12510820259925706 12510820788610922 12510821261194938

12510939505154694 12510939506744634 12510939510834454 12510939978131362 12510939506744648 12510939508373054 12510939978704562 12510940450327068
12510940450330308 12510940451631720 12510940502701902 12510940975594464 12510940451631738 12510940452828912 12510940976100650 12510941448200590
12510941448201834 12510941449524514 12510941465638218 12510941938281292 12510941449524528 12510941450841148 12510941938844944 12510942408689428
12510942408691870 12510942409940012 12510942418935348 12510942869783582 12510942409940024 12510942411104774 12510942870264978 12510943329559988
12510943329563220 12510943330848472 12510943381149698 12510943853859672 12510943330848522 12510943332060704 12510943854358356 12510944326429128
12510944326429834 12510944327778846 12510944367216766 12510944842780766 12510944327778858 12510944328967142 12510944843307899 12510945326395428
12510945326396146 12510945327689244 12510945422125324 12510945906258826 12510945327689258 12510945329017088 12510945906922914 12510946389873534
12510946389876724 12510946391299252 12510946438923318 12510946919319380 12510946391299264 12510946392616010 12510946920661966 12510947393381806
12510947393385138 12510947394617844 12510947456285068 12510947905235198 12510947394617858 12510947395803602 12510947906443140 12510948359555474
