25 37
12510715244201356 12510715244267315 12510715244679906 12510715248795122 12510715248795140 12510715248868899 12510715249940093 12510715254838754
12510715254839188 12510715254912523 12510715255531546 12510715259599838 12510715259599856 12510715259678783 12510715261099165 12510715265366692
12510715265366745 12510715265432019 12510715266634550 12510715270730106 12510715270730480 12510715270801031 12510715272144321 12510715276252324
12510715276252616 12510715276320620 12510715277690148 12510715281799470 12510715281799521 12510715281876071 12510715283225206 12510715287310588
12510715287311108 12510715287377133 12510715288836348 12510715292926638 12510715292926689 12510715293001934 12510715294367505 12510715298452836
12510715298453086 12510715298517043 12510715299878070 12510715303967460 12510715303967941 12510715304039725 12510715305396262 12510715309486930
12510715309486989 12510715309556735 12510715310911094 12510715315076707 12510715315076766 12510715315157878 12510715316446595 12510715320555721
12510715320558131 12510715320622825 12510715321990256 12510715326065918 12510715326065971 12510715326136103 12510715327562641 12510715331622554
12510715331622712 12510715331687762 12510715333287553 12510715337371389 12510715337371443 12510715337439170 12510715337876461 12510715342093352

12510760202187392 12510760202252386 12510760202659216 12510760207777475 12510760207777493 12510760207845134 12510760208257705 12510760213363033
12510760213363232 12510760213442004 12510760213851803 12510760218922472 12510760218922495 12510760219008943 12510760219419431 12510760224476309
12510760224476434 12510760224542952 12510760224959419 12510760229973298 12510760229973342 12510760230051321 12510760230463678 12510760235522803
12510760235522821 12510760235598117 12510760236006813 12510760241065673 12510760241065715 12510760241134453 12510760241546721 12510760246662025
12510760246662325 12510760246735490 12510760247146234 12510760252194881 12510760252194923 12510760252273764 12510760252685936 12510760257720520
12510760257720749 12510760257786096 12510760258199984 12510760263228024 12510760263228060 12510760263305409 12510760263719183 12510760268753324
12510760268753577 12510760268819251 12510760269234526 12510760274292569 12510760274292608 12510760274356342 12510760274766622 12510760279830037
12510760279830094 12510760279895447 12510760280305314 12510760285394678 12510760285394719 12510760285472228 12510760285886032 12510760291130018
12510760291130241 12510760291195145 12510760291637876 12510760295713223 12510760295713262 12510760295787197 12510760296196149 12510760300287741

12510677892633428 12510677892704172 12510677893109946 12510677897032130 12510677897032142 12510677897104002 12510677898379114 12510677902373882
12510677902374480 12510677902443514 12510677903975436 12510677907946322 12510677907946722 12510677908020888 12510677909539250 12510677913538140
12510677913538484 12510677913600580 12510677915073704 12510677919079670 12510677919079692 12510677919145228 12510677920583762 12510677924577732
12510677924577984 12510677924644408 12510677926129774 12510677930128840 12510677930128862 12510677930200812 12510677931677832 12510677936405364
12510677936407222 12510677936490326 12510677937269278 12510677941229006 12510677941229062 12510677941304112 12510677942804142 12510677946793338
12510677946793602 12510677946859266 12510677948319706 12510677952303236 12510677952303258 12510677952367822 12510677953837014 12510677957839950
12510677957839984 12510677957909678 12510677959349844 12510677963626360 12510677963626418 12510677963702468 12510677964887816 12510677968901548
12510677968901830 12510677968965356 12510677970426264 12510677974425386 12510677974425408 12510677974500668 12510677976007824 12510677979970428
12510677979970574 12510677980037294 12510677981727932 12510677985724890 12510677985724948 12510677985802320 12510677986320052 12510677990318840

12510705662301670 12510705662373008 12510705662772276 12510705666696632 12510705666696716 12510705666772848 12510705667178170 12510705671105612
12510705671105814 12510705671168760 12510705672212384 12510705676160544 12510705676160926 12510705676234152 12510705677787620 12510705681721796
12510705681722424 12510705681784936 12510705683367592 12510705687309190 12510705687309224 12510705687372122 12510705688911002 12510705692875594
12510705692875634 12510705692938454 12510705694408882 12510705698342158 12510705698342192 12510705698414426 12510705699966866 12510705703955664
12510705703956092 12510705704020572 12510705706273669 12510705710335840 12510705710335852 12510705710414394 12510705711071776 12510705714955120
12510705714955232 12510705715026358 12510705716624040 12510705720537398 12510705720537428 12510705720601570 12510705722134032 12510705726068360
12510705726068548 12510705726133052 12510705727676600 12510705731575696 12510705731575762 12510705731652318 12510705733469284 12510705737432040
12510705737432242 12510705737495542 12510705738732636 12510705742685156 12510705742685190 12510705742756204 12510705744267192 12510705748193494
12510705748193724 12510705748266320 12510705749804500 12510705753734978 12510705753735042 12510705753810362 12510705755570266 12510705759476700

12510704996125047 12510704996188968 12510704996601708 12510705000638388 12510705000638629 12510705000705248 12510705001118060 12510705005190634
12510705005190825 12510705005256781 12510705006916690 12510705010973563 12510705010973947 12510705011041686 12510705011684513 12510705015722765
12510705015723003 12510705015788864 12510705017437300 12510705021480365 12510705021480401 12510705021554286 12510705022804464 12510705026825903
12510705026826046 12510705026899392 12510705028325723 12510705032365855 12510705032365891 12510705032439169 12510705033877180 12510705037933659
12510705037933697 12510705038000641 12510705039381912 12510705043430192 12510705043430228 12510705043505245 12510705045004161 12510705049044760
12510705049045019 12510705049112898 12510705050525610 12510705054587173 12510705054587217 12510705054657278 12510705056043517 12510705060063911
12510705060064119 12510705060138895 12510705061562527 12510705065609024 12510705065609066 12510705065683162 12510705067162146 12510705071184028
12510705071184185 12510705071247221 12510705072628085 12510705076685027 12510705076685066 12510705076760424 12510705078139372 12510705082208179
12510705082208218 12510705082273515 12510705083692102 12510705087746188 12510705087746224 12510705087816367 12510705089441970 12510705093471296

12510733249882688 12510733249947204 12510733250352884 12510733254297098 12510733254297110 12510733254372254 12510733254904162 12510733258894604
12510733258894744 12510733258961070 12510733260555808 12510733264525482 12510733264525890 12510733264596394 12510733265321822 12510733269305246
12510733269305362 12510733269370426 12510733271078080 12510733275030508 12510733275030520 12510733275103546 12510733276711696 12510733280984010
12510733280984430 12510733281056464 12510733281965674 12510733285961266 12510733285961670 12510733286034328 12510733287517678 12510733291517208
12510733291517242 12510733291581522 12510733293049146 12510733297113845 12510733297113890 12510733297187822 12510733298641658 12510733303363438
12510733303365136 12510733303440944 12510733304163872 12510733308143796 12510733308143834 12510733308214354 12510733309678766 12510733313671032
12510733313671284 12510733313740606 12510733315198032 12510733319170910 12510733319170946 12510733319242362 12510733320793676 12510733324771722
12510733324773516 12510733324836552 12510733326268332 12510733330245720 12510733330245788 12510733330313052 12510733331817458 12510733335844602
12510733335844636 12510733335910488 12510733337368204 12510733341360788 12510733341360824 12510733341427066 12510733343253082 12510733347236036

12510720867742178 12510720867808304 12510720868220058 12510720872320802 12510720872320825 12510720872387525 12510720873351881 12510720877453918
12510720877454117 12510720877526269 12510720878940018 12510720883015151 12510720883015169 12510720883082683 12510720884501243 12510720888589379
12510720888589843 12510720888655306 12510720890053901 12510720894405151 12510720894405505 12510720894484025 12510720895548441 12510720899631549
12510720899631600 12510720899695132 12510720901098223 12510720905209714 12510720905209744 12510720905285925 12510720906641613 12510720910743403
12510720910743453 12510720910817935 12510720912246318 12510720916329290 12510720916329317 12510720916394982 12510720917771874 12510720921852418
12510720921852709 12510720921916812 12510720923296925 12510720927363862 12510720927363889 12510720927436906 12510720928805552 12510720932871931
12510720932872136 12510720932938405 12510720934329687 12510720938383821 12510720938383851 12510720938461396 12510720939865462 12510720943945682
12510720943945735 12510720944014390 12510720945404573 12510720949520736 12510720949520771 12510720949586190 12510720950974982 12510720955071195
12510720955071468 12510720955136896 12510720956712261 12510720960950734 12510720960951212 12510720961025447 12510720961434574 12510720965538498

12510645352859136 12510645352922956 12510645353334076 12510645357303970 12510645357303982 12510645357374264 12510645357785938 12510645361738720
12510645361739276 12510645361806252 12510645362740908 12510645366715898 12510645366715962 12510645366788560 12510645368299596 12510645372248794
12510645372249018 12510645372313064 12510645373884466 12510645377945046 12510645377945076 12510645378023192 12510645379701734 12510645383623076
12510645383623252 12510645383687022 12510645384921674 12510645388853448 12510645388853494 12510645388926250 12510645390505048 12510645394434196
12510645394434456 12510645394497602 12510645396681380 12510645400626252 12510645400626298 12510645400691256 12510645401611534 12510645405579324
12510645405579398 12510645405643816 12510645407138886 12510645411184584 12510645411184614 12510645411261578 12510645412653790 12510645416585158
12510645416585458 12510645416650098 12510645418164248 12510645422080302 12510645422080366 12510645422154196 12510645423892560 12510645427819694
12510645427819902 12510645427883498 12510645429240486 12510645433169510 12510645433169574 12510645433232400 12510645434805638 12510645438769890
12510645438769962 12510645438832940 12510645440352160 12510645444352155 12510645444352200 12510645444427829 12510645446240544 12510645450232174

12510630261063818 12510630261128530 12510630261531738 12510630265455444 12510630265455490 12510630265530632 12510630265962334 12510630269938468
12510630269938672 12510630270010402 12510630270615582 12510630274578914 12510630274578942 12510630274650922 12510630275377094 12510630279311354
12510630279311752 12510630279377062 12510630280599930 12510630284588594 12510630284588641 12510630284675267 12510630286307782 12510630290253166
12510630290253326 12510630290318458 12510630291973414 12510630295920340 12510630295920402 12510630295988108 12510630297213800 12510630301152044
12510630301152264 12510630301222040 12510630302793374 12510630306729872 12510630306729900 12510630306802874 12510630309118860 12510630313092308
12510630313092518 12510630313156012 12510630313931888 12510630317854662 12510630317854724 12510630317933078 12510630319546756 12510630323502712
12510630323502878 12510630323567904 12510630324935904 12510630328900376 12510630328900404 12510630328964540 12510630330444690 12510630334394926
12510630334395118 12510630334458650 12510630336210126 12510630340153284 12510630340157762 12510630340230432 12510630341533986 12510630345458428
12510630345458640 12510630345523096 12510630347122048 12510630351035970 12510630351036034 12510630351104980 12510630352713238 12510630356654994

12510631425213357 12510631425277385 12510631425684881 12510631429763734 12510631429763752 12510631429835637 12510631430240004 12510631434617509
12510631434617946 12510631434689879 12510631435099573 12510631439196160 12510631439196178 12510631439271310 12510631440102722 12510631444195627
12510631444195645 12510631444264790 12510631444850548 12510631448940663 12510631448940681 12510631449016930 12510631450610219 12510631454699309
12510631454701680 12510631454767135 12510631456476357 12510631460572766 12510631460573137 12510631460640669 12510631461492417 12510631465587016
12510631465587075 12510631465651796 12510631467063661 12510631471157571 12510631471157621 12510631471229892 12510631472616768 12510631476727909
12510631476728203 12510631476791928 12510631478860503 12510631482963951 12510631482964004 12510631483035360 12510631483715773 12510631487802863
12510631487803083 12510631487867381 12510631489192074 12510631493264138 12510631493264188 12510631493328038 12510631494738085 12510631498851324
12510631498851374 12510631498915301 12510631500310265 12510631504560163 12510631504560213 12510631504641651 12510631505813283 12510631509894712
12510631509895871 12510631509961483 12510631511335629 12510631515606790 12510631515606808 12510631515680975 12510631516876179 12510631520933023

12510756356872988 12510756356936430 12510756357327590 12510756361237590 12510756361237602 12510756361307904 12510756361696964 12510756365606314
12510756365606838 12510756365671638 12510756366525448 12510756370594480 12510756370594526 12510756370661010 12510756371547006 12510756375510352
12510756375510620 12510756375575126 12510756376327952 12510756380268536 12510756380268548 12510756380337408 12510756382053266 12510756385995704
12510756385995836 12510756386058514 12510756388011448 12510756391963950 12510756391963970 12510756392034860 12510756392980366 12510756396958792
12510756396958856 12510756397024280 12510756398537050 12510756402546466 12510756402546488 12510756402620540 12510756404138840 12510756408126800
12510756408126830 12510756408192616 12510756410396486 12510756414341000 12510756414341020 12510756414406540 12510756415165096 12510756419135388
12510756419135642 12510756419199258 12510756420693026 12510756424683696 12510756424683716 12510756424757954 12510756426191612 12510756430175518
12510756430175732 12510756430240192 12510756431794210 12510756435770422 12510756435770442 12510756435844988 12510756437265864 12510756441248900
12510756441248932 12510756441316958 12510756442867168 12510756446944664 12510756446944694 12510756447016879 12510756448380312 12510756452386598

12510650028352634 12510650028411800 12510650028761886 12510650032559656 12510650032559702 12510650032630142 12510650033147528 12510650036947402
12510650036947584 12510650037010072 12510650038098254 12510650041831844 12510650041831856 12510650041896834 12510650043658730 12510650047415848
12510650047415912 12510650047474168 12510650049232916 12510650052988230 12510650052988264 12510650053048340 12510650055048160 12510650058817660
12510650058817882 12510650058876198 12510650060272820 12510650064032812 12510650064032848 12510650064097834 12510650065851620 12510650069648332
12510650069648522 12510650069706774 12510650071389000 12510650075188802 12510650075188838 12510650075254026 12510650076972602 12510650080782234
12510650080782456 12510650080841808 12510650082495118 12510650086252116 12510650086252150 12510650086328016 12510650088012762 12510650092015476
12510650092015506 12510650092076732 12510650093515074 12510650097330228 12510650097330298 12510650097394716 12510650099026252 12510650102854150
12510650102854358 12510650102914146 12510650104592182 12510650108372432 12510650108372592 12510650108436710 12510650110164656 12510650113925724
12510650113925926 12510650113991656 12510650115715728 12510650119488558 12510650119488626 12510650119555340 12510650121599232 12510650125418034

12510589120551007 12510589120617065 12510589121023618 12510589125095070 12510589125095088 12510589125162738 12510589125567595 12510589129634334
12510589129634563 12510589129702490 12510589130116737 12510589134187291 12510589134187314 12510589134260251 12510589134669562 12510589138845295
12510589138845506 12510589138920666 12510589139958924 12510589144054831 12510589144054854 12510589144121940 12510589145660680 12510589149743033
12510589149743120 12510589149807493 12510589151333348 12510589155419544 12510589155419939 12510589155491226 12510589156564450 12510589160660534
12510589160660713 12510589160727014 12510589162143355 12510589166219263 12510589166219293 12510589166292815 12510589168336106 12510589172434574
12510589172434728 12510589172504170 12510589173289323 12510589177372297 12510589177372327 12510589177447204 12510589178901808 12510589182974082
12510589182974118 12510589183041676 12510589184368312 12510589188527988 12510589188528010 12510589188605660 12510589189792318 12510589193753034
12510589193753274 12510589193817858 12510589195529930 12510589199508124 12510589199508178 12510589199578722 12510589200879430 12510589204859404
12510589204859614 12510589204924224 12510589206478680 12510589210447990 12510589210448046 12510589210521706 12510589212066702 12510589216038060

12510578012150284 12510578012213388 12510578012620916 12510578016572598 12510578016572610 12510578016645788 12510578017154156 12510578021119994
12510578021120082 12510578021185424 12510578021797666 12510578025719606 12510578025719618 12510578025791968 12510578026434484 12510578030368820
12510578030368924 12510578030432960 12510578031074014 12510578035023532 12510578035023544 12510578035099548 12510578035997712 12510578039952946
12510578039953346 12510578040017692 12510578041508974 12510578045477310 12510578045477328 12510578045540290 12510578047193494 12510578051105066
12510578051105288 12510578051170076 12510578052427522 12510578056389472 12510578056389492 12510578056456816 12510578057994404 12510578061932264
12510578061932716 12510578061995222 12510578064214684 12510578068180090 12510578068180110 12510578068252556 12510578069148532 12510578073087652
12510578073087714 12510578073150638 12510578074740288 12510578078707452 12510578078707470 12510578078783302 12510578080303598 12510578084257954
12510578084258190 12510578084323930 12510578085523880 12510578089456630 12510578089456684 12510578089523250 12510578091286256 12510578095211212
12510578095211418 12510578095276360 12510578096632288 12510578100596644 12510578100596662 12510578100667910 12510578102229150 12510578106142074

12510624348663715 12510624348733588 12510624349144878 12510624353207065 12510624353207083 12510624353273022 12510624354062920 12510624358145621
12510624358146046 12510624358214617 12510624358692034 12510624362778102 12510624362778152 12510624362848192 12510624363316917 12510624367422739
12510624367423119 12510624367489210 12510624367944632 12510624372023755 12510624372023803 12510624372097251 12510624372776567 12510624376846907
12510624376847192 12510624376912929 12510624378177450 12510624382251597 12510624382251650 12510624382315833 12510624384049171 12510624388385716
12510624388385799 12510624388459847 12510624389062993 12510624393143680 12510624393143728 12510624393212475 12510624394634461 12510624398719839
12510624398722591 12510624398787386 12510624400202638 12510624404322964 12510624404322982 12510624404392605 12510624406436354 12510624410523976
12510624410524228 12510624410588361 12510624411278413 12510624415350646 12510624415350702 12510624415426937 12510624416738053 12510624420807998
12510624420808462 12510624420873744 12510624422325171 12510624426406256 12510624426406309 12510624426473404 12510624428046832 12510624432362954
12510624432363013 12510624432436387 12510624433370550 12510624437496969 12510624437497021 12510624437569581 12510624439082551 12510624443170663

12510636168147666 12510636168212598 12510636168625109 12510636172665875 12510636172665898 12510636172736710 12510636173696589 12510636177772735
12510636177772857 12510636177841197 12510636178321781 12510636182418130 12510636182418148 12510636182489019 12510636183067901 12510636187169049
12510636187169486 12510636187234813 12510636187810643 12510636191897543 12510636191897566 12510636191973252 12510636193589635 12510636197695513
12510636197695754 12510636197760786 12510636198942093 12510636203017847 12510636203017891 12510636203084606 12510636204464127 12510636208528498
12510636208528732 12510636208595732 12510636209985178 12510636214046827 12510636214046871 12510636214116976 12510636215504170 12510636219676396
12510636219676565 12510636219752672 12510636221814758 12510636226003176 12510636226003215 12510636226078377 12510636226569822 12510636230677014
12510636230677210 12510636230745636 12510636232215723 12510636236323135 12510636236323174 12510636236389710 12510636237584679 12510636241672928
12510636241673168 12510636241740635 12510636243185373 12510636247258248 12510636247258292 12510636247326638 12510636248620627 12510636252681004
12510636252681250 12510636252746227 12510636254306827 12510636258382415 12510636258382459 12510636258457054 12510636259860944 12510636263961824

12510679267830106 12510679267895390 12510679268303052 12510679272277100 12510679272277112 12510679272341106 12510679272744058 12510679276704836
12510679276705034 12510679276771608 12510679277632174 12510679281597686 12510679281598026 12510679281668768 12510679282988990 12510679286967926
12510679286968088 12510679287032522 12510679288588774 12510679292791626 12510679292791638 12510679292872058 12510679294101940 12510679298067798
12510679298068276 12510679298141336 12510679299572630 12510679303588214 12510679303588270 12510679303653844 12510679305124820 12510679309145302
12510679309145448 12510679309209608 12510679310696046 12510679314713366 12510679314713390 12510679314785162 12510679316298040 12510679320309952
12510679320310174 12510679320372434 12510679321829576 12510679325820580 12510679325820604 12510679325891734 12510679327404422 12510679331750954
12510679331751076 12510679331819126 12510679332858822 12510679336821292 12510679336821316 12510679336884226 12510679338407904 12510679342442251
12510679342442302 12510679342504681 12510679343913238 12510679348001088 12510679348001125 12510679348072914 12510679349441170 12510679353429998
12510679353430272 12510679353494552 12510679355018766 12510679359097062 12510679359097086 12510679359170174 12510679360778508 12510679364737506

3145935598358568 3145935598422112 3145935598834620 3145935602802114 3145935602802160 3145935602869276 3145935603289410 3145935607273276
3145935607273488 3145935607341820 3145935608360546 3145935612340472 3145935612340526 3145935612407544 3145935612899426 3145935616861928
3145935616862160 3145935616926518 3145935617785966 3145935621780000 3145935621780018 3145935621852838 3145935623500606 3145935627496894
3145935627496918 3145935627563860 3145935628921888 3145935632912974 3145935632912998 3145935632987124 3145935634395298 3145935638394654
3145935638395016 3145935638460150 3145935639970650 3145935643953546 3145935643953568 3145935644017386 3145935646251526 3145935650210724
3145935650210918 3145935650279784 3145935651036740 3145935654995336 3145935654995390 3145935655064970 3145935656639842 3145935660594372
3145935660594604 3145935660660008 3145935662449912 3145935666442588 3145935666442608 3145935666517906 3145935667690602 3145935671675594
3145935671675654 3145935671738264 3145935673587606 3145935677813050 3145935677813104 3145935677882800 3145935678727008 3145935682718512
3145935682718572 3145935682787366 3145935684235838 3145935688225322 3145935688225376 3145935688296218 3145935689809858 3145935693796502

12510653754431758 12510653754496205 12510653754906981 12510653758968722 12510653758968740 12510653759040946 12510653759986000 12510653764057035
12510653764057261 12510653764123791 12510653764609525 12510653768682352 12510653768682370 12510653768754094 12510653769240443 12510653773267281
12510653773267866 12510653773339098 12510653773866838 12510653777888408 12510653777888809 12510653777964239 12510653778703284 12510653782743033
12510653782743232 12510653782810416 12510653783741709 12510653787800711 12510653787800752 12510653787866614 12510653789207646 12510653793257974
12510653793258197 12510653793323399 12510653794689356 12510653798708459 12510653798708489 12510653798780389 12510653800279510 12510653804292142
12510653804292722 12510653804358117 12510653806546360 12510653810603127 12510653810603165 12510653810675053 12510653811322441 12510653815363346
12510653815365703 12510653815429392 12510653817709679 12510653821898646 12510653821899048 12510653821971882 12510653822684986 12510653826624112
12510653826624384 12510653826689586 12510653827952978 12510653831886184 12510653831886206 12510653831956394 12510653834052898 12510653837978320
12510653837978584 12510653838042742 12510653839016704 12510653842937396 12510653842937418 12510653843009358 12510653844519818 12510653848463064

12510603468501068 12510603468566328 12510603468977619 12510603473888863 12510603473889152 12510603473962828 12510603474374777 12510603478520116
12510603478520324 12510603478586760 12510603478996601 12510603483147215 12510603483147267 12510603483218504 12510603483626531 12510603487774943
12510603487775348 12510603487844961 12510603488253716 12510603492601234 12510603492601638 12510603492684604 12510603493102728 12510603497237768
12510603497238033 12510603497305027 12510603498452941 12510603502561510 12510603502561565 12510603502627516 12510603503639121 12510603507736354
12510603507736530 12510603507800666 12510603509106175 12510603513255640 12510603513255700 12510603513330320 12510603514617416 12510603518746155
12510603518746392 12510603518811831 12510603520210391 12510603524352977 12510603524353029 12510603524427707 12510603526536240 12510603530688238
12510603530688709 12510603530754503 12510603531202322 12510603535354634 12510603535354686 12510603535420186 12510603536839858 12510603540994612
12510603540994837 12510603541058979 12510603542452475 12510603546758962 12510603546759014 12510603546835480 12510603548178476 12510603552301931
12510603552302197 12510603552369182 12510603553221525 12510603557323828 12510603557323886 12510603557397356 12510603558915782 12510603563088161

12510579663469874 12510579663535715 12510579663951668 12510579668166247 12510579668166265 12510579668242229 12510579668652982 12510579672876029
12510579672876264 12510579672947772 12510579674151245 12510579678378292 12510579678378702 12510579678448034 12510579678917865 12510579683120457
12510579683120505 12510579683188408 12510579684674179 12510579688898290 12510579688898335 12510579688970276 12510579690037506 12510579694251999
12510579694252326 12510579694323483 12510579695561145 12510579699771556 12510579699771612 12510579699847407 12510579701107644 12510579705289683
12510579705292084 12510579705361609 12510579706619890 12510579710812148 12510579710812196 12510579710897288 12510579712236975 12510579717107619
12510579717107670 12510579717191253 12510579717760719 12510579721880197 12510579721880248 12510579721946629 12510579723274864 12510579727380962
12510579727381016 12510579727444105 12510579728795624 12510579732890885 12510579732890933 12510579732965938 12510579734390247 12510579738492988
12510579738493401 12510579738557206 12510579739870480 12510579743928937 12510579743928985 12510579744003193 12510579745374253 12510579749609589
12510579749612186 12510579749680913 12510579750929712 12510579755171738 12510579755171786 12510579755235874 12510579756677548 12510579760773770

12510641776566300 12510641776633898 12510641777043820 12510641781000776 12510641781000788 12510641781071836 12510641782183499 12510641786261286
12510641786261488 12510641786327444 12510641787768374 12510641791705420 12510641791705432 12510641791769018 12510641793329982 12510641797304858
12510641797305198 12510641797368120 12510641798880858 12510641802816116 12510641802816138 12510641802888386 12510641804377058 12510641808287694
12510641808288202 12510641808351308 12510641809928696 12510641813839962 12510641813840020 12510641813912604 12510641815471288 12510641819408116
12510641819408594 12510641819475894 12510641821075756 12510641825009532 12510641825009554 12510641825091142 12510641826601444 12510641830544374
12510641830545332 12510641830609752 12510641832126530 12510641836089160 12510641836089182 12510641836155208 12510641837635212 12510641841573596
12510641841573842 12510641841637914 12510641843158690 12510641847122510 12510641847122532 12510641847194320 12510641848695320 12510641852626614
12510641852626748 12510641852692544 12510641854234850 12510641858156182 12510641858156204 12510641858230686 12510641859804940 12510641863732350
12510641863732568 12510641863801318 12510641865535830 12510641869494938 12510641869494994 12510641869559804 12510641870117726 12510641874031824

12510620471332131 12510620471398764 12510620471805456 12510620475948925 12510620475948943 12510620476018250 12510620477028035 12510620481305186
12510620481305668 12510620481375909 12510620481780882 12510620485848468 12510620485848486 12510620485918264 12510620486682346 12510620490732103
12510620490732159 12510620490804944 12510620492272786 12510620496326949 12510620496326967 12510620496402257 12510620497815439 12510620501867540
12510620501867820 12510620501935687 12510620503315832 12510620507344332 12510620507344376 12510620507417806 12510620508866265 12510620512920464
12510620512920684 12510620512984677 12510620515156865 12510620519200222 12510620519200266 12510620519271670 12510620519962319 12510620523986944
12510620523987000 12510620524057961 12510620525531320 12510620529590972 12510620529591016 12510620529661968 12510620531038557 12510620535081860
12510620535082145 12510620535149457 12510620536575083 12510620540640963 12510620540641013 12510620540717183 12510620542373379 12510620546535583
12510620546535750 12510620546602898 12510620547636997 12510620551675617 12510620551676101 12510620551746188 12510620553160585 12510620557184758
12510620557184990 12510620557249099 12510620558708412 12510620562746583 12510620562746622 12510620562817904 12510620564459457 12510620568535672

12510541533603305 12510541533668747 12510541534077533 12510541538186888 12510541538186911 12510541538250857 12510541538684822 12510541542748978
12510541542749059 12510541542823805 12510541543741682 12510541547804439 12510541547804457 12510541547881530 12510541548289587 12510541552316720
12510541552316990 12510541552382115 12510541553261934 12510541557452276 12510541557452305 12510541557531580 12510541558766119 12510541562810124
12510541562810403 12510541562877100 12510541564298212 12510541568350037 12510541568352435 12510541568418544 12510541569783160 12510541573832400
12510541573832552 12510541573896779 12510541575356826 12510541579421411 12510541579421464 12510541579494359 12510541581669965 12510541585688169
12510541585688451 12510541585754069 12510541586424010 12510541590463614 12510541590463670 12510541590540648 12510541592025004 12510541596046729
12510541596046952 12510541596112650 12510541597513655 12510541601541349 12510541601541397 12510541601606474 12510541603080840 12510541607095110
12510541607095618 12510541607163952 12510541608967912 12510541613031620 12510541613031676 12510541613104090 12510541614109663 12510541618157197
12510541618157438 12510541618223852 12510541619615830 12510541623659484 12510541623659540 12510541623733505 12510541625182974 12510541629251005

12510668609178675 12510668609242561 12510668609652573 12510668614048386 12510668614048404 12510668614110545 12510668614600495 12510668618691932
12510668618692060 12510668618760014 12510668619231508 12510668623328933 12510668623328951 12510668623399825 12510668624244644 12510668628367768
12510668628367819 12510668628434480 12510668628981805 12510668633051388 12510668633051444 12510668633125153 12510668634765516 12510668639102048
12510668639102405 12510668639176066 12510668640116592 12510668644295804 12510668644295822 12510668644398468 12510668645640659 12510668649762087
12510668649762369 12510668649828252 12510668651154914 12510668655274274 12510668655274330 12510668655340109 12510668656691651 12510668660780376
12510668660780572 12510668660847441 12510668662986599 12510668667101386 12510668667101442 12510668667176183 12510668667751270 12510668671828634
12510668671828819 12510668671894374 12510668673248312 12510668677303236 12510668677303290 12510668677426723 12510668678767690 12510668683103126
12510668683103185 12510668683167903 12510668684359410 12510668688835954 12510668688836007 12510668688901263 12510668689806271 12510668693877710
12510668693877960 12510668693942666 12510668695474785 12510668699559726 12510668699559777 12510668699630179 12510668701032747 12510668705114179
