25 32
12510720136763744 12510720136831594 12510720137719712 12510720141639112 12510720136831614 12510720136896666 12510720141716264 12510720145759754
12510720141639158 12510720141700442 12510720146248984 12510720150243518 12510720145759890 12510720145837806 12510720151113574 12510720155099800
12510720150243540 12510720150311450 12510720155577694 12510720159555078 12510720155099822 12510720155170850 12510720160034302 12510720164017322
12510720159555134 12510720159626118 12510720164499096 12510720168497832 12510720164019886 12510720164089372 12510720168579424 12510720172683902
12510720168497890 12510720168568296 12510720173578130 12510720177546734 12510720172684130 12510720172766778 12510720178022670 12510720182004092
12510720177546756 12510720177614736 12510720182492288 12510720186462650 12510720182004326 12510720182086534 12510720186942080 12510720190893934
12510720186462672 12510720186530502 12510720191379784 12510720195341078 12510720190894078 12510720190963294 12510720195426332 12510720199589136
12510720195341136 12510720195411134 12510720200083766 12510720204047214 12510720199589158 12510720199670810 12510720204527678 12510720208480214
12510720204047270 12510720204114576 12510720208966690 12510720212948052 12510720208480482 12510720208558792 12510720213363514 12510720217336874

12510765094779790 12510765094842144 12510765095734566 12510765099907534 12510765094842200 12510765094915558 12510765100388536 12510765104338116
12510765099907558 12510765099976256 12510765104825042 12510765108784482 12510765104338680 12510765104407310 12510765109262340 12510765113239914
12510765108784528 12510765108852362 12510765113634216 12510765117608308 12510765113240326 12510765113312718 12510765118113588 12510765122077838
12510765117608332 12510765117677072 12510765122581184 12510765126752336 12510765122078460 12510765122156280 12510765127271474 12510765131253896
12510765126752360 12510765126833156 12510765131758556 12510765135713798 12510765131254354 12510765131332490 12510765136218432 12510765140192950
12510765135713820 12510765135784382 12510765140695432 12510765144710314 12510765140195472 12510765140266378 12510765145212446 12510765149213286
12510765144710340 12510765144779388 12510765149727810 12510765153699360 12510765149213702 12510765149296580 12510765154205096 12510765158183864
12510765153699440 12510765153767648 12510765158693002 12510765162691920 12510765158184472 12510765158260584 12510765163189854 12510765167192124
12510765162691944 12510765162757946 12510765167695566 12510765171653604 12510765167194504 12510765167262922 12510765171789134 12510765175865410

12510682785188790 12510682785256106 12510682786142974 12510682790221834 12510682785256154 12510682785321684 12510682790704752 12510682794675586
12510682790221866 12510682790292560 12510682795164700 12510682799159950 12510682794675650 12510682794754922 12510682799637418 12510682804375866
12510682799159962 12510682799229104 12510682804878192 12510682808859686 12510682804375958 12510682804466826 12510682809337776 12510682813300426
12510682808859718 12510682808926652 12510682813782034 12510682817932038 12510682813300626 12510682813374856 12510682818423036 12510682822647502
12510682817932070 12510682818012932 12510682823135174 12510682827120832 12510682822647690 12510682822725600 12510682827596130 12510682831545756
12510682827120862 12510682827187832 12510682832029522 12510682836006172 12510682831545880 12510682831621356 12510682836482326 12510682840506620
12510682836006204 12510682836073158 12510682840994570 12510682844966506 12510682840506684 12510682840584312 12510682845462422 12510682849433858
12510682844966536 12510682845043888 12510682849916436 12510682853893576 12510682849433980 12510682849507796 12510682854372476 12510682858397094
12510682853893610 12510682853960756 12510682858898504 12510682863013130 12510682858397141 12510682858483969 12510682863027914 12510682867118008

12510710554869864 12510710554931848 12510710555799390 12510710559716694 12510710554931902 12510710554995696 12510710559799892 12510710563782102
12510710559716768 12510710559780512 12510710564271362 12510710568250100 12510710563782528 12510710563860862 12510710568730972 12510710572715794
12510710568250146 12510710568321804 12510710573205872 12510710577975894 12510710572716214 12510710572798634 12510710578865614 12510710582851004
12510710577975970 12510710578059524 12510710583347276 12510710587415144 12510710582851084 12510710582934612 12510710587895416 12510710591886854
12510710587415218 12510710587483454 12510710592283974 12510710596276346 12510710591887474 12510710591962644 12510710596783654 12510710600735120
12510710596276386 12510710596350932 12510710601253194 12510710605240112 12510710600735674 12510710600816086 12510710605743350 12510710609712608
12510710605240186 12510710605310862 12510710610222964 12510710614385980 12510710609714992 12510710609791180 12510710614984362 12510710618948248
12510710614386060 12510710614461166 12510710619434630 12510710623403434 12510710618948852 12510710619021902 12510710623888162 12510710627892846
12510710623403526 12510710623479962 12510710628378170 12510710632386016 12510710627895282 12510710627969486 12510710632401654 12510710636375204

12510709888693634 12510709888758822 12510709889640562 12510709893723274 12510709888758836 12510709888830672 12510709894211592 12510709898120074
12510709893723310 12510709893792520 12510709898605046 12510709902542082 12510709898120206 12510709898196006 12510709903013402 12510709906937856
12510709902542094 12510709902611192 12510709907441390 12510709911351780 12510709906938040 12510709907031858 12510709911438814 12510709915626276
12510709911351792 12510709911419734 12510709916418358 12510709920535428 12510709915626288 12510709915704196 12510709921045012 12510709924958952
12510709920535500 12510709920609852 12510709925470500 12510709929379402 12510709924959166 12510709925031956 12510709929887620 12510709933841904
12510709929379474 12510709929451534 12510709934361352 12510709938309330 12510709933842128 12510709933926042 12510709938809272 12510709942727744
12510709938309342 12510709938376324 12510709943229348 12510709947503338 12510709942727790 12510709942796634 12510709948008126 12510709951953300
12510709947503756 12510709947577210 12510709952460194 12510709956387758 12510709951953524 12510709952024932 12510709956886974 12510709960837398
12510709956387830 12510709956454026 12510709961344630 12510709965287046 12510709960837626 12510709960912160 12510709965421328 12510709969369338

12510738142464292 12510738142537454 12510738143408654 12510738147348142 12510738142537504 12510738142603998 12510738147427906 12510738151408920
12510738147348154 12510738147412138 12510738151897342 12510738155883204 12510738151408932 12510738151489128 12510738156361030 12510738160339082
12510738155883216 12510738155950598 12510738160865186 12510738164971256 12510738160339124 12510738160407738 12510738165458922 12510738169456364
12510738164971268 12510738165049036 12510738169936882 12510738174778070 12510738169456376 12510738169528444 12510738175575856 12510738179571528
12510738174778474 12510738174860922 12510738180089964 12510738184072340 12510738179572272 12510738179654810 12510738184566932 12510738188547562
12510738184072416 12510738184136920 12510738189044074 12510738193010496 12510738188547792 12510738188616080 12510738193248923 12510738197604944
12510738193010524 12510738193118896 12510738198438050 12510738202420918 12510738197605016 12510738197725150 12510738202917334 12510738206889844
12510738202420952 12510738202490014 12510738207088154 12510738211095776 12510738206890130 12510738206963862 12510738211571164 12510738215577670
12510738211095808 12510738211164414 12510738216064800 12510738220011636 12510738215577742 12510738215654666 12510738220421488 12510738224417056

12510725760324736 12510725760389240 12510725761278523 12510725765319713 12510725760389266 12510725760453592 12510725765794868 12510725769864885
12510725765319731 12510725765382547 12510725770352454 12510725774459465 12510725769864959 12510725769941693 12510725774938825 12510725779010128
12510725774459833 12510725774527279 12510725779516652 12510725783583272 12510725779010600 12510725779094519 12510725784058748 12510725788148209
12510725783583290 12510725783650774 12510725788630547 12510725792705115 12510725788148379 12510725788219354 12510725793182600 12510725797406765
12510725792705163 12510725792773764 12510725797905674 12510725801967192 12510725797406994 12510725797494383 12510725802445491 12510725806505012
12510725801967239 12510725802034459 12510725806993726 12510725811071898 12510725806505288 12510725806584019 12510725811556128 12510725815632922
12510725811071958 12510725811143623 12510725816118754 12510725820196858 12510725815633160 12510725815709374 12510725820676411 12510725824935716
12510725820196903 12510725820268452 12510725825425455 12510725829966075 12510725824935826 12510725825014216 12510725830447577 12510725834571132
12510725829966125 12510725830035169 12510725835057912 12510725839133654 12510725834571150 12510725834648767 12510725839144746 12510725843941418

12510650245411388 12510650245481948 12510650246366866 12510650250412350 12510650245481971 12510650245547307 12510650250891240 12510650255042989
12510650250412368 12510650250476987 12510650255542180 12510650259584669 12510650255043125 12510650255130390 12510650260063033 12510650264108823
12510650259584692 12510650259655026 12510650264582923 12510650268610873 12510650264109022 12510650264178081 12510650269091775 12510650273129260
12510650268610930 12510650268680824 12510650273618815 12510650277676324 12510650273129435 12510650273201564 12510650278154992 12510650282369069
12510650277676387 12510650277748833 12510650282867006 12510650286891898 12510650282369125 12510650282452622 12510650287385815 12510650291386291
12510650286891952 12510650286961302 12510650291878636 12510650295900699 12510650291386508 12510650291465503 12510650296382956 12510650300431512
12510650295900770 12510650295970067 12510650300915508 12510650304931765 12510650300431720 12510650300504446 12510650305327743 12510650309544985
12510650304931830 12510650305003664 12510650310062528 12510650314106493 12510650309545190 12510650309628904 12510650314612994 12510650318656140
12510650314106562 12510650314179293 12510650319165847 12510650323200871 12510650318656229 12510650318732455 12510650323325356 12510650327369307

12510635153606372 12510635153669012 12510635154554378 12510635158476020 12510635153669080 12510635153741104 12510635158556252 12510635162488706
12510635158476066 12510635158537376 12510635162968288 12510635166920410 12510635162488824 12510635162560814 12510635167394790 12510635171311376
12510635166920456 12510635166987328 12510635171794654 12510635176194552 12510635171311388 12510635171383538 12510635176674090 12510635180835506
12510635176194564 12510635176270364 12510635181322632 12510635185279722 12510635180835570 12510635180910644 12510635185760072 12510635189698378
12510635185279792 12510635185348624 12510635190185908 12510635194104242 12510635189698970 12510635189777360 12510635194575330 12510635198510098
12510635194104316 12510635194171568 12510635198986786 12510635202889118 12510635198510186 12510635198579942 12510635203373654 12510635207280622
12510635202889718 12510635202958898 12510635207760562 12510635211691006 12510635207280894 12510635207353322 12510635212165484 12510635216073248
12510635211691042 12510635211758808 12510635216560938 12510635220453772 12510635216073482 12510635216151872 12510635220930094 12510635224861722
12510635220453844 12510635220521134 12510635225340286 12510635229267020 12510635224861966 12510635224932790 12510635229678128 12510635233595404

12510636317758635 12510636317822390 12510636318749498 12510636323009196 12510636317822422 12510636317889129 12510636323488200 12510636327618170
12510636323009214 12510636323075586 12510636328113080 12510636332288475 12510636327618358 12510636327699992 12510636332772370 12510636336917711
12510636332288891 12510636332358918 12510636337405492 12510636341515101 12510636336918078 12510636336994192 12510636341998314 12510636346129948
12510636341515121 12510636341583842 12510636346616231 12510636350952324 12510636346130395 12510636346202597 12510636351440930 12510636355589753
12510636350952384 12510636351030312 12510636356074942 12510636360207752 12510636355589773 12510636355665075 12510636360683222 12510636364801273
12510636360207798 12510636360274222 12510636365299551 12510636369403380 12510636364801735 12510636364884380 12510636369888684 12510636374022233
12510636369403446 12510636369475128 12510636374509881 12510636378637092 12510636374022667 12510636374095926 12510636379115662 12510636383216553
12510636378637155 12510636378706318 12510636383706416 12510636387803877 12510636383216622 12510636383291982 12510636388286261 12510636392419276
12510636387803935 12510636387876076 12510636392911938 12510636397058924 12510636392419871 12510636392498527 12510636397071202 12510636401366344

12510761249465346 12510761249528134 12510761250316340 12510761254217186 12510761249528170 12510761249589416 12510761254296574 12510761258108744
12510761254217522 12510761254285804 12510761258564206 12510761262362478 12510761258109150 12510761258179470 12510761262790768 12510761266880662
12510761262362566 12510761262426632 12510761267337748 12510761271377806 12510761266880674 12510761266962822 12510761271825404 12510761275621420
12510761271377818 12510761271443982 12510761276057714 12510761279993031 12510761275621960 12510761275684366 12510761280460470 12510761284277444
12510761279993397 12510761280089460 12510761284716784 12510761288543658 12510761284277798 12510761284343088 12510761289004284 12510761292842264
12510761288544032 12510761288609474 12510761293291782 12510761297117942 12510761292842600 12510761292917854 12510761297558148 12510761301379290
12510761297118014 12510761297184154 12510761301828734 12510761305727230 12510761301379650 12510761301452746 12510761306182144 12510761310020160
12510761305727268 12510761305806804 12510761310459672 12510761314291058 12510761310020546 12510761310086020 12510761315022480 12510761318917122
12510761314291132 12510761314355848 12510761319628432 12510761323495736 12510761318917454 12510761318987948 12510761324269442 12510761328258014

12510654920905846 12510654920967236 12510654921767066 12510654925907784 12510654920967282 12510654921034708 12510654926344262 12510654930194102
12510654925907830 12510654925972786 12510654930646406 12510654934461030 12510654930194114 12510654930271900 12510654934809544 12510654938911668
12510654934461410 12510654934526458 12510654939388312 12510654943258914 12510654938911680 12510654938991346 12510654943730638 12510654947785466
12510654943259280 12510654943332728 12510654948257534 12510654952156086 12510654947785674 12510654947855992 12510654952616670 12510654956556852
12510654952156404 12510654952220984 12510654957037138 12510654960905308 12510654956557052 12510654956634390 12510654961373006 12510654965242324
12510654960906252 12510654960972182 12510654965715834 12510654969564648 12510654965242520 12510654965315718 12510654970029752 12510654973879202
12510654969567008 12510654969629620 12510654974352488 12510654978216226 12510654973879398 12510654973950496 12510654978683558 12510654982571012
12510654978216588 12510654978282238 12510654983045336 12510654986922264 12510654982571200 12510654982639950 12510654987397408 12510654991248196
12510654986922310 12510654986989338 12510654991723582 12510654995631918 12510654991248354 12510654991319558 12510654995757644 12510654999627382

12510594013080941 12510594013146541 12510594014013913 12510594018058850 12510594013146565 12510594013209158 12510594018538177 12510594022613177
12510594018058868 12510594018127502 12510594023112653 12510594027167444 12510594022613248 12510594022691117 12510594027646940 12510594031730227
12510594027167467 12510594027235828 12510594032224057 12510594036306987 12510594031730250 12510594031814841 12510594036784793 12510594040842264
12510594036307409 12510594036377042 12510594041340537 12510594045429023 12510594040844662 12510594040916223 12510594045917045 12510594050031133
12510594045429068 12510594045510215 12510594050512933 12510594054627745 12510594050031344 12510594050105963 12510594055133685 12510594059229936
12510594054627797 12510594054697749 12510594059716888 12510594063772074 12510594059230070 12510594059307220 12510594064252242 12510594068351958
12510594063772166 12510594063841742 12510594068832978 12510594072935282 12510594068352267 12510594068421534 12510594073415765 12510594077510958
12510594072935333 12510594073002832 12510594077990104 12510594082062076 12510594077511318 12510594077583131 12510594082545260 12510594086600983
12510594082062132 12510594082131075 12510594087089171 12510594091186551 12510594086601268 12510594086677105 12510594091199700 12510594095437215

12510582904679447 12510582904745339 12510582905619777 12510582909659559 12510582904745365 12510582904811334 12510582910134853 12510582914177684
12510582909660260 12510582909724945 12510582914276324 12510582918292405 12510582914177842 12510582914258982 12510582918773581 12510582922812667
12510582918292423 12510582918362944 12510582923293177 12510582927342693 12510582922812926 12510582922884196 12510582927821922 12510582931848880
12510582927342756 12510582927413636 12510582932338232 12510582936358141 12510582931849070 12510582931921778 12510582936834658 12510582941060267
12510582936358177 12510582936426642 12510582941559996 12510582945634980 12510582941060386 12510582941147627 12510582946110322 12510582950128181
12510582945635034 12510582945701876 12510582950623340 12510582954630145 12510582950128410 12510582950212100 12510582955114143 12510582959150413
12510582954630196 12510582954704663 12510582959636250 12510582963668785 12510582959150630 12510582959222895 12510582964149946 12510582968173714
12510582963668827 12510582963739897 12510582968669696 12510582972679987 12510582968173955 12510582968253491 12510582973160740 12510582977170276
12510582972680040 12510582972749934 12510582977668054 12510582981612010 12510582977170288 12510582977255066 12510582982018250 12510582985927384

12510629241210767 12510629241276186 12510629242160553 12510629246259196 12510629241276206 12510629241340836 12510629246742735 12510629250867805
12510629246259216 12510629246327307 12510629251360988 12510629255510955 12510629250867823 12510629250948628 12510629255997822 12510629260155274
12510629255510975 12510629255582871 12510629260637141 12510629264790043 12510629260155320 12510629260225555 12510629265277436 12510629269581817
12510629264790063 12510629264859893 12510629270073289 12510629274206243 12510629269581837 12510629269660695 12510629274689424 12510629278821757
12510629274206330 12510629274274768 12510629279311280 12510629283448755 12510629278822381 12510629278898235 12510629283934608 12510629288060124
12510629283448807 12510629283519533 12510629288564928 12510629292703637 12510629288060144 12510629288139695 12510629293190715 12510629297335023
12510629292703689 12510629292775391 12510629297821977 12510629301966348 12510629297335612 12510629297409547 12510629302452652 12510629306598522
12510629301966403 12510629302037524 12510629307084592 12510629311205630 12510629306598540 12510629306672328 12510629311697538 12510629315839705
12510629311205679 12510629311279380 12510629316335904 12510629320623457 12510629315840271 12510629315919427 12510629320641660 12510629324792623

12510641060701840 12510641060764954 12510641061636050 12510641065561350 12510641060764966 12510641060830276 12510641065643402 12510641069609850
12510641065561362 12510641065625212 12510641070096552 12510641074097102 12510641069609938 12510641069685226 12510641074572198 12510641078535762
12510641074097114 12510641074162942 12510641079029242 12510641082996496 12510641078535882 12510641078614470 12510641083472282 12510641088279194
12510641082996508 12510641083064864 12510641089174066 12510641093122276 12510641088279350 12510641088367540 12510641093596974 12510641097568218
12510641093122684 12510641093190278 12510641098047166 12510641102015802 12510641097568420 12510641097639572 12510641102499728 12510641106477792
12510641102015836 12510641102086096 12510641106959536 12510641110943080 12510641106478018 12510641106553334 12510641111420412 12510641115418284
12510641110943158 12510641111010794 12510641115894816 12510641119876002 12510641115418522 12510641115486058 12510641120358624 12510641124311600
12510641119876032 12510641119943818 12510641124788994 12510641128790620 12510641124311664 12510641124381180 12510641129264504 12510641133252934
12510641128790686 12510641128859380 12510641133749768 12510641137711932 12510641133253208 12510641133338972 12510641137725332 12510641141690688

12510684160405127 12510684160497270 12510684161371980 12510684165379742 12510684160497324 12510684160560564 12510684165849068 12510684169802538
12510684165379754 12510684165442654 12510684170293024 12510684174455068 12510684169803028 12510684169879376 12510684174935544 12510684178909918
12510684174455098 12510684174529428 12510684179387360 12510684183397424 12510684178909930 12510684178978658 12510684183870728 12510684187852596
12510684183397488 12510684183464934 12510684188331456 12510684192315314 12510684187853202 12510684187924198 12510684192401926 12510684196586516
12510684192315344 12510684192382412 12510684197078520 12510684201059094 12510684196586588 12510684196667120 12510684201541696 12510684205484960
12510684201059124 12510684201129204 12510684206373832 12510684210359950 12510684205485032 12510684205563166 12510684210446450 12510684214410220
12510684210360016 12510684210430210 12510684214890152 12510684218858318 12510684214410294 12510684214479174 12510684219332002 12510684223318456
12510684218858382 12510684218925872 12510684223797538 12510684228109000 12510684223318928 12510684223390106 12510684228986326 12510684233208834
12510684228109066 12510684228185218 12510684233695840 12510684237662828 12510684233209244 12510684233285300 12510684237680094 12510684241635148

3145940490919078 3145940490982662 3145940491873502 3145940495830280 3145940490982722 3145940491044926 3145940495906830 3145940499906444
3145940495830292 3145940495895664 3145940500389748 3145940504393226 3145940499906896 3145940499984216 3145940504911088 3145940509008136
3145940504393238 3145940504462570 3145940509499838 3145940513478896 3145940509008530 3145940509088748 3145940513952394 3145940518191350
3145940513479296 3145940513547650 3145940519072584 3145940523101020 3145940518191420 3145940518263738 3145940523610866 3145940527581770
3145940523101448 3145940523171535 3145940528080714 3145940532050676 3145940527582202 3145940527660174 3145940532433814 3145940536413392
3145940532051096 3145940532119638 3145940536929324 3145940540895066 3145940536413876 3145940536494984 3145940541401596 3145940545363700
3145940540895488 3145940540969618 3145940545869462 3145940549839128 3145940545364156 3145940545434446 3145940550343236 3145940554356370
3145940549841506 3145940549911314 3145940554865334 3145940559047610 3145940554356726 3145940554432602 3145940559560578 3145940563530202
3145940559047622 3145940559123852 3145940563736646 3145940567714662 3145940563530644 3145940563608144 3145940568125984 3145940572100422

12510658646995192 12510658647059458 12510658647937886 12510658652073726 12510658647059511 12510658647128151 12510658652554827 12510658656611766
12510658652073761 12510658652143198 12510658657102322 12510658661133974 12510658656611789 12510658656688729 12510658661627201 12510658665656741
12510658661134027 12510658661210711 12510658666149909 12510658670168136 12510658665656779 12510658665739130 12510658670647677 12510658674712746
12510658670168175 12510658670238490 12510658675199995 12510658679392175 12510658674712814 12510658674790778 12510658679886039 12510658683887162
12510658679392208 12510658679474739 12510658684370061 12510658689201486 12510658683887213 12510658683960518 12510658689706212 12510658693659528
12510658689201512 12510658689293466 12510658694146920 12510658698086532 12510658693659590 12510658693738474 12510658698564736 12510658702498294
12510658698086544 12510658698157164 12510658703002178 12510658706903832 12510658702498706 12510658702577950 12510658707385180 12510658711309832
12510658706903870 12510658706979444 12510658711793432 12510658715720274 12510658711310234 12510658711383646 12510658716206046 12510658720322166
12510658715720338 12510658715798126 12510658720816586 12510658724761192 12510658720322568 12510658720405866 12510658724776276 12510658728693434

12510608361047700 12510608361112141 12510608361983307 12510608366054753 12510608361112197 12510608361179280 12510608366542459 12510608370606274
12510608366054771 12510608366131558 12510608371123314 12510608375326966 12510608370606325 12510608370684619 12510608375812542 12510608379768938
12510608375326978 12510608375403626 12510608380259084 12510608384238526 12510608379769366 12510608379847652 12510608384716534 12510608388706794
12510608384238538 12510608384306434 12510608389176450 12510608393145056 12510608388706860 12510608388773576 12510608393231636 12510608397198818
12510608393145406 12510608393212280 12510608397678738 12510608401673574 12510608397198982 12510608397272144 12510608402150984 12510608406118328
12510608401673602 12510608401743680 12510608406608410 12510608410556252 12510608406118556 12510608406195326 12510608411034548 12510608415027802
12510608410556280 12510608410624922 12510608415508138 12510608419499210 12510608415027834 12510608415097502 12510608419974050 12510608423948112
12510608419499242 12510608419567880 12510608424429150 12510608428676668 12510608423948332 12510608424019968 12510608429158384 12510608433147672
12510608428676696 12510608428750516 12510608433627400 12510608437603706 12510608433147756 12510608433219180 12510608438014454 12510608441974408

12510584556011322 12510584556074506 12510584556855078 12510584560828844 12510584556074558 12510584556137082 12510584561022468 12510584564973144
12510584560828856 12510584560899448 12510584565502598 12510584569618892 12510584564973156 12510584565046958 12510584570095532 12510584574109086
12510584569618904 12510584569691112 12510584574597802 12510584578603994 12510584574109462 12510584574189302 12510584579084278 12510584583733298
12510584578604416 12510584578671922 12510584584565824 12510584588722498 12510584583733669 12510584583821240 12510584589219050 12510584593193650
12510584588722544 12510584588791112 12510584593704460 12510584597679286 12510584593194074 12510584593269054 12510584597875930 12510584601903616
12510584597679362 12510584597750422 12510584602389966 12510584606347110 12510584601903980 12510584601979946 12510584606825614 12510584610833986
12510584606347142 12510584606414732 12510584611310622 12510584615306726 12510584610836388 12510584610904828 12510584615779000 12510584619756146
12510584615306760 12510584615375378 12510584620237272 12510584624208630 12510584619758476 12510584619828338 12510584624683038 12510584628675828
12510584624208694 12510584624278396 12510584629156350 12510584633140892 12510584628676236 12510584628750180 12510584633537936 12510584637503700

12510646669132045 12510646669200590 12510646670024074 12510646674079806 12510646669200616 12510646669296507 12510646674585852 12510646678847466
12510646674079824 12510646674150764 12510646679366925 12510646683390510 12510646678855706 12510646678935465 12510646683894562 12510646687924678
12510646683390882 12510646683462621 12510646688432995 12510646692569818 12510646687924696 12510646688000848 12510646693105224 12510646697157029
12510646692569858 12510646692646827 12510646697664778 12510646701674126 12510646697157079 12510646697232886 12510646701871753 12510646706308274
12510646701674165 12510646701741482 12510646707112681 12510646711391732 12510646706308417 12510646706398261 12510646711888275 12510646716155318
12510646711391776 12510646711460190 12510646716662930 12510646720714889 12510646716155362 12510646716225803 12510646721216314 12510646725462429
12510646720714933 12510646720786099 12510646726011621 12510646730202931 12510646725462693 12510646725538551 12510646730706463 12510646735104070
12510646730202954 12510646730273401 12510646735620225 12510646739907268 12510646735104302 12510646735188132 12510646740402266 12510646744431934
12510646739907330 12510646739978000 12510646744987870 12510646748918870 12510646744432136 12510646744504376 12510646749036802 12510646752962988

12510625363891608 12510625363964644 12510625364754426 12510625368724370 12510625363964692 12510625364031076 12510625368901910 12510625372846542
12510625368724382 12510625368788850 12510625373351866 12510625377272878 12510625372846764 12510625372931320 12510625377749820 12510625381704740
12510625377272948 12510625377341074 12510625382182826 12510625386135644 12510625381704752 12510625381778660 12510625386613556 12510625390545280
12510625386135656 12510625386205444 12510625391024088 12510625394967202 12510625390545754 12510625390617320 12510625395443552 12510625399577046
12510625394967558 12510625395033874 12510625400078394 12510625404025512 12510625399577320 12510625399667408 12510625404494764 12510625408414710
12510625404025548 12510625404091230 12510625408886678 12510625412816506 12510625408414862 12510625408480236 12510625413292988 12510625417237260
12510625412816542 12510625412890488 12510625417709336 12510625421625120 12510625417237296 12510625417306924 12510625422102780 12510625426020160
12510625421625158 12510625421693456 12510625426503336 12510625430448780 12510625426022744 12510625426097202 12510625430916898 12510625434829878
12510625430448812 12510625430516514 12510625435327454 12510625439267976 12510625434830108 12510625434911160 12510625439678076 12510625443622812

12510546426131162 12510546426195363 12510546426981591 12510546431083705 12510546426195387 12510546426260024 12510546431582539 12510546435685939
12510546431083728 12510546431149611 12510546436199150 12510546440469934 12510546435686115 12510546435765003 12510546440971580 12510546444997874
12510546440469952 12510546440539605 12510546445519624 12510546449568829 12510546444998088 12510546445075440 12510546450070584 12510546454110996
12510546449569248 12510546449637885 12510546454612211 12510546458649711 12510546454111192 12510546454182804 12510546459150937 12510546463336842
12510546458650124 12510546458721542 12510546463859011 12510546467895459 12510546463337014 12510546463419064 12510546468398944 12510546472435734
12510546467895875 12510546467968473 12510546472953285 12510546477010192 12510546472435936 12510546472513021 12510546477512330 12510546481542981
12510546477010596 12510546477077934 12510546482073292 12510546486109499 12510546481543207 12510546481627818 12510546486614083 12510546490830193
12510546486109921 12510546486178918 12510546491345186 12510546495385304 12510546490830437 12510546490909539 12510546495889228 12510546499925620
12510546495387678 12510546495458835 12510546500432653 12510546504450369 12510546499925682 12510546499997683 12510546504571921 12510546508610823

12510673501757718 12510673501822988 12510673502613510 12510673506665074 12510673501823009 12510673501885367 12510673507170879 12510673511255114
12510673506665097 12510673506731770 12510673511765988 12510673515868081 12510673511255678 12510673511328746 12510673516368574 12510673520664995
12510673515868099 12510673515939092 12510673521193695 12510673525247660 12510673520665013 12510673520753083 12510673525751011 12510673529852079
12510673525247678 12510673525318029 12510673530355602 12510673534443197 12510673529852102 12510673529923018 12510673534639716 12510673538711595
12510673534443215 12510673534512179 12510673539516234 12510673543611151 12510673538712100 12510673538787372 12510673544118677 12510673548455810
12510673543611169 12510673543683793 12510673548974808 12510673553071237 12510673548458427 12510673548540454 12510673553574906 12510673557649427
12510673553071255 12510673553141304 12510673558163271 12510673562217271 12510673557649840 12510673557729706 12510673562733227 12510673566798486
12510673562217289 12510673562286912 12510673567304104 12510673571624594 12510673566799080 12510673566873330 12510673572134690 12510673576226674
12510673571624612 12510673571700701 12510673576733846 12510673580840093 12510673576227340 12510673576300282 12510673580956716 12510673585029222
