25 36
12510721771733968 12510721771803994 12510721772693372 12510721777694742 12510721771804080 12510721771872598 12510721777700154 12510721782670144
12510721772694854 12510721772757552 12510721782673550 12510721787603740 12510721777742262 12510721777817060 12510721787606986 12510721792559920
12510721782711326 12510721782780476 12510721792564262 12510721797484524 12510721787647044 12510721787720998 12510721797489292 12510721802439884
12510721792602096 12510721792674392 12510721802442812 12510721807405472 12510721797528512 12510721797600962 12510721807408996 12510721812329886
12510721802480950 12510721802548768 12510721812333286 12510721817274248 12510721807449864 12510721807533222 12510721817280160 12510721822188994
12510721812376814 12510721812446662 12510721822193528 12510721827134142 12510721817319900 12510721817398822 12510721827139032 12510721832094040
12510721822231410 12510721822314742 12510721832097986 12510721837044772 12510721827177464 12510721827245992 12510721837048354 12510721841968720
12510721832138014 12510721832206680 12510721841972920 12510721846897214 12510721837087832 12510721837168904 12510721846901348 12510721851832312
12510721842012854 12510721842080500 12510721851835198 12510721856784798 12510721846939212 12510721847014066 12510721856789064 12510721861724228

12510766729800216 12510766729871537 12510766730777429 12510766735961291 12510766729871612 12510766729941133 12510766735969019 12510766741169724
12510766730779075 12510766730851581 12510766741173699 12510766746370432 12510766735973841 12510766736048140 12510766746373748 12510766751530730
12510766741177258 12510766741252658 12510766751534269 12510766756694012 12510766746377567 12510766746458214 12510766756698764 12510766761862850
12510766751537683 12510766751608169 12510766761867330 12510766767013369 12510766756702485 12510766756772674 12510766767019444 12510766772175926
12510766761871300 12510766761943571 12510766772179785 12510766777361149 12510766767023393 12510766767098504 12510766777367574 12510766782581147
12510766772183642 12510766772254148 12510766782584781 12510766787792082 12510766777425424 12510766777524646 12510766787796581 12510766793003249
12510766782640764 12510766782719813 12510766793007201 12510766798202164 12510766787851389 12510766787925689 12510766798205807 12510766803414014
12510766793059813 12510766793129681 12510766803417693 12510766808619098 12510766798258906 12510766798336479 12510766808625579 12510766813824720
12510766803471219 12510766803540685 12510766813828274 12510766819034276 12510766808680287 12510766808760020 12510766819038225 12510766824218700

12510684420186238 12510684420256287 12510684421146764 12510684426722622 12510684420256371 12510684420329139 12510684426730645 12510684431085568
12510684421148428 12510684421212010 12510684431089864 12510684435426495 12510684426735687 12510684426816266 12510684435429960 12510684439724372
12510684431093423 12510684431161436 12510684439728823 12510684444055464 12510684435433991 12510684435512814 12510684444060735 12510684448401202
12510684439732495 12510684439805411 12510684448405187 12510684452707726 12510684444064918 12510684444135047 12510684452712112 12510684457030082
12510684448408844 12510684448475107 12510684457034334 12510684461355608 12510684452715757 12510684452790489 12510684461359620 12510684465684953
12510684457038033 12510684457108589 12510684465687966 12510684469996469 12510684461363265 12510684461437346 12510684469998618 12510684474312817
12510684465685761 12510684465760130 12510684474314463 12510684478604320 12510684469997794 12510684470083380 12510684478606002 12510684482936598
12510684474313610 12510684474383367 12510684483652472 12510684487951225 12510684478605057 12510684478675459 12510684488855048 12510684493192864
12510684483653377 12510684483725369 12510684494061918 12510684498391372 12510684488855472 12510684488989914 12510684499320036 12510684503648153

12510712189845083 12510712189917042 12510712190823623 12510712196025112 12510712189917084 12510712189992867 12510712196031085 12510712201261619
12510712190825378 12510712190888013 12510712201267395 12510712205570764 12510712196035987 12510712196112085 12510712205574585 12510712209928527
12510712201272182 12510712201349067 12510712209932340 12510712214263613 12510712205578697 12510712205649224 12510712214268183 12510712218588301
12510712209936053 12510712210004610 12510712218593971 12510712222927065 12510712214271691 12510712214346987 12510712222932188 12510712227273719
12510712218597259 12510712218666975 12510712227277772 12510712231595130 12510712222936517 12510712223015747 12510712231601093 12510712235926376
12510712227281542 12510712227353361 12510712235932132 12510712240300164 12510712231604578 12510712231675438 12510712240301650 12510712244605342
12510712235935364 12510712236004574 12510712244607161 12510712248936402 12510712240301281 12510712240376396 12510712248938936 12510712253260754
12510712244606370 12510712244678647 12510712253262195 12510712257593564 12510712248937521 12510712249018121 12510712257637897 12510712261946745
12510712253261538 12510712253332044 12510712262821023 12510712267140894 12510712257640194 12510712257720785 12510712267920253 12510712272239780

12510711523677543 12510711523749594 12510711524644695 12510711529763810 12510711523749642 12510711523816603 12510711529769967 12510711534833510
12510711524646098 12510711524710771 12510711534837848 12510711539905887 12510711529774100 12510711529849714 12510711539910169 12510711544967368
12510711534841254 12510711534911124 12510711544971882 12510711550033300 12510711539913580 12510711539983629 12510711550037956 12510711555093726
12510711544975941 12510711545043995 12510711555097705 12510711560233179 12510711550041715 12510711550114530 12510711560237993 12510711565284099
12510711555101110 12510711555172208 12510711565287891 12510711570349384 12510711560241596 12510711560320464 12510711570353956 12510711575431788
12510711565291599 12510711565360696 12510711575435336 12510711580525692 12510711570412287 12510711570501005 12510711580529858 12510711585613134
12510711575489528 12510711575564135 12510711585616394 12510711590721572 12510711580581784 12510711580654825 12510711590724440 12510711595828024
12510711585671930 12510711585741486 12510711595831170 12510711600942362 12510711590776619 12510711590856399 12510711600947964 12510711606021053
12510711595883283 12510711595949760 12510711606025558 12510711611068008 12510711600999489 12510711601078024 12510711611071406 12510711616144578

12510739777465813 12510739777534961 12510739778430072 12510739783548979 12510739777534985 12510739777609847 12510739783555664 12510739788644554
12510739778432231 12510739778495270 12510739788648423 12510739794311278 12510739783559999 12510739783632594 12510739794318228 12510739798655300
12510739788653809 12510739788724606 12510739798659021 12510739802982295 12510739794327705 12510739794423944 12510739802986342 12510739807336421
12510739798662461 12510739798731151 12510739807340198 12510739811646056 12510739802989809 12510739803058838 12510739811651339 12510739815970147
12510739807343923 12510739807414911 12510739815974786 12510739820309426 12510739811654815 12510739811726733 12510739820313095 12510739824624938
12510739815977813 12510739816044780 12510739824630070 12510739828965530 12510739820317094 12510739820393686 12510739828969583 12510739833303126
12510739824633638 12510739824700370 12510739833304463 12510739837598195 12510739828968596 12510739829039093 12510739837600525 12510739841943862
12510739833303931 12510739833372767 12510739841946123 12510739846287559 12510739837599957 12510739837669482 12510739847561648 12510739851861207
12510739841945020 12510739842010962 12510739851862734 12510739856151769 12510739847564497 12510739847639118 12510739856616040 12510739860944285

12510727395334111 12510727395403779 12510727396294741 12510727401588597 12510727395403871 12510727395471002 12510727401594712 12510727406849291
12510727396296236 12510727396368228 12510727406853585 12510727412096843 12510727401599333 12510727401667791 12510727412100605 12510727417363430
12510727406857549 12510727406926902 12510727417367117 12510727422595994 12510727412104842 12510727412188402 12510727422600076 12510727427836390
12510727417370956 12510727417438708 12510727427840253 12510727433051940 12510727422603921 12510727422685303 12510727433055693 12510727438316120
12510727427844131 12510727427917757 12510727438320352 12510727443617150 12510727433060194 12510727433128757 12510727443621602 12510727448883037
12510727438384733 12510727438472892 12510727448887783 12510727454178613 12510727443678526 12510727443751858 12510727454182605 12510727459434487
12510727448946872 12510727449017295 12510727459438404 12510727465198130 12510727454239426 12510727454318992 12510727465203832 12510727469538137
12510727459496020 12510727459565563 12510727469542570 12510727473872248 12510727465259632 12510727465330649 12510727473875924 12510727478201227
12510727469546848 12510727469614284 12510727478204852 12510727482512318 12510727473879693 12510727473950639 12510727482517322 12510727486836927

12510651880427480 12510651880495701 12510651881381876 12510651886564436 12510651880495779 12510651880559643 12510651886572149 12510651891779103
12510651881383075 12510651881458195 12510651891783390 12510651896953002 12510651886576329 12510651886650019 12510651896957228 12510651902089417
12510651891787879 12510651891860630 12510651902093225 12510651907223227 12510651896961368 12510651897041000 12510651907227713 12510651912354362
12510651902096868 12510651902167235 12510651912359729 12510651917479100 12510651907231495 12510651907309593 12510651917484612 12510651922595571
12510651912363424 12510651912432382 12510651922600785 12510651927756599 12510651917488784 12510651917569739 12510651927764054 12510651932947426
12510651922604694 12510651922678063 12510651932951809 12510651938129187 12510651927823070 12510651927922699 12510651938134396 12510651943321147
12510651933008236 12510651933087079 12510651943325167 12510651948482132 12510651938187904 12510651938261943 12510651948487525 12510651953653125
12510651943379457 12510651943449137 12510651953657576 12510651958842597 12510651948541563 12510651948619000 12510651958847500 12510651964033995
12510651953713469 12510651953782689 12510651964038173 12510651969209528 12510651958901445 12510651958976805 12510651969214056 12510651974390255

12510636788571793 12510636788643936 12510636789537871 12510636794657220 12510636788644014 12510636788717090 12510636794663534 12510636799732845
12510636789539608 12510636789602035 12510636799736898 12510636804793895 12510636794667723 12510636794732857 12510636804797734 12510636809850286
12510636799740941 12510636799810018 12510636809854333 12510636814927518 12510636804801700 12510636804875308 12510636814932341 12510636819986162
12510636809858454 12510636809927599 12510636819991537 12510636825035266 12510636814935995 12510636815010230 12510636825040490 12510636830080755
12510636819995687 12510636820065843 12510636830084805 12510636835137604 12510636825044284 12510636825127199 12510636835144532 12510636840230226
12510636830088308 12510636830154785 12510636840233714 12510636845323122 12510636835206810 12510636835295453 12510636845327312 12510636850429606
12510636840285715 12510636840353205 12510636850432152 12510636855528456 12510636845380901 12510636845456146 12510636855532006 12510636860621132
12510636850483720 12510636850556401 12510636860626718 12510636865726090 12510636855583262 12510636855658894 12510636865729766 12510636870824418
12510636860680151 12510636860749070 12510636870827764 12510636875919314 12510636865781247 12510636865851756 12510636875922864 12510636881013192

12510637952725400 12510637952796585 12510637953686718 12510637958877370 12510637952796657 12510637952864176 12510637958883835 12510637964135503
12510637953688168 12510637953761032 12510637964140122 12510637969356415 12510637958888541 12510637958957571 12510637969360090 12510637974523398
12510637964143577 12510637964218625 12510637974527477 12510637979703786 12510637969363762 12510637969439526 12510637979709332 12510637984862584
12510637974532068 12510637974601179 12510637984867576 12510637990016426 12510637979713172 12510637979797686 12510637990022047 12510637995235365
12510637984871037 12510637984941766 12510637995240851 12510638000414721 12510637990026014 12510637990094628 12510638000419494 12510638005617776
12510637995244049 12510637995316358 12510638005622013 12510638010862125 12510638000481691 12510638000574381 12510638010866900 12510638016073850
12510638005675931 12510638005751224 12510638016078854 12510638021269821 12510638010921275 12510638011002999 12510638021274310 12510638026499318
12510638016134347 12510638016205157 12510638026504729 12510638031675382 12510638021328081 12510638021399070 12510638031679100 12510638036778330
12510638026558019 12510638026629496 12510638036782096 12510638041900010 12510638031733335 12510638031806227 12510638041904704 12510638046984894

12510762884440366 12510762884505845 12510762885271398 12510762890203333 12510762884505931 12510762884571394 12510762890210212 12510762895119630
12510762885272690 12510762885337886 12510762895123683 12510762900016357 12510762890215020 12510762890283360 12510762900019970 12510762904860576
12510762895127700 12510762895191880 12510762904864498 12510762909773180 12510762900024220 12510762900096975 12510762909777904 12510762914631519
12510762904868260 12510762904931044 12510762914635560 12510762919500689 12510762909781690 12510762909845899 12510762919505966 12510762924325065
12510762914639170 12510762914708378 12510762924328930 12510762929200204 12510762919510652 12510762919577747 12510762929203924 12510762934035375
12510762924332787 12510762924396685 12510762934039030 12510762938877068 12510762929208031 12510762929283692 12510762938880756 12510762943683732
12510762934042783 12510762934106951 12510762943688970 12510762948546602 12510762938884705 12510762938958934 12510762948551404 12510762953374865
12510762943692509 12510762943768111 12510762953379126 12510762958194156 12510762948555629 12510762948619435 12510762958199000 12510762963060777
12510762953383514 12510762953448042 12510762963066521 12510762967899300 12510762958202818 12510762958275517 12510762967903023 12510762972752243

12510656555894602 12510656555966817 12510656556855189 12510656562084690 12510656555966906 12510656556037983 12510656562091396 12510656567213982
12510656556857143 12510656556919894 12510656567218160 12510656572304360 12510656562095410 12510656562168124 12510656572307949 12510656577402113
12510656567222093 12510656567289298 12510656577406511 12510656582493968 12510656572311841 12510656572392298 12510656582498603 12510656587583267
12510656577410206 12510656577478505 12510656587588078 12510656592664603 12510656582502917 12510656582574255 12510656592670445 12510656597774031
12510656587592356 12510656587666131 12510656597778447 12510656602868090 12510656592674346 12510656592747835 12510656602873066 12510656608003724
12510656597782258 12510656597853258 12510656608008404 12510656613141228 12510656602934565 12510656603034916 12510656613145168 12510656618257306
12510656608064933 12510656608141117 12510656618261739 12510656623337582 12510656613197342 12510656613269556 12510656623341436 12510656628444748
12510656618266308 12510656618340403 12510656628448472 12510656633585868 12510656623393995 12510656623471457 12510656633589778 12510656639183745
12510656628498957 12510656628568277 12510656639190740 12510656643551480 12510656633641460 12510656633721727 12510656643555592 12510656647905774

12510595648013477 12510595648092021 12510595648983504 12510595653805199 12510595648092104 12510595648156890 12510595653810381 12510595658567496
12510595648984748 12510595649047380 12510595658572116 12510595663365037 12510595653814790 12510595653892796 12510595663370504 12510595668148362
12510595658575684 12510595658642937 12510595668154611 12510595672927361 12510595663374384 12510595663455694 12510595672933375 12510595677753844
12510595668158782 12510595668233130 12510595677758481 12510595682550031 12510595672936955 12510595673008088 12510595682553573 12510595687272662
12510595677762164 12510595677829943 12510595687277856 12510595692058332 12510595682557392 12510595682633119 12510595692064507 12510595696855311
12510595687281396 12510595687351281 12510595696861126 12510595701614111 12510595692068462 12510595692146465 12510595701618725 12510595706387788
12510595696864818 12510595696932765 12510595706393003 12510595711182078 12510595701622467 12510595701689927 12510595711187180 12510595715918024
12510595706397232 12510595706466852 12510595715923985 12510595720684650 12510595711190776 12510595711264233 12510595720690349 12510595725483275
12510595715927572 12510595715995508 12510595725489061 12510595730277473 12510595720694008 12510595720770691 12510595730279577 12510595735055605

12510584539673979 12510584539748201 12510584540637606 12510584545817840 12510584539748279 12510584539812285 12510584545825155 12510584550964318
12510584540639406 12510584540704255 12510584550968431 12510584556099257 12510584545830554 12510584545909094 12510584556103108 12510584561322151
12510584550972421 12510584551043574 12510584561326375 12510584566457198 12510584556107999 12510584556187781 12510584566461615 12510584571616487
12510584561330119 12510584561406703 12510584571621413 12510584576742977 12510584566465295 12510584566533944 12510584576746952 12510584581880146
12510584571625538 12510584571696085 12510584581886834 12510584587035596 12510584576750745 12510584576825391 12510584587040769 12510584592237239
12510584581890312 12510584581959573 12510584592241108 12510584597494923 12510584587103457 12510584587199495 12510584597500522 12510584602675660
12510584592296648 12510584592371958 12510584602679023 12510584607848269 12510584597554509 12510584597623117 12510584607851903 12510584613027213
12510584602738167 12510584602811279 12510584613030969 12510584618207192 12510584607907386 12510584607979917 12510584618212737 12510584623389363
12510584613083518 12510584613152626 12510584623394305 12510584628649582 12510584618265864 12510584618342494 12510584628653424 12510584633820926

12510630876217497 12510630876291331 12510630877187066 12510630881715523 12510630876291403 12510630876359858 12510630881721627 12510630886134697
12510630877188357 12510630877252990 12510630886138559 12510630890518742 12510630881725452 12510630881802412 12510630890522237 12510630894914796
12510630886142422 12510630886212931 12510630894918800 12510630899299156 12510630890526366 12510630890598183 12510630899304067 12510630903694213
12510630894922238 12510630894990681 12510630903697662 12510630908043935 12510630899307981 12510630899385432 12510630908048407 12510630912448188
12510630903702449 12510630903772233 12510630912453350 12510630916860740 12510630908052050 12510630908130125 12510630916862254 12510630921238669
12510630912457019 12510630912529001 12510630921240746 12510630925655896 12510630916861688 12510630916931168 12510630925658178 12510630930046782
12510630921239955 12510630921312362 12510630930050063 12510630934398121 12510630925656820 12510630925730764 12510630934404725 12510630938810899
12510630930048290 12510630930120593 12510630939617318 12510630943995305 12510630934407409 12510630934485363 12510630944811500 12510630949211301
12510630939617581 12510630939685909 12510630950305358 12510630954701484 12510630944811826 12510630944895682 12510630955215801 12510630959599266

12510642695693587 12510642695765436 12510642696650084 12510642701169279 12510642695765463 12510642695831806 12510642701174524 12510642705666828
12510642696651763 12510642696732966 12510642705671285 12510642710716909 12510642701179079 12510642701250964 12510642710723825 12510642715135133
12510642705675341 12510642705751989 12510642715138342 12510642719519163 12510642710728254 12510642710816128 12510642719523664 12510642724004065
12510642715142531 12510642715211362 12510642724009369 12510642728474144 12510642719527226 12510642719596146 12510642728477561 12510642732909608
12510642724013015 12510642724081970 12510642732913369 12510642737312185 12510642728481513 12510642728555879 12510642737315909 12510642741727410
12510642732916920 12510642732986432 12510642741729634 12510642746210344 12510642737319419 12510642737396919 12510642746211693 12510642750631448
12510642741728314 12510642741798728 12510642750633837 12510642755039999 12510642746211032 12510642746283445 12510642755042024 12510642759421294
12510642750632725 12510642750702720 12510642759422848 12510642763783467 12510642755040947 12510642755113120 12510642763786015 12510642768195759
12510642759422091 12510642759489235 12510642768198160 12510642772586053 12510642763784530 12510642763860447 12510642772587931 12510642776972345

12510685795346778 12510685795421678 12510685796324472 12510685801321687 12510685795421839 12510685795486016 12510685801327148 12510685806281839
12510685796326012 12510685796391288 12510685806286293 12510685810975109 12510685801331814 12510685801405087 12510685810981332 12510685815445303
12510685806290050 12510685806361700 12510685815449810 12510685819932083 12510685810984931 12510685811054281 12510685819935693 12510685824409357
12510685815454500 12510685815525657 12510685824414833 12510685828881699 12510685819939646 12510685820015890 12510685828886492 12510685833379467
12510685824418334 12510685824495000 12510685833384049 12510685837900861 12510685828890679 12510685828965743 12510685837906334 12510685842366853
12510685833387603 12510685833457890 12510685842372041 12510685846854664 12510685837910424 12510685837992554 12510685846859917 12510685851331293
12510685842375572 12510685842444515 12510685851334235 12510685855790763 12510685846863736 12510685846932593 12510685855792667 12510685860248833
12510685851332711 12510685851404546 12510685860251073 12510685864723789 12510685855792157 12510685855865572 12510685864726547 12510685869758730
12510685860250108 12510685860320106 12510685869764804 12510685874083603 12510685864724880 12510685864804161 12510685874085276 12510685878391214

3145942125855870 3145942125931035 3145942126816328 3145942131153586 3145942125931112 3145942125999280 3145942131158875 3145942135469087
3145942126817825 3145942126889505 3145942135472926 3145942139865913 3145942131163638 3145942131233012 3145942139869291 3145942144190797
3145942135476467 3145942135550102 3145942144194253 3145942148585478 3145942139872874 3145942139955557 3145942148589459 3145942152885405
3145942144198082 3145942144269593 3145942152889755 3145942157283142 3145942148593657 3145942148673259 3145942157287251 3145942161626642
3145942152892901 3145942152969549 3145942161631504 3145942165987212 3145942157291023 3145942157360807 3145942165989257 3145942170380059
3145942161635323 3145942161705361 3145942170382523 3145942174706697 3145942165988462 3145942166063645 3145942174707841 3145942179067337
3145942170381363 3145942170451132 3145942179069678 3145942183380520 3145942174707350 3145942174786464 3145942183787065 3145942188136652
3145942179068837 3145942179138362 3145942188958468 3145942193310040 3145942183789397 3145942183856979 3145942194131232 3145942198480125
3145942188958821 3145942189027710 3145942199292493 3145942203592240 3145942194131534 3145942194202655 3145942204474849 3145942208823032

12510660282008506 12510660282079232 12510660282970922 12510660288133615 12510660282079307 12510660282156764 12510660288142689 12510660293289100
12510660282972372 12510660283040642 12510660293294655 12510660298435661 12510660288147305 12510660288214804 12510660298439700 12510660303561073
12510660293298466 12510660293366941 12510660303565591 12510660308699248 12510660298443741 12510660298519456 12510660308705517 12510660313825671
12510660303570075 12510660303640610 12510660313833156 12510660318163040 12510660308709347 12510660308787515 12510660318166573 12510660322501463
12510660313837524 12510660313915102 12510660322506441 12510660326866468 12510660318170675 12510660318251691 12510660326871269 12510660331240635
12510660322510098 12510660322582820 12510660331246994 12510660335670302 12510660326875056 12510660326948680 12510660335675132 12510660340027182
12510660331251131 12510660331322171 12510660340032041 12510660344408194 12510660335679176 12510660335755509 12510660344412400 12510660348763948
12510660340035511 12510660340108320 12510660348769070 12510660353164971 12510660344416245 12510660344496689 12510660353168689 12510660357523663
12510660348772372 12510660348841616 12510660357525113 12510660361853183 12510660353167080 12510660353237485 12510660361855193 12510660366215980

12510609996065980 12510609996137630 12510609997044854 12510610002353395 12510609996137702 12510609996218189 12510610002359979 12510610007654830
12510609997046240 12510609997116348 12510610007659106 12510610012893129 12510610002364143 12510610002429529 12510610012896736 12510610018120514
12510610007662928 12510610007731850 12510610018124632 12510610023351051 12510610012900499 12510610012973483 12510610023355324 12510610028569504
12510610018128401 12510610018197977 12510610028573762 12510610033793522 12510610023359327 12510610023435922 12510610033798175 12510610038405033
12510610028577414 12510610028647323 12510610038410186 12510610042879954 12510610033802472 12510610033886231 12510610042883175 12510610047334785
12510610038413895 12510610038481376 12510610047338553 12510610051812871 12510610042887155 12510610042959200 12510610051817298 12510610056273532
12510610047342455 12510610047414771 12510610056277252 12510610060746616 12510610051821278 12510610051898276 12510610060750060 12510610065193734
12510610056280833 12510610056349022 12510610065197834 12510610069676755 12510610060754747 12510610060839162 12510610069680478 12510610074142280
12510610065201662 12510610065272424 12510610074145531 12510610078579303 12510610069684214 12510610069753766 12510610078583276 12510610083060791

12510586191004330 12510586191079556 12510586191872678 12510586196331660 12510586191079588 12510586191142109 12510586196338498 12510586200750450
12510586191874278 12510586191938680 12510586200755043 12510586205197920 12510586196343580 12510586196421467 12510586205202066 12510586210260181
12510586200758914 12510586200830567 12510586210268065 12510586214669426 12510586205206850 12510586205288201 12510586214673664 12510586219121683
12510586210272707 12510586210366333 12510586219125690 12510586223526947 12510586214678089 12510586214749289 12510586223531124 12510586227924416
12510586219129425 12510586219199914 12510586227928030 12510586232281707 12510586223535096 12510586223610202 12510586232286185 12510586236713618
12510586227932161 12510586228005516 12510586236718570 12510586241116695 12510586232290478 12510586232371947 12510586241118807 12510586245502213
12510586236722802 12510586236796688 12510586245503724 12510586249871169 12510586241118255 12510586241188230 12510586249872903 12510586254249688
12510586245503048 12510586245574022 12510586254251901 12510586258624410 12510586249872079 12510586249948736 12510586258626054 12510586263001808
12510586254250765 12510586254320893 12510586263245070 12510586267659948 12510586258625190 12510586258700443 12510586268450108 12510586272856160

12510648304115612 12510648304184077 12510648304989266 12510648310058428 12510648304184157 12510648304248744 12510648310064543 12510648315125810
12510648304990832 12510648305053119 12510648315129845 12510648320136616 12510648310069134 12510648310144204 12510648320140646 12510648325177990
12510648315134187 12510648315204627 12510648325184313 12510648330215895 12510648320144538 12510648320218090 12510648330220340 12510648335278300
12510648325188660 12510648325256991 12510648335283670 12510648340360982 12510648330224245 12510648330297134 12510648340365891 12510648345434394
12510648335287737 12510648335357391 12510648345442112 12510648350585868 12510648340369638 12510648340445478 12510648350590328 12510648355699154
12510648345501741 12510648345585696 12510648355703610 12510648360802226 12510648350644639 12510648350725022 12510648360806248 12510648365890372
12510648355756818 12510648355826454 12510648365896860 12510648370967650 12510648360860782 12510648360934241 12510648370971028 12510648376087268
12510648365948560 12510648366017372 12510648376091228 12510648381195978 12510648371026066 12510648371101421 12510648381200118 12510648386308612
12510648376143784 12510648376216284 12510648386312474 12510648391467752 12510648381253084 12510648381333241 12510648391470732 12510648396634114

12510626998876771 12510626998948899 12510626999778119 12510627004957738 12510626998948959 12510626999016749 12510627004964209 12510627010189664
12510626999779442 12510626999852707 12510627010193604 12510627015390288 12510627004968658 12510627005045462 12510627015393557 12510627020589025
12510627010260984 12510627010346775 12510627020592362 12510627025781305 12510627015458138 12510627015539674 12510627025785448 12510627030920266
12510627020649399 12510627020724967 12510627030923903 12510627036036731 12510627025789261 12510627025863309 12510627036040839 12510627041169067
12510627030927344 12510627030996749 12510627041173401 12510627046316911 12510627036047154 12510627036129947 12510627046322860 12510627051482870
12510627041177093 12510627041246920 12510627051487363 12510627056672562 12510627046387114 12510627046472108 12510627056677168 12510627061840331
12510627051541522 12510627051618193 12510627061843977 12510627067016824 12510627056729588 12510627056803428 12510627067020803 12510627072180507
12510627061900794 12510627061972595 12510627072185532 12510627077354068 12510627067074323 12510627067152214 12510627077360331 12510627082543682
12510627072237317 12510627072306462 12510627082549976 12510627087717709 12510627077416248 12510627077495190 12510627087725167 12510627092896169

12510548061135323 12510548061208406 12510548062007383 12510548067184864 12510548061208426 12510548061273409 12510548067191350 12510548072327757
12510548062009258 12510548062082330 12510548072331625 12510548077463678 12510548067196096 12510548067270800 12510548077467674 12510548082578274
12510548072335574 12510548072405000 12510548082582703 12510548087704945 12510548077471660 12510548077540456 12510548087709758 12510548092815942
12510548082586470 12510548082658132 12510548092820399 12510548097970891 12510548087713413 12510548087786606 12510548097976052 12510548103133002
12510548092824490 12510548092894441 12510548103137381 12510548108249888 12510548098048427 12510548098155816 12510548108253907 12510548113388722
12510548103142890 12510548103212475 12510548113392333 12510548118512441 12510548108257954 12510548108336064 12510548118517089 12510548123641045
12510548113396383 12510548113470249 12510548123645569 12510548128790450 12510548118521197 12510548118594199 12510548128793900 12510548133979625
12510548123654689 12510548123739518 12510548133983134 12510548139128650 12510548128851956 12510548128936563 12510548139133000 12510548144278028
12510548134037520 12510548134107400 12510548144281786 12510548149388920 12510548139136848 12510548139213681 12510548149393346 12510548154547212

12510675136774973 12510675136845925 12510675137642060 12510675142807737 12510675136845996 12510675136916493 12510675142814803 12510675147950198
12510675137643590 12510675137720749 12510675147954070 12510675153039373 12510675142819251 12510675142889716 12510675153043919 12510675157582865
12510675147957882 12510675148027592 12510675157588761 12510675161886962 12510675153047511 12510675153127975 12510675161891270 12510675166229131
12510675157592668 12510675157663314 12510675166232917 12510675170563512 12510675161894934 12510675161970456 12510675170567925 12510675174883586
12510675166236548 12510675166307850 12510675174888204 12510675179217501 12510675170571800 12510675170645934 12510675179222532 12510675183538166
12510675174891725 12510675174960264 12510675183544198 12510675187866171 12510675179226189 12510675179304240 12510675187870078 12510675192191697
12510675183547978 12510675183620353 12510675192194012 12510675196525517 12510675187873980 12510675187946548 12510675196526958 12510675200836251
12510675192192588 12510675192262765 12510675200838043 12510675205147708 12510675196526411 12510675196600682 12510675205149770 12510675209480384
12510675200837265 12510675200912457 12510675209934082 12510675214278020 12510675205148596 12510675205286824 12510675215107192 12510675219427269
