25 281
12510777709079738 12510777709292512 12510777710090882 12510777755552164 12510777709294818 12510777709505736 12510777755625796 12510777801036870
12510777755622188 12510777755889974 12510777801374852 12510777846720518 12510777801066632 12510777801640716 12510777847047478 12510777892449816
12510777846807404 12510777847317296 12510777892774210 12510777932726360 12510777892530754 12510777893053164 12510777933065192 12510777970405570
12510777932812318 12510777933338138 12510777970725994 12510778007990272 12510777970480706 12510777971006140 12510778008319434 12510778045647316
12510778008066118 12510778008583420 12510778045970740 12510778083193828 12510778045727542 12510778046245660 12510778083517252 12510778120818712
12510778083287022 12510778083790166 12510778121137358 12510778158317424 12510778120902302 12510778121423108 12510778158640728 12510778195874196
12510778158408080 12510778158908986 12510778196197862 12510778234089906 12510778195955336 12510778196486100 12510778234432076 12510778271732598
12510778234179994 12510778234690834 12510778272048778 12510778309273838 12510778271814252 12510778272328522 12510778309598922 12510778346841694
12510778309365978 12510778309863776 12510778347162184 12510778384517712 12510778346877720 12510778347521728 12510778384847600 12510778422131850

12510822667402006 12510822667601744 12510822668425014 12510822714388912 12510822667604336 12510822667838414 12510822714483874 12510822751784308
12510822714426438 12510822714741000 12510822752108076 12510822789340656 12510822751843728 12510822752362740 12510822789665990 12510822827034754
12510822789426670 12510822789954170 12510822827357264 12510822864701506 12510822827123878 12510822827636936 12510822865018902 12510822902443152
12510822864785922 12510822865298260 12510822902764456 12510822940083100 12510822902532616 12510822903045830 12510822940397142 12510822977630624
12510822940161622 12510822940673078 12510822977937022 12510823015432834 12510822977699434 12510822978224862 12510823015758806 12510823053734926
12510823015454914 12510823016002396 12510823054083690 12510823091442898 12510823053833300 12510823054349520 12510823091760114 12510823128985940
12510823091517316 12510823092016722 12510823129306494 12510823166652302 12510823129069392 12510823129591354 12510823166965634 12510823204239942
12510823166684838 12510823167229892 12510823204555696 12510823242192072 12510823204315070 12510823204839730 12510823242514658 12510823279855510
12510823242278652 12510823242779310 12510823280170886 12510823317627826 12510823279935964 12510823280530512 12510823317943438 12510823355279888

12510740357481884 12510740357673976 12510740358438776 12510740404014468 12510740357676370 12510740357893762 12510740404100634 12510740449412628
12510740404057278 12510740404368022 12510740449751476 12510740495082274 12510740449493700 12510740450039496 12510740495408726 12510740540803798
12510740495172924 12510740495662978 12510740541128176 12510740586673742 12510740540887654 12510740541408304 12510740587018002 12510740624300274
12510740586754370 12510740587297884 12510740624633866 12510740661885950 12510740624392774 12510740624914802 12510740662205656 12510740699533940
12510740661971652 12510740662475090 12510740699856468 12510740737060448 12510740699621436 12510740700140258 12510740737379546 12510740774593442
12510740737139622 12510740737638704 12510740774911928 12510740812167910 12510740774680394 12510740775191526 12510740812479850 12510740849751162
12510740812247718 12510740812736812 12510740850070436 12510740887322376 12510740849838686 12510740850357356 12510740887636794 12510740925611760
12510740887398408 12510740887899888 12510740925961530 12510740963174042 12510740925705336 12510740926226256 12510740963500104 12510741000742100
12510740963267124 12510740963758542 12510741001064820 12510741038386060 12510741000827794 12510741001417906 12510741038709798 12510741076029752

12510768127277076 12510768127478184 12510768128348818 12510768173743354 12510768127480572 12510768127712004 12510768173826862 12510768219155456
12510768173835402 12510768174123838 12510768219493158 12510768264782568 12510768219236346 12510768219756130 12510768265109152 12510768310579832
12510768264873426 12510768265362952 12510768310905128 12510768349798116 12510768310667184 12510768311177742 12510768350135804 12510768388707168
12510768349881252 12510768350407604 12510768389058232 12510768426364846 12510768388785640 12510768389337804 12510768426694848 12510768463944056
12510768426436614 12510768426957838 12510768464270504 12510768501530594 12510768464027620 12510768464537534 12510768501858816 12510768539107654
12510768501622360 12510768502119492 12510768539433342 12510768576779694 12510768539199008 12510768539714094 12510768577122382 12510768614392334
12510768576873016 12510768577386576 12510768614716742 12510768651993586 12510768614474228 12510768615005358 12510768652310974 12510768690380872
12510768652067048 12510768652586464 12510768690736136 12510768728065316 12510768690459544 12510768691007312 12510768728383648 12510768765719872
12510768728154240 12510768728646012 12510768766042400 12510768803428080 12510768765794322 12510768766413720 12510768803745584 12510768841020266

12510767461092706 12510767461302408 12510767462073622 12510767507288450 12510767461304828 12510767461521272 12510767507373850 12510767552527946
12510767507329102 12510767507649642 12510767552852232 12510767598033486 12510767552606636 12510767553140334 12510767598357054 12510767643544510
12510767598121858 12510767598625000 12510767643871670 12510767688974168 12510767643636086 12510767644163006 12510767689298084 12510767734466272
12510767689055466 12510767689575550 12510767734789328 12510767779963062 12510767734546498 12510767735070472 12510767780286590 12510767818445326
12510767780053212 12510767780562056 12510767818794588 12510767855699178 12510767818536150 12510767819045806 12510767856013766 12510767892882596
12510767855788678 12510767856304498 12510767893205114 12510767930087248 12510767892961988 12510767893490194 12510767930405198 12510767967243980
12510767930177574 12510767930686396 12510767967587022 12510768004430102 12510767967335026 12510767967848812 12510768004751032 12510768041662598
12510768004518256 12510768005060510 12510768041984904 12510768078896526 12510768041754138 12510768042249704 12510768079215726 12510768117047416
12510768078969252 12510768079495320 12510768117447992 12510768154318810 12510768117125557 12510768117697740 12510768154645758 12510768191470532

12510795714978832 12510795715171842 12510795715992354 12510795753286142 12510795715174424 12510795715389394 12510795753367752 12510795790658810
12510795753363578 12510795753622466 12510795790974564 12510795828251882 12510795790692172 12510795791247848 12510795828563876 12510795865789596
12510795828282094 12510795828813600 12510795866101478 12510795903358974 12510795865878044 12510795866378238 12510795903672084 12510795940927682
12510795903451582 12510795903936060 12510795941237094 12510795979254424 12510795941011258 12510795941506212 12510795979647276 12510796016990222
12510795979345404 12510795979906800 12510796017309588 12510796054571962 12510796017078440 12510796017590180 12510796054886354 12510796092159312
12510796054662446 12510796055158094 12510796092480420 12510796129725402 12510796092238872 12510796092751044 12510796130043666 12510796167277098
12510796129828136 12510796130316606 12510796167596960 12510796204991146 12510796167368704 12510796167882066 12510796205303826 12510796242750484
12510796205083356 12510796205577032 12510796243071174 12510796281156800 12510796242821166 12510796243363298 12510796281489192 12510796318775768
12510796281243174 12510796281760174 12510796319088256 12510796356307478 12510796318849696 12510796319348338 12510796356613674 12510796393892864

12510783332837498 12510783333053188 12510783333835724 12510783378872988 12510783333055342 12510783333255660 12510783378955234 12510783416150324
12510783378905384 12510783379238896 12510783416476270 12510783453848984 12510783416244770 12510783416742294 12510783454243643 12510783491890634
12510783453930786 12510783454525572 12510783492208956 12510783529536534 12510783491912716 12510783492458000 12510783529854250 12510783567153228
12510783529600858 12510783530117506 12510783567473650 12510783604764742 12510783567244862 12510783567730856 12510783605076342 12510783643099586
12510783604812464 12510783605360334 12510783643438786 12510783680822632 12510783643181242 12510783643714330 12510783681169941 12510783718450014
12510783680911941 12510783681441857 12510783718767960 12510783756079772 12510783718529738 12510783719051530 12510783756394640 12510783793618618
12510783756171546 12510783756670678 12510783793938672 12510783831261162 12510783793710786 12510783794209142 12510783831578244 12510783868857352
12510783831353282 12510783831852384 12510783869177262 12510783906488810 12510783868933884 12510783869451364 12510783906819214 12510783944077228
12510783906574192 12510783907091988 12510783944394176 12510783982472948 12510783944165656 12510783944733748 12510783982811056 12510784020108900

12510707817568628 12510707817766692 12510707818521552 12510707863867628 12510707817769240 12510707817985198 12510707863955992 12510707909137776
12510707863906760 12510707864226610 12510707909458154 12510707952409560 12510707909211282 12510707909728988 12510707952728966 12510707990452656
12510707952429098 12510707952978536 12510707990787032 12510708027617776 12510707990488076 12510707991027842 12510708027928416 12510708064840628
12510708027704924 12510708028212160 12510708065157684 12510708102086670 12510708064924984 12510708065424368 12510708102426113 12510708139368364
12510708102171508 12510708102704407 12510708139687778 12510708176551052 12510708139437106 12510708139935444 12510708176865674 12510708213674626
12510708176630746 12510708177138016 12510708214000724 12510708250901924 12510708213767128 12510708214264666 12510708251213486 12510708288828416
12510708250979466 12510708251501638 12510708289174438 12510708326020518 12510708288909646 12510708289423902 12510708326336248 12510708363236512
12510708326109484 12510708326614000 12510708363549236 12510708400452226 12510708363318204 12510708363806608 12510708400774358 12510708437610200
12510708400544308 12510708401056798 12510708437917610 12510708474902804 12510708437686554 12510708438271056 12510708475215282 12510708512064196

12510692725724328 12510692725923824 12510692726772906 12510692772045756 12510692725926366 12510692726156746 12510692772130646 12510692817257246
12510692772091706 12510692772366318 12510692817581110 12510692862642534 12510692817358656 12510692817875992 12510692862959646 12510692906843670
12510692862714476 12510692863209622 12510692907183136 12510692943974484 12510692906922644 12510692907467514 12510692944280152 12510692981174778
12510692944039812 12510692944520234 12510692981497226 12510693018357674 12510692981270830 12510692981788554 12510693018676492 12510693055548030
12510693018440134 12510693018934784 12510693055859258 12510693092852094 12510693055627496 12510693056129496 12510693093170084 12510693130049196
12510693092919084 12510693093416096 12510693130363914 12510693167190362 12510693130139426 12510693130640800 12510693167517028 12510693204379212
12510693167284618 12510693167781506 12510693204692260 12510693242317906 12510693204458906 12510693204992758 12510693242655592 12510693279498958
12510693242417824 12510693242908286 12510693279808666 12510693316695794 12510693279591012 12510693280123686 12510693317002598 12510693353916336
12510693316778048 12510693317268748 12510693354230032 12510693391264086 12510693354003894 12510693354590643 12510693391583186 12510693428429566

12510693889881162 12510693890093882 12510693890845980 12510693936940793 12510693890096658 12510693890296904 12510693937038639 12510693974639496
12510693936976996 12510693937324674 12510693975017116 12510694012308556 12510693974744798 12510693975272847 12510694012628258 12510694049966294
12510694012390316 12510694012910112 12510694050298246 12510694087597660 12510694050058790 12510694050557982 12510694087912552 12510694125212158
12510694087688360 12510694088185662 12510694125539972 12510694162820744 12510694125304358 12510694125790342 12510694163710986 12510694200997530
12510694162898158 12510694163422622 12510694209192004 12510694246562744 12510694201089642 12510694201504710 12510694247692542 12510694285634898
12510694246660296 12510694247045822 12510694285857674 12510694323203606 12510694285732764 12510694286119868 12510694323518230 12510694360875648
12510694323284222 12510694323778750 12510694361184138 12510694398537922 12510694360965512 12510694361456636 12510694398850868 12510694436170694
12510694398626710 12510694399123656 12510694436482710 12510694473851512 12510694436250988 12510694436758000 12510694474157656 12510694511528516
12510694473931434 12510694474426434 12510694511853368 12510694549257244 12510694511620374 12510694512200282 12510694549569446 12510694587532772

12510818822175212 12510818822368278 12510818823146322 12510818864667144 12510818822370660 12510818822596658 12510818864774018 12510818901950286
12510818864751604 12510818865030486 12510818902283410 12510818939512840 12510818902027300 12510818902558416 12510818939827846 12510818977157170
12510818939597586 12510818940087616 12510818977478946 12510819014732232 12510818977248236 12510818977785590 12510819015040236 12510819052351766
12510819014822736 12510819015294718 12510819052666684 12510819089980330 12510819052433916 12510819052946210 12510819090967164 12510819128150172
12510819090070578 12510819090581510 12510819128764808 12510819166012750 12510819128237458 12510819128592206 12510819166638518 12510819204599354
12510819166102574 12510819166471704 12510819204824460 12510819242059514 12510819204687042 12510819205093752 12510819242374380 12510819279605532
12510819242150396 12510819242662288 12510819279921260 12510819317143088 12510819279690154 12510819280200640 12510819317472372 12510819354699688
12510819317237576 12510819317738788 12510819355006786 12510819392229416 12510819354735508 12510819355277338 12510819392995574 12510819430282480
12510819392317750 12510819393003052 12510819430479074 12510819467852380 12510819430379340 12510819430839825 12510819468206054 12510819506180800

12510712493102123 12510712493320710 12510712494181322 12510712531703218 12510712493323188 12510712493567644 12510712531784633 12510712569130484
12510712531733299 12510712532056207 12510712569449410 12510712606840638 12510712569198620 12510712569697690 12510712607176254 12510712644546592
12510712606934688 12510712607449254 12510712644874830 12510712682275792 12510712644627446 12510712645141622 12510712682593014 12510712719950116
12510712682365764 12510712682886388 12510712722663560 12510712760001560 12510712720027726 12510712720458914 12510712767135950 12510712805172730
12510712760126774 12510712760523054 12510712805373870 12510712842650012 12510712805264052 12510712805628274 12510712842954650 12510712880267230
12510712842745942 12510712843253014 12510712880588414 12510712917918292 12510712880354488 12510712880866532 12510712918673332 12510712955981770
12510712917945866 12510712918412286 12510712956176236 12510712993470022 12510712956012202 12510712956443500 12510712993779958 12510713031088154
12510712993560880 12510712994071188 12510713031410386 12510713068756354 12510713031168756 12510713031670016 12510713069072282 12510713106473268
12510713068853710 12510713069364502 12510713106789066 12510713144927260 12510713106562398 12510713107167064 12510713145261458 12510713182586752

12510651585070230 12510651585279310 12510651586066182 12510651631501742 12510651585281970 12510651585509828 12510651631586718 12510651676902204
12510651631545640 12510651631829492 12510651677225824 12510651722643814 12510651676930666 12510651677485082 12510651722965894 12510651768325260
12510651722729440 12510651723252230 12510651768646628 12510651813913036 12510651768405822 12510651768929016 12510651814245612 12510651858378150
12510651814008562 12510651814510820 12510651858712938 12510651895960822 12510651858457460 12510651858987214 12510651896281968 12510651934195892
12510651896050314 12510651896544728 12510651934544374 12510651971841544 12510651934289802 12510651934809534 12510651972157848 12510652009534996
12510651971922786 12510651972447260 12510652009846742 12510652047094068 12510652009621606 12510652010138992 12510652047411170 12510652084707140
12510652047187998 12510652047697578 12510652085026146 12510652122338732 12510652084791570 12510652085313744 12510652122651524 12510652159914122
12510652122429474 12510652122906560 12510652160225302 12510652197538502 12510652159999308 12510652160504842 12510652197856358 12510652235789848
12510652197627206 12510652198120920 12510652236125870 12510652273555438 12510652235869720 12510652236483915 12510652273877852 12510652311074878

12510640476629482 12510640476818458 12510640477607712 12510640522898184 12510640476820888 12510640477035560 12510640522987014 12510640565298084
12510640522944278 12510640523247484 12510640565642974 12510640602530474 12510640565394150 12510640565916780 12510640602858538 12510640639849260
12510640602601984 12510640603123814 12510640640185244 12510640677110222 12510640639948066 12510640640467536 12510640677425878 12510640714399472
12510640677198676 12510640677693388 12510640714714958 12510640751712872 12510640714478672 12510640714989666 12510640752022600 12510640788990018
12510640751800020 12510640752291736 12510640789303588 12510640826188746 12510640789077974 12510640789581780 12510640826503124 12510640863518480
12510640826279714 12510640826769786 12510640864149788 12510640901797468 12510640863594418 12510640864033732 12510640902142780 12510640939156898
12510640901900014 12510640902415578 12510640939472094 12510640976407918 12510640939243894 12510640939744764 12510640977033472 12510641013937358
12510640976497974 12510640976924084 12510641014585978 12510641051509142 12510641014038680 12510641014593404 12510641052261110 12510641089194208
12510641051598748 12510641052033248 12510641089821244 12510641126698222 12510641089324836 12510641089680758 12510641128128610 12510641165179342

12510686813374870 12510686813565204 12510686814332502 12510686852659854 12510686813567582 12510686813782244 12510686852748026 12510686890025598
12510686852700610 12510686853013246 12510686890364650 12510686927711322 12510686890107260 12510686890626412 12510686928032932 12510686965360676
12510686927794816 12510686928289764 12510686965676872 12510687003693494 12510686965451058 12510686965960626 12510687004045232 12510687041627950
12510687003796174 12510687004294686 12510687041946298 12510687079265756 12510687041708952 12510687042227514 12510687079574034 12510687117371776
12510687079326874 12510687079863314 12510687117697884 12510687155006684 12510687117446770 12510687117983706 12510687155326442 12510687192630002
12510687155091440 12510687155583358 12510687193003796 12510687230334084 12510687192710506 12510687193276320 12510687230649166 12510687267956244
12510687230422866 12510687230910882 12510687268281862 12510687306317062 12510687268045214 12510687268571516 12510687306656828 12510687343938546
12510687306395412 12510687306922230 12510687344256192 12510687381605386 12510687344022816 12510687344563420 12510687381924390 12510687419200068
12510687381699116 12510687382181676 12510687419518602 12510687456912708 12510687419292922 12510687419800834 12510687457232430 12510687494590126

12510698632965604 12510698633158716 12510698634061708 12510698679607474 12510698633161262 12510698633393598 12510698679692564 12510698724977332
12510698679649042 12510698679945314 12510698725307064 12510698770710504 12510698725060666 12510698725577736 12510698771033860 12510698816600716
12510698770802932 12510698771292806 12510698816924050 12510698862311402 12510698816688662 12510698817188976 12510698862642272 12510698901305100
12510698862396508 12510698862916678 12510698901643078 12510698938877708 12510698901366630 12510698901915992 12510698939200796 12510698976609826
12510698938969984 12510698939468704 12510698976925660 12510699014274568 12510698976703678 12510698977194044 12510699014589282 12510699051950946
12510699014361828 12510699014854080 12510699052271618 12510699089549944 12510699052041722 12510699052529840 12510699089886430 12510699127219890
12510699089635568 12510699090156136 12510699127549522 12510699164847982 12510699127322624 12510699127815006 12510699165155700 12510699203145124
12510699164924662 12510699165425102 12510699203488992 12510699240819650 12510699203238454 12510699203736526 12510699241134978 12510699278552496
12510699240896376 12510699241414104 12510699278874866 12510699316145460 12510699278640390 12510699279141906 12510699316457050 12510699353847732

12510741732875094 12510741733072490 12510741733841192 12510741778559986 12510741733074590 12510741733299322 12510741778644760 12510741815867390
12510741778645242 12510741778922108 12510741816191622 12510741853474482 12510741815960598 12510741816489144 12510741853800746 12510741891036314
12510741853563474 12510741854066652 12510741891368600 12510741928641886 12510741891126022 12510741891667380 12510741928963840 12510741966203728
12510741928731248 12510741929226060 12510741966514816 12510742003829158 12510741966295446 12510741966788728 12510742004149710 12510742042030216
12510742003917624 12510742004425242 12510742042377846 12510742079668422 12510742042127156 12510742042638476 12510742079984592 12510742117249358
12510742079755996 12510742080268272 12510742117573542 12510742154798254 12510742117343588 12510742117867432 12510742155117942 12510742192365308
12510742154885710 12510742155398076 12510742192683152 12510742229965760 12510742192448964 12510742192976098 12510742230278596 12510742267518520
12510742230053782 12510742230547980 12510742267848544 12510742305159164 12510742267613372 12510742268105114 12510742305469874 12510742342707286
12510742305246290 12510742305745522 12510742343030410 12510742381132376 12510742342798314 12510742343376534 12510742381472686 12510742418725666

3145998063216448 3145998063411028 3145998064183636 3145998102541356 3145998063413304 3145998063636762 3145998102642110 3145998139904792
3145998102579786 3145998102887558 3145998140241236 3145998177488616 3145998139974986 3145998140495722 3145998177810576 3145998215041038
3145998177573924 3145998178079524 3145998215366060 3145998252595562 3145998215129162 3145998215675108 3145998252905296 3145998290129984
3145998252687670 3145998253162216 3145998292524184 3145998329773554 3145998290221696 3145998290654878 3145998336985230 3145998374236002
3145998329870160 3145998330383994 3145998374773120 3145998412710054 3145998374324540 3145998374749768 3145998413094591 3145998450386682
3145998412811928 3145998413349969 3145998450707128 3145998488028752 3145998450477818 3145998450980698 3145998488362708 3145998525682236
3145998488122624 3145998488627552 3145998526001846 3145998563315902 3145998525770128 3145998526279928 3145998563629608 3145998600930548
3145998563407384 3145998563913034 3145998601258218 3145998638555438 3145998601025488 3145998601533636 3145998638881584 3145998676180126
3145998638652496 3145998639152416 3145998676498984 3145998713841652 3145998676269492 3145998676868745 3145998714393910 3145998752407156

12510716219379850 12510716219576010 12510716220332980 12510716265669714 12510716219578630 12510716219783254 12510716265753612 12510716310987506
12510716265707912 12510716266026276 12510716311308750 12510716356507852 12510716311014062 12510716311566164 12510716356839702 12510716402091976
12510716356601410 12510716357116814 12510716402416278 12510716447082378 12510716402180696 12510716402673530 12510716447410870 12510716484926274
12510716447156624 12510716447701274 12510716485273442 12510716522159658 12510716485025890 12510716485535176 12510716522478622 12510716559436278
12510716522243226 12510716522767634 12510716559747324 12510716596710678 12510716559521146 12510716560009426 12510716597032678 12510716634023256
12510716596788318 12510716597310182 12510716634339164 12510716671276934 12510716634097002 12510716634618814 12510716671586760 12510716708447880
12510716671351964 12510716671871600 12510716708760366 12510716745643262 12510716708524652 12510716709034408 12510716745964924 12510716782935448
12510716745735226 12510716746266986 12510716783288628 12510716820856716 12510716783018231 12510716783617546 12510716821183898 12510716858143336
12510716820925286 12510716821426326 12510716858464790 12510716895494940 12510716858213000 12510716858808715 12510716895811264 12510716932758612

12510665933223346 12510665933422072 12510665934259640 12510665978797016 12510665933424372 12510665933647860 12510665978884554 12510666016198334
12510665978836602 12510665979157860 12510666016516944 12510666054199772 12510666016290690 12510666016790338 12510666054527022 12510666091964674
12510666054268630 12510666054792794 12510666092288714 12510666131245864 12510666092058606 12510666092542898 12510666131588584 12510666168873720
12510666131334564 12510666131855032 12510666169195686 12510666206465962 12510666168965440 12510666169463514 12510666206777538 12510666243971066
12510666206557492 12510666207054376 12510666244292392 12510666281508016 12510666244045326 12510666244566898 12510666281817520 12510666319083392
12510666281603490 12510666282089652 12510666319402258 12510666356624166 12510666319174882 12510666319655508 12510666356946456 12510666394156532
12510666356714546 12510666357234938 12510666394467876 12510666431741522 12510666394242536 12510666394731166 12510666432059030 12510666469992778
12510666431816392 12510666432335962 12510666470335692 12510666507764482 12510666470072188 12510666470614563 12510666508078610 12510666545346866
12510666507823696 12510666508337724 12510666545654952 12510666582979540 12510666545437434 12510666545949518 12510666583299564 12510666620564406

12510642128088540 12510642128307454 12510642128993702 12510642174425544 12510642128309614 12510642128522366 12510642174626386 12510642220089762
12510642174469922 12510642174879462 12510642220404732 12510642265866792 12510642220111798 12510642220646518 12510642266181610 12510642311573868
12510642265952146 12510642266465946 12510642311890832 12510642357267020 12510642311655888 12510642312178812 12510642357581372 12510642396838840
12510642357345560 12510642357865922 12510642397169916 12510642434468344 12510642396936610 12510642397421452 12510642434776624 12510642472099634
12510642434496614 12510642435040850 12510642472407890 12510642509692374 12510642472170582 12510642472655746 12510642510003942 12510642547279948
12510642509781502 12510642510289728 12510642547594876 12510642584944910 12510642547373352 12510642547865120 12510642585249712 12510642622565578
12510642585036920 12510642585529202 12510642622897002 12510642660241964 12510642622648000 12510642623154734 12510642660549136 12510642698439872
12510642660316008 12510642660824590 12510642698766256 12510642736044632 12510642698529276 12510642699031252 12510642736347376 12510642773617864
12510642736118730 12510642736623224 12510642773931868 12510642811336998 12510642773695552 12510642774290920 12510642811650464 12510642849001028

12510704241519018 12510704241731676 12510704242417436 12510704287669162 12510704241733682 12510704241961850 12510704287853568 12510704332488588
12510704287709796 12510704288117066 12510704332799504 12510704369666144 12510704332564814 12510704333070330 12510704369959330 12510704406862738
12510704369751220 12510704370242080 12510704407158578 12510704444647456 12510704406952258 12510704407432688 12510704444968680 12510704481793670
12510704444734598 12510704445234646 12510704482086430 12510704518942670 12510704481879280 12510704482370578 12510704519240172 12510704556145102
12510704519022864 12510704519514338 12510704556442676 12510704593385416 12510704556232438 12510704556726296 12510704593673812 12510704630573120
12510704593460336 12510704593950950 12510704630869714 12510704667806704 12510704630662992 12510704631159514 12510704668091760 12510704705060502
12510704667896024 12510704668354944 12510704705351834 12510704742348396 12510704705145750 12510704705626272 12510704742646126 12510704780240340
12510704742436698 12510704742914758 12510704780560052 12510704817481126 12510704780328376 12510704780849812 12510704817766764 12510704854683040
12510704817567958 12510704818035942 12510704854982168 12510704891979246 12510704854756674 12510704855356765 12510704892268778 12510704929133854

12510682936186786 12510682936393082 12510682937061624 12510682982306158 12510682936395200 12510682936598150 12510682982492064 12510683027698368
12510682982347654 12510682982767238 12510683028009786 12510683073188492 12510683027783084 12510683028288664 12510683073495002 12510683118660424
12510683073269128 12510683073769778 12510683118966364 12510683158254940 12510683118753340 12510683119232080 12510683158571064 12510683195487688
12510683158356664 12510683158866232 12510683195784812 12510683232637680 12510683195579622 12510683196066644 12510683232931190 12510683269780492
12510683232711262 12510683233216704 12510683270074504 12510683306938444 12510683269874682 12510683270353208 12510683307232568 12510683344060286
12510683307026528 12510683307518470 12510683344356602 12510683381294590 12510683344153192 12510683344629264 12510683381590496 12510683418462384
12510683381383664 12510683381870614 12510683418783600 12510683456364286 12510683418556794 12510683419067238 12510683456675984 12510683493590264
12510683456441366 12510683456948596 12510683493897366 12510683530786766 12510683493676496 12510683494176000 12510683531084762 12510683567943906
12510683530879142 12510683531355222 12510683568236854 12510683605236882 12510683568036558 12510683568610625 12510683605549482 12510683642414072

12510603998090910 12510603998277418 12510603998974332 12510604043345176 12510603998279900 12510603998502332 12510604043548684 12510604080405970
12510604043436036 12510604043809122 12510604080728894 12510604117653344 12510604080481842 12510604081001456 12510604117945722 12510604154780872
12510604117693516 12510604118211432 12510604155077568 12510604191974056 12510604154870528 12510604155364282 12510604192276730 12510604229326364
12510604192067284 12510604192550026 12510604229616880 12510604266782560 12510604229399182 12510604229917106 12510604267073014 12510604303894838
12510604266805372 12510604267326020 12510604304208990 12510604341048096 12510604303969192 12510604304485700 12510604341333390 12510604378894620
12510604341139874 12510604341601630 12510604379203600 12510604416265384 12510604378974174 12510604379499278 12510604416556058 12510604453560030
12510604416339386 12510604416830062 12510604453847234 12510604490690144 12510604453625128 12510604454114670 12510604490992568 12510604527834186
12510604490777116 12510604491257510 12510604528118800 12510604564942786 12510604527923648 12510604528408804 12510604565229534 12510604602075632
12510604565023784 12510604565498012 12510604602362012 12510604639330394 12510604602167608 12510604602768282 12510604639625910 12510604676473590

12510731074288315 12510731074516986 12510731075208378 12510731116040292 12510731074519468 12510731074740058 12510731116226940 12510731154196370
12510731116074992 12510731116482660 12510731154540912 12510731191813214 12510731154283034 12510731154817470 12510731192125496 12510731229568332
12510731191902226 12510731192395666 12510731229888318 12510731267453652 12510731229641360 12510731230165050 12510731267763042 12510731304968902
12510731267476754 12510731268019962 12510731305277524 12510731342503878 12510731305028762 12510731305536794 12510731348067124 12510731385412928
12510731342593290 12510731343005874 12510731393565372 12510731430803386 12510731385485384 12510731385890376 12510731432068232 12510731470056896
12510731430875164 12510731431443510 12510731470272264 12510731507551044 12510731470131844 12510731470541354 12510731507863662 12510731545178360
12510731507638906 12510731508139954 12510731545490888 12510731582796944 12510731545265084 12510731545757640 12510731583108312 12510731620393852
12510731582886694 12510731583385448 12510731620704410 12510731658021464 12510731620479050 12510731620968162 12510731658332724 12510731695576840
12510731658108906 12510731658622692 12510731695888394 12510731733290574 12510731695666058 12510731696248913 12510731733597254 12510731770865458
