25 3598
12511479526694060 12511479526715794 12511479538755976 12511480046053754 12511480046058570 12511480046134600 12511480056045854 12511480567263714
12511480567264528 12511480567340964 12511480577526014 12511481086909074 12511481086911888 12511481086984272 12511481097063924 12511481607989806
12511481607990640 12511481608055018 12511481618847338 12511482127824438 12511482127827260 12511482127884908 12511482139197522 12511482651526438
12511482651527254 12511482651603216 12511482662091494 12511483170442664 12511483170445596 12511483170506832 12511483181360072 12511483692841662
12511483692846342 12511483692907752 12511483703174448 12511484211206624 12511484211211238 12511484211272186 12511484222116952 12511484734071094
12511484734071882 12511484734136444 12511484744777814 12511485245478644 12511485245481534 12511485245533162 12511485259534022 12511485736898114
12511485736947926 12511485737002274 12511485766980288 12511486245142010 12511486245146304 12511486245316644 12511486257370570 12511486734741980
12511486734742812 12511486734802824 12511486747478994 12511487225607226 12511487225612116 12511487225684598 12511487236498016 12511487714364570
12511487714365392 12511487714442302 12511487745129574 12511488223645498 12511488223648934 12511488223710340 12511488261885246 12511488739887344

12511524488922534 12511524488936292 12511524499683080 12511524971742730 12511524971747324 12511524971810882 12511525013902870 12511525490472214
12511525490474596 12511525490534248 12511525535520172 12511526011784784 12511526011786526 12511526011844542 12511526054806262 12511526532041466
12511526532044236 12511526532095634 12511526575204420 12511527051870770 12511527051874280 12511527051925378 12511527095103582 12511527573576658
12511527573579980 12511527573640408 12511527618737618 12511528096599030 12511528096603902 12511528096654036 12511528137765888 12511528616236082
12511528616238544 12511528616289448 12511528660228310 12511529138924446 12511529138927682 12511529138978152 12511529178452256 12511529656863324
12511529656865784 12511529656916716 12511529701290212 12511530179558068 12511530179562014 12511530179613138 12511530212800512 12511530690332684
12511530690346832 12511530690398574 12511530704221716 12511531182595368 12511531182598950 12511531182766928 12511531214746364 12511531693164596
12511531693165396 12511531693220948 12511531705361098 12511532183848502 12511532183851746 12511532183918940 12511532223854642 12511532702226896
12511532702229346 12511532702301198 12511532740329996 12511533218031494 12511533218035054 12511533218096884 12511533284041528 12511533762586450

12511442174614472 12511442174631322 12511442185333914 12511442661895520 12511442661897200 12511442661958618 12511442698446394 12511443176506466
12511443176508972 12511443176566894 12511443217524056 12511443694950714 12511443694952452 12511443695009284 12511443734798226 12511444212550288
12511444212552800 12511444212604084 12511444253394096 12511444731505744 12511444731506960 12511444731553992 12511444770320094 12511445248178428
12511445248178982 12511445248242996 12511445290062706 12511445767999292 12511445768001220 12511445768050992 12511445806266774 12511446284150506
12511446284151062 12511446284199782 12511446326745072 12511446804128982 12511446804130138 12511446804181616 12511446831827180 12511447310384594
12511447310385188 12511447310438214 12511447352243304 12511447829717414 12511447829718518 12511447829772830 12511447872229292 12511448350047530
12511448350054554 12511448350110122 12511448387724318 12511448865183802 12511448865184894 12511448865343880 12511448904551816 12511449382753758
12511449382754320 12511449382811002 12511449423227160 12511449901457686 12511449901458862 12511449901522724 12511449939347422 12511450417325922
12511450417326514 12511450417396116 12511450483818326 12511450961932716 12511450961949434 12511450962011128 12511451006319206 12511451484289498

12511469946146878 12511469946161078 12511469957159436 12511470428348700 12511470428353390 12511470428417562 12511470438935822 12511470916117458
12511470916118288 12511470916176456 12511470956587056 12511471433045380 12511471433049480 12511471433107498 12511471474834086 12511471953501252
12511471953504656 12511471953555210 12511471995140470 12511472473826754 12511472473830588 12511472473879414 12511472513977924 12511472991809262
12511472991810092 12511472991868204 12511473035283466 12511473513926488 12511473513930790 12511473513983314 12511473557824592 12511474035780940
12511474035782362 12511474035832224 12511474076506198 12511474555177276 12511474555182010 12511474555234172 12511474599924670 12511475079349386
12511475079350392 12511475079402018 12511475117463518 12511475595386786 12511475595388456 12511475595441534 12511475640002256 12511476118341708
12511476118355964 12511476118410786 12511476152499562 12511476630452136 12511476630456462 12511476630629404 12511476648668510 12511477127256550
12511477127259020 12511477127317374 12511477161241016 12511477639200278 12511477639205652 12511477639275868 12511477680430272 12511478158210060
12511478158212492 12511478158289146 12511478200041050 12511478678257424 12511478678261562 12511478678322076 12511478740986466 12511479219019650

12511469280097318 12511469280110956 12511469292179620 12511469760504118 12511469760505742 12511469760571716 12511469807630170 12511470281702072
12511470281702918 12511470281770530 12511470328543344 12511470801771646 12511470801775522 12511470801831738 12511470848420620 12511471322692394
12511471322693220 12511471322743042 12511471368307280 12511471843375320 12511471843379698 12511471843428382 12511471890020250 12511472364688532
12511472364691366 12511472364744666 12511472411943090 12511472887240918 12511472887244464 12511472887295746 12511472930855932 12511473405883826
12511473405887462 12511473405933734 12511473453757202 12511473929233558 12511473929237738 12511473929287742 12511473971685274 12511474446838824
12511474446839254 12511474446889210 12511474494383496 12511474969402644 12511474969406780 12511474969461222 12511475006136188 12511475481977906
12511475481992342 12511475482040710 12511475502170120 12511475976874170 12511475976878102 12511475977046482 12511476011521018 12511476486821438
12511476486822232 12511476486878740 12511476504199398 12511476978836882 12511476978841030 12511476978899704 12511476989110026 12511477464653414
12511477464656326 12511477464731746 12511477495855382 12511477970868244 12511477970869894 12511477970926594 12511478018078722 12511478493823422

12511497535736658 12511497535749326 12511497545735936 12511498017319084 12511498017323756 12511498017380418 12511498065073172 12511498542429498
12511498542430276 12511498542486938 12511498586028524 12511499062315908 12511499062321086 12511499062377028 12511499105891458 12511499582199568
12511499582201994 12511499582254068 12511499625976610 12511500102905546 12511500102910302 12511500102959010 12511500146680820 12511500623404314
12511500623405132 12511500623454326 12511500669529580 12511501146617010 12511501146621756 12511501146670888 12511501188286788 12511501665043446
12511501665045884 12511501665094806 12511501711082288 12511502188436894 12511502188440730 12511502188492614 12511502229060666 12511502707652714
12511502707653528 12511502707703592 12511502751815396 12511503229310064 12511503229314830 12511503229364528 12511503262090978 12511503740435570
12511503740448860 12511503740497116 12511503753593288 12511504231187072 12511504231191786 12511504231350166 12511504263106802 12511504741484440
12511504741485254 12511504741540884 12511504753155700 12511505230610560 12511505230610572 12511505230665994 12511505261029706 12511505738952802
12511505738953636 12511505739026490 12511505784760818 12511506263447898 12511506263449728 12511506263508396 12511506329639114 12511506807665394

12511485152986876 12511485153000870 12511485164686868 12511485635594108 12511485635597940 12511485635657492 12511485679237858 12511486157500204
12511486157501108 12511486157561424 12511486198558060 12511486676139756 12511486676141858 12511486676196064 12511486715592666 12511487194258842
12511487194259662 12511487194311350 12511487234140096 12511487711644032 12511487711648332 12511487711696294 12511487751249420 12511488229017868
12511488229021264 12511488229083062 12511488271339724 12511488749021988 12511488749026294 12511488749075370 12511488786792116 12511489264782464
12511489264784950 12511489264835924 12511489307589900 12511489785736340 12511489785739942 12511489785797382 12511489813441800 12511490291486772
12511490291487526 12511490291541720 12511490331340546 12511490808524154 12511490808527868 12511490808578186 12511490853194758 12511491331203452
12511491331254112 12511491331306000 12511491365930514 12511491843794804 12511491843798556 12511491843957518 12511491874020144 12511492352056356
12511492352058814 12511492352114162 12511492395163024 12511492872495994 12511492872497710 12511492872566194 12511492914520596 12511493392940142
12511493392942610 12511493393009596 12511493464242020 12511493942491566 12511493942495144 12511493942551316 12511493986660324 12511494466092318

12511409633716022 12511409633728078 12511409645421710 12511410152126980 12511410152128636 12511410152186902 12511410162379106 12511410671061948
12511410671064808 12511410671123706 12511410681434022 12511411188747206 12511411188750648 12511411188806366 12511411198753872 12511411707212592
12511411707213430 12511411707274430 12511411717597808 12511412224367728 12511412224371170 12511412224426070 12511412234298512 12511412743901416
12511412743902326 12511412743967586 12511412754224556 12511413260142654 12511413260146984 12511413260202014 12511413270944156 12511413780662928
12511413780663788 12511413780722312 12511413791024362 12511414274588168 12511414274591788 12511414274636648 12511414305782438 12511414781139768
12511414781140578 12511414781192494 12511414827684644 12511415302114222 12511415302118598 12511415302177252 12511415347174792 12511415821694606
12511415821749562 12511415821802244 12511415868792634 12511416343957022 12511416343958688 12511416344114776 12511416387508540 12511416862001070
12511416862001968 12511416862051264 12511416909530108 12511417384815894 12511417384817572 12511417384874808 12511417427616116 12511417937478250
12511417937479090 12511417937556082 12511417953231356 12511418459357476 12511418459361908 12511418459416956 12511418469543444 12511418978894860

12511394541138168 12511394541149712 12511394552695760 12511395024999172 12511395025002600 12511395025056816 12511395068828928 12511395542026768
12511395542027574 12511395542081594 12511395587958448 12511396061951166 12511396061952858 12511396062005764 12511396105107930 12511396578699390
12511396578700156 12511396578746526 12511396623507044 12511397097739588 12511397097743864 12511397097789710 12511397140701684 12511397616105208
12511397616105978 12511397616164624 12511397660740908 12511398135551544 12511398135551556 12511398135595704 12511398176724114 12511398652519280
12511398652524712 12511398652566858 12511398696901014 12511399171426750 12511399171430394 12511399171473602 12511399189644848 12511399665400550
12511399665403284 12511399665454342 12511399698912292 12511400173930016 12511400173933194 12511400173977722 12511400221431702 12511400697007980
12511400697020380 12511400697066228 12511400740022668 12511401214556404 12511401214560106 12511401214716058 12511401261964174 12511401736494856
12511401736497650 12511401736543174 12511401781403194 12511402256826690 12511402256830334 12511402256893134 12511402302228418 12511402777677344
12511402777680690 12511402777747196 12511402853191012 12511403327587956 12511403327589686 12511403327644726 12511403376191618 12511403851761036

12511395705588180 12511395705598894 12511395716234674 12511396193464700 12511396193468088 12511396193515410 12511396203240882 12511396679843140
12511396679843948 12511396679892244 12511396720142136 12511397198349834 12511397198354174 12511397198405268 12511397237751880 12511397716174642
12511397716175462 12511397716222832 12511397757200366 12511398235026974 12511398235028676 12511398235075752 12511398278842292 12511398757451474
12511398757453950 12511398757509608 12511398799490570 12511399277447616 12511399277449284 12511399277496172 12511399322342650 12511399801566318
12511399801567120 12511399801615960 12511399842510382 12511400320826544 12511400320829672 12511400320877958 12511400364340564 12511400842613938
12511400842618584 12511400842664760 12511400884778838 12511401363198526 12511401363203988 12511401363252148 12511401406326968 12511401884263024
12511401884276630 12511401884324492 12511401918508128 12511402397427650 12511402397429316 12511402397596096 12511402409143688 12511402887465748
12511402887466560 12511402887522056 12511402919116730 12511403397247568 12511403397249302 12511403397312676 12511403430090044 12511403909038030
12511403909038846 12511403909110612 12511403950722420 12511404428512512 12511404428516740 12511404428563898 12511404498058214 12511404976987264

12511520645046176 12511520645056446 12511520655411100 12511521127614610 12511521127616176 12511521127668962 12511521169545438 12511521647544708
12511521647548244 12511521647598454 12511521691746968 12511522170143140 12511522170147510 12511522170199698 12511522211663344 12511522689863790
12511522689868588 12511522689917558 12511522733180326 12511523210672628 12511523210676774 12511523210725368 12511523252552874 12511523730989516
12511523730992066 12511523731050638 12511523765877242 12511524243615272 12511524243619416 12511524243668718 12511524263369022 12511524741569370
12511524741569860 12511524741620184 12511524781698384 12511525261166882 12511525261171622 12511525261221704 12511525305135582 12511525783573644
12511525783574458 12511525783626392 12511525824787204 12511526303057172 12511526303059784 12511526303110608 12511526346425258 12511526824095686
12511526824106732 12511526824161532 12511526863155294 12511527341362600 12511527341365176 12511527341522746 12511527372025330 12511527850709288
12511527850711732 12511527850765602 12511527885032188 12511528362654074 12511528362657888 12511528362720168 12511528407853798 12511528886778152
12511528886778898 12511528886845764 12511528925706920 12511529403811588 12511529403813304 12511529403864674 12511529444442316 12511529923265688

12511414310248060 12511414310256572 12511414321572066 12511414797561278 12511414797564866 12511414797616818 12511414832213968 12511415310231326
12511415310232146 12511415310280918 12511415352108320 12511415830079822 12511415830081496 12511415830130942 12511415869605972 12511416348422766
12511416348426132 12511416348475626 12511416390445722 12511416868235024 12511416868238610 12511416868313464 12511416906682406 12511417384967140
12511417384969554 12511417385028330 12511417424803072 12511417903371166 12511417903371178 12511417903419844 12511417943142234 12511418421647716
12511418421648188 12511418421699904 12511418463519958 12511418942008976 12511418942013120 12511418942066846 12511418984604078 12511419462862032
12511419462862552 12511419462910690 12511419506468756 12511419984309790 12511419984314460 12511419984364506 12511420025760860 12511420504329752
12511420504341934 12511420504392564 12511420547707916 12511421025868878 12511421025870596 12511421026029874 12511421066256242 12511421545134892
12511421545135744 12511421545186210 12511421587920024 12511422065629110 12511422065632738 12511422065691928 12511422106204712 12511422583771364
12511422583772206 12511422583839592 12511422625654016 12511423104363262 12511423104367416 12511423104419908 12511423118190798 12511423596266882

12511353398905678 12511353398918040 12511353410397806 12511353915791780 12511353915795118 12511353915855062 12511353927568144 12511354435697878
12511354435705088 12511354435761336 12511354446618438 12511354953369742 12511354953369754 12511354953428850 12511354963937316 12511355472732866
12511355472740112 12511355472799520 12511355482769244 12511355988986064 12511355988987820 12511355989047320 12511355999478080 12511356508258246
12511356508259072 12511356508328224 12511356519404600 12511357026204378 12511357026207296 12511357026267168 12511357036113078 12511357546306498
12511357546312420 12511357546371084 12511357556192126 12511358065285452 12511358065289788 12511358065348546 12511358075262880 12511358587090420
12511358587091268 12511358587150046 12511358597127606 12511359106567462 12511359106567508 12511359106625364 12511359116558194 12511359628019400
12511359628037886 12511359628094680 12511359638262040 12511360146844992 12511360146849294 12511360147038334 12511360156945282 12511360668505988
12511360668511910 12511360668569974 12511360678745736 12511361186994684 12511361186999026 12511361187069110 12511361197026153 12511361708377894
12511361708382620 12511361708458662 12511361718385030 12511362201587454 12511362201591750 12511362201642558 12511362234700240 12511362713025742

12511342290056278 12511342290070604 12511342301695236 12511342803069846 12511342803074656 12511342803127022 12511342814603134 12511343289597128
12511343289603164 12511343289649888 12511343334058508 12511343809024184 12511343809025902 12511343809078080 12511343851896098 12511344327507480
12511344327511104 12511344327559154 12511344371478468 12511344845872190 12511344845875406 12511344845924592 12511344887673606 12511345363366742
12511345363372018 12511345363429860 12511345406722414 12511345881074046 12511345881078270 12511345881126642 12511345925286488 12511346400627136
12511346400629926 12511346400681006 12511346445097786 12511346921222204 12511346921224214 12511346921271304 12511346965775416 12511347440726256
12511347440728660 12511347440779620 12511347487636398 12511347963155516 12511347963157254 12511347963207596 12511348006982244 12511348481737042
12511348481751570 12511348481803296 12511348528771736 12511349004036350 12511349004038226 12511349004191828 12511349047422336 12511349523225252
12511349523226020 12511349523277156 12511349569144472 12511350043947118 12511350043951608 12511350044011700 12511350087731668 12511350563370744
12511350563373134 12511350563436804 12511350607434324 12511351081927350 12511351081927362 12511351081979128 12511351099970830 12511351575180204

12511388629498694 12511388629508484 12511388640739224 12511389112040188 12511389112044910 12511389112099714 12511389149889524 12511389626231390
12511389626234172 12511389626285688 12511389641169458 12511390118195352 12511390118200148 12511390118250884 12511390163702740 12511390640089236
12511390640093088 12511390640137142 12511390687150136 12511391164395354 12511391164400194 12511391164447572 12511391202476178 12511391679034316
12511391679035102 12511391679082784 12511391722687614 12511392200144846 12511392200149236 12511392200196656 12511392234622968 12511392712073698
12511392712074530 12511392712125806 12511392745114510 12511393221624244 12511393221627950 12511393221674668 12511393265823082 12511393749068877
12511393749069566 12511393749115139 12511393787725133 12511394261831561 12511394261833003 12511394261874522 12511394307986120 12511394775718604
12511394775728810 12511394775784280 12511394826211864 12511395304546284 12511395304548062 12511395304703026 12511395351019772 12511395828625850
12511395828629678 12511395828675602 12511395867756842 12511396346387346 12511396346391766 12511396346441946 12511396390988318 12511396868998760
12511396869000342 12511396869069064 12511396909877434 12511397388312964 12511397388317352 12511397388377482 12511397426740170 12511397905598922

12511400449926440 12511400449940566 12511400461894248 12511400969091616 12511400969094762 12511400969164626 12511400979939302 12511401491243200
12511401491245978 12511401491315564 12511401501709432 12511402011393086 12511402011394640 12511402011463478 12511402021552304 12511402532530582
12511402532531418 12511402532595222 12511402543227706 12511403051996894 12511403052001584 12511403052061336 12511403063237016 12511403565659434
12511403565660868 12511403565713400 12511403581297174 12511404059815732 12511404059820430 12511404059871930 12511404100574314 12511404578621434
12511404578622240 12511404578676414 12511404622357044 12511405100552768 12511405100554376 12511405100606014 12511405141203554 12511405620466264
12511405620468662 12511405620519948 12511405663969168 12511406141513720 12511406141517078 12511406141568778 12511406184596680 12511406662751592
12511406662803110 12511406662855686 12511406692688988 12511407170804360 12511407170806086 12511407170966592 12511407182707062 12511407661383472
12511407661384242 12511407661436644 12511407672841176 12511408150901292 12511408150905992 12511408150963502 12511408173900060 12511408652234644
12511408652236110 12511408652311626 12511408697794872 12511409175945980 12511409175950260 12511409176008082 12511409221255400 12511409699211480

12511443552430992 12511443552440802 12511443563515238 12511444034775870 12511444034777352 12511444034823172 12511444078710068 12511444555564198
12511444555565056 12511444555613942 12511444601257874 12511445077798310 12511445077801680 12511445077847840 12511445121130778 12511445598344138
12511445598347018 12511445598397566 12511445642510870 12511446118478896 12511446118482620 12511446118528392 12511446161920616 12511446638441156
12511446638444512 12511446638501252 12511446675542916 12511447152169030 12511447152170796 12511447152215838 12511447169293882 12511447646112448
12511447646113298 12511447646163392 12511447688901584 12511448165994006 12511448165998756 12511448166047932 12511448210155272 12511448687565132
12511448687568526 12511448687617872 12511448733983536 12511449211622442 12511449211628702 12511449211676476 12511449251267476 12511449729718450
12511449729733094 12511449729783154 12511449772385864 12511450250600902 12511450250604644 12511450250754928 12511450281974572 12511450760657862
12511450760661180 12511450760712458 12511450795023284 12511451272167500 12511451272172316 12511451272229824 12511451316980356 12511451795149486
12511451795152416 12511451795214310 12511451836722580 12511452319194772 12511452319196366 12511452319243570 12511452356469602 12511452838957358

3146699880897732 3146699880909426 3146699892195289 3146700368103848 3146700368107192 3146700368167894 3146700406345460 3146700883507876
3146700883508730 3146700883569478 3146700926128348 3146701402037972 3146701402044104 3146701402099746 3146701443911654 3146701920567758
3146701920568638 3146701920618994 3146701963641712 3146702439253654 3146702439255358 3146702439300988 3146702479628260 3146702956379226
3146702956380040 3146702956444084 3146702998641460 3146703476121196 3146703476122936 3146703476172778 3146703517364262 3146703994674266
3146703994675134 3146703994723630 3146704037260358 3146704514961788 3146704514961800 3146704515011004 3146704557281250 3146705034800668
3146705034801452 3146705034851248 3146705079148980 3146705556718894 3146705556724602 3146705556773068 3146705598583668 3146706076344290
3146706076397588 3146706076450550 3146706120289132 3146706597447570 3146706597451332 3146706597606646 3146706638973040 3146707116585762
3146707116588570 3146707116636538 3146707160779112 3146707637892718 3146707637892730 3146707637972774 3146707679061760 3146708157185098
3146708157185916 3146708157253304 3146708199594452 3146708677331732 3146708677335498 3146708677392880 3146708691165816 3146709168835656

12511418037883564 12511418037893492 12511418049529238 12511418517764612 12511418517766166 12511418517821058 12511418558682128 12511419034130302
12511419034133928 12511419034180422 12511419049354874 12511419524095014 12511419524098790 12511419524147430 12511419570044316 12511420045808910
12511420045813124 12511420045861232 12511420097487144 12511420572950080 12511420572951856 12511420572999162 12511420601915654 12511421077119602
12511421077125986 12511421077180666 12511421120130714 12511421595794866 12511421595796472 12511421595847378 12511421641902118 12511422116700606
12511422116701112 12511422116752584 12511422157122948 12511422632098950 12511422632104266 12511422632153620 12511422677732370 12511423152518552
12511423152518958 12511423152571182 12511423197978912 12511423672700362 12511423672701998 12511423672751316 12511423719150730 12511424194766626
12511424194778766 12511424194829310 12511424238174652 12511424712849720 12511424712854400 12511424713011138 12511424761051636 12511425236628770
12511425236629606 12511425236679306 12511425279616224 12511425754149156 12511425754151258 12511425754215632 12511425801707952 12511426276493332
12511426276500704 12511426276565756 12511426321402104 12511426797082328 12511426797084144 12511426797133974 12511426842112000 12511427317321060

12511367749102638 12511367749115414 12511367759890912 12511368230806554 12511368230810062 12511368230868426 12511368276777022 12511368752892592
12511368752895400 12511368752952466 12511368799528004 12511369275914904 12511369275916498 12511369275977396 12511369319544800 12511369801026920
12511369801029544 12511369801072576 12511369840607635 12511370304031334 12511370304035498 12511370304080434 12511370359568250 12511370825551394
12511370825554740 12511370825605816 12511370872487574 12511371348636642 12511371348640752 12511371348691378 12511371366703334 12511371844411108
12511371844411932 12511371844457948 12511371887035548 12511372364156602 12511372364158186 12511372364219858 12511372409397546 12511372888065244
12511372888067658 12511372888113136 12511372928809102 12511373406497140 12511373406498730 12511373406549464 12511373452194856 12511373930298552
12511373930313332 12511373930363250 12511373970333128 12511374447958788 12511374447962926 12511374448123158 12511374481391124 12511374958654934
12511374958657740 12511374958706430 12511374973469850 12511375451859646 12511375451863038 12511375451922576 12511375472732102 12511375950193640
12511375950194872 12511375950262658 12511375994827422 12511376472597920 12511376472602250 12511376472659344 12511376515481890 12511376992845456

12511343942791072 12511343942807646 12511343954844206 12511344462308600 12511344462312886 12511344462398290 12511344472807340 12511344984471182
12511344984473982 12511344984543510 12511344994583578 12511345503909798 12511345503911450 12511345503979920 12511345514424960 12511346026124830
12511346026125666 12511346026182298 12511346036091452 12511346546088080 12511346546089690 12511346546146890 12511346556100576 12511347067854318
12511347067855160 12511347067924604 12511347078211556 12511347587326962 12511347587328604 12511347587386142 12511347597475978 12511348109046464
12511348109049262 12511348109107090 12511348119287968 12511348628166316 12511348628171014 12511348628227274 12511348638229992 12511349150613518
12511349150614354 12511349150672344 12511349160886482 12511349669514666 12511349669518952 12511349669576440 12511349679652738 12511350177577680
12511350177590328 12511350177636870 12511350187210066 12511350665312618 12511350665314304 12511350665483992 12511350675865584 12511351155026654
12511351155029164 12511351155082270 12511351166985922 12511351644769914 12511351644774948 12511351644839844 12511351677213282 12511352155337752
12511352155341082 12511352155410978 12511352191569378 12511352670083514 12511352670088604 12511352670143514 12511352682327184 12511353160489482

12511406059882046 12511406059895670 12511406071939288 12511406539994436 12511406539998298 12511406540058998 12511406586966126 12511407062216614
12511407062217438 12511407062275282 12511407107915650 12511407583176504 12511407583178218 12511407583238826 12511407627268134 12511408102331860
12511408102332680 12511408102382600 12511408149530538 12511408624857162 12511408624861844 12511408624912204 12511408669071906 12511409144178846
12511409144179612 12511409144237350 12511409193091088 12511409667751684 12511409667753332 12511409667805150 12511409712207530 12511410187855580
12511410187856028 12511410187903352 12511410234237688 12511410708627334 12511410708630708 12511410708686474 12511410753108042 12511411233895589
12511411233896002 12511411233952121 12511411275714732 12511411748318283 12511411748321638 12511411748365612 12511411795999180 12511412253375890
12511412253392234 12511412253442314 12511412304141158 12511412779441290 12511412779442918 12511412779609624 12511412794010948 12511413268750214
12511413268752642 12511413268809190 12511413311768550 12511413787201690 12511413787203322 12511413787275024 12511413828219602 12511414303322870
12511414303323696 12511414303399528 12511414314400584 12511414789273066 12511414789274742 12511414789338802 12511414832299444 12511415306648848

12511384753495546 12511384753511172 12511384764223070 12511385267996958 12511385267998624 12511385268068298 12511385277938356 12511385757435774
12511385757440088 12511385757496818 12511385767753040 12511386240668636 12511386240672284 12511386240726746 12511386283244848 12511386756485520
12511386756487970 12511386756537736 12511386800302519 12511387274062546 12511387274066162 12511387274112452 12511387323462230 12511387832460383
12511387832463170 12511387832536939 12511387844773255 12511388373102220 12511388373105578 12511388373157328 12511388383185674 12511388887196804
12511388887199496 12511388887255466 12511388897240816 12511389402186870 12511389402188836 12511389402244844 12511389412978974 12511389922766446
12511389922767238 12511389922827008 12511389934816732 12511390441257032 12511390441258770 12511390441317270 12511390451275344 12511390960577598
12511390960588430 12511390960648720 12511390970702920 12511391477556426 12511391477560232 12511391477749426 12511391487948358 12511391995974348
12511391995975184 12511391996034322 12511392006194852 12511392512633536 12511392512637910 12511392512715580 12511392522695862 12511392998760869
12511392998761681 12511392998841432 12511393037666762 12511393512468216 12511393512469968 12511393512529814 12511393558796170 12511394032986876

12511305811195940 12511305811210102 12511305821803880 12511306290444246 12511306290448938 12511306290510116 12511306335643284 12511306808867934
12511306808873280 12511306808927556 12511306824963792 12511307299230156 12511307299231848 12511307299288788 12511307341691400 12511307815714496
12511307815717320 12511307815764668 12511307860592724 12511308333527410 12511308333531748 12511308333584164 12511308385722096 12511308859641446
12511308859642298 12511308859700704 12511308907036868 12511309380648046 12511309380649714 12511309380699356 12511309440871148 12511309914850408
12511309914852900 12511309914902182 12511309954422848 12511310429453040 12511310429454756 12511310429501872 12511310472318380 12511310947684534
12511310947687354 12511310947737478 12511310991223062 12511311466520666 12511311466525496 12511311466572630 12511311514484372 12511311989117520
12511311989127816 12511311989181670 12511312033398132 12511312507995372 12511312507996948 12511312508162566 12511312545615288 12511313020691926
12511313020692696 12511313020747702 12511313063857228 12511313538136872 12511313538141590 12511313538208430 12511313580353708 12511314055906824
12511314055909610 12511314055980864 12511314065806494 12511314540087662 12511314540092334 12511314540152428 12511314576987702 12511315052380940

12511432894673578 12511432894685768 12511432905211386 12511433377124932 12511433377129206 12511433377188106 12511433421547014 12511433897861990
12511433897864798 12511433897920014 12511433943381614 12511434420257438 12511434420262194 12511434420320444 12511434462684160 12511434939806778
12511434939807642 12511434939855090 12511434985474034 12511435461725172 12511435461726822 12511435461776404 12511435505804268 12511435982887072
12511435982887918 12511435982948474 12511436029284170 12511436505564990 12511436505568184 12511436505617920 12511436548536756 12511437025205660
12511437025206504 12511437025257370 12511437070375134 12511437547727670 12511437547733512 12511437547780728 12511437589357274 12511438067213104
12511438067215918 12511438067266294 12511438112003438 12511438590533174 12511438590534794 12511438590583832 12511438631586464 12511439108966502
12511439108979788 12511439109026914 12511439139148366 12511439617383798 12511439617385690 12511439617553210 12511439627800794 12511440109329760
12511440109330618 12511440109384565 12511440119090065 12511440596234467 12511440596237783 12511440596299993 12511440628795916 12511441091582058
12511441091582782 12511441091642668 12511441148978162 12511441624850256 12511441624856844 12511441624912680 12511441634406916 12511442112623126
