25 262
5 140735680728336 12510750946227534 12510750984618108 4 5 12510750984618120 12510751022214296
47914110603008 140735680728320 12510751022214662 12510751060080930 10 10 12510751060080942 12510751097607362
4 60 12510751097607734 12510751135394718 2667321352 4131212846 12510751135394730 12510751172919276
10 47914095087296 12510751172919652 12510751210662088 47914094918539 47914094918539 12510751210662100 12510751248218666
1952205948 0 12510751248219108 12510751286519920 140735680728480 47914095079136 12510751286519932 12510751324133676
47914094918539 47914095086888 12510751324136188 12510751361746042 140735680728208 140735680728288 12510751361746054 12510751399447878
47914112825120 47914095079136 12510751399448208 12510751437043496 47914110602696 47914112826144 12510751437043508 12510751474704830
140735680728064 47914094916692 12510751474705302 12510751512378372 47914094916692 47914112876856 12510751512378384 12510751550171370
47914110602912 47914110611000 12510751550173756 12510751587786466 140735680728480 140735680728560 12510751587786478 12510751626254878

5 140733638449968 12510795904409336 12510795942171256 4 5 12510795942171268 12510795979721068
47637841309440 140733638449952 12510795979721604 12510796017373572 10 10 12510796017373618 12510796054885064
4 60 12510796054885434 12510796092385194 2667321352 4131212846 12510796092385206 12510796130605206
10 47637825793728 12510796130608760 12510796167996880 47637825624971 47637825624971 12510796167996926 12510796205508300
1952205948 0 12510796205510680 12510796242876856 140733638450112 47637825785568 12510796242876868 12510796280388278
47637825624971 47637825793320 12510796280388692 12510796317836314 140733638449840 140733638449920 12510796317836326 12510796355340550
47637843531552 47637825785568 12510796355340904 12510796392797036 47637841309128 47637843532576 12510796392797082 12510796430903984
140733638449696 47637825623124 12510796430906358 12510796468363412 47637825623124 47637843583288 12510796468363424 12510796505837002
47637841309344 47637841317432 12510796505839320 12510796543379574 140733638450112 140733638450192 12510796543379620 12510796580916232

5 140725074093728 12510713594620798 12510713632171850 4 5 12510713632171862 12510713670445336
47391868948224 140725074093712 12510713670445916 12510713708277918 10 10 12510713708277930 12510713745793208
4 60 12510713745795526 12510713783373692 2667321352 4131212846 12510713783373704 12510713820891312
10 47391853432512 12510713820891642 12510713858572552 47391853263755 47391853263755 12510713858572564 12510713896177600
1952205948 0 12510713896179906 12510713933924356 140725074093872 47391853424352 12510713933924402 12510713972239154
47391853263755 47391853432104 12510713972239502 12510714009902908 140725074093600 140725074093680 12510714009902954 12510714047421732
47391871170336 47391853424352 12510714047422106 12510714085006512 47391868947912 47391871171360 12510714085006558 12510714122680498
140725074093456 47391853261908 12510714122680882 12510714160250074 47391853261908 47391871222072 12510714160250086 12510714197962242
47391868948128 47391868956216 12510714197964610 12510714235601784 140725074093872 140725074093952 12510714235601796 12510714273323426

5 140731428958704 12510741364374958 12510741401940904 4 5 12510741401940916 12510741440261174
47018793656064 140731428958688 12510741440263568 12510741478036250 10 10 12510741478036262 12510741515623434
4 60 12510741515623834 12510741553388514 2667321352 4131212846 12510741553388526 12510741590973304
10 47018778140352 12510741590975700 12510741628781718 47018777971595 47018777971595 12510741628781730 12510741666409906
1952205948 0 12510741666410424 12510741704121344 140731428958848 47018778132192 12510741704121356 12510741742385740
47018777971595 47018778139944 12510741742386246 12510741780091966 140731428958576 140731428958656 12510741780091978 12510741817812488
47018795878176 47018778132192 12510741817812894 12510741855408678 47018793655752 47018795879200 12510741855408690 12510741893215922
140731428958432 47018777969748 12510741893216302 12510741930743338 47018777969748 47018795929912 12510741930743350 12510741968483392
47018793655968 47018793664056 12510741968484110 12510742006001598 140731428958848 140731428958928 12510742006001610 12510742043771212

5 140730241381952 12510740698205950 12510740735436826 4 5 12510740735436838 12510740772631572
47837917769472 140730241381936 12510740772632050 12510740810041774 10 10 12510740810041786 12510740847863816
4 60 12510740847868522 12510740885232266 2667321352 4131212846 12510740885232278 12510740922420840
10 47837902253760 12510740922423212 12510740959778222 47837902085003 47837902085003 12510740959778234 12510740996988088
1952205948 0 12510740996988498 12510741034219576 140730241382096 47837902245600 12510741034219588 12510741071359212
47837902085003 47837902253352 12510741071361540 12510741108487936 140730241381824 140730241381904 12510741108487948 12510741145785064
47837919991584 47837902245600 12510741145785458 12510741183790626 47837917769160 47837919992608 12510741183790638 12510741221097832
140730241381680 47837902083156 12510741221100216 12510741258287972 47837902083156 47837920043320 12510741258287984 12510741295590732
47837917769376 47837917777464 12510741295593118 12510741332716318 140730241382096 140730241382176 12510741332716330 12510741369966964

5 140733313405344 12510768952043844 12510768989575596 4 5 12510768989575608 12510769027970382
47673076289280 140733313405328 12510769027970898 12510769065623368 10 10 12510769065623380 12510769103176982
4 60 12510769103179432 12510769140828096 2667321352 4131212846 12510769140828108 12510769178456412
10 47673060773568 12510769178458728 12510769216084648 47673060604811 47673060604811 12510769216084660 12510769253637390
1952205948 0 12510769253637740 12510769291216794 140733313405488 47673060765408 12510769291216840 12510769328737052
47673060604811 47673060773160 12510769328737456 12510769367108906 140733313405216 140733313405296 12510769367108918 12510769404782172
47673078511392 47673060765408 12510769404782704 12510769442238574 47673076288968 47673078512416 12510769442238586 12510769479747660
140733313405072 47673060602964 12510769479748050 12510769517338784 47673060602964 47673078563128 12510769517338830 12510769554813610
47673076289184 47673076297272 12510769554814004 12510769592490334 140733313405488 140733313405568 12510769592490380 12510769630069878

5 140736530598192 12510756569882130 12510756608265458 4 5 12510756608265470 12510756645712810
47938363277056 140736530598176 12510756645713236 12510756684194142 10 10 12510756684194154 12510756721713404
4 60 12510756721713816 12510756759202832 2667321352 4131212846 12510756759202844 12510756796645412
10 47938347761344 12510756796645728 12510756834230898 47938347592587 47938347592587 12510756834230910 12510756871812448
1952205948 0 12510756871812744 12510756909323158 140736530598336 47938347753184 12510756909323170 12510756946910686
47938347592587 47938347760936 12510756946910974 12510756984501330 140736530598064 140736530598144 12510756984501342 12510757022914066
47938365499168 47938347753184 12510757022914350 12510757060344316 47938363276744 47938365500192 12510757060344362 12510757097927686
140736530597920 47938347590740 12510757097927990 12510757135401846 47938347590740 47938365550904 12510757135401892 12510757172977754
47938363276960 47938363285048 12510757172978044 12510757210474934 140736530598336 140736530598416 12510757210474946 12510757248098928

5 140722678087760 12510681054791246 12510681092174498 4 5 12510681092174510 12510681129373828
47037117869824 140722678087744 12510681129374266 12510681166975220 10 10 12510681166975232 12510681204134652
4 60 12510681204137022 12510681241485630 2667321352 4131212846 12510681241485642 12510681278672798
10 47037102354112 12510681278673220 12510681315864104 47037102185355 47037102185355 12510681315864116 12510681353935296
1952205948 0 12510681353935324 12510681391141190 140722678087904 47037102345952 12510681391141202 12510681428562456
47037102185355 47037102353704 12510681428562796 12510681465796276 140722678087632 140722678087712 12510681465796322 12510681503190786
47037120091936 47037102345952 12510681503191182 12510681540381398 47037117869512 47037120092960 12510681540381410 12510681577655424
140722678087488 47037102183508 12510681577655826 12510681614881392 47037102183508 47037120143672 12510681614881404 12510681652208330
47037117869728 47037117877816 12510681652208728 12510681690251366 140722678087904 140722678087984 12510681690251412 12510681727463336

5 140735125464720 12510665962977792 12510666000121406 4 5 12510666000121418 12510666037217990
47448972472064 140735125464704 12510666037220390 12510666074636150 10 10 12510666074636162 12510666111870054
4 60 12510666111872408 12510666149117356 2667321352 4131212846 12510666149117368 12510666186185460
10 47448956956352 12510666186185856 12510666223376244 47448956787595 47448956787595 12510666223376256 12510666260518288
1952205948 0 12510666260520690 12510666298341648 140735125464864 47448956948192 12510666298341660 12510666335517164
47448956787595 47448956955944 12510666335519586 12510666372759112 140735125464592 140735125464672 12510666372759124 12510666409927312
47448974694176 47448956948192 12510666409929600 12510666446966958 47448972471752 47448974695200 12510666446966970 12510666484160170
140735125464448 47448956785748 12510666484162474 12510666521339136 47448956785748 47448974745912 12510666521339148 12510666558482876
47448972471968 47448972480056 12510666558483202 12510666595657318 140735125464864 140735125464944 12510666595657330 12510666633625488

5 140729005588880 12510667127125130 12510667164630042 4 5 12510667164630088 12510667202020172
47620776849152 140729005588864 12510667202020596 12510667239922558 10 10 12510667239922570 12510667277585360
4 60 12510667277585744 12510667315220672 2667321352 4131212846 12510667315220684 12510667353480308
10 47620761333440 12510667353482602 12510667391103722 47620761164683 47620761164683 12510667391103734 12510667428699414
1952205948 0 12510667428701726 12510667466359066 140729005589024 47620761325280 12510667466359078 12510667503897356
47620761164683 47620761333032 12510667503899680 12510667541644242 140729005588752 140729005588832 12510667541644254 12510667579301622
47620779071264 47620761325280 12510667579303944 12510667616863178 47620776848840 47620779072288 12510667616863190 12510667655292264
140729005588608 47620761162836 12510667655294616 12510667692831028 47620761162836 47620779123000 12510667692831040 12510667730332172
47620776849056 47620776857144 12510667730332514 12510667768084102 140729005589024 140729005589104 12510667768084114 12510667805797494

5 140722987872576 12510792059161142 12510792096947534 4 5 12510792096947546 12510792134591276
47938871607040 140722987872560 12510792134593690 12510792172570410 10 10 12510792172570422 12510792210939856
4 60 12510792210940280 12510792249443914 2667321352 4131212846 12510792249443926 12510792287016806
10 47938856091328 12510792287017200 12510792324717340 47938855922571 47938855922571 12510792324717352 12510792362256986
1952205948 0 12510792362257514 12510792399964738 140722987872720 47938856083168 12510792399964750 12510792437588874
47938855922571 47938856090920 12510792437589278 12510792475066874 140722987872448 140722987872528 12510792475066886 12510792512884206
47938873829152 47938856083168 12510792512886574 12510792551082810 47938871606728 47938873830176 12510792551082822 12510792588730078
140722987872304 47938855920724 12510792588732526 12510792626250666 47938855920724 47938873880888 12510792626250678 12510792663794048
47938871606944 47938871615032 12510792663794440 12510792701617696 140722987872720 140722987872800 12510792701617708 12510792739267554

5 140731750850384 12510685730333720 12510685768165280 4 5 12510685768165292 12510685805625590
47444103925504 140731750850368 12510685805626114 12510685843481824 10 10 12510685843481870 12510685881868474
4 60 12510685881868738 12510685919512442 2667321352 4131212846 12510685919512454 12510685957111578
10 47444088409792 12510685957111974 12510685994687502 47444088241035 47444088241035 12510685994687514 12510686032323776
1952205948 0 12510686032326126 12510686069847052 140731750850528 47444088401632 12510686069847064 12510686107611618
47444088241035 47444088409384 12510686107613940 12510686145183576 140731750850256 140731750850336 12510686145183588 12510686183697622
47444106147616 47444088401632 12510686183699980 12510686221179730 47444103925192 47444106148640 12510686221179742 12510686258856946
140731750850112 47444088239188 12510686258857294 12510686296523878 47444088239188 47444106199352 12510686296523890 12510686334131940
47444103925408 47444103933496 12510686334134252 12510686371728490 140731750850528 140731750850608 12510686371728502 12510686409333590

5 140722197202192 12510624822382410 12510624859977582 4 5 12510624859977594 12510624897330454
47618759323392 140722197202176 12510624897332904 12510624935121506 10 10 12510624935121518 12510624973418904
4 60 12510624973422318 12510625010907346 2667321352 4131212846 12510625010907358 12510625048385530
10 47618743807680 12510625048385940 12510625085938066 47618743638923 47618743638923 12510625085938078 12510625123398960
1952205948 0 12510625123401348 12510625160843148 140722197202336 47618743799520 12510625160843160 12510625198530018
47618743638923 47618743807272 12510625198532400 12510625236069464 140722197202064 140722197202144 12510625236069476 12510625273633968
47618761545504 47618743799520 12510625273636346 12510625311783352 47618759323080 47618761546528 12510625311783398 12510625349375464
140722197201920 47618743637076 12510625349375856 12510625386954024 47618743637076 47618761597240 12510625386954070 12510625424343574
47618759323296 47618759331384 12510625424343954 12510625462004326 140722197202336 140722197202416 12510625462004338 12510625499561430

5 140726810736816 12510613713950576 12510613751216026 4 5 12510613751216038 12510613788414472
47084310474496 140726810736800 12510613788414852 12510613825866380 10 10 12510613825866392 12510613863179248
4 60 12510613863179630 12510613900305940 2667321352 4131212846 12510613900305952 12510613938365692
10 47084294958784 12510613938366036 12510613975684408 47084294790027 47084294790027 12510613975684420 12510614013003770
1952205948 0 12510614013006096 12510614050167044 140726810736960 47084294950624 12510614050167056 12510614087511592
47084294790027 47084294958376 12510614087515148 12510614125061752 140726810736688 140726810736768 12510614125061798 12510614162276368
47084312696608 47084294950624 12510614162276750 12510614199497236 47084310474184 47084312697632 12510614199497248 12510614236856342
140726810736544 47084294788180 12510614236858688 12510614274731970 47084294788180 47084312748344 12510614274731982 12510614311927328
47084310474400 47084310482488 12510614311927674 12510614349259894 140726810736960 140726810737040 12510614349259906 12510614386590952

5 140732035300976 12510660050604368 12510660088055990 4 5 12510660088056002 12510660125563994
47567816589056 140732035300960 12510660125566384 12510660163233822 10 10 12510660163233834 12510660200758638
4 60 12510660200761014 12510660238514370 2667321352 4131212846 12510660238514382 12510660276053260
10 47567801073344 12510660276055648 12510660313555366 47567800904587 47567800904587 12510660313555378 12510660351110622
1952205948 0 12510660351113000 12510660389443024 140732035301120 47567801065184 12510660389443070 12510660427078830
47567800904587 47567801072936 12510660427081224 12510660464628774 140732035300848 140732035300928 12510660464628786 12510660502220370
47567818811168 47567801065184 12510660502220798 12510660539716252 47567816588744 47567818812192 12510660539716264 12510660577313812
140732035300704 47567800902740 12510660577316202 12510660614804952 47567800902740 47567818862904 12510660614804964 12510660652379458
47567816588960 47567816597048 12510660652379932 12510660690745556 140732035301120 140732035301200 12510660690745568 12510660728307040

5 140735731084352 12510671870123938 12510671907646430 4 5 12510671907646442 12510671946078890
47387995528960 140735731084336 12510671946079448 12510671983854614 10 10 12510671983854626 12510672021618982
4 60 12510672021621390 12510672059367730 2667321352 4131212846 12510672059367742 12510672096907500
10 47387980013248 12510672096908026 12510672134673412 47387979844491 47387979844491 12510672134673424 12510672172199674
1952205948 0 12510672172202112 12510672209972042 140735731084496 47387980005088 12510672209972054 12510672248336120
47387979844491 47387980012840 12510672248336512 12510672286244992 140735731084224 140735731084304 12510672286245004 12510672323836710
47387997751072 47387980005088 12510672323839040 12510672361547452 47387995528648 47387997752096 12510672361547464 12510672399108010
140735731084080 47387979842644 12510672399110456 12510672436596634 47387979842644 47387997802808 12510672436596646 12510672474281690
47387995528864 47387995536952 12510672474284086 12510672511918686 140735731084496 140735731084576 12510672511918698 12510672549759458

5 140726024279616 12510714969955370 12510715007414824 4 5 12510715007414870 12510715044863948
47727513415424 140726024279600 12510715044864462 12510715083827582 10 10 12510715083827628 12510715121317160
4 60 12510715121317688 12510715158757856 2667321352 4131212846 12510715158757868 12510715196304688
10 47727497899712 12510715196305084 12510715233718904 47727497730955 47727497730955 12510715233718916 12510715271320748
1952205948 0 12510715271321242 12510715308751978 140726024279760 47727497891552 12510715308751990 12510715346227798
47727497730955 47727497899304 12510715346228202 12510715383729762 140726024279488 140726024279568 12510715383729774 12510715421900478
47727515637536 47727497891552 12510715421900874 12510715459345312 47727513415112 47727515638560 12510715459345324 12510715496957598
140726024279344 47727497729108 12510715496959968 12510715534336736 47727497729108 47727515689272 12510715534336748 12510715572060838
47727513415328 47727513423416 12510715572061248 12510715609579898 140726024279760 140726024279840 12510715609579910 12510715647125762

5 140720696882208 3145971300377370 3145971337750412 4 5 3145971337750424 3145971375285766
47018185285376 140720696882192 3145971375288094 3145971413314044 10 10 3145971413314056 3145971451596676
4 60 3145971451597066 3145971488997034 2667321352 4131212846 3145971488997046 3145971526752054
10 47018169769664 3145971526752458 3145971564419006 47018169600907 47018169600907 3145971564419018 3145971601946536
1952205948 0 3145971601948848 3145971639402876 140720696882352 47018169761504 3145971639402888 3145971677358096
47018169600907 47018169769256 3145971677358436 3145971714801044 140720696882080 140720696882160 3145971714801056 3145971752298636
47018187507488 47018169761504 3145971752298950 3145971790624884 47018185285064 47018187508512 3145971790624896 3145971828253420
140720696881936 47018169599060 3145971828255706 3145971865766844 47018169599060 47018187559224 3145971865766856 3145971903346754
47018185285280 47018185293368 3145971903347156 3145971941049564 140720696882352 140720696882432 3145971941049576 3145971978594510

5 140731212174416 12510689456477735 12510689494354185 4 5 12510689494354214 12510689532792380
47892269195008 140731212174400 12510689532794694 12510689570417191 10 10 12510689570417211 12510689607704646
4 60 12510689607704969 12510689645295486 2667321352 4131212846 12510689645295504 12510689682916929
10 47892253679296 12510689682919214 12510689720311633 47892253510539 47892253510539 12510689720311651 12510689757422922
1952205948 0 12510689757425210 12510689795194803 140731212174560 47892253671136 12510689795194821 12510689832944542
47892253510539 47892253678888 12510689832944872 12510689871272548 140731212174288 140731212174368 12510689871272594 12510689908460538
47892271417120 47892253671136 12510689908461030 12510689945828282 47892269194696 47892271418144 12510689945828328 12510689983162066
140731212174144 47892253508692 12510689983164360 12510690020461356 47892253508692 47892271468856 12510690020461368 12510690057914242
47892269194912 47892269203000 12510690057916546 12510690095239740 140731212174560 140731212174640 12510690095239752 12510690132698134

5 140725326576240 12510639170420226 12510639208560048 4 5 12510639208564454 12510639246017726
47188837973760 140725326576224 12510639246018250 12510639283677276 10 10 12510639283677288 12510639321126258
4 60 12510639321128704 12510639359523416 2667321352 4131212846 12510639359523428 12510639396992168
10 47188822458048 12510639396994548 12510639434384516 47188822289291 47188822289291 12510639434384528 12510639471797670
1952205948 0 12510639471800076 12510639509949134 140725326576384 47188822449888 12510639509949146 12510639547560464
47188822289291 47188822457640 12510639547560870 12510639585070722 140725326576112 140725326576192 12510639585070734 12510639622551716
47188840195872 47188822449888 12510639622552118 12510639659947390 47188837973448 47188840196896 12510639659947402 12510639697357372
140725326575968 47188822287444 12510639697359766 12510639734815018 47188822287444 47188840247608 12510639734815030 12510639772192854
47188837973664 47188837981752 12510639772195244 12510639809712746 140725326576384 140725326576464 12510639809712792 12510639847889244

5 140730993662352 12510615365324122 12510615402828926 4 5 12510615402828938 12510615441039102
47129005281024 140730993662336 12510615441039482 12510615478797192 10 10 12510615478797238 12510615516380798
4 60 12510615516381206 12510615553950924 2667321352 4131212846 12510615553950970 12510615591769276
10 47128989765312 12510615591769646 12510615629469664 47128989596555 47128989596555 12510615629469676 12510615667426240
1952205948 0 12510615667428618 12510615704829750 140730993662496 47128989757152 12510615704829762 12510615742407806
47128989596555 47128989764904 12510615742408136 12510615780648954 140730993662224 140730993662304 12510615780648966 12510615818296980
47129007503136 47128989757152 12510615818299330 12510615855661480 47129005280712 47129007504160 12510615855661526 12510615893288750
140730993662080 47128989594708 12510615893289176 12510615930868320 47128989594708 47129007554872 12510615930868332 12510615968532472
47129005280928 47129005289016 12510615968534846 12510616006036822 140730993662496 140730993662576 12510616006036834 12510616043647182

5 140731238301424 12510677478619742 12510677516765228 4 5 12510677516765240 12510677554108006
47862488473344 140731238301408 12510677554110392 12510677591696346 10 10 12510677591696358 12510677628888160
4 60 12510677628888552 12510677666268738 2667321352 4131212846 12510677666268750 12510677703447118
10 47862472957632 12510677703447500 12510677740752796 47862472788875 47862472788875 12510677740752808 12510677777944558
1952205948 0 12510677777945104 12510677815841526 140731238301568 47862472949472 12510677815841572 12510677853245854
47862472788875 47862472957224 12510677853247484 12510677890706386 140731238301296 140731238301376 12510677890706398 12510677928106572
47862490695456 47862472949472 12510677928106976 12510677965641610 47862488473032 47862490696480 12510677965641622 12510678002893378
140731238301152 47862472787028 12510678002893728 12510678040031072 47862472787028 47862490747192 12510678040031084 12510678077212302
47862488473248 47862488481336 12510678077212650 12510678114898496 140731238301568 140731238301648 12510678114898508 12510678152733514

5 140729673080208 12510656173321506 12510656211262982 4 5 12510656211262994 12510656248332934
47406503182080 140729673080192 12510656248333468 12510656285724656 10 10 12510656285724668 12510656322994400
4 60 12510656322996746 12510656359973210 2667321352 4131212846 12510656359973222 12510656397178850
10 47406487666368 12510656397179198 12510656434407540 47406487497611 47406487497611 12510656434407552 12510656471590908
1952205948 0 12510656471593254 12510656508658324 140729673080352 47406487658208 12510656508658336 12510656546614302
47406487497611 47406487665960 12510656546616658 12510656583759960 140729673080080 140729673080160 12510656583759972 12510656620836100
47406505404192 47406487658208 12510656620836490 12510656657977312 47406503181768 47406505405216 12510656657977358 12510656695165368
140729673079936 47406487495764 12510656695165902 12510656732439728 47406487495764 47406505455928 12510656732439740 12510656769546010
47406503181984 47406503190072 12510656769548378 12510656806813854 140729673080352 140729673080432 12510656806813866 12510656844690862

5 140726664050736 12510577235382096 12510577272715820 4 5 12510577272715832 12510577309922632
46986318839552 140726664050720 12510577309923090 12510577347522202 10 10 12510577347522214 12510577384719958
4 60 12510577384720310 12510577422732036 2667321352 4131212846 12510577422732048 12510577459856688
10 46986303323840 12510577459857040 12510577497536182 46986303155083 46986303155083 12510577497536194 12510577535216138
1952205948 0 12510577535218432 12510577572397006 140726664050880 46986303315680 12510577572397052 12510577609788008
46986303155083 46986303323432 12510577609790368 12510577646963398 140726664050608 140726664050688 12510577646963410 12510577684308166
46986321061664 46986303315680 12510577684310510 12510577721495132 46986318839240 46986321062688 12510577721495144 12510577759875746
140726664050464 46986303153236 12510577759876142 12510577797065528 46986303153236 46986321113400 12510577797065540 12510577834260298
46986318839456 46986318847544 12510577834262598 12510577871538542 140726664050880 140726664050960 12510577871538554 12510577908709626

5 140732679331072 12510704311320296 12510704348665854 4 5 12510704348665866 12510704386117458
47298436173568 140732679331056 12510704386119870 12510704423827140 10 10 12510704423827152 12510704461200046
4 60 12510704461200464 12510704498674618 2667321352 4131212846 12510704498674630 12510704536847942
10 47298420657856 12510704536849996 12510704574300292 47298420489099 47298420489099 12510704574300304 12510704611696526
1952205948 0 12510704611698878 12510704649121872 140732679331216 47298420649696 12510704649121918 12510704686602746
47298420489099 47298420657448 12510704686605130 12510704723959512 140732679330944 140732679331024 12510704723959524 12510704761326380
47298438395680 47298420649696 12510704761326786 12510704798870684 47298436173256 47298438396704 12510704798870696 12510704836307626
140732679330800 47298420487252 12510704836308030 12510704874412038 47298420487252 47298438447416 12510704874412050 12510704911845366
47298436173472 47298436181560 12510704911845776 12510704949261708 140732679331216 140732679331296 12510704949261754 12510704986789838
