25 3544
12511212926996792 12511212927015212 12511212928459970 12511213433086848 12511213433090596 12511213433168922 12511213434520116 12511213945403850
12511213945404638 12511213945478986 12511213947576646 12511214455791398 12511214455795102 12511214455868652 12511214457269950 12511214969949868
12511214969956004 12511214970018840 12511214971484292 12511215454587930 12511215454589688 12511215454641690 12511215480390608 12511215959520538
12511215959521324 12511215959585488 12511215962109198 12511216439525462 12511216439529198 12511216439579426 12511216471376248 12511216949588474
12511216949589266 12511216949644704 12511216981548570 12511217460046626 12511217460050098 12511217460102626 12511217493692284 12511217972522328
12511217972523090 12511217972576736 12511218004673126 12511218484015564 12511218484019178 12511218484069766 12511218517637592 12511218996140080
12511218996197166 12511218996253402 12511219029139128 12511219507842970 12511219507844738 12511219508012278 12511219542258134 12511220020169926
12511220020170734 12511220020230684 12511220052869484 12511220531217088 12511220531220754 12511220531290710 12511220566503578 12511221045772092
12511221045772890 12511221045850708 12511221077725548 12511221555607118 12511221555611446 12511221555672934 12511221590896616 12511222069989878

12511257887751440 12511257887766204 12511257889107506 12511258362240560 12511258362244304 12511258362304458 12511258394606184 12511258870910880
12511258870913354 12511258870973910 12511258907156828 12511259384382660 12511259384386618 12511259384447980 12511259417364530 12511259894037910
12511259894038748 12511259894093790 12511259931469816 12511260408882868 12511260408886674 12511260408935980 12511260416014542 12511260895078548
12511260895084550 12511260895143698 12511260921028258 12511261399237802 12511261399241476 12511261399292406 12511261422136462 12511261899820048
12511261899822474 12511261899873120 12511261932853062 12511262410374144 12511262410375756 12511262410427530 12511262444397848 12511262922860796
12511262922864144 12511262922916972 12511262956816144 12511263434458502 12511263434462254 12511263434514996 12511263469778920 12511263947965394
12511263948016352 12511263948071300 12511263978480866 12511264457113240 12511264457115200 12511264457286388 12511264491010376 12511264969681762
12511264969684558 12511264969743072 12511264998681116 12511265477254332 12511265477259056 12511265477336662 12511265511331356 12511265989330300
12511265989332714 12511265989409166 12511266020118986 12511266498083554 12511266498087316 12511266498146062 12511266530812890 12511267008420194

12511175575337801 12511175575356117 12511175576986086 12511176048891514 12511176048893904 12511176048961516 12511176081248024 12511176558349946
12511176558354756 12511176558412150 12511176585300768 12511177061621904 12511177061626374 12511177061682526 12511177090749802 12511177567843770
12511177567847172 12511177567898014 12511177598347248 12511178074271492 12511178074273290 12511178074321822 12511178119285684 12511178596309606
12511178596312958 12511178596373198 12511178631357042 12511179107485020 12511179107486804 12511179107536370 12511179140932472 12511179618274992
12511179618277402 12511179618327910 12511179653650818 12511180130205720 12511180130210428 12511180130260976 12511180165130806 12511180642480356
12511180642481106 12511180642536622 12511180677955300 12511181156094942 12511181156099396 12511181156151984 12511181186931756 12511181664481594
12511181664522388 12511181664573732 12511181698652894 12511182175324426 12511182175328636 12511182175488578 12511182207508566 12511182683598430
12511182683600872 12511182683655418 12511182719323204 12511183195568178 12511183195572896 12511183195639566 12511183227401260 12511183705913562
12511183705916892 12511183705983524 12511183739255952 12511184216567528 12511184216569324 12511184216624980 12511184247618182 12511184725003654

12511203346000838 12511203346012452 12511203347865108 12511203820402528 12511203820406284 12511203820456762 12511203821813116 12511204300106276
12511204300107778 12511204300160442 12511204329889168 12511204808222970 12511204808227718 12511204808281180 12511204840396080 12511205318492630
12511205318493412 12511205318544218 12511205350757276 12511205828142594 12511205828146440 12511205828197088 12511205864198666 12511206342725176
12511206342725958 12511206342789320 12511206368102328 12511206846005472 12511206846005484 12511206846061352 12511206879260630 12511207358447618
12511207358448426 12511207358498434 12511207390028890 12511207867971796 12511207867974694 12511207868027098 12511207902093572 12511208379680902
12511208379681656 12511208379732926 12511208414294788 12511208892615794 12511208892619414 12511208892670916 12511208927708898 12511209405686232
12511209405733236 12511209405785662 12511209436339752 12511209915310790 12511209915314438 12511209915479148 12511209947366066 12511210425181282
12511210425183670 12511210425239058 12511210455658316 12511210933741390 12511210933743044 12511210933805078 12511210968029698 12511211445837510
12511211445838262 12511211445906234 12511211477760448 12511211955307374 12511211955310228 12511211955365160 12511211988415192 12511212467196572

12511202679901414 12511202679920958 12511202681192608 12511203150663694 12511203150665258 12511203150733460 12511203187236948 12511203660752792
12511203660759090 12511203660817904 12511203699358020 12511204173618274 12511204173622978 12511204173689492 12511204210006340 12511204683950110
12511204683950858 12511204684004822 12511204724072184 12511205197402254 12511205197403914 12511205197455636 12511205208428642 12511205682909460
12511205682911910 12511205682965822 12511205713406490 12511206187632250 12511206187634668 12511206187690086 12511206194047094 12511206669696358
12511206669697128 12511206669749208 12511206703496514 12511207178191096 12511207178194708 12511207178249008 12511207213912554 12511207689744706
12511207689745508 12511207689800564 12511207726672830 12511208202846592 12511208202850682 12511208202906064 12511208245210710 12511208720548678
12511208720551132 12511208720606968 12511208750680758 12511209225697010 12511209225701344 12511209225869818 12511209261901470 12511209737183940
12511209737184678 12511209737245972 12511209774592254 12511210249865246 12511210249866856 12511210249934852 12511210285241288 12511210760139686
12511210760141084 12511210760223844 12511210799712962 12511211274990680 12511211274994296 12511211275058470 12511211309746204 12511211784671374

12511230934879044 12511230934892882 12511230936347542 12511231409695590 12511231409698432 12511231409759786 12511231442394018 12511231918579644
12511231918583438 12511231918640700 12511231954569006 12511232430875278 12511232430877670 12511232430942962 12511232465164554 12511232942534980
12511232942538846 12511232942586362 12511232979217654 12511233456348414 12511233456350170 12511233456401792 12511233463503086 12511233941938480
12511233941939520 12511233941993664 12511233968501110 12511234444875304 12511234444879534 12511234444944250 12511234477865850 12511234956253072
12511234956254090 12511234956308068 12511234988139466 12511235465646644 12511235465648296 12511235465701256 12511235500215046 12511235978009996
12511235978010954 12511235978066238 12511236012144486 12511236490550434 12511236490555208 12511236490607904 12511236524660642 12511237002181932
12511237002252734 12511237002308376 12511237036414994 12511237514798790 12511237514801152 12511237514972370 12511237548690002 12511238026290556
12511238026291570 12511238026351346 12511238059341302 12511238537396324 12511238537401054 12511238537462468 12511238573380532 12511239051166748
12511239051167712 12511239051242754 12511239083987716 12511239561211442 12511239561214856 12511239561276892 12511239597753960 12511240075945500

12511218552369448 12511218552385178 12511218553785854 12511219027140714 12511219027142364 12511219027201110 12511219058734336 12511219535073278
12511219535076080 12511219535133182 12511219556148880 12511220033171594 12511220033175050 12511220033231988 12511220049946814 12511220526122516
12511220526125858 12511220526175918 12511220560779802 12511221037807312 12511221037813250 12511221037859710 12511221096784982 12511221575265426
12511221575266224 12511221575326926 12511221608838278 12511222086097082 12511222086101424 12511222086152498 12511222118410574 12511222596753302
12511222596754116 12511222596805006 12511222631159702 12511223108343130 12511223108346622 12511223108396798 12511223142638712 12511223620755718
12511223620758502 12511223620809282 12511223655677342 12511224133273128 12511224133274848 12511224133324390 12511224164670010 12511224642295098
12511224642341258 12511224642392514 12511224676452742 12511225154757894 12511225154759626 12511225154918864 12511225185223720 12511225662600518
12511225662603322 12511225662656006 12511225696889540 12511226175257642 12511226175261242 12511226175327686 12511226205126672 12511226683678604
12511226683679384 12511226683749638 12511226717063662 12511227194745348 12511227194749582 12511227194806072 12511227225335276 12511227703691716

12511143034610064 12511143034623546 12511143036049384 12511143539882180 12511143539886936 12511143539950430 12511143541996362 12511144037350238
12511144037351098 12511144037399840 12511144051726938 12511144527820536 12511144527825394 12511144527876836 12511144560686372 12511145036596966
12511145036600770 12511145036653422 12511145070826690 12511145577891128 12511145577895286 12511145577957790 12511145580507054 12511146089909024
12511146089909870 12511146089981224 12511146092304906 12511146599515678 12511146599517436 12511146599575370 12511146602290616 12511147112203778
12511147112206554 12511147112266570 12511147116183702 12511147623742526 12511147623746900 12511147623807010 12511147626701338 12511148136699262
12511148136700092 12511148136764020 12511148138146286 12511148645689706 12511148645692922 12511148645756990 12511148647180514 12511149157013392
12511149157068070 12511149157143364 12511149158729388 12511149666077188 12511149666081410 12511149666274058 12511149667695536 12511150177839700
12511150177840492 12511150177902534 12511150179408052 12511150686155656 12511150686160434 12511150686236958 12511150687586904 12511151197786266
12511151197789058 12511151197866826 12511151199329398 12511151706371756 12511151706375780 12511151706436390 12511151707799734 12511152218688594

12511127942301326 12511127942313498 12511127944046668 12511128412136326 12511128412136338 12511128412190744 12511128448783332 12511128922874782
12511128922875608 12511128922930112 12511128946182156 12511129419273328 12511129419277960 12511129419332050 12511129436683610 12511129910851598
12511129910852370 12511129910901928 12511129945380622 12511130419090140 12511130419091832 12511130419140602 12511130486820282 12511130960487426
12511130960488226 12511130960548974 12511130998894074 12511131473167786 12511131473172478 12511131473219990 12511131508464544 12511131983827064
12511131983832738 12511131983879028 12511132021190986 12511132496739530 12511132496743386 12511132496792668 12511132532665286 12511133008659916
12511133008663562 12511133008713546 12511133045786714 12511133520914102 12511133520915728 12511133520964634 12511133554650722 12511134029861960
12511134029898944 12511134029970080 12511134066430140 12511134541295962 12511134541297698 12511134541455494 12511134575338442 12511135050942730
12511135050946040 12511135050995074 12511135086916142 12511135563557614 12511135563561502 12511135563624764 12511135595231702 12511136070703358
12511136070707010 12511136070771292 12511136107028384 12511136582045738 12511136582045784 12511136582101324 12511136615441632 12511137092112448

12511129106631460 12511129106641868 12511129107990312 12511129582368206 12511129582371488 12511129582424566 12511129583656054 12511130061857458
12511130061860280 12511130061911450 12511130091019498 12511130569719200 12511130569720874 12511130569774606 12511130603533810 12511131081653464
12511131081654288 12511131081705896 12511131115223116 12511131593557810 12511131593562258 12511131593613390 12511131628746056 12511132106700778
12511132106701602 12511132106763186 12511132125785378 12511132603968324 12511132603971624 12511132604019934 12511132638387516 12511133116487760
12511133116488608 12511133116541616 12511133149111780 12511133626880532 12511133626882302 12511133626934302 12511133661967398 12511134152062722
12511134152065536 12511134152118677 12511134173863154 12511134671228018 12511134671230350 12511134671281723 12511134686217178 12511135168445472
12511135168491628 12511135168554838 12511135195209364 12511135673243700 12511135673245920 12511135673410144 12511135706760344 12511136185136800
12511136185139598 12511136185191722 12511136216352556 12511136693804082 12511136693805762 12511136693869760 12511136728901812 12511137206635360
12511137206636198 12511137206705172 12511137236073832 12511137714226442 12511137714228186 12511137714281522 12511137747316112 12511138225878604

12511254043406168 12511254043420562 12511254044776638 12511254518177668 12511254518179356 12511254518237806 12511254552950270 12511255030744690
12511255030747474 12511255030819060 12511255063458188 12511255541387506 12511255541389246 12511255541447826 12511255571442058 12511256049309270
12511256049312040 12511256049363264 12511256082388550 12511256559931174 12511256559937322 12511256559987088 12511256591101210 12511257069587844
12511257069589214 12511257069652112 12511257108265864 12511257585656230 12511257585662390 12511257585719282 12511257617385558 12511258095924742
12511258095925226 12511258095979002 12511258130720010 12511258608084202 12511258608088972 12511258608141662 12511258641353780 12511259119956180
12511259119958980 12511259120012552 12511259154366554 12511259632521722 12511259632523414 12511259632576404 12511259665535790 12511260144113452
12511260144177932 12511260144236214 12511260178368960 12511260656397246 12511260656399096 12511260656552218 12511260689812750 12511261167154980
12511261167158320 12511261167208452 12511261203504350 12511261681138894 12511261681142806 12511261681210824 12511261713378334 12511262191761448
12511262191762322 12511262191834296 12511262227032604 12511262705547966 12511262705549702 12511262705605106 12511262737093718 12511263215457512

12511147710776106 12511147710784658 12511147712261940 12511148184576366 12511148184581034 12511148184631012 12511148217754910 12511148694221854
12511148694222652 12511148694275062 12511148728344020 12511149205319556 12511149205321960 12511149205373388 12511149237270724 12511149713598858
12511149713601250 12511149713653204 12511149747459162 12511150224788240 12511150224792954 12511150224855154 12511150257146432 12511150735917690
12511150735920118 12511150735978758 12511150768956528 12511151246937736 12511151246939446 12511151246990682 12511151278923840 12511151757927028
12511151757927546 12511151757978632 12511151792823740 12511152270192872 12511152270197578 12511152270247908 12511152303347028 12511152781950174
12511152781952198 12511152782001190 12511152804430084 12511153281819282 12511153281820952 12511153281871576 12511153300836294 12511153779147816
12511153779185168 12511153779257812 12511153813421080 12511154292365892 12511154292370630 12511154292530982 12511154325326496 12511154803293952
12511154803294750 12511154803342818 12511154835874202 12511155314047400 12511155314053430 12511155314110632 12511155350176668 12511155828073784
12511155828077480 12511155828138636 12511155860060640 12511156338204648 12511156338208938 12511156338272780 12511156378558674 12511156856529780

12511086800671134 12511086800687840 12511086802257516 12511087306785224 12511087306788058 12511087306851826 12511087308253440 12511087816932420
12511087816938120 12511087816999042 12511087818505286 12511088325999702 12511088326003124 12511088326065152 12511088327461400 12511088836074160
12511088836080204 12511088836139644 12511088837599652 12511089345816754 12511089345821532 12511089345881142 12511089347280368 12511089857512230
12511089857517024 12511089857593790 12511089859073294 12511090367632214 12511090367635128 12511090367697348 12511090369061384 12511090881403644
12511090881404498 12511090881467296 12511090882946960 12511091392033872 12511091392038612 12511091392098270 12511091393458984 12511091893561438
12511091893562258 12511091893615218 12511091904201590 12511092384122798 12511092384127572 12511092384181498 12511092413233828 12511092891931174
12511092891995668 12511092892047196 12511092924484408 12511093403080670 12511093403082554 12511093403243126 12511093433745906 12511093912111476
12511093912114358 12511093912166776 12511093945456784 12511094423778958 12511094423783696 12511094423838476 12511094453633234 12511094933736660
12511094933737486 12511094933804848 12511094965130314 12511095443592480 12511095443595394 12511095443645702 12511095473843258 12511095952228220

12511075691967650 12511075691977522 12511075693311630 12511076162821724 12511076162824192 12511076162880352 12511076199501228 12511076672787902
12511076672793586 12511076672843448 12511076709691368 12511077185516008 12511077185522616 12511077185571704 12511077218706268 12511077693559458
12511077693565126 12511077693613930 12511077728813312 12511078204483572 12511078204487886 12511078204538694 12511078238502378 12511078714590956
12511078714591766 12511078714651074 12511078750299470 12511079226963300 12511079226968006 12511079227018936 12511079260301192 12511079736289478
12511079736292262 12511079736345386 12511079774183620 12511080253505201 12511080253509447 12511080253557640 12511080284698034 12511080758988500
12511080758989124 12511080759034070 12511080785788697 12511081248782490 12511081248786720 12511081248833718 12511081276366776 12511081744638430
12511081744686006 12511081744738070 12511081784201692 12511082259039098 12511082259043430 12511082259204472 12511082295602036 12511082771270190
12511082771270948 12511082771326696 12511082804352568 12511083278930882 12511083278935144 12511083278998840 12511083316131478 12511083791679096
12511083791679900 12511083791749070 12511083825952006 12511084300589038 12511084300593336 12511084300646170 12511084335582652 12511084810828718

12511122030411238 12511122030422084 12511122031786474 12511122503682312 12511122503683850 12511122503741806 12511122507418830 12511122984277694
12511122984278530 12511122984331464 12511123018942810 12511123495500522 12511123495502188 12511123495552562 12511123529481066 12511124005951082
12511124005951922 12511124006002814 12511124037129562 12511124513285522 12511124513289290 12511124513338152 12511124547784062 12511125025172070
12511125025173004 12511125025225534 12511125057717298 12511125534081836 12511125534086518 12511125534135278 12511125573728590 12511126051029302
12511126051030138 12511126051082058 12511126084006356 12511126561179492 12511126561182388 12511126561234620 12511126596976562 12511127074113200
12511127074114044 12511127074164482 12511127108388506 12511127585381430 12511127585382998 12511127585433646 12511127621298186 12511128097682834
12511128097748164 12511128097798176 12511128132250610 12511128610174088 12511128610176008 12511128610327266 12511128645421704 12511129123240448
12511129123241242 12511129123291538 12511129156939276 12511129634220240 12511129634224922 12511129634275654 12511129669379926 12511130148491942
12511130148492764 12511130148561510 12511130180321862 12511130658191150 12511130658194044 12511130658244180 12511130698414068 12511131177312968

12511133850491346 12511133850502684 12511133851818128 12511134359252744 12511134359255600 12511134359319542 12511134360766560 12511134869548870
12511134869555928 12511134869614480 12511134871620726 12511135377788524 12511135377793278 12511135377854122 12511135379576302 12511135888478994
12511135888486258 12511135888542808 12511135890705684 12511136397295534 12511136397300304 12511136397360658 12511136404361046 12511136914145592
12511136914148308 12511136914209398 12511136915744562 12511137423749602 12511137423753396 12511137423810054 12511137425177956 12511137936854564
12511137936855388 12511137936914238 12511137938338026 12511138447661354 12511138447665184 12511138447723746 12511138449128476 12511138960524976
12511138960526146 12511138960585066 12511138962017182 12511139471782598 12511139471786796 12511139471849166 12511139473308506 12511139984506928
12511139984556390 12511139984643558 12511139986195616 12511140495962488 12511140495964258 12511140496147600 12511140497571146 12511141009550632
12511141009553350 12511141009613496 12511141011117022 12511141519553020 12511141519554904 12511141519614530 12511141521058121 12511142033208960
12511142033211716 12511142033289402 12511142034786698 12511142543378154 12511142543382916 12511142543444044 12511142544833296 12511143056389296

12511176952018732 12511176952031776 12511176953335496 12511177424531218 12511177424535546 12511177424594414 12511177462019362 12511177938182526
12511177938183346 12511177938238294 12511177972290880 12511178449131804 12511178449136506 12511178449196096 12511178480252778 12511178956458776
12511178956462130 12511178956514206 12511178991266760 12511179467511348 12511179467515642 12511179467566048 12511179499963502 12511179977300302
12511179977301784 12511179977359704 12511180016987998 12511180492606104 12511180492611524 12511180492660902 12511180526449174 12511181003437772
12511181003440248 12511181003491634 12511181039537408 12511181515441490 12511181515445058 12511181515494062 12511181550396146 12511182027979908
12511182027982642 12511182028034296 12511182063490502 12511182541218374 12511182541220350 12511182541268312 12511182574575554 12511183053835698
12511183053873914 12511183053948744 12511183087393790 12511183565760742 12511183565764358 12511183565918328 12511183598843950 12511184076331792
12511184076334306 12511184076391042 12511184112608568 12511184590802638 12511184590806872 12511184590870842 12511184622491028 12511185100011520
12511185100012336 12511185100096544 12511185136062874 12511185619134950 12511185619136654 12511185619194386 12511185646110154 12511186128936420

3146433281192666 3146433281205520 3146433282790314 3146433754176222 3146433754177850 3146433754234331 3146433788787824 3146434264641782
3146434264648544 3146434264702118 3146434299043880 3146434775588004 3146434775592342 3146434775645694 3146434808003416 3146435284035642
3146435284041926 3146435284091494 3146435318143812 3146435794769988 3146435794771658 3146435794819614 3146435827828140 3146436304984736
3146436304987208 3146436305047006 3146436339623698 3146436815704122 3146436815707972 3146436815757266 3146436849613420 3146437326357012
3146437326357848 3146437326408972 3146437363502348 3146437839675232 3146437839678720 3146437839727278 3146437874017058 3146438352095244
3146438352096082 3146438352146854 3146438375212404 3146438851934370 3146438851938262 3146438851986890 3146438871388902 3146439349089802
3146439349151680 3146439349202414 3146439384041080 3146439861434570 3146439861436234 3146439861580260 3146439896042894 3146440373583902
3146440373588802 3146440373638406 3146440406480924 3146440884444516 3146440884444528 3146440884510046 3146440920868152 3146441398384924
3146441398387730 3146441398453888 3146441430159554 3146441908050402 3146441908054748 3146441908111034 3146441949282596 3146442426735708

12511151437883562 12511151437896448 12511151439127234 12511151910257312 12511151910258978 12511151910324256 12511151911695940 12511152387218050
12511152387224634 12511152387280654 12511152425770658 12511152900974324 12511152900978540 12511152901038256 12511152936742494 12511153412327840
12511153412333058 12511153412384092 12511153444674750 12511153919125390 12511153919129028 12511153919178138 12511153954409602 12511154430514904
12511154430517700 12511154430576466 12511154464320414 12511154938887868 12511154938892064 12511154938944366 12511154980706268 12511155456361302
12511155456364756 12511155456416972 12511155491250432 12511155965977652 12511155965982122 12511155966035044 12511156004994859 12511156480339308
12511156480340458 12511156480391922 12511156515601844 12511156991630348 12511156991632116 12511156991683568 12511157029056504 12511157503723916
12511157503775228 12511157503852394 12511157539625698 12511158015021614 12511158015026406 12511158015194778 12511158053191428 12511158528166920
12511158528167812 12511158528220250 12511158564654838 12511159039563580 12511159039567214 12511159039633472 12511159077182478 12511159552139024
12511159552141502 12511159552214670 12511159588030502 12511160062526906 12511160062531100 12511160062592012 12511160106184670 12511160581833342

12511101150077690 12511101150087992 12511101151333808 12511101622536520 12511101622538248 12511101622589514 12511101660236260 12511102136956746
12511102136957580 12511102137007272 12511102170739216 12511102648068014 12511102648073246 12511102648124040 12511102678565184 12511103155863478
12511103155865894 12511103155917144 12511103189437108 12511103665728952 12511103665733726 12511103665782244 12511103698102382 12511104175556244
12511104175557064 12511104175603804 12511104215192672 12511104691891724 12511104691896492 12511104691945088 12511104724643282 12511105202465762
12511105202467148 12511105202516206 12511105237817358 12511105715933322 12511105715938194 12511105715988792 12511105748588826 12511106227179678
12511106227180510 12511106227229608 12511106261611328 12511106740264560 12511106740268938 12511106740318772 12511106772771698 12511107250798940
12511107250841334 12511107250903112 12511107285588376 12511107764261410 12511107764266180 12511107764412996 12511107797031660 12511108275807816
12511108275808660 12511108275859820 12511108310708258 12511108788411452 12511108788413170 12511108788461596 12511108820605608 12511109299169828
12511109299170654 12511109299236592 12511109334230212 12511109817437196 12511109817439567 12511109817487060 12511109844300078 12511110315699086

12511077344238810 12511077344257132 12511077345657682 12511077850097410 12511077850100642 12511077850174912 12511077854522784 12511078363902206
12511078363903038 12511078363972324 12511078365626050 12511078872480718 12511078872485040 12511078872552426 12511078874516176 12511079383281752
12511079383284474 12511079383349148 12511079388729378 12511079897039998 12511079897041592 12511079897091222 12511079898321098 12511080378589216
12511080378592556 12511080378653810 12511080409492514 12511080887895594 12511080887898412 12511080887948014 12511080918923932 12511081398081992
12511081398082738 12511081398133268 12511081432081994 12511081910235700 12511081910239246 12511081910292076 12511081942870052 12511082421231838
12511082421232578 12511082421283304 12511082455551594 12511082934157604 12511082934159244 12511082934208780 12511082967047186 12511083445544656
12511083445602124 12511083445657660 12511083479932512 12511083958604062 12511083958606370 12511083958770362 12511083991306906 12511084469315372
12511084469316538 12511084469372468 12511084504558692 12511084982982254 12511084982983920 12511084983047988 12511085014554490 12511085494216046
12511085494216790 12511085494283498 12511085528517432 12511086007369650 12511086007372462 12511086007429548 12511086038562560 12511086517700128

12511139459897522 12511139459907170 12511139461377306 12511139930301656 12511139930303560 12511139930355140 12511139966637378 12511140440723516
12511140440727228 12511140440777998 12511140481241562 12511140954308064 12511140954312334 12511140954364736 12511140989228412 12511141463443788
12511141463447190 12511141463497734 12511141499843662 12511141973071460 12511141973073226 12511141973122116 12511142013961266 12511142489894544
12511142489895484 12511142489959746 12511142498982210 12511142973744996 12511142973746676 12511142973796684 12511143005349572 12511143480447780
12511143480448614 12511143480498954 12511143516687596 12511143991666072 12511143991666084 12511143991714236 12511144026869556 12511144501129270
12511144501130918 12511144501181746 12511144537879710 12511145013056728 12511145013058626 12511145013111338 12511145050813944 12511145525496886
12511145525557016 12511145525607264 12511145562911736 12511146038492212 12511146038493964 12511146038655184 12511146075435084 12511146550120004
12511146550122506 12511146550171026 12511146586071816 12511147060113428 12511147060118114 12511147060181100 12511147099806968 12511147575641214
12511147575642102 12511147575711932 12511147610946626 12511148085543936 12511148085545534 12511148085599288 12511148128089632 12511148603856634

12511118153960362 12511118153978246 12511118155411732 12511118655611682 12511118655614052 12511118655689776 12511118657098880 12511119163275380
12511119163276210 12511119163349990 12511119164961474 12511119668850776 12511119668855482 12511119668928154 12511119670285564 12511120176352267
12511120176353123 12511120176412866 12511120177971454 12511120683515400 12511120683519020 12511120683580874 12511120684960972 12511121191529680
12511121191530510 12511121191603516 12511121193090004 12511121697983808 12511121697987402 12511121698050760 12511121699447820 12511122209298444
12511122209301228 12511122209361790 12511122210788626 12511122702260404 12511122702262062 12511122702316544 12511122713282240 12511123188344642
12511123188345412 12511123188400938 12511123225714460 12511123700848236 12511123700849874 12511123700903430 12511123736015180 12511124210527168
12511124210577098 12511124210645640 12511124244464244 12511124719697122 12511124719701812 12511124719871258 12511124755401758 12511125229852100
12511125229854534 12511125229917370 12511125263511662 12511125738422288 12511125738423932 12511125738497788 12511125775529072 12511126250769866
12511126250772306 12511126250849200 12511126285891358 12511126759955914 12511126759959440 12511126760023600 12511126796460142 12511127271529504

12511039213197886 12511039213207268 12511039214729578 12511039683844040 12511039683845086 12511039683898446 12511039716374828 12511040190116610
12511040190117142 12511040190169306 12511040224234860 12511040698052310 12511040698054178 12511040698101176 12511040729555426 12511041203422918
12511041203423502 12511041203471820 12511041237239542 12511041710974926 12511041710976016 12511041711022180 12511041744225126 12511042217682058
12511042217682584 12511042217742794 12511042252351228 12511042727242946 12511042727244008 12511042727295378 12511042758706220 12511043234302074
12511043234302694 12511043234351438 12511043270043846 12511043744399384 12511043744400530 12511043744449308 12511043762410632 12511044237733182
12511044237733748 12511044237781598 12511044260215124 12511044734658566 12511044734659702 12511044734705476 12511044770409848 12511045245896276
12511045245896860 12511045245944414 12511045284216802 12511045758891874 12511045758893000 12511045759057952 12511045794504664 12511046270020932
12511046270021484 12511046270072110 12511046308122422 12511046782930156 12511046782931306 12511046782995020 12511046818512166 12511047293851182
12511047293851774 12511047293921954 12511047331860970 12511047807141980 12511047807143118 12511047807197418 12511047843259828 12511048318220956

12511166293952520 12511166293966368 12511166295123828 12511166767707826 12511166767714350 12511166767772792 12511166800954597 12511167277840194
12511167277841004 12511167277902486 12511167315358728 12511167792186618 12511167792190802 12511167792249590 12511167823399720 12511168299935522
12511168299936664 12511168299989732 12511168334323564 12511168811425756 12511168811427410 12511168811479590 12511168848067208 12511169326400436
12511169326401264 12511169326466380 12511169329462312 12511169807496692 12511169807499558 12511169807550510 12511169838720558 12511170316012364
12511170316016296 12511170316063096 12511170348904438 12511170826994088 12511170826998266 12511170827051618 12511170861120026 12511171340096800
12511171340097576 12511171340149772 12511171372174408 12511171850385588 12511171850392378 12511171850441246 12511171885275924 12511172364017670
12511172364067500 12511172364117234 12511172396499420 12511172874277256 12511172874278916 12511172874442436 12511172909629020 12511173387957088
12511173387957896 12511173388016666 12511173420892146 12511173898458864 12511173898460522 12511173898526052 12511173933866316 12511174411731728
12511174411736072 12511174411800388 12511174445098158 12511174923180538 12511174923183362 12511174923245044 12511174962392614 12511175440113478
