25 3854
12511440577438468 12511440577467300 12511440611596578 12511441133730922 12511441133734746 12511441133823533 12511441171989257 12511441678938358
12511441678942300 12511441679010790 12511441724774712 12511442228301924 12511442228306608 12511442228373602 12511442281412362 12511442785970302
12511442785973684 12511442786040504 12511442834560448 12511443338297870 12511443338301458 12511443338383156 12511443394869074 12511443885523934
12511443885524754 12511443885585648 12511443950700438 12511444427293672 12511444427295400 12511444427352726 12511444478477258 12511444952940358
12511444952941252 12511444952997828 12511445000295616 12511445477185820 12511445477190050 12511445477247982 12511445524435634 12511445999375766
12511445999379818 12511445999433286 12511446045047458 12511446522674912 12511446522674952 12511446522758438 12511446644977078 12511447120994214
12511447120994978 12511447121172378 12511447199375906 12511447674855078 12511447674858774 12511447674916492 12511447764687768 12511448239619994
12511448239622780 12511448239682668 12511448304130983 12511448781538604 12511448781543056 12511448781612004 12511448883667880 12511449358827626
12511449358830420 12511449358901024 12511449442782688 12511449918153482 12511449918157346 12511449918226378 12511450006099804 12511450481039910

12511485539464222 12511485539481240 12511485571389717 12511486052442050 12511486052444420 12511486052519680 12511486127869297 12511486604660628
12511486604665838 12511486604735766 12511486672548372 12511487146231882 12511487146233714 12511487146305926 12511487232311422 12511487706675554
12511487706678350 12511487706731208 12511487790828524 12511488265852728 12511488265854392 12511488265914028 12511488342277844 12511488816784248
12511488816788876 12511488816857860 12511488887662670 12511489364343164 12511489364347912 12511489364407532 12511489429619592 12511489904775784
12511489904778336 12511489904835660 12511489958389154 12511490433260772 12511490433262428 12511490433317814 12511490493310550 12511490968220442
12511490968223142 12511490968278350 12511491107778075 12511491582770404 12511491582770478 12511491582851040 12511491662935354 12511492138452366
12511492138454362 12511492138637414 12511492227449112 12511492702603970 12511492702608780 12511492702679280 12511492766084820 12511493241311982
12511493241312766 12511493241383534 12511493333381992 12511493808583382 12511493808584988 12511493808652882 12511493875371180 12511494349789114
12511494349789914 12511494349864694 12511494456960402 12511494932198494 12511494932202630 12511494932276564 12511494994612662 12511495469985716

12511403225438172 12511403225463044 12511403259488359 12511403741583942 12511403741588730 12511403741659856 12511403818240718 12511404300252636
12511404300255430 12511404300333720 12511404364560818 12511404840169528 12511404840171082 12511404840239560 12511404920361958 12511405394796740
12511405394798130 12511405394854780 12511405458919864 12511405933559932 12511405933564274 12511405933618138 12511406012008474 12511406487026308
12511406487027094 12511406487083580 12511406564099268 12511407040747558 12511407040752272 12511407040810078 12511407114861398 12511407591433708
12511407591436482 12511407591494304 12511407671707690 12511408146876720 12511408146880666 12511408146934324 12511408280212894 12511408755580240
12511408755583006 12511408755642072 12511408831810808 12511409311645188 12511409311655686 12511409311713392 12511409393956894 12511409873809038
12511409873811792 12511409873990450 12511409944825604 12511410420971654 12511410420974084 12511410421040088 12511410504657767 12511410981851980
12511410981854712 12511410981908992 12511411056318580 12511411530888402 12511411530892736 12511411530957956 12511411614737482 12511412102362405
12511412102363287 12511412102432988 12511412166695934 12511412644683986 12511412644685672 12511412644752134 12511412724169534 12511413199642750

12511430996869044 12511430996890076 12511431028887709 12511431504219818 12511431504222038 12511431504293882 12511431539191599 12511432013940382
12511432013942808 12511432014010280 12511432097397820 12511432573918180 12511432573920512 12511432573992040 12511432644428706 12511433118571270
12511433118573394 12511433118622672 12511433204839154 12511433681350016 12511433681352386 12511433681407740 12511433747481108 12511434222604996
12511434222607176 12511434222662836 12511434299155376 12511434773522236 12511434773527018 12511434773581030 12511434847023857 12511435321579506
12511435321583604 12511435321638660 12511435394696332 12511435870029946 12511435870031712 12511435870085956 12511435941800534 12511436416306266
12511436416308428 12511436416363224 12511436564875330 12511437039997074 12511437039997148 12511437040056946 12511437120296386 12511437595043572
12511437595045676 12511437595220538 12511437684881386 12511438159933216 12511438159935486 12511438160001790 12511438223431262 12511438698956486
12511438698957238 12511438699011744 12511438790818204 12511439265164174 12511439265169026 12511439265234732 12511439332571912 12511439807892568
12511439807897750 12511439807966312 12511439914378714 12511440389952482 12511440389954816 12511440390025432 12511440452028976 12511440926497830

12511430330784352 12511430330804674 12511430363168279 12511430843840772 12511430843841904 12511430843912064 12511430919356463 12511431394287304
12511431394289354 12511431394355402 12511431464056418 12511431935447376 12511431935448588 12511431935514264 12511432023373950 12511432495414666
12511432495415216 12511432495467196 12511432582221690 12511433054361078 12511433054362282 12511433054416498 12511433133656946 12511433605635090
12511433605636592 12511433605690758 12511433678728556 12511434151932754 12511434151933902 12511434151998532 12511434220675328 12511434692967372
12511434692968934 12511434693020128 12511434748846326 12511435220948246 12511435220949392 12511435220997728 12511435272388328 12511435743998370
12511435743998934 12511435744048446 12511435796140444 12511436267891146 12511436267892606 12511436267948160 12511436395305176 12511436867492774
12511436867494726 12511436867671220 12511436952465384 12511437424603746 12511437424604948 12511437424666230 12511437517119642 12511437988731864
12511437988732458 12511437988783928 12511438050468000 12511438535692326 12511438535693548 12511438535773962 12511438618894210 12511439096538724
12511439096539324 12511439096604574 12511439167736210 12511439644813942 12511439644815104 12511439644878566 12511439748285216 12511440219490274

12511458586347550 12511458586371870 12511458620058331 12511459098518008 12511459098522254 12511459098589400 12511459178231349 12511459644076666
12511459644078481 12511459644138789 12511459722645174 12511460191254206 12511460191258902 12511460191329642 12511460284373008 12511460756782438
12511460756788102 12511460756841882 12511460843328586 12511461315535510 12511461315538860 12511461315594380 12511461395307538 12511461868720270
12511461868722420 12511461868776918 12511461939168480 12511462413403796 12511462413406028 12511462413461850 12511462480603342 12511462953524500
12511462953525236 12511462953575582 12511463007244430 12511463481278124 12511463481281402 12511463481337202 12511463531690346 12511464005632694
12511464005637584 12511464005690646 12511464136787642 12511464609784478 12511464609784518 12511464609855444 12511464687394162 12511465161186014
12511465161187940 12511465161360530 12511465257657872 12511465732197966 12511465732202334 12511465732272082 12511465794762974 12511466268041718
12511466268046898 12511466268113790 12511466352359336 12511466825127190 12511466825131528 12511466825202820 12511466912554234 12511467387844980
12511467387849992 12511467387918116 12511467471632288 12511467946764092 12511467946767370 12511467946838098 12511468024323436 12511468498071072

12511446203636298 12511446203657742 12511446235998791 12511446714796444 12511446714798938 12511446714862882 12511446779799345 12511447255610492
12511447255611272 12511447255678798 12511447339477598 12511447814540282 12511447814542782 12511447814608870 12511447893688660 12511448367827522
12511448367830242 12511448367883474 12511448422771868 12511448896973614 12511448896975258 12511448897027784 12511448972891874 12511449446580526
12511449446583330 12511449446637626 12511449528032002 12511450002516050 12511450002517670 12511450002570556 12511450082736678 12511450556185364
12511450556188238 12511450556238840 12511450645722582 12511451119565006 12511451119569872 12511451119620120 12511451253093724 12511451726924876
12511451726925604 12511451726976098 12511451804618200 12511452277711508 12511452277711568 12511452277784494 12511452366875086 12511452846144112
12511452846144721 12511452846313626 12511452918097264 12511453385875820 12511453385877226 12511453385932394 12511453477588392 12511453941624478
12511453941627244 12511453941682472 12511454029290518 12511454502574958 12511454502578506 12511454502646624 12511454587586096 12511455061435912
12511455061438624 12511455061508636 12511455139656216 12511455614931396 12511455614933042 12511455614997132 12511455696912352 12511456170546432

12511370684586230 12511370684608516 12511370722774248 12511371229294806 12511371229298260 12511371229379352 12511371282545350 12511371788655416
12511371788656220 12511371788739498 12511371830170334 12511372331002166 12511372331004478 12511372331084956 12511372386160184 12511372862002498
12511372862003300 12511372862057412 12511372936798008 12511373408844544 12511373408846854 12511373408903922 12511373495914596 12511373967411796
12511373967412574 12511373967464860 12511374053691709 12511374526314176 12511374526315850 12511374526375294 12511374615443974 12511375089728944
12511375089731692 12511375089788036 12511375178509061 12511375686465672 12511375686470014 12511375686533668 12511375739499546 12511376239263412
12511376239265906 12511376239331014 12511376296676920 12511376800439134 12511376800439210 12511376800504526 12511376853106658 12511377352894802
12511377352895554 12511377353106774 12511377404011265 12511377911464676 12511377911466346 12511377911549294 12511377963939370 12511378463205838
12511378463206640 12511378463289548 12511378515597692 12511379021101100 12511379021105786 12511379021185214 12511379073885969 12511379573767774
12511379573768908 12511379573849448 12511379629496210 12511380131319812 12511380131321484 12511380131403280 12511380190003704 12511380690116042

12511355592045538 12511355592068800 12511355625509309 12511356100661026 12511356100663520 12511356100716522 12511356168639068 12511356642686132
12511356642691018 12511356642743550 12511356727894072 12511357197662096 12511357197665862 12511357197717556 12511357282469826 12511357752313570
12511357752318154 12511357752370436 12511357808943132 12511358278000632 12511358278004238 12511358278057376 12511358350209132 12511358822539786
12511358822544836 12511358822595768 12511358908967252 12511359379629056 12511359379633368 12511359379683340 12511359466146094 12511359936876458
12511359936877420 12511359936929058 12511360034205262 12511360505370148 12511360505374402 12511360505424420 12511360641582008 12511361112053730
12511361112055896 12511361112107220 12511361193090588 12511361665192922 12511361665204556 12511361665257582 12511361755337586 12511362226261338
12511362226263406 12511362226429720 12511362305656080 12511362776406928 12511362776413046 12511362776463198 12511362865980860 12511363337492262
12511363337494324 12511363337546334 12511363417724370 12511363891327266 12511363891331458 12511363891382784 12511363976037580 12511364446506012
12511364446506750 12511364446559754 12511364527757030 12511364998892536 12511364998896166 12511364998948102 12511365085357387 12511365558221940

12511356756461122 12511356756475584 12511356787952389 12511357275743788 12511357275745906 12511357275813087 12511357308243716 12511357791668362
12511357791669096 12511357791734290 12511357840928568 12511358314328858 12511358314331380 12511358314400140 12511358400830211 12511358877748392
12511358877749122 12511358877799420 12511358964504476 12511359438901968 12511359438904892 12511359438956164 12511359521249944 12511359994914534
12511359994917072 12511359994967466 12511360074409464 12511360547511822 12511360547513530 12511360547566578 12511360619925660 12511361094068788
12511361094071512 12511361094124428 12511361161678024 12511361637427134 12511361637431756 12511361637503612 12511361698199882 12511362171456428
12511362171457164 12511362171512702 12511362303849074 12511362778186810 12511362778186850 12511362778243380 12511362856470714 12511363330836832
12511363330837564 12511363331016260 12511363418274908 12511363892191040 12511363892192706 12511363892260918 12511363968464208 12511364442273904
12511364442274538 12511364442336654 12511364529259356 12511365003316834 12511365003318488 12511365003382108 12511365083216090 12511365558794694
12511365558795432 12511365558862572 12511365638686222 12511366113358334 12511366113358346 12511366113426054 12511366190371202 12511366664665618

12511481695556124 12511481695581090 12511481730060145 12511482213635349 12511482213637379 12511482213702729 12511482266508212 12511482750416440
12511482750419382 12511482750484068 12511482801647494 12511483277643502 12511483277643514 12511483277709978 12511483354722950 12511483829037912
12511483829042970 12511483829097574 12511483917944082 12511484392905180 12511484392905192 12511484392955024 12511484473000780 12511484946836166
12511484946837300 12511484946890872 12511485031856382 12511485507107952 12511485507112232 12511485507164606 12511485591709764 12511486067057358
12511486067058104 12511486067107738 12511486122114848 12511486597387466 12511486597392964 12511486597442660 12511486685641162 12511487160431572
12511487160435034 12511487160483358 12511487240923106 12511487715786178 12511487715786252 12511487715838914 12511487805909740 12511488283283064
12511488283287644 12511488283457394 12511488334928462 12511488809767244 12511488809770674 12511488809835262 12511488876896416 12511489351136272
12511489351137214 12511489351200394 12511489422969970 12511489897746940 12511489897746952 12511489897812882 12511489988174568 12511490463427650
12511490463430558 12511490463495866 12511490532870592 12511491010560304 12511491010560316 12511491010626050 12511491136333876 12511491611158080

12511375361052754 12511375361067234 12511375396818271 12511375875645946 12511375875650360 12511375875703226 12511375954211435 12511376428920488
12511376428923184 12511376428974474 12511376502105532 12511376976853348 12511376976858046 12511376976912694 12511377057217858 12511377531486066
12511377531488780 12511377531543306 12511377608153742 12511378082330418 12511378082335084 12511378082389646 12511378166907224 12511378641247894
12511378641248632 12511378641303120 12511378724410256 12511379198146998 12511379198152638 12511379198206500 12511379286245128 12511379759561246
12511379759563964 12511379759620546 12511379849594000 12511380323765306 12511380323767646 12511380323819064 12511380406530100 12511380880287442
12511380880290200 12511380880347440 12511380967621740 12511381441222660 12511381441236874 12511381441292442 12511381501310434 12511381975092424
12511381975093208 12511381975264930 12511382043827998 12511382518885640 12511382518890310 12511382518945418 12511382593567622 12511383066981016
12511383066981782 12511383067040186 12511383158145936 12511383630971784 12511383630974172 12511383631027624 12511383704518472 12511384175575136
12511384175575908 12511384175633076 12511384300404694 12511384774567024 12511384774571694 12511384774627760 12511384860846954 12511385334236852

12511314449904370 12511314449931374 12511314488195544 12511315009909684 12511315009914433 12511315009979513 12511315047848412 12511315557753022
12511315557756154 12511315557818236 12511315595466164 12511316100248616 12511316100253652 12511316100315922 12511316151461792 12511316651062278
12511316651067382 12511316651132298 12511316702102254 12511317206809198 12511317206813512 12511317206876368 12511317261210248 12511317764012044
12511317764016738 12511317764078898 12511317818990417 12511318325711048 12511318325714514 12511318325777288 12511318380739446 12511318890675528
12511318890681662 12511318890757580 12511318943832045 12511319447963716 12511319447965350 12511319448028116 12511319504803626 12511320009603528
12511320009607488 12511320009674262 12511320061994573 12511320550256332 12511320550256356 12511320550322658 12511320618374153 12511321094399862
12511321094404380 12511321094576138 12511321169311996 12511321646487204 12511321646490672 12511321646543090 12511321729236188 12511322207214522
12511322207216430 12511322207270426 12511322280896031 12511322758270332 12511322758274622 12511322758328854 12511322839152984 12511323341511996
12511323341514020 12511323341577380 12511323394775664 12511323901855966 12511323901860236 12511323901922870 12511323955277108 12511324459800280

12511303341077852 12511303341098626 12511303378020110 12511303886076946 12511303886079436 12511303886141430 12511303936608557 12511304436693724
12511304436695916 12511304436752276 12511304484080384 12511304955174894 12511304955176540 12511304955231698 12511305037316874 12511305508564908
12511305508568244 12511305508621514 12511305587310790 12511306058871772 12511306058873534 12511306058928030 12511306146999716 12511306617939086
12511306617939872 12511306617992944 12511306704732560 12511307175961796 12511307175964346 12511307176020934 12511307266331960 12511307737922850
12511307737923668 12511307737975880 12511307829617996 12511308301223802 12511308301225528 12511308301279218 12511308387101432 12511308857709248
12511308857712048 12511308857763862 12511308947697104 12511309418463322 12511309418463346 12511309418520650 12511309480980728 12511309952683648
12511309952684424 12511309952855768 12511310023529298 12511310494432462 12511310494435876 12511310494489684 12511310574939896 12511311044629586
12511311044630416 12511311044684728 12511311138320138 12511311609253578 12511311609256058 12511311609322342 12511311684691464 12511312160011058
12511312160011828 12511312160067544 12511312280469924 12511312751883360 12511312751885868 12511312751950336 12511312840911994 12511313311162338

12511349680370616 12511349680386936 12511349712644871 12511350195499760 12511350195504060 12511350195558874 12511350250561662 12511350724709734
12511350724710460 12511350724760872 12511350798731315 12511351271502310 12511351271506594 12511351271556490 12511351325617268 12511351796755968
12511351796756710 12511351796808180 12511351876223166 12511352348561732 12511352348566468 12511352348616806 12511352426411389 12511352899541702
12511352899542432 12511352899594926 12511352985685926 12511353459494936 12511353459498486 12511353459549256 12511353543734254 12511354016292018
12511354016292740 12511354016343746 12511354105481830 12511354578521452 12511354578523022 12511354578572574 12511354668995526 12511355142389488
12511355142390214 12511355142441388 12511355224507474 12511355697572390 12511355697572448 12511355697627682 12511355788033140 12511356260502092
12511356260504488 12511356260669850 12511356317877496 12511356791850146 12511356791855580 12511356791913094 12511356855526474 12511357330818446
12511357330821210 12511357330871430 12511357407359428 12511357879850136 12511357879851754 12511357879902220 12511357971529752 12511358443776584
12511358443779062 12511358443829632 12511358522634482 12511358996244876 12511358996249642 12511358996299084 12511359119498484 12511359592713410

12511361500760002 12511361500785476 12511361535595053 12511362040465162 12511362040468938 12511362040523926 12511362095311464 12511362577652498
12511362577654524 12511362577713678 12511362648028736 12511363123222600 12511363123226888 12511363123281864 12511363204734238 12511363679137876
12511363679142218 12511363679195684 12511363756962330 12511364236187970 12511364236192294 12511364236245582 12511364318196454 12511364793641230
12511364793645434 12511364793699844 12511364873956124 12511365350078982 12511365350083272 12511365350138432 12511365401802050 12511365878531174
12511365878533730 12511365878586334 12511365923993743 12511366399110142 12511366399111738 12511366399162822 12511366448232084 12511366922511890
12511366922516060 12511366922568400 12511367002296970 12511367477125368 12511367477125408 12511367477181140 12511367560196008 12511368035689226
12511368035691182 12511368035860812 12511368137693444 12511368613087330 12511368613091104 12511368613143988 12511368665443314 12511369140260946
12511369140265100 12511369140318268 12511369227389620 12511369702694158 12511369702697946 12511369702749118 12511369807401720 12511370282888542
12511370282890418 12511370282946716 12511370366440666 12511370845470932 12511370845475636 12511370845529634 12511370929522488 12511371405101724

12511404603080088 12511404603095092 12511404636221712 12511405119900303 12511405119904959 12511405119968488 12511405172805367 12511405652366864
12511405652369612 12511405652439974 12511405707778574 12511406179446504 12511406179450666 12511406179514684 12511406265924454 12511406737886744
12511406737887508 12511406737941272 12511406824915180 12511407296805216 12511407296806876 12511407296858898 12511407379274504 12511407851811284
12511407851812254 12511407851867432 12511407937713398 12511408408736682 12511408408738348 12511408408789938 12511408496004036 12511408968396162
12511408968398882 12511408968452442 12511409044729880 12511409517103572 12511409517105254 12511409517159056 12511409609188212 12511410080593806
12511410080596556 12511410080649872 12511410166969162 12511410639213922 12511410639213996 12511410639278260 12511410732472344 12511411206429790
12511411206430588 12511411206597616 12511411261374286 12511411737800600 12511411737802206 12511411737867196 12511411798179952 12511412275016182
12511412275018942 12511412275073182 12511412361616674 12511412834869992 12511412834874668 12511412834927760 12511412912002950 12511413385722318
12511413385723244 12511413385777112 12511413482618526 12511413963085902 12511413963088112 12511413963149588 12511414062080382 12511414538785118

3146660931662752 3146660931683016 3146660969982346 3146661460617156 3146661460618909 3146661460686946 3146661529604039 3146662008481486
3146662008483970 3146662008554800 3146662077231836 3146662550444050 3146662550448770 3146662550517992 3146662633222066 3146663104872744
3146663104877036 3146663104925876 3146663183872960 3146663656133474 3146663656137672 3146663656189898 3146663742976206 3146664214948068
3146664214950216 3146664215000478 3146664300767219 3146664776320952 3146664776323828 3146664776377316 3146664862516950 3146665337461855
3146665337464963 3146665337514277 3146665425647452 3146665900658366 3146665900662726 3146665900715192 3146665983137942 3146666459429388
3146666459431474 3146666459480122 3146666543809207 3146667021966208 3146667021966288 3146667022043466 3146667074422126 3146667549890398
3146667549894532 3146667550059688 3146667625737113 3146668106002032 3146668106005713 3146668106067795 3146668190656552 3146668651752066
3146668651756568 3146668651803850 3146668743962730 3146669214717398 3146669214721526 3146669214786222 3146669302154285 3146669778519290
3146669778523424 3146669778605714 3146669876576428 3146670355173410 3146670355175060 3146670355237336 3146670437081286 3146670909814034

12511379088613264 12511379088629846 12511379121615229 12511379601237262 12511379601240516 12511379601310384 12511379663437528 12511380143562460
12511380143566792 12511380143633816 12511380210004020 12511380681871156 12511380681874778 12511380681948408 12511380737535676 12511381208686462
12511381208690584 12511381208742024 12511381290926928 12511381763973770 12511381763977470 12511381764029784 12511381841693176 12511382313638434
12511382313639212 12511382313691452 12511382403052436 12511382876140480 12511382876144642 12511382876194770 12511382968473468 12511383440120752
12511383440124824 12511383440176070 12511383528954106 12511384001114300 12511384001115996 12511384001167176 12511384095201338 12511384567245192
12511384567250366 12511384567301748 12511384652946990 12511385124127826 12511385124127850 12511385124185646 12511385218451930 12511385690330610
12511385690332660 12511385690504168 12511385746490196 12511386218025822 12511386218030010 12511386218095318 12511386283646310 12511386754973208
12511386754977734 12511386755027166 12511386848038468 12511387319351880 12511387319355608 12511387319421558 12511387401742302 12511387875261574
12511387875266196 12511387875331078 12511387968476150 12511388441164564 12511388441166262 12511388441229074 12511388547334744 12511389018435446

12511328799975726 12511328799995498 12511328833921068 12511329325084630 12511329325086262 12511329325149393 12511329369546118 12511329850889274
12511329850890008 12511329850951422 12511329902646002 12511330376135140 12511330376136800 12511330376195838 12511330452976270 12511330926206106
12511330926206850 12511330926257674 12511331012585700 12511331484208508 12511331484213338 12511331484261882 12511331568901738 12511332040452408
12511332040453178 12511332040507456 12511332127463752 12511332600055534 12511332600057200 12511332600107748 12511332688836596 12511333160616584
12511333160617386 12511333160669302 12511333219614118 12511333693065444 12511333693069530 12511333693117788 12511333744837922 12511334216835068
12511334216835804 12511334216888926 12511334301934100 12511334773521758 12511334773521798 12511334773576834 12511334857577424 12511335329107482
12511335329108214 12511335329276352 12511335433888630 12511335906881424 12511335906885006 12511335906944160 12511335956895890 12511336430693674
12511336430694420 12511336430744486 12511336489932433 12511336963017532 12511336963021118 12511336963084554 12511337052961616 12511337526551644
12511337526554128 12511337526621752 12511337622087312 12511338095224766 12511338095226452 12511338095286666 12511338183252582 12511338655699332

12511304993745130 12511304993766870 12511305028582695 12511305550626250 12511305550628083 12511305550694804 12511305588307760 12511306104028958
12511306104029769 12511306104096074 12511306141054973 12511306648363918 12511306648365528 12511306648429994 12511306697729072 12511307199471938
12511307199473028 12511307199538414 12511307250856130 12511307760789364 12511307760791028 12511307760855778 12511307811184112 12511308313608406
12511308313611136 12511308313671774 12511308366975834 12511308850182560 12511308850184228 12511308850238036 12511308894782932 12511309370797604
12511309370798378 12511309370856056 12511309416988377 12511309892086690 12511309892090860 12511309892146432 12511309940708487 12511310415381716
12511310415382542 12511310415438762 12511310482071230 12511310956287508 12511310956287582 12511310956342724 12511311008489546 12511311485126270
12511311485127108 12511311485306200 12511311564466349 12511312040543494 12511312040547030 12511312040602456 12511312180636008 12511312682048022
12511312682049364 12511312682130914 12511312747799902 12511313251071514 12511313251075692 12511313251156200 12511313305300484 12511313807893348
12511313807896076 12511313807960102 12511313864583896 12511314368478502 12511314368482040 12511314368546836 12511314422487714 12511314923448128

12511367110598224 12511367110616078 12511367143640424 12511367626870618 12511367626872274 12511367626940088 12511367702203854 12511368184151095
12511368184156764 12511368184227490 12511368254563014 12511368727689920 12511368727691578 12511368727757608 12511368809379848 12511369281783548
12511369281785606 12511369281840090 12511369361101712 12511369836382350 12511369836382362 12511369836437348 12511369922507568 12511370393385324
12511370393387402 12511370393440982 12511370478569752 12511370952975752 12511370952977438 12511370953032936 12511371008258744 12511371479425494
12511371479427824 12511371479479510 12511371543367922 12511372014899702 12511372014901360 12511372014956322 12511372101086854 12511372573359710
12511372573361794 12511372573414792 12511372636226460 12511373108977104 12511373108977178 12511373109038754 12511373182478000 12511373654870366
12511373654872332 12511373655058416 12511373798332350 12511374269964340 12511374269965998 12511374270036998 12511374364224544 12511374836281332
12511374836283622 12511374836334286 12511374917559228 12511375388533294 12511375388534902 12511375388603618 12511375475743778 12511375946697846
12511375946702428 12511375946768176 12511376028200098 12511376501020372 12511376501022032 12511376501091538 12511376585551808 12511377058608694

12511345804292350 12511345804318220 12511345838366502 12511346363054257 12511346363055826 12511346363139816 12511346397150002 12511346899817548
12511346899821872 12511346899908226 12511346934579522 12511347434532292 12511347434535692 12511347434617946 12511347486763860 12511347983202086
12511347983202896 12511347983267800 12511348037826681 12511348536984036 12511348536988090 12511348537054704 12511348590916833 12511349089214285
12511349089215096 12511349089308594 12511349142952401 12511349642830866 12511349642832524 12511349642897422 12511349694959480 12511350190465104
12511350190470010 12511350190532456 12511350250060454 12511350750386360 12511350750388010 12511350750454004 12511350815664434 12511351298034544
12511351298035320 12511351298092520 12511351377407455 12511351852434096 12511351852434154 12511351852493806 12511351938863014 12511352443838726
12511352443841504 12511352444061610 12511352499173776 12511353008983934 12511353008987296 12511353009072480 12511353063311513 12511353562177334
12511353562178180 12511353562258112 12511353616617305 12511354119790716 12511354119795186 12511354119878378 12511354174807629 12511354673172436
12511354673173264 12511354673258850 12511354728624965 12511355230636632 12511355230638290 12511355230717438 12511355284324994 12511355787722432

12511266862213166 12511266862236740 12511266894592624 12511267372716182 12511267372717870 12511267372782936 12511267451500737 12511267925150776
12511267925153544 12511267925219620 12511267988668784 12511268459036876 12511268459040710 12511268459111728 12511268539707436 12511269010330030
12511269010330842 12511269010384144 12511269090616602 12511269563165528 12511269563168872 12511269563224716 12511269643580906 12511270114809688
12511270114810420 12511270114865434 12511270195936240 12511270666695568 12511270666698900 12511270666754646 12511270743932236 12511271216087134
12511271216088104 12511271216144160 12511271295267622 12511271768531712 12511271768536500 12511271768590660 12511271852784392 12511272325319228
12511272325322002 12511272325380466 12511272388141764 12511272860763642 12511272860763702 12511272860818150 12511272933693082 12511273407335438
12511273407335936 12511273407514170 12511273549966766 12511274021647736 12511274021650610 12511274021713556 12511274115889588 12511274588172120
12511274588174848 12511274588232058 12511274669198823 12511275142046254 12511275142047940 12511275142111716 12511275227381380 12511275700722174
12511275700722922 12511275700790318 12511275780061820 12511276251989594 12511276251991376 12511276252059202 12511276336869522 12511276808125576

12511393945303110 12511393945324222 12511393978977310 12511394463467950 12511394463471394 12511394463538152 12511394535963307 12511395015336850
12511395015339026 12511395015402490 12511395089349488 12511395561350258 12511395561354612 12511395561421040 12511395644389764 12511396116736898
12511396116739080 12511396116790970 12511396196278248 12511396669114516 12511396669116166 12511396669170652 12511396757696352 12511397229462512
12511397229464694 12511397229527946 12511397313623250 12511397785525600 12511397785529954 12511397785583592 12511397843949086 12511398316464322
12511398316466416 12511398316517474 12511398366362681 12511398842249812 12511398842251454 12511398842315738 12511398890817588 12511399362537464
12511399362539608 12511399362592962 12511399435667518 12511399908022768 12511399908022808 12511399908078474 12511399960524166 12511400432557324
12511400432559362 12511400432739640 12511400509218980 12511400982048708 12511400982050964 12511400982115138 12511401133182820 12511401606308940
12511401606310920 12511401606366990 12511401700185870 12511402172492266 12511402172493934 12511402172564534 12511402256170868 12511402727917092
12511402727919134 12511402727983186 12511402813667204 12511403286787680 12511403286789368 12511403286854434 12511403364953322 12511403838790246
