This is pdfTeX, Version 3.14159-1.10b (Web2C 7.4.5) (format=pdflatex 2004.8.24)  6 OCT 2004 00:10
**mr
(./mr.tex{/sw/share/texmf/pdftex/config/pdftex.cfg}
LaTeX2e <2001/06/01>
Babel <v3.7h> and hyphenation patterns for american, french, german, ngerman, n
ohyphenation, loaded.
(/sw/share/texmf/tex/latex/ntgclass/artikel3.cls
Document Class: artikel3 1999/03/03 v2.0y NTG LaTeX document class
(/sw/share/texmf/tex/latex/ntgclass/ntg10.clo
File: ntg10.clo 1999/03/03 v2.0y NTG LaTeX file (size option)
)
\unitindent=\dimen102
\othermargin=\dimen103
\c@part=\count79
\c@section=\count80
\c@subsection=\count81
\c@subsubsection=\count82
\c@paragraph=\count83
\c@subparagraph=\count84
\c@figure=\count85
\c@table=\count86
\abovecaptionskip=\skip41
\belowcaptionskip=\skip42
LaTeX Info: Redefining \em on input line 723.
\bibindent=\dimen104
) (./mr.aux)
\openout1 = `mr.aux'.

LaTeX Font Info:    Checking defaults for OML/cmm/m/it on input line 3.
LaTeX Font Info:    ... okay on input line 3.
LaTeX Font Info:    Checking defaults for T1/cmr/m/n on input line 3.
LaTeX Font Info:    ... okay on input line 3.
LaTeX Font Info:    Checking defaults for OT1/cmr/m/n on input line 3.
LaTeX Font Info:    ... okay on input line 3.
LaTeX Font Info:    Checking defaults for OMS/cmsy/m/n on input line 3.
LaTeX Font Info:    ... okay on input line 3.
LaTeX Font Info:    Checking defaults for OMX/cmex/m/n on input line 3.
LaTeX Font Info:    ... okay on input line 3.
LaTeX Font Info:    Checking defaults for U/cmr/m/n on input line 3.
LaTeX Font Info:    ... okay on input line 3.
LaTeX Font Info:    External font `cmex10' loaded for size
(Font)              <7> on input line 17.
LaTeX Font Info:    External font `cmex10' loaded for size
(Font)              <5> on input line 17.
 [1

{/sw/share/texmf/dvips/config/pdftex.map}] (./mr.aux) ) 
Here is how much of TeX's memory you used:
 254 strings out of 95437
 2669 string characters out of 1190295
 45931 words of memory out of 1000001
 3336 multiletter control sequences out of 10000+50000
 3640 words of font info for 14 fonts, out of 500000 for 1000
 14 hyphenation exceptions out of 1000
 23i,4n,18p,106b,154s stack positions out of 1500i,500n,5000p,200000b,5000s
 7 PDF objects out of 300000
 0 named destinations out of 131072
 0 words of extra memory for PDF output out of 65536
{/sw/share/texmf/dvips/t
etex/f7b6d320.enc}</sw/share/texmf/fonts/type1/bluesky/cm/cmr10.pfb>
Output written on mr.pdf (1 page, 9616 bytes).
