16 891
2270865994169864 2270865998386874 2270866007104632 2270866058867980 2270865998386902 2270866003535864 2270866060771084 2270866111582236
2270866111582740 2270866115672364 2270866132048514 2270866183541676 2270866115672392 2270866118744804 2270866192154098 2270866243258074
2270866243260356 2270866247640760 2270866261282514 2270866312753640 2270866247640788 2270866250912476 2270866314215814 2270866365491836
2270866365492326 2270866369623614 2270866389516508 2270866441234356 2270866369623656 2270866372911990 2270866451095270 2270866502557688
2270866502558332 2270866506968080 2270866519774188 2270866571368626 2270866506968108 2270866510535434 2270866573107664 2270866626460488
2270866626460992 2270866631089980 2270866644683504 2270866698710414 2270866631090022 2270866635171442 2270866700627126 2270866753319262
2270866753320578 2270866757440330 2270866834584054 2270866887854012 2270866757440372 2270866760783068 2270866897252926 2270866949465240
2270866949467690 2270866954335728 2270866964618252 2270867016790596 2270866954335770 2270866958034612 2270867027355850 2270867078534026
2270867078534502 2270867082853012 2270867120440100 2270867171281870 2270867082853054 2270867086327182 2270867173087758 2270867224133228

2270865627776466 2270865632091126 2270865641363186 2270865696899338 2270865632091252 2270865637483058 2270865698727248 2270865755303642
2270865755305560 2270865760021446 2270865766502718 2270865824275160 2270865760021488 2270865764366514 2270865826530462 2270865884009842
2270865884010486 2270865888541866 2270865894825934 2270865949170308 2270865888541894 2270865891618142 2270865951494056 2270866005835294
2270866005835938 2270866010580328 2270866017323204 2270866070760518 2270866010580510 2270866014320652 2270866072175092 2270866128709682
2270866128710130 2270866133456648 2270866145611420 2270866202308858 2270866133456690 2270866136941500 2270866203711014 2270866260424860
2270866260426372 2270866265312344 2270866301371682 2270866356066462 2270866265312386 2270866268838902 2270866358007856 2270866414697636
2270866414698154 2270866419071264 2270866426119676 2270866483434444 2270866419071306 2270866423612584 2270866516456860 2270866573526978
2270866573527818 2270866577921088 2270866592188796 2270866649888928 2270866577921130 2270866582225556 2270866681901580 2270866738772240
2270866738772996 2270866743507362 2270866750787502 2270866808514290 2270866743507404 2270866748265472 2270866810169118 2270866867814762

2270871112491814 2270871116778502 2270871126575870 2270871179037468 2270871116778530 2270871122268028 2270871180798710 2270871232712152
2270871232712656 2270871237569816 2270871251744676 2270871302913920 2270871237569844 2270871241650620 2270871311632546 2270871362173946
2270871362174422 2270871366835582 2270871379319844 2270871431745392 2270871366835610 2270871370276446 2270871440543958 2270871491466676
2270871491468594 2270871495944492 2270871509727856 2270871561074746 2270871495944520 2270871500926882 2270871562725724 2270871614471978
2270871614473518 2270871618804964 2270871637994974 2270871689151716 2270871618804992 2270871623788306 2270871725098928 2270871775901666
2270871775902156 2270871780458442 2270871788112312 2270871839057332 2270871780458470 2270871784868750 2270871840655726 2270871892138948
2270871892141258 2270871896673632 2270871953103446 2270872005261062 2270871896673674 2270871900149356 2270872017959230 2270872068941504
2270872068941966 2270872073625750 2270872111624494 2270872163073430 2270872073625778 2270872078318788 2270872165264430 2270872216339146
2270872216340728 2270872219227416 2270872238818666 2270872289819238 2270872219227444 2270872224440442 2270872291841958 2270872344011544

2270967381304972 2270967385283744 2270967394208800 2270967451139814 2270967385283786 2270967390954164 2270967453194398 2270967510655270
2270967510655802 2270967515382888 2270967521120606 2270967578165062 2270967515382916 2270967518572550 2270967581089242 2270967638361016
2270967638362822 2270967643122654 2270967648754056 2270967707003296 2270967643122682 2270967646310818 2270967709822308 2270967768121878
2270967768123698 2270967772661560 2270967779081260 2270967837002116 2270967772661602 2270967776031304 2270967839219212 2270967897037742
2270967897039506 2270967901599810 2270967908420246 2270967965334698 2270967901599838 2270967905784088 2270967966687070 2270968023375002
2270968023375450 2270968027895112 2270968055013784 2270968112003948 2270968027895154 2270968031415804 2270968157684660 2270968214728724
2270968214729186 2270968219208528 2270968224959840 2270968282493960 2270968219208556 2270968224321202 2270968284993814 2270968342676586
2270968342677160 2270968347328674 2270968380880598 2270968438190760 2270968347328870 2270968351253238 2270968439729612 2270968497582708
2270968497584206 2270968502001416 2270968509290782 2270968567033670 2270968502001458 2270968506796920 2270968568353044 2270968625809702

2270867597089882 2270867600819440 2270867609464076 2270867661637344 2270867600819468 2270867606210924 2270867664043440 2270867715519284
2270867715521118 2270867719759646 2270867726999676 2270867779174876 2270867719759688 2270867724583080 2270867780730892 2270867831923446
2270867831926344 2270867836118420 2270867855876578 2270867907960092 2270867836118448 2270867839369094 2270867909584848 2270867960898880
2270867960900378 2270867965196404 2270867983708198 2270868034921878 2270867965196432 2270867968743150 2270868036468654 2270868087861254
2270868087861912 2270868090800134 2270868114308276 2270868165262074 2270868090800162 2270868095967506 2270868167040550 2270868217973222
2270868217973712 2270868222104076 2270868267915156 2270868319325172 2270868222104118 2270868226144924 2270868321279936 2270868372621632
2270868372622318 2270868376650748 2270868435068240 2270868487007988 2270868376650776 2270868381320714 2270868488743246 2270868539830548
2270868539832270 2270868544181174 2270868596129154 2270868648090812 2270868544181216 2270868547966242 2270868649921424 2270868701287690
2270868701288460 2270868705447832 2270868715466834 2270868767105526 2270868705447860 2270868710045432 2270868768798756 2270868819391774

2270869625656884 2270869629470526 2270869638204356 2270869690246612 2270869629470554 2270869634804596 2270869692397782 2270869744004358
2270869744004862 2270869748462210 2270869762677334 2270869814739428 2270869748462378 2270869752753602 2270869816395530 2270869867836710
2270869867838558 2270869872138546 2270869889940568 2270869941595654 2270869872138574 2270869876048382 2270869948084248 2270869999672750
2270869999673450 2270870003938158 2270870013142262 2270870064593564 2270870003938186 2270870007497392 2270870066043950 2270870116830490
2270870116830980 2270870120758274 2270870135419312 2270870187405890 2270870120758316 2270870124568864 2270870188904786 2270870240382030
2270870240382660 2270870244341566 2270870298909380 2270870350005124 2270870244341594 2270870247756404 2270870351731058 2270870402993906
2270870402994578 2270870407009568 2270870461942950 2270870513220862 2270870407009610 2270870411033126 2270870515193350 2270870567202846
2270870567204960 2270870571248076 2270870627517842 2270870678668746 2270870571248104 2270870575614704 2270870680564430 2270870731968706
2270870731970232 2270870736104768 2270870746988928 2270870797776560 2270870736104796 2270870740588436 2270870808103030 2270870859135592

2270863732167632 2270863735807898 2270863744438030 2270863796158104 2270863735807926 2270863741204002 2270863798194740 2270863849239244
2270863849240028 2270863852085528 2270863863759218 2270863915509952 2270863852085556 2270863857419626 2270863917022512 2270863968443154
2270863968444512 2270863971357492 2270863991037782 2270864042849276 2270863971357520 2270863975793378 2270864044500660 2270864096208736
2270864096209450 2270864100368500 2270864118766390 2270864171412256 2270864100368528 2270864103984238 2270864181621266 2270864232925876
2270864232927458 2270864236920608 2270864291994760 2270864343594840 2270864236920636 2270864241536156 2270864345440082 2270864396569076
2270864396569594 2270864400506646 2270864455219010 2270864506516732 2270864400506674 2270864405353180 2270864507888116 2270864558262384
2270864558263168 2270864562237068 2270864618031758 2270864669395854 2270864562237096 2270864565023978 2270864671147534 2270864721844222
2270864721844796 2270864725918670 2270864733842488 2270864786243690 2270864725918698 2270864729225778 2270864787747276 2270864839455184
2270864839456752 2270864842941198 2270864850712080 2270864902387942 2270864842941226 2270864847176534 2270864904059080 2270864955152262

2270863662439372 2270863666279782 2270863675036432 2270863726932318 2270863666279810 2270863671744486 2270863728873390 2270863780443104
2270863780444434 2270863784871640 2270863800096640 2270863852652542 2270863784871682 2270863789230400 2270863860403964 2270863912110136
2270863912111578 2270863916596156 2270863927857784 2270863979672610 2270863916596184 2270863920472224 2270863988977486 2270864040309270
2270864040309760 2270864044558844 2270864057625408 2270864108647988 2270864044558872 2270864048348686 2270864119001604 2270864170977458
2270864170978228 2270864175127310 2270864222051614 2270864273400632 2270864175127338 2270864178882320 2270864274679658 2270864325632700
2270864325633190 2270864329823446 2270864385837600 2270864437585856 2270864329823474 2270864332703848 2270864439532052 2270864491607894
2270864491609448 2270864496133618 2270864548150450 2270864599912076 2270864496133660 2270864499566292 2270864601146050 2270864652998844
2270864653000328 2270864657541088 2270864663585826 2270864715372890 2270864657541130 2270864660885688 2270864720837272 2270864772079456
2270864772080954 2270864776452986 2270864788859814 2270864840323352 2270864776453014 2270864780193604 2270864841720356 2270864892737070

2270860893978124 2270860897799438 2270860906671882 2270860959958164 2270860897799564 2270860903242722 2270860961849956 2270861013475908
2270861013477756 2270861018231428 2270861024318124 2270861076094730 2270861018231456 2270861022736488 2270861078389344 2270861130059116
2270861130060292 2270861133496228 2270861140013662 2270861192867106 2270861133496270 2270861137985636 2270861194781858 2270861246795078
2270861246796604 2270861249762140 2270861266112740 2270861317696440 2270861249762168 2270861252574642 2270861334257362 2270861386101126
2270861386101616 2270861390506324 2270861397296632 2270861449297532 2270861390506352 2270861394500790 2270861450973234 2270861502939946
2270861502940786 2270861507205186 2270861523996898 2270861575636962 2270861507205228 2270861510622992 2270861577230302 2270861628420742
2270861628421232 2270861632629646 2270861676366752 2270861727625918 2270861632629674 2270861636007118 2270861730048660 2270861781619186
2270861781621622 2270861785835370 2270861841761352 2270861893806842 2270861785835398 2270861789617358 2270861895718220 2270861947945808
2270861947947446 2270861950983612 2270862006682822 2270862058007578 2270861950983640 2270861955224072 2270862066340756 2270862118029008

2270860846557128 2270860850557796 2270860859446648 2270860910821692 2270860850557824 2270860855681698 2270860912657638 2270860964211462
2270860964211952 2270860968433610 2270860978303582 2270861029478580 2270860968433652 2270860973057138 2270861031225766 2270861082973826
2270861082975548 2270861085942638 2270861104513904 2270861156755828 2270861085942680 2270861090879318 2270861158342000 2270861210634744
2270861210637516 2270861215004256 2270861229106624 2270861280240280 2270861215004284 2270861218325476 2270861281876222 2270861333262984
2270861333263418 2270861337131506 2270861347591354 2270861398555554 2270861337131548 2270861340451984 2270861400296958 2270861453023982
2270861453026474 2270861455924026 2270861468344574 2270861519560830 2270861455924054 2270861458714758 2270861521927936 2270861573095262
2270861573095766 2270861577143656 2270861628848974 2270861680732792 2270861577143684 2270861579975310 2270861732895266 2270861784443014
2270861784444638 2270861788646220 2270861795346116 2270861846880130 2270861788646248 2270861793955594 2270861849533284 2270861903736608
2270861903738330 2270861908453180 2270861960174710 2270862011605978 2270861908453222 2270861912170726 2270862019627978 2270862070640772

2270867005302728 2270867009618844 2270867018651406 2270867071497948 2270867009618872 2270867015063206 2270867073648208 2270867126299856
2270867126301368 2270867131161272 2270867138884694 2270867189515204 2270867131161314 2270867136030710 2270867191082812 2270867243068886
2270867243069516 2270867247649000 2270867254086816 2270867305977158 2270867247649042 2270867252393838 2270867308173254 2270867359540850
2270867359541354 2270867363661064 2270867382066290 2270867433806636 2270867363661106 2270867366508342 2270867439092742 2270867490328262
2270867490329872 2270867493190898 2270867512268334 2270867563670930 2270867493190926 2270867497542574 2270867565602608 2270867617747652
2270867617748590 2270867621812230 2270867675865614 2270867728481618 2270867621812258 2270867625239976 2270867730172776 2270867782138844
2270867782139362 2270867786227894 2270867838610602 2270867889635940 2270867786227922 2270867791155292 2270867892203344 2270867944461550
2270867944463216 2270867948880972 2270868002824190 2270868054390642 2270867948881000 2270867953666844 2270868060497008 2270868113128944
2270868113130344 2270868116444858 2270868123045242 2270868175113314 2270868116444900 2270868119983666 2270868177302830 2270868228922832

2270977995214040 2270977999214974 2270978008021590 2270978059970256 2270977999215002 2270978004281602 2270978061733696 2270978113190374
2270978113191130 2270978117276120 2270978126934272 2270978177925674 2270978117276148 2270978121985398 2270978179640422 2270978230594542
2270978230595998 2270978233401024 2270978254318494 2270978306018184 2270978233401052 2270978238161220 2270978307513076 2270978359193600
2270978359194090 2270978363202178 2270978383455600 2270978435110882 2270978363202220 2270978367418894 2270978436954080 2270978489076822
2270978489077452 2270978493061530 2270978512221734 2270978563523908 2270978493061572 2270978497617900 2270978564880382 2270978616540242
2270978616540732 2270978620983338 2270978665947782 2270978717036274 2270978620983366 2270978624523322 2270978718846180 2270978771025524
2270978771027372 2270978775016350 2270978833165924 2270978883882380 2270978775016378 2270978779586398 2270978885499604 2270978937135552
2270978937137848 2270978940923826 2270978994186658 2270979046786982 2270978940923854 2270978944877384 2270979048459226 2270979101506080
2270979101508390 2270979105466694 2270979113592364 2270979165580426 2270979105466722 2270979110418466 2270979167767856 2270979219709438

2270862190363074 2270862194372198 2270862203216222 2270862255758670 2270862194372366 2270862199466588 2270862257454196 2270862309373840
2270862309374736 2270862313832252 2270862321016842 2270862373095946 2270862313832294 2270862318511738 2270862374494672 2270862425769602
2270862425770134 2270862429970792 2270862449838836 2270862502548780 2270862429970834 2270862433560112 2270862504050966 2270862556054330
2270862556056178 2270862560156484 2270862577771452 2270862629402934 2270862560156512 2270862563830448 2270862631104186 2270862683511842
2270862683514502 2270862687797844 2270862707328726 2270862758572310 2270862687797872 2270862691324136 2270862760271350 2270862812279026
2270862812281532 2270862816398666 2270862830357086 2270862881700490 2270862816398694 2270862820625644 2270862895874566 2270862947487008
2270862947489612 2270862951741356 2270862958927248 2270863009575314 2270862951741384 2270862956837650 2270863011127984 2270863062302814
2270863062303332 2270863065149770 2270863154599214 2270863206668560 2270863065149798 2270863067928504 2270863208119870 2270863260003618
2270863260005704 2270863264238310 2270863279922986 2270863332594640 2270863264238338 2270863268374722 2270863334118372 2270863386754480

2270859507600362 2270859511822762 2270859520724214 2270859572369178 2270859511822790 2270859517241588 2270859574483024 2270859626572740
2270859626574196 2270859630852204 2270859644656932 2270859696328636 2270859630852246 2270859635755578 2270859705132466 2270859756441024
2270859756443544 2270859760985774 2270859774122744 2270859825912370 2270859760985928 2270859764925472 2270859827129754 2270859879343118
2270859879344658 2270859883879454 2270859894879142 2270859945991378 2270859883879496 2270859887773120 2270859947723668 2270859998445514
2270859998446830 2270860002418042 2270860017316856 2270860068801884 2270860002418084 2270860006903306 2270860070496010 2270860122634474
2270860122636826 2270860126744706 2270860149203086 2270860200653968 2270860126744748 2270860130358764 2270860202406712 2270860254166462
2270860254167764 2270860258410296 2270860304293602 2270860355848266 2270860258410324 2270860262220788 2270860357582992 2270860409510238
2270860409512744 2270860413575572 2270860460168244 2270860511492846 2270860413575600 2270860417847644 2270860513256370 2270860564235774
2270860564236264 2270860568325426 2270860628704416 2270860680291980 2270860568325454 2270860571870114 2270860681979554 2270860733837038

2270860184823594 2270860188599324 2270860197462346 2270860250144878 2270860188599422 2270860193985922 2270860252172344 2270860303987758
2270860303990320 2270860308079930 2270860316794048 2270860368584836 2270860308079958 2270860312036834 2270860370081450 2270860421958394
2270860421960788 2270860426089934 2270860444037710 2270860495876924 2270860426089962 2270860429128018 2270860504105802 2270860556337800
2270860556340460 2270860560471594 2270860573313822 2270860624667474 2270860560471622 2270860564204260 2270860625932486 2270860676994756
2270860676995456 2270860681091870 2270860694100278 2270860746085190 2270860681091912 2270860685375324 2270860754370096 2270860805551828
2270860805554488 2270860809795928 2270860857985664 2270860910228078 2270860809795956 2270860814060496 2270860911841102 2270860963876148
2270860963877996 2270860968026812 2270860974598804 2270861025988870 2270860968026854 2270860972893338 2270861028041326 2270861078542028
2270861078543736 2270861081561744 2270861147445086 2270861199207468 2270861081561786 2270861084427838 2270861236384930 2270861288941896
2270861288942834 2270861293395940 2270861300298150 2270861351883068 2270861293395968 2270861297777856 2270861355714098 2270861407691464

2270864785087640 2270864789397470 2270864798799772 2270864850492854 2270864789397512 2270864794799272 2270864852260900 2270864903475070
2270864903476540 2270864907901954 2270864924259344 2270864975886640 2270864907901982 2270864912841112 2270864983950052 2270865035589360
2270865035589962 2270865039993522 2270865051936110 2270865103084480 2270865039993564 2270865043768454 2270865112901602 2270865164107932
2270865164108786 2270865168157460 2270865182201084 2270865233044156 2270865168157502 2270865171665104 2270865234592892 2270865285631152
2270865285631698 2270865290124088 2270865310471254 2270865361921954 2270865290124116 2270865293913720 2270865363914826 2270865414810734
2270865414812106 2270865419508462 2270865435460048 2270865487470706 2270865419508490 2270865423442868 2270865489156978 2270865540545910
2270865540546428 2270865543516360 2270865625332724 2270865676179604 2270865543516388 2270865547734000 2270865687634208 2270865738420076
2270865738421476 2270865743144866 2270865755327008 2270865806690740 2270865743144908 2270865747625650 2270865808624266 2270865860698414
2270865860700808 2270865865035950 2270865911258840 2270865963581642 2270865865036118 2270865868552036 2270865965293086 2270866016524686
