16 758
2270860573829582 2270860573886884 2270860574762024 2270860631182640 2270860631182668 2270860631386508 2270860634813246 2270860686164854
2270860686166366 2270860686470446 2270860693897978 2270860745127128 2270860745128220 2270860745329106 2270860752777316 2270860804817990
2270860804819614 2270860805013808 2270860811797060 2270860863086102 2270860863086144 2270860863276782 2270860870522720 2270860921789054
2270860921790356 2270860922048600 2270860929223334 2270860980737426 2270860980737454 2270860980932488 2270860987890824 2270861039557376
2270861039558300 2270861039780004 2270861046989640 2270861099148096 2270861099148138 2270861099387398 2270861104909320 2270861157741484
2270861157742898 2270861158042974 2270861163238836 2270861215934962 2270861215935816 2270861216125516 2270861221118294 2270861274299268
2270861274300766 2270861274559458 2270861279112104 2270861332579224 2270861332580344 2270861332779046 2270861337565814 2270861391752814
2270861391754704 2270861392003204 2270861396856220 2270861448662072 2270861448662100 2270861448863994 2270861455843344 2270861507923246
2270861507925066 2270861508177360 2270861516944048 2270861569514342 2270861569514370 2270861569709166 2270861575831058 2270861627289024

2270860207474012 2270860207785288 2270860208495088 2270860263254156 2270860263255248 2270860263315266 2270860265313234 2270860317225192
2270860317226648 2270860317286946 2270860321311946 2270860372906944 2270860372906972 2270860373110252 2270860380310508 2270860432248254
2270860432249976 2270860432581146 2270860438950950 2270860490722334 2270860490723398 2270860490922422 2270860497770998 2270860549136102
2270860549137824 2270860549455638 2270860556477842 2270860608239006 2270860608239048 2270860608440550 2270860614936858 2270860666272800
2270860666273738 2270860666543630 2270860674598278 2270860726033732 2270860726034796 2270860726228094 2270860733411522 2270860786378142
2270860786379864 2270860786714212 2270860792026890 2270860843380598 2270860843380640 2270860843582898 2270860850063862 2270860904967816
2270860904969104 2270860905319692 2270860908486842 2270860965544500 2270860965545592 2270860965765630 2270860966687698 2270861024591768
2270861024593532 2270861025661970 2270861026819336 2270861085269308 2270861085270414 2270861085661070 2270861086284616 2270861144005566
2270861144007708 2270861144796636 2270861145761852 2270861203572080 2270861203573186 2270861204018764 2270861204585260 2270861262512836

2270865692157300 2270865692302242 2270865693136068 2270865749512654 2270865749512682 2270865749716102 2270865753119656 2270865805298748
2270865805300428 2270865805582514 2270865812560352 2270865864506554 2270865864506596 2270865864709078 2270865871365994 2270865922890054
2270865922890712 2270865923274466 2270865930100404 2270865981923098 2270865981924372 2270865982123130 2270865988830026 2270866040521624
2270866040523150 2270866040884532 2270866047879548 2270866099140996 2270866099141038 2270866099338872 2270866106568626 2270866158539328
2270866158540042 2270866158863162 2270866165646288 2270866217524492 2270866217524520 2270866217794818 2270866223519936 2270866274591572
2270866274593350 2270866274917968 2270866281517008 2270866332737380 2270866332737422 2270866332935158 2270866339054124 2270866390433648
2270866390435342 2270866391418016 2270866397373924 2270866450264972 2270866450265000 2270866450614664 2270866455868276 2270866507522984
2270866507524720 2270866508718206 2270866515081416 2270866567385584 2270866567385626 2270866567735206 2270866574499292 2270866626534912
2270866626535850 2270866627845620 2270866635255106 2270866686933306 2270866686933334 2270866687335204 2270866694152728 2270866745238378

2270961961027550 2270961961200562 2270961962458602 2270962021342658 2270962021342700 2270962021620474 2270962021995422 2270962080389366
2270962080391228 2270962080743258 2270962081396820 2270962139368552 2270962139369994 2270962139572644 2270962140071996 2270962198104908
2270962198106644 2270962198439340 2270962198974980 2270962257036116 2270962257036522 2270962257254348 2270962257697336 2270962315659002
2270962315659870 2270962316018382 2270962316709100 2270962374457000 2270962374457042 2270962374680622 2270962375311322 2270962433376420
2270962433377260 2270962433789840 2270962434483358 2270962491540932 2270962491540960 2270962491745402 2270962492282792 2270962549731736
2270962549732380 2270962549965214 2270962550415090 2270962607376400 2270962607376442 2270962607592630 2270962608138756 2270962665299734
2270962665301680 2270962665706042 2270962666287406 2270962724145626 2270962724146942 2270962724351076 2270962724791082 2270962783082266
2270962783083120 2270962783372696 2270962784136578 2270962842245426 2270962842245454 2270962842611358 2270962843289168 2270962901193028
2270962901195800 2270962902610472 2270962904144004 2270962961884498 2270962961885814 2270962962361422 2270962963009776 2270963020527726

2270862176778874 2270862176917236 2270862177540194 2270862232561916 2270862232563176 2270862232625000 2270862234661006 2270862286137564
2270862286139258 2270862286201670 2270862291643988 2270862343162854 2270862343162882 2270862343350132 2270862349519792 2270862400551976
2270862400553670 2270862400782640 2270862408375162 2270862459566344 2270862459567590 2270862459820318 2270862466511114 2270862518040564
2270862518041250 2270862518294300 2270862526034732 2270862577493510 2270862577493552 2270862577682888 2270862584895492 2270862636610372
2270862636612248 2270862636872858 2270862644251124 2270862695283616 2270862695284960 2270862695475864 2270862703769534 2270862755321244
2270862755321972 2270862755601216 2270862761373696 2270862812897280 2270862812898526 2270862813090522 2270862819424598 2270862871036424
2270862871038076 2270862871321856 2270862877859282 2270862930023758 2270862930025144 2270862930214284 2270862936052676 2270862988248442
2270862988249464 2270862988467066 2270862995550842 2270863048195924 2270863048197198 2270863048399820 2270863053348470 2270863106041474
2270863106042608 2270863106239490 2270863111785464 2270863163955050 2270863163956282 2270863164119522 2270863173366424 2270863224695338

2270864205366876 2270864205546258 2270864206752386 2270864262688756 2270864262688798 2270864262897566 2270864263868900 2270864315544874
2270864315546624 2270864315875288 2270864316981512 2270864368687110 2270864368688230 2270864368746008 2270864372370230 2270864423744770
2270864423746184 2270864423955218 2270864430803458 2270864482005308 2270864482006428 2270864482170522 2270864489439532 2270864541328082
2270864541329944 2270864541568434 2270864547849716 2270864599921806 2270864599922912 2270864600090044 2270864606688552 2270864658675704
2270864658676488 2270864658907810 2270864665672988 2270864717250388 2270864717251620 2270864717412816 2270864725032022 2270864776988696
2270864776990194 2270864777265056 2270864784846042 2270864836597770 2270864836597798 2270864836770684 2270864841917210 2270864893911026
2270864893912622 2270864894145820 2270864903438376 2270864955230032 2270864955231138 2270864955395988 2270864963899406 2270865015612186
2270865015612984 2270865015779836 2270865024613780 2270865076566814 2270865076567920 2270865076737712 2270865084079886 2270865135919730
2270865135921340 2270865136236228 2270865143590806 2270865195739084 2270865195739112 2270865196141122 2270865202370716 2270865253693162

2270858311863358 2270858312054094 2270858312726584 2270858369650122 2270858369651466 2270858369961930 2270858371116566 2270858423062124
2270858423063496 2270858423296218 2270858426700598 2270858478416472 2270858478416514 2270858478608426 2270858484752424 2270858536381834
2270858536382394 2270858536662128 2270858543388190 2270858595561906 2270858595563096 2270858595752096 2270858602150250 2270858653822164
2270858653822822 2270858654132530 2270858661099308 2270858712732820 2270858712734080 2270858712928330 2270858719932852 2270858771622182
2270858771622882 2270858771931652 2270858779313950 2270858831165358 2270858831165386 2270858831352748 2270858838875928 2270858890042218
2270858890042932 2270858890236300 2270858896104036 2270858946882582 2270858946883744 2270858947074704 2270858952999798 2270859004689646
2270859004690472 2270859005000474 2270859011905176 2270859064324606 2270859064325782 2270859064515734 2270859070895282 2270859122310786
2270859122311738 2270859122534870 2270859130614676 2270859183184690 2270859183185866 2270859183375216 2270859188416098 2270859240892102
2270859240892774 2270859241673974 2270859247794886 2270859299303448 2270859299304736 2270859299544276 2270859308435942 2270859359916266

2270858242125102 2270858242269316 2270858243488184 2270858298472932 2270858298472974 2270858298672726 2270858303119112 2270858356309382
2270858356311230 2270858356612132 2270858362613330 2270858414349588 2270858414349616 2270858414547310 2270858421044388 2270858473090844
2270858473092748 2270858473409428 2270858480076480 2270858531218424 2270858531219726 2270858531421900 2270858538796442 2270858590696500
2270858590697298 2270858591050084 2270858597926856 2270858649632272 2270858649632300 2270858649870566 2270858656575992 2270858708857046
2270858708857830 2270858709178402 2270858715700372 2270858768482486 2270858768482514 2270858768731112 2270858773549156 2270858825573814
2270858825574528 2270858825984042 2270858831495072 2270858882698182 2270858882698210 2270858882898284 2270858889029612 2270858941570156
2270858941572088 2270858941803312 2270858947356650 2270859000421914 2270859000421956 2270859000744656 2270859005918146 2270859058828080
2270859058828612 2270859060075438 2270859065144180 2270859117966040 2270859117967328 2270859118287914 2270859124590574 2270859176147954
2270859176148808 2270859176803308 2270859185226758 2270859237889004 2270859237889032 2270859238389196 2270859244131716 2270859296077246

2270855473636848 2270855473654208 2270855474525498 2270855530758752 2270855530759942 2270855530961710 2270855532096802 2270855585130566
2270855585132498 2270855585472964 2270855586798232 2270855639360028 2270855639361246 2270855639524416 2270855640963392 2270855693444268
2270855693444870 2270855693612058 2270855699358498 2270855751279430 2270855751279458 2270855751447556 2270855759073398 2270855810978468
2270855810980232 2270855811203994 2270855817581736 2270855869764944 2270855869764972 2270855869932356 2270855874761292 2270855927520376
2270855927522252 2270855927692212 2270855933977806 2270855985812386 2270855985812414 2270855985975654 2270855993148316 2270856044495080
2270856044495752 2270856044704744 2270856052832864 2270856104917036 2270856104918282 2270856105081144 2270856110728268 2270856162753976
2270856162754592 2270856162953126 2270856168997444 2270856221640860 2270856221640888 2270856221806844 2270856227330180 2270856279336890
2270856279337744 2270856279537538 2270856285629666 2270856338099762 2270856338100980 2270856338266992 2270856345499000 2270856397196842
2270856397198564 2270856397261956 2270856404010026 2270856455608328 2270856455608356 2270856455670740 2270856462031248 2270856514296552

2270855426263438 2270855426493332 2270855427512588 2270855483879024 2270855483880340 2270855484083578 2270855485141684 2270855536697930
2270855536699442 2270855536953892 2270855538397096 2270855590714354 2270855590714746 2270855590879820 2270855592297740 2270855644294846
2270855644296344 2270855644355606 2270855646393278 2270855697953066 2270855697954284 2270855698021302 2270855704267766 2270855755793128
2270855755794822 2270855755903910 2270855764001622 2270855815505242 2270855815505620 2270855815563804 2270855822714500 2270855875687658
2270855875689240 2270855875748866 2270855880658638 2270855932338336 2270855932339554 2270855932392978 2270855938723498 2270855990225676
2270855990227342 2270855990285988 2270855998728114 2270856049749518 2270856049750820 2270856049808780 2270856058901374 2270856110712798
2270856110713610 2270856110775420 2270856116416146 2270856167992244 2270856167992622 2270856168050428 2270856176639554 2270856228774588
2270856228775344 2270856228835712 2270856237321756 2270856289704534 2270856289705066 2270856289800462 2270856297863510 2270856350358484
2270856350359506 2270856350553168 2270856357673722 2270856409648526 2270856409649772 2270856409886372 2270856417425680 2270856469763042

2270861584977440 2270861585074964 2270861585738970 2270861643259048 2270861643260420 2270861643454096 2270861644108652 2270861696481574
2270861696482386 2270861696839848 2270861697655782 2270861749506014 2270861749507246 2270861749670108 2270861752271924 2270861803888104
2270861803889952 2270861804052800 2270861810942536 2270861862128888 2270861862128916 2270861862288852 2270861870365032 2270861921463156
2270861921464192 2270861921770456 2270861928889442 2270861980455502 2270861980456720 2270861980619848 2270861987158002 2270862039003362
2270862039005070 2270862039245212 2270862045336906 2270862097122164 2270862097122192 2270862097288036 2270862104792330 2270862156711596
2270862156712254 2270862156931284 2270862163822238 2270862215910274 2270862215911618 2270862216082950 2270862221743262 2270862273805132
2270862273805748 2270862274033262 2270862279709464 2270862331410722 2270862331412122 2270862331577056 2270862337996294 2270862390428142
2270862390429738 2270862390594392 2270862398339920 2270862449896516 2270862449898266 2270862450110086 2270862456761234 2270862509894132
2270862509895826 2270862510578998 2270862516333320 2270862567633156 2270862567633184 2270862567694252 2270862573870828 2270862626075358

2270972574917158 2270972575129020 2270972576213572 2270972630896466 2270972630896494 2270972630959634 2270972633807388 2270972685688602
2270972685689358 2270972685749992 2270972689747426 2270972741705094 2270972741705122 2270972741898462 2270972748043692 2270972799882598
2270972799884362 2270972800085948 2270972807002508 2270972859880718 2270972859881978 2270972860085006 2270972864782370 2270972918280262
2270972918281746 2270972918570888 2270972924599610 2270972975553282 2270972975554514 2270972975754798 2270972982999490 2270973034314838
2270973034315622 2270973034510138 2270973042349760 2270973093863964 2270973093863992 2270973094171894 2270973101882324 2270973153214234
2270973153214976 2270973153467032 2270973159147630 2270973211205272 2270973211205300 2270973211400586 2270973216720964 2270973269132876
2270973269133730 2270973269348392 2270973274916780 2270973327493332 2270973327494536 2270973327685454 2270973333942348 2270973385483782
2270973385485518 2270973385771090 2270973393656940 2270973446039102 2270973446039130 2270973446279076 2270973451451376 2270973504344692
2270973504345448 2270973504601536 2270973510811698 2270973562817568 2270973562818786 2270973563018678 2270973571931106 2270973623635906

2270856770059584 2270856770253848 2270856770866908 2270856827908340 2270856827908676 2270856828107630 2270856828576126 2270856882552426
2270856882553154 2270856882817068 2270856883354990 2270856935896388 2270856935897564 2270856936092668 2270856942862830 2270856995210174
2270856995210916 2270856995497874 2270857001904904 2270857053971982 2270857053973186 2270857054252290 2270857060071768 2270857112075230
2270857112077162 2270857112328462 2270857118845280 2270857170018808 2270857170019998 2270857170211280 2270857177459206 2270857229121642
2270857229122426 2270857229373866 2270857236322038 2270857287918940 2270857287919262 2270857288111482 2270857295959700 2270857348398898
2270857348401376 2270857348653852 2270857354643262 2270857406696998 2270857406698286 2270857406895504 2270857413000344 2270857464877484
2270857464879108 2270857465134020 2270857471098636 2270857523299260 2270857523299288 2270857523524338 2270857529317916 2270857581059494
2270857581061104 2270857581289122 2270857588515726 2270857641112368 2270857641113558 2270857641307934 2270857645282254 2270857697124912
2270857697126732 2270857697323684 2270857705291658 2270857757718886 2270857757720062 2270857757885402 2270857766187276 2270857818322394

2270854087325684 2270854087652318 2270854088459782 2270854143903492 2270854143904696 2270854144069294 2270854145716310 2270854197768520
2270854197770186 2270854198022018 2270854200424390 2270854252218272 2270854252218300 2270854252391704 2270854253577826 2270854305879964
2270854305881630 2270854306106274 2270854313296730 2270854364671032 2270854364671060 2270854364833502 2270854371753226 2270854422660530
2270854422661314 2270854422939620 2270854430000590 2270854481315462 2270854481316764 2270854481535948 2270854489428378 2270854541179728
2270854541180736 2270854541412800 2270854546999094 2270854598560282 2270854598560310 2270854598724936 2270854606882960 2270854658732156
2270854658733808 2270854659068324 2270854666819550 2270854719580734 2270854719581938 2270854719748104 2270854724354398 2270854777004674
2270854777006438 2270854777230480 2270854785418366 2270854837105974 2270854837106016 2270854837272602 2270854845848624 2270854897807776
2270854897808364 2270854898165182 2270854906132512 2270854957432040 2270854957432068 2270854957867468 2270854966030728 2270855017900504
2270855017902058 2270855018362742 2270855025538400 2270855077443988 2270855077444016 2270855077784958 2270855084319752 2270855136157216

2270854764518172 2270854764756984 2270854765415782 2270854821488974 2270854821490206 2270854821690714 2270854823418734 2270854875458764
2270854875460374 2270854875753450 2270854878383882 2270854930130388 2270854930130430 2270854930343160 2270854937381338 2270854989853562
2270854989855690 2270854990241040 2270854996342478 2270855047226388 2270855047226416 2270855047481608 2270855054798582 2270855106652230
2270855106654106 2270855106976232 2270855113978458 2270855166180482 2270855166181728 2270855166424796 2270855172264406 2270855223667758
2270855223668360 2270855223990682 2270855231662080 2270855283663848 2270855283663876 2270855283901834 2270855290469430 2270855342339794
2270855342342104 2270855342595574 2270855348217204 2270855400340926 2270855400340954 2270855400568958 2270855406312094 2270855458678604
2270855458680592 2270855459025314 2270855464177160 2270855515770842 2270855515770870 2270855515991580 2270855523419686 2270855576555230
2270855576557176 2270855577641182 2270855582159794 2270855633891180 2270855633892426 2270855634242440 2270855640324866 2270855693255072
2270855693256990 2270855693889538 2270855700446676 2270855752899104 2270855752899146 2270855753193468 2270855760671680 2270855813389870

2270859364771354 2270859364995242 2270859366023094 2270859421267402 2270859421267430 2270859421450704 2270859425719542 2270859477146498
2270859477148388 2270859477389944 2270859484804526 2270859537029146 2270859537029174 2270859537228324 2270859543940932 2270859595605916
2270859595607526 2270859595928924 2270859602699408 2270859653776182 2270859653777414 2270859653969970 2270859661427308 2270859712613730
2270859712615186 2270859712816268 2270859720128944 2270859771525884 2270859771527116 2270859771725104 2270859778799668 2270859830163442
2270859830164156 2270859830489488 2270859837890266 2270859889827690 2270859889827732 2270859890027218 2270859895815504 2270859947731760
2270859947733454 2270859948061208 2270859954118140 2270860006029972 2270860006030014 2270860006230998 2270860012000216 2270860063668364
2270860063669974 2270860063993122 2270860069947854 2270860121425308 2270860121425350 2270860121861758 2270860128469800 2270860180128470
2270860180129478 2270860181308292 2270860187765008 2270860239189654 2270860239189696 2270860239535706 2270860246752818 2270860298838264
2270860298840112 2270860299248926 2270860307849154 2270860359794754 2270860359794782 2270860360179712 2270860366738642 2270860418989386
