16 804
2270882481109508 2270882485037040 2270882493861198 2270882547485286 2270882485062184 2270882490613856 2270882548298658 2270882602215710
2270882547499048 2270882550598354 2270882616330832 2270882670249942 2270882602229500 2270882605550818 2270882676763232 2270882730612748
2270882670265510 2270882674026722 2270882734219652 2270882787734960 2270882730628918 2270882733249536 2270882797883910 2270882851083812
2270882787749744 2270882791748942 2270882855562076 2270882909029140 2270882851098806 2270882853837094 2270882912460274 2270882966256492
2270882909044064 2270882911484586 2270882970785044 2270883024056626 2270882966272102 2270882968976552 2270883027634354 2270883081404798
2270883024069828 2270883026855016 2270883086973830 2270883140098258 2270883081418350 2270883084279838 2270883142953026 2270883196489726
2270883140113616 2270883142062122 2270883201729184 2270883255529644 2270883196504888 2270883198918698 2270883261954888 2270883316151240
2270883255544400 2270883257688010 2270883320742274 2270883374424784 2270883316165114 2270883319563362 2270883380073812 2270883433887054
2270883374438840 2270883377258594 2270883437373950 2270883491436238 2270883433902258 2270883436200204 2270883494080950 2270883547524256

2270882103969150 2270882107748282 2270882124796194 2270882178561038 2270882107776478 2270882111352540 2270882182597448 2270882236794248
2270882178574996 2270882180650622 2270882241337822 2270882295591070 2270882236809858 2270882240268320 2270882307621984 2270882361448456
2270882295605854 2270882297824378 2270882365361554 2270882418723632 2270882361463380 2270882363396038 2270882422281886 2270882476117486
2270882418737660 2270882421406494 2270882488201782 2270882542092374 2270882476132158 2270882479827276 2270882545558298 2270882599232604
2270882542104778 2270882544448854 2270882603089520 2270882656269738 2270882599247766 2270882601937502 2270882660365466 2270882713724716
2270882656284228 2270882658921128 2270882717495518 2270882770742978 2270882713740788 2270882716056486 2270882772118170 2270882825663606
2270882770756684 2270882774039586 2270882830792996 2270882883891846 2270882825677564 2270882827754002 2270882886838888 2270882940689734
2270882883905804 2270882885708640 2270882942062308 2270882996113144 2270882940704770 2270882944097642 2270883008758616 2270883062693532
2270882996125618 2270882998144376 2270883068316450 2270883121916010 2270883062707672 2270883064472722 2270883126874544 2270883180577340

2270887597820254 2270887603051032 2270887610885334 2270887664501316 2270887603077296 2270887607538438 2270887667970026 2270887721993674
2270887664514910 2270887667139756 2270887733708090 2270887787802396 2270887722009200 2270887725540812 2270887792933858 2270887846980648
2270887787817628 2270887790390758 2270887850962780 2270887904811470 2270887846997070 2270887849984684 2270887910280388 2270887963966272
2270887904826226 2270887907856568 2270887966628372 2270888020484244 2270887963982638 2270887971401042 2270888025159502 2270888079012952
2270888020498384 2270888024194552 2270888085774406 2270888138946490 2270888079028982 2270888081028644 2270888143116264 2270888196080924
2270888138960266 2270888142398708 2270888198996200 2270888252219244 2270888196093524 2270888198106248 2270888255521732 2270888308838674
2270888252233062 2270888254303802 2270888311678574 2270888365464110 2270888308854116 2270888310993232 2270888368936670 2270888423023696
2270888365477942 2270888369208620 2270888424808934 2270888479981268 2270888423037794 2270888427013738 2270888485467686 2270888539386236
2270888479995002 2270888484030446 2270888542878900 2270888596122608 2270888539401258 2270888541307456 2270888597697104 2270888650901794

2270983861765150 2270983865527188 2270983881073250 2270983934815022 2270983865554334 2270983868820772 2270983938153420 2270983992394852
2270983934829722 2270983937044004 2270984003265810 2270984058009100 2270983992410154 2270983995404418 2270984062983706 2270984117037524
2270984058023450 2270984060609138 2270984120526492 2270984174610900 2270984117051776 2270984119285784 2270984179545046 2270984233746844
2270984174624158 2270984178078406 2270984242186380 2270984296568204 2270984233761418 2270984236796646 2270984298848244 2270984353066912
2270984296581462 2270984302439020 2270984358613936 2270984411991246 2270984353081052 2270984357394718 2270984413693422 2270984467485874
2270984412005330 2270984415758800 2270984471820064 2270984525177816 2270984467500294 2270984470050758 2270984528817228 2270984582028890
2270984525192796 2270984527075460 2270984585995706 2270984640842988 2270984582043842 2270984584763818 2270984643786250 2270984697975616
2270984640855644 2270984642631152 2270984703867096 2270984758237090 2270984697989294 2270984700289144 2270984762584370 2270984817316320
2270984758251944 2270984759945972 2270984821735910 2270984875098002 2270984817330404 2270984819121116 2270984880867556 2270984935123898

2270884084887264 2270884089846218 2270884097872012 2270884151390176 2270884089872972 2270884095512074 2270884154788564 2270884208385772
2270884151404946 2270884153714134 2270884213136280 2270884266434952 2270884208400752 2270884211359694 2270884269779594 2270884323583708
2270884266449344 2270884268344146 2270884335624534 2270884388868970 2270884323596910 2270884327556628 2270884392256158 2270884445771452
2270884388884468 2270884391391910 2270884455095200 2270884508700724 2270884445785998 2270884448565978 2270884513048984 2270884566676740
2270884508715536 2270884510918086 2270884570830708 2270884624370936 2270884566691272 2270884569059596 2270884628335344 2270884682271982
2270884624385020 2270884627313820 2270884687126202 2270884740714884 2270884682286136 2270884685711376 2270884744799426 2270884798382116
2270884740729094 2270884743307754 2270884802293912 2270884855987664 2270884798397320 2270884800481136 2270884858929078 2270884913324090
2270884856002238 2270884859219760 2270884919854866 2270884973588966 2270884913337698 2270884915821144 2270884978471298 2270885032256736
2270884973604296 2270884975496536 2270885038810332 2270885093192758 2270885032273424 2270885038131276 2270885095374770 2270885148882952

2270886113034126 2270886116940336 2270886125028612 2270886179017680 2270886116967118 2270886122632526 2270886182350492 2270886236093678
2270886179032450 2270886181229050 2270886240959238 2270886294702718 2270886236109134 2270886239022128 2270886298235142 2270886351676474
2270886294716844 2270886296722092 2270886356045972 2270886410153102 2270886351690096 2270886354629186 2270886418134292 2270886471850122
2270886410168264 2270886414225492 2270886475472678 2270886529195788 2270886471864598 2270886474017728 2270886537963022 2270886591782270
2270886529210950 2270886531284420 2270886596454000 2270886650268138 2270886591797446 2270886593647238 2270886655399516 2270886709054698
2270886650284406 2270886654267434 2270886713256560 2270886766813406 2270886709067718 2270886712955014 2270886771642846 2270886825758754
2270886766827406 2270886770107830 2270886827634824 2270886882054812 2270886825773258 2270886829854678 2270886887014312 2270886940750708
2270886882068126 2270886885188068 2270886943667356 2270886998124262 2270886940765072 2270886942902578 2270887001236910 2270887055193134
2270886998139326 2270887000395986 2270887058503616 2270887112148536 2270887055207512 2270887060304828 2270887113432336 2270887167137750

2270880216502114 2270880219992650 2270880230965934 2270880284846404 2270880220020230 2270880223780966 2270880288020008 2270880341745246
2270880284860642 2270880287364416 2270880345740916 2270880399253284 2270880341761612 2270880344908910 2270880409064666 2270880462969706
2270880399267620 2270880402250712 2270880467534308 2270880520898136 2270880462986226 2270880465124250 2270880524677688 2270880578530088
2270880520913144 2270880523667070 2270880584448252 2270880637528902 2270880578543990 2270880581505578 2270880640637952 2270880694028646
2270880637542888 2270880639524854 2270880697478330 2270880750561038 2270880694043066 2270880695963600 2270880758181700 2270880811572702
2270880750574478 2270880752420210 2270880814179334 2270880867315676 2270880811606568 2270880813513788 2270880870180958 2270880923748598
2270880867329718 2270880869544644 2270880926565706 2270880980433940 2270880923763858 2270880925545386 2270880983124530 2270881036896682
2270880980448766 2270880982482644 2270881039981218 2270881093866350 2270881036911158 2270881038705146 2270881096304184 2270881149737158
2270881093878376 2270881095700462 2270881152650264 2270881206263292 2270881149750892 2270881151614404 2270881208042692 2270881261590410

2270880149215356 2270880154401054 2270880162449976 2270880216404072 2270880154428116 2270880158530718 2270880219604094 2270880273313806
2270880216418842 2270880218964042 2270880276895356 2270880330811386 2270880273328380 2270880275668466 2270880340565676 2270880394277712
2270880330825736 2270880334531102 2270880400574044 2270880453769550 2270880394293630 2270880396393084 2270880458140448 2270880511969748
2270880453782710 2270880457541878 2270880517032848 2270880570654752 2270880511983776 2270880515694140 2270880578811866 2270880632933080
2270880570668276 2270880574358620 2270880636514742 2270880690534862 2270880632947794 2270880635618014 2270880694685302 2270880748626798
2270880690549632 2270880693432190 2270880752139874 2270880805438252 2270880748641022 2270880750717068 2270880810337370 2270880863942404
2270880805451034 2270880808899514 2270880867572030 2270880921885618 2270880863956110 2270880865905036 2270880926915188 2270880981166280
2270880921899912 2270880925510456 2270880984839208 2270881038763512 2270880981179174 2270880983062230 2270881043458580 2270881097553740
2270881038777540 2270881042109680 2270881101023780 2270881155260340 2270881097568622 2270881099713072 2270881157890296 2270881212072438

2270877374461752 2270877378215194 2270877390263272 2270877443976428 2270877378242088 2270877382949518 2270877449157394 2270877503189148
2270877443989448 2270877445929036 2270877516280478 2270877570397940 2270877503204982 2270877505779120 2270877576628024 2270877630347144
2270877570412794 2270877572690916 2270877633453912 2270877687499162 2270877630362222 2270877632602754 2270877697828572 2270877751685886
2270877687513442 2270877693228060 2270877755273484 2270877809419912 2270877751701748 2270877754374096 2270877813102864 2270877866819324
2270877809433688 2270877811881826 2270877869877414 2270877923970908 2270877866834542 2270877868627312 2270877927811108 2270877981694028
2270877923985104 2270877926626582 2270877985284398 2270878039377430 2270877981707734 2270877983852534 2270878042919570 2270878097107074
2270878039391080 2270878041761350 2270878099156954 2270878153836026 2270878097121284 2270878101852724 2270878159039238 2270878212881166
2270878153847674 2270878157766512 2270878216870858 2270878270231438 2270878212895474 2270878214649086 2270878275133580 2270878328951358
2270878270245074 2270878273878284 2270878331873144 2270878386180264 2270878328965778 2270878331148070 2270878388589006 2270878441900012

2270877334435780 2270877339172274 2270877346785390 2270877400557038 2270877339198132 2270877344936186 2270877404281122 2270877457881606
2270877400570352 2270877402776892 2270877461978944 2270877515761848 2270877457897188 2270877460685120 2270877518891744 2270877572679814
2270877515776702 2270877517890268 2270877577382106 2270877631259762 2270877572695326 2270877576146368 2270877641747540 2270877695532726
2270877631274224 2270877635198592 2270877705595394 2270877759687880 2270877695545662 2270877699049134 2270877762260198 2270877816396308
2270877759702748 2270877762601924 2270877821467724 2270877875063014 2270877816408642 2270877819621124 2270877879317880 2270877932835372
2270877875076972 2270877877103444 2270877937752662 2270877991307562 2270877932851472 2270877935988256 2270877994525392 2270878048096000
2270877991321464 2270877993484156 2270878049495216 2270878103480616 2270878048109846 2270878052001748 2270878107936620 2270878162417116
2270878103493356 2270878106438914 2270878166312070 2270878220323594 2270878162432670 2270878164420040 2270878224753530 2270878279320336
2270878220338644 2270878223630408 2270878282633338 2270878336721386 2270878279335036 2270878283745974 2270878338528142 2270878392580224

2270883490817536 2270883496655466 2270883504834784 2270883558952834 2270883496684894 2270883500829468 2270883562251024 2270883616464372
2270883558966848 2270883560945132 2270883627891592 2270883681354638 2270883616480472 2270883619323060 2270883686668240 2270883740346270
2270883681368470 2270883683460630 2270883743118816 2270883796674976 2270883740361264 2270883742537564 2270883800604356 2270883854144164
2270883796687940 2270883798686636 2270883858834710 2270883912772314 2270883854158752 2270883856481128 2270883915718894 2270883969068162
2270883912786566 2270883914739412 2270883972150920 2270884025365998 2270883969083058 2270883971362678 2270884030237984 2270884083546022
2270884025378668 2270884027425804 2270884086296644 2270884140066108 2270884083560876 2270884085584870 2270884143729348 2270884197821862
2270884140081004 2270884142414314 2270884201002942 2270884255264198 2270884197836632 2270884200012470 2270884258520612 2270884312489618
2270884255278814 2270884257474126 2270884313887476 2270884367849524 2270884312503716 2270884315918288 2270884370732012 2270884423962560
2270884367862306 2270884370031214 2270884427106526 2270884480632138 2270884423977470 2270884425961102 2270884482586930 2270884535988782

2270994476411332 2270994480757058 2270994496148112 2270994549632522 2270994480781922 2270994484265836 2270994560463608 2270994614160888
2270994549645402 2270994552213786 2270994618564322 2270994672490838 2270994614174664 2270994617576118 2270994678968708 2270994732720126
2270994672505342 2270994675619418 2270994733333928 2270994787786942 2270994732733300 2270994736120656 2270994793394222 2270994847551920
2270994787801390 2270994791756992 2270994851500774 2270994904985226 2270994847564814 2270994849620630 2270994911185462 2270994964277046
2270994905000290 2270994908777630 2270994965424304 2270995018548760 2270994964291550 2270994967605070 2270995021720516 2270995075022730
2270995018562214 2270995021134938 2270995078146004 2270995131800290 2270995075036072 2270995077023372 2270995135118080 2270995189090054
2270995131814430 2270995134452954 2270995192192468 2270995245736322 2270995189104222 2270995191109862 2270995249107200 2270995303103926
2270995245750182 2270995247935960 2270995306049120 2270995359688440 2270995303118500 2270995304920006 2270995362905542 2270995416429292
2270995359702272 2270995362229944 2270995419624736 2270995473385464 2270995416442942 2270995418251238 2270995475340032 2270995528737320

2270878676553704 2270878680983878 2270878701131572 2270878754951114 2270878681010786 2270878685996396 2270878755869780 2270878809871966
2270878754964036 2270878758324204 2270878817122356 2270878871894304 2270878809885980 2270878814858808 2270878875998614 2270878930862192
2270878871907814 2270878877850492 2270878935840074 2270878989913310 2270878930877228 2270878934925090 2270878995126812 2270879049143684
2270878989927926 2270878992268824 2270879052621928 2270879106314504 2270879049158356 2270879051498526 2270879110020458 2270879163984858
2270879106328280 2270879110850798 2270879168425140 2270879222432086 2270879163999824 2270879166927224 2270879225985734 2270879279884880
2270879222446268 2270879226896700 2270879284459156 2270879338071344 2270879279898810 2270879282962304 2270879341280368 2270879395890238
2270879338084868 2270879344260310 2270879401669914 2270879455711552 2270879395903426 2270879400063148 2270879459908948 2270879513953050
2270879455725188 2270879457792134 2270879520124712 2270879574392058 2270879513968100 2270879518493908 2270879577430996 2270879631687436
2270879574404126 2270879578144954 2270879634649038 2270879688673316 2270879631700442 2270879635031322 2270879690689078 2270879744570430

2270875995037678 2270875999755300 2270876007529472 2270876061433252 2270875999785400 2270876005387640 2270876064863084 2270876118375088
2270876061446286 2270876063910986 2270876132805084 2270876186189282 2270876118391342 2270876121616396 2270876189406916 2270876242907650
2270876186202400 2270876188659540 2270876246566844 2270876300151158 2270876242922504 2270876245357426 2270876308145956 2270876361617920
2270876300165774 2270876302286886 2270876366876166 2270876420160264 2270876361632802 2270876363925778 2270876424273030 2270876477767450
2270876420174362 2270876422692234 2270876481082972 2270876534407712 2270876477781520 2270876480173280 2270876540261000 2270876593908706
2270876534421908 2270876537377658 2270876598007472 2270876652112852 2270876593922566 2270876596100084 2270876655768896 2270876709539326
2270876652125480 2270876654314744 2270876712132126 2270876765659334 2270876709553144 2270876712479914 2270876769121492 2270876822777906
2270876765672746 2270876767983474 2270876826142806 2270876879644968 2270876822792396 2270876824630204 2270876883311148 2270876937110656
2270876879658814 2270876882339240 2270876940133200 2270876993380436 2270876937125132 2270876938988602 2270876994957592 2270877048292118

2270876664015218 2270876667844848 2270876684764254 2270876739155164 2270876667872890 2270876671010850 2270876750399306 2270876804494032
2270876739169528 2270876741459998 2270876810056638 2270876863890488 2270876804510678 2270876807068184 2270876867769118 2270876921862990
2270876863906602 2270876866251658 2270876925123450 2270876979670894 2270876921879356 2270876925921394 2270876984175226 2270877038113810
2270876979686070 2270876982309068 2270877041427260 2270877095179882 2270877038128580 2270877040188946 2270877098097034 2270877151726680
2270877095203990 2270877097198668 2270877154672938 2270877208840170 2270877151742458 2270877153929958 2270877212962988 2270877266812994
2270877208854996 2270877212272816 2270877269906868 2270877324179548 2270877266828100 2270877268971262 2270877327591740 2270877382013310
2270877324194304 2270877326159736 2270877385528836 2270877438983622 2270877382030040 2270877384803930 2270877442185310 2270877496389194
2270877438997426 2270877440963474 2270877497336924 2270877552191150 2270877496404244 2270877499020536 2270877556233720 2270877610053780
2270877552205360 2270877555217320 2270877613060490 2270877667372720 2270877610068690 2270877611912742 2270877669206944 2270877723134818

2270881274940012 2270881280576916 2270881296008150 2270881349398452 2270881280602018 2270881284109172 2270881352878950 2270881406557470
2270881349412466 2270881351635694 2270881411887886 2270881465435170 2270881406573164 2270881410046718 2270881469537016 2270881523259356
2270881465449688 2270881467799336 2270881527194392 2270881580656752 2270881523274686 2270881526089008 2270881589471376 2270881642776824
2270881580670528 2270881582714976 2270881645866568 2270881699405410 2270881642791734 2270881645369344 2270881703687170 2270881757044656
2270881699419480 2270881702285714 2270881758790050 2270881812362170 2270881757059244 2270881761059324 2270881817774262 2270881871306034
2270881812375554 2270881815527906 2270881875519110 2270881929034684 2270881871320818 2270881873145830 2270881933169990 2270881986851450
2270881929048600 2270881931100468 2270881990129522 2270882043948756 2270881986866234 2270881988707696 2270882048185450 2270882101902498
2270882043961482 2270882046941396 2270882105413670 2270882158743282 2270882101917436 2270882103736890 2270882162916444 2270882216353800
2270882158757422 2270882161813510 2270882217909900 2270882272015252 2270882216368360 2270882220185082 2270882274164336 2270882327952028
