16 226
2270784099221792 2270784111817200 2270784127147676 2270784132908998 2270784111817228 2270784122881106 2270784139224986 2270784144856220
2270784132909026 2270784135418834 2270784150688956 2270784156552184 2270784144858264 2270784146964774 2270784165942684 2270784171617962
2270784156552212 2270784159598584 2270784180359478 2270784186264594 2270784171619292 2270784175113356 2270784191637612 2270784197245312
2270784186264622 2270784189481038 2270784206365990 2270784212171944 2270784197246894 2270784202746248 2270784224578884 2270784230503376
2270784212171972 2270784218557400 2270784235862548 2270784241852182 2270784230505728 2270784232994592 2270784253852730 2270784259511082
2270784241853302 2270784244646680 2270784266884126 2270784272678768 2270784259513000 2270784261721528 2270784283403188 2270784289035990
2270784272678796 2270784276281934 2270784297887854 2270784303709180 2270784289038370 2270784292035924 2270784313331912 2270784319075300
2270784303709222 2270784309440262 2270784327252812 2270784333099870 2270784319077680 2270784321368934 2270784344190768 2270784349812104
2270784333101032 2270784339441576 2270784357278304 2270784362984508 2270784349814512 2270784352456186 2270784376330148 2270784382200796

2270783732722568 2270783745902434 2270783761174880 2270783767578340 2270783745902476 2270783756183768 2270783773317360 2270783779667662
2270783767579544 2270783770261734 2270783789322272 2270783795718816 2270783779669342 2270783785495050 2270783800860876 2270783807177242
2270783795720020 2270783798368862 2270783816298536 2270783822643448 2270783807178110 2270783811847978 2270783831655458 2270783837987224
2270783822643490 2270783827811646 2270783846027788 2270783852427916 2270783837989828 2270783841436810 2270783858286902 2270783864661158
2270783852429218 2270783856771948 2270783877619964 2270783883961432 2270783864663944 2270783867369878 2270783890830224 2270783897216072
2270783883962636 2270783886605262 2270783901925224 2270783908244936 2270783897217696 2270783899729254 2270783918931584 2270783925408810
2270783908244978 2270783914469798 2270783930471560 2270783936831732 2270783925410952 2270783927748756 2270783946753910 2270783953119108
2270783936831760 2270783942714350 2270783966201240 2270783972612456 2270783953120718 2270783957552782 2270783977947548 2270783984281442
2270783972612484 2270783975037830 2270783991310114 2270783997692798 2270783984282296 2270783988501084 2270784004209294 2270784010551854

2270789217262790 2270789230697050 2270789246901728 2270789252538044 2270789230697078 2270789240351282 2270789258370178 2270789264083718
2270789252539430 2270789255624974 2270789276133798 2270789281840114 2270789264085160 2270789268321434 2270789291493660 2270789297230076
2270789281840142 2270789286601878 2270789306970674 2270789312615516 2270789297232568 2270789303306958 2270789320735740 2270789326428154
2270789312615544 2270789318009828 2270789339577822 2270789345377560 2270789326429764 2270789333688036 2270789352093598 2270789357903864
2270789345377588 2270789349795722 2270789365829474 2270789371740974 2270789357906202 2270789363151694 2270789378549748 2270789384237150
2270789371741002 2270789374990920 2270789391743950 2270789397581684 2270789384237584 2270789388309176 2270789402574014 2270789408158866
2270789397581712 2270789400394830 2270789422839336 2270789428516462 2270789408159608 2270789414614196 2270789441904228 2270789447613386
2270789428516490 2270789436895672 2270789461963414 2270789467602264 2270789447615626 2270789455273724 2270789475767274 2270789481377676
2270789467602292 2270789470606818 2270789484940480 2270789490595108 2270789481379818 2270789483712246 2270789498898242 2270789504482058

2270885486354730 2270885499560832 2270885515805032 2270885522151568 2270885499560860 2270885510246654 2270885528745582 2270885535130604
2270885522151610 2270885525223322 2270885546556634 2270885552917408 2270885535132298 2270885542154754 2270885559266828 2270885565658892
2270885552918640 2270885555267308 2270885578075464 2270885584509738 2270885565660390 2270885573561080 2270885590716904 2270885597109304
2270885584510914 2270885586909702 2270885609565370 2270885615982102 2270885597111936 2270885606979668 2270885622238744 2270885628657352
2270885615982130 2270885618276114 2270885640901864 2270885647286928 2270885628658934 2270885637495216 2270885653410612 2270885659824334
2270885647288188 2270885649681278 2270885672212430 2270885678448422 2270885659825790 2270885668753702 2270885684526228 2270885690623074
2270885678449584 2270885680804552 2270885702498574 2270885708820568 2270885690624684 2270885699551756 2270885714860056 2270885721287218
2270885708821744 2270885711535910 2270885732707676 2270885739097640 2270885721289724 2270885729327852 2270885745065364 2270885751370222
2270885739098802 2270885741471032 2270885762359186 2270885768769464 2270885751370698 2270885760050530 2270885774553466 2270885780908122

2270785701926056 2270785715692242 2270785730752462 2270785736422196 2270785715692270 2270785724291154 2270785743211958 2270785748999250
2270785736422224 2270785739184592 2270785759684778 2270785765319512 2270785749001588 2270785753353824 2270785769474852 2270785775433602
2270785765319540 2270785768386758 2270785785217194 2270785790966434 2270785775436108 2270785781308576 2270785796909980 2270785802687080
2270785790966462 2270785793884440 2270785812292410 2270785818008400 2270785802688410 2270785808312266 2270785826256220 2270785831985566
2270785818008428 2270785823351878 2270785842797472 2270785848446780 2270785831986014 2270785837358220 2270785856595984 2270785862341528
2270785848446808 2270785852438222 2270785872389048 2270785878050452 2270785862343978 2270785869512608 2270785887003788 2270785892639614
2270785878050480 2270785884787294 2270785900355336 2270785906192510 2270785892641938 2270785896459318 2270785915044094 2270785920620014
2270785906192538 2270785910481886 2270785926620330 2270785932372804 2270785920620462 2270785924014748 2270785938285592 2270785943912472
2270785932372832 2270785935107242 2270785952965390 2270785958590674 2270785943914642 2270785948887554 2270785965632142 2270785971431418

2270787730425144 2270787743193116 2270787759566648 2270787765418284 2270787743193144 2270787752990064 2270787769617374 2270787775370016
2270787765418312 2270787767993654 2270787783895652 2270787789714080 2270787775371528 2270787778836136 2270787793338148 2270787799135548
2270787789714108 2270787791961472 2270787807547224 2270787813192724 2270787799137970 2270787803194652 2270787819092282 2270787824842334
2270787813193998 2270787817254292 2270787836688126 2270787842648248 2270787824844854 2270787828224104 2270787851071572 2270787857028628
2270787842649522 2270787845648280 2270787866530918 2270787872509408 2270787857031218 2270787861133722 2270787877120518 2270787883103110
2270787872510710 2270787874996564 2270787890118174 2270787896100010 2270787883105868 2270787888156200 2270787904361396 2270787910430508
2270787896100038 2270787899701734 2270787924708254 2270787930677924 2270787910432090 2270787913021446 2270787941713844 2270787947688694
2270787930677952 2270787933302700 2270787959599516 2270787965587330 2270787947691186 2270787950044992 2270787977521084 2270787983529632
2270787965587358 2270787968926918 2270787992445070 2270787998456670 2270787983532166 2270787986744004 2270788007708206 2270788013669308

2270781837138164 2270781853279156 2270781869033902 2270781875191872 2270781853279184 2270781863771246 2270781879983862 2270781885700944
2270781875191900 2270781877904176 2270781898220850 2270781904083700 2270781885703254 2270781890142220 2270781916239928 2270781922270792
2270781904083728 2270781907869132 2270781926013734 2270781931645542 2270781922273074 2270781924632438 2270781939194104 2270781944900812
2270781931646802 2270781936593478 2270781952525240 2270781958345992 2270781944903206 2270781948025010 2270781965071368 2270781970709714
2270781958346020 2270781960884430 2270781983685320 2270781989568820 2270781970711128 2270781974355734 2270781999252998 2270782005036594
2270781989568848 2270781992987452 2270782018988420 2270782024878178 2270782005038904 2270782007683980 2270782036894406 2270782042572288
2270782024878206 2270782030380710 2270782052937566 2270782058594700 2270782042574150 2270782047635472 2270782071602478 2270782077472580
2270782058594728 2270782065481006 2270782086108312 2270782091814824 2270782077473840 2270782083928820 2270782100931316 2270782106542880
2270782091814852 2270782097710364 2270782114790154 2270782120412330 2270782106543594 2270782111979920 2270782135689368 2270782141266968

2270781767387602 2270781782461374 2270781798541312 2270781804291434 2270781782461402 2270781792894622 2270781810253978 2270781815939266
2270781804292680 2270781806862884 2270781823283498 2270781828954058 2270781815941702 2270781820002024 2270781838073966 2270781843924328
2270781828955304 2270781831922646 2270781849542080 2270781855332102 2270781843926680 2270781847863690 2270781863068432 2270781868675992
2270781855333236 2270781859192056 2270781880358236 2270781886002994 2270781868678386 2270781873289118 2270781889970566 2270781895632418
2270781886003022 2270781888760182 2270781907741228 2270781913516788 2270781895634812 2270781898684068 2270781922082492 2270781927717884
2270781913517978 2270781917264434 2270781932105274 2270781937913258 2270781927719592 2270781930624228 2270781951353328 2270781957109708
2270781937914406 2270781941537130 2270781964171490 2270781970036664 2270781957112116 2270781960667850 2270781982053788 2270781987775784
2270781970036692 2270781972230758 2270781996728000 2270782002611864 2270781987778136 2270781992727878 2270782015080530 2270782020760204
2270782002611892 2270782005768542 2270782030534752 2270782036331718 2270782020762304 2270782025841896 2270782046447040 2270782052275170

2270778998890514 2270779015686132 2270779031566304 2270779037294446 2270779015686160 2270779025293226 2270779042681506 2270779048363672
2270779037294474 2270779041229454 2270779056576618 2270779062319964 2270779048366430 2270779053130308 2270779070526190 2270779076327244
2270779062321126 2270779064824200 2270779085028132 2270779090784232 2270779076329582 2270779081498312 2270779096460658 2270779102229092
2270779090784260 2270779094309138 2270779108694908 2270779114365132 2270779102231318 2270779105964250 2270779122754996 2270779128496200
2270779114365160 2270779117137692 2270779136648526 2270779142284744 2270779128496816 2270779134152424 2270779146860434 2270779152723494
2270779142284772 2270779144853170 2270779158258926 2270779164010168 2270779152725846 2270779155563492 2270779182108150 2270779188044514
2270779164011456 2270779179927902 2270779194403286 2270779200043396 2270779188046810 2270779192600016 2270779209190464 2270779214810918
2270779200043424 2270779202140050 2270779225749650 2270779231503062 2270779214813410 2270779217411166 2270779246127588 2270779251772318
2270779231503076 2270779235293198 2270779263047652 2270779268830492 2270779251774684 2270779254959418 2270779276697358 2270779282413306

2270778951593208 2270778965398552 2270778980641262 2270778986279118 2270778965398580 2270778974644208 2270778990299834 2270778996002216
2270778986280280 2270778988940910 2270779011680438 2270779017514196 2270778996003728 2270779001174572 2270779023211314 2270779029173466
2270779017514994 2270779020163724 2270779034815088 2270779041453020 2270779029174502 2270779033087404 2270779053750970 2270779059334996
2270779041453048 2270779049339752 2270779077436576 2270779083376006 2270779059335668 2270779066722208 2270779088816252 2270779094465280
2270779083377098 2270779086562882 2270779099154650 2270779104741574 2270779094467660 2270779097552784 2270779114054906 2270779119732018
2270779104741602 2270779109535958 2270779132959078 2270779138647712 2270779119732480 2270779123177670 2270779151227958 2270779156864470
2270779138647740 2270779142296378 2270779167976662 2270779173745586 2270779156866794 2270779159299630 2270779185761212 2270779191403954
2270779173745614 2270779176930544 2270779200664450 2270779206304224 2270779191406278 2270779193696258 2270779214526186 2270779220159576
2270779206304252 2270779209365828 2270779228128838 2270779233759386 2270779220161144 2270779225154244 2270779249800642 2270779255514112

2270785110141842 2270785125254450 2270785142309362 2270785147929718 2270785125254716 2270785135590692 2270785152986014 2270785158735870
2270785147929746 2270785151990866 2270785175543850 2270785181190134 2270785158738124 2270785170181738 2270785192093880 2270785197901430
2270785181191142 2270785189223586 2270785210702372 2270785216346626 2270785197903614 2270785208121094 2270785225931740 2270785231700762
2270785216346654 2270785223434896 2270785239966964 2270785245712172 2270785231702946 2270785236546778 2270785256734624 2270785262450166
2270785245712480 2270785254169908 2270785272663698 2270785278534304 2270785262452406 2270785270065648 2270785290828586 2270785296565744
2270785278534332 2270785288316454 2270785309906288 2270785315695176 2270785296567228 2270785307193088 2270785325698036 2270785331794168
2270785315695204 2270785323516598 2270785344398704 2270785350124788 2270785331796436 2270785341398322 2270785358835098 2270785364637748
2270785350124816 2270785356501704 2270785373414544 2270785379313738 2270785364639232 2270785370133280 2270785387388756 2270785393006004
2270785379313766 2270785384804986 2270785407821476 2270785413655346 2270785393006746 2270785405272986 2270785419718872 2270785426638484

2270896100092900 2270896112908906 2270896129379976 2270896135396630 2270896112908934 2270896122627160 2270896138731402 2270896144681696
2270896135396658 2270896137528088 2270896153088920 2270896159078400 2270896144683194 2270896148782338 2270896164907874 2270896170888520
2270896159078428 2270896162776514 2270896183411506 2270896189396198 2270896170890088 2270896174736126 2270896201418768 2270896207351814
2270896189397206 2270896194717892 2270896217135546 2270896223080212 2270896207353326 2270896210915696 2270896229487732 2270896235468784
2270896223080240 2270896226934846 2270896246864280 2270896252878680 2270896235470324 2270896239601556 2270896263666926 2270896269661054
2270896252878708 2270896258519504 2270896281381910 2270896287371642 2270896269663476 2270896273095828 2270896299782600 2270896305759102
2270896287371670 2270896290918598 2270896315873892 2270896321910608 2270896305760698 2270896308881256 2270896334620914 2270896340341874
2270896321910650 2270896324243330 2270896349825348 2270896355507556 2270896340344268 2270896344119676 2270896364509822 2270896370262842
2270896355507584 2270896361967898 2270896377763272 2270896383424046 2270896370265404 2270896373628918 2270896399220736 2270896404802382

2270780295291102 2270780308923112 2270780324568028 2270780330309470 2270780308923140 2270780319357130 2270780335813612 2270780341480700
2270780330309498 2270780332872576 2270780352343510 2270780357978804 2270780341482646 2270780346084852 2270780362868192 2270780368476718
2270780357979854 2270780360494464 2270780381405284 2270780387137584 2270780368477236 2270780376747148 2270780392112008 2270780397938850
2270780387137878 2270780389428502 2270780407068222 2270780412775994 2270780397941118 2270780403029250 2270780417746470 2270780423888312
2270780412776988 2270780415341158 2270780433861478 2270780439740274 2270780423889740 2270780428244720 2270780446479804 2270780452126284
2270780439740302 2270780442447538 2270780457365420 2270780463166264 2270780452128552 2270780456211260 2270780471523172 2270780477390628
2270780463166292 2270780467314604 2270780496627132 2270780502426842 2270780477392938 2270780480034948 2270780509115076 2270780514956436
2270780502426870 2270780506035552 2270780523836244 2270780529660510 2270780514957962 2270780518891528 2270780538220684 2270780543804346
2270780529660538 2270780531799430 2270780549149966 2270780554878402 2270780543804780 2270780545967528 2270780564966942 2270780570620058

2270777612660004 2270777625654874 2270777640758018 2270777646408698 2270777625654902 2270777636596168 2270777652589278 2270777658224698
2270777646408726 2270777648695150 2270777663519848 2270777669196652 2270777658226812 2270777660362372 2270777676646374 2270777682539352
2270777669196680 2270777672255540 2270777697197758 2270777703154282 2270777682541480 2270777689020862 2270777708907666 2270777714690506
2270777703154310 2270777706338204 2270777723694564 2270777729529470 2270777714692746 2270777717425546 2270777732336932 2270777738194000
2270777729529498 2270777732024900 2270777748879612 2270777754521668 2270777738196226 2270777742482340 2270777762471162 2270777768281106
2270777754521696 2270777761119658 2270777772938710 2270777778639006 2270777768281582 2270777771345818 2270777787040896 2270777792845254
2270777778639034 2270777782411348 2270777808113920 2270777813884790 2270777792847396 2270777796106862 2270777824690228 2270777830372086
2270777813884818 2270777816136354 2270777844515880 2270777850299882 2270777830374158 2270777832497622 2270777861593220 2270777867309336
2270777850299910 2270777852675010 2270777882575510 2270777888248926 2270777867311380 2270777873168056 2270777900508810 2270777906077800

2270778289946796 2270778303356598 2270778319129040 2270778324907274 2270778303356626 2270778314235452 2270778330828336 2270778336759632
2270778324907344 2270778327206914 2270778345005394 2270778350676178 2270778336762026 2270778341404384 2270778356113988 2270778361760902
2270778350677270 2270778353585490 2270778370856506 2270778376544874 2270778361763226 2270778365229234 2270778389563026 2270778395264148
2270778376545980 2270778379789374 2270778405638918 2270778411595274 2270778395266528 2270778399131564 2270778418202854 2270778423838540
2270778411596380 2270778415921484 2270778436425646 2270778442187178 2270778423840066 2270778429190964 2270778452396776 2270778458125184
2270778442187206 2270778444694872 2270778470680314 2270778476446508 2270778458127718 2270778461374010 2270778489942214 2270778495602120
2270778476446536 2270778484394196 2270778506243646 2270778512111200 2270778495604388 2270778500362050 2270778524188048 2270778529942594
2270778512112306 2270778521032616 2270778538491400 2270778544285020 2270778529944946 2270778534593030 2270778553043728 2270778558833764
2270778544285048 2270778547467150 2270778566946904 2270778572562808 2270778558835780 2270778563975446 2270778588979166 2270778594855372

2270782889944058 2270782903690196 2270782920772800 2270782926388158 2270782903690224 2270782914764224 2270782935759338 2270782941400162
2270782926389572 2270782930711708 2270782953541004 2270782959266570 2270782941402668 2270782946169500 2270782964939538 2270782970697808
2270782959266598 2270782961417894 2270782979554558 2270782985173430 2270782970700146 2270782976660814 2270782992245964 2270782997860146
2270782985173458 2270782987966836 2270783011064722 2270783017018810 2270782997862568 2270783004845082 2270783028118430 2270783033742160
2270783017018838 2270783023530224 2270783041021530 2270783046892458 2270783033744666 2270783038830754 2270783054259440 2270783060220220
2270783046893676 2270783049500014 2270783069292276 2270783075320424 2270783060221592 2270783063697456 2270783093532702 2270783099277714
2270783075321558 2270783082502172 2270783105198622 2270783111159906 2270783099279954 2270783101665288 2270783120457390 2270783126290826
2270783111159934 2270783116562114 2270783133010252 2270783138667554 2270783126293108 2270783128924478 2270783147788484 2270783153488416
2270783138667582 2270783142636372 2270783158088858 2270783163824252 2270783153490684 2270783156038530 2270783171247668 2270783177033658
