16 388
2270761927079296 2270761942936676 2270761952968320 2270761958977358 2270761958977386 2270761967690468 2270762103506302 2270762109408464
2270762109409626 2270762118016196 2270762125355360 2270762131230726 2270762131230754 2270762139991940 2270762146690814 2270762152314978
2270762152316532 2270762160185806 2270762167162888 2270762173138172 2270762173138214 2270762181166500 2270762188441740 2270762194131480
2270762194131984 2270762202100028 2270762210434956 2270762216313248 2270762216313276 2270762224107300 2270762233147954 2270762239000360
2270762239001928 2270762246806368 2270762256279538 2270762262039516 2270762262039544 2270762270025620 2270762278094828 2270762283825574
2270762283827142 2270762291858270 2270762300377900 2270762306018220 2270762306018248 2270762313813140 2270762322598644 2270762328239202
2270762328240798 2270762336763746 2270762344623136 2270762350244262 2270762350245578 2270762359025930 2270762366956636 2270762372681978
2270762372683644 2270762381138930 2270762390638658 2270762396609336 2270762396609364 2270762405116030 2270762412622340 2270762418360898
2270762418362508 2270762427011232 2270762434385382 2270762440055914 2270762440055956 2270762449022074 2270762455055584 2270762460632050

2270761560517282 2270761574151826 2270761716325200 2270761722720932 2270761722720974 2270761734205062 2270761738585648 2270761744965980
2270761744966498 2270761753991724 2270761760292690 2270761766264754 2270761766264796 2270761775433606 2270761781672468 2270761787594468
2270761787594972 2270761796743258 2270761803453920 2270761809420202 2270761809420230 2270761818689112 2270761825243688 2270761831484622
2270761831486890 2270761840716768 2270761847537176 2270761853913056 2270761853913504 2270761863486410 2270761870743296 2270761877316324
2270761877317878 2270761886769124 2270761893265922 2270761899298606 2270761899298634 2270761908787862 2270761915298772 2270761921223810
2270761921224300 2270761930672970 2270761937257030 2270761943580830 2270761943580872 2270761953127318 2270761959666144 2270761965709328
2270761965709832 2270761975209658 2270761981658142 2270761987806970 2270761987807012 2270761997408548 2270762003868666 2270762009973884
2270762009974486 2270762019335320 2270762025962486 2270762031970782 2270762031970824 2270762041275196 2270762047527190 2270762053478632
2270762053479122 2270762062741522 2270762069107462 2270762075079414 2270762075079442 2270762083521400 2270762090823898 2270762097074912

2270767045053948 2270767195591566 2270767202072656 2270767207811732 2270767207811760 2270767216004168 2270767223355708 2270767229189270
2270767229190516 2270767237690336 2270767245089252 2270767250825738 2270767250825780 2270767259030354 2270767266359564 2270767272167310
2270767272168108 2270767280360054 2270767288224274 2270767293968712 2270767293968754 2270767302125000 2270767309924764 2270767315518142
2270767315518940 2270767323753082 2270767331704900 2270767337327132 2270767337327160 2270767345559706 2270767354650214 2270767360515752
2270767360516298 2270767368709476 2270767376664892 2270767382426116 2270767382426144 2270767390642520 2270767398761022 2270767404364634
2270767404366454 2270767412718686 2270767420567632 2270767426373698 2270767426373726 2270767434706442 2270767442993686 2270767448783302
2270767448785052 2270767456897184 2270767465082018 2270767470700512 2270767470700554 2270767478941458 2270767487127356 2270767492849310
2270767492851004 2270767501020410 2270767510063080 2270767515888410 2270767515889754 2270767524365732 2270767531936204 2270767537568236
2270767537569930 2270767545822846 2270767553617346 2270767559379088 2270767559379116 2270767567653494 2270767575689186 2270767581397112

2270863314273484 2270863336164822 2270863469878850 2270863475501866 2270863475501908 2270863484929830 2270863490876386 2270863496582940
2270863496583430 2270863504693770 2270863512549030 2270863518532546 2270863518533652 2270863527891350 2270863534246902 2270863540041250
2270863540041754 2270863548091950 2270863555076536 2270863561012606 2270863561012634 2270863569255652 2270863577065440 2270863583477972
2270863583479232 2270863591755570 2270863599193882 2270863605543792 2270863605543820 2270863614204136 2270863621580722 2270863627892454
2270863627893210 2270863636439384 2270863643995632 2270863650341902 2270863650341930 2270863659106350 2270863666509578 2270863672845404
2270863672845740 2270863682199434 2270863688652440 2270863695009756 2270863695009798 2270863704412212 2270863710944346 2270863717249064
2270863717249806 2270863725733442 2270863732963448 2270863739652032 2270863739652060 2270863748185732 2270863756806106 2270863763141358
2270863763142884 2270863771863092 2270863778461810 2270863784823032 2270863784823074 2270863794205636 2270863800725730 2270863807081926
2270863807082430 2270863816462164 2270863822465938 2270863828430022 2270863828430050 2270863836992940 2270863843366342 2270863849092566

2270763529772122 2270763543626676 2270763552946392 2270763558678286 2270763558678314 2270763566701336 2270763701305008 2270763707144366
2270763707144870 2270763712681142 2270763728541560 2270763734388786 2270763734388814 2270763743407922 2270763749604070 2270763755530606
2270763755531110 2270763763819446 2270763771031644 2270763777165114 2270763777165142 2270763786351536 2270763792860668 2270763798437806
2270763798438506 2270763807257890 2270763814051054 2270763819800336 2270763819800364 2270763827923626 2270763836434926 2270763842235686
2270763842236386 2270763850492634 2270763859347186 2270763865425902 2270763865425930 2270763873596932 2270763881626576 2270763887263690
2270763887265118 2270763895686846 2270763903215864 2270763909234352 2270763909234394 2270763917454074 2270763924419326 2270763930015196
2270763930015910 2270763938062550 2270763946336340 2270763951967770 2270763951967812 2270763959984730 2270763969495252 2270763975191838
2270763975192552 2270763983462870 2270763991734588 2270763997470766 2270763997470808 2270764003060014 2270764015295006 2270764020879060
2270764020879550 2270764028722434 2270764035739836 2270764041478002 2270764041478030 2270764049244782 2270764058147998 2270764063733186

2270765558221986 2270765573716864 2270765580142766 2270765585878622 2270765585878650 2270765591588438 2270765735297878 2270765741006056
2270765741006644 2270765749791406 2270765757024898 2270765762656566 2270765762658008 2270765770614474 2270765779015370 2270765784887670
2270765784889112 2270765793069746 2270765801133438 2270765806907136 2270765806907164 2270765814978024 2270765823133920 2270765828740290
2270765828741928 2270765836901422 2270765845704748 2270765851753056 2270765851753084 2270765859971014 2270765868705992 2270765874295198
2270765874296822 2270765882437192 2270765890634346 2270765896309596 2270765896309624 2270765904475740 2270765911889146 2270765917595644
2270765917596414 2270765925706446 2270765933038722 2270765938746158 2270765938746186 2270765944329246 2270765955840956 2270765961422924
2270765961423428 2270765969451896 2270765978555998 2270765984266178 2270765984266220 2270765992459804 2270766001024654 2270766006776120
2270766006777758 2270766014789314 2270766023110522 2270766028912066 2270766028912094 2270766036890106 2270766044929522 2270766050644532
2270766050646184 2270766058721510 2270766067217830 2270766072862350 2270766072862392 2270766081032778 2270766089455724 2270766095069556

2270759664995458 2270759674873508 2270759821969702 2270759827721616 2270759827721644 2270759837473624 2270759843499812 2270759849516746
2270759849518090 2270759857710246 2270759865704036 2270759871588278 2270759871588306 2270759879753022 2270759887648476 2270759893461164
2270759893462578 2270759902582332 2270759909833492 2270759915592028 2270759915592070 2270759924753278 2270759932258790 2270759938184864
2270759938186264 2270759947340934 2270759954294342 2270759961198890 2270759961198932 2270759970226412 2270759977477446 2270759983350264
2270759983350964 2270759992187106 2270759998650934 2270760004267804 2270760004267832 2270760013190102 2270760019892994 2270760025608130
2270760025608620 2270760034557938 2270760042699358 2270760048457768 2270760048457810 2270760057818448 2270760065385602 2270760071117356
2270760071118784 2270760080021314 2270760087325730 2270760093095200 2270760093095228 2270760101963500 2270760109498874 2270760115228794
2270760115230992 2270760124167878 2270760131721718 2270760137374316 2270760137374344 2270760146230366 2270760154214006 2270760159839080
2270760159840494 2270760167877124 2270760176009080 2270760181765852 2270760181765894 2270760190875036 2270760198639212 2270760204359402

2270759595253240 2270759605097746 2270759748497240 2270759754087230 2270759754087272 2270759761301416 2270759771700154 2270759777566140
2270759777566644 2270759786396220 2270759793412978 2270759799051366 2270759799051394 2270759807211098 2270759815576616 2270759821509438
2270759821511034 2270759829680734 2270759837967432 2270759843591848 2270759843591876 2270759852175024 2270759859748940 2270759865421922
2270759865423602 2270759873601814 2270759882177066 2270759888079676 2270759888079718 2270759896716780 2270759905220912 2270759910934648
2270759910936874 2270759919721734 2270759927124556 2270759932877646 2270759932877674 2270759941748270 2270759948155888 2270759953731262
2270759953731738 2270759961736294 2270759969709490 2270759975340192 2270759975341396 2270759983299556 2270759993329254 2270759998916654
2270759998917410 2270760007605866 2270760015569598 2270760021192558 2270760021192600 2270760030028350 2270760037191212 2270760043027896
2270760043029674 2270760050754874 2270760059607242 2270760065529116 2270760065529158 2270760073432102 2270760081776158 2270760087630944
2270760087632638 2270760095369136 2270760103597300 2270760109356200 2270760109356228 2270760117258024 2270760125911046 2270760131504060

2270756826742642 2270756842711854 2270756980902074 2270756986600466 2270756986600494 2270756995816218 2270757004507628 2270757010098346
2270757010099102 2270757018818386 2270757025307386 2270757031185286 2270757031185314 2270757039935132 2270757047415010 2270757053269670
2270757053272120 2270757062101766 2270757069532420 2270757075507732 2270757075507760 2270757084254736 2270757091514674 2270757097122346
2270757097124054 2270757106182362 2270757113853144 2270757119576176 2270757119576204 2270757128509716 2270757136066706 2270757141769508
2270757141771118 2270757150693318 2270757158417930 2270757164029774 2270757164029816 2270757172832918 2270757179603570 2270757185416552
2270757185417014 2270757194348426 2270757201867658 2270757207517806 2270757207517834 2270757216444640 2270757225690142 2270757231516550
2270757231517152 2270757240219272 2270757247889998 2270757253712640 2270757253712682 2270757262704378 2270757269483472 2270757275246810
2270757275248448 2270757283992288 2270757291613412 2270757297357024 2270757297357052 2270757306053404 2270757313878956 2270757319587876
2270757319588394 2270757328437010 2270757336518006 2270757342322966 2270757342322994 2270757351096878 2270757358199582 2270757363817824

2270756779426506 2270756793241510 2270756937059030 2270756943074970 2270756943074998 2270756953550792 2270756958742230 2270756964697074
2270756964698530 2270756973373560 2270756980746352 2270756986491518 2270756986491546 2270756995290182 2270757002481800 2270757008217852
2270757008220414 2270757017131120 2270757024540774 2270757030369338 2270757030369366 2270757039003824 2270757046547724 2270757052273738
2270757052275320 2270757061098666 2270757068587182 2270757074477080 2270757074477108 2270757083591668 2270757090898548 2270757096731452
2270757096733020 2270757105713656 2270757112230390 2270757117951448 2270757117951476 2270757126937628 2270757134650256 2270757140376690
2270757140378216 2270757149453576 2270757157949532 2270757163787154 2270757163787196 2270757172726644 2270757180343190 2270757186051270
2270757186052810 2270757195002786 2270757202462168 2270757208220816 2270757208222006 2270757217187018 2270757224582980 2270757230308994
2270757230310562 2270757239289952 2270757246855972 2270757252665622 2270757252665664 2270757261481184 2270757268994592 2270757275333484
2270757275335024 2270757284498976 2270757291557636 2270757297325244 2270757297325272 2270757306169030 2270757313589184 2270757319193664

2270762937962792 2270763090324260 2270763097147636 2270763102770330 2270763102770358 2270763112032982 2270763118932546 2270763124680218
2270763124681758 2270763134160906 2270763140744266 2270763146561434 2270763146561462 2270763155949890 2270763162846920 2270763168553824
2270763168554314 2270763178039538 2270763184920580 2270763190671500 2270763190671528 2270763200354250 2270763207229860 2270763213056058
2270763213057654 2270763222525336 2270763229143234 2270763235166902 2270763235166930 2270763244658370 2270763251184974 2270763256880454
2270763256881168 2270763266315292 2270763272998500 2270763278709044 2270763278709072 2270763288258080 2270763294906316 2270763300929830
2270763300932490 2270763311114858 2270763318043850 2270763323962742 2270763323962784 2270763333908538 2270763340610268 2270763346561094
2270763346561416 2270763355886998 2270763362613522 2270763368251084 2270763368251112 2270763378023434 2270763384803242 2270763390576898
2270763390577612 2270763400164266 2270763407101336 2270763412934772 2270763412934800 2270763422601646 2270763429443362 2270763435081498
2270763435082212 2270763444717670 2270763451729626 2270763457328436 2270763457328478 2270763466864872 2270763474173390 2270763479900104

2270873927957250 2270874078187274 2270874085614232 2270874091256344 2270874091257632 2270874100051788 2270874107066292 2270874112868158
2270874112869712 2270874121432728 2270874129163794 2270874134938710 2270874134939928 2270874143589954 2270874151190638 2270874156934236
2270874156935818 2270874166023498 2270874173294930 2270874179070826 2270874179070854 2270874187816570 2270874195738778 2270874201496516
2270874201498168 2270874210500322 2270874217895766 2270874223643844 2270874223643886 2270874232398968 2270874239982824 2270874245735256
2270874245736922 2270874254918430 2270874261525954 2270874267161976 2270874267162004 2270874276236300 2270874283640550 2270874289358640
2270874289360194 2270874298508732 2270874306477322 2270874312520030 2270874312520058 2270874321991366 2270874329262602 2270874335159542
2270874335162090 2270874344525654 2270874351135152 2270874357001012 2270874357001040 2270874365882682 2270874373385912 2270874379120662
2270874379122384 2270874388239660 2270874395488762 2270874401456528 2270874401456570 2270874410457660 2270874417905436 2270874423642496
2270874423644050 2270874432249444 2270874439866326 2270874445653940 2270874445653982 2270874454229360 2270874461991002 2270874467656074

2270758123164006 2270758136578596 2270758143362828 2270758149116506 2270758149117822 2270758154639716 2270758295445220 2270758301134554
2270758301135058 2270758306540206 2270758319202702 2270758324925510 2270758324925552 2270758332864266 2270758341261046 2270758347200728
2270758347202366 2270758355267766 2270758363533590 2270758369528726 2270758369528754 2270758377672792 2270758384950328 2270758390864124
2270758390864908 2270758398901244 2270758407350496 2270758413353892 2270758413355166 2270758421414700 2270758429403338 2270758435371034
2270758435372672 2270758443445002 2270758451742424 2270758457505314 2270758457505356 2270758465310468 2270758473875066 2270758479710826
2270758479713444 2270758487413248 2270758495962110 2270758501852610 2270758501852652 2270758509976558 2270758517780620 2270758523387284
2270758523388922 2270758531307210 2270758540631434 2270758546421232 2270758546421274 2270758554315188 2270758563209024 2270758569038372
2270758569040206 2270758577517794 2270758585076772 2270758590833278 2270758590833320 2270758598432772 2270758607846666 2270758613666102
2270758613667726 2270758622572874 2270758629694478 2270758635585804 2270758635585846 2270758643227942 2270758651865340 2270758657571572

2270755440529366 2270755455818962 2270755466000826 2270755471710292 2270755471710334 2270755479941046 2270755617540536 2270755623095498
2270755623095806 2270755631776282 2270755640987078 2270755646711006 2270755646711048 2270755655527170 2270755662918414 2270755668745130
2270755668747524 2270755677632582 2270755684097404 2270755689833372 2270755689833400 2270755698461320 2270755705190280 2270755711005362
2270755711006944 2270755718924602 2270755727336558 2270755733115618 2270755733115660 2270755741077656 2270755749928176 2270755755732142
2270755755762648 2270755763529652 2270755772994016 2270755778749430 2270755778749458 2270755786760258 2270755794987162 2270755800745614
2270755800747392 2270755808683026 2270755817007174 2270755822624870 2270755822624898 2270755830768558 2270755839657550 2270755845303106
2270755845304758 2270755853884028 2270755861747366 2270755867461704 2270755867461746 2270755875541664 2270755883692408 2270755889396218
2270755889397884 2270755897281466 2270755906989780 2270755912853582 2270755912853610 2270755921646688 2270755928833154 2270755934404580
2270755934405098 2270755943442000 2270755950664110 2270755956528458 2270755956529620 2270755965359952 2270755972126642 2270755977738724

2270756117846062 2270756140171330 2270756274730146 2270756280652412 2270756280652440 2270756289889976 2270756296035416 2270756302036376
2270756302038126 2270756310916044 2270756318384904 2270756324364724 2270756324366012 2270756333280554 2270756340285580 2270756346234488
2270756346236252 2270756355167846 2270756362368494 2270756368342602 2270756368342630 2270756377264032 2270756384910636 2270756390857682
2270756390859306 2270756399795800 2270756406929220 2270756412893808 2270756412893836 2270756421797934 2270756428921330 2270756434905672
2270756434907254 2270756443830196 2270756450614876 2270756456590496 2270756456590538 2270756465625480 2270756472496568 2270756478463298
2270756478465090 2270756487365534 2270756495585732 2270756501576374 2270756501577648 2270756510612464 2270756518141972 2270756524114708
2270756524116388 2270756533080560 2270756540239628 2270756546215906 2270756546215934 2270756555254726 2270756562348288 2270756568306604
2270756568308172 2270756577377988 2270756584618578 2270756590592406 2270756590593680 2270756599573434 2270756606970194 2270756612918500
2270756612921020 2270756621897666 2270756629085574 2270756635088186 2270756635088214 2270756644090816 2270756651354744 2270756657391656

2270760717776292 2270760727395524 2270760872297666 2270760878021888 2270760878021930 2270760886507652 2270760895279674 2270760900974048
2270760900974524 2270760910188820 2270760917319300 2270760923065642 2270760923067028 2270760932306062 2270760939595358 2270760945277216
2270760945277706 2270760954632828 2270760961589092 2270760967263040 2270760967263082 2270760976380960 2270760983616524 2270760989633724
2270760989636020 2270760999033548 2270761006156804 2270761011857072 2270761011857114 2270761021002978 2270761028319000 2270761034263596
2270761034265290 2270761043414640 2270761050330192 2270761056084178 2270761056084206 2270761065412140 2270761072294078 2270761078077912
2270761078078402 2270761087505834 2270761094322252 2270761100218576 2270761100218940 2270761109575056 2270761117153256 2270761122727174
2270761122727958 2270761132020010 2270761139159702 2270761145126824 2270761145126852 2270761154599252 2270761161771060 2270761167472658
2270761167474254 2270761176858356 2270761184190506 2270761189922596 2270761189923814 2270761199197582 2270761206427000 2270761212020994
2270761212022590 2270761221479898 2270761228485176 2270761234280196 2270761234280224 2270761243601830 2270761250184098 2270761255770042
