16 266
2270796005044392 2270796016504008 2270796032939266 2270796038895664 2270796016536432 2270796025697192 2270796044420428 2270796050382174
2270796038910994 2270796042859750 2270796059856002 2270796065752004 2270796050397798 2270796055469466 2270796074647884 2270796080584304
2270796065765948 2270796068779952 2270796089436448 2270796095449210 2270796080599732 2270796084472020 2270796101188804 2270796107161764
2270796095462370 2270796103188648 2270796114230364 2270796120183906 2270796107175540 2270796111425156 2270796133585182 2270796139528350
2270796120197668 2270796125493518 2270796153732176 2270796159711800 2270796139542700 2270796144316420 2270796164402038 2270796170377308
2270796159726458 2270796165361458 2270796182373880 2270796188332014 2270796170391406 2270796175970014 2270796200294244 2270796206261408
2270796188347372 2270796192854784 2270796210165070 2270796216126928 2270796206275674 2270796209264828 2270796225101502 2270796231052258
2270796216141390 2270796221955478 2270796242044064 2270796248015288 2270796231067294 2270796233773270 2270796258890474 2270796264801064
2270796248030226 2270796251465098 2270796278359784 2270796284342726 2270796264815148 2270796270071742 2270796298448916 2270796304342538

2270795632896546 2270795639547092 2270795662518908 2270795668504468 2270795639573664 2270795649655246 2270795675888642 2270795681861770
2270795668518104 2270795671124316 2270795692091682 2270795698053358 2270795681876694 2270795686125008 2270795707451446 2270795713435872
2270795698066840 2270795703109668 2270795722134548 2270795728092710 2270795713450600 2270795717135792 2270795732475200 2270795738442280
2270795728106850 2270795731215732 2270795745643824 2270795751646940 2270795738457918 2270795743560288 2270795758801836 2270795764807794
2270795751660996 2270795756088608 2270795779225680 2270795785238330 2270795764821892 2270795767988174 2270795791151818 2270795797100628
2270795785251140 2270795788273978 2270795806364750 2270795812334784 2270795797115342 2270795800245056 2270795821239134 2270795827222986
2270795812348392 2270795815551018 2270795837390556 2270795843337014 2270795827237826 2270795831500532 2270795858257710 2270795864165542
2270795843351728 2270795846821600 2270795874774658 2270795880711974 2270795864178856 2270795867517240 2270795886517116 2270795892521002
2270795880726912 2270795884928088 2270795901219874 2270795907242856 2270795892534750 2270795895601702 2270795926821856 2270795933058100

2270801122592800 2270801134483574 2270801151027206 2270801157001776 2270801134509936 2270801144384850 2270801162930034 2270801168877822
2270801157015804 2270801161420736 2270801181184396 2270801187175444 2270801168894048 2270801176247590 2270801194154472 2270801200074526
2270801187189668 2270801192424072 2270801213451610 2270801219436218 2270801200087798 2270801207673054 2270801225785288 2270801231741924
2270801219450218 2270801223198620 2270801243202828 2270801249091060 2270801231756330 2270801235322746 2270801256734542 2270801262719892
2270801249103884 2270801255511992 2270801279935104 2270801285912474 2270801262733738 2270801273563242 2270801291473960 2270801297435510
2270801285926362 2270801289826412 2270801309766024 2270801315738214 2270801297450280 2270801302718858 2270801322997648 2270801328934978
2270801315753334 2270801319802148 2270801339588222 2270801345476944 2270801328948628 2270801334687858 2270801350494698 2270801356506620
2270801345491462 2270801349363036 2270801367120524 2270801373100764 2270801356520172 2270801364276354 2270801388418654 2270801394399874
2270801373114064 2270801382230472 2270801411018896 2270801416924026 2270801394415386 2270801402696484 2270801424700382 2270801430583994

2270897393326198 2270897404042344 2270897420573474 2270897426563514 2270897404075874 2270897414249926 2270897433510468 2270897439437284
2270897426579404 2270897430344480 2270897450218544 2270897456142868 2270897439453482 2270897445779214 2270897464560312 2270897470518824
2270897456157456 2270897458885076 2270897483069838 2270897489034958 2270897470533692 2270897477856644 2270897499277498 2270897505267930
2270897489050736 2270897493877614 2270897511463602 2270897517392140 2270897505282546 2270897509261766 2270897527286206 2270897533257808
2270897517405510 2270897525060024 2270897543236434 2270897549160758 2270897533271724 2270897539141826 2270897558403908 2270897564355070
2270897549176340 2270897554115316 2270897574075144 2270897580050428 2270897564369406 2270897568212546 2270897596013284 2270897601976234
2270897580064890 2270897582868488 2270897613769414 2270897619653068 2270897601990374 2270897605544498 2270897631553012 2270897637461040
2270897619684722 2270897627633124 2270897643654892 2270897649606096 2270897637475012 2270897642160490 2270897664000560 2270897669964616
2270897649620292 2270897657327572 2270897674693200 2270897680655450 2270897669980366 2270897673945348 2270897689101398 2270897695037622

2270797610306722 2270797621403626 2270797637177944 2270797643123506 2270797621434272 2270797631864720 2270797647217974 2270797653156914
2270797643137884 2270797645810680 2270797665655400 2270797671558024 2270797653172370 2270797660700352 2270797680896444 2270797686797150
2270797671572444 2270797676615006 2270797691630902 2270797697603288 2270797686812144 2270797689843172 2270797705607662 2270797711518238
2270797697615804 2270797701699646 2270797727817794 2270797733769628 2270797711531188 2270797720128238 2270797740197308 2270797746123242
2270797733782704 2270797737511422 2270797754811292 2270797760731612 2270797746136976 2270797751278532 2270797769444078 2270797775439998
2270797760744646 2270797764908778 2270797781348894 2270797787293644 2270797775455524 2270797779425042 2270797794376902 2270797800293316
2270797787308260 2270797790370998 2270797814373900 2270797820305210 2270797800306924 2270797807567646 2270797826824170 2270797832753688
2270797820320204 2270797824358434 2270797838409730 2270797844409514 2270797832767296 2270797836826106 2270797850130362 2270797856118568
2270797844422114 2270797850442478 2270797866494080 2270797872456876 2270797856131574 2270797862538534 2270797891432798 2270797897401208

2270799638419592 2270799649115760 2270799667283140 2270799673245712 2270799649142010 2270799661354700 2270799678713076 2270799684667220
2270799673260706 2270799677656356 2270799697693982 2270799703661384 2270799684681276 2270799692478128 2270799712252946 2270799718212354
2270799703675328 2270799706677460 2270799731279912 2270799737183936 2270799718226494 2270799726599782 2270799743283666 2270799749216950
2270799737198076 2270799740649538 2270799758971268 2270799764902004 2270799749231790 2270799755194614 2270799777159606 2270799783073164
2270799764914044 2270799769116858 2270799787332734 2270799793283518 2270799783087150 2270799786575068 2270799801158728 2270799807100748
2270799793297434 2270799798741530 2270799815235574 2270799821209080 2270799807113656 2270799812512630 2270799832749672 2270799838679330
2270799821221820 2270799829287178 2270799847972558 2270799853899976 2270799838692210 2270799844250868 2270799859320244 2270799865296438
2270799853913836 2270799856644018 2270799878225410 2270799884149020 2270799865310704 2270799870325280 2270799887852384 2270799893875002
2270799884162110 2270799888103390 2270799906292344 2270799912248532 2270799893887784 2270799899804324 2270799926224144 2270799932132312

2270793741398910 2270793752001880 2270793768291538 2270793774260060 2270793752028522 2270793763681352 2270793780603138 2270793786577176
2270793774274354 2270793776881322 2270793792761116 2270793798704802 2270793786592170 2270793790213228 2270793806691704 2270793812647556
2270793798718214 2270793803944708 2270793820972054 2270793826937146 2270793812662242 2270793817456290 2270793841752800 2270793847702380
2270793826949578 2270793831695340 2270793855306522 2270793861247072 2270793847716562 2270793852440764 2270793870930354 2270793876866172
2270793861260694 2270793867138972 2270793885989454 2270793891987348 2270793876880354 2270793881626368 2270793903492702 2270793909469428
2270793892000970 2270793898283680 2270793918327340 2270793924243628 2270793909482574 2270793913924606 2270793929839260 2270793935785802
2270793924257488 2270793927994256 2270793942464642 2270793948466106 2270793935800586 2270793940809576 2270793966909916 2270793972850578
2270793948479756 2270793957537168 2270793988858780 2270793994794444 2270793972864886 2270793979885886 2270794006563334 2270794012527516
2270793994809186 2270793999619586 2270794021346270 2270794027317046 2270794012542762 2270794016022896 2270794044726340 2270794050661738

2270793672655746 2270793683272338 2270793702775878 2270793708737582 2270793683299050 2270793693387226 2270793714395878 2270793720354488
2270793708749580 2270793713363952 2270793728981904 2270793734916700 2270793720369832 2270793729535506 2270793746076324 2270793752025988
2270793734928978 2270793739204732 2270793765303602 2270793771238174 2270793752039582 2270793758542176 2270793781870712 2270793787811234
2270793771252454 2270793779379062 2270793793517452 2270793799503880 2270793787825836 2270793790598816 2270793808614898 2270793814537780
2270793799516634 2270793805633724 2270793820213380 2270793826191366 2270793814553264 2270793817506522 2270793835881662 2270793841818432
2270793826203574 2270793831850572 2270793850093720 2270793856060786 2270793841832656 2270793844522952 2270793863268056 2270793869218700
2270793856076578 2270793859985784 2270793877702630 2270793883637594 2270793869256738 2270793874902952 2270793895257216 2270793901156564
2270793883652084 2270793891048760 2270793913738840 2270793919754234 2270793901169920 2270793907898642 2270793929378464 2270793935304510
2270793919767030 2270793926896572 2270793942354490 2270793948336298 2270793935318426 2270793940608648 2270793963539752 2270793969436720

2270790899525582 2270790908997044 2270790931644116 2270790937589440 2270790909024022 2270790920271496 2270790943034208 2270790948969088
2270790937603104 2270790940414248 2270790956671440 2270790962617282 2270790948984474 2270790953306232 2270790973604230 2270790979605428
2270790962630638 2270790969735988 2270790987726492 2270790993666076 2270790979619204 2270790985176854 2270791002910682 2270791008840942
2270790993678970 2270791000216760 2270791019505736 2270791025470156 2270791008855866 2270791012524216 2270791032489224 2270791038438258
2270791025483372 2270791030084136 2270791051600680 2270791057532186 2270791038453770 2270791046527150 2270791063997750 2270791069938216
2270791057545360 2270791061093506 2270791080044648 2270791085984680 2270791069952230 2270791077083354 2270791098450364 2270791104468250
2270791085999464 2270791089655480 2270791109962760 2270791115894728 2270791104480822 2270791107894442 2270791124557130 2270791130552588
2270791115907146 2270791118913926 2270791139836954 2270791145806526 2270791130566098 2270791133262162 2270791157454414 2270791163412772
2270791145820568 2270791151125546 2270791174989148 2270791180923468 2270791163428298 2270791166661696 2270791196875824 2270791202797600

2270790862815566 2270790874315096 2270790890576754 2270790896483018 2270790874346750 2270790884815054 2270790903000158 2270790908916306
2270790896496822 2270790900315546 2270790923667378 2270790929660666 2270790908931146 2270790915703170 2270790937325260 2270790943273664
2270790929674638 2270790936034026 2270790954518408 2270790960527446 2270790943287734 2270790950098076 2270790971918462 2270790977886900
2270790960540998 2270790967605776 2270790984455084 2270790990412798 2270790977901334 2270790982481014 2270791001453842 2270791007367624
2270790990427246 2270790997750520 2270791011604724 2270791017608736 2270791007381820 2270791010418322 2270791023958408 2270791029903690
2270791017622540 2270791021961056 2270791037877614 2270791043836602 2270791029917704 2270791034098244 2270791051390498 2270791057393698
2270791043849972 2270791047371476 2270791066970300 2270791072964176 2270791057408034 2270791060833414 2270791081038284 2270791086965394
2270791072978792 2270791080815460 2270791101505486 2270791107428844 2270791086979758 2270791091808512 2270791120561558 2270791126572346
2270791107441542 2270791110462994 2270791135609528 2270791141620050 2270791126585898 2270791130844362 2270791158177626 2270791164063436

2270797008213762 2270797015017776 2270797044553086 2270797050565288 2270797015044726 2270797025634354 2270797056121034 2270797062044294
2270797050578154 2270797053258272 2270797078598496 2270797084567102 2270797062059890 2270797066565664 2270797097060184 2270797103016960
2270797084582558 2270797091560788 2270797115011586 2270797120968586 2270797103031436 2270797108561436 2270797126188024 2270797132124192
2270797120982292 2270797123728028 2270797140856594 2270797146930536 2270797132138388 2270797137519554 2270797156868562 2270797162808524
2270797146943612 2270797150825266 2270797168388462 2270797174354618 2270797162822860 2270797166738114 2270797181207478 2270797187203384
2270797174369402 2270797179183834 2270797203341772 2270797209307312 2270797187218014 2270797202607052 2270797215704248 2270797221636874
2270797209320794 2270797216231194 2270797240877466 2270797246862228 2270797221650118 2270797230901150 2270797261930918 2270797267864986
2270797246875850 2270797258187934 2270797279095926 2270797285059086 2270797267880092 2270797276213774 2270797295582788 2270797301558632
2270797285073128 2270797290187874 2270797315461752 2270797321431268 2270797301572786 2270797313441944 2270797328696512 2270797334570576

2270908010166600 2270908021761568 2270908038447552 2270908044406694 2270908021792746 2270908031182462 2270908049913566 2270908055849622
2270908044421310 2270908048683596 2270908065157270 2270908071100130 2270908055866394 2270908063059776 2270908080120848 2270908086052774
2270908071114410 2270908076266746 2270908095307950 2270908101263144 2270908086067124 2270908093591354 2270908112214154 2270908118173212
2270908101277886 2270908107501684 2270908126408488 2270908132382218 2270908118189802 2270908124068024 2270908143135282 2270908149052396
2270908132395882 2270908138790116 2270908157828114 2270908163777918 2270908149068118 2270908155102650 2270908174693830 2270908180587508
2270908163792282 2270908170153406 2270908188306352 2270908194273740 2270908180602390 2270908183533640 2270908211023494 2270908217029046
2270908194288286 2270908200304744 2270908226593062 2270908232559386 2270908217044880 2270908224531240 2270908239262418 2270908245245920
2270908232574464 2270908237401412 2270908252251338 2270908258204334 2270908245259542 2270908250201640 2270908269931462 2270908275898262
2270908258219062 2270908262939386 2270908284274476 2270908290225722 2270908275913480 2270908280067518 2270908306300732 2270908312278060

2270792195319942 2270792204903250 2270792225383458 2270792231376130 2270792204934540 2270792217490860 2270792241468534 2270792247480876
2270792231390102 2270792234288088 2270792255036746 2270792261005030 2270792247496262 2270792251902818 2270792267986536 2270792273955604
2270792261018876 2270792265496930 2270792285252652 2270792291162024 2270792273971326 2270792280814932 2270792307417424 2270792313395242
2270792291176038 2270792295117598 2270792325914714 2270792331978296 2270792313409872 2270792317926020 2270792339001578 2270792344994684
2270792331993850 2270792337444232 2270792358020438 2270792363947240 2270792345008264 2270792354186510 2270792375077156 2270792381055226
2270792363962318 2270792368923792 2270792387207148 2270792393364082 2270792381069632 2270792385688736 2270792405678384 2270792411645520
2270792393378040 2270792401159058 2270792422581284 2270792428484006 2270792411660290 2270792414478056 2270792441663186 2270792447579012
2270792428498384 2270792432707890 2270792456398424 2270792462355662 2270792447592928 2270792451635036 2270792475566090 2270792481522292
2270792462369830 2270792470087890 2270792491980334 2270792497923726 2270792481537202 2270792490254540 2270792503562464 2270792509453916

2270789522873298 2270789533917142 2270789548166160 2270789554092122 2270789533947872 2270789547788734 2270789564769642 2270789570689066
2270789554105632 2270789557709946 2270789583142472 2270789589056184 2270789570704466 2270789579238404 2270789595559898 2270789601508708
2270789589071374 2270789593609348 2270789612726992 2270789618671602 2270789601522792 2270789605434420 2270789625363882 2270789631287772
2270789618686414 2270789622017630 2270789640809970 2270789646766214 2270789631301688 2270789638026406 2270789660921362 2270789666857404
2270789646778310 2270789660033076 2270789672144490 2270789678099852 2270789666871194 2270789670039898 2270789691855286 2270789697797208
2270789678113292 2270789685311938 2270789704423212 2270789710505190 2270789697811754 2270789700511080 2270789723192256 2270789729179230
2270789710519484 2270789714246690 2270789739986600 2270789745949900 2270789729193580 2270789735681054 2270789755385956 2270789761360624
2270789745963508 2270789751797280 2270789769045308 2270789775044224 2270789761375716 2270789765054272 2270789784212152 2270789790128636
2270789775058112 2270789778978462 2270789800174476 2270789806134024 2270789790143742 2270789797618272 2270789813513970 2270789819398506

2270790198611578 2270790209554706 2270790227269718 2270790233182688 2270790209581166 2270790222091454 2270790241461616 2270790247407024
2270790233197444 2270790238190600 2270790258860382 2270790264802304 2270790247423096 2270790252704876 2270790277225330 2270790283165026
2270790264817732 2270790271057588 2270790296284412 2270790302209506 2270790283178746 2270790292592164 2270790308832710 2270790314792762
2270790302222232 2270790306319360 2270790327303008 2270790333284088 2270790314805824 2270790321080638 2270790338829964 2270790344793628
2270790333298746 2270790337383442 2270790355602580 2270790361544194 2270790344807530 2270790353435450 2270790369636978 2270790375530250
2270790361557060 2270790364616060 2270790386971372 2270790392971870 2270790375544096 2270790378637130 2270790400323046 2270790406282370
2270790392987074 2270790395814612 2270790416477898 2270790422558224 2270790406295852 2270790410096726 2270790433004100 2270790438980168
2270790422572126 2270790431043036 2270790444801984 2270790450763254 2270790438993664 2270790442161738 2270790465570816 2270790471502952
2270790450777324 2270790457193622 2270790476256218 2270790482230214 2270790471516798 2270790475108022 2270790497099180 2270790502979320

2270794800053108 2270794812826204 2270794827289450 2270794833212388 2270794812858404 2270794828284318 2270794839768700 2270794845672122
2270794833224890 2270794837037566 2270794859427248 2270794865383254 2270794845687228 2270794851890166 2270794880274200 2270794886249078
2270794865401342 2270794875523986 2270794902493614 2270794908468870 2270794886264520 2270794899534350 2270794913818074 2270794919778504
2270794908483556 2270794918557214 2270794929332496 2270794935278366 2270794919793008 2270794926589406 2270794946682122 2270794952615476
2270794935293416 2270794942850756 2270794962787008 2270794968730008 2270794952629602 2270794960188202 2270794978603410 2270794984536302
2270794968744092 2270794976135308 2270795000485382 2270795006441458 2270794984551520 2270794997783690 2270795015913998 2270795021852546
2270795006454856 2270795013236666 2270795026877384 2270795032825004 2270795021866966 2270795024894606 2270795043371890 2270795049326160
2270795032838864 2270795040894548 2270795054866058 2270795060795688 2270795049338606 2270795052095206 2270795069239214 2270795075167080
2270795060809072 2270795064986798 2270795079163338 2270795085143298 2270795075181304 2270795077935146 2270795093190288 2270795099100304
