16 825
2270854907730906 2270854915530908 2270854918825024 2270854972600928 2270854972600970 2270854976649602 2270854979105202 2270855031953480
2270855031955286 2270855035900878 2270855041517356 2270855093223024 2270855093223066 2270855097135856 2270855105651314 2270855156729278
2270855156731168 2270855160886564 2270855169690996 2270855220732420 2270855220732448 2270855224699922 2270855234527306 2270855285648194
2270855285648684 2270855289869544 2270855300226618 2270855353112192 2270855353112220 2270855357139082 2270855364724436 2270855415585848
2270855415587542 2270855419540946 2270855427654604 2270855478135650 2270855478135678 2270855482126756 2270855490952958 2270855541619378
2270855541620988 2270855545863730 2270855553496012 2270855605470970 2270855605471348 2270855609619772 2270855616141518 2270855668305868
2270855668307478 2270855672348382 2270855679805734 2270855732447204 2270855732447232 2270855736760898 2270855744557092 2270855798045100
2270855798045870 2270855802502840 2270855808995760 2270855860826490 2270855860826532 2270855864871748 2270855873504778 2270855925295734
2270855925297386 2270855929603170 2270855937814030 2270855990406626 2270855990406654 2270855994537368 2270856002351958 2270856056023030

2270854541276832 2270854549878768 2270854552936508 2270854605646438 2270854605646466 2270854609664410 2270854612195120 2270854663707966
2270854663709618 2270854667463410 2270854670930972 2270854722702202 2270854722702230 2270854726727230 2270854732695332 2270854786641392
2270854786642260 2270854790908410 2270854796287462 2270854850819702 2270854850819730 2270854855132458 2270854860915998 2270854918161004
2270854918162768 2270854922435988 2270854926398842 2270854983591810 2270854983591852 2270854987877266 2270854992476784 2270855049381506
2270855049382374 2270855053680766 2270855056229592 2270855113370284 2270855113370326 2270855117711880 2270855120253566 2270855174739900
2270855174740768 2270855178475198 2270855181506562 2270855238627696 2270855238627738 2270855242908406 2270855245412376 2270855302349368
2270855302350236 2270855306699252 2270855309165030 2270855366837148 2270855366837190 2270855371142008 2270855373685640 2270855430983944
2270855430984546 2270855435339638 2270855437980332 2270855495350960 2270855495351002 2270855499879918 2270855502443360 2270855559748258
2270855559750666 2270855564132890 2270855566744870 2270855624198672 2270855624198714 2270855628679456 2270855631250192 2270855689153366

2270860026040676 2270860033672370 2270860037631528 2270860089495704 2270860089495746 2270860093665744 2270860096983450 2270860148498816
2270860148499516 2270860152633604 2270860159817984 2270860211441038 2270860211441066 2270860215612632 2270860223958382 2270860274876214
2270860274876704 2270860279114882 2270860288208498 2270860339661172 2270860339661200 2270860343886428 2270860352970818 2270860405039772
2270860405041676 2270860409325704 2270860418561882 2270860470674544 2270860470674586 2270860474982064 2270860483192140 2270860534518520
2270860534519010 2270860538714810 2270860546096170 2270860597009886 2270860597009914 2270860601214730 2270860609358040 2270860660100690
2270860660101208 2270860664290974 2270860671938656 2270860723231534 2270860723231576 2270860727359294 2270860734596930 2270860785988200
2270860785989894 2270860790376906 2270860798045294 2270860849199124 2270860849199152 2270860853578940 2270860862776968 2270860913756022
2270860913756512 2270860917925572 2270860927372674 2270860979358692 2270860979358720 2270860983592978 2270860991914886 2270861042986480
2270861042988146 2270861047165718 2270861056241008 2270861107838904 2270861107838932 2270861112140292 2270861120671458 2270861172310178

2270956294877844 2270956300823126 2270956304968932 2270956359848540 2270956359848582 2270956363976440 2270956366275982 2270956422446264
2270956422447888 2270956426734506 2270956429092344 2270956486635284 2270956486635312 2270956490851524 2270956493168146 2270956550814784
2270956550816548 2270956555053970 2270956557430316 2270956615419590 2270956615419632 2270956619677368 2270956622045300 2270956680999650
2270956681001246 2270956685337900 2270956687664826 2270956745575952 2270956745575994 2270956749881078 2270956752340584 2270956808693342
2270956808695008 2270956812770296 2270956815225532 2270956871925280 2270956871925322 2270956876163094 2270956878562918 2270956934724856
2270956934725584 2270956938794712 2270956941122744 2270956996988820 2270956996988848 2270957001288290 2270957003761656 2270957061156196
2270957061157904 2270957064928972 2270957067340206 2270957125252060 2270957125252102 2270957129551208 2270957132124926 2270957189775610
2270957189776338 2270957194089724 2270957196548012 2270957254452320 2270957254452362 2270957258728914 2270957261137390 2270957318815248
2270957318816550 2270957323071122 2270957325476000 2270957383124038 2270957383124066 2270957387492626 2270957390271738 2270957448445840

2270856510673058 2270856517705538 2270856521764740 2270856574315420 2270856574315448 2270856578200966 2270856581690060 2270856633264240
2270856633264730 2270856637025998 2270856640353294 2270856691757514 2270856691757556 2270856695361926 2270856703023846 2270856754445314
2270856754446938 2270856758488584 2270856765111550 2270856816717524 2270856816717552 2270856821100350 2270856829747492 2270856882151200
2270856882152600 2270856886298980 2270856894320812 2270856946203748 2270856946203790 2270856950565714 2270856961565024 2270857013486418
2270857013487314 2270857017563722 2270857024127944 2270857075381174 2270857075381202 2270857079545880 2270857086603210 2270857137607506
2270857137609312 2270857141756014 2270857150912294 2270857202665240 2270857202665268 2270857206706018 2270857214140998 2270857265887910
2270857265889576 2270857270433710 2270857276640372 2270857328297474 2270857328297502 2270857331949542 2270857340831632 2270857391636246
2270857391638038 2270857395714600 2270857406831216 2270857459018736 2270857459018764 2270857463218204 2270857469219290 2270857521706256
2270857521707922 2270857525920032 2270857533946624 2270857585633854 2270857585633882 2270857589802242 2270857598739954 2270857649681544

2270858539180112 2270858547399834 2270858550990988 2270858603018880 2270858603019958 2270858606780792 2270858609884662 2270858661903860
2270858661904560 2270858665806976 2270858668269114 2270858720248090 2270858720248118 2270858723867454 2270858729162856 2270858782254734
2270858782256148 2270858785941312 2270858789877538 2270858841504428 2270858841504456 2270858845480078 2270858853939074 2270858906387918
2270858906389360 2270858910454498 2270858921483474 2270858972760294 2270858972760336 2270858976702652 2270858986934622 2270859038421358
2270859038421876 2270859042347140 2270859052978236 2270859104483732 2270859104483774 2270859108549570 2270859117209788 2270859168630584
2270859168632138 2270859172512700 2270859177548500 2270859229042040 2270859229042068 2270859233049652 2270859242364566 2270859294151938
2270859294153436 2270859298253770 2270859306152990 2270859357792074 2270859357792102 2270859361683822 2270859370693368 2270859422085310
2270859422086024 2270859425879072 2270859434841858 2270859486626528 2270859486626570 2270859490495148 2270859499471290 2270859550961218
2270859550962660 2270859554932836 2270859563676704 2270859615049844 2270859615049886 2270859618858334 2270859628134454 2270859679494616

2270852645760510 2270852655751358 2270852657982930 2270852709209336 2270852709209378 2270852712837912 2270852716232940 2270852767313452
2270852767315076 2270852770169004 2270852775125592 2270852826979324 2270852826979366 2270852830870526 2270852838116338 2270852889678044
2270852889678800 2270852893739752 2270852900287622 2270852951764782 2270852951766028 2270852956212890 2270852965000886 2270853017634236
2270853017634670 2270853021826452 2270853030496078 2270853082522038 2270853082522080 2270853086650484 2270853096167488 2270853147983224
2270853147984596 2270853152019270 2270853159815520 2270853211194806 2270853211194834 2270853215152242 2270853222297912 2270853273483452
2270853273485174 2270853277453180 2270853285867460 2270853337201330 2270853337201358 2270853341110522 2270853348938496 2270853399736306
2270853399737930 2270853403766724 2270853411478848 2270853463661776 2270853463661804 2270853467640828 2270853475398676 2270853525923122
2270853525923962 2270853530030638 2270853539192182 2270853590677014 2270853590677042 2270853594737364 2270853604718300 2270853657318540
2270853657320024 2270853661198738 2270853668112932 2270853719689380 2270853719689408 2270853723741596 2270853733488172 2270853785316872

2270852575998412 2270852584506016 2270852587681202 2270852639290956 2270852639290984 2270852643069360 2270852646974520 2270852698291198
2270852698292626 2270852701902274 2270852709478556 2270852762994368 2270852762994396 2270852766779604 2270852773527632 2270852824923718
2270852824924236 2270852828716654 2270852837646330 2270852889712470 2270852889712498 2270852893449588 2270852902439632 2270852954042274
2270852954043072 2270852957966852 2270852968028204 2270853020480198 2270853020480226 2270853024443808 2270853032635082 2270853084162096
2270853084163622 2270853087807444 2270853095512358 2270853146549344 2270853146549372 2270853150160546 2270853158792428 2270853210821034
2270853210821818 2270853214502040 2270853221383278 2270853273773882 2270853273773910 2270853277553630 2270853283989584 2270853336110310
2270853336112746 2270853340106974 2270853347692342 2270853400105934 2270853400105976 2270853404122828 2270853412375184 2270853463973500
2270853463974494 2270853467719158 2270853476802610 2270853528100892 2270853528100920 2270853531774562 2270853541409040 2270853592647304
2270853592648102 2270853596589942 2270853605700176 2270853658316138 2270853658316166 2270853662104370 2270853670144948 2270853721167388

2270849807524060 2270849817136796 2270849819499226 2270849871587542 2270849871587584 2270849875574588 2270849878666600 2270849931316890
2270849931318486 2270849935261922 2270849937880664 2270849990193890 2270849990193918 2270849994139258 2270849997881416 2270850050603092
2270850050604548 2270850054006478 2270850056761440 2270850108471966 2270850108471994 2270850111278546 2270850119824902 2270850170707426
2270850170708000 2270850174328904 2270850184220814 2270850236463312 2270850236463354 2270850240236046 2270850249735200 2270850301422416
2270850301423830 2270850305339518 2270850315651414 2270850367365244 2270850367365272 2270850371119092 2270850379237860 2270850430863840
2270850430865548 2270850433914622 2270850443819216 2270850495026974 2270850495027002 2270850498593880 2270850508067190 2270850559550048
2270850559550902 2270850563319688 2270850569747662 2270850621776604 2270850621776632 2270850625557542 2270850630547856 2270850681944418
2270850681944712 2270850684851392 2270850694002870 2270850745557086 2270850745557128 2270850748484206 2270850761019400 2270850812761216
2270850812762000 2270850816411282 2270850823692682 2270850875809586 2270850875809628 2270850878767618 2270850889013966 2270850940683640

2270849760067840 2270849768795594 2270849771939560 2270849824125680 2270849824125722 2270849827920870 2270849830665136 2270849882012712
2270849882013216 2270849885844022 2270849890040438 2270849944419742 2270849944419784 2270849948490130 2270849950769778 2270850002918294
2270850002919764 2270850006335288 2270850009332086 2270850061588472 2270850061588500 2270850065263066 2270850068571644 2270850120297136
2270850120298788 2270850123229870 2270850132073026 2270850183380268 2270850183380310 2270850186337740 2270850198363166 2270850249728018
2270850249728522 2270850252563634 2270850264064746 2270850316067298 2270850316067326 2270850318917614 2270850331394246 2270850382547852
2270850382549518 2270850385442366 2270850395777096 2270850447133506 2270850447133534 2270850450572788 2270850455394094 2270850506355578
2270850506356082 2270850509180106 2270850520188348 2270850571320534 2270850571320562 2270850574214082 2270850584206792 2270850636571048
2270850636571958 2270850640563134 2270850648495954 2270850699709228 2270850699709256 2270850703447200 2270850712821544 2270850764854308
2270850764854812 2270850768341512 2270850777221950 2270850829156392 2270850829157666 2270850832877956 2270850841963312 2270850893097528

2270855918859556 2270855927425288 2270855931215494 2270855983363198 2270855983363226 2270855987412082 2270855989987396 2270856042488698
2270856042490294 2270856046686178 2270856049177282 2270856101056158 2270856101056200 2270856105075544 2270856109220468 2270856160990732
2270856160992342 2270856164808924 2270856168584514 2270856219811606 2270856219811634 2270856222636484 2270856231629468 2270856282192750
2270856282193254 2270856286414954 2270856296085496 2270856347461170 2270856347461198 2270856351392384 2270856361590292 2270856413764246
2270856413765002 2270856417582578 2270856427506282 2270856479424372 2270856479424400 2270856483511000 2270856490439208 2270856542589516
2270856542591126 2270856546352982 2270856553779366 2270856605713010 2270856605713038 2270856608546148 2270856617597148 2270856669182556
2270856669183060 2270856673373722 2270856678850270 2270856730542834 2270856730542862 2270856733426918 2270856741738186 2270856793056922
2270856793057706 2270856795923296 2270856804957216 2270856856013900 2270856856013942 2270856858925060 2270856870135000 2270856923054034
2270856923054524 2270856926032842 2270856935709936 2270856987756266 2270856987756308 2270856990732148 2270856999301072 2270857051033550

2270966908747152 2270966918210578 2270966920707240 2270966972826846 2270966972826874 2270966976786088 2270966979267294 2270967031050956
2270967031052328 2270967034657860 2270967038464712 2270967089660486 2270967089660514 2270967092583154 2270967101102448 2270967152231302
2270967152231806 2270967155642416 2270967163826928 2270967215719258 2270967215719300 2270967219689560 2270967227564826 2270967279325136
2270967279326606 2270967283230380 2270967292551594 2270967345934378 2270967345934406 2270967349704074 2270967358579220 2270967410077828
2270967410078654 2270967413947960 2270967422541874 2270967475245154 2270967475245196 2270967479023964 2270967485372278 2270967537406960
2270967537407464 2270967541191832 2270967549398674 2270967601209314 2270967601209342 2270967604940958 2270967612475534 2270967663295870
2270967663297312 2270967667227252 2270967674213182 2270967725333258 2270967725333286 2270967728971494 2270967738256644 2270967789763918
2270967789764436 2270967793575110 2270967801831162 2270967854761088 2270967854761116 2270967858730410 2270967866833876 2270967919727668
2270967919729208 2270967923689052 2270967931016302 2270967984166084 2270967984166112 2270967987937908 2270967996610194 2270968048800514

2270851103945074 2270851111050116 2270851115223180 2270851169600384 2270851169600412 2270851173535112 2270851175814844 2270851228470972
2270851228471728 2270851232368138 2270851234628452 2270851287825932 2270851287825974 2270851291814322 2270851295105008 2270851346154552
2270851346156176 2270851349937100 2270851359249284 2270851410804270 2270851410804312 2270851414952428 2270851422486654 2270851474277246
2270851474278870 2270851478320936 2270851487581348 2270851539779788 2270851539779816 2270851543693026 2270851554553246 2270851605658594
2270851605659084 2270851609812982 2270851618041580 2270851670070228 2270851670070256 2270851674281848 2270851680874308 2270851734970756
2270851734971526 2270851739193520 2270851744788984 2270851799248410 2270851799248452 2270851803294242 2270851807467614 2270851861091072
2270851861091688 2270851865256828 2270851869844992 2270851921942044 2270851921942072 2270851925913578 2270851934035174 2270851985409280
2270851985409700 2270851989490700 2270851999775352 2270852052000966 2270852052000994 2270852056182192 2270852062484614 2270852113602758
2270852113603584 2270852117996434 2270852127061378 2270852180369878 2270852180369906 2270852184681682 2270852192065114 2270852244922366

2270848421133572 2270848429008222 2270848433346780 2270848484944550 2270848484944578 2270848488615504 2270848492794210 2270848543800928
2270848543801418 2270848547742404 2270848550999980 2270848603072882 2270848603072924 2270848607067306 2270848611161690 2270848663233486
2270848663234242 2270848667080462 2270848671742364 2270848723501792 2270848723501820 2270848727109550 2270848735790544 2270848786937710
2270848786939306 2270848790844480 2270848803495062 2270848854803158 2270848854803186 2270848858666836 2270848868707048 2270848920334596
2270848920335366 2270848924132964 2270848935115502 2270848987312668 2270848987312696 2270848991440526 2270848999385162 2270849051347436
2270849051348850 2270849055607916 2270849059556462 2270849111714316 2270849111714344 2270849115687936 2270849124262516 2270849175006706
2270849175007518 2270849179369302 2270849188134296 2270849239664012 2270849239664040 2270849243962348 2270849252686196 2270849304185700
2270849304186470 2270849308053046 2270849316893206 2270849368421200 2270849368421228 2270849372365504 2270849381355716 2270849432967038
2270849432967822 2270849437261650 2270849445656498 2270849497108738 2270849497108780 2270849501233796 2270849510156584 2270849561705102

2270849098426020 2270849107692704 2270849110129362 2270849162236942 2270849162236984 2270849166086452 2270849169164562 2270849221079726
2270849221080496 2270849225096746 2270849227970512 2270849280213052 2270849280213080 2270849283790080 2270849289482914 2270849341384792
2270849341386514 2270849345118480 2270849353800426 2270849406207144 2270849406207172 2270849410022830 2270849417646292 2270849468164158
2270849468164928 2270849472346420 2270849483022316 2270849534486722 2270849534486750 2270849538474552 2270849548710540 2270849602012936
2270849602014756 2270849605990784 2270849612515862 2270849664524686 2270849664524728 2270849668613260 2270849675302432 2270849728194684
2270849728195482 2270849732370828 2270849739315710 2270849791870926 2270849791870968 2270849796139022 2270849801863160 2270849853192872
2270849853194524 2270849857522386 2270849863942408 2270849914986618 2270849914986646 2270849918804278 2270849927205958 2270849979570998
2270849979572888 2270849983511228 2270849991525444 2270850042409200 2270850042409228 2270850046326932 2270850057076664 2270850110071718
2270850110073174 2270850114118992 2270850121044218 2270850173142852 2270850173142880 2270850177073366 2270850186096954 2270850238053530

2270853698626268 2270853706884196 2270853710063316 2270853761854496 2270853761854524 2270853765698070 2270853770167276 2270853821088958
2270853821090372 2270853824867586 2270853832199176 2270853883521132 2270853883521174 2270853887744190 2270853896336200 2270853948330618
2270853948331122 2270853952412052 2270853960398380 2270854011425342 2270854011425370 2270854015432478 2270854025137278 2270854076333892
2270854076335306 2270854080470500 2270854090764700 2270854142264120 2270854142264148 2270854146184946 2270854155317272 2270854207231862
2270854207233304 2270854211146206 2270854218262910 2270854269775560 2270854269775588 2270854273923396 2270854281534818 2270854333968066
2270854333969508 2270854337894870 2270854344119032 2270854396220130 2270854396220172 2270854400430392 2270854406764468 2270854457517086
2270854457517800 2270854462006620 2270854470410596 2270854521648930 2270854521648958 2270854525629564 2270854535049954 2270854586032732
2270854586033208 2270854589885714 2270854599558678 2270854651519454 2270854651519482 2270854655474790 2270854664134462 2270854715690414
2270854715691954 2270854719609140 2270854728442048 2270854780791842 2270854780791870 2270854784718394 2270854792884188 2270854844212402
