16 1270
2270893308614924 2270893333900352 2270893348064348 2270893400310192 2270893400310234 2270893420359046 2270893444079246 2270893495656590
2270893495657570 2270893518241068 2270893542426012 2270893594366026 2270893594366054 2270893616828746 2270893641538116 2270893693456122
2270893693457760 2270893715348706 2270893739246888 2270893790763542 2270893790763570 2270893813315092 2270893838008880 2270893893834762
2270893893836470 2270893916945164 2270893937285148 2270893992643668 2270893992643696 2270894015453350 2270894033923592 2270894085950546
2270894085951358 2270894108180306 2270894131280446 2270894183704496 2270894183704524 2270894206616042 2270894230069598 2270894281796546
2270894281797078 2270894303515782 2270894327364684 2270894380299146 2270894380300392 2270894402420798 2270894425953664 2270894477876108
2270894477877130 2270894499984642 2270894524163468 2270894576142304 2270894576142346 2270894598236838 2270894622891510 2270894674400702
2270894674401220 2270894696466172 2270894721634462 2270894772866286 2270894772866328 2270894794986846 2270894820317928 2270894872082214
2270894872083040 2270894894551878 2270894920364658 2270894972013374 2270894972013416 2270894993935246 2270895020113538 2270895071281396

2270892942252200 2270892963239390 2270892984452694 2270893042032706 2270893042032734 2270893066114260 2270893082390492 2270893140269768
2270893140270300 2270893164231510 2270893181348862 2270893239177178 2270893239177220 2270893263662730 2270893280153652 2270893337245358
2270893337246450 2270893361470006 2270893378210674 2270893435715310 2270893435715352 2270893460181528 2270893477215034 2270893534080976
2270893534082684 2270893560666948 2270893574110168 2270893631409242 2270893631409284 2270893655321886 2270893671843972 2270893729015618
2270893729016136 2270893753210810 2270893770505808 2270893827598592 2270893827598634 2270893851828014 2270893868565798 2270893925936076
2270893925937756 2270893950103478 2270893966381166 2270894023921530 2270894023921572 2270894047911020 2270894065169184 2270894122010136
2270894122010696 2270894146147102 2270894163530020 2270894220566104 2270894220566132 2270894247341608 2270894261789566 2270894319506694
2270894319508444 2270894343714570 2270894360267288 2270894418292598 2270894418292640 2270894442333748 2270894459378146 2270894517195864
2270894517196382 2270894542155106 2270894558604308 2270894617622778 2270894617622806 2270894642150470 2270894659514544 2270894716778380

2270898426987624 2270898456057420 2270898472581984 2270898524195028 2270898524196246 2270898546919534 2270898564099074 2270898614737984
2270898614738698 2270898637325640 2270898662248132 2270898713631618 2270898713631646 2270898736474634 2270898761338354 2270898814443126
2270898814444750 2270898836778866 2270898858925312 2270898910104720 2270898910104748 2270898932322412 2270898958141674 2270899010194150
2270899010194850 2270899033181884 2270899057015764 2270899108409708 2270899108409736 2270899130715754 2270899153937680 2270899204863156
2270899204863884 2270899227178008 2270899251723914 2270899303399202 2270899303399230 2270899325785104 2270899350430648 2270899401207948
2270899401209600 2270899423517312 2270899448644778 2270899500092230 2270899500092272 2270899522760134 2270899545611172 2270899596984872
2270899596986510 2270899619850652 2270899644143802 2270899695829870 2270899695829898 2270899718558954 2270899743249116 2270899794514792
2270899794515506 2270899817313554 2270899842140440 2270899894129496 2270899894129524 2270899916535334 2270899940254652 2270899992241972
2270899992243596 2270900014509392 2270900040759588 2270900092475882 2270900092475924 2270900114982730 2270900140987730 2270900191862232

2270994695740960 2270994720867502 2270994737344018 2270994792960404 2270994792960432 2270994812873696 2270994829547388 2270994886585096
2270994886586734 2270994907278650 2270994922978138 2270994981051552 2270994981051594 2270995002853024 2270995017004266 2270995074869794
2270995074870340 2270995096538196 2270995115661566 2270995172629806 2270995172629834 2270995195013692 2270995211027466 2270995268091746
2270995268093412 2270995289957534 2270995312850180 2270995370825062 2270995370825090 2270995393094666 2270995410280968 2270995467041406
2270995467042848 2270995488723486 2270995505930256 2270995563412996 2270995563413024 2270995585431888 2270995604493266 2270995661423496
2270995661424028 2270995684254234 2270995701816058 2270995759360230 2270995759360272 2270995778450910 2270995801362008 2270995858339334
2270995858340958 2270995881251090 2270995898657962 2270995956653172 2270995956653214 2270995978929286 2270995997358746 2270996055266960
2270996055267506 2270996077911288 2270996095689426 2270996153731186 2270996153731214 2270996176105874 2270996195191178 2270996253474606
2270996253476160 2270996276273900 2270996293197996 2270996350770518 2270996350770546 2270996372992228 2270996393820546 2270996450933812

2270894911623464 2270894941028350 2270894957818242 2270895009592412 2270895009592440 2270895032991746 2270895049197096 2270895100738964
2270895100739272 2270895123466424 2270895138606220 2270895192297746 2270895192297774 2270895215636418 2270895232099592 2270895283478066
2270895283479522 2270895304014680 2270895328510228 2270895379053084 2270895379053112 2270895401974906 2270895427424834 2270895479110216
2270895479110720 2270895502191302 2270895526111688 2270895578408954 2270895578409290 2270895601000306 2270895625952968 2270895677316000
2270895677316714 2270895701152470 2270895721624488 2270895773369804 2270895773369832 2270895796005242 2270895818932426 2270895870928440
2270895870929910 2270895893477246 2270895916602572 2270895968123888 2270895968123916 2270895990750296 2270896014852556 2270896066585328
2270896066585818 2270896089857346 2270896112149924 2270896164816552 2270896164816594 2270896187559314 2270896215367542 2270896266461732
2270896266462446 2270896285679182 2270896312556928 2270896365296678 2270896365296706 2270896391923964 2270896410151180 2270896461900304
2270896461900808 2270896485664030 2270896508730402 2270896561025960 2270896561025988 2270896584579350 2270896607662214 2270896658976778

2270896940195996 2270896967134124 2270896987066680 2270897039003712 2270897039003740 2270897062096978 2270897077708014 2270897129475198
2270897129475688 2270897150747148 2270897175265726 2270897226559220 2270897226559248 2270897249914944 2270897273336300 2270897325258254
2270897325259892 2270897348618738 2270897371594376 2270897423646586 2270897423646614 2270897446264944 2270897470072770 2270897522459874
2270897522461512 2270897545846776 2270897568558640 2270897620569228 2270897620569256 2270897642863416 2270897665640632 2270897716864280
2270897716864756 2270897741297500 2270897763463672 2270897815819906 2270897815819948 2270897839172746 2270897862576448 2270897914425014
2270897914426904 2270897937442260 2270897960538648 2270898011835474 2270898011835516 2270898033761308 2270898058032730 2270898109022116
2270898109022606 2270898132860910 2270898156547244 2270898210982982 2270898210983010 2270898235435928 2270898256016068 2270898308996716
2270898308999208 2270898332842888 2270898354264106 2270898406262444 2270898406262472 2270898428461782 2270898453005812 2270898505043952
2270898505044246 2270898528714830 2270898552906424 2270898604311512 2270898604311540 2270898627676868 2270898651826294 2270898703269938

2270891046631620 2270891069642048 2270891089273646 2270891141522794 2270891141522822 2270891163294656 2270891180496554 2270891231871220
2270891231872844 2270891254104662 2270891271012224 2270891322795382 2270891322795424 2270891344365378 2270891365763622 2270891416967908
2270891416969532 2270891440518904 2270891467754196 2270891518920444 2270891518920472 2270891542797178 2270891563188640 2270891614228748
2270891614230190 2270891637718508 2270891662072306 2270891713774866 2270891713774894 2270891737264220 2270891761677812 2270891812752052
2270891812752654 2270891836339238 2270891857027066 2270891908365220 2270891908365248 2270891932434230 2270891955792222 2270892007626144
2270892007627866 2270892031363508 2270892053699444 2270892105648544 2270892105648572 2270892129131612 2270892151504620 2270892203062448
2270892203064184 2270892227467220 2270892249304448 2270892301223042 2270892301223070 2270892325566284 2270892350974422 2270892401551886
2270892401552656 2270892425525682 2270892448739194 2270892499900962 2270892499901004 2270892524170788 2270892545530210 2270892597496502
2270892597496992 2270892621051180 2270892644659044 2270892696266474 2270892696266502 2270892720343786 2270892744082088 2270892795359916

2270890976913048 2270891005073292 2270891019900930 2270891073508330 2270891073508358 2270891093398438 2270891110345494 2270891162006292
2270891162006796 2270891182379246 2270891201356148 2270891252681436 2270891252681478 2270891272899676 2270891291937156 2270891344878422
2270891344879892 2270891364766164 2270891384670244 2270891436816982 2270891436817024 2270891456600298 2270891484263696 2270891535650640
2270891535651144 2270891555576924 2270891575148182 2270891626801910 2270891626801938 2270891646467318 2270891680334676 2270891731379194
2270891731379908 2270891751351314 2270891777987070 2270891830794076 2270891830794104 2270891851371374 2270891872116966 2270891924242886
2270891924244314 2270891944156934 2270891972459698 2270892023568434 2270892023568476 2270892043028910 2270892068220636 2270892119738984
2270892119739460 2270892139616982 2270892168431614 2270892222724538 2270892222724566 2270892242903578 2270892268442070 2270892322376090
2270892322377518 2270892343272910 2270892367843218 2270892420430018 2270892420430046 2270892441232408 2270892465551206 2270892517813066
2270892517813542 2270892538552484 2270892564235386 2270892616376272 2270892616376300 2270892637207838 2270892660651804 2270892711953124

2270888208480948 2270888229295322 2270888254751704 2270888307008398 2270888307008426 2270888330205586 2270888345305454 2270888397037050
2270888397037862 2270888419697422 2270888436728632 2270888488567160 2270888488567188 2270888511265262 2270888528879880 2270888581145590
2270888581147228 2270888603088630 2270888619311228 2270888670678166 2270888670678208 2270888686144526 2270888709695438 2270888761637622
2270888761640072 2270888777453632 2270888809419566 2270888860890342 2270888860890370 2270888881967748 2270888907047880 2270888958957808
2270888958959488 2270888980060680 2270889010608232 2270889061704970 2270889061704998 2270889083406342 2270889108535488 2270889161068878
2270889161069410 2270889185241894 2270889203215878 2270889254644864 2270889254644906 2270889276215784 2270889300138102 2270889352110232
2270889352112178 2270889369728042 2270889400106320 2270889452794144 2270889452794186 2270889474163100 2270889497470188 2270889548994136
2270889548995564 2270889571020742 2270889596023356 2270889647279526 2270889647279568 2270889669168736 2270889695426618 2270889746612872
2270889746613712 2270889768509600 2270889793920552 2270889846276086 2270889846276114 2270889867557920 2270889891772978 2270889943658910

2270888161009482 2270888186566314 2270888203052196 2270888254907818 2270888254907846 2270888274891054 2270888298637980 2270888350600352
2270888350600842 2270888373055134 2270888388813632 2270888441363934 2270888441363976 2270888461538242 2270888484302550 2270888536059906
2270888536061558 2270888557101402 2270888581033716 2270888632711888 2270888632711916 2270888654726944 2270888679050138 2270888729955860
2270888729956378 2270888751933648 2270888777321906 2270888829095460 2270888829095488 2270888851217532 2270888876061946 2270888928098980
2270888928099750 2270888950038212 2270888972841202 2270889024148696 2270889024148724 2270889043535140 2270889070630152 2270889122764500
2270889122764990 2270889144399302 2270889170157916 2270889221717732 2270889221717760 2270889243645820 2270889270719314 2270889321625232
2270889321625722 2270889344221134 2270889365638502 2270889418433622 2270889418433650 2270889440563968 2270889464540746 2270889516293356
2270889516295176 2270889538196622 2270889564591354 2270889615809850 2270889615809878 2270889637893324 2270889662279350 2270889713760108
2270889713760598 2270889736125108 2270889758642288 2270889811790418 2270889811790446 2270889834286388 2270889859598542 2270889911359860

2270894319773184 2270894349473540 2270894365043528 2270894417224566 2270894417224594 2270894440419724 2270894455863544 2270894507667366
2270894507668066 2270894530374862 2270894546706828 2270894599496698 2270894599496726 2270894622947594 2270894638130594 2270894690052142
2270894690052632 2270894712658586 2270894727045770 2270894778749212 2270894778749240 2270894793847358 2270894828319768 2270894880380014
2270894880382604 2270894899581770 2270894925029136 2270894976839482 2270894976839524 2270894992379566 2270895024681346 2270895076749138
2270895076750734 2270895095191366 2270895124711248 2270895176762450 2270895176762478 2270895198282032 2270895214902524 2270895265868810
2270895265869300 2270895284985572 2270895313168818 2270895365018126 2270895365018168 2270895384477104 2270895417794878 2270895469368386
2270895469370080 2270895487997738 2270895513031474 2270895565381996 2270895565382024 2270895584357302 2270895613924924 2270895665492104
2270895665492580 2270895684512210 2270895706304610 2270895758783484 2270895758783512 2270895778180330 2270895804846270 2270895857402718
2270895857404146 2270895876052972 2270895911126654 2270895963090874 2270895963090916 2270895982142032 2270896010624024 2270896062470000

2271005309692966 2271005334006304 2271005356424588 2271005407648418 2271005407648460 2271005430232714 2271005445071468 2271005497163004
2271005497163746 2271005517085718 2271005539827906 2271005592229486 2271005592229514 2271005615212656 2271005630176444 2271005682547742
2271005682548246 2271005704900576 2271005720980836 2271005772841568 2271005772841596 2271005793077672 2271005810072342 2271005862457850
2271005862458578 2271005876288268 2271005902283258 2271005953436962 2271005953436990 2271005973366494 2271005992372726 2271006043315800
2271006043316318 2271006057143782 2271006095385958 2271006146664108 2271006146664136 2271006160821790 2271006197681984 2271006248789628
2271006248791098 2271006263332352 2271006293212286 2271006347388758 2271006347388786 2271006368425522 2271006389853642 2271006442536748
2271006442537322 2271006456701766 2271006489247132 2271006541545742 2271006541545770 2271006555581008 2271006587314780 2271006639451354
2271006639452824 2271006653469568 2271006684525586 2271006736258596 2271006736258624 2271006754302006 2271006782728362 2271006834070184
2271006834071696 2271006848375132 2271006879541876 2271006931775988 2271006931776016 2271006946480720 2271006981383322 2271007034004898

2270889504851478 2270889532412018 2270889546756726 2270889598320742 2270889598320770 2270889618814992 2270889636366106 2270889688003958
2270889688005624 2270889709082274 2270889730155326 2270889783185240 2270889783185268 2270889803570752 2270889823747146 2270889876602900
2270889876604580 2270889891599532 2270889922994042 2270889974807734 2270889974807762 2270889995808154 2270890018045264 2270890069542500
2270890069543214 2270890089787704 2270890119848784 2270890171465706 2270890171465734 2270890190278752 2270890218965438 2270890270024880
2270890270025384 2270890292647872 2270890314168546 2270890366452470 2270890366452512 2270890390366850 2270890412907144 2270890464306548
2270890464307234 2270890484862636 2270890511180494 2270890565148548 2270890565148576 2270890589688966 2270890613537630 2270890664429338
2270890664430990 2270890686980146 2270890706875042 2270890758462634 2270890758462662 2270890778698794 2270890805306242 2270890857851434
2270890857853100 2270890880282178 2270890904395694 2270890956350072 2270890956350100 2270890979205240 2270891003537114 2270891055289486
2270891055290186 2270891077561330 2270891100434740 2270891152531736 2270891152531778 2270891175328790 2270891201152742 2270891254678088

2270886822033858 2270886844478742 2270886862603856 2270886915028522 2270886915028550 2270886935970352 2270886956269890 2270887008508034
2270887008508538 2270887029470738 2270887054345294 2270887105921994 2270887105922036 2270887129419258 2270887154933838 2270887206418908
2270887206420462 2270887229786070 2270887252351536 2270887303837684 2270887303837726 2270887326994566 2270887351618256 2270887402810810
2270887402811678 2270887426186386 2270887447664850 2270887499927466 2270887499927494 2270887523172016 2270887546903990 2270887597824818
2270887597825616 2270887621399558 2270887644696510 2270887695968878 2270887695968906 2270887719356662 2270887743301044 2270887794858018
2270887794858802 2270887819132576 2270887841651478 2270887895508344 2270887895508386 2270887920066136 2270887939553492 2270887990986860
2270887990988652 2270888013699956 2270888036916380 2270888089566124 2270888089566152 2270888113079166 2270888136533198 2270888188501366
2270888188503046 2270888212411728 2270888234608196 2270888286778076 2270888286778104 2270888311147638 2270888333617232 2270888385538738
2270888385540446 2270888408615876 2270888433515464 2270888485352312 2270888485352354 2270888508844228 2270888533590908 2270888584919430

2270887499224176 2270887524929408 2270887543348564 2270887595949994 2270887595950022 2270887615546830 2270887634645910 2270887686962916
2270887686963364 2270887707008634 2270887725175958 2270887777704224 2270887777704252 2270887799656434 2270887819631060 2270887871406196
2270887871407876 2270887893456042 2270887919157032 2270887971291884 2270887971291912 2270887995088944 2270888015544946 2270888067111608
2270888067112196 2270888090400328 2270888115920508 2270888167688098 2270888167688140 2270888190926866 2270888213516398 2270888266010350
2270888266011120 2270888290637722 2270888310525674 2270888362327116 2270888362327158 2270888388154554 2270888408089028 2270888462360756
2270888462362212 2270888483806054 2270888508336392 2270888560159646 2270888560159674 2270888583958414 2270888609287018 2270888661300238
2270888661301022 2270888685483894 2270888703159720 2270888754730834 2270888754730876 2270888778926684 2270888802117614 2270888854980844
2270888854981628 2270888879853874 2270888901610686 2270888953409496 2270888953409524 2270888978441664 2270889000153424 2270889051188212
2270889051188716 2270889077028278 2270889097716680 2270889151238148 2270889151238176 2270889176049704 2270889198573730 2270889249877682

2270892099576310 2270892125920320 2270892143515786 2270892195217366 2270892195217408 2270892217379940 2270892235126662 2270892286113612
2270892286114368 2270892306842208 2270892326395126 2270892378322176 2270892378322204 2270892400109620 2270892423511166 2270892476287876
2270892476289542 2270892499195530 2270892515828874 2270892567324388 2270892567324416 2270892590525958 2270892607988536 2270892660805776
2270892660807610 2270892681950746 2270892699945170 2270892752571982 2270892752572010 2270892773912882 2270892804209904 2270892854806436
2270892854806744 2270892876143080 2270892900761716 2270892951878166 2270892951878208 2270892973248648 2270892998064040 2270893050128878
2270893050130572 2270893072014588 2270893095248862 2270893146335016 2270893146335044 2270893167508028 2270893193612708 2270893244996852
2270893244997608 2270893266103238 2270893295715142 2270893347028292 2270893347028320 2270893368369948 2270893390251136 2270893443328272
2270893443330120 2270893464677432 2270893490547584 2270893542058834 2270893542058876 2270893563833314 2270893588212788 2270893639221900
2270893639222656 2270893660590394 2270893686838014 2270893738168580 2270893738169896 2270893759682618 2270893786117950 2270893837637012
