16 84
2270719086660836 2270719090124338 2270719091525822 2270719097272346 2270719090124380 2270719090231396 2270719097562454 2270719103202732
2270719097272374 2270719097451112 2270719103507470 2270719109161860 2270719103204202 2270719103382968 2270719109449112 2270719115109704
2270719109161888 2270719109339212 2270719115368326 2270719121113198 2270719115112266 2270719115285138 2270719121467398 2270719127116944
2270719121114374 2270719121343386 2270719127395950 2270719133386816 2270719127119254 2270719127290544 2270719133683518 2270719139704610
2270719133386844 2270719133569698 2270719140016754 2270719145984744 2270719139707158 2270719139888906 2270719146262014 2270719152292290
2270719145984772 2270719146163902 2270719152569784 2270719158541554 2270719152294614 2270719152470146 2270719158821624 2270719164845726
2270719158541582 2270719158718808 2270719165125628 2270719171114800 2270719164846636 2270719165026788 2270719171382648 2270719177159622
2270719171114828 2270719171284060 2270719177426546 2270719183136320 2270719177162100 2270719177331640 2270719183406632 2270719189050536
2270719183137608 2270719183309808 2270719189324068 2270719195182984 2270719189051894 2270719189226656 2270719195229450 2270719200942178

2270718720057046 2270718723769384 2270718724606304 2270718730263760 2270718723769412 2270718723876918 2270718730469378 2270718736120786
2270718730263788 2270718730444010 2270718736402830 2270718742054742 2270718736123418 2270718736299566 2270718742459622 2270718748206384
2270718742056156 2270718742285854 2270718748455752 2270718754090892 2270718748208162 2270718748384800 2270718754363990 2270718760126740
2270718754090920 2270718754263596 2270718760403044 2270718766223124 2270718760129554 2270718760301824 2270718766495088 2270718772153314
2270718766223152 2270718766398208 2270718772434364 2270718778173664 2270718772155848 2270718772334474 2270718778444018 2270718784089476
2270718778173692 2270718778346634 2270718784437138 2270718790128152 2270718784092010 2270718784337388 2270718790457530 2270718796206994
2270718790128180 2270718790310922 2270718796486910 2270718802169510 2270718796209542 2270718796384052 2270718802506448 2270718808187900
2270718802169538 2270718802344398 2270718808506120 2270718814255780 2270718808190112 2270718808402296 2270718814534814 2270718820391126
2270718814255808 2270718814434014 2270718820780326 2270718826552022 2270718820393646 2270718820676446 2270718826687472 2270718832521048

2270724204466858 2270724208487924 2270724209725468 2270724215368588 2270724208487952 2270724208694732 2270724215696062 2270724221593086
2270724215368616 2270724215546682 2270724221916738 2270724227791138 2270724221594598 2270724221772244 2270724228065510 2270724233861986
2270724227792132 2270724227966684 2270724234096836 2270724239769412 2270724233863400 2270724234039534 2270724240088234 2270724245838566
2270724239769440 2270724239946204 2270724246111580 2270724251939136 2270724245840890 2270724246013034 2270724252216182 2270724258010628
2270724251939164 2270724252116474 2270724258284216 2270724264061904 2270724258013120 2270724258189786 2270724264339230 2270724270026562
2270724264061932 2270724264234790 2270724270342080 2270724276007362 2270724270028998 2270724270244444 2270724276277478 2270724281950558
2270724276007390 2270724276178974 2270724282221458 2270724287910666 2270724281952896 2270724282124200 2270724288187334 2270724294075538
2270724287910694 2270724288083538 2270724294350148 2270724300104834 2270724294077554 2270724294250720 2270724300377428 2270724306043368
2270724300105884 2270724300278308 2270724306324558 2270724312023678 2270724306045706 2270724306223996 2270724312096254 2270724317759604

2270820473820780 2270820478526838 2270820478784536 2270820484451484 2270820478526866 2270820478635282 2270820484677794 2270820490323952
2270820484451512 2270820484629830 2270820490668128 2270820496309624 2270820490326514 2270820490504846 2270820496585186 2270820502329582
2270820496310814 2270820496486332 2270820502657896 2270820508419064 2270820502332284 2270820502552784 2270820508694780 2270820514340070
2270820508419092 2270820508596402 2270820514643506 2270820520303076 2270820514367272 2270820514541978 2270820520573346 2270820526331784
2270820520303104 2270820520480190 2270820526611084 2270820532259972 2270820526334556 2270820526513014 2270820532598534 2270820538251272
2270820532260000 2270820532434090 2270820538522928 2270820544261556 2270820538252742 2270820538426258 2270820544530580 2270820550187126
2270820544261584 2270820544436066 2270820550464172 2270820556274872 2270820550188582 2270820550364856 2270820556546836 2270820562183124
2270820556276006 2270820556449760 2270820562457524 2270820568303224 2270820562184874 2270820562360630 2270820568578058 2270820574229858
2270820568303252 2270820568480618 2270820574619156 2270820580500248 2270820574232378 2270820574516606 2270820580622860 2270820586274072

2270720689230196 2270720693077438 2270720693799684 2270720699569154 2270720693077466 2270720693183418 2270720699785174 2270720705429526
2270720699570330 2270720699745442 2270720705700454 2270720711348558 2270720705431766 2270720705600928 2270720711668178 2270720717423326
2270720711348586 2270720711570724 2270720717758248 2270720723533934 2270720717426098 2270720717605606 2270720723805954 2270720729561396
2270720723535152 2270720723706708 2270720729834648 2270720735478874 2270720729563916 2270720729735304 2270720735747814 2270720741436154
2270720735478902 2270720735652208 2270720741710288 2270720747359372 2270720741437722 2270720741611210 2270720747632876 2270720753272664
2270720747359400 2270720747533168 2270720753544852 2270720759215986 2270720753275184 2270720753447622 2270720759487852 2270720765163326
2270720759216014 2270720759388844 2270720765442220 2270720771198306 2270720765164992 2270720765344780 2270720771469094 2270720777116204
2270720771199468 2270720771370660 2270720777388350 2270720783129274 2270720777118696 2270720777291372 2270720783466940 2270720789102122
2270720783129302 2270720783366560 2270720789377222 2270720795212926 2270720789102864 2270720789277220 2270720795326242 2270720801178872

2270722717652858 2270722722024246 2270722722295608 2270722728280468 2270722722024274 2270722722142196 2270722728519434 2270722734537292
2270722728280496 2270722728465968 2270722734855610 2270722740881756 2270722734538888 2270722734716156 2270722741171332 2270722747195280
2270722740882960 2270722741066108 2270722747432986 2270722753423516 2270722747196988 2270722747378680 2270722753746132 2270722759771592
2270722753423544 2270722753605348 2270722760054756 2270722766028290 2270722759774028 2270722759956266 2270722766310712 2270722772337754
2270722766028318 2270722766208932 2270722772621170 2270722778588740 2270722772339980 2270722772519852 2270722778878330 2270722784904448
2270722778588768 2270722778770124 2270722785185344 2270722791182636 2270722784906926 2270722785083592 2270722791465562 2270722797487186
2270722791182664 2270722791365266 2270722797770196 2270722803756834 2270722797488698 2270722797670628 2270722804038066 2270722810065444
2270722803756862 2270722803937322 2270722810350666 2270722816320476 2270722810066956 2270722810251000 2270722816601708 2270722822620126
2270722816320518 2270722816500418 2270722822901512 2270722828832346 2270722822622660 2270722822799620 2270722828884216 2270722834463188

2270716824473104 2270716828319926 2270716829080266 2270716834736168 2270716828319954 2270716828427376 2270716834939168 2270716840588266
2270716834736196 2270716834913520 2270716840868462 2270716846610674 2270716840590884 2270716840765506 2270716846934942 2270716852703460
2270716846611864 2270716846833498 2270716853028512 2270716858667628 2270716852705910 2270716852941796 2270716858936470 2270716864709090
2270716858667656 2270716858840052 2270716864984736 2270716870648604 2270716864711806 2270716864883614 2270716870984254 2270716876621200
2270716870648632 2270716870825018 2270716876944432 2270716882689584 2270716876622824 2270716876843898 2270716882963774 2270716889054334
2270716882689612 2270716882863884 2270716889392168 2270716895028862 2270716889056868 2270716889284844 2270716895388032 2270716901126562
2270716895028890 2270716895280512 2270716901406940 2270716907081070 2270716901129166 2270716901304796 2270716907443880 2270716913280270
2270716907081098 2270716907317082 2270716913569118 2270716919217138 2270716913281222 2270716913457804 2270716919501814 2270716925159802
2270716919217166 2270716919392250 2270716925518426 2270716931250558 2270716925162392 2270716925342432 2270716931488292 2270716937135290

2270716754732580 2270716758856714 2270716759649044 2270716765293102 2270716758856756 2270716758964794 2270716765519482 2270716771167208
2270716765293130 2270716765469768 2270716771484966 2270716777130732 2270716771168748 2270716771345288 2270716777403732 2270716783172348
2270716777131922 2270716777306334 2270716783470898 2270716789212214 2270716783175078 2270716783412420 2270716789523714 2270716795182388
2270716789213320 2270716789385030 2270716795456536 2270716801123204 2270716795185104 2270716795359096 2270716801392396 2270716807271934
2270716801123232 2270716801298946 2270716807590980 2270716813337238 2270716807273460 2270716807494576 2270716813607592 2270716819256004
2270716813337266 2270716813510026 2270716819594860 2270716825284894 2270716819258636 2270716819428204 2270716825543894 2270716831187378
2270716825284922 2270716825460258 2270716831470542 2270716837133780 2270716831189982 2270716831360782 2270716837421130 2270716843071698
2270716837133808 2270716837309648 2270716843360280 2270716849137646 2270716843074288 2270716843249330 2270716849418304 2270716855060668
2270716849137674 2270716849310630 2270716855352554 2270716861080248 2270716855063090 2270716855242094 2270716861181496 2270716866842578

2270713986249632 2270713990530594 2270713990887244 2270713996553982 2270713990530622 2270713990643742 2270713996781664 2270714002460358
2270713996555130 2270713996735394 2270714002770346 2270714008559374 2270714002462962 2270714002641000 2270714008886372 2270714014662422
2270714008559402 2270714008797836 2270714014993676 2270714020663410 2270714014664886 2270714014890552 2270714020934100 2270714026603050
2270714020663438 2270714020839292 2270714026950726 2270714032626116 2270714026605528 2270714026847826 2270714032897492 2270714038563852
2270714032626144 2270714032802796 2270714038847702 2270714044523652 2270714038566218 2270714038747196 2270714044798878 2270714050722698
2270714044523680 2270714044699114 2270714051002726 2270714056662506 2270714050724070 2270714050899084 2270714056937060 2270714062684914
2270714056662534 2270714056838178 2270714063013606 2270714068716366 2270714062687476 2270714062870610 2270714068989548 2270714074704096
2270714068716394 2270714068888622 2270714074982024 2270714080642126 2270714074706504 2270714074882232 2270714080916876 2270714086596886
2270714080643120 2270714080819240 2270714086944422 2270714092709342 2270714086599280 2270714086775274 2270714092828930 2270714098492336

2270713939014696 2270713943134924 2270713943563002 2270713949206514 2270713943134952 2270713943245174 2270713949410172 2270713955226444
2270713949206542 2270713949385070 2270713955567148 2270713961216974 2270713955229132 2270713955398854 2270713961539758 2270713967402594
2270713961218262 2270713961438608 2270713967674306 2270713973343942 2270713967405142 2270713967581332 2270713973681174 2270713979490362
2270713973343984 2270713973519754 2270713979815442 2270713985565984 2270713979493302 2270713979715930 2270713985838396 2270713991521374
2270713985566012 2270713985742958 2270713991894656 2270713997645058 2270713991523978 2270713991704886 2270713997931834 2270714003593546
2270713997645086 2270713997819218 2270714003879874 2270714009737474 2270714003596052 2270714003768364 2270714010058200 2270714015706136
2270714009737502 2270714009972842 2270714016007038 2270714021772154 2270714015708068 2270714015881458 2270714022056522 2270714027816332
2270714021772182 2270714021944032 2270714028167088 2270714033810656 2270714027818040 2270714027994132 2270714034094450 2270714039786864
2270714033810684 2270714033983276 2270714040120498 2270714045776876 2270714039789300 2270714039968430 2270714045892124 2270714051656246

2270720097401238 2270720100421976 2270720102669018 2270720108617226 2270720100422004 2270720100532940 2270720108854540 2270720114831350
2270720108617254 2270720108801788 2270720115223812 2270720121206068 2270720114834052 2270720115013294 2270720121488140 2270720127559296
2270720121207286 2270720121386780 2270720127901666 2270720133885154 2270720127561816 2270720127813746 2270720134192258 2270720140199056
2270720133885182 2270720134063990 2270720140534118 2270720146514680 2270720140201590 2270720140436454 2270720146794834 2270720152795178
2270720146514708 2270720146693026 2270720153125130 2270720159102150 2270720152797712 2270720153025254 2270720159382486 2270720165528906
2270720159103480 2270720159280006 2270720165815080 2270720171781236 2270720165530222 2270720165714770 2270720172060690 2270720178096496
2270720171782356 2270720171960310 2270720178377196 2270720184345466 2270720178098162 2270720178276760 2270720184628924 2270720190650212
2270720184345494 2270720184522790 2270720190926292 2270720196898566 2270720190651724 2270720190829272 2270720197178874 2270720203269434
2270720196898594 2270720197078886 2270720203539242 2270720209519650 2270720203271758 2270720203452092 2270720209609488 2270720215291514

2270831087397642 2270831091756738 2270831092020918 2270831097825822 2270831091756766 2270831091868430 2270831098077038 2270831103946426
2270831097825850 2270831098034716 2270831104254370 2270831109931608 2270831103948680 2270831104118472 2270831110215542 2270831115956788
2270831109931636 2270831110108246 2270831116254274 2270831122012488 2270831115959322 2270831116175902 2270831122330316 2270831128068006
2270831122013678 2270831122230580 2270831128371554 2270831134104848 2270831128070610 2270831128246702 2270831134447974 2270831140395930
2270831134104876 2270831134338998 2270831140691288 2270831146652404 2270831140398492 2270831140575774 2270831146998050 2270831152984366
2270831146652432 2270831146885966 2270831153279108 2270831159269652 2270831152987096 2270831153167388 2270831159597252 2270831165590904
2270831159269680 2270831159485756 2270831165890420 2270831171958524 2270831165593620 2270831165776978 2270831172286040 2270831178321664
2270831171959812 2270831172175230 2270831178604128 2270831184670552 2270831178324268 2270831178494018 2270831184953954 2270831190716102
2270831184670594 2270831184842514 2270831190997124 2270831196757900 2270831190718818 2270831190890906 2270831196861472 2270831202502268

2270715282662526 2270715287150142 2270715287408834 2270715293066318 2270715287150184 2270715287259314 2270715293291074 2270715299042708
2270715293066346 2270715293244748 2270715299325508 2270715304975712 2270715299045270 2270715299224288 2270715305312636 2270715311091066
2270715304977084 2270715305213642 2270715311407354 2270715317139822 2270715311093642 2270715311316256 2270715317461934 2270715323398032
2270715317139850 2270715317316992 2270715323711436 2270715329551634 2270715323398732 2270715323615620 2270715329825292 2270715335692034
2270715329551662 2270715329726326 2270715336038492 2270715341684202 2270715335694806 2270715335940086 2270715341950034 2270715347605040
2270715341684230 2270715341856332 2270715347878306 2270715353549188 2270715347607588 2270715347779340 2270715353819836 2270715359468220
2270715353549216 2270715353723488 2270715359803212 2270715365474402 2270715359470894 2270715359703336 2270715365744742 2270715371689338
2270715365474430 2270715365649752 2270715371964816 2270715377749812 2270715371692152 2270715371866368 2270715378022770 2270715383667850
2270715377749840 2270715377926198 2270715383943902 2270715390006798 2270715383670510 2270715383844656 2270715390133638 2270715395787118

2270712600109324 2270712603923302 2270712605344344 2270712611116628 2270712603923330 2270712604029436 2270712611412378 2270712617072900
2270712611116642 2270712611359864 2270712617376742 2270712623034016 2270712617074566 2270712617247270 2270712623317390 2270712629084648
2270712623034044 2270712623210150 2270712629344852 2270712635136330 2270712629087126 2270712629265346 2270712635484762 2270712641157506
2270712635137352 2270712635352616 2270712641441328 2270712647619248 2270712641159984 2270712641333220 2270712647925050 2270712653875190
2270712647620284 2270712647802116 2270712654171850 2270712660198542 2270712653877710 2270712654059192 2270712660495888 2270712666490618
2270712660198570 2270712660381900 2270712666801474 2270712672843594 2270712666493040 2270712666673416 2270712673122432 2270712679169004
2270712672843622 2270712673021310 2270712679448514 2270712685610334 2270712679171454 2270712679352712 2270712685931508 2270712691807868
2270712685610362 2270712685831268 2270712692078628 2270712697745198 2270712691809632 2270712691980880 2270712698077446 2270712703886718
2270712697745226 2270712697978144 2270712704187046 2270712709855380 2270712703889098 2270712704099854 2270712709943622 2270712715541704

2270713277388332 2270713282483968 2270713282738908 2270713288476094 2270713282483996 2270713282591684 2270713288704602 2270713294379124
2270713288476122 2270713288653250 2270713294761128 2270713300601704 2270713294381854 2270713294620876 2270713300871946 2270713306647898
2270713300602978 2270713300777670 2270713306877470 2270713312522466 2270713306650684 2270713306825740 2270713312905072 2270713318795684
2270713312522494 2270713312762916 2270713319026376 2270713324791002 2270713318798190 2270713318971734 2270713325161554 2270713331145140
2270713324791030 2270713325009444 2270713331409110 2270713337067952 2270713331147730 2270713331327504 2270713337351060 2270713343119158
2270713337067980 2270713337243330 2270713343507966 2270713349209844 2270713343121930 2270713343293640 2270713349494226 2270713355142176
2270713349209872 2270713349385586 2270713355428700 2270713361215166 2270713355144780 2270713355317428 2270713361501536 2270713367217372
2270713361215194 2270713361390488 2270713367547240 2270713373292448 2270713367218968 2270713367435660 2270713373575024 2270713379296768
2270713373293862 2270713373466678 2270713379597908 2270713385237892 2270713379299484 2270713379519032 2270713385414712 2270713391065154

2270717877194914 2270717881053230 2270717882455694 2270717888095398 2270717881053258 2270717881164544 2270717888318488 2270717893978730
2270717888095426 2270717888272722 2270717894281242 2270717900069724 2270717893981236 2270717894152918 2270717900469704 2270717906263422
2270717900070718 2270717900248840 2270717906524690 2270717912306130 2270717906265242 2270717906442426 2270717912613234 2270717918282660
2270717912306158 2270717912480948 2270717918675262 2270717924395578 2270717918285152 2270717918460684 2270717924684188 2270717930346768
2270717924395606 2270717924570928 2270717930645682 2270717936315934 2270717930349274 2270717930530630 2270717936576026 2270717942294256
2270717936315962 2270717936491074 2270717942567466 2270717948223466 2270717942295810 2270717942470152 2270717948500498 2270717954178856
2270717948223494 2270717948399348 2270717954460690 2270717960248640 2270717954181292 2270717954358770 2270717960585802 2270717966585054
2270717960248668 2270717960481530 2270717966902084 2270717972900860 2270717966587560 2270717966772528 2270717973251504 2270717979261606
2270717972900888 2270717973131664 2270717979555200 2270717985581304 2270717979264056 2270717979445062 2270717985689776 2270717991667566
