16 10816
2271620398436984 2271620445309586 2271620558504780 2271621219336392 2271620445309614 2271620510611130 2271621285353756 2271621939523160
2271621219337680 2271621245598054 2271621983066520 2271622638064374 2271621939526030 2271621967146630 2271622681271342 2271623336942722
2271622638065536 2271622663384620 2271623379849768 2271624046890842 2271623336945438 2271623363504614 2271624092011232 2271624745004594
2271624046890870 2271624073024068 2271624787472306 2271625439994134 2271624745007366 2271624772553892 2271625613833506 2271626274249654
2271625439994162 2271625466155612 2271626474152798 2271627136114252 2271626274251180 2271626300998544 2271627306692380 2271627956511144
2271627136114280 2271627161150214 2271628160043508 2271628824182424 2271627956513636 2271627983704114 2271629000374076 2271629653724060
2271628824183642 2271628876149780 2271629873444176 2271630523300334 2271629653725614 2271629739253280 2271630708303572 2271631372083962
2271630523301496 2271630553100944 2271631560856616 2271632215238960 2271631372086636 2271631416112450 2271632414688224 2271633065084236
2271632215238988 2271632241452504 2271633252831684 2271633903050778 2271633065086952 2271633093269400 2271634109446422 2271634762056478

2271620033067140 2271620098672946 2271620243686108 2271620942622346 2271620098672988 2271620169204778 2271621094321292 2271621796078544
2271620942622388 2271621024691018 2271621904954318 2271622604712258 2271621796081176 2271621882191452 2271622735336346 2271623437372534
2271622604712286 2271622714879140 2271623551741628 2271624257769370 2271623437374046 2271623531005500 2271624393167472 2271625099512188
2271624257769398 2271624371183916 2271625248703412 2271625947626700 2271625099513700 2271625225627618 2271626117283684 2271626820000930
2271625947626742 2271626093933014 2271626946482558 2271627639283282 2271626820001616 2271626923733846 2271627810832310 2271628513423850
2271627639283310 2271627786274616 2271628648625084 2271629346757344 2271628513425348 2271628626685418 2271629514364252 2271630210997392
2271629346757372 2271629491606398 2271630347313768 2271631040174734 2271630210999100 2271630324361748 2271631203853620 2271631912138820
2271631040174776 2271631180590002 2271632048501172 2271632749051722 2271631912141242 2271632024509386 2271632900358206 2271633604278850
2271632749051764 2271632878303460 2271633741255760 2271634440254774 2271633604279536 2271633721234556 2271634463588882 2271635141469148

2271625519241106 2271625569906784 2271625730090360 2271626376888876 2271625569906812 2271625646082702 2271626564795966 2271627228161550
2271626376888904 2271626471790704 2271627366795178 2271628022275752 2271627228164280 2271627296738086 2271628224116650 2271628869617646
2271628022275780 2271628161106794 2271629010286188 2271629661262752 2271628869619200 2271628966443718 2271629819963126 2271630470340294
2271629661262780 2271629766039382 2271630602096604 2271631261369848 2271630470342674 2271630581974306 2271631338991364 2271631984444354
2271631261369876 2271631318153246 2271632131605942 2271632776877730 2271631984446356 2271632083716058 2271632860467796 2271633501904970
2271632776877772 2271632827897048 2271633646266418 2271634298284554 2271633501906356 2271633604092104 2271634367370326 2271635001726132
2271634298284596 2271634351542710 2271635189334826 2271635844269078 2271635001728834 2271635069651528 2271636030401164 2271636670967034
2271635844269106 2271635890688682 2271636722656686 2271637373416166 2271636670968168 2271636712305548 2271637533969636 2271638183169502
2271637373416208 2271637482813608 2271638377233232 2271639016805984 2271638183172120 2271638213805464 2271639224257186 2271639872507376

2271721798894254 2271721853835616 2271721984979916 2271722684507780 2271721853835840 2271721918744404 2271722811894312 2271723508901154
2271722684507822 2271722753137810 2271723588148798 2271724284466784 2271723508901812 2271723568541406 2271724387023476 2271725083366340
2271724284466812 2271724357031570 2271725186818654 2271725881115894 2271725083369070 2271725162967344 2271725993866826 2271726698762150
2271725881115936 2271725951196058 2271726809189894 2271727506481972 2271726698763522 2271726766657082 2271727599350790 2271728299164436
2271727506482014 2271727562840414 2271728356939790 2271729053081754 2271728299166872 2271728336994914 2271729168190244 2271729867235724
2271729053081782 2271729146648948 2271730025862598 2271730727787262 2271729867236382 2271730001026150 2271730878151476 2271731571883368
2271730727787290 2271730856218642 2271731664241858 2271732355130364 2271731571885034 2271731642005140 2271732432119374 2271733136048348
2271732355130392 2271732413146602 2271733245656154 2271733939740664 2271733136049020 2271733225942446 2271734011125306 2271734716017060
2271733939740692 2271733992371648 2271734823031898 2271735518028200 2271734716019146 2271734806645654 2271735547107586 2271736245223578

2271622003242662 2271622061795436 2271622188035760 2271622841031782 2271622061795674 2271622125340610 2271622978835392 2271623634266812
2271622841031810 2271622939831938 2271623730076610 2271624384143856 2271623634268282 2271623685883384 2271624519845870 2271625175568924
2271624384143884 2271624491788372 2271625274444092 2271625931237320 2271625175569596 2271625256406786 2271626065794190 2271626721030506
2271625931237348 2271626036875230 2271626816153408 2271627440215364 2271626721032144 2271626771556940 2271627575601580 2271628204526730
2271627440215392 2271627550255966 2271628273559554 2271628913834168 2271628204528270 2271628258031636 2271629047407762 2271629693481316
2271628913834196 2271629019955764 2271629770942714 2271630431125272 2271629693482016 2271629751781936 2271630560520888 2271631209290842
2271630431125300 2271630538325092 2271631259701160 2271631911813740 2271631209292452 2271631243242102 2271631967768366 2271632625894702
2271631911813768 2271631949497344 2271632668439694 2271633327187266 2271632625896144 2271632652763866 2271633368174072 2271634015099526
2271633327187308 2271633352133852 2271634058080436 2271634706949258 2271634015101108 2271634041978224 2271634750031780 2271635400223490

2271624032525036 2271624081518708 2271624199581044 2271624844534696 2271624081518736 2271624144246884 2271624940776926 2271625607850816
2271624844534724 2271624900687324 2271625666339148 2271626334506928 2271625607852342 2271625651586872 2271626409457034 2271627053163874
2271626334506956 2271626394460346 2271627123843966 2271627760836742 2271627053165400 2271627107413608 2271627839110014 2271628496711504
2271627760836770 2271627822206148 2271628540786206 2271629174782310 2271628496713100 2271628522513392 2271629279267866 2271629950578492
2271629174782352 2271629264281020 2271630112999240 2271630776263198 2271629950581292 2271630054283072 2271630934147344 2271631574894542
2271630776263226 2271630811423820 2271631797652602 2271632446877472 2271631574896362 2271631621772142 2271632638329614 2271633282942814
2271632446877500 2271632483270962 2271633505033074 2271634144952158 2271633282943696 2271633320559022 2271634337880194 2271634984394888
2271634144952200 2271634178765756 2271635197181126 2271635828889406 2271634984396484 2271635039456314 2271636037934382 2271636665180862
2271635828889434 2271635893298240 2271636887816394 2271637537019774 2271636665182710 2271636758190016 2271637726012018 2271638366765782

2271618137641398 2271618183814140 2271618291028324 2271618934584006 2271618183814168 2271618246325736 2271618986209118 2271619613519186
2271618934585182 2271618960324420 2271619666144682 2271620318039184 2271619613520614 2271619650479984 2271620358018788 2271621017668044
2271620318039212 2271620343280568 2271621059207556 2271621719247566 2271621017668912 2271621044047222 2271621760534798 2271622418026010
2271621719247594 2271621745562708 2271622458412034 2271623107164558 2271622418026878 2271622443059620 2271623233772116 2271623867959628
2271623107164586 2271623206195546 2271623989622638 2271624633683244 2271623867961518 2271623911508308 2271624804559334 2271625432893362
2271624633683272 2271624658354590 2271625610160060 2271626244973064 2271625432895098 2271625489916132 2271626602187712 2271627251092052
2271626244973092 2271626273499590 2271627307250644 2271627944297138 2271627251094642 2271627293724138 2271628031087310 2271628681884604
2271627944297166 2271627988916902 2271628845889158 2271629482184202 2271628681886284 2271628732961182 2271629645406310 2271630278648640
2271629482184244 2271629508271690 2271630451104560 2271631084942520 2271630278650208 2271630323057130 2271631220542894 2271631864196170

2271618067664764 2271618112796354 2271618251145544 2271618901992538 2271618112796382 2271618181568736 2271618971257566 2271619619942078
2271618901993882 2271618949961634 2271619682468794 2271620335942216 2271619619942792 2271619664497666 2271620412111050 2271621065107058
2271620335942244 2271620395139088 2271621150028300 2271621805990642 2271621065109802 2271621132142824 2271621878545838 2271622520805764
2271621805990670 2271621861234306 2271622608329830 2271623255415066 2271622520807500 2271622591147840 2271623329850686 2271623972651964
2271623255415108 2271623312893886 2271624081652604 2271624724706624 2271623972653602 2271624044711574 2271624948504954 2271625591681810
2271624724706666 2271624818501878 2271625660353238 2271626299783036 2271625591683322 2271625651170218 2271626425762960 2271627077626018
2271626299783064 2271626408368716 2271627172330880 2271627814856820 2271627077626662 2271627154657728 2271628055003188 2271628709068530
2271627814856848 2271627840225562 2271628847991426 2271629495084054 2271628709070336 2271628816884476 2271629663805768 2271630320888180
2271629495084082 2271629613039696 2271630769342410 2271631393205818 2271630320890770 2271630351575312 2271631401847206 2271632017896598

2271615299506868 2271615353862820 2271615484732636 2271616137493374 2271615353862848 2271615435502126 2271616301875760 2271616956744996
2271616137493402 2271616201065162 2271617058417728 2271617712198296 2271616956747670 2271617005724052 2271617818395156 2271618477833180
2271617712199682 2271617778987466 2271618601264054 2271619251910078 2271618477835742 2271618554744672 2271619429134132 2271620076888260
2271619251911366 2271619383961312 2271620195464298 2271620840687870 2271620076888918 2271620153623898 2271620953290724 2271621592374260
2271620840688206 2271620921300864 2271621674377202 2271622320987278 2271621592376948 2271621652463324 2271622448362330 2271623087707610
2271622320988524 2271622430841764 2271623225448542 2271623881972788 2271623087710256 2271623204153240 2271624012480270 2271624656311808
2271623881974076 2271623992267532 2271624747342538 2271625393252348 2271624656314566 2271624723282782 2271625526717414 2271626178159660
2271625393253944 2271625507072936 2271626264409432 2271626912386706 2271626178162124 2271626243325992 2271627022280728 2271627671976754
2271626912388050 2271627004560620 2271627756625430 2271628412407942 2271627671978238 2271627736582848 2271628436636104 2271629084438812

2271615251090150 2271615297165522 2271615432987194 2271616075438738 2271615297165564 2271615362843022 2271616182575026 2271616831527148
2271616075438766 2271616129230308 2271616879739676 2271617525891882 2271616831527792 2271616861513356 2271617596471426 2271618246595698
2271617525891910 2271617561819116 2271618293258356 2271618944114478 2271618246598344 2271618276720030 2271619016868838 2271619661102246
2271618944114520 2271618969614904 2271619756147420 2271620397763808 2271619661104640 2271619709374946 2271620460150580 2271621111540158
2271620397763850 2271620441310024 2271621172914758 2271621817520314 2271621111542972 2271621157531740 2271621925078226 2271622575093214
2271621817520342 2271621867558806 2271622725643726 2271623379104058 2271622575094096 2271622604545154 2271623538006536 2271624179270950
2271623379104100 2271623402233150 2271624369706944 2271625013312676 2271624179272336 2271624210074926 2271625148903376 2271625794492334
2271625013312704 2271625040176968 2271625964184500 2271626612895794 2271625794493692 2271625820539810 2271626762483414 2271627409200436
2271626612895822 2271626637810502 2271627564524080 2271628203450606 2271627409203516 2271627447756170 2271628337297802 2271628979026960

2271621411612196 2271621472230264 2271621589301778 2271622242197210 2271621472230292 2271621539302612 2271622436793024 2271623082138718
2271622242197238 2271622344330052 2271623208592178 2271623868369058 2271623082141252 2271623187459108 2271624063245572 2271624725691944
2271623868369086 2271624008153934 2271624841729054 2271625501175520 2271624725694282 2271624818137738 2271625696825940 2271626344230922
2271625501175562 2271625641704314 2271626458601962 2271627112563130 2271626344232588 2271626436546572 2271627305891328 2271627954279068
2271627112563172 2271627250357584 2271628094966104 2271628740307038 2271627954279754 2271628075755682 2271628934056748 2271629583232016
2271628740307066 2271628877928998 2271629700466154 2271630343929562 2271629583234424 2271629677753968 2271630538299080 2271631193149584
2271630343929590 2271630482112838 2271631309663968 2271631964417326 2271631193151992 2271631287194556 2271632159140022 2271632812902824
2271631964417354 2271632101559576 2271632924938454 2271633563104752 2271632812904406 2271632902857962 2271633757008756 2271634389621184
2271633563104780 2271633700625198 2271634503193958 2271635152611944 2271634389623634 2271634484941584 2271635180719072 2271635825052020

2271732400929432 2271732451805530 2271732579427584 2271733233529970 2271732451805558 2271732520787128 2271733379682620 2271734039299452
2271733233529998 2271733268497658 2271734142283928 2271734797388308 2271734039300082 2271734083557148 2271734907936956 2271735562126506
2271734797388336 2271734833926530 2271735622740696 2271736270447994 2271735562127136 2271735608140796 2271736311057010 2271736970329890
2271736270448022 2271736295669134 2271737027498680 2271737670493396 2271736970331556 2271737012025208 2271737741226632 2271738380293970
2271737670493424 2271737726164214 2271738441223636 2271739085891604 2271738380296532 2271738424482310 2271739190447160 2271739829719304
2271739085891646 2271739141987420 2271739910563494 2271740567096490 2271739829721138 2271739854703634 2271740689003660 2271741334106258
2271740567096532 2271740594556580 2271741519681522 2271742178107150 2271741334107966 2271741446988496 2271742301872792 2271742942356678
2271742178107192 2271742206743464 2271743148450888 2271743793963994 2271742942357308 2271742972874130 2271743913698952 2271744572948662
2271743793964022 2271743819701776 2271745001471344 2271745655484704 2271744572950272 2271744621572986 2271745674905672 2271746324942080

2271616595723650 2271616652687466 2271616786184424 2271617441160144 2271616652687494 2271616722000402 2271617581160634 2271618233846192
2271617441161516 2271617493801698 2271618377746130 2271619031425086 2271618233847914 2271618305934824 2271619181909980 2271619836232628
2271619031425114 2271619112248360 2271620001313516 2271620651593454 2271619836234448 2271619962554950 2271620797115236 2271621446242638
2271620651593482 2271620729161742 2271621591030260 2271622229661876 2271621446243506 2271621569805938 2271622380412014 2271623019608894
2271622229662324 2271622351125036 2271623177736374 2271623825540832 2271623019610546 2271623127255776 2271623964061130 2271624602568174
2271623825540860 2271623924938704 2271624728673300 2271625387132094 2271624602569168 2271624686706746 2271625472077878 2271626120157324
2271625387132444 2271625450885672 2271626211878814 2271626861285278 2271626120159200 2271626189891772 2271626979922398 2271627641062360
2271626861285628 2271626962278562 2271627743755300 2271628404152338 2271627641063900 2271627722097594 2271628542544130 2271629195409000
2271628404152688 2271628502643500 2271629293672858 2271629947927158 2271629195410764 2271629244679550 2271629980087734 2271630636174312

2271613911855834 2271613960213696 2271614079327124 2271614722174392 2271613960213906 2271614021550636 2271614847022094 2271615464571796
2271614722174420 2271614747937696 2271615532210304 2271616177110994 2271615464573896 2271615505954088 2271616277228718 2271616919687710
2271616177111022 2271616239575872 2271616999850562 2271617637460430 2271616919688382 2271616982040868 2271617698833644 2271618335586054
2271617637460458 2271617684076146 2271618385923656 2271619021473746 2271618335587580 2271618369992034 2271619131063842 2271619769176940
2271619021473774 2271619061715934 2271619989163350 2271620625220982 2271619769178270 2271619873527984 2271620810817260 2271621440363660
2271620625221024 2271620665946940 2271621670625496 2271622309643540 2271621440366138 2271621501061094 2271622510254440 2271623153697492
2271622309643582 2271622388794486 2271623383703114 2271624028193170 2271623153700068 2271623210425898 2271624219583838 2271624859435946
2271624028193212 2271624108320504 2271625073146310 2271625713086492 2271624859437430 2271624904022082 2271625918129316 2271626555608438
2271625713086534 2271625786353154 2271626773230346 2271627410891356 2271626555609082 2271626654387202 2271627611074136 2271628248605086

2271614588755008 2271614640098034 2271614769388804 2271615414673262 2271614640098062 2271614707098660 2271615503480932 2271616150462302
2271615414673304 2271615441780258 2271616212881274 2271616866805384 2271616150465018 2271616191337430 2271616909657508 2271617562607778
2271616866805412 2271616893362810 2271617605099766 2271618249308702 2271617562608422 2271617589090066 2271618291099724 2271618938599066
2271618249310270 2271618274414930 2271618979212310 2271619616857220 2271618938599724 2271618964351856 2271619660014320 2271620302008316
2271619616857262 2271619641759650 2271620440749492 2271621084619082 2271620302011214 2271620351661822 2271621262772400 2271621907078706
2271621084619110 2271621112104330 2271622060960728 2271622717833042 2271621907080162 2271621940387716 2271622873320878 2271623517278248
2271622717833070 2271622743316598 2271623707392970 2271624353145238 2271623517279172 2271623616207820 2271624482304520 2271625131315134
2271624353145266 2271624378142966 2271625297013324 2271625937097832 2271625131316912 2271625193645990 2271626097832742 2271626742785512
2271625937097874 2271625963828774 2271626902212640 2271627548156442 2271626742788074 2271626791699622 2271627670148718 2271628316134870

2271619191105516 2271619238536634 2271619427921732 2271620071204512 2271619238536816 2271619315062566 2271620235613078 2271620882094956
2271620071204554 2271620148217896 2271621002197666 2271621648902116 2271620882096398 2271620938709234 2271621803768436 2271622449816300
2271621648902158 2271621752540602 2271622597144964 2271623248020336 2271622449817994 2271622560864216 2271623379214896 2271624018398476
2271623248020378 2271623330774812 2271624177488638 2271624826312128 2271624018400016 2271624091781450 2271624983979344 2271625624882404
2271624826312170 2271624933222078 2271625797860972 2271626449569680 2271625624885106 2271625717159470 2271626635838294 2271627273456030
2271626449569708 2271626614291580 2271627482472838 2271628118944730 2271627273456688 2271627446034716 2271628247864766 2271628903216596
2271628118944758 2271628213984192 2271629037878158 2271629681349742 2271628903218248 2271629007191404 2271629841403384 2271630483425226
2271629681349770 2271629807581512 2271630619907250 2271631253466134 2271630483427942 2271630583750850 2271631388951554 2271632029134720
2271631253466176 2271631356253924 2271632165115460 2271632802541270 2271632029136456 2271632130389300 2271632835698128 2271633477489600
