16 115
2270732077279022 2270732082352496 2270732083484130 2270732089141768 2270732089141796 2270732090484956 2270732092559224 2270732098293232
2270732098294604 2270732099704656 2270732100802508 2270732106446776 2270732106446818 2270732107726362 2270732109216074 2270732114849352
2270732114850766 2270732116179156 2270732117791928 2270732123530612 2270732123530654 2270732124884944 2270732126486670 2270732132081154
2270732132082330 2270732133350100 2270732135090090 2270732140727008 2270732140727036 2270732142108346 2270732143516886 2270732149261352
2270732149262738 2270732150597974 2270732151876314 2270732157633212 2270732157633240 2270732158993242 2270732162055406 2270732167700430
2270732167701802 2270732168973366 2270732170755104 2270732176381970 2270732176381998 2270732177823550 2270732179403646 2270732185019480
2270732185020866 2270732186342382 2270732188131960 2270732194105368 2270732194105396 2270732195466994 2270732196696544 2270732202380586
2270732202381986 2270732203701318 2270732205204344 2270732210963496 2270732210963524 2270732212249774 2270732214401672 2270732220175370
2270732220176574 2270732221577078 2270732223089470 2270732228917418 2270732228918440 2270732230284700 2270732231713596 2270732237459938

2270731710660616 2270731715258580 2270731718119872 2270731723805608 2270731723805636 2270731725206518 2270731726282278 2270731731912924
2270731731914562 2270731733334876 2270731734413604 2270731740256056 2270731740256084 2270731741697804 2270731742779780 2270731748391792
2270731748393416 2270731749828752 2270731750885948 2270731756526394 2270731756526422 2270731757985152 2270731759041354 2270731765013978
2270731765015882 2270731766482858 2270731767776276 2270731773417156 2270731773417184 2270731774886176 2270731776208966 2270731781818486
2270731781820222 2270731783330052 2270731787413922 2270731793177918 2270731793179262 2270731794650522 2270731795876894 2270731801503214
2270731801505006 2270731802963624 2270731804390154 2270731810020492 2270731810020520 2270731811480594 2270731812707442 2270731818311460
2270731818313098 2270731819767474 2270731820919744 2270731826554226 2270731826554268 2270731828048740 2270731829557226 2270731835162994
2270731835164702 2270731836536422 2270731839492480 2270731845179252 2270731845179294 2270731846639298 2270731847829494 2270731853433092
2270731853434730 2270731854889694 2270731856021762 2270731861771422 2270731861771450 2270731863258292 2270731864369738 2270731869995078

2270737195133792 2270737200235238 2270737201755512 2270737207399010 2270737207399038 2270737208847016 2270737210431396 2270737216180524
2270737216181994 2270737217543326 2270737218640492 2270737224298102 2270737224298144 2270737225654534 2270737227088904 2270737232737036
2270737232739472 2270737234096884 2270737235663736 2270737241305372 2270737241305400 2270737242687480 2270737244308050 2270737250034330
2270737250035800 2270737251449828 2270737252930594 2270737258606950 2270737258608000 2270737259895580 2270737261454956 2270737269617446
2270737269618832 2270737271078276 2270737272205598 2270737277989978 2270737277990020 2270737279450556 2270737280660982 2270737286747286
2270737286748462 2270737288131676 2270737289183356 2270737294963970 2270737294963998 2270737296473114 2270737297474898 2270737303228940
2270737303230340 2270737304591518 2270737305899454 2270737311538542 2270737311539536 2270737312989418 2270737314665946 2270737321776588
2270737321777778 2270737323222998 2270737324331224 2270737330079526 2270737330079554 2270737331552942 2270737332653706 2270737338359308
2270737338360792 2270737339751496 2270737340920846 2270737346696784 2270737346696826 2270737348142172 2270737349699434 2270737355372010

2270833464415348 2270833468167740 2270833471563972 2270833477649772 2270833477649800 2270833478825170 2270833479900818 2270833485959696
2270833485961166 2270833487086206 2270833488159880 2270833494502202 2270833494502230 2270833495611268 2270833496732178 2270833503092532
2270833503093834 2270833504204930 2270833505302124 2270833511701762 2270833511701804 2270833512905762 2270833513947502 2270833520340238
2270833520340966 2270833521519570 2270833522626424 2270833528857530 2270833528857572 2270833530007770 2270833531046500 2270833537320194
2270833537321384 2270833538471330 2270833541183256 2270833547276378 2270833547276714 2270833548467834 2270833549666528 2270833556037970
2270833556039244 2270833557160602 2270833558281204 2270833564650728 2270833564651932 2270833565874328 2270833566908816 2270833573253812
2270833573256220 2270833574454564 2270833575586156 2270833581943934 2270833581943962 2270833583153604 2270833584264980 2270833590595752
2270833590597222 2270833591784618 2270833593261618 2270833599663412 2270833599664518 2270833600876960 2270833601919470 2270833608289918
2270833608291402 2270833609500988 2270833610608752 2270833616960720 2270833616960748 2270833618171748 2270833619281864 2270833625623626

2270733679879392 2270733684790312 2270733687294786 2270733693021598 2270733693021626 2270733694470248 2270733695595190 2270733701371604
2270733701373326 2270733702701884 2270733703764414 2270733709415500 2270733709415528 2270733710757078 2270733711815030 2270733717446054
2270733717447482 2270733718771924 2270733719799454 2270733725666770 2270733725666812 2270733727053512 2270733728367104 2270733733975378
2270733733977870 2270733735285666 2270733736962180 2270733742891936 2270733742891964 2270733744240836 2270733745762972 2270733751499892
2270733751501614 2270733752845642 2270733753927646 2270733759629622 2270733759629664 2270733761092762 2270733762336032 2270733767967126
2270733767968722 2270733769304154 2270733773354606 2270733779156864 2270733779156892 2270733780497000 2270733781753416 2270733787465234
2270733787466648 2270733788885996 2270733789902914 2270733795672314 2270733795672356 2270733797064488 2270733798768764 2270733804582600
2270733804584224 2270733806021296 2270733807134646 2270733812922344 2270733812922372 2270733814291964 2270733815810068 2270733821426084
2270733821427694 2270733822777742 2270733825079090 2270733830805272 2270733830806812 2270733832165750 2270733833517772 2270733839131786

2270735708281922 2270735714973152 2270735716118716 2270735721754934 2270735721754976 2270735723136244 2270735724120304 2270735729852450
2270735729853864 2270735731180770 2270735732281436 2270735737923282 2270735737924304 2270735739257930 2270735740365834 2270735746004194
2270735746005594 2270735747417326 2270735748506078 2270735754263606 2270735754263634 2270735755689814 2270735756785972 2270735762515066
2270735762516466 2270735763867998 2270735764948154 2270735770693278 2270735770693306 2270735772075582 2270735773358010 2270735779204536
2270735779205936 2270735780556068 2270735782068474 2270735787905620 2270735787905648 2270735789248584 2270735793259626 2270735799008082
2270735799009538 2270735800365522 2270735801611662 2270735807504542 2270735807504570 2270735808666472 2270735810028672 2270735816005202
2270735816006616 2270735817166054 2270735818279880 2270735824273140 2270735824274190 2270735825457176 2270735826591848 2270735832559348
2270735832561700 2270735833736286 2270735835162718 2270735841201198 2270735841201240 2270735842653852 2270735845379610 2270735851308050
2270735851308540 2270735852678384 2270735853804376 2270735859571354 2270735859571382 2270735861013214 2270735862350830 2270735868072154

2270729815105304 2270729821086664 2270729822540648 2270729828183866 2270729828183894 2270729829539024 2270729830650428 2270729836469276
2270729836470746 2270729837814256 2270729838888112 2270729844533556 2270729844533584 2270729845879992 2270729846956326 2270729852593706
2270729852594014 2270729853960134 2270729855185652 2270729860831586 2270729860832790 2270729862118508 2270729863700830 2270729869568076
2270729869570428 2270729870911964 2270729872267850 2270729877891944 2270729877891972 2270729879275634 2270729881005866 2270729886758396
2270729886759866 2270729888195006 2270729891956960 2270729897892946 2270729897892988 2270729899312938 2270729900545302 2270729906252794
2270729906254348 2270729907672212 2270729909003682 2270729914644730 2270729914644758 2270729916081886 2270729917298262 2270729922910946
2270729922912430 2270729924340304 2270729925502864 2270729931133888 2270729931133916 2270729932536674 2270729933807622 2270729939431730
2270729939433172 2270729940842958 2270729944050134 2270729949892712 2270729949893818 2270729951378896 2270729952580838 2270729958277130
2270729958279482 2270729959746290 2270729960916942 2270729966764546 2270729966764574 2270729968256162 2270729969521090 2270729975234154

2270729745368882 2270729750322278 2270729751975622 2270729757616614 2270729757616642 2270729759038370 2270729760754924 2270729766569530
2270729766571154 2270729768002318 2270729769123676 2270729774826688 2270729774826730 2270729776204274 2270729777329090 2270729782943342
2270729782944910 2270729784259188 2270729786012632 2270729791799490 2270729791799518 2270729793151750 2270729794560080 2270729800377192
2270729800378774 2270729801691232 2270729803189148 2270729809110238 2270729809111428 2270729810475518 2270729811637658 2270729817266610
2270729817269060 2270729818691446 2270729819986460 2270729825969794 2270729825969836 2270729827325778 2270729830328526 2270729836674404
2270729836675888 2270729838053124 2270729839213192 2270729845026650 2270729845026678 2270729846418684 2270729847564234 2270729853191058
2270729853192640 2270729854562036 2270729856154060 2270729861792616 2270729861792644 2270729863194268 2270729864809224 2270729870430826
2270729870433066 2270729871811618 2270729873328462 2270729879179720 2270729879179748 2270729880635902 2270729882515136 2270729888235522
2270729888236992 2270729889629530 2270729891141348 2270729896896342 2270729896896384 2270729898299254 2270729899816518 2270729905448676

2270726976880838 2270726981917758 2270726982917176 2270726988553268 2270726988553296 2270726989976396 2270726992353470 2270726998167936
2270726998169490 2270726999592646 2270727000693676 2270727006507218 2270727006507246 2270727007670198 2270727008928364 2270727014899588
2270727014901114 2270727016059544 2270727017121836 2270727023107830 2270727023107872 2270727024294764 2270727025363720 2270727031323254
2270727031324906 2270727032483070 2270727033546090 2270727039538244 2270727039538286 2270727040721776 2270727041904286 2270727047874446
2270727047875720 2270727049037244 2270727050580212 2270727056590440 2270727056591756 2270727057762968 2270727058980310 2270727064953018
2270727064954572 2270727066143228 2270727067226688 2270727073218772 2270727073219864 2270727074400414 2270727078239970 2270727084215996
2270727084218362 2270727085401474 2270727086650974 2270727092644822 2270727092644864 2270727093863970 2270727094963544 2270727100948026
2270727100949370 2270727102139146 2270727103762166 2270727109751030 2270727109751072 2270727110962310 2270727112048346 2270727118004198
2270727118005668 2270727119197446 2270727120656386 2270727126633770 2270727126633798 2270727127823098 2270727130262528 2270727136205500

2270726929591176 2270726934865858 2270726937098536 2270726942979446 2270726942979488 2270726944394286 2270726945509316 2270726951307556
2270726951309152 2270726952713730 2270726953766460 2270726959533774 2270726959533802 2270726960957168 2270726961950342 2270726967573498
2270726967575080 2270726968954584 2270726970015308 2270726975893264 2270726975894454 2270726977314488 2270726978373644 2270726984001518
2270726984002820 2270726985425178 2270726986492048 2270726992151380 2270726992151422 2270726993572198 2270726994626076 2270727000260362
2270727000261930 2270727001590194 2270727002847058 2270727008522196 2270727008523484 2270727009881036 2270727011196756 2270727016899782
2270727016901350 2270727018254702 2270727022634448 2270727028273998 2270727028275188 2270727029643562 2270727031005790 2270727036641588
2270727036643268 2270727037985686 2270727039171836 2270727044903660 2270727044903688 2270727046345968 2270727047517460 2270727053143892
2270727053145474 2270727054578332 2270727055783102 2270727061779554 2270727061779582 2270727063215954 2270727064522434 2270727070474324
2270727070476088 2270727071890620 2270727074873460 2270727080871578 2270727080871620 2270727082265768 2270727083300256 2270727089036602

2270733088065414 2270733092593476 2270733094678692 2270733100287848 2270733100287876 2270733101561540 2270733103544850 2270733109387036
2270733109388324 2270733110720242 2270733111876712 2270733117754836 2270733117754864 2270733119078144 2270733120131644 2270733126100698
2270733126101972 2270733127359298 2270733128448638 2270733134190766 2270733134190808 2270733135608826 2270733136700980 2270733142307770
2270733142309226 2270733143638694 2270733144811796 2270733150573762 2270733150573790 2270733151849022 2270733153188626 2270733158907486
2270733158909152 2270733160258626 2270733161794048 2270733167542952 2270733167542980 2270733168886210 2270733173064090 2270733178901236
2270733178902706 2270733180238544 2270733181448284 2270733187184546 2270733187184574 2270733188611384 2270733189819080 2270733195433262
2270733195434732 2270733196791738 2270733198047860 2270733203667390 2270733203668300 2270733205053978 2270733206239540 2270733211847772
2270733211850110 2270733213210322 2270733214441580 2270733220287238 2270733220287266 2270733221662024 2270733225251470 2270733231247460
2270733231247950 2270733232623408 2270733233812232 2270733239508356 2270733239508398 2270733240889008 2270733242172668 2270733247777624

2270844078030262 2270844082650528 2270844085164354 2270844090908358 2270844090909604 2270844092270754 2270844093429814 2270844099312292
2270844099313902 2270844100650538 2270844101810060 2270844107652526 2270844107652554 2270844108986474 2270844110037230 2270844115788570
2270844115789956 2270844117127810 2270844118171790 2270844123815302 2270844123815330 2270844125254040 2270844126543762 2270844132270896
2270844132272632 2270844133678302 2270844135054082 2270844140700478 2270844140700506 2270844142035840 2270844143959300 2270844149674366
2270844149676004 2270844151013984 2270844152256498 2270844158025422 2270844158025450 2270844159384878 2270844160611866 2270844166296188
2270844166297812 2270844167631970 2270844171443806 2270844177058576 2270844177058604 2270844178384236 2270844179809940 2270844185565550
2270844185567048 2270844186843638 2270844188121166 2270844193858758 2270844193858786 2270844195190242 2270844196589892 2270844202332412
2270844202333938 2270844203604256 2270844205309344 2270844211149402 2270844211150830 2270844212511406 2270844214183720 2270844219806484
2270844219808122 2270844221159304 2270844223404974 2270844229165456 2270844229165484 2270844230511976 2270844231845574 2270844237452154

2270728273310140 2270728278272692 2270728280381596 2270728285995022 2270728285995050 2270728287343194 2270728288609074 2270728294359994
2270728294360764 2270728295687810 2270728296939676 2270728302567970 2270728302567998 2270728303889080 2270728305266876 2270728311086158
2270728311087768 2270728312408234 2270728313470876 2270728319132322 2270728319132350 2270728320471870 2270728321757980 2270728327689780
2270728327691614 2270728329014040 2270728330241238 2270728336222388 2270728336222416 2270728337487232 2270728338904060 2270728344830064
2270728344831716 2270728346165440 2270728347344758 2270728353082896 2270728353084324 2270728354420106 2270728355553350 2270728361579972
2270728361581680 2270728362910210 2270728365996818 2270728371990722 2270728371990764 2270728373330410 2270728374609688 2270728380179448
2270728380180932 2270728381443480 2270728383370104 2270728388986148 2270728388986176 2270728390343784 2270728392183048 2270728397994000
2270728397995638 2270728399408014 2270728400496374 2270728406339946 2270728406339974 2270728407719016 2270728409389902 2270728415124666
2270728415126164 2270728416396972 2270728418199220 2270728423823468 2270728423823496 2270728425183190 2270728427032492 2270728432628446

2270725590698082 2270725595720708 2270725596736660 2270725602362728 2270725602362770 2270725603788264 2270725606191154 2270725612001266
2270725612003730 2270725613429098 2270725614533096 2270725620159416 2270725620159444 2270725621536036 2270725622809686 2270725628414012
2270725628415678 2270725629789848 2270725630904738 2270725636661818 2270725636661846 2270725638022982 2270725639189014 2270725644803644
2270725644805282 2270725646154196 2270725647429246 2270725653426426 2270725653426818 2270725654794464 2270725655973320 2270725661864478
2270725661866018 2270725663240370 2270725664406402 2270725670247594 2270725670248742 2270725671638172 2270725675500506 2270725681225554
2270725681226324 2270725682595552 2270725683796906 2270725689542198 2270725689542226 2270725690887948 2270725692378038 2270725697982420
2270725697983862 2270725699347056 2270725700624822 2270725706321478 2270725706321506 2270725707704748 2270725708931932 2270725714800830
2270725714802174 2270725716177450 2270725717623118 2270725723685118 2270725723685160 2270725725076382 2270725727451748 2270725733148096
2270725733150518 2270725734553738 2270725735706820 2270725741544344 2270725741545520 2270725742937428 2270725744094052 2270725749712504

2270726268007456 2270726273115734 2270726275073816 2270726280716432 2270726280716460 2270726282138356 2270726283310478 2270726289030962
2270726289032488 2270726290438662 2270726291649984 2270726297289058 2270726297289086 2270726298690682 2270726300051104 2270726305767430
2270726305768970 2270726307203046 2270726308333490 2270726314163216 2270726314163258 2270726315582228 2270726316688410 2270726322377268
2270726322378626 2270726323785178 2270726325197260 2270726330988976 2270726330989004 2270726332426510 2270726333625498 2270726339407232
2270726339408744 2270726340813756 2270726344750122 2270726350405576 2270726350405604 2270726351830846 2270726353207480 2270726358911556
2270726358913082 2270726360330400 2270726361728328 2270726367357042 2270726367358400 2270726368783138 2270726370033856 2270726375793050
2270726375794660 2270726377136574 2270726378277280 2270726383957808 2270726383957836 2270726385401964 2270726386636120 2270726392251968
2270726392253284 2270726393681592 2270726396828848 2270726402523768 2270726402523796 2270726403964578 2270726405148348 2270726410863890
2270726410865416 2270726412228694 2270726413345390 2270726419100594 2270726419100622 2270726420557126 2270726421740924 2270726427673522

2270730867851586 2270730874207642 2270730875346094 2270730881111266 2270730881111294 2270730882455252 2270730883530718 2270730889448896
2270730889450590 2270730890796158 2270730891932888 2270730897773058 2270730897774318 2270730899113782 2270730900241510 2270730905921800
2270730905923312 2270730907299848 2270730908492508 2270730914247768 2270730914247810 2270730915647782 2270730917042616 2270730922701486
2270730922702956 2270730924082670 2270730925650698 2270730931389060 2270730931389088 2270730932757798 2270730934108084 2270730939730498
2270730939732206 2270730941081610 2270730942470508 2270730948115294 2270730948115322 2270730949483920 2270730952651910 2270730958336946
2270730958337464 2270730959784448 2270730961348276 2270730966960652 2270730966961996 2270730968311862 2270730970104856 2270730975848286
2270730975849896 2270730977215008 2270730978630982 2270730984245318 2270730984246564 2270730985649686 2270730987335174 2270730992942398
2270730992944008 2270730994336910 2270730995801926 2270731001736834 2270731001736862 2270731003180640 2270731005029858 2270731010615452
2270731010616964 2270731012019862 2270731013628210 2270731019485600 2270731019485642 2270731020883206 2270731022308266 2270731028038186
