16 8812
4621150776654299136 47479378354192 2271210967220398 2271211594466542 47478578032656 47480178356240 2271211594467788 2271212232586430
47484179324944 47482579001360 2271212232586822 2271212864838288 47481778679824 47483379003408 2271212864838680 2271213496769630
47487379972112 47485779648528 2271213496770008 2271214124960844 47484979326992 47486579650576 2271214124960872 2271214763339564
47490580619280 47488980295696 2271214763341146 2271215408782922 47488179974160 47489780297744 2271215408783412 2271216031627578
47493781266448 47492180942864 2271216031629006 2271216667429626 47491380621328 47492980944912 2271216667430886 2271217305178738
47496981913616 47495381590032 2271217305179004 2271217931914722 47494581268496 47496181592080 2271217931914750 2271218574248204
47500182560784 47498582237200 2271218574248652 2271219198819592 47497781915664 47499382239248 2271219198819620 2271219848717666
47503383207952 47501782884368 2271219848719024 2271220461449212 47500982562832 47502582886416 2271220461449240 2271221104667256
47506583855120 47504983531536 2271221104667662 2271221705099354 47504183210000 47505783533584 2271221705099382 2271222345473046

47770683199504 47769082875920 2271210601267216 2271211287896614 47768282554384 47769882877968 2271211287896642 2271211981809386
47773883846672 47772283523088 2271211981809862 2271212665576946 47771483201552 47773083525136 2271212665576974 2271213357095424
47777084493840 47775484170256 2271213357096754 2271214039011358 47774683848720 47776284172304 2271214039011386 2271214729216804
47780285141008 47778684817424 2271214729217098 2271215408495208 47777884495888 47779484819472 2271215408495250 2271216098914420
47783485788176 47781885464592 2271216098915778 2271216777699646 47781085143056 47782685466640 2271216777699688 2271217462556700
47786686435344 47785086111760 2271217462557162 2271218143427604 47784285790224 47785886113808 2271218143427632 2271218827079860
47789887082512 47788286758928 2271218827080154 2271219506153178 47787486437392 47789086760976 2271219506153206 2271220196349930
47793087729680 47791487406096 2271220196350406 2271220878035382 47790687084560 47792287408144 2271220878035424 2271221557973382
47796288376848 47794688053264 2271221557973788 2271222233768922 47793887731728 47795488055312 2271222233768950 2271222910537490

48007873970192 48006273646608 2271216086661788 2271216720129602 48005473325072 48007073648656 2271216720129630 2271217354166992
48011074617360 48009474293776 2271217354167454 2271217982373606 48008673972240 48010274295824 2271217982373634 2271218613899102
48014275264528 48012674940944 2271218613899578 2271219240219076 48011874619408 48013474942992 2271219240219104 2271219873407254
48017475911696 48015875588112 2271219873407520 2271220506694790 48015075266576 48016675590160 2271220506694818 2271221137490018
48020676558864 48019076235280 2271221137490270 2271221756237000 48018275913744 48019876237328 2271221756237028 2271222388979012
48023877206032 48022276882448 2271222388979390 2271223011790250 48021476560912 48023076884496 2271223011790278 2271223641572172
48027077853200 48025477529616 2271223641572424 2271224252297630 48024677208080 48026277531664 2271224252297658 2271224890419716
48030278500368 48028678176784 2271224890419968 2271225512376716 48027877855248 48029478178832 2271225512376744 2271226135524402
48033479147536 48031878823952 2271226135524780 2271226749937866 48031078502416 48032678826000 2271226749937894 2271227380223816

47582947368976 47581347045392 2271312354226244 2271313039604238 47580546723856 47582147047440 2271313039604266 2271313727971022
47586148016144 47584547692560 2271313727972184 2271314410495340 47583747371024 47585347694608 2271314410495368 2271315095729960
47589348663312 47587748339728 2271315095730212 2271315775246322 47586948018192 47588548341776 2271315775246350 2271316461050742
47592549310480 47590948986896 2271316461051008 2271317147681988 47590148665360 47591748988944 2271317147682016 2271317828793832
47595749957648 47594149634064 2271317828794112 2271318506868978 47593349312528 47594949636112 2271318506869006 2271319194737656
47598950604816 47597350281232 2271319194739126 2271319875981982 47596549959696 47598150283280 2271319875982010 2271320562416178
47602151251984 47600550928400 2271320562417256 2271321246557314 47599750606864 47601350930448 2271321246557356 2271321925230386
47605351899152 47603751575568 2271321925230652 2271322604070352 47602951254032 47604551577616 2271322604070380 2271323280783816
47608552546320 47606952222736 2271323280784096 2271323961212754 47606151901200 47607752224784 2271323961212782 2271324631817318

47945991098384 47944390774800 2271212571029262 2271213211529626 47943590453264 47945190776848 2271213211529654 2271213857735536
47949191745552 47947591421968 2271213857736096 2271214490018320 47946791100432 47948391424016 2271214490018348 2271215131847186
47952392392720 47950792069136 2271215131848446 2271215768333792 47949991747600 47951592071184 2271215768333820 2271216406099788
47955593039888 47953992716304 2271216406100166 2271217040451576 47953192394768 47954792718352 2271217040451604 2271217682635566
47958793687056 47957193363472 2271217682636000 2271218300320592 47956393041936 47957993365520 2271218300320620 2271218939360042
47961994334224 47960394010640 2271218939360280 2271219561025170 47959593689104 47961194012688 2271219561025198 2271220203552188
47965194981392 47963594657808 2271220203553574 2271220824979246 47962794336272 47964394659856 2271220824979274 2271221467612958
47968395628560 47966795304976 2271221467614386 2271222080291752 47965994983440 47967595307024 2271222080291780 2271222713870432
47971596275728 47969995952144 2271222713872070 2271223311566468 47969195630608 47970795954192 2271223311566496 2271223918003446

46944807850000 46943207526416 2271214599877076 2271215246693092 46942407204880 46944007528464 2271215246693120 2271215887644214
46948008497168 46946408173584 2271215887644480 2271216515971116 46945607852048 46947208175632 2271216515971144 2271217148090142
46951209144336 46949608820752 2271217148090408 2271217773927690 46948808499216 46950408822800 2271217773927718 2271218411470120
46954409791504 46952809467920 2271218411471422 2271219047484758 46952009146384 46953609469968 2271219047484786 2271219685337302
46957610438672 46956010115088 2271219685338702 2271220306789308 46955209793552 46956810117136 2271220306789336 2271220935066636
46960811085840 46959210762256 2271220935068022 2271221539897996 46958410440720 46960010764304 2271221539898024 2271222158769060
46964011733008 46962411409424 2271222158769522 2271222777768238 46961611087888 46963211411472 2271222777768266 2271223411415280
46967212380176 46965612056592 2271223411415560 2271224020418248 46964811735056 46966412058640 2271224020418276 2271224642615432
46970413027344 46968812703760 2271224642616720 2271225246674944 46968012382224 46969612705808 2271225246674972 2271225867560146

47404642467856 47403042144272 2271208705724854 2271209338778954 47402241822736 47403842146320 2271209338778982 2271209969842646
47407843115024 47406242791440 2271209969843682 2271210588215338 47405442469904 47407042793488 2271210588215366 2271211216230614
47411043762192 47409443438608 2271211216231720 2271211827719030 47408643117072 47410243440656 2271211827719058 2271212461342328
47414244409360 47412644085776 2271212461343560 2271213070766234 47411843764240 47413444087824 2271213070766262 2271213703613246
47417445056528 47415844732944 2271213703614058 2271214312802274 47415044411408 47416644734992 2271214312802302 2271214936198950
47420645703696 47419045380112 2271214936199216 2271215547529712 47418245058576 47419845382160 2271215547529754 2271216168750004
47423846350864 47422246027280 2271216168750270 2271216799323794 47421445705744 47423046029328 2271216799323822 2271217423501124
47427046998032 47425446674448 2271217423502398 2271218034982302 47424646352912 47426246676496 2271218034982330 2271218656870394
47430247645200 47428647321616 2271218656871850 2271219287702736 47427847000080 47429447323664 2271219287702764 2271219900562508

47885904474128 47884304150544 2271208635916416 2271209271424898 47883503829008 47885104152592 2271209271424926 2271209912439384
47889105121296 47887504797712 2271209912439846 2271210538626904 47886704476176 47888304799760 2271210538626932 2271211179169366
47892305768464 47890705444880 2271211179169618 2271211811302196 47889905123344 47891505446928 2271211811302224 2271212444263280
47895506415632 47893906092048 2271212444263714 2271213065012892 47893105770512 47894706094096 2271213065012920 2271213711793558
47898707062800 47897106739216 2271213711795042 2271214340420144 47896306417680 47897906741264 2271214340420172 2271214971156824
47901907709968 47900307386384 2271214971158168 2271215593581830 47899507064848 47901107388432 2271215593581858 2271216227783076
47905108357136 47903508033552 2271216227783510 2271216842561268 47902707712016 47904308035600 2271216842561296 2271217483673306
47908309004304 47906708680720 2271217483673740 2271218094643344 47905908359184 47907508682768 2271218094643372 2271218716490822
47911509651472 47909909327888 2271218716491074 2271219333576844 47909109006352 47910709329936 2271219333576872 2271219961775996

47167163797520 47165563473936 2271205867616700 2271206506522478 47164763152400 47166363475984 2271206506522506 2271207147790308
47170364444688 47168764121104 2271207147791498 2271207775294724 47167963799568 47169564123152 2271207775294752 2271208418027374
47173565091856 47171964768272 2271208418027612 2271209052992866 47171164446736 47172764770320 2271209052992894 2271209684862202
47176765739024 47175165415440 2271209684862468 2271210306717688 47174365093904 47175965417488 2271210306717716 2271210948173118
47179966386192 47178366062608 2271210948173342 2271211574558584 47177565741072 47179166064656 2271211574558612 2271212206171090
47183167033360 47181566709776 2271212206171342 2271212822349366 47180766388240 47182366711824 2271212822349394 2271213464359602
47186367680528 47184767356944 2271213464360946 2271214091108354 47183967035408 47185567358992 2271214091108382 2271214725214022
47189568327696 47187968004112 2271214725215226 2271215335626944 47187167682576 47188768006160 2271215335626972 2271215962012018
47192768974864 47191168651280 2271215962012452 2271216574489058 47190368329744 47191968653328 2271216574489086 2271217194975120

46960750587920 46959150264336 2271205819687280 2271206452376806 46958349942800 46959950266384 2271206452376834 2271207086712284
46963951235088 46962350911504 2271207086712984 2271207712867128 46961550589968 46963150913552 2271207712867156 2271208347722552
46967151882256 46965551558672 2271208347723924 2271208968224980 46964751237136 46966351560720 2271208968225008 2271209603173588
46970352529424 46968752205840 2271209603174862 2271210221539546 46967951884304 46969552207888 2271210221539574 2271210857464262
46973553176592 46971952853008 2271210857465774 2271211477957772 46971152531472 46972752855056 2271211477957800 2271212106133614
46976753823760 46975153500176 2271212106134048 2271212726529572 46974353178640 46975953502224 2271212726529600 2271213351663018
46979954470928 46978354147344 2271213351663284 2271213968042670 46977553825808 46979154149392 2271213968042698 2271214600752258
46983155118096 46981554794512 2271214600752524 2271215218850438 46980754472976 46982354796560 2271215218850466 2271215839268768
46986355765264 46984755441680 2271215839270238 2271216451422100 46983955120144 46985555443728 2271216451422128 2271217066538042

47646761869328 47645161545744 2271211979245384 2271212630944866 47644361224208 47645961547792 2271212630944908 2271213284576880
47649962516496 47648362192912 2271213284577930 2271213910943138 47647561871376 47649162194960 2271213910943166 2271214554818062
47653163163664 47651562840080 2271214554818370 2271215188501252 47650762518544 47652362842128 2271215188501280 2271215820234256
47656363810832 47654763487248 2271215820234508 2271216446237522 47653963165712 47655563489296 2271216446237550 2271217079833618
47659564458000 47657964134416 2271217079834808 2271217700013864 47657163812880 47658764136464 2271217700013906 2271218338133136
47662765105168 47661164781584 2271218338134200 2271218978438284 47660364460048 47661964783632 2271218978438312 2271219614150130
47665965752336 47664365428752 2271219614151180 2271220238472444 47663565107216 47665165430800 2271220238472472 2271220873168058
47669166399504 47667566075920 2271220873168478 2271221487830834 47666765754384 47668366077968 2271221487830862 2271222114539588
47672367046672 47670766723088 2271222114539840 2271222731239336 47669966401552 47671566725136 2271222731239364 2271223374697284

46936497983504 46934897659920 2271322968903324 2271323602508772 46934097338384 46935697661968 2271323602508800 2271324242198018
46939698630672 46938098307088 2271324242199250 2271324866977404 46937297985552 46938898309136 2271324866977432 2271325505142624
46942899277840 46941298954256 2271325505142890 2271326131073874 46940498632720 46942098956304 2271326131073902 2271326780643676
46946099925008 46944499601424 2271326780644124 2271327411755794 46943699279888 46945299603472 2271327411755822 2271328040834860
46949300572176 46947700248592 2271328040835420 2271328672998392 46946899927056 46948500250640 2271328672998420 2271329309109168
46952501219344 46950900895760 2271329309110526 2271329944911328 46950100574224 46951700897808 2271329944912756 2271330570108488
46955701866512 46954101542928 2271330570109874 2271331186844972 46953301221392 46954901544976 2271331186845000 2271331824310080
46958902513680 46957302190096 2271331824311368 2271332437152128 46956501868560 46958102192144 2271332437152156 2271333052143078
46962103160848 46960502837264 2271333052143512 2271333659285572 46959702515728 46961302839312 2271333659285600 2271334283455874

47921487544336 47919887220752 2271207163915844 2271207803412576 47919086899216 47920687222800 2271207803412604 2271208444368948
47924688191504 47923087867920 2271208444369382 2271209076254846 47922287546384 47923887869968 2271209076254874 2271209715682530
47927888838672 47926288515088 2271209715683020 2271210356680482 47925488193552 47927088517136 2271210356680510 2271210993095156
47931089485840 47929489162256 2271210993096682 2271211622072694 47928688840720 47930289164304 2271211622072736 2271212267581558
47934290133008 47932689809424 2271212267582874 2271212893235804 47931889487888 47933489811472 2271212893235832 2271213537338872
47937490780176 47935890456592 2271213537339166 2271214171851828 47935090135056 47936690458640 2271214171851856 2271214806807086
47940691427344 47939091103760 2271214806807324 2271215440370268 47938290782224 47939891105808 2271215440370296 2271216072586412
47943892074512 47942291750928 2271216072586664 2271216676209950 47941491429392 47943091752976 2271216676209978 2271217306790852
47947092721680 47945492398096 2271217306792308 2271217916342438 47944692076560 47946292400144 2271217916342466 2271218536158166

47826442338320 47824842014736 2271204480606740 2271205111144354 47824041693200 47825642016784 2271205111144382 2271205748059108
47829642985488 47828042661904 2271205748060410 2271206375347140 47827242340368 47828842663952 2271206375347168 2271207009095682
47832843632656 47831243309072 2271207009096102 2271207638723100 47830442987536 47832043311120 2271207638723128 2271208268205786
47836044279824 47834443956240 2271208268206206 2271208886210390 47833643634704 47835243958288 2271208886210418 2271209518151056
47839244926992 47837644603408 2271209518152512 2271210133988978 47836844281872 47838444605456 2271210133989006 2271210767907298
47842445574160 47840845250576 2271210767907830 2271211391872766 47840044929040 47841645252624 2271211391872794 2271212023356444
47845646221328 47844045897744 2271212023356850 2271212638893674 47843245576208 47844845899792 2271212638893702 2271213276077704
47848846868496 47847246544912 2271213276078936 2271213883618554 47846446223376 47848046546960 2271213883618582 2271214497272868
47852047515664 47850447192080 2271214497273526 2271215108048460 47849646870544 47851247194128 2271215108048488 2271215734826864

46979774226448 46978173902864 2271205157679920 2271205788723284 46977373581328 46978973904912 2271205788723312 2271206428871590
46982974873616 46981374550032 2271206428872822 2271207056514732 46980574228496 46982174552080 2271207056515936 2271207689910320
46986175520784 46984575197200 2271207689911566 2271208309273932 46983774875664 46985375199248 2271208309273960 2271208952086942
46989376167952 46987775844368 2271208952088188 2271209576451508 46986975522832 46988575846416 2271209576451536 2271210212166826
46992576815120 46990976491536 2271210212167260 2271210834008648 46990176170000 46991776493584 2271210834008676 2271211459728428
46995777462288 46994177138704 2271211459728876 2271212080668944 46993376817168 46994977140752 2271212080673942 2271212719001128
46998978109456 46997377785872 2271212719001688 2271213344595426 46996577464336 46998177787920 2271213344595454 2271213976603740
47002178756624 47000578433040 2271213976605112 2271214591073974 46999778111504 47001378435088 2271214591074002 2271215211530230
47005379403792 47003779080208 2271215211530496 2271215822864282 47002978758672 47004579082256 2271215822864310 2271216436463464

47013457399824 47011857076240 2271209758931750 2271210396687862 47011056754704 47012657078288 2271210396687890 2271211035214926
47016658046992 47015057723408 2271211035216186 2271211663590436 47014257401872 47015857725456 2271211663590464 2271212299117650
47019858694160 47018258370576 2271212299118070 2271212920011952 47017458049040 47019058372624 2271212920011980 2271213560176666
47023059341328 47021459017744 2271213560177212 2271214192419256 47020658696208 47022259019792 2271214192419284 2271214819797980
47026259988496 47024659664912 2271214819799268 2271215437277108 47023859343376 47025459666960 2271215437277136 2271216066861644
47029460635664 47027860312080 2271216066863338 2271216678330824 47027059990544 47028660314128 2271216678330852 2271217302847710
47032661282832 47031060959248 2271217302848900 2271217920311144 47030260637712 47031860961296 2271217920311172 2271218550143648
47035861930000 47034261606416 2271218550143886 2271219167480186 47033461284880 47035061608464 2271219167480214 2271219799188214
47039062577168 47037462253584 2271219799188634 2271220411795748 47036661932048 47038262255632 2271220411795776 2271221031162132
