16 8868
2271284376591370 2271284376610550 2271284378173314 2271285010366372 2271285010366414 2271285010444856 2271285075480582 2271285696172724
2271285696174320 2271285696672258 2271285768696490 2271286400675544 2271286400675572 2271286400929294 2271286459217720 2271287083706550
2271287083708370 2271287084080294 2271287149196058 2271287786692918 2271287786692946 2271287787354894 2271287834860506 2271288458788790
2271288458790582 2271288459039908 2271288523093324 2271289161026172 2271289161026214 2271289161356040 2271289205337572 2271289838079234
2271289838079752 2271289838553666 2271289895415156 2271290527798460 2271290527798502 2271290528030048 2271290577541230 2271291214433724
2271291214434270 2271291214885812 2271291270945900 2271291907026478 2271291907026506 2271291907318000 2271291961264298 2271292602491388
2271292602493082 2271292603742414 2271292651103826 2271293275846420 2271293275846448 2271293276476756 2271293337199936 2271293967187084
2271293967188904 2271293969177758 2271294031690110 2271294648987672 2271294648987700 2271294649747998 2271294710363168 2271295338167744
2271295338169732 2271295339311992 2271295406644166 2271296038691848 2271296038691876 2271296039098996 2271296082560022 2271296711099234

2271284010792398 2271284010937998 2271284012447660 2271284708293006 2271284708293048 2271284708546994 2271284709655220 2271285401807758
2271285401809424 2271285402200290 2271285402903748 2271286092364786 2271286092364814 2271286092620720 2271286093460132 2271286781693006
2271286781693622 2271286782331532 2271286783419262 2271287468012430 2271287468012472 2271287468295846 2271287469085264 2271288155745210
2271288155745924 2271288156286002 2271288157346950 2271288838042882 2271288838042910 2271288838267372 2271288839459234 2271289525547644
2271289525548358 2271289528862956 2271289529663518 2271290210152614 2271290210152656 2271290210969374 2271290211770832 2271290898513182
2271290898514820 2271290899127404 2271290905107252 2271291593777458 2271291593777486 2271291594661726 2271291595501376 2271292280991944
2271292280992728 2271292283975918 2271292285397604 2271292969147300 2271292969147328 2271292969796298 2271292971309082 2271293656455866
2271293656456412 2271293662410864 2271293665920258 2271294343229520 2271294343229548 2271294343745742 2271294344623556 2271295033550298
2271295033551964 2271295039297424 2271295040916944 2271295715512600 2271295715512642 2271295715892140 2271295716800684 2271296398529886

2271289496331590 2271289496915838 2271289497974826 2271290125927368 2271290125927396 2271290126270242 2271290194831434 2271290818080676
2271290818081180 2271290818761552 2271290888434540 2271291519578200 2271291519578242 2271291519816872 2271291578955784 2271292206164240
2271292206164758 2271292206767696 2271292268946834 2271292896986834 2271292896986862 2271292897228474 2271292954604072 2271293582702928
2271293582704622 2271293584058240 2271293642841860 2271294268881932 2271294268883472 2271294269761034 2271294324524512 2271294953808678
2271294953810288 2271294957457386 2271295015167864 2271295644774702 2271295644774730 2271295645278086 2271295697292230 2271296321849898
2271296321851676 2271296323142336 2271296385255576 2271297014738332 2271297014739536 2271297015164730 2271297081021752 2271297721396816
2271297721398454 2271297726315170 2271297770863870 2271298395005850 2271298395005878 2271298395350908 2271298455978454 2271299092798624
2271299092800290 2271299098149200 2271299151426774 2271299779677656 2271299779679056 2271299780174138 2271299830121868 2271300455591062
2271300455592770 2271300459545040 2271300526407528 2271301145069306 2271301145069348 2271301146015090 2271301202325134 2271301832822260

2271385763642282 2271385764003132 2271385765431916 2271386450891600 2271386450891642 2271386451136180 2271386451933606 2271387135901772
2271387135903298 2271387136637500 2271387137430586 2271387821235316 2271387821235358 2271387821502128 2271387822298882 2271388507246054
2271388507247440 2271388507812396 2271388508717916 2271389191276996 2271389191277038 2271389191504832 2271389192277632 2271389878037644
2271389878039156 2271389878560320 2271389879350298 2271390561318326 2271390561318368 2271390561593356 2271390562333200 2271391248689122
2271391248690564 2271391249013264 2271391249764532 2271391931360874 2271391931360902 2271391931668230 2271391932498388 2271392618660872
2271392618661418 2271392625356498 2271392626116432 2271393311594596 2271393311594638 2271393311977524 2271393313176568 2271393996772040
2271393996773608 2271394002563266 2271394003445798 2271394679431696 2271394679431738 2271394680016994 2271394680719710 2271395365152382
2271395365153208 2271395367851036 2271395369171516 2271396049185858 2271396049185900 2271396050364784 2271396051122268 2271396728829788
2271396728831398 2271396730534820 2271396731891966 2271397411979262 2271397411979304 2271397412576194 2271397426896668 2271398107203106

2271285980608246 2271285980743206 2271285982034174 2271286616680018 2271286616680046 2271286616924780 2271286620584464 2271287250264928
2271287250265628 2271287250627528 2271287315896676 2271287947278910 2271287947278952 2271287947515902 2271288005405720 2271288636731520
2271288636732024 2271288637001342 2271288689062148 2271289326645346 2271289326645374 2271289326822026 2271289391634914 2271290021463680
2271290021465458 2271290021721168 2271290069982458 2271290702167424 2271290702167452 2271290702344370 2271290765780120 2271291391517526
2271291391519262 2271291391698364 2271291443051778 2271292068171224 2271292068171252 2271292068352034 2271292132472146 2271292768814160
2271292768816092 2271292769116952 2271292819353586 2271293449851636 2271293449851664 2271293450032558 2271293511793348 2271294144922852
2271294144923636 2271294145254008 2271294208206380 2271294846132410 2271294846132438 2271294846311764 2271294880921976 2271295510119804
2271295510120434 2271295510436008 2271295573679608 2271296195809438 2271296195809466 2271296196017646 2271296254203746 2271296867349860
2271296867351750 2271296867609658 2271296944470834 2271297544190192 2271297544190234 2271297544854702 2271297643891836 2271298242331090

2271288009551274 2271288009723124 2271288011200446 2271288648660304 2271288648661690 2271288648898192 2271288708483788 2271289343961344
2271289343962184 2271289344243178 2271289401644466 2271290026417286 2271290026418980 2271290026649924 2271290092171982 2271290717092656
2271290717094728 2271290717363766 2271290782155514 2271291404362036 2271291404362078 2271291404603228 2271291467818912 2271292097873456
2271292097875136 2271292098428696 2271292156059248 2271292779510678 2271292779512162 2271292779735924 2271292837748900 2271293461815952
2271293461817842 2271293462301822 2271293528380100 2271294141698274 2271294141698302 2271294142009830 2271294210503668 2271294823200578
2271294823202412 2271294823637280 2271294899893446 2271295526609004 2271295526610292 2271295527931990 2271295594232378 2271296222443178
2271296222444718 2271296223366646 2271296284082266 2271296901456814 2271296901458676 2271296902084364 2271296969189864 2271297590541000
2271297590541798 2271297590901976 2271297664633452 2271298274495950 2271298274495992 2271298274998564 2271298343330100 2271298959336274
2271298959337968 2271298962598974 2271299039618938 2271299666631590 2271299666633060 2271299667415450 2271299715552546 2271300334493834

2271282115253424 2271282115273108 2271282116913292 2271282738520222 2271282738520250 2271282738592938 2271282755231056 2271283376436060
2271283376437628 2271283376514768 2271283450551248 2271284072033438 2271284072034796 2271284072207178 2271284139212018 2271284773368394
2271284773370032 2271284773553656 2271284826134842 2271285475631382 2271285475631424 2271285475861948 2271285516623858 2271286140098682
2271286140099452 2271286140282838 2271286204632942 2271286842732600 2271286842732642 2271286842921320 2271286888902962 2271287513087628
2271287513090022 2271287513274542 2271287576825680 2271288192604312 2271288192605488 2271288192771542 2271288264614572 2271288883200288
2271288883200848 2271288883622318 2271288942544874 2271289571912634 2271289571913894 2271289572529824 2271289634475050 2271290257466244
2271290257467784 2271290260736294 2271290345689148 2271290966112476 2271290966112504 2271290966662298 2271291014671042 2271291635140276
2271291635142040 2271291636444250 2271291717768360 2271292337629154 2271292337630330 2271292337885774 2271292399485466 2271293024481908
2271293024483462 2271293025073324 2271293078868884 2271293693664506 2271293693664548 2271293694044060 2271293773622118 2271294398164638

2271282045423482 2271282045577090 2271282047175806 2271282672339058 2271282672340402 2271282672528926 2271282733668102 2271283357131530
2271283357133238 2271283357688352 2271283419199200 2271284046631908 2271284046633378 2271284046871448 2271284104052278 2271284731701230
2271284731702840 2271284732119732 2271284790447904 2271285413539506 2271285413540976 2271285413844090 2271285474052308 2271286107586972
2271286107588736 2271286107904324 2271286161128306 2271286793909350 2271286793910610 2271286794221844 2271286844083726 2271287467667344
2271287467668954 2271287467882244 2271287531516360 2271288159981148 2271288159982408 2271288160245734 2271288214204576 2271288838629720
2271288838631190 2271288841070494 2271288907904884 2271289532228066 2271289532229494 2271289532834392 2271289594944370 2271290228244492
2271290228246312 2271290229924100 2271290285220348 2271290918902838 2271290918904112 2271290919357796 2271290962488786 2271291581599194
2271291581600916 2271291583660204 2271291650753328 2271292273223554 2271292273224800 2271292273852714 2271292332897308 2271292950238158
2271292950239908 2271292951153114 2271293013325532 2271293632630988 2271293632632472 2271293633215362 2271293694878908 2271294314024596

2271279277114218 2271279277129800 2271279278540342 2271279911626572 2271279911626600 2271279911864810 2271279916167150 2271280546323348
2271280546324160 2271280546607352 2271280548263580 2271281173143094 2271281173143122 2271281173224938 2271281244277780 2271281878990502
2271281878991426 2271281879065206 2271281933796456 2271282561822134 2271282561822162 2271282561975518 2271282623601754 2271283255350354
2271283255351068 2271283255416224 2271283337640534 2271283968943416 2271283968943444 2271283969013612 2271284003570848 2271284630614398
2271284630614930 2271284630695234 2271284693862296 2271285318586662 2271285318586690 2271285318650866 2271285372900166 2271286009609974
2271286009610492 2271286009674878 2271286069701558 2271286704842708 2271286704842736 2271286705094526 2271286752117474 2271287383274854
2271287383275820 2271287383343412 2271287451695654 2271288076137066 2271288076137094 2271288076203076 2271288143193720 2271288778563812
2271288778564596 2271288778632734 2271288820126004 2271289437704322 2271289437704350 2271289437788336 2271289492966550 2271290121673062
2271290121673986 2271290121745036 2271290173155948 2271290781523022 2271290781523050 2271290781590180 2271290856706270 2271291477652344

2271279229128686 2271279229459800 2271279230545150 2271279855692736 2271279855692764 2271279855891858 2271279869097120 2271280495993026
2271280495994748 2271280496059428 2271280564423304 2271281189405480 2271281189405508 2271281189679334 2271281246796814 2271281876910452
2271281876912174 2271281877125044 2271281937532398 2271282566073528 2271282566073556 2271282566306908 2271282625122616 2271283249693052
2271283249694648 2271283249966318 2271283318491250 2271283944235250 2271283944235292 2271283944456562 2271283999865482 2271284628491228
2271284628492866 2271284628708284 2271284683962210 2271285308443242 2271285308443284 2271285308663056 2271285372215048 2271286000156796
2271286000158588 2271286000442648 2271286063515070 2271286694731838 2271286694731866 2271286694947046 2271286756500524 2271287383511300
2271287383513106 2271287383728622 2271287443585090 2271288071654098 2271288071654126 2271288071868410 2271288129559834 2271288752183262
2271288752184032 2271288752405344 2271288815360474 2271289439668018 2271289439668060 2271289439956656 2271289501280520 2271290124246542
2271290124248376 2271290124767356 2271290182771722 2271290803447764 2271290803447806 2271290804294876 2271290887465334 2271291518911016

2271285388926428 2271285389175334 2271285390727066 2271286027732638 2271286027733870 2271286028031090 2271286028824302 2271286662869434
2271286662870190 2271286663150260 2271286664044090 2271287291601902 2271287291601930 2271287291669466 2271287349917208 2271287973167766
2271287973168522 2271287973231592 2271288047666862 2271288673658522 2271288673658564 2271288673720374 2271288749768094 2271289376142668
2271289376143438 2271289376211422 2271289421363060 2271290036637426 2271290036637468 2271290036698424 2271290116828446 2271290742477008
2271290742477848 2271290742550200 2271290788909296 2271291414863982 2271291414865228 2271291414934108 2271291477630742 2271292105037102
2271292105037872 2271292105103910 2271292172037910 2271292801050854 2271292801050882 2271292801119006 2271292855966540 2271293479220808
2271293479221620 2271293479287308 2271293548631814 2271294165468328 2271294165469728 2271294165535416 2271294249033404 2271294869478824
2271294869479622 2271294869545744 2271294918022634 2271295546861656 2271295546861684 2271295546934092 2271295614107632 2271296237737688
2271296237739284 2271296237805000 2271296303517430 2271296916050092 2271296916050120 2271296916111258 2271296967980712 2271297594659408

2271396378491268 2271396378629714 2271396380245412 2271397006902842 2271397006902870 2271397007138686 2271397018367134 2271397643763668
2271397643765572 2271397643825282 2271397691259452 2271398319079428 2271398319079456 2271398319357230 2271398380510518 2271399008036830
2271399008038440 2271399008251058 2271399065715696 2271399699900884 2271399699900912 2271399700124940 2271399747467158 2271400383258510
2271400383260274 2271400383627746 2271400441594242 2271401084464960 2271401084464988 2271401084792504 2271401127781212 2271401775352542
2271401775354124 2271401775564530 2271401801587632 2271402427095970 2271402427097174 2271402427310576 2271402493880100 2271403128435714
2271403128437534 2271403128672412 2271403174713526 2271403798429990 2271403798431236 2271403798709304 2271403866500272 2271404500707930
2271404500708700 2271404500954652 2271404563594376 2271405197722654 2271405197723886 2271405197953892 2271405253037508 2271405880864834
2271405880866486 2271405881158792 2271405924481078 2271406547085018 2271406547085060 2271406547628540 2271406607561378 2271407230557234
2271407230557752 2271407232272290 2271407288155754 2271407906365136 2271407906365178 2271407906942524 2271407972836310 2271408588255576

2271280573448208 2271280573812348 2271280575289138 2271281210646658 2271281210646686 2271281210909004 2271281212418008 2271281842125394
2271281842125898 2271281842194064 2271281894900872 2271282526155328 2271282526155356 2271282526339834 2271282598214294 2271283228699982
2271283228701704 2271283229017544 2271283281403640 2271283907698316 2271283907698344 2271283907882668 2271283984422754 2271284633064664
2271284633066274 2271284633387448 2271284657384008 2271285299367098 2271285299367140 2271285299569874 2271285358578026 2271285987161380
2271285987163214 2271285987379206 2271286035855312 2271286668775488 2271286668775516 2271286668962430 2271286725262352 2271287360436108
2271287360436822 2271287360832714 2271287412144632 2271288047915922 2271288047915950 2271288048087450 2271288104573768 2271288747310702
2271288747311570 2271288747647948 2271288801001808 2271289423798402 2271289423798430 2271289423981956 2271289473893748 2271290115821874
2271290115823330 2271290116190480 2271290166456136 2271290785496922 2271290785496950 2271290785714804 2271290846990606 2271291456045038
2271291456046718 2271291456406714 2271291536429552 2271292152025652 2271292152025694 2271292152759392 2271292236713206 2271292853547858

2271277890089894 2271277890404908 2271277891985158 2271278514340738 2271278514340766 2271278514416926 2271278588529426 2271279210587310
2271279210589060 2271279210890452 2271279282121864 2271279906813302 2271279906813330 2271279907042846 2271279972643248 2271280595692990
2271280595693480 2271280596229736 2271280662624148 2271281285255010 2271281285255038 2271281285476070 2271281348287896 2271281972819706
2271281972820308 2271281973395372 2271282036519944 2271282653899336 2271282653899378 2271282654214700 2271282718208448 2271283343796166
2271283343798014 2271283344353590 2271283408840572 2271284032111626 2271284032111654 2271284032554110 2271284090976852 2271284720830734
2271284720832526 2271284723854622 2271284784331626 2271285415869274 2271285415869316 2271285416920982 2271285474691002 2271286098480000
2271286098480336 2271286100717032 2271286164530544 2271286789050160 2271286789050188 2271286789905994 2271286850533484 2271287472424796
2271287472425384 2271287475731120 2271287545100028 2271288160915508 2271288160915550 2271288161715804 2271288223645028 2271288833682918
2271288833683786 2271288836584796 2271288920046622 2271289531067956 2271289531067984 2271289531765394 2271289595989540 2271290213077858

2271278567056940 2271278567076596 2271278568955130 2271279192009688 2271279192009730 2271279192212520 2271279206950166 2271279829538118
2271279829539616 2271279829611646 2271279889975474 2271280513810238 2271280513810266 2271280513992406 2271280590987884 2271281211950296
2271281211951234 2271281212368154 2271281277906802 2271281902835876 2271281902835904 2271281903022202 2271281968392794 2271282598767854
2271282598769282 2271282599195246 2271282655163760 2271283280860692 2271283280860720 2271283281115800 2271283340630080 2271283961134944
2271283961135644 2271283962345468 2271284028583556 2271284655069654 2271284655069682 2271284655534076 2271284716375710 2271285348844414
2271285348846696 2271285349732742 2271285401455630 2271286033555434 2271286033555462 2271286033805152 2271286094449498 2271286724186032
2271286724186466 2271286726469502 2271286797440556 2271287426670304 2271287426670346 2271287426922248 2271287467510348 2271288091813986
2271288091814434 2271288093563398 2271288169104094 2271288791519020 2271288791520042 2271288791869524 2271288851256278 2271289477595474
2271289477596258 2271289479294738 2271289530637974 2271290138432056 2271290138432084 2271290138763898 2271290217226884 2271290830215540

2271283168522158 2271283168613494 2271283170278374 2271283794383254 2271283794383296 2271283794572142 2271283856754080 2271284478858388
2271284478859200 2271284479106300 2271284542287348 2271285165166626 2271285165166654 2271285165464994 2271285227145088 2271285851911720
2271285851912560 2271285852490200 2271285913536458 2271286531684058 2271286531684086 2271286531906756 2271286597145622 2271287225764900
2271287225765740 2271287226260878 2271287284218946 2271287903175578 2271287903175606 2271287903396204 2271287967181702 2271288589460702
2271288589462368 2271288589935106 2271288654616660 2271289271330772 2271289271330800 2271289271560764 2271289337302944 2271289950477674
2271289950479438 2271289951735616 2271290030807574 2271290651182210 2271290651182238 2271290651932246 2271290718038888 2271291345468124
2271291345468964 2271291347123806 2271291408316280 2271292031839418 2271292031839460 2271292032251228 2271292085592264 2271292709111636
2271292709112434 2271292713986828 2271292774059246 2271293389253196 2271293389253224 2271293389665944 2271293455995858 2271294072853778
2271294072855528 2271294075596070 2271294136866090 2271294761879444 2271294761879472 2271294762220498 2271294817985844 2271295435774960
