16 78
2270715887519534 2270715888085162 2270715888615972 2270715894450206 2270715888085204 2270715888342496 2270715894496588 2270715900062876
2270715900064444 2270715900242944 2270715901001520 2270715906767770 2270715900242986 2270715900463360 2270715906808860 2270715912631992
2270715912634960 2270715912812648 2270715913562726 2270715919211866 2270715912812690 2270715913016110 2270715919250282 2270715924924706
2270715924925196 2270715925101064 2270715925492042 2270715931289764 2270715925101092 2270715925219252 2270715931328348 2270715937000532
2270715937002324 2270715937214004 2270715937509460 2270715943170122 2270715937214032 2270715937333942 2270715943218632 2270715948871552
2270715948874380 2270715949047588 2270715949638584 2270715955295396 2270715949047616 2270715949164306 2270715955333364 2270715960985864
2270715960986340 2270715961161508 2270715961458322 2270715967534798 2270715961161536 2270715961275454 2270715967581110 2270715973310120
2270715973311576 2270715973490608 2270715973793904 2270715979638582 2270715973490650 2270715973609846 2270715979681674 2270715985455316
2270715985457164 2270715985719188 2270715986059052 2270715991734134 2270715985719216 2270715985847736 2270715991774426 2270715997336052

2270715520851316 2270715521317530 2270715521951702 2270715528001606 2270715521317572 2270715521668622 2270715528046602 2270715533941946
2270715533942688 2270715534163118 2270715534480050 2270715540506826 2270715534163146 2270715534292828 2270715540550030 2270715546517852
2270715546520484 2270715546733550 2270715547036062 2270715552826084 2270715546733592 2270715546862490 2270715552867440 2270715558436346
2270715558437186 2270715558611080 2270715558909602 2270715564672030 2270715558611108 2270715558727798 2270715564760510 2270715570325230
2270715570326504 2270715570497360 2270715570825394 2270715576503472 2270715570497402 2270715570614554 2270715576549126 2270715582224012
2270715582226392 2270715582397794 2270715582808302 2270715588527190 2270715582397822 2270715582521274 2270715588563366 2270715594141232
2270715594142632 2270715594314958 2270715595069306 2270715600724242 2270715594314986 2270715594430010 2270715600763092 2270715606319650
2270715606321064 2270715606494776 2270715607042078 2270715612703440 2270715606494818 2270715606699246 2270715612742332 2270715618402560
2270715618403302 2270715618575432 2270715619324642 2270715625011848 2270715618575474 2270715618691856 2270715625051412 2270715630606710

2270721005306362 2270721005741398 2270721006345918 2270721012152698 2270721005741440 2270721006073898 2270721012196182 2270721017747532
2270721017749394 2270721017927390 2270721018799506 2270721024439028 2270721017927432 2270721018049274 2270721024477738 2270721030512312
2270721030512830 2270721030691638 2270721031360362 2270721037267774 2270721030691666 2270721030809938 2270721037309060 2270721042871414
2270721042871918 2270721043051314 2270721043355226 2270721049013214 2270721043051356 2270721043173422 2270721049051672 2270721054610022
2270721054611646 2270721054856940 2270721055162742 2270721060804938 2270721054856968 2270721054983542 2270721060842220 2270721066396818
2270721066398540 2270721066572714 2270721067010032 2270721072683840 2270721066572742 2270721066689180 2270721072722578 2270721078265136
2270721078265654 2270721078441928 2270721078971534 2270721084650746 2270721078441970 2270721078685318 2270721084687804 2270721090321012
2270721090322538 2270721090495242 2270721091419438 2270721097082746 2270721090495270 2270721090614760 2270721097122170 2270721102663552
2270721102665232 2270721102841296 2270721103368732 2270721109098792 2270721102841324 2270721102956166 2270721109133344 2270721114691414

2270817274671722 2270817275118294 2270817275713392 2270817281541578 2270817275118336 2270817275432986 2270817281585552 2270817287133990
2270817287134872 2270817287313246 2270817287686528 2270817293348982 2270817287313288 2270817287435382 2270817293389078 2270817299083088
2270817299083746 2270817299261238 2270817300242568 2270817306053310 2270817299261266 2270817299372874 2270817306091880 2270817311746578
2270817311747026 2270817311968086 2270817312638910 2270817318296912 2270817311968114 2270817312080702 2270817318336854 2270817323899852
2270817323900664 2270817324074096 2270817324585782 2270817330236742 2270817324074124 2270817324263670 2270817330275564 2270817335974404
2270817335976546 2270817336150944 2270817336506390 2270817342157462 2270817336150986 2270817336261712 2270817342197082 2270817347854076
2270817347854580 2270817348076186 2270817349009832 2270817354682632 2270817348076214 2270817348186394 2270817354721174 2270817360354578
2270817360355082 2270817360597870 2270817360903280 2270817366570942 2270817360597912 2270817360723506 2270817366610436 2270817372150544
2270817372151426 2270817372323710 2270817373137530 2270817378844000 2270817372323738 2270817372444964 2270817378883508 2270817384536666

2270717490078212 2270717490494796 2270717491038906 2270717496776148 2270717490494824 2270717490729940 2270717496821060 2270717502371486
2270717502372186 2270717502618474 2270717503113556 2270717508856818 2270717502618502 2270717502801930 2270717508893932 2270717514561286
2270717514561986 2270717514734900 2270717515644032 2270717521280264 2270717514734942 2270717514918636 2270717521318064 2270717526869190
2270717526869722 2270717527045184 2270717527845480 2270717533501172 2270717527045226 2270717527161258 2270717533537572 2270717539097420
2270717539098106 2270717539270922 2270717539968640 2270717545898648 2270717539270950 2270717539390790 2270717545946752 2270717551822580
2270717551824946 2270717551998252 2270717552282032 2270717557936170 2270717551998280 2270717552112604 2270717557976546 2270717563515030
2270717563515534 2270717563687048 2270717564406564 2270717570267006 2270717563687076 2270717563884882 2270717570305772 2270717575955780
2270717575956284 2270717576128624 2270717576491630 2270717582149982 2270717576128652 2270717576247806 2270717582188846 2270717587728240
2270717587729738 2270717587900944 2270717588517126 2270717594256846 2270717587900972 2270717588021134 2270717594293876 2270717599837386

2270719518459868 2270719518926264 2270719519513620 2270719525234146 2270719518926306 2270719519236224 2270719525277252 2270719530829358
2270719530830002 2270719531007606 2270719531960978 2270719537610132 2270719531007634 2270719531129098 2270719537649850 2270719543315020
2270719543317470 2270719543490790 2270719544523920 2270719550148252 2270719543490818 2270719543605254 2270719550185058 2270719555845790
2270719555846280 2270719556023506 2270719556384986 2270719562151362 2270719556023548 2270719556139314 2270719562191066 2270719567847262
2270719567848830 2270719568132078 2270719568480846 2270719574243274 2270719568132106 2270719568261284 2270719574291126 2270719580039344
2270719580041850 2270719580213630 2270719580641204 2270719586483614 2270719580213658 2270719580333316 2270719586522786 2270719592307628
2270719592309266 2270719592480514 2270719592760794 2270719598432278 2270719592480542 2270719592591422 2270719598474810 2270719604014050
2270719604014540 2270719604186530 2270719604772416 2270719610539772 2270719604186558 2270719604354852 2270719610580904 2270719616227300
2270719616227916 2270719616397932 2270719616688656 2270719622439856 2270719616397960 2270719616514328 2270719622567634 2270719628182950

2270713625333188 2270713625771892 2270713626375446 2270713632199292 2270713625771920 2270713626025530 2270713632245282 2270713637808700
2270713637809736 2270713637989944 2270713638288088 2270713643947924 2270713637989986 2270713638109042 2270713643987572 2270713649658272
2270713649658790 2270713649833230 2270713650882320 2270713656552012 2270713649833272 2270713649950760 2270713656590288 2270713662164024
2270713662165704 2270713662341936 2270713663255842 2270713669060662 2270713662341964 2270713662461944 2270713669102466 2270713674682628
2270713674683538 2270713674857880 2270713675260394 2270713680903290 2270713674857922 2270713674983068 2270713680941440 2270713686515918
2270713686516590 2270713686690316 2270713687246634 2270713692898882 2270713686690344 2270713686804192 2270713692937606 2270713698492414
2270713698492918 2270713698665370 2270713699651068 2270713705326416 2270713698665398 2270713698780982 2270713705364048 2270713711014406
2270713711015414 2270713711187250 2270713711571914 2270713717226752 2270713711187278 2270713711309176 2270713717266302 2270713722821152
2270713722821810 2270713722994444 2270713723658940 2270713729315500 2270713722994472 2270713723108236 2270713729356142 2270713735003210

2270713555589388 2270713556045368 2270713556559714 2270713562365556 2270713556045396 2270713556284362 2270713562447932 2270713567962014
2270713567963764 2270713568181660 2270713568491732 2270713574147900 2270713568181688 2270713568313666 2270713574187618 2270713579854062
2270713579855616 2270713580028740 2270713580498230 2270713586298822 2270713580028768 2270713580144828 2270713586341676 2270713591907222
2270713591907922 2270713592081802 2270713593039668 2270713599127876 2270713592081830 2270713592204792 2270713599164080 2270713604733924
2270713604735478 2270713604906068 2270713605304354 2270713610954418 2270713604906110 2270713605029982 2270713610992190 2270713616537254
2270713616538696 2270713616708348 2270713617690056 2270713623437812 2270713616708376 2270713616821972 2270713623475262 2270713629436700
2270713629437218 2270713629687762 2270713630024770 2270713635708658 2270713629687790 2270713629843512 2270713635750322 2270713641299726
2270713641301574 2270713641472682 2270713641906556 2270713647696046 2270713641472710 2270713641594174 2270713647734210 2270713653279526
2270713653281038 2270713653449304 2270713653738096 2270713659394950 2270713653449332 2270713653563362 2270713659431952 2270713665179946

2270710787099258 2270710787528638 2270710788119382 2270710793827756 2270710787528680 2270710787849112 2270710793871604 2270710799419608
2270710799421274 2270710799598164 2270710800045478 2270710805690306 2270710799598206 2270710799721196 2270710805731158 2270710811386948
2270710811387634 2270710811620874 2270710812018908 2270710817657394 2270710811620902 2270710811740126 2270710817694620 2270710823247482
2270710823247972 2270710823425128 2270710824322640 2270710829975742 2270710823425156 2270710823541664 2270710830011596 2270710835665860
2270710835666490 2270710835841700 2270710836536030 2270710842296400 2270710835841728 2270710835963318 2270710842345092 2270710847980680
2270710847983046 2270710848156702 2270710849232210 2270710854847092 2270710848156730 2270710848272958 2270710854883744 2270710860425630
2270710860426064 2270710860599482 2270710860951596 2270710866620868 2270710860599524 2270710860717908 2270710866656974 2270710872206322
2270710872207792 2270710872379460 2270710873393452 2270710879055080 2270710872379488 2270710872500154 2270710879094322 2270710884632260
2270710884633744 2270710884803774 2270710885093168 2270710890740460 2270710884803802 2270710884918756 2270710890776090 2270710896436402

2270710739818402 2270710740331992 2270710740839366 2270710746631964 2270710740332020 2270710740571434 2270710746676162 2270710752222374
2270710752222892 2270710752399642 2270710752811648 2270710758565298 2270710752399670 2270710752520210 2270710758604106 2270710764265244
2270710764265776 2270710764438718 2270710765403290 2270710771069496 2270710764438746 2270710764556710 2270710771106008 2270710776661838
2270710776664344 2270710776837594 2270710777654018 2270710783278518 2270710776837636 2270710776962726 2270710783318894 2270710788878546
2270710788879386 2270710789116392 2270710789781588 2270710795407446 2270710789116420 2270710789230618 2270710795445022 2270710800988042
2270710800988546 2270710801161376 2270710801769662 2270710807514338 2270710801161404 2270710801278990 2270710807551144 2270710813095214
2270710813096726 2270710813266770 2270710814028356 2270710819801032 2270710813266812 2270710813389172 2270710819838678 2270710825492508
2270710825493894 2270710825664638 2270710825955754 2270710831602976 2270710825664666 2270710825779704 2270710831641084 2270710837279598
2270710837280102 2270710837452582 2270710838188702 2270710843935492 2270710837452610 2270710837566808 2270710843973824 2270710849723974

2270716898267748 2270716898763964 2270716899277778 2270716904997842 2270716898763992 2270716899002272 2270716905043174 2270716910594132
2270716910594846 2270716910772422 2270716911158738 2270716917006132 2270716910772464 2270716910895006 2270716917042728 2270716922799808
2270716922800382 2270716922975060 2270716923280988 2270716929265470 2270716922975088 2270716923102628 2270716929302612 2270716935061344
2270716935061806 2270716935236134 2270716935532780 2270716941278968 2270716935236162 2270716935353020 2270716941317636 2270716946873914
2270716946874432 2270716947045330 2270716947997176 2270716953651706 2270716947045372 2270716947165212 2270716953696898 2270716959517552
2270716959519876 2270716959692804 2270716960077776 2270716965833834 2270716959692832 2270716959815836 2270716965871816 2270716971629554
2270716971630072 2270716971803000 2270716972096468 2270716977867464 2270716971803042 2270716971916764 2270716977907882 2270716983728340
2270716983728858 2270716983942904 2270716984311048 2270716990411646 2270716983942946 2270716984060266 2270716990450888 2270716996231348
2270716996231852 2270716996405424 2270716996698150 2270717002460802 2270716996405452 2270716996525320 2270717002500828 2270717008049112

2270827888261492 2270827888709618 2270827889211518 2270827894908300 2270827888709660 2270827888948864 2270827894951280 2270827900592860
2270827900593574 2270827900821704 2270827901255340 2270827906896164 2270827900821732 2270827900942692 2270827906936652 2270827912699164
2270827912699654 2270827912873422 2270827913295368 2270827919090374 2270827912873450 2270827912988978 2270827919127516 2270827924745212
2270827924746024 2270827924919358 2270827925416386 2270827931060416 2270827924919386 2270827925037406 2270827931098174 2270827936751318
2270827936752844 2270827936922160 2270827937770238 2270827943407380 2270827936922188 2270827937131684 2270827943444914 2270827948997300
2270827948998980 2270827949170116 2270827949954550 2270827955580758 2270827949170144 2270827949286036 2270827955617186 2270827961265472
2270827961265962 2270827961436846 2270827962591944 2270827968255532 2270827961436874 2270827961550540 2270827968293724 2270827973839838
2270827973840706 2270827974012164 2270827974333170 2270827979993972 2270827974012206 2270827974129932 2270827980032108 2270827985690460
2270827985691398 2270827985921978 2270827986591612 2270827992229426 2270827985922006 2270827986046270 2270827992267184 2270827997909254

2270712083527664 2270712083978212 2270712084553206 2270712090396932 2270712083978240 2270712084268642 2270712090442152 2270712096099426
2270712096101162 2270712096279536 2270712096579906 2270712102250746 2270712096279564 2270712096404164 2270712102331820 2270712108103712
2270712108106078 2270712108280994 2270712109085140 2270712114733006 2270712108281022 2270712108397068 2270712114772234 2270712120333188
2270712120333692 2270712120574142 2270712121331528 2270712127005084 2270712120574170 2270712120698490 2270712127045474 2270712132613512
2270712132615206 2270712132789646 2270712133459350 2270712139123960 2270712132789688 2270712132907988 2270712139172526 2270712144910776
2270712144913240 2270712145086196 2270712145437666 2270712151113392 2270712145086224 2270712145208766 2270712151153894 2270712156842948
2270712156845902 2270712157016548 2270712157342748 2270712163008422 2270712157016590 2270712157125440 2270712163047412 2270712168740358
2270712168742024 2270712168917850 2270712169685582 2270712175476374 2270712168917878 2270712169032650 2270712175516792 2270712181070872
2270712181072622 2270712181247216 2270712181970834 2270712187627590 2270712181247244 2270712181364984 2270712187664368 2270712193230264

2270709400938958 2270709401398718 2270709402026730 2270709407746682 2270709401398760 2270709401747598 2270709407790278 2270709413556374
2270709413557718 2270709413735658 2270709414433950 2270709420356678 2270709413735686 2270709413855260 2270709420396984 2270709426151320
2270709426152706 2270709426327650 2270709426994834 2270709432688004 2270709426327678 2270709426447406 2270709432727568 2270709438394460
2270709438395972 2270709438570202 2270709438876452 2270709444680572 2270709438570230 2270709438693584 2270709444720122 2270709450522618
2270709450523962 2270709450696610 2270709450998016 2270709456774150 2270709450696638 2270709450823380 2270709456824256 2270709462503160
2270709462505568 2270709462678692 2270709463055292 2270709468702164 2270709462678790 2270709462798364 2270709468743730 2270709474317046
2270709474317522 2270709474491612 2270709474791282 2270709480467036 2270709474491640 2270709474609842 2270709480506586 2270709486072608
2270709486073924 2270709486248896 2270709486953922 2270709492697044 2270709486248924 2270709486373986 2270709492734648 2270709498597470
2270709498598814 2270709498771854 2270709499064146 2270709505285536 2270709498771882 2270709498886402 2270709505324428 2270709511205842

2270710078270592 2270710078710626 2270710079311618 2270710085129192 2270710078710654 2270710078954268 2270710085173698 2270710090734218
2270710090734708 2270710090913110 2270710091228194 2270710097044998 2270710090913138 2270710091034784 2270710097087488 2270710102766588
2270710102767260 2270710103015144 2270710103813074 2270710109479882 2270710103015172 2270710103155998 2270710109518466 2270710115096444
2270710115098124 2270710115272676 2270710116181654 2270710121926652 2270710115272718 2270710115393566 2270710121964886 2270710127636818
2270710127637322 2270710127810320 2270710128220884 2270710133895042 2270710127810348 2270710127926940 2270710133939800 2270710139584166
2270710139586756 2270710139759250 2270710140174168 2270710145855186 2270710139759278 2270710139878670 2270710145894848 2270710151450636
2270710151452372 2270710151623704 2270710152045440 2270710157760408 2270710151623732 2270710151745546 2270710157800056 2270710163364146
2270710163364818 2270710163537424 2270710164112894 2270710169946372 2270710163537452 2270710163655094 2270710170060178 2270710175951952
2270710175952764 2270710176124684 2270710176589582 2270710182260156 2270710176124712 2270710176241556 2270710182295898 2270710188057486

2270714678062684 2270714678494290 2270714679006564 2270714684726768 2270714678494332 2270714678735118 2270714684771638 2270714690527738
2270714690528480 2270714690787424 2270714691133518 2270714696889366 2270714690787452 2270714690952806 2270714696926844 2270714702699562
2270714702701648 2270714702874548 2270714703243504 2270714708985240 2270714702874576 2270714702998602 2270714709022004 2270714714693558
2270714714694538 2270714714865674 2270714715504690 2270714721361002 2270714714865702 2270714714979564 2270714721394504 2270714726954688
2270714726955276 2270714727128232 2270714727785938 2270714733432362 2270714727128260 2270714727242892 2270714733470596 2270714739233906
2270714739234536 2270714739407982 2270714739879264 2270714745631388 2270714739408010 2270714739668746 2270714745669216 2270714751222638
2270714751223478 2270714751392164 2270714751714962 2270714757386824 2270714751392206 2270714751504024 2270714757427032 2270714763076942
2270714763077432 2270714763359728 2270714764158890 2270714770015244 2270714763359756 2270714763486722 2270714770055886 2270714775609742
2270714775610498 2270714775849926 2270714776159326 2270714781948816 2270714775849968 2270714775978306 2270714781990788 2270714787649448
