16 212
2270789020447248 2270789030578992 2270789052745724 2270789058686778 2270789030579496 2270789040578772 2270789058704418 2270789064629988
2270789052754936 2270789055497648 2270789069404184 2270789075338686 2270789058703606 2270789065178746 2270789077008872 2270789082933294
2270789069402560 2270789075196166 2270789087378364 2270789093321980 2270789077007486 2270789080534744 2270789097562034 2270789103471294
2270789087376558 2270789090259774 2270789107665736 2270789113590130 2270789097560214 2270789101604940 2270789125875186 2270789131836708
2270789107663524 2270789110361450 2270789135516762 2270789141430222 2270789125873338 2270789130634416 2270789144788878 2270789150747264
2270789135514774 2270789138129680 2270789160168858 2270789166105964 2270789144787450 2270789148908952 2270789168292904 2270789174210746
2270789160166562 2270789164793464 2270789185080052 2270789190992322 2270789168291336 2270789171465682 2270789194825578 2270789200733928
2270789185077980 2270789187753114 2270789209298722 2270789215218384 2270789194823702 2270789200960266 2270789219772990 2270789225704160
2270789209296734 2270789211913306 2270789230827866 2270789236719416 2270789219771338 2270789227623574 2270789244680852 2270789250580802

2270788653138376 2270788663563756 2270788680946744 2270788687058696 2270788663564246 2270788674215502 2270788687071674 2270788692982852
2270788680955298 2270788684216164 2270788694638422 2270788700592706 2270788687071030 2270788691897936 2270788701533702 2270788707455002
2270788694636644 2270788698077788 2270788711334136 2270788717272782 2270788701531658 2270788706314352 2270788717286754 2270788723240716
2270788711331686 2270788715179572 2270788731717618 2270788737657776 2270788717285452 2270788720637528 2270788741524422 2270788747453688
2270788731715616 2270788737024038 2270788747464594 2270788753395666 2270788741522588 2270788746039240 2270788765224392 2270788771146266
2270788747463446 2270788749881120 2270788777288962 2270788783227510 2270788765222782 2270788767447984 2270788786705656 2270788792618108
2270788777286876 2270788781651278 2270788798971126 2270788804909786 2270788786704312 2270788789689504 2270788809632182 2270788815544186
2270788798969306 2270788801716960 2270788822787660 2270788828708260 2270788809630012 2270788812194070 2270788835206248 2270788841124188
2270788822785420 2270788825492446 2270788852153430 2270788858058434 2270788835204316 2270788837796262 2270788865091390 2270788871009862

2270794137458896 2270794144350606 2270794162909202 2270794168856556 2270794144350970 2270794158051930 2270794168870766 2270794174784926
2270794162917896 2270794165724686 2270794179974264 2270794185905840 2270794168870192 2270794171769634 2270794191082830 2270794197015974
2270794179972500 2270794184148588 2270794205160026 2270794211075432 2270794191080492 2270794193402224 2270794216259044 2270794222171286
2270794205158164 2270794213557660 2270794224768146 2270794230667970 2270794216257448 2270794219928598 2270794240764154 2270794246684670
2270794224766256 2270794227239118 2270794255554244 2270794261473374 2270794240762418 2270794243564266 2270794263802428 2270794269726402
2270794255552200 2270794257937324 2270794276900646 2270794282820714 2270794263801014 2270794271133808 2270794287420190 2270794293341714
2270794276898952 2270794280261934 2270794302938756 2270794308839392 2270794287418272 2270794293525632 2270794312879442 2270794318781114
2270794302936698 2270794306976034 2270794326971492 2270794332872114 2270794312878952 2270794315620110 2270794336967506 2270794342870844
2270794326969812 2270794332142238 2270794348489912 2270794354405458 2270794336965700 2270794341404526 2270794361549532 2270794367451456

2270890412451010 2270890423418820 2270890444289712 2270890450221204 2270890423419408 2270890433604100 2270890450233860 2270890456165408
2270890444298854 2270890447121758 2270890469571948 2270890475488418 2270890450232810 2270890456969498 2270890475499618 2270890481410166
2270890469570086 2270890473801292 2270890488299426 2270890494227894 2270890475499282 2270890482569072 2270890505353064 2270890511284178
2270890488296892 2270890493156418 2270890518259804 2270890524209104 2270890505351132 2270890509592390 2270890527302726 2270890533217572
2270890518258082 2270890521464068 2270890540958046 2270890546869644 2270890527300486 2270890530158768 2270890550229000 2270890556201428
2270890540955834 2270890543797792 2270890564249006 2270890570162970 2270890550226326 2270890554696540 2270890573945994 2270890579863234
2270890564246556 2270890571402670 2270890587824922 2270890593737864 2270890573943978 2270890581704822 2270890600124160 2270890606056534
2270890587822332 2270890595986082 2270890610345154 2270890616266132 2270890600122004 2270890605445616 2270890620477500 2270890626436880
2270890610342774 2270890616941786 2270890633575354 2270890639481268 2270890620475526 2270890627394984 2270890645703680 2270890651616034

2270790629052386 2270790640782944 2270790655799260 2270790661734532 2270790640783126 2270790650604756 2270790661748616 2270790667692470
2270790655800338 2270790658298708 2270790670762292 2270790676674380 2270790661747972 2270790666255314 2270790677886696 2270790683797594
2270790670760752 2270790673325944 2270790686824702 2270790692761206 2270790677885352 2270790684655444 2270790692774114 2270790698673966
2270790686823036 2270790689118308 2270790698685026 2270790704592130 2270790692773708 2270790695686548 2270790713041676 2270790718958636
2270790698683920 2270790710588960 2270790719689156 2270790725626766 2270790713040080 2270790717934326 2270790733713894 2270790739618506
2270790719687588 2270790721906602 2270790746669102 2270790752564208 2270790733712424 2270790737709326 2270790757274732 2270790763178084
2270790746667618 2270790751109692 2270790768869154 2270790774787906 2270790757273038 2270790759457150 2270790778926726 2270790784815770
2270790768867684 2270790772947998 2270790793866294 2270790799772726 2270790778924948 2270790781223342 2270790805280928 2270790811177938
2270790793864278 2270790798044048 2270790817334326 2270790823218834 2270790805279318 2270790807641622 2270790834521398 2270790840395868

2270792657821744 2270792669191312 2270792684192172 2270792690166168 2270792669191690 2270792679271130 2270792690472852 2270792696401138
2270792684193866 2270792686744260 2270792699932288 2270792705871536 2270792690471018 2270792695325602 2270792705883674 2270792711805142
2270792699930538 2270792702156118 2270792715306164 2270792721234730 2270792705882736 2270792710729942 2270792724702796 2270792730662050
2270792715303812 2270792718897794 2270792731556734 2270792737481114 2270792724700360 2270792728683682 2270792737534160 2270792743515660
2270792731555068 2270792735283590 2270792746334252 2270792752254796 2270792737533600 2270792741125776 2270792755301434 2270792761278412
2270792746332096 2270792753173784 2270792763450862 2270792769362614 2270792755299516 2270792757750300 2270792774423446 2270792780344942
2270792763448860 2270792772767624 2270792782173874 2270792788133352 2270792774421360 2270792780691974 2270792790357518 2270792796296864
2270792782172292 2270792784361360 2270792802189772 2270792808097464 2270792790356118 2270792792521456 2270792812126104 2270792818053326
2270792802187994 2270792804317198 2270792827843050 2270792833735524 2270792812124214 2270792814284484 2270792843269524 2270792849169614

2270786762512702 2270786773330726 2270786790258714 2270786796206026 2270786773330950 2270786784402710 2270786796219998 2270786802141200
2270786790268920 2270786793682540 2270786807717498 2270786813619954 2270786796218514 2270786800519916 2270786822053484 2270786827985452
2270786807715972 2270786819661556 2270786829861116 2270786835794680 2270786822051790 2270786828545088 2270786839431838 2270786845463346
2270786829858652 2270786835795786 2270786847435694 2270786853374326 2270786839429920 2270786842568356 2270786854353094 2270786860296262
2270786847433580 2270786851251422 2270786863642402 2270786869559964 2270786854350938 2270786856576896 2270786871194030 2270786877120076
2270786863640428 2270786866148682 2270786881273470 2270786887201364 2270786871191902 2270786877798838 2270786892542840 2270786898452590
2270786881271986 2270786883457792 2270786903748370 2270786909680632 2270786892541580 2270786896360472 2270786913605994 2270786919531354
2270786903746270 2270786907190228 2270786928733120 2270786934647476 2270786913604370 2270786916209518 2270786942935630 2270786948864182
2270786928731342 2270786931252784 2270786952677124 2270786958568842 2270786942934034 2270786947464812 2270786966790174 2270786972691398

2270786694724282 2270786706382880 2270786721116508 2270786727065500 2270786706383076 2270786716259894 2270786727079864 2270786732999512
2270786721116998 2270786723305716 2270786734232072 2270786740193286 2270786727078772 2270786730255134 2270786741122774 2270786747040672
2270786734230644 2270786738869992 2270786755487726 2270786761427478 2270786741121486 2270786743463742 2270786764691354 2270786770625002
2270786755485402 2270786758501296 2270786774478936 2270786780402042 2270786764689506 2270786768163088 2270786790663594 2270786796592776
2270786774476626 2270786777796824 2270786805207802 2270786811140036 2270786790662026 2270786794331608 2270786815548580 2270786821481976
2270786805205702 2270786810619082 2270786828796024 2270786834708266 2270786815546578 2270786819655396 2270786838247676 2270786844166638
2270786828794442 2270786832918646 2270786853372170 2270786859311152 2270786838245800 2270786843287620 2270786862774584 2270786868748720
2270786853369902 2270786858039700 2270786877077488 2270786883007580 2270786862772582 2270786870027032 2270786886880358 2270786892823148
2270786877075654 2270786881568758 2270786899738448 2270786905630026 2270786886878482 2270786891857764 2270786911623608 2270786917520772

2270783927074264 2270783937063502 2270783953242126 2270783959181360 2270783937063684 2270783946919810 2270783959193666 2270783965110500
2270783953246746 2270783956091168 2270783966162712 2270783972105054 2270783959192574 2270783963057554 2270783972118522 2270783978071798
2270783966161438 2270783969215566 2270783986320612 2270783992253882 2270783972117570 2270783975799500 2270783996518478 2270784002453680
2270783986318036 2270783988822328 2270784007177042 2270784013116066 2270783996516714 2270784001090304 2270784024838392 2270784030773944
2270784007174942 2270784009802308 2270784036232082 2270784042166934 2270784024836334 2270784029320758 2270784048841980 2270784055003380
2270784036230458 2270784038759110 2270784060757856 2270784066683678 2270784048840398 2270784053937770 2270784070743650 2270784076669332
2270784060756232 2270784064254412 2270784085171014 2270784091080722 2270784070741858 2270784075538860 2270784094809902 2270784100741212
2270784085169180 2270784088538742 2270784106779664 2270784112722146 2270784094808376 2270784099579632 2270784117261352 2270784123186082
2270784106778096 2270784109557586 2270784131616140 2270784137570662 2270784117259798 2270784122100340 2270784142695908 2270784148720388

2270783882030202 2270783893347914 2270783908578444 2270783914515774 2270783893348096 2270783903101238 2270783914530460 2270783920430606
2270783908582700 2270783911761904 2270783924425044 2270783930347114 2270783914529634 2270783920040748 2270783934411356 2270783940328176
2270783924423392 2270783927079794 2270783941293532 2270783947221440 2270783934409732 2270783937354436 2270783951142014 2270783957112062
2270783941292244 2270783944557562 2270783962891948 2270783968816706 2270783951140642 2270783953823014 2270783968848654 2270783974745790
2270783962890268 2270783966826186 2270783978462818 2270783984385336 2270783968847562 2270783971390102 2270783986395176 2270783992298598
2270783978460970 2270783984271810 2270783994084284 2270783999990590 2270783986393538 2270783988705694 2270784007976582 2270784013881880
2270783994082618 2270783996910590 2270784017683062 2270784023584356 2270784007974846 2270784011415864 2270784029610964 2270784035498916
2270784017681130 2270784020240302 2270784045447988 2270784051368014 2270784029609466 2270784033083454 2270784053539148 2270784059433442
2270784045446154 2270784048105342 2270784063509346 2270784069400602 2270784053537636 2270784056950094 2270784079180008 2270784085074512

2270790040417906 2270790052339774 2270790068923852 2270790074898254 2270790052339970 2270790062959964 2270790080750996 2270790086663812
2270790068926260 2270790078786698 2270790093893846 2270790099804646 2270790080749302 2270790091222100 2270790099818072 2270790105738000
2270790093892152 2270790096548736 2270790110597526 2270790116503846 2270790099817736 2270790108206928 2270790121844972 2270790127761554
2270790110595958 2270790116854602 2270790128522986 2270790134422124 2270790121843614 2270790126682644 2270790139337958 2270790145252510
2270790128521166 2270790133803786 2270790147080462 2270790152974742 2270790139335704 2270790143821024 2270790160846256 2270790166773198
2270790147078320 2270790151549514 2270790172145334 2270790178054636 2270790160844814 2270790164732642 2270790181606380 2270790187519560
2270790172143892 2270790175141208 2270790196823134 2270790202721488 2270790181604784 2270790186245490 2270790206688444 2270790212643974
2270790196821748 2270790201676500 2270790218294864 2270790224191804 2270790206686666 2270790211813816 2270790228692748 2270790234607888
2270790218292666 2270790221105322 2270790242526190 2270790248401444 2270790228691390 2270790233372136 2270790256314188 2270790262208958

2270901026931180 2270901037589184 2270901056916352 2270901062872988 2270901037589380 2270901047177042 2270901062885742 2270901068825200
2270901056917122 2270901060328194 2270901082892120 2270901088830612 2270901062884706 2270901067940876 2270901088843450 2270901094762566
2270901082890356 2270901086285692 2270901101802102 2270901107708226 2270901088842792 2270901093028246 2270901118647532 2270901124578702
2270901101800240 2270901105429390 2270901131850456 2270901137756076 2270901118645908 2270901121484212 2270901142432412 2270901148373130
2270901131848594 2270901136949186 2270901154673914 2270901160595564 2270901142430438 2270901148195064 2270901163705580 2270901169633964
2270901154671422 2270901161191320 2270901180191056 2270901186121778 2270901163703956 2270901170630876 2270901189949994 2270901195906322
2270901180189222 2270901186035804 2270901200729000 2270901206644140 2270901189948020 2270901194710694 2270901210672710 2270901216595718
2270901200727250 2270901207237642 2270901224067588 2270901229993130 2270901210670848 2270901216938606 2270901234321902 2270901240259820
2270901224065110 2270901232393794 2270901247290872 2270901253211990 2270901234319746 2270901240327468 2270901259903304 2270901265826620

2270785227682524 2270785238799994 2270785254494204 2270785260422938 2270785238800526 2270785247481352 2270785260436854 2270785266370950
2270785254496948 2270785257871732 2270785278279266 2270785284178936 2270785260436182 2270785265804356 2270785284191830 2270785290130210
2270785278277964 2270785281746688 2270785297534068 2270785303436426 2270785284190948 2270785291104260 2270785315823360 2270785321739564
2270785297532374 2270785301575938 2270785327213704 2270785333152644 2270785315821498 2270785321186536 2270785336462356 2270785342362922
2270785327211968 2270785331276952 2270785350204616 2270785356113190 2270785336461110 2270785340612502 2270785358594032 2270785364503236
2270785350203230 2270785355273862 2270785373011834 2270785378934100 2270785358592716 2270785361195498 2270785382727148 2270785388699590
2270785373010462 2270785377643090 2270785397122130 2270785403035898 2270785382725370 2270785386240742 2270785406244894 2270785412175098
2270785397119680 2270785402184852 2270785419657678 2270785425553946 2270785406242332 2270785410671526 2270785429440444 2270785435349116
2270785419655200 2270785422472504 2270785442891182 2270785448776782 2270785429438778 2270785434148434 2270785455993320 2270785462100078

2270782535269780 2270782546193294 2270782566649142 2270782572561860 2270782546193504 2270782556431620 2270782572576098 2270782578470756
2270782566649338 2270782569203820 2270782585214500 2270782591101556 2270782572575300 2270782578487220 2270782591668458 2270782597581008
2270782585213156 2270782589112450 2270782602274578 2270782608168396 2270782591667016 2270782597047846 2270782614281048 2270782620175510
2270782602273486 2270782608847648 2270782621522170 2270782627417206 2270782614279592 2270782619828926 2270782640398510 2270782646315134
2270782621521036 2270782624092458 2270782649401630 2270782655291192 2270782640397110 2270782644734940 2270782659075434 2270782664969112
2270782649399908 2270782652135088 2270782673398008 2270782679291938 2270782659073782 2270782662778532 2270782680936490 2270782686856628
2270782673396524 2270782676263934 2270782695755672 2270782701648020 2270782680935160 2270782684772756 2270782705125564 2270782711023904
2270782695753894 2270782698460010 2270782720291204 2270782726291380 2270782705124234 2270782708731754 2270782729207678 2270782735115356
2270782720289720 2270782723049624 2270782741023230 2270782746923922 2270782729206026 2270782733188606 2270782755591756 2270782761469516

2270783218226040 2270783229171044 2270783248074138 2270783254012070 2270783229171240 2270783240245352 2270783254025524 2270783259932068
2270783248084064 2270783251400874 2270783272990946 2270783278899044 2270783254025202 2270783258424394 2270783278910034 2270783284829962
2270783272989490 2270783275554276 2270783292199408 2270783298113778 2270783278908830 2270783281211788 2270783308809190 2270783314722818
2270783292197476 2270783296317298 2270783321803696 2270783327716218 2270783308807678 2270783311818574 2270783330858252 2270783336771152
2270783321801778 2270783324569452 2270783344492978 2270783350414334 2270783330856404 2270783334864702 2270783353220774 2270783359126240
2270783344490948 2270783348385342 2270783366820080 2270783372715956 2270783353219136 2270783355773548 2270783377001034 2270783382897050
2270783366817868 2270783370022790 2270783390544186 2270783396475958 2270783376999452 2270783380011230 2270783400460736 2270783406382722
2270783390542534 2270783393378738 2270783413877020 2270783419779896 2270783400458384 2270783403121142 2270783423994400 2270783430018138
2270783413875298 2270783418067220 2270783437109894 2270783442981676 2270783423992734 2270783427805774 2270783450111120 2270783455984484

2270787823240580 2270787835354024 2270787852699310 2270787858699514 2270787835354416 2270787845610074 2270787858712590 2270787864620030
2270787852708312 2270787858473610 2270787879515526 2270787885441586 2270787858711666 2270787872040030 2270787892736216 2270787898659924
2270787879514028 2270787890716674 2270787908712988 2270787914632286 2270787892734382 2270787906090802 2270787921843826 2270787927776130
2270787908711826 2270787918778624 2270787930927446 2270787936882150 2270787921841810 2270787928412262 2270787944531764 2270787950553276
2270787930925752 2270787941646882 2270787953581182 2270787959608210 2270787944530182 2270787951281878 2270787966853000 2270787972772984
2270787953579474 2270787963926482 2270787977046498 2270787982997534 2270787966851040 2270787974317002 2270787990649136 2270787996575756
2270787977043166 2270787987578754 2270788000566806 2270788006472930 2270787990646700 2270787998080980 2270788013941734 2270788019858470
2270788000564258 2270788010851122 2270788024069642 2270788029991852 2270788013939508 2270788021635546 2270788037167860 2270788043102782
2270788024067808 2270788034270980 2270788049069778 2270788055005162 2270788037166390 2270788047285814 2270788056700366 2270788062627994
