16 119
2270722363721742 2270722363895160 2270722373281138 2270722379192288 2270722363895454 2270722364007356 2270722379203530 2270722385071070
2270722373284498 2270722373429846 2270722385082074 2270722390981828 2270722379201990 2270722379323258 2270722390995408 2270722396880840
2270722385082046 2270722385215858 2270722396892390 2270722402791584 2270722390995394 2270722391152950 2270722402801874 2270722408677842
2270722396890934 2270722397024662 2270722408688454 2270722414591358 2270722402801594 2270722402937534 2270722414600038 2270722420491476
2270722408688174 2270722408818066 2270722420501710 2270722426392588 2270722414600430 2270722414733262 2270722426401982 2270722432258602
2270722420501472 2270722420633016 2270722432268374 2270722438185460 2270722426401954 2270722426536914 2270722438196800 2270722444057004
2270722432267702 2270722432398308 2270722444066930 2270722449991282 2270722438196688 2270722438336254 2270722450001292 2270722455864058
2270722444066664 2270722444225144 2270722455875104 2270722461762132 2270722450000298 2270722450134180 2270722461771386 2270722467633928
2270722455874936 2270722456005430 2270722467643420 2270722473565000 2270722461771316 2270722461905114 2270722473575248 2270722479448514

2270722006241668 2270722006417382 2270722009255252 2270722015152556 2270722006417494 2270722006532728 2270722015162986 2270722021019900
2270722009258892 2270722009437322 2270722021031156 2270722026932884 2270722015162356 2270722015283862 2270722026947094 2270722032792262
2270722021030162 2270722021164604 2270722032802160 2270722038730236 2270722026946184 2270722027075754 2270722038745972 2270722044594290
2270722032801852 2270722032933480 2270722044608038 2270722050504264 2270722038745048 2270722038882374 2270722050516486 2270722056377726
2270722044607338 2270722044736376 2270722056391194 2270722062270158 2270722050516304 2270722050645356 2270722062280644 2270722068168708
2270722056390298 2270722056518776 2270722068179292 2270722074080474 2270722062279734 2270722062417004 2270722074094488 2270722079949624
2270722068178480 2270722068308960 2270722079963834 2270722085858688 2270722074093872 2270722074229868 2270722085870238 2270722091724408
2270722079962490 2270722080092228 2270722091737008 2270722097642908 2270722085870308 2270722086000816 2270722097653282 2270722103500270
2270722091736910 2270722091889636 2270722103511624 2270722109416908 2270722097652316 2270722097783860 2270722109432756 2270722115279198

2270727486450318 2270727486621874 2270727491103204 2270727497001194 2270727486622168 2270727486740202 2270727497014424 2270727502893766
2270727491107068 2270727491253368 2270727502908088 2270727508826476 2270727497013976 2270727497137428 2270727508836318 2270727514698566
2270727502906212 2270727503041858 2270727514707638 2270727520640628 2270727508836332 2270727508968086 2270727520653396 2270727526508084
2270727514707498 2270727514866482 2270727526519060 2270727532420452 2270727520652794 2270727520783582 2270727532432982 2270727538283568
2270727526518192 2270727526651514 2270727538294992 2270727544224356 2270727532432492 2270727532564540 2270727544233050 2270727550083734
2270727538294474 2270727538426186 2270727550092386 2270727556001828 2270727544233050 2270727544364832 2270727556014848 2270727561882500
2270727550092190 2270727550220024 2270727561891670 2270727567809274 2270727556014358 2270727556148702 2270727567842524 2270727573711954
2270727561891670 2270727562024278 2270727573724344 2270727579608096 2270727567842076 2270727567980564 2270727579619156 2270727585483042
2270727573724232 2270727573854362 2270727585494186 2270727591377462 2270727579618890 2270727579750210 2270727591387920 2270727597255600

2270823749972988 2270823750146210 2270823759376844 2270823765679518 2270823750146714 2270823750269130 2270823765691768 2270823771963362
2270823759381268 2270823759528044 2270823771977264 2270823778279504 2270823765690452 2270823765819280 2270823778293182 2270823784261186
2270823771975122 2270823772146972 2270823784271686 2270823790166456 2270823778291502 2270823778434512 2270823790180078 2270823796047772
2270823784271056 2270823784404364 2270823796059616 2270823801952034 2270823790180106 2270823790320750 2270823801965138 2270823807826294
2270823796058524 2270823796196438 2270823807838194 2270823813750450 2270823801964746 2270823802098264 2270823813759578 2270823819616954
2270823807838516 2270823808009988 2270823819626082 2270823825547242 2270823813759158 2270823813890212 2270823825560668 2270823831414782
2270823819626026 2270823819756982 2270823831424750 2270823837342704 2270823825560010 2270823825700486 2270823837356200 2270823843211056
2270823831424274 2270823831559052 2270823843222228 2270823849138712 2270823837355500 2270823837489872 2270823849148484 2270823855003620
2270823843222074 2270823843352456 2270823855012062 2270823860912348 2270823849148540 2270823849281134 2270823860925256 2270823866806782

2270723970420654 2270723970596074 2270723978784856 2270723984710860 2270723970596172 2270723970758460 2270723984723656 2270723990577980
2270723978788972 2270723978936168 2270723990589516 2270723996486064 2270723984722816 2270723984853058 2270723996498062 2270724002355354
2270723990588606 2270723990725946 2270724002367268 2270724008248850 2270723996498384 2270723996630446 2270724008258524 2270724014150942
2270724002366708 2270724002498868 2270724014158950 2270724020056072 2270724008258244 2270724008390530 2270724020067734 2270724025927574
2270724014158852 2270724014291922 2270724025936842 2270724031855510 2270724020067790 2270724020202456 2270724031867242 2270724037717772
2270724025936352 2270724026068316 2270724037752184 2270724043644910 2270724031866626 2270724032004568 2270724043654346 2270724049510350
2270724037746178 2270724037880718 2270724049522362 2270724055410328 2270724043653828 2270724043787108 2270724055419302 2270724061268068
2270724049522194 2270724049656090 2270724061277434 2270724067199336 2270724055419148 2270724055552540 2270724067209514 2270724073071482
2270724061276930 2270724061411358 2270724073083256 2270724078968240 2270724067208870 2270724067344796 2270724078978180 2270724084910302

2270726006493196 2270726006660440 2270726007006786 2270726012983974 2270726006660538 2270726006775380 2270726012998534 2270726018858010
2270726007011196 2270726007205684 2270726018869182 2270726024786800 2270726012997820 2270726013121650 2270726024798868 2270726030662166
2270726018869308 2270726019009084 2270726030673184 2270726036589108 2270726024798406 2270726024928844 2270726036600154 2270726042456998
2270726030673310 2270726030831034 2270726042468086 2270726048443132 2270726036599818 2270726036734498 2270726048458196 2270726054347772
2270726042467666 2270726042606504 2270726054358902 2270726060299172 2270726048456418 2270726048596894 2270726060311506 2270726066188454
2270726054358300 2270726054496746 2270726066200088 2270726072105330 2270726060311156 2270726060455734 2270726072115116 2270726077979744
2270726066199808 2270726066333410 2270726077992008 2270726083912720 2270726072115382 2270726072250706 2270726083922324 2270726089771006
2270726077991784 2270726078125064 2270726089781114 2270726095685096 2270726083921638 2270726084055814 2270726095698158 2270726101599144
2270726089780848 2270726089919126 2270726101613410 2270726107518974 2270726095697192 2270726095836310 2270726107531532 2270726113417664

2270720104811004 2270720104989504 2270720113692856 2270720119609704 2270720104989798 2270720105106502 2270720119622752 2270720125529912
2270720113696846 2270720113843916 2270720125543982 2270720131426138 2270720119622388 2270720119744678 2270720131436442 2270720137296926
2270720125542246 2270720125676534 2270720137307776 2270720143197128 2270720131436008 2270720131567174 2270720143210302 2270720149068434
2270720137306908 2270720137438928 2270720149080012 2270720154986234 2270720143209182 2270720143343106 2270720154998344 2270720160841524
2270720149079228 2270720149239108 2270720160852514 2270720166760206 2270720154997560 2270720155137294 2270720166770314 2270720172627284
2270720160851492 2270720160985934 2270720172637644 2270720178536488 2270720166769824 2270720166905470 2270720178546624 2270720184386920
2270720172637392 2270720172770070 2270720184396734 2270720190312280 2270720178545280 2270720178679596 2270720190324026 2270720196187814
2270720184396020 2270720184530840 2270720196198594 2270720202087092 2270720190323858 2270720190465244 2270720202098684 2270720207971390
2270720196198580 2270720196331916 2270720207982450 2270720213855016 2270720202098782 2270720202260986 2270720213864424 2270720219716816

2270720038572692 2270720038751122 2270720039040292 2270720045005454 2270720038751402 2270720038870486 2270720045018418 2270720050912670
2270720039045262 2270720039183400 2270720050925578 2270720056843826 2270720045017732 2270720045145846 2270720056855334 2270720062730868
2270720050924766 2270720051056590 2270720062742684 2270720068683752 2270720056855516 2270720057026610 2270720068696590 2270720074554456
2270720062742194 2270720062875908 2270720074565740 2270720080462820 2270720068695652 2270720068829338 2270720080474524 2270720086340902
2270720074565390 2270720074699020 2270720086354720 2270720092252220 2270720080474552 2270720080610590 2270720092285260 2270720098142384
2270720086353138 2270720086487510 2270720098153052 2270720104064734 2270720092281102 2270720092414256 2270720104078902 2270720109943796
2270720098152324 2270720098286416 2270720109954898 2270720115858292 2270720104078692 2270720104215752 2270720115871508 2270720121760370
2270720109954380 2270720110087912 2270720121771920 2270720127669462 2270720115870976 2270720116039424 2270720127681306 2270720133535028
2270720121771934 2270720121906110 2270720133547278 2270720139442706 2270720127681068 2270720127817274 2270720139452240 2270720145300698

2270717275378958 2270717275549058 2270717275981210 2270717281923496 2270717275549156 2270717275713124 2270717281937384 2270717287822578
2270717275985648 2270717276132116 2270717287832980 2270717293742184 2270717281935718 2270717282067486 2270717293753776 2270717299637206
2270717287832672 2270717287970656 2270717299647958 2270717305537856 2270717293752838 2270717293912928 2270717305546858 2270717311419928
2270717299647566 2270717299777206 2270717311429714 2270717317339632 2270717305546648 2270717305677100 2270717317351700 2270717323362656
2270717311429280 2270717311562196 2270717323376152 2270717329285874 2270717317352092 2270717317496376 2270717329297186 2270717335192446
2270717323373744 2270717323513422 2270717335202666 2270717341099914 2270717329296976 2270717329431124 2270717341108524 2270717347032092
2270717335202190 2270717335339754 2270717347042410 2270717352954974 2270717341108482 2270717341248692 2270717352965334 2270717358819490
2270717347041528 2270717347175606 2270717358827960 2270717364745200 2270717352965040 2270717353104578 2270717364756778 2270717370609604
2270717358828156 2270717358962234 2270717370621868 2270717376563286 2270717364756260 2270717364899256 2270717376573170 2270717382447808

2270717226944628 2270717227121056 2270717228532018 2270717234464840 2270717227121154 2270717227236710 2270717234478784 2270717240337392
2270717228535770 2270717228682686 2270717240349236 2270717246277970 2270717234478014 2270717234605722 2270717246291060 2270717252147820
2270717240348032 2270717240484686 2270717252158852 2270717258057528 2270717246290220 2270717246423486 2270717258067384 2270717263925670
2270717252158292 2270717252291096 2270717263934644 2270717269836736 2270717258066852 2270717258202512 2270717269850540 2270717275730876
2270717263934560 2270717264068008 2270717275740648 2270717281654262 2270717269850568 2270717270019212 2270717281666638 2270717287537944
2270717275739584 2270717275874096 2270717287550740 2270717293458936 2270717281666204 2270717281808206 2270717293468736 2270717299372144
2270717287549746 2270717287683320 2270717299383736 2270717305287802 2270717293468708 2270717293603472 2270717305297812 2270717311153536
2270717299384128 2270717299517660 2270717311162174 2270717317126412 2270717305297476 2270717305430672 2270717317141742 2270717323029162
2270717311161670 2270717311293942 2270717323040600 2270717328955166 2270717317140622 2270717317280118 2270717328968452 2270717334829244

2270723380173850 2270723380343628 2270723385738794 2270723391711194 2270723380343922 2270723380459548 2270723391726342 2270723397651142
2270723385744436 2270723385883512 2270723397664414 2270723403566464 2270723391724634 2270723391856052 2270723403580226 2270723409456404
2270723397662034 2270723397826408 2270723409469256 2270723415369136 2270723403579274 2270723403723082 2270723415380798 2270723421230740
2270723409468808 2270723409605518 2270723421240750 2270723427174048 2270723415379468 2270723415510970 2270723427185472 2270723433093094
2270723421240162 2270723421400336 2270723433104994 2270723439015920 2270723427184268 2270723427320208 2270723439029066 2270723444893820
2270723433103594 2270723433237434 2270723444906686 2270723450826502 2270723439028716 2270723439170144 2270723450836456 2270723456712452
2270723444905832 2270723445140192 2270723456724408 2270723462612500 2270723450835630 2270723450970212 2270723462622454 2270723468481454
2270723456723988 2270723456856904 2270723468491310 2270723474405008 2270723462621824 2270723462759906 2270723474415802 2270723480276608
2270723468490988 2270723468623148 2270723480288634 2270723486194688 2270723474415368 2270723474553128 2270723486209220 2270723492059442

2270834364409156 2270834364586690 2270834376964272 2270834382887644 2270834364586970 2270834364699600 2270834382898970 2270834388774364
2270834376968752 2270834377112588 2270834388785704 2270834394696448 2270834382898074 2270834383044220 2270834394710840 2270834400560838
2270834388784864 2270834388918620 2270834400572360 2270834406462846 2270834394710476 2270834394848446 2270834406474620 2270834412479878
2270834400572136 2270834400702028 2270834412495390 2270834418382950 2270834406474004 2270834406606318 2270834418392638 2270834424263300
2270834412492940 2270834412624274 2270834424273072 2270834430177376 2270834418392554 2270834418524742 2270834430190592 2270834436058580
2270834424272750 2270834424405652 2270834436069892 2270834442040990 2270834430190242 2270834430327134 2270834442054822 2270834447916510
2270834436069360 2270834436221078 2270834447928522 2270834453823838 2270834442053828 2270834442188844 2270834453833442 2270834459682432
2270834447927598 2270834448060346 2270834459692932 2270834465620742 2270834453832714 2270834453966680 2270834465633566 2270834471503276
2270834459691924 2270834459824938 2270834471513062 2270834477421678 2270834465633412 2270834465768918 2270834477434978 2270834483294286

2270718559338936 2270718559561816 2270718572224536 2270718578146522 2270718559562124 2270718559679416 2270718578162328 2270718584034488
2270718572228078 2270718572372278 2270718584047466 2270718589968626 2270718578160340 2270718578290736 2270718589982276 2270718595892936
2270718584046416 2270718584179598 2270718595906054 2270718601792284 2270718589982052 2270718590111734 2270718601802056 2270718607688132
2270718595905704 2270718596035330 2270718607699920 2270718613593640 2270718601802182 2270718601935910 2270718613607122 2270718619465450
2270718607699416 2270718607833494 2270718619475950 2270718625404754 2270718613606870 2270718613742502 2270718625416892 2270718631279420
2270718619475614 2270718619639302 2270718631290186 2270718637174694 2270718625416794 2270718625556822 2270718637186048 2270718643028444
2270718631290046 2270718631423256 2270718643042178 2270718648935436 2270718637185964 2270718637316934 2270718648943990 2270718654787114
2270718643041660 2270718643175374 2270718654796732 2270718660692986 2270718648944116 2270718649079958 2270718660705712 2270718666550964
2270718654796424 2270718654928934 2270718666563578 2270718672448856 2270718660705628 2270718660841078 2270718672460392 2270718678333350

2270715885116364 2270715885328366 2270715888408758 2270715894316954 2270715885328660 2270715885447940 2270715894327930 2270715900194294
2270715888413336 2270715888555996 2270715900205564 2270715906105710 2270715894326446 2270715894447952 2270715906120424 2270715911995160
2270715900205074 2270715900345774 2270715912006864 2270715917922620 2270715906119346 2270715906281074 2270715917935696 2270715923790678
2270715912005632 2270715912141544 2270715923800954 2270715929705538 2270715917935388 2270715918077558 2270715929717690 2270715935593602
2270715923800898 2270715923935256 2270715935604886 2270715941505046 2270715929716808 2270715929852636 2270715941515756 2270715947389260
2270715935604466 2270715935735226 2270715947399466 2270715953314326 2270715941514958 2270715941657072 2270715953327514 2270715959196846
2270715947398640 2270715947541804 2270715959208956 2270715965128086 2270715953326884 2270715953474696 2270715965139356 2270715971040874
2270715959208746 2270715959382878 2270715971054734 2270715976935042 2270715965139384 2270715965274386 2270715976945206 2270715982787896
2270715971053390 2270715971189582 2270715982796730 2270715988730896 2270715976944884 2270715977082070 2270715988744742 2270715994594824

2270716556353644 2270716556525116 2270716562961868 2270716568863064 2270716556525214 2270716556647980 2270716568878002 2270716574748972
2270716562969610 2270716563107356 2270716574762118 2270716580657896 2270716568877848 2270716569009728 2270716580667416 2270716586523616
2270716574761866 2270716574933674 2270716586534424 2270716592460526 2270716580667150 2270716580801228 2270716592472216 2270716598334366
2270716586533598 2270716586689138 2270716598346448 2270716604259838 2270716592471236 2270716592608226 2270716604272228 2270716610120826
2270716598345706 2270716598480456 2270716610131312 2270716616039466 2270716604271136 2270716604403660 2270716616049518 2270716621895246
2270716610130976 2270716610265278 2270716621903926 2270716627802350 2270716616049028 2270716616187208 2270716627813718 2270716633661112
2270716621904234 2270716622038186 2270716633671136 2270716639568748 2270716627813620 2270716627957904 2270716639581754 2270716645473430
2270716633670940 2270716633807300 2270716645484980 2270716651375536 2270716639581628 2270716639722972 2270716651388304 2270716657248816
2270716645484560 2270716645618344 2270716657261724 2270716663139120 2270716651388332 2270716651545720 2270716663150810 2270716669002684

2270721162393950 2270721162567018 2270721162919090 2270721168908934 2270721162567326 2270721162680166 2270721168921296 2270721174771322
2270721162924116 2270721163064326 2270721174782746 2270721180695100 2270721168919504 2270721169045854 2270721180710206 2270721186565384
2270721174781360 2270721174913898 2270721186578096 2270721192503316 2270721180708638 2270721180844494 2270721192514838 2270721198384968
2270721186577354 2270721186706448 2270721198397512 2270721204285828 2270721192513774 2270721192643596 2270721204296622 2270721210166108
2270721198396364 2270721198527516 2270721210176370 2270721216075634 2270721204296482 2270721204429734 2270721216089256 2270721222036218
2270721210175740 2270721210306206 2270721222049042 2270721227951778 2270721216088528 2270721216223978 2270721227964028 2270721233821908
2270721222048230 2270721222180656 2270721233833122 2270721239725568 2270721227963188 2270721228096468 2270721239736166 2270721245612246
2270721233832142 2270721233963546 2270721245621304 2270721251536542 2270721239735326 2270721239868914 2270721251549352 2270721257398104
2270721245621346 2270721245750930 2270721257407316 2270721263317724 2270721251548862 2270721251682898 2270721263329092 2270721269184620
