16 10231
2271582090177414 2271582140056768 2271582248108474 2271582896577050 2271582140056880 2271582209023064 2271582920910716 2271583575762676
2271583575765056 2271583622536214 2271583800530842 2271584457132074 2271583622536242 2271583672671264 2271584476599312 2271585130111640
2271585130114258 2271585177157590 2271585376965856 2271586026052840 2271585177157618 2271585230323136 2271586049725804 2271586699065726
2271586699067728 2271586747477642 2271586975596806 2271587626627312 2271586747477670 2271586802083662 2271587646094438 2271588293710274
2271588293712556 2271588340793184 2271588591265616 2271589251952720 2271588340793226 2271588396181048 2271589263514116 2271589895743322
2271589895745030 2271589944412418 2271590187927802 2271590835787938 2271589944412446 2271590000487626 2271590843886196 2271591497489678
2271591497492254 2271591546105630 2271591783674318 2271592441318494 2271591546105658 2271591599438686 2271592448563186 2271593103819060
2271593103821552 2271593153156796 2271593363417476 2271594016030836 2271593153156824 2271593211756386 2271594032808184 2271594666503834
2271594666506242 2271594714590152 2271594954529908 2271595609649576 2271594714590194 2271594774575028 2271595620348614 2271596272344112

2271581724720602 2271581783447774 2271581892347390 2271582587223040 2271581783447872 2271581853622452 2271582609359462 2271583310065706
2271583310068394 2271583360295410 2271583470470300 2271584169927408 2271583360295522 2271583419076244 2271584183240428 2271584883378916
2271584883381464 2271584934733310 2271585046420508 2271585746235764 2271584934733422 2271584989502570 2271585774677898 2271586473427740
2271586473429420 2271586523245690 2271586633517922 2271587334672782 2271586523245802 2271586585919700 2271587349975636 2271588048005360
2271588048006004 2271588098232320 2271588208879402 2271588916127636 2271588098232432 2271588156900454 2271588931535056 2271589627770540
2271589627771296 2271589678228066 2271589791342928 2271590488640704 2271589678228178 2271589739415990 2271590505136456 2271591206382400
2271591206385172 2271591256464348 2271591364250194 2271592056140050 2271591256464460 2271591310359476 2271592073624874 2271592771973042
2271592771973854 2271592822627240 2271592935730776 2271593628645978 2271592822627352 2271592875980330 2271593642257702 2271594333708182
2271594333709582 2271594385396056 2271594499559392 2271595192016850 2271594385396168 2271594448291042 2271595201340556 2271595893181174

2271587210853758 2271587261594294 2271587379422620 2271588022523946 2271587261594392 2271587331029618 2271588036608884 2271588685515520
2271588685518642 2271588735528560 2271588924644494 2271589573300670 2271588735528588 2271588786328456 2271589588565052 2271590234512746
2271590234513264 2271590283409986 2271590504409072 2271591149091306 2271590283410014 2271590338277806 2271591165635736 2271591813620864
2271591813621368 2271591864452750 2271592094879674 2271592734671820 2271591864452778 2271591919014516 2271592754019400 2271593397032372
2271593397032876 2271593445278416 2271593688665462 2271594338430620 2271593445278514 2271593498432748 2271594353723604 2271594989887370
2271594989889064 2271595038675004 2271595277826140 2271595920536684 2271595038675088 2271595093924380 2271595928948962 2271596578408542
2271596578411006 2271596629239574 2271596864299728 2271597506492496 2271596629239602 2271596682505080 2271597519872184 2271598156774758
2271598156775262 2271598205676492 2271598447512366 2271599094172296 2271598205676534 2271598258968682 2271599111211640 2271599752831598
2271599752832200 2271599801848230 2271600027391002 2271600669147824 2271599801848398 2271599856222900 2271600683623446 2271601328456964

2271683477072758 2271683533846860 2271683642778620 2271684324716310 2271683533846972 2271683603114296 2271684347593388 2271685028497150
2271685028499740 2271685078190458 2271685212589030 2271685906467936 2271685078190570 2271685136969542 2271685927221690 2271686622576210
2271686622578128 2271686667023662 2271686820451230 2271687512843588 2271686667023704 2271686733954988 2271687531546174 2271688227580212
2271688227580744 2271688276695936 2271688410828382 2271689100233980 2271688276696048 2271688334568674 2271689123873834 2271689816306330
2271689816307842 2271689866456010 2271689999676412 2271690689040164 2271689866456038 2271689923862814 2271690712564826 2271691408022442
2271691408023114 2271691458210678 2271691590713160 2271692285597994 2271691458210790 2271691516529974 2271692308884488 2271693002905788
2271693002908294 2271693052561436 2271693186464072 2271693877104498 2271693052561464 2271693110953560 2271693899849570 2271694596022516
2271694596024868 2271694646459294 2271694776319318 2271695474478486 2271694646459336 2271694698524342 2271695491000544 2271696178692150
2271696178694824 2271696225548680 2271696357001008 2271697053253670 2271696225548708 2271696281678488 2271697076035212 2271697768020856

2271583694905630 2271583750849826 2271583859638198 2271584510062700 2271583750849924 2271583820855930 2271584535274362 2271585189604794
2271585189605298 2271585240283478 2271585363017404 2271586020502246 2271585240283576 2271585301068076 2271586034887694 2271586701190450
2271586701191696 2271586745501416 2271586874856040 2271587532653740 2271586745501444 2271586812575402 2271587539120340 2271588169096736
2271588169097296 2271588210092712 2271588418517810 2271589082190344 2271588210092740 2271588254040868 2271589092647196 2271589740243936
2271589740244412 2271589786679332 2271590004439756 2271590664686784 2271589786679360 2271589831025298 2271590681653356 2271591331622564
2271591331623054 2271591377219584 2271591597314480 2271592253869876 2271591377219696 2271591422649318 2271592268846768 2271592911997990
2271592911998480 2271592956412066 2271593195701522 2271593853417070 2271592956412108 2271593002868070 2271593869541360 2271594543225560
2271594543227240 2271594588450180 2271594804150000 2271595454272956 2271594588450208 2271594635679222 2271595469928246 2271596103054712
2271596103056154 2271596147920988 2271596367429046 2271596997868016 2271596147921016 2271596191175374 2271597012188098 2271597629015498

2271585724096150 2271585779178114 2271585886474576 2271586529720088 2271585779178198 2271585844109862 2271586547482504 2271587195258346
2271587195260796 2271587243754962 2271587434133934 2271588100071808 2271587243755060 2271587294539864 2271588115578656 2271588766942306
2271588766944966 2271588814117126 2271588996180840 2271589638861662 2271588814117224 2271588872883890 2271589656847126 2271590321161882
2271590321164668 2271590369601854 2271590595217608 2271591229564468 2271590369601966 2271590419525966 2271591240971780 2271591869916278
2271591869918210 2271591915820668 2271592170166816 2271592824418190 2271591915820766 2271591959342174 2271592838080706 2271593477128864
2271593477131580 2271593519167896 2271593752680798 2271594399980024 2271593519167924 2271593576981232 2271594414994660 2271595064927916
2271595064929722 2271595114057066 2271595327989428 2271595981996726 2271595114057164 2271595163625718 2271595997483624 2271596622920548
2271596622923334 2271596671116122 2271596889829148 2271597529919410 2271596671116234 2271596717876584 2271597543804666 2271598193884852
2271598193887344 2271598237828612 2271598453796882 2271599107298402 2271598237828710 2271598310068808 2271599122173332 2271599757260316

2271579829305052 2271579882519920 2271579983523550 2271580617231464 2271579882520018 2271579946918996 2271580639503070 2271581277993762
2271581277995302 2271581317356722 2271581441857588 2271582081419266 2271581317356750 2271581375511406 2271582092903984 2271582725938694
2271582725940150 2271582765259864 2271582957373604 2271583595274434 2271582765259906 2271582804462160 2271583613373690 2271584256264554
2271584256266290 2271584298875654 2271584546852516 2271585180072726 2271584298875696 2271584342149724 2271585197247240 2271585831477466
2271585831480056 2271585874003264 2271586109976134 2271586743662096 2271585874003292 2271585916881092 2271586763098520 2271587405554768
2271587405555300 2271587449755022 2271587706593198 2271588342870350 2271587449755050 2271587493404558 2271588360275948 2271588992131242
2271588992131732 2271589034711290 2271589303177082 2271589956132406 2271589034711318 2271589079210374 2271589970785618 2271590588443820
2271590588444954 2271590633520236 2271590873963656 2271591515036606 2271590633520264 2271590676079746 2271591536054400 2271592166998308
2271592166999862 2271592209684126 2271592466371424 2271593107758982 2271592209684154 2271592253857458 2271593121094990 2271593772723240

2271579759329454 2271579808228836 2271579916213776 2271580561490072 2271579808228934 2271579876864732 2271580585490076 2271581236802878
2271581236803340 2271581285406566 2271581429123104 2271582073398428 2271581285406664 2271581345071108 2271582087617318 2271582733561694
2271582733563094 2271582783024772 2271583021178170 2271583664462644 2271582783024800 2271582842107796 2271583679943564 2271584313162556
2271584313164950 2271584362431398 2271584625734480 2271585273738326 2271584362431496 2271584412758276 2271585287775062 2271585924023738
2271585924025656 2271585968368122 2271586215054436 2271586856260638 2271585968368206 2271586029229734 2271586870182070 2271587513364834
2271587513367144 2271587563332444 2271587807722618 2271588451949628 2271587563332542 2271587613291570 2271588468507918 2271589101037172
2271589101037662 2271589151850340 2271589401439176 2271590049901592 2271589151850438 2271589201262038 2271590066494882 2271590691006056
2271590691006546 2271590739649616 2271590992907362 2271591626663632 2271590739649784 2271590790787850 2271591640085012 2271592274641256
2271592274642726 2271592325051294 2271592572168640 2271593210069596 2271592325051392 2271592375217186 2271593225434078 2271593855457934

2271576991188092 2271577047963972 2271577152589724 2271577774228770 2271577047964056 2271577115005534 2271577797984292 2271578450133888
2271578450135484 2271578496663938 2271578620127516 2271579271469074 2271578496663966 2271578556853018 2271579293221112 2271579944851476
2271579944853086 2271579994992560 2271580123129506 2271580773384118 2271579994992672 2271580051664966 2271580787567238 2271581434170930
2271581434172750 2271581477933194 2271581593010086 2271582241437110 2271581477933292 2271581538795576 2271582266920918 2271582913648272
2271582913650946 2271582955924898 2271583110538308 2271583755836164 2271582955924926 2271582995432772 2271583772481492 2271584409358306
2271584409361008 2271584448900438 2271584682171448 2271585331580334 2271584448900466 2271584489312572 2271585346794400 2271585987499262
2271585987500032 2271586027454422 2271586313375050 2271586957530814 2271586027454464 2271586069175276 2271586975208530 2271587622277036
2271587622278604 2271587663945642 2271587892210896 2271588532343410 2271587663945670 2271587703825790 2271588545344944 2271589184690322
2271589184690952 2271589225788792 2271589453898366 2271590091213100 2271589225788820 2271589266321256 2271590106798166 2271590739412260

2271576942759152 2271576993818272 2271577111337968 2271577757535548 2271576993818384 2271577062757674 2271577772047738 2271578396879946
2271578396880436 2271578439933390 2271578577168544 2271579221771020 2271578439933488 2271578505589428 2271579236094812 2271579885760864
2271579885763188 2271579925548878 2271580084085760 2271580724827078 2271579925548990 2271579981315806 2271580740772392 2271581386543980
2271581386545366 2271581428909100 2271581647343974 2271582291676712 2271581428909198 2271581480257404 2271582303347826 2271582939208996
2271582939211516 2271582983867218 2271583197784404 2271583834180178 2271582983867316 2271583032580162 2271583849684128 2271584485550884
2271584485553390 2271584532156170 2271584800642094 2271585448662908 2271584532156268 2271584589228444 2271585464803130 2271586101380876
2271586101383592 2271586145874444 2271586391032406 2271587038678370 2271586145874542 2271586201213994 2271587054579780 2271587691419522
2271587691420950 2271587736879524 2271587948113820 2271588580330720 2271587736879622 2271587793521396 2271588595225446 2271589244404144
2271589244404830 2271589289158868 2271589501793724 2271590140707482 2271589289158966 2271589337687488 2271590155432668 2271590799609530

2271583103258266 2271583160899192 2271583274105950 2271583922329008 2271583160899304 2271583230752304 2271583946439542 2271584597489956
2271584597491538 2271584647992464 2271584784597870 2271585432260718 2271584647992492 2271584708597834 2271585440694696 2271586087869644
2271586087872332 2271586136678628 2271586253505268 2271586892229956 2271586136678670 2271586208095162 2271586916427416 2271587535693490
2271587535696150 2271587577445102 2271587704135134 2271588352319888 2271587577445130 2271587639231204 2271588369019648 2271589004900096
2271589004901608 2271589043531500 2271589213848318 2271589859584360 2271589043531542 2271589081989220 2271589873330666 2271590495516972
2271590495517868 2271590535942056 2271590790193564 2271591442333486 2271590535942084 2271590574662990 2271591453491724 2271592077394374
2271592077397132 2271592115122316 2271592403148054 2271593049122516 2271592115122344 2271592155055258 2271593067420474 2271593720653838
2271593720656666 2271593760528834 2271593983343832 2271594632483736 2271593760528862 2271593798951834 2271594646934214 2271595291967568
2271595291970326 2271595332492024 2271595560724812 2271596213391764 2271595332492066 2271595371252494 2271596238611728 2271596900036870

2271694092586058 2271694148278016 2271694263435324 2271694905806802 2271694148278114 2271694216703772 2271694924855650 2271695571798254
2271695571799822 2271695621179488 2271695739284482 2271696383841318 2271695621179586 2271695684966862 2271696403934440 2271697052103458
2271697052103962 2271697096864944 2271697227466492 2271697870394876 2271697096865042 2271697156968260 2271697886147256 2271698535751610
2271698535754130 2271698579518704 2271698765014910 2271699410390676 2271698579518732 2271698627496662 2271699425096318 2271700059025656
2271700059027238 2271700107154912 2271700367475700 2271701014386370 2271700107155010 2271700161061002 2271701029702328 2271701661890038
2271701661891606 2271701709468464 2271701955048946 2271702604649688 2271701709468562 2271701762421042 2271702620959870 2271703267520722
2271703267521996 2271703317125704 2271703543059048 2271704185090844 2271703317125886 2271703367481072 2271704199226840 2271704835864170
2271704835864604 2271704885272158 2271705132867926 2271705779112672 2271704885272256 2271704938577494 2271705798721814 2271706423043176
2271706423043778 2271706469804436 2271706718405936 2271707348667806 2271706469804534 2271706521040978 2271707364332756 2271707984842856

2271578287426686 2271578343173216 2271578455489140 2271579081780988 2271578343173314 2271578410775044 2271579105258176 2271579756821844
2271579756822334 2271579806920508 2271579922002356 2271580569456716 2271579806920606 2271579868677294 2271580594830092 2271581247842522
2271581247843012 2271581296365528 2271581444155100 2271582100742850 2271581296365556 2271581347138502 2271582114779012 2271582763911398
2271582763911888 2271582809735050 2271583037304994 2271583686288616 2271582809735078 2271582857758368 2271583693565074 2271584347398996
2271584347401502 2271584394703652 2271584584123316 2271585239442512 2271584394703694 2271584441669158 2271585256002272 2271585888577096
2271585888579896 2271585933092182 2271586204659058 2271586851951256 2271585933092224 2271585983353988 2271586863573762 2271587512278336
2271587512280772 2271587558239902 2271587786641110 2271588434227784 2271587558239944 2271587603422424 2271588450767048 2271589089195202
2271589089195846 2271589134837428 2271589400272234 2271590032630758 2271589134837470 2271589181527722 2271590046829964 2271590680974062
2271590680976050 2271590727200872 2271590982586828 2271591622142724 2271590727200900 2271590776702422 2271591629065192 2271592260847000

2271575603559780 2271575652428110 2271575758721458 2271576395979296 2271575652428208 2271575722029138 2271576418806436 2271577065038288
2271577065040990 2271577111022660 2271577311827586 2271577951117860 2271577111022688 2271577164410428 2271577966280518 2271578593784052
2271578593785634 2271578641283854 2271578874699274 2271579512069826 2271578641284036 2271578699751704 2271579527113190 2271580155528670
2271580155530224 2271580203270812 2271580474656864 2271581111020620 2271580203270910 2271580254275836 2271581125538354 2271581749552108
2271581749552612 2271581796424724 2271582049595922 2271582681460218 2271581796424822 2271581843143508 2271582696125190 2271583316120314
2271583316120818 2271583363722092 2271583632048108 2271584277382140 2271583363722190 2271583418588372 2271584292353894 2271584914366082
2271584914367006 2271584961586822 2271585207407250 2271585850716392 2271584961586990 2271585011122434 2271585865586982 2271586485306796
2271586485308518 2271586532172678 2271586768250926 2271587398983196 2271586532172776 2271586578215570 2271587413818380 2271588033637048
2271588033638882 2271588076736090 2271588332007932 2271588971867950 2271588076736132 2271588139860732 2271588987198958 2271589610855222

2271576280565326 2271576329582154 2271576437196570 2271577079123016 2271576329582266 2271576400327304 2271577102561634 2271577750642480
2271577750645000 2271577794846682 2271577912952866 2271578538522230 2271577794846710 2271577861213122 2271578554993874 2271579180362058
2271579180363836 2271579219973364 2271579414517322 2271580056836594 2271579219973392 2271579260596632 2271580075926210 2271580725316112
2271580725318072 2271580766186060 2271580965939558 2271581606773248 2271580766186102 2271580810296910 2271581623493294 2271582272114106
2271582272116486 2271582316797122 2271582558035294 2271583197554622 2271582316797150 2271582361824846 2271583210127294 2271583844995066
2271583844996606 2271583890289168 2271584140516404 2271584789303018 2271583890289196 2271583934680942 2271584809372410 2271585445025652
2271585445026394 2271585488526508 2271585742462470 2271586387331072 2271585488526536 2271585534907066 2271586398136692 2271587025035398
2271587025037666 2271587070379858 2271587325373086 2271587969514388 2271587070379900 2271587116534638 2271587990869358 2271588636091726
2271588636094148 2271588679281096 2271588916230158 2271589553453290 2271588679281124 2271588726059422 2271589575105060 2271590215175218

2271580882751026 2271580933050562 2271581042719534 2271581685399670 2271580933050660 2271581002451082 2271581709844328 2271582359656932
2271582359659802 2271582403698706 2271582594731954 2271583238087366 2271582403698804 2271582491942288 2271583266183476 2271583912998666
2271583912999184 2271583960280782 2271584152989816 2271584790541864 2271583960280880 2271584007775656 2271584814180976 2271585459001390
2271585459001936 2271585505185752 2271585751213590 2271586385405862 2271585505185920 2271585550268006 2271586401455406 2271587025125306
2271587025127868 2271587069858330 2271587338407856 2271587974142522 2271587069858428 2271587117397500 2271587989621356 2271588626710102
2271588626712608 2271588672899798 2271588932215540 2271589582520160 2271588672899896 2271588717026650 2271589595677500 2271590229912724
2271590229915104 2271590275830386 2271590526186114 2271591175453852 2271590275830498 2271590394086818 2271591190918714 2271591822400068
2271591822401608 2271591868409584 2271592116883152 2271592752225930 2271591868409682 2271591913259018 2271592767808490 2271593403929304
2271593403929808 2271593451696856 2271593697513322 2271594340877498 2271593451696954 2271593495225152 2271594356151064 2271594979422090
