16 1254
2270912095061638 2270912119513352 2270912170302468 2270912222055582 2270912119513380 2270912142597322 2270912257145322 2270912307745928
2270912222055610 2270912239361220 2270912335856696 2270912387790256 2270912307746390 2270912318773056 2270912424861584 2270912476308840
2270912387790284 2270912400173928 2270912491629824 2270912542556882 2270912476310352 2270912487452686 2270912596429750 2270912647427354
2270912542556924 2270912565628924 2270912691583928 2270912744901710 2270912647429790 2270912658026880 2270912773502338 2270912827112580
2270912744901738 2270912769160364 2270912866656476 2270912919404500 2270912827113308 2270912853014176 2270912934898944 2270912987956788
2270912919405578 2270912932488382 2270913013583508 2270913066487688 2270912987959140 2270913003741844 2270913106518364 2270913158793188
2270913066487716 2270913085797104 2270913212009274 2270913264261516 2270913158793902 2270913166417686 2270913320977252 2270913372091714
2270913264261544 2270913282976254 2270913423928604 2270913475559806 2270913372094262 2270913401541722 2270913535398186 2270913586181128
2270913475559834 2270913501524598 2270913633129652 2270913684467414 2270913586182668 2270913596434546 2270913732459064 2270913786100008

2270911728732080 2270911753354608 2270911798527946 2270911850479818 2270911753354902 2270911777915704 2270911889772246 2270911940857196
2270911850479846 2270911867988890 2270911978147526 2270912029637356 2270911940857686 2270911960109590 2270912056130802 2270912107399194
2270912029637384 2270912044674518 2270912143698212 2270912195489826 2270912107400440 2270912126085638 2270912240117612 2270912291544890
2270912195489854 2270912206893666 2270912305851252 2270912357102942 2270912291545506 2270912301084532 2270912410873512 2270912466342716
2270912357102970 2270912376754322 2270912504665588 2270912562101890 2270912466343360 2270912472616270 2270912596886108 2270912654179456
2270912562102968 2270912575846054 2270912686847658 2270912744024680 2270912654181234 2270912680892506 2270912805534226 2270912862742160
2270912744024722 2270912757189622 2270912894111568 2270912951790588 2270912862744764 2270912885897544 2270912997323894 2270913054418736
2270912951790616 2270912966145796 2270913102398150 2270913160046566 2270913054419212 2270913089116434 2270913194390260 2270913252343428
2270913160046608 2270913171302230 2270913301264496 2270913358691516 2270913252345080 2270913280286588 2270913371586356 2270913430993662

2270917213535152 2270917236198058 2270917281522148 2270917333966470 2270917236198086 2270917260462466 2270917355426622 2270917406719962
2270917333966792 2270917345314450 2270917456599946 2270917507823104 2270917406721362 2270917425305802 2270917517645952 2270917568916766
2270917507824308 2270917513877348 2270917649296660 2270917700731442 2270917568918964 2270917585050254 2270917737911984 2270917788869002
2270917700731470 2270917722772076 2270917838317730 2270917889932524 2270917788869464 2270917808498920 2270917920559806 2270917972084580
2270917889932552 2270917910968490 2270918030566388 2270918082551202 2270917972085952 2270917995740590 2270918117584242 2270918169389730
2270918082551230 2270918103525288 2270918221133002 2270918272260050 2270918169392124 2270918196512350 2270918280656886 2270918331806180
2270918272260078 2270918278697334 2270918390418846 2270918441886514 2270918331807720 2270918360768988 2270918489875630 2270918541369170
2270918441886542 2270918461307286 2270918601673722 2270918652893254 2270918541369926 2270918572469512 2270918683259226 2270918734843668
2270918652893282 2270918678107576 2270918762425348 2270918813966082 2270918734844088 2270918751669946 2270918849980200 2270918903776096

2271013482165610 2271013512272694 2271013543023904 2271013600828826 2271013512272722 2271013536303764 2271013641570604 2271013693735374
2271013600828868 2271013621381778 2271013733589692 2271013785102454 2271013693736004 2271013716451606 2271013845121714 2271013896307086
2271013785102482 2271013804761758 2271013924050298 2271013976082222 2271013896308458 2271013908479736 2271014020681644 2271014073602736
2271013976082250 2271014003769966 2271014120520138 2271014171619242 2271014073604346 2271014094276396 2271014196870944 2271014255126848
2271014171619270 2271014191577712 2271014306252930 2271014363328396 2271014255128430 2271014284687386 2271014392813418 2271014449673102
2271014363328438 2271014380285700 2271014499980016 2271014557181104 2271014449673550 2271014486706602 2271014600954540 2271014657897594
2271014557181146 2271014588386068 2271014698903202 2271014755951802 2271014657898910 2271014693019268 2271014797280796 2271014854252144
2271014755951830 2271014789584366 2271014904678016 2271014962008870 2271014854253082 2271014898172020 2271015001877286 2271015059411602
2271014962008898 2271014994540544 2271015103238616 2271015160794618 2271015059413786 2271015097720656 2271015176774680 2271015234502378

2270913698082974 2270913721591648 2270913769484808 2270913821766240 2270913721591676 2270913739811500 2270913843167704 2270913897252994
2270913821766268 2270913839823342 2270913925477764 2270913978527586 2270913897254394 2270913904858018 2270914011191770 2270914062727758
2270913978527614 2270913984771572 2270914118665598 2270914170518084 2270914062729522 2270914077907552 2270914204518092 2270914255820350
2270914170518112 2270914186484034 2270914296357014 2270914347576658 2270914255821162 2270914264259102 2270914385773894 2270914437763734
2270914347576700 2270914362990084 2270914458831382 2270914510708620 2270914437764168 2270914448120598 2270914555264810 2270914607424484
2270914510709950 2270914526258420 2270914619123598 2270914670963764 2270914607425324 2270914615885160 2270914734778508 2270914786983556
2270914670965150 2270914678770836 2270914846684442 2270914897806982 2270914786984984 2270914798821116 2270914918551370 2270914969766562
2270914897807010 2270914908227070 2270915029028534 2270915080062104 2270914969768228 2270915006015894 2270915092116384 2270915142974688
2270915080063336 2270915089751784 2270915210157972 2270915262342944 2270915142975388 2270915157171206 2270915318474040 2270915370645698

2270915726699620 2270915754821406 2270915801462294 2270915852857834 2270915754821434 2270915784293786 2270915894868110 2270915946807984
2270915852857862 2270915870455582 2270915978532222 2270916030173392 2270915946810154 2270915957172184 2270916055914268 2270916107030200
2270916030173434 2270916037890752 2270916159748502 2270916213098680 2270916107030634 2270916128811834 2270916227578922 2270916282098940
2270916213098722 2270916226299784 2270916328305954 2270916381274338 2270916282099570 2270916310083484 2270916418788934 2270916470242350
2270916381274366 2270916404982428 2270916511964632 2270916564707910 2270916470242798 2270916501602868 2270916592249564 2270916644359286
2270916564707938 2270916578951412 2270916694144826 2270916746523586 2270916644360420 2270916662004914 2270916767889770 2270916819430882
2270916746523614 2270916754322076 2270916832166066 2270916884524442 2270916819433066 2270916831240316 2270916906735036 2270916957793316
2270916884525450 2270916902563358 2270917078807720 2270917130621132 2270916957793750 2270916974256154 2270917147610048 2270917198860548
2270917130621174 2270917145774438 2270917253169236 2270917306634662 2270917198862172 2270917218215226 2270917321598492 2270917372891902

2270909833121286 2270909857140638 2270909902265046 2270909953656778 2270909857140666 2270909875507588 2270909987398402 2270910038660578
2270909953656806 2270909965769396 2270910058694690 2270910111061186 2270910038661292 2270910053273442 2270910140657606 2270910192099584
2270910111061214 2270910117263928 2270910216086078 2270910268314296 2270910192100200 2270910204830792 2270910320404502 2270910372277722
2270910268314324 2270910290045936 2270910415880834 2270910468122212 2270910372279276 2270910380877642 2270910511188438 2270910562175038
2270910468122254 2270910474076846 2270910599509440 2270910650936326 2270910562176676 2270910579235956 2270910694202276 2270910745984244
2270910650936368 2270910657398068 2270910790424066 2270910841788904 2270910745986526 2270910764185028 2270910863006324 2270910914036772
2270910841788932 2270910849068820 2270910958750476 2270911010216842 2270910914038396 2270910926232648 2270911056160782 2270911107198482
2270911010216870 2270911016227140 2270911163311294 2270911214874078 2270911107200792 2270911129323676 2270911276124890 2270911327471682
2270911214874106 2270911249691518 2270911406605226 2270911458002446 2270911327472872 2270911365682246 2270911504148672 2270911555946306

2270909763374266 2270909791440920 2270909829233640 2270909881568160 2270909791441186 2270909813345334 2270909902650970 2270909954520886
2270909881568188 2270909891190738 2270909999484126 2270910051759118 2270909954521306 2270909966643178 2270910064687208 2270910116010984
2270910051759146 2270910060780088 2270910173721378 2270910225405108 2270910116012370 2270910133525250 2270910288017070 2270910339817630
2270910225405136 2270910240876340 2270910371602684 2270910423873294 2270910339818974 2270910352717160 2270910469728656 2270910521126170
2270910423873336 2270910444634258 2270910552984472 2270910605728660 2270910521126618 2270910542564762 2270910627613320 2270910680707396
2270910605728688 2270910622729098 2270910692770230 2270910744902282 2270910680709230 2270910687574998 2270910773262474 2270910824809256
2270910744902310 2270910761190890 2270910879890968 2270910932009706 2270910824809844 2270910830719118 2270910978899934 2270911030301662
2270910932009734 2270910941004258 2270911077246140 2270911128914050 2270911030303034 2270911039383616 2270911183251438 2270911233937710
2270911128914092 2270911161771448 2270911280036224 2270911332152806 2270911233939166 2270911253195424 2270911453259176 2270911505140670

2270906994945974 2270907023568176 2270907056703894 2270907109034074 2270907023568204 2270907046643704 2270907145050138 2270907198227318
2270907109034102 2270907115720628 2270907236523800 2270907290176546 2270907198229740 2270907209740750 2270907324599186 2270907376507280
2270907290176574 2270907305042908 2270907394718942 2270907445930312 2270907376507714 2270907388619576 2270907505614216 2270907556852592
2270907445930340 2270907457621348 2270907598233946 2270907652706602 2270907556853138 2270907577852984 2270907660654010 2270907714683622
2270907652706630 2270907659474930 2270907758527254 2270907812937820 2270907714685358 2270907727785354 2270907869604976 2270907923093278
2270907812938982 2270907830122204 2270907962065834 2270908014523176 2270907923093740 2270907933751982 2270908083995922 2270908135614118
2270908014523204 2270908039313648 2270908159945292 2270908211084310 2270908135615434 2270908148166896 2270908261948830 2270908313836876
2270908211084352 2270908237775632 2270908361798202 2270908413846128 2270908313838416 2270908327885876 2270908456824994 2270908508254512
2270908413847136 2270908421581198 2270908547014562 2270908598903798 2270908508255954 2270908539361938 2270908643672690 2270908695842220

2270906947458982 2270906969090634 2270907001052060 2270907053075402 2270906969090662 2270906992937884 2270907103942106 2270907156277620
2270907053075430 2270907091353348 2270907202094846 2270907253754972 2270907156279076 2270907179954672 2270907281391224 2270907333184084
2270907253755224 2270907270342886 2270907384457418 2270907436771288 2270907333186170 2270907371642658 2270907469327812 2270907521229368
2270907436771316 2270907455942930 2270907589104112 2270907640752688 2270907521229844 2270907533040496 2270907692914154 2270907744602378
2270907640752716 2270907678392948 2270907761895598 2270907813478976 2270907744604520 2270907755878930 2270907852071236 2270907904000582
2270907813479004 2270907840082196 2270907944678100 2270907997211952 2270907904001926 2270907927652406 2270908052164514 2270908103481822
2270907997211980 2270908024705726 2270908133395860 2270908184958140 2270908103482424 2270908124759694 2270908226218632 2270908277817116
2270908184958168 2270908201213456 2270908325775334 2270908377422384 2270908277819258 2270908308904018 2270908402882238 2270908454981866
2270908377422412 2270908398115518 2270908490922204 2270908542704312 2270908454983112 2270908469896430 2270908563893284 2270908619257432

2270913106307650 2270913136045834 2270913181623100 2270913233565704 2270913136045862 2270913159206468 2270913288625576 2270913340484320
2270913233565746 2270913264314674 2270913385126722 2270913436347374 2270913340485580 2270913363614952 2270913489806136 2270913540792302
2270913436347402 2270913461653942 2270913587956580 2270913639408484 2270913540793604 2270913571514000 2270913695250452 2270913747068302
2270913639408512 2270913682266894 2270913782461156 2270913834368438 2270913747068848 2270913774807762 2270913864845234 2270913916984972
2270913834368466 2270913858769220 2270913955983470 2270914008340684 2270913916987044 2270913942311658 2270914049387172 2270914100936110
2270914008340712 2270914034281256 2270914136474256 2270914189497520 2270914100936572 2270914122939770 2270914234735832 2270914285899504
2270914189497548 2270914216908918 2270914332297506 2270914384205236 2270914285900778 2270914317040810 2270914430797110 2270914481993542
2270914384205264 2270914415341110 2270914531297664 2270914583104510 2270914481994284 2270914514707342 2270914619188950 2270914671154640
2270914583104538 2270914608106368 2270914713729760 2270914765812924 2270914671156712 2270914695350308 2270914776977126 2270914829156204

2271024096187672 2271024123175136 2271024164952984 2271024216580070 2271024123175416 2271024150841320 2271024250122320 2271024302302644
2271024216580098 2271024235926362 2271024353554250 2271024404813570 2271024302304198 2271024315426496 2271024451614534 2271024502451278
2271024404813598 2271024418339614 2271024568901046 2271024622064422 2271024502451754 2271024524334538 2271024643086626 2271024694616580
2271024622064450 2271024640060778 2271024741089860 2271024793413502 2271024694618162 2271024706409872 2271024849212644 2271024900748072
2271024793413544 2271024824691252 2271024925283786 2271024977015004 2271024900749654 2271024913819998 2271025013031684 2271025065238356
2271024977015032 2271024986331472 2271025113435498 2271025166619454 2271025065240834 2271025078334726 2271025208464586 2271025260268758
2271025166619482 2271025184540630 2271025299938416 2271025351576282 2271025260270662 2271025286481560 2271025410068870 2271025461338676
2271025351576310 2271025370073054 2271025504643392 2271025556259558 2271025461339208 2271025482958246 2271025591220806 2271025643158230
2271025556259586 2271025580339838 2271025685555382 2271025736963060 2271025643158846 2271025652866824 2271025765910734 2271025816701782

2270908291312136 2270908319070258 2270908360854742 2270908412417666 2270908319070286 2270908345083616 2270908447414040 2270908500228508
2270908412418730 2270908424309420 2270908547988724 2270908599831606 2270908500230062 2270908510068968 2270908632945358 2270908683421490
2270908599831634 2270908614892862 2270908714725238 2270908766988064 2270908683421966 2270908704603434 2270908813626614 2270908865115492
2270908766988092 2270908797469144 2270908907762026 2270908959802000 2270908865117942 2270908882055912 2270908999119278 2270909051403314
2270908959802028 2270908987225326 2270909072530742 2270909123916538 2270909051404784 2270909068706558 2270909212472306 2270909264563800
2270909123916566 2270909138911476 2270909299533084 2270909351619006 2270909264564360 2270909289552092 2270909396339780 2270909448120698
2270909351619034 2270909386190816 2270909499877984 2270909551388576 2270909448121160 2270909487117306 2270909592076496 2270909643525166
2270909551388604 2270909582933628 2270909676705726 2270909729287360 2270909643525684 2270909665216500 2270909746710654 2270909798345356
2270909729287388 2270909742039904 2270909850798288 2270909903223108 2270909798345930 2270909833265822 2270909944807168 2270909999254078

2270905608488762 2270905634697294 2270905683596606 2270905735361340 2270905634697322 2270905657240906 2270905771030582 2270905822334548
2270905735361382 2270905753546206 2270905852186132 2270905903769314 2270905822336088 2270905836929842 2270905924545566 2270905976411436
2270905903769342 2270905909895784 2270906034769946 2270906085680260 2270905976413914 2270905984886238 2270906127322112 2270906178246916
2270906085681646 2270906103158252 2270906224088810 2270906275944600 2270906178248456 2270906187926880 2270906354685864 2270906406786318
2270906275944628 2270906293678820 2270906441777400 2270906494624866 2270906406788852 2270906432027072 2270906524529888 2270906575688310
2270906494625790 2270906509127074 2270906616466796 2270906668499868 2270906575689570 2270906595130040 2270906690818346 2270906742614216
2270906668499896 2270906679107934 2270906792127260 2270906843263240 2270906742615658 2270906748644492 2270906872571750 2270906923150530
2270906843263268 2270906851947874 2270906970724336 2270907022416788 2270906923150992 2270906938654312 2270907082644704 2270907134139070
2270907022416816 2270907030103236 2270907165538270 2270907216661930 2270907134140568 2270907148248340 2270907243079146 2270907296028574

2270906285680914 2270906312505236 2270906358094346 2270906410639258 2270906312505264 2270906337916594 2270906429916488 2270906481915372
2270906410639286 2270906418854864 2270906541064042 2270906593297244 2270906481917108 2270906495047876 2270906641407348 2270906693897142
2270906593298406 2270906606368022 2270906759345896 2270906811330780 2270906693897772 2270906712179630 2270906846762666 2270906897902622
2270906811331102 2270906836873584 2270906955742446 2270907008259638 2270906897904554 2270906905688442 2270907040612084 2270907092382712
2270907008259666 2270907028930708 2270907126475120 2270907177829374 2270907092385120 2270907103880226 2270907225354614 2270907278090864
2270907177830578 2270907196427394 2270907311850044 2270907365453356 2270907278092516 2270907292277050 2270907395308132 2270907447042864
2270907365453384 2270907380520842 2270907481947230 2270907533227410 2270907447044726 2270907458276688 2270907594760910 2270907646171206
2270907533227438 2270907542825166 2270907661000720 2270907712748150 2270907646173880 2270907655722804 2270907765771540 2270907818044586
2270907712749326 2270907722231680 2270907874771564 2270907926803124 2270907818045202 2270907829316630 2270907938482050 2270907990002540

2270910886073284 2270910910016546 2270910964246610 2270911015138108 2270910910016630 2270910939604076 2270911073209940 2270911123854506
2270911015138150 2270911040865726 2270911150895590 2270911202463176 2270911123854968 2270911142678192 2270911257695150 2270911308532706
2270911202463204 2270911235527592 2270911344768416 2270911395643772 2270911308533448 2270911324918992 2270911448396710 2270911499859170
2270911395643800 2270911423738034 2270911535261698 2270911588218672 2270911499861410 2270911519093672 2270911605222302 2270911657697200
2270911588218700 2270911601178696 2270911725403762 2270911776837760 2270911657698768 2270911703877054 2270911823617276 2270911875180620
2270911776838922 2270911794782064 2270911897187332 2270911949084758 2270911875182888 2270911883818620 2270911996532382 2270912048528102
2270911949084786 2270911958818356 2270912088346216 2270912140140980 2270912048528578 2270912072463804 2270912178933272 2270912230824314
2270912140141008 2270912162723722 2270912292476380 2270912344204042 2270912230825000 2270912237859608 2270912391785702 2270912442773170
2270912344205092 2270912360836784 2270912494079152 2270912545288926 2270912442773604 2270912468966904 2270912559157102 2270912614470500
