16 9277
2271543969725618 2271543969993564 2271543978045454 2271544594862354 2271544594862382 2271544594927860 2271544673485458 2271545302369560
2271545302370456 2271545303098484 2271545378455178 2271546000408076 2271546000408104 2271546001016502 2271546088810250 2271546729618586
2271546729620392 2271546731495622 2271546833114818 2271547462074282 2271547462074310 2271547468126538 2271547539893114 2271548170070466
2271548170071194 2271548225201584 2271548268261776 2271548892380670 2271548892380712 2271548899080244 2271548982083654 2271549633394524
2271549633396484 2271549659917524 2271549702304050 2271550332733514 2271550332733556 2271550339581768 2271550414096628 2271551071075398
2271551071077260 2271551096799082 2271551175347188 2271551801567216 2271551801567244 2271551809338714 2271551879377130 2271552536863302
2271552536864324 2271552554879286 2271552637628876 2271553283607258 2271553283607286 2271553289796854 2271553352112954 2271553994146514
2271553994148376 2271554001462928 2271554103363146 2271554740980028 2271554740980056 2271554743914050 2271554810000280 2271555461674380
2271555461675094 2271555486624830 2271555526774492 2271556157137162 2271556157137190 2271556164971436 2271556235987612 2271556880476982

2271543604264634 2271543604620458 2271543611935668 2271544301419022 2271544301419064 2271544302598046 2271544308052838 2271545000908344
2271545000909366 2271545002115298 2271545013076654 2271545703840252 2271545703840294 2271545711723162 2271545723407800 2271546413681048
2271546413681958 2271546462288292 2271546467720796 2271547157704146 2271547157704188 2271547163122734 2271547174473458 2271547866401478
2271547866403200 2271547893205724 2271547902879612 2271548594505372 2271548594505414 2271548600374424 2271548616684662 2271549308476364
2271549308477176 2271549321615476 2271549336912870 2271550026228336 2271550026228364 2271550033578504 2271550048690188 2271550735046614
2271550735048378 2271550798254752 2271550809933356 2271551493935710 2271551493935752 2271551504740280 2271551513974050 2271552199664790
2271552199666498 2271552256064994 2271552272218768 2271552961215496 2271552961215538 2271552968461098 2271552986698884 2271553673278036
2271553673279492 2271553725743834 2271553737998944 2271554426009750 2271554426009778 2271554431578320 2271554444593196 2271555130510596
2271555130512374 2271555147518034 2271555161364188 2271555848941820 2271555848941848 2271555862966054 2271555870591896 2271556563115588

2271549090318564 2271549090649244 2271549098720482 2271549722094590 2271549722094632 2271549722470588 2271549794075310 2271550421850024
2271550421851704 2271550422584702 2271550499017114 2271551119469212 2271551119470584 2271551120799744 2271551209409692 2271551839497654
2271551839499516 2271551846934426 2271551953713336 2271552579827762 2271552579829148 2271552584899780 2271552660475266 2271553293747500
2271553293749278 2271553349038064 2271553388867882 2271554018967604 2271554018969144 2271554024860232 2271554102695710 2271554744000276
2271554744002054 2271554790934408 2271554822899306 2271555454941570 2271555454942844 2271555461580370 2271555534709930 2271556167204282
2271556167205990 2271556208098968 2271556295948912 2271556922055974 2271556922057374 2271556927288264 2271556999992378 2271557638160552
2271557638162372 2271557661176230 2271557758234254 2271558396755102 2271558396756684 2271558405058376 2271558472719592 2271559102338792
2271559102340500 2271559117664368 2271559223973508 2271559862329254 2271559862330654 2271559867382050 2271559930625118 2271560570585838
2271560570587490 2271560630015572 2271560647396866 2271561274682322 2271561274683708 2271561281014046 2271561356608558 2271561995606316

2271645356693286 2271645358163692 2271645365291848 2271646047370854 2271646047370882 2271646048033572 2271646054977306 2271646738611068
2271646738611880 2271646740010760 2271646748051898 2271647429203306 2271647429203348 2271647435946826 2271647449847034 2271648132887672
2271648132888498 2271648174418574 2271648186314094 2271648867704832 2271648867704874 2271648873211172 2271648884982778 2271649569373380
2271649569374472 2271649599188970 2271649625942424 2271650308698470 2271650308698512 2271650316580708 2271650333208900 2271651014636374
2271651014637200 2271651032070098 2271651070180996 2271651750242266 2271651750242308 2271651764137364 2271651772326622 2271652456550764
2271652456551212 2271652515157172 2271652529448288 2271653202977522 2271653202977564 2271653211283792 2271653224264256 2271653911100868
2271653911102856 2271653964327748 2271653980292340 2271654661078432 2271654661080000 2271654668925698 2271654685243538 2271655375736418
2271655375737958 2271655407278208 2271655419609912 2271656105157264 2271656105157306 2271656113400268 2271656141650812 2271656829172780
2271656829174894 2271656845664430 2271656904795306 2271657591264600 2271657591264642 2271657596998174 2271657609615884 2271658294103226

2271545574385094 2271545575038978 2271545582210926 2271546235064078 2271546235064120 2271546235768264 2271546241718782 2271546893363440
2271546893363776 2271546893999586 2271546931566766 2271547573712942 2271547573712984 2271547574100000 2271547620919696 2271548262876214
2271548262877880 2271548265708918 2271548362476890 2271549012016242 2271549012016270 2271549015983436 2271549076435268 2271549720985370
2271549720986056 2271549724764880 2271549837405422 2271550453692212 2271550453692240 2271550456861126 2271550525837600 2271551149230034
2271551149231714 2271551152945732 2271551272003230 2271551911650966 2271551911650994 2271551917158552 2271551957633224 2271552588810946
2271552588812598 2271552592343076 2271552705313794 2271553354754474 2271553354754516 2271553358633664 2271553426157540 2271554066033406
2271554066035058 2271554070506532 2271554165903890 2271554810944790 2271554810944818 2271554812796458 2271554900202378 2271555536402068
2271555536402768 2271555539980860 2271555621444564 2271556254862972 2271556254863000 2271556259058520 2271556355947536 2271557001289534
2271557001290234 2271557009865822 2271557100568532 2271557736611156 2271557736611198 2271557741022402 2271557773697786 2271558421573532

2271547603572254 2271547604597474 2271547611637990 2271548235371492 2271548235371520 2271548235754616 2271548307318570 2271548930625618
2271548930626108 2271548931512798 2271549012271840 2271549636616022 2271549636616064 2271549642757780 2271549722670340 2271550351273098
2271550351273854 2271550355897088 2271550466954762 2271551095088688 2271551095088730 2271551099573994 2271551173733072 2271551804386494
2271551804387264 2271551809606954 2271551902121138 2271552538953390 2271552538953432 2271552546271582 2271552615955700 2271553256895566
2271553256896560 2271553263906682 2271553336158540 2271553972956814 2271553972956856 2271553979369990 2271554047964040 2271554674231682
2271554674232172 2271554681884642 2271554809195980 2271555441733354 2271555441733396 2271555449603734 2271555513226454 2271556140527968
2271556140528752 2271556147210210 2271556271481812 2271556896014448 2271556896014476 2271556902962032 2271556985968578 2271557619912378
2271557619912658 2271557627600408 2271557737220618 2271558364900944 2271558364900986 2271558374454390 2271558443874832 2271559072203302
2271559072204184 2271559079070316 2271559158485582 2271559790552556 2271559790552584 2271559795559586 2271559869845672 2271560483163888

2271541708825774 2271541709345272 2271541716946712 2271542335688934 2271542335688962 2271542335754524 2271542359050300 2271542974926708
2271542974927310 2271542974992956 2271543069660158 2271543687740236 2271543687740278 2271543690856398 2271543755344010 2271544371960808
2271544371962628 2271544375303098 2271544500697150 2271545125375624 2271545125375652 2271545127988808 2271545210848298 2271545837303050
2271545837304842 2271545840377170 2271545975481888 2271546589632460 2271546589632502 2271546593890756 2271546660276418 2271547286159956
2271547286161398 2271547290483436 2271547419597680 2271548048298690 2271548048298732 2271548053802034 2271548092076396 2271548714768746
2271548714770482 2271548718052614 2271548833772120 2271549458491264 2271549458491292 2271549463955058 2271549560596022 2271550180995956
2271550180997734 2271550185010274 2271550308825434 2271550933259524 2271550933259566 2271550937797092 2271551031028692 2271551667870688
2271551667871430 2271551673677412 2271551776209604 2271552409259336 2271552409259364 2271552416421834 2271552492784274 2271553124620472
2271553124622180 2271553132415406 2271553256968688 2271553889961776 2271553889961818 2271553897362806 2271553913389208 2271554547684338

2271541638869482 2271541638894374 2271541647334386 2271542273229754 2271542273229796 2271542273843206 2271542337147398 2271542956726274
2271542956728906 2271542957525814 2271543029525784 2271543653530564 2271543653530606 2271543656191124 2271543732006416 2271544364139722
2271544364141346 2271544372049806 2271544468473042 2271545096957332 2271545096957374 2271545103039828 2271545167145324 2271545785667676
2271545785668222 2271545793702150 2271545905058682 2271546525633504 2271546525633532 2271546531419074 2271546615367778 2271547237405418
2271547237405894 2271547246000816 2271547342904868 2271547959130646 2271547959130688 2271547962979736 2271548054495734 2271548678905506
2271548678907270 2271548687100028 2271548811610274 2271549435136520 2271549435136548 2271549442260350 2271549506410520 2271550149063860
2271550149065582 2271550154683166 2271550262414804 2271550898305822 2271550898305864 2271550904094668 2271550959647480 2271551590765324
2271551590767158 2271551595131462 2271551701781586 2271552331583850 2271552331583878 2271552338958616 2271552399465874 2271553037220586
2271553037221328 2271553040745254 2271553168398710 2271553804416176 2271553804416218 2271553810492484 2271553891783932 2271554527118128

2271538870667178 2271538870686442 2271538878593712 2271539506662846 2271539506663882 2271539507059242 2271539537975218 2271540162853178
2271540162854718 2271540163488708 2271540227897920 2271540853706922 2271540853708056 2271540863132520 2271540874387302 2271541501858328
2271541501860106 2271541501978826 2271541595270444 2271542221735598 2271542221736634 2271542221806676 2271542318861676 2271542950670336
2271542950671750 2271542950734596 2271543050504322 2271543672366696 2271543672366724 2271543672428688 2271543766477258 2271544387022120
2271544387023548 2271544387085806 2271544466899106 2271545090489892 2271545090490956 2271545090551478 2271545217251856 2271545844373526
2271545844375066 2271545847403196 2271545945866246 2271546567011820 2271546567012856 2271546567076430 2271546657744728 2271547296456620
2271547296458174 2271547296524464 2271547421319666 2271548050242016 2271548050243038 2271548058099208 2271548118638078 2271548741536746
2271548741538090 2271548741600740 2271548885643534 2271549507490452 2271549507491572 2271549507553410 2271549585490388 2271550218313712
2271550218315154 2271550220568930 2271550321514530 2271550948406880 2271550948407916 2271550951872328 2271551055738454 2271551681645218

2271538822327572 2271538822857976 2271538830187270 2271539458602414 2271539458602456 2271539459227906 2271539472568520 2271540100933278
2271540100934048 2271540101033168 2271540178025538 2271540799903578 2271540799903620 2271540804292830 2271540869497984 2271541492159338
2271541492160052 2271541499339938 2271541628446188 2271542257458362 2271542257458404 2271542262858400 2271542327720568 2271542956399066
2271542956399948 2271542961686306 2271543073764202 2271543703010414 2271543703010456 2271543708236432 2271543773763068 2271544396515436
2271544396516304 2271544403604658 2271544499097706 2271545122712460 2271545122712488 2271545129932484 2271545205558328 2271545832854130
2271545832854914 2271545839866730 2271545912258966 2271546542737430 2271546542737472 2271546545913414 2271546677685194 2271547305932464
2271547305933220 2271547309506440 2271547375387682 2271547990036892 2271547990036920 2271547990100326 2271548136227972 2271548771541574
2271548771542456 2271548780354490 2271548894717830 2271549514298134 2271549514298176 2271549522594828 2271549598881934 2271550227350908
2271550227351958 2271550234506434 2271550349330164 2271550971740218 2271550971740820 2271550980875470 2271551020276076 2271551648778566

2271544982748748 2271544983044330 2271544990815632 2271545626105728 2271545626105756 2271545626787794 2271545633066836 2271546264256514
2271546264257312 2271546264942024 2271546271347234 2271546908681722 2271546908681764 2271546908744596 2271546966833284 2271547611495778
2271547611496618 2271547611561116 2271547706809066 2271548339370436 2271548339370464 2271548339438014 2271548426703976 2271549068080250
2271549068080740 2271549068145070 2271549166071850 2271549797669362 2271549797669390 2271549802778942 2271549886811744 2271550519386036
2271550519386862 2271550523833290 2271550602213970 2271551236809960 2271551236809988 2271551236875830 2271551347334766 2271551982624680
2271551982625464 2271551986491830 2271552018373498 2271552656436238 2271552656436266 2271552656501660 2271552750176822 2271553379358326
2271553379359208 2271553379423902 2271553538718996 2271554174341130 2271554174341158 2271554181639246 2271554213873658 2271554842990398
2271554842991224 2271554843066362 2271554997358682 2271555626834438 2271555626834466 2271555632096912 2271555697993610 2271556332741766
2271556332742424 2271556336395276 2271556453132302 2271557068939522 2271557068939564 2271557073892134 2271557179807678 2271557797243882

2271655972127318 2271655972814802 2271655979968984 2271656604159908 2271656604159936 2271656604273756 2271656622359446 2271657245231556
2271657245233068 2271657245298868 2271657303359682 2271657924333812 2271657924333854 2271657924721836 2271658002556054 2271658629986970
2271658629988692 2271658635811264 2271658740350146 2271659375627404 2271659375627432 2271659383179704 2271659447471652 2271660073096848
2271660073097520 2271660080894274 2271660160861182 2271660785504656 2271660785504698 2271660789857704 2271660873397594 2271661493262896
2271661493263624 2271661496313846 2271661603122618 2271662230544392 2271662230544434 2271662237951806 2271662298201898 2271662915014528
2271662915015004 2271662915132366 2271663078853196 2271663707783792 2271663707783820 2271663715199130 2271663795959432 2271664431772106
2271664431772680 2271664438444800 2271664511005344 2271665147352860 2271665147352888 2271665147424470 2271665246190592 2271665869110568
2271665869111912 2271665874509192 2271665977337974 2271666612200972 2271666612201014 2271666614204386 2271666675978938 2271667303586590
2271667303587136 2271667303652138 2271667401583650 2271668028276402 2271668028276430 2271668028390040 2271668147578242 2271668796480104

2271540166956270 2271540167832516 2271540175324994 2271540803746676 2271540803746718 2271540804376228 2271540810899430 2271541442263828
2271541442264542 2271541442341108 2271541503028476 2271542131248404 2271542131248432 2271542131311894 2271542213444476 2271542844101594
2271542844102406 2271542851661566 2271542973081368 2271543604565956 2271543604565984 2271543607511080 2271543672358086 2271544299401846
2271544299402798 2271544314458804 2271544429960414 2271545046938720 2271545046938762 2271545050693646 2271545103091908 2271545724397894
2271545724398846 2271545732444212 2271545864558082 2271546484605006 2271546484605034 2271546487828086 2271546540635288 2271547170458944
2271547170459560 2271547192427086 2271547297869528 2271547927901952 2271547927901980 2271547930160964 2271548022326758 2271548666461116
2271548666462110 2271548689413402 2271548758453002 2271549403351158 2271549403351186 2271549406426552 2271549492756278 2271550129522548
2271550129523472 2271550154661550 2271550239368004 2271550871582874 2271550871582902 2271550878057034 2271550946341124 2271551593037426
2271551593038336 2271551614232362 2271551693982816 2271552338656062 2271552338656104 2271552343838946 2271552364306302 2271552999791684

2271537483168016 2271537483772004 2271537491255452 2271538114341790 2271538114341818 2271538114445586 2271538186913044 2271538808297290
2271538808298004 2271538808966658 2271538891879992 2271539517152542 2271539517152570 2271539523763538 2271539602263288 2271540231015020
2271540231015496 2271540282482688 2271540346537686 2271540973569756 2271540973569784 2271540984446482 2271541053311964 2271541680736398
2271541680736888 2271541729528540 2271541780101314 2271542406139608 2271542406139636 2271542411126324 2271542494300590 2271543117761162
2271543117762702 2271543154189554 2271543212663872 2271543835782494 2271543835782536 2271543844409098 2271543927519566 2271544545129510
2271544545131134 2271544567847450 2271544688762090 2271545322739280 2271545322739322 2271545332597366 2271545392826318 2271546016577866
2271546016579392 2271546027903964 2271546151045934 2271546782550976 2271546782551018 2271546791737062 2271546865527114 2271547490789710
2271547490790382 2271547546364166 2271547616776606 2271548237628670 2271548237628698 2271548246022930 2271548323425304 2271548948921392
2271548948922008 2271549000080766 2271549036138284 2271549652167530 2271549652167572 2271549655961838 2271549749401800 2271550376998364

2271538160095932 2271538160748150 2271538167411310 2271538795344490 2271538795344532 2271538796020088 2271538810325764 2271539430540660
2271539430542396 2271539430606460 2271539493718110 2271540119719822 2271540119719864 2271540120160038 2271540207249334 2271540838431620
2271540838433370 2271540882469530 2271540966215248 2271541598345026 2271541598345054 2271541601121674 2271541665495480 2271542294860706
2271542294862414 2271542332091158 2271542426731690 2271543055496988 2271543055497016 2271543060428054 2271543098198752 2271543726445490
2271543726447226 2271543748496778 2271543870844794 2271544510056360 2271544510056402 2271544516676190 2271544535099210 2271545169783330
2271545169785038 2271545182324810 2271545285028264 2271545923200442 2271545923200470 2271545925200916 2271546015455612 2271546649114386
2271546649116094 2271546706717904 2271546735383870 2271547367481574 2271547367481602 2271547369894586 2271547482295210 2271548117595512
2271548117597178 2271548170410022 2271548232479792 2271548863612756 2271548863612784 2271548871146394 2271548944037450 2271549574545426
2271549574547162 2271549600961536 2271549708206548 2271550335656434 2271550335656476 2271550343119568 2271550357007400 2271550985956602

2271542762256110 2271542762278874 2271542770869190 2271543398503106 2271543398503134 2271543399265952 2271543460533088 2271544080424066
2271544080424570 2271544086677068 2271544153605776 2271544779801500 2271544779801542 2271544786052444 2271544855380220 2271545487734194
2271545487734992 2271545526378380 2271545591856702 2271546225962356 2271546225962398 2271546231215016 2271546290521718 2271546919129278
2271546919130188 2271546945756550 2271547009613560 2271547638438498 2271547638438526 2271547642807954 2271547738742800 2271548363873950
2271548363874706 2271548380591196 2271548443307192 2271549062869884 2271549062869926 2271549066047100 2271549177873416 2271549804548682
2271549804549200 2271549863310126 2271549934990672 2271550571157602 2271550571157630 2271550580779466 2271550629803056 2271551241800778
2271551241801058 2271551289891338 2271551385796896 2271552018073702 2271552018073744 2271552030450360 2271552083034724 2271552715428528
2271552715429088 2271552756095812 2271552825164770 2271553453255758 2271553453255786 2271553456203150 2271553522857374 2271554153869406
2271554153870176 2271554178138434 2271554255525394 2271554867287748 2271554867287776 2271554872423494 2271555015174844 2271555642569402
