16 8925
2271060205889356 2271060208987276 2271060213686040 2271060872825178 2271060208987318 2271060211445326 2271060873453316 2271061518441954
2271061518443844 2271061520958020 2271061614605210 2271062263648290 2271061520958048 2271061523182956 2271062264243584 2271062893698984
2271062893700622 2271062896253200 2271063001941146 2271063650585380 2271062896253228 2271062898329162 2271063651176852 2271064282172504
2271064282175024 2271064284794718 2271064389708632 2271065032419834 2271064284794746 2271064286895894 2271065033061132 2271065669688900
2271065669691112 2271065672243676 2271065777678586 2271066438892272 2271065672243704 2271065674377430 2271066439535950 2271067068418722
2271067068421158 2271067071029484 2271067166614974 2271067826535242 2271067071029512 2271067073103990 2271067827120750 2271068451962842
2271068451963528 2271068454507244 2271068559267900 2271069208086196 2271068454507272 2271068456649482 2271069208667000 2271069835069224
2271069835070764 2271069837533350 2271069935276982 2271070580960566 2271069837533392 2271069839753232 2271070581546018 2271071208250124
2271071208252518 2271071210713508 2271071308129652 2271071957490616 2271071210713536 2271071212942588 2271071958142806 2271072588292018

2271059839726552 2271059842494506 2271059847147182 2271060555395576 2271059842494548 2271059844751572 2271060556026934 2271061243395812
2271061243396316 2271061245783176 2271061249989392 2271061947596134 2271061245783204 2271061247784658 2271061948355788 2271062630857482
2271062630858154 2271062633166488 2271062637363184 2271063333641704 2271062633166516 2271062635221198 2271063334303932 2271064018515054
2271064018517364 2271064020905638 2271064025088950 2271064721866220 2271064020905680 2271064022884356 2271064722513412 2271065406592542
2271065406594936 2271065408896046 2271065412966658 2271066107117962 2271065408896088 2271065410945632 2271066107839340 2271066795417322
2271066795418988 2271066797818658 2271066801989776 2271067500079336 2271066797818700 2271066799821638 2271067500729300 2271068188132884
2271068188133416 2271068190495734 2271068194649394 2271068885768340 2271068190495762 2271068192463826 2271068886419410 2271069564195544
2271069564196062 2271069566528140 2271069570653268 2271070256377944 2271069566528182 2271069568572420 2271070257037764 2271070936985774
2271070936988266 2271070939357416 2271070943485834 2271071626404784 2271070939357458 2271070941342812 2271071627036786 2271072305946038

2271065324835846 2271065327782958 2271065332794244 2271065983351690 2271065327782986 2271065330202466 2271065983853086 2271066614539352
2271066614539856 2271066617055474 2271066733629932 2271067376977630 2271066617055502 2271066619265290 2271067377692750 2271068003546118
2271068003546622 2271068006103372 2271068120939870 2271068761583706 2271068006103414 2271068008241382 2271068762263546 2271069388185626
2271069388187334 2271069390739744 2271069508712326 2271070159333640 2271069390739786 2271069392938962 2271070160042306 2271070787347894
2271070787350680 2271070789901564 2271070896684688 2271071534825506 2271070789901592 2271070792027842 2271071535598278 2271072168227156
2271072168229116 2271072170813950 2271072285628342 2271072930229110 2271072170813978 2271072172902232 2271072931051106 2271073559324192
2271073559324640 2271073561846096 2271073678285230 2271074320552996 2271073561846124 2271073563998246 2271074321215700 2271074935520160
2271074935520664 2271074938159174 2271075054297406 2271075680195056 2271074938159216 2271074940309868 2271075680908692 2271076301995130
2271076301996824 2271076304520450 2271076427158756 2271077054027824 2271076304520478 2271076306689106 2271077054691578 2271077674699638

2271161592937846 2271161595723944 2271161600271284 2271162295245998 2271161595723986 2271161597924436 2271162295917284 2271162983206880
2271162983209050 2271162985501116 2271162989664422 2271163682899594 2271162985501158 2271162987534910 2271163683550734 2271164368717566
2271164368719610 2271164371014000 2271164375172924 2271165068774126 2271164371014028 2271164373066974 2271165069416278 2271165755189156
2271165755191606 2271165757570822 2271165761723502 2271166462366116 2271165757570864 2271165759551724 2271166463006154 2271167145408700
2271167145410086 2271167147706464 2271167151793078 2271167838812698 2271167147706506 2271167149773914 2271167839480568 2271168527347370
2271168527348910 2271168529721014 2271168533869760 2271169222792302 2271168529721056 2271168531708160 2271169223447460 2271169911550624
2271169911553172 2271169913888680 2271169918038210 2271170606046482 2271169913888708 2271169915885150 2271170606781790 2271171292389566
2271171292391232 2271171294719684 2271171298834956 2271171992824462 2271171294719712 2271171296741970 2271171993543558 2271172671734022
2271172671737186 2271172674163092 2271172678218304 2271173366134344 2271172674163134 2271172676126410 2271173366885010 2271174049948706

2271061809310462 2271061812197108 2271061817231298 2271062471907068 2271061812197136 2271061814725956 2271062472466200 2271063105887296
2271063105889004 2271063108516174 2271063126854508 2271063774833378 2271063108516216 2271063110652112 2271063775487038 2271064406664018
2271064406665516 2271064409199586 2271064507514068 2271065153896980 2271064409199614 2271064411323344 2271065154572802 2271065790020748
2271065790021238 2271065792673384 2271065890591526 2271066545640172 2271065792673412 2271065794778046 2271066546213948 2271067171534546
2271067171535036 2271067174096840 2271067278018266 2271067934380238 2271067174096882 2271067176210140 2271067935077900 2271068562517286
2271068562519162 2271068565004512 2271068676737462 2271069331611962 2271068565004554 2271068567123090 2271069332187628 2271069956908088
2271069956910328 2271069959432932 2271070060299082 2271070692565164 2271069959432960 2271069961640886 2271070693143182 2271071325857334
2271071325859826 2271071328390704 2271071446009842 2271072085294110 2271071328390732 2271071330577980 2271072086046036 2271072698386352
2271072698386968 2271072700852984 2271072816600168 2271073429055704 2271072700853026 2271072702961342 2271073429727928 2271074029484582

2271063838016120 2271063840711092 2271063845113028 2271064494735666 2271063840711120 2271063842866798 2271064495414582 2271065131547968
2271065131550740 2271065133815506 2271065246784698 2271065900533500 2271065133815534 2271065135727038 2271065901103790 2271066531115004
2271066531117314 2271066533625974 2271066634124470 2271067265165566 2271066533626016 2271066535772552 2271067265685414 2271067893591322
2271067893593898 2271067896122116 2271068021902862 2271068654066758 2271067896122144 2271067898176154 2271068654693902 2271069290042700
2271069290043316 2271069292442482 2271069409874496 2271070055202228 2271069292442524 2271069294569502 2271070055809772 2271070683651420
2271070683652512 2271070686146892 2271070798814972 2271071431006280 2271070686146920 2271070688306392 2271071431684986 2271072063627668
2271072063630342 2271072066095294 2271072191475122 2271072843288886 2271072066095336 2271072068280988 2271072843831358 2271073469584570
2271073469586852 2271073472031000 2271073567485142 2271074189031592 2271073472031028 2271073474140548 2271074189548990 2271074798363518
2271074798365996 2271074800877414 2271074940348284 2271075576987462 2271074800877456 2271074803003090 2271075577529010 2271076200128582

2271057944164828 2271057947023082 2271057951923362 2271058600233556 2271057947023124 2271057949417530 2271058600671798 2271059226481178
2271059226482690 2271059229021842 2271059261164722 2271059901635196 2271059229021870 2271059231154112 2271059902215174 2271060529754184
2271060529755822 2271060532278286 2271060642369778 2271061293585056 2271060532278314 2271060534390200 2271061294252170 2271061928496914
2271061928498020 2271061930778452 2271062012426914 2271062658063178 2271061930778494 2271061932765696 2271062658637668 2271063281169578
2271063281170068 2271063283686484 2271063411565508 2271064037716474 2271063283686526 2271063285748642 2271064038301156 2271064662619312
2271064662620908 2271064665036356 2271064794903996 2271065419381752 2271064665036384 2271064667106060 2271065419967218 2271066043569848
2271066043571262 2271066045985464 2271066183477140 2271066813231524 2271066045985492 2271066048036632 2271066813820364 2271067426752726
2271067426754224 2271067429227366 2271067580859322 2271068226945840 2271067429227394 2271067431275650 2271068227520568 2271068848334272
2271068848335406 2271068850804586 2271068926162414 2271069554998818 2271068850804628 2271068852870258 2271069555575884 2271070168971114

2271057874386280 2271057877320246 2271057881864198 2271058531904484 2271057877320274 2271057879641950 2271058532496782 2271059159272988
2271059159273618 2271059161646058 2271059269606274 2271059910860286 2271059161646100 2271059163776648 2271059911363978 2271060538045376
2271060538047602 2271060540564858 2271060655115686 2271061303395486 2271060540564900 2271060542599632 2271061303898954 2271061925544846
2271061925547716 2271061928153760 2271062041674426 2271062691012248 2271061928153788 2271061930205264 2271062691585086 2271063311414086
2271063311416354 2271063313913730 2271063431840602 2271064065225886 2271063313913772 2271063316023978 2271064065734730 2271064695676014
2271064695677372 2271064698165060 2271064813770928 2271065454335636 2271064698165102 2271064700236346 2271065454836780 2271066080144456
2271066080144932 2271066082596668 2271066197946700 2271066846151894 2271066082596710 2271066084681660 2271066846665106 2271067462485402
2271067462486998 2271067464974322 2271067578807468 2271068203085220 2271067464974364 2271067467083310 2271068203627370 2271068818830168
2271068818832800 2271068821319662 2271068953647368 2271069581774644 2271068821319690 2271068823418822 2271069582308548 2271070198334462

2271055106038964 2271055109053444 2271055113987646 2271055771385954 2271055109053472 2271055111382106 2271055771864810 2271056403745052
2271056403747516 2271056406272178 2271056410587454 2271057062511916 2271056406272206 2271056408411896 2271057063055032 2271057695029298
2271057695031846 2271057697575436 2271057715258374 2271058367119724 2271057697575478 2271057699671236 2271058367760364 2271059000893466
2271059000894796 2271059003456908 2271059095877922 2271059752902934 2271059003456936 2271059005536272 2271059753623976 2271060375648666
2271060375650192 2271060378128864 2271060475062750 2271061131988446 2271060378128906 2271060380192296 2271061132581682 2271061756352858
2271061756354342 2271061758857808 2271061863928466 2271062517094238 2271061758857836 2271061760996336 2271062517705100 2271063139071202
2271063139072602 2271063141462248 2271063258446794 2271063896481926 2271063141462290 2271063143707036 2271063897018210 2271064526091018
2271064526093146 2271064528574016 2271064639057690 2271065279521892 2271064528574058 2271064530696192 2271065280122604 2271065894629658
2271065894631128 2271065897126418 2271066008652168 2271066638228164 2271065897126460 2271065899232606 2271066638820602 2271067256407516

2271055058310906 2271055061293326 2271055065817006 2271055716408080 2271055061293354 2271055063552366 2271055716978342 2271056345564510
2271056345566232 2271056348089102 2271056375316246 2271057025552588 2271056348089130 2271056350268776 2271057026245966 2271057653575088
2271057653577692 2271057656103558 2271057756513224 2271058400785650 2271057656103600 2271057658170602 2271058401326106 2271059029478302
2271059029480192 2271059032031314 2271059138899600 2271059782620944 2271059032031342 2271059034116124 2271059783218758 2271060413494306
2271060413494768 2271060415959594 2271060515300010 2271061166565968 2271060415959636 2271060418090590 2271061167095280 2271061787501360
2271061787502746 2271061789997868 2271061909042122 2271062540102482 2271061789997896 2271061792128668 2271062540754728 2271063173713978
2271063173716652 2271063176238206 2271063289057248 2271063925973136 2271063176238248 2271063178286028 2271063926616842 2271064547420676
2271064547422454 2271064549929336 2271064694993976 2271065331385704 2271064549929378 2271064552078616 2271065331927854 2271065955993198
2271065955995270 2271065958502964 2271066049291536 2271066685380822 2271065958503006 2271065960526174 2271066685985370 2271067301361838

2271061217507166 2271061220392314 2271061225184472 2271061889598838 2271061220392356 2271061222778852 2271061890262998 2271062529314292
2271062529314796 2271062531896004 2271062536021958 2271063198723970 2271062531896032 2271062533964336 2271063199461756 2271063851187810
2271063851189280 2271063853742180 2271063858007070 2271064519667468 2271063853742208 2271063855848018 2271064520350990 2271065151572392
2271065151575010 2271065153876834 2271065206237940 2271065857558764 2271065153876862 2271065155820748 2271065858191564 2271066504029176
2271066504031080 2271066506575636 2271066580550950 2271067254691018 2271066506575678 2271066508822664 2271067255329390 2271067888197808
2271067888199768 2271067890472668 2271067953623252 2271068593504312 2271067890472696 2271067892402932 2271068594251478 2271069220610876
2271069220612318 2271069223124940 2271069337940312 2271069964997106 2271069223124968 2271069225291146 2271069965732820 2271070579659476
2271070579660176 2271070582180610 2271070721028354 2271071366870012 2271070582180638 2271070584445558 2271071367498276 2271071997346502
2271071997348980 2271071999605892 2271072126355564 2271072787352810 2271071999605934 2271072001470342 2271072787977280 2271073413402836

2271172207262616 2271172210058430 2271172214409518 2271172861568324 2271172210058458 2271172212216810 2271172862329266 2271173485261688
2271173485263270 2271173487787708 2271173524312952 2271174165652966 2271173487787750 2271173489894988 2271174166304008 2271174791966584
2271174791968012 2271174794465108 2271174880099062 2271175523781332 2271174794465136 2271174796646238 2271175524526328 2271176146784020
2271176146785742 2271176149285344 2271176263688500 2271176902052800 2271176149285386 2271176151445796 2271176902632344 2271177529665898
2271177529666388 2271177532170204 2271177649471038 2271178305540676 2271177532170246 2271177534318882 2271178306117728 2271178931525952
2271178931526442 2271178933858142 2271179035084288 2271179670631382 2271178933858184 2271178935808174 2271179671400486 2271180313349556
2271180313351194 2271180315891816 2271180418070676 2271181062350592 2271180315891844 2271180318070846 2271181062937626 2271181680576634
2271181680577950 2271181683087170 2271181800482126 2271182432408876 2271181683087212 2271181685189368 2271182433129568 2271183040125258
2271183040205072 2271183042699074 2271183157372906 2271183783173494 2271183042699116 2271183044849684 2271183783877134 2271184398984032

2271056402363686 2271056405140586 2271056409555794 2271057065168052 2271056405140614 2271056407369764 2271057065772530 2271057698580328
2271057698582190 2271057701035760 2271057719921732 2271058373214484 2271057701035788 2271057703195666 2271058373860472 2271059006900628
2271059006902196 2271059009355080 2271059097672820 2271059751321662 2271059009355122 2271059011513418 2271059751934946 2271060387569274
2271060387569778 2271060390036830 2271060483641054 2271061141529264 2271060390036858 2271060392137362 2271061142231140 2271061766701980
2271061766703730 2271061769220986 2271061871074878 2271062527480432 2271061769221014 2271061771320328 2271062528121058 2271063151479192
2271063151480732 2271063153923984 2271063269797784 2271063923026906 2271063153924012 2271063156019686 2271063923652552 2271064547559304
2271064547560928 2271064549972330 2271064653356688 2271065296253068 2271064549972372 2271064552017436 2271065296883278 2271065930851872
2271065930853846 2271065933264548 2271066036458646 2271066676430818 2271065933264576 2271065935307260 2271066677060846 2271067284456628
2271067284457132 2271067286882352 2271067409655828 2271068038592794 2271067286882394 2271067288928984 2271068039267356 2271068651880238

2271053719268642 2271053722146776 2271053726990132 2271054374008266 2271053722146804 2271053724517536 2271054374460452 2271055001206166
2271055001208406 2271055003684012 2271055128045998 2271055770872938 2271055003684040 2271055005746016 2271055771607140 2271056409943916
2271056409944434 2271056412172562 2271056515377174 2271057166522102 2271056412172590 2271056414116196 2271057167258110 2271057794707086
2271057794709438 2271057797255520 2271057903146564 2271058535444328 2271057797255548 2271057799326400 2271058536081160 2271059170034620
2271059170037056 2271059172514538 2271059291136272 2271059928930884 2271059172514566 2271059174543278 2271059929585412 2271060564447262
2271060564448774 2271060566978140 2271060680052654 2271061320503010 2271060566978168 2271060569014650 2271061321215400 2271061938183878
2271061938186286 2271061940598402 2271062072708604 2271062706415776 2271061940598430 2271061942713872 2271062707011798 2271063334998794
2271063334999298 2271063337188380 2271063448715362 2271064093873708 2271063337188408 2271063339099884 2271064094485788 2271064705167412
2271064705168994 2271064707606464 2271064821566226 2271065450869964 2271064707606492 2271064709758404 2271065451472468 2271066065449132

2271054396423834 2271054399325348 2271054403915444 2271055053651370 2271054399325376 2271054401743638 2271055054237788 2271055685988838
2271055685991428 2271055688533128 2271055713423798 2271056362876602 2271055688533170 2271055690818530 2271056363417702 2271056993796458
2271056993798530 2271056996266688 2271057091725828 2271057739053838 2271056996266716 2271056998420910 2271057739768972 2271058375869542
2271058375871390 2271058378440586 2271058477013480 2271059131735198 2271058378440614 2271058380588956 2271059132473992 2271059754600770
2271059754602170 2271059757186038 2271059863816856 2271060494216150 2271059757186066 2271059759323474 2271060494922142 2271061127664308
2271061127664868 2271061130229710 2271061246813366 2271061883518512 2271061130229738 2271061132391184 2271061884325836 2271062510198132
2271062510200792 2271062512835466 2271062635723784 2271063267298364 2271062512835508 2271062515039878 2271063268090232 2271063895102338
2271063895104228 2271063897610550 2271064016750382 2271064652466050 2271063897610592 2271063899786710 2271064653136636 2271065275538304
2271065275541174 2271065278151698 2271065387402056 2271066010895612 2271065278151726 2271065280247414 2271066011704518 2271066621005868

2271058997241426 2271059000208474 2271059004913510 2271059651633682 2271059000208502 2271059002659454 2271059652419082 2271060282605870
2271060282608586 2271060285167408 2271060392463324 2271061035863984 2271060285167436 2271060287347026 2271061036607860 2271061664755254
2271061664757578 2271061667336056 2271061778033370 2271062416709114 2271061667336098 2271061669507806 2271062417386518 2271063046698544
2271063046699034 2271063049638502 2271063164535998 2271063801296206 2271063049638544 2271063051960066 2271063802077532 2271064433445360
2271064433445976 2271064435978590 2271064554705156 2271065201740692 2271064435978632 2271064438144124 2271065202485450 2271065819707986
2271065819710338 2271065822284742 2271065936635258 2271066583597560 2271065822284784 2271065824483946 2271066584380006 2271067201793208
2271067201795700 2271067204284900 2271067320813200 2271067957788980 2271067204284928 2271067206423974 2271067958471228 2271068576003052
2271068576005852 2271068578518628 2271068701676012 2271069327003540 2271068578518670 2271068580682286 2271069327811942 2271069942243564
2271069942245804 2271069944655610 2271070081089852 2271070714784298 2271069944655638 2271069946801040 2271070715462346 2271071328867264
