16 8913
2271096538692562 2271096545362400 2271096549323868 2271097189162396 2271096545362428 2271096547597710 2271097190875366 2271097823114470
2271097189162424 2271097190847786 2271097825696140 2271098469124044 2271097823116108 2271097825143896 2271098471567702 2271099104834322
2271098469124072 2271098470783772 2271099107237156 2271099747054012 2271099104836310 2271099106611258 2271099749435916 2271100362100164
2271099747054040 2271099748695260 2271100364465716 2271101011989488 2271100362102796 2271100363841764 2271101014359926 2271101633197124
2271101011989516 2271101013749050 2271101635528950 2271102289508430 2271101633199728 2271101634867968 2271102291874738 2271102920970156
2271102289508458 2271102291176852 2271102923307848 2271103580786488 2271102920971920 2271102922608338 2271103583036442 2271104219232282
2271103580786516 2271103582425776 2271104221532132 2271104861957764 2271104219233752 2271104220881384 2271104864298914 2271105505887330
2271104861957792 2271104863618542 2271105515597450 2271106168144212 2271105505889206 2271105507506682 2271106218354260 2271106862068016
2271106168144240 2271106169834152 2271106906097708 2271107540810080 2271106862070900 2271106863794076 2271107603510984 2271108250370246

2271096172649094 2271096177857024 2271096182507362 2271096874959290 2271096177857066 2271096179828210 2271096876752074 2271097561047994
2271096874959318 2271096876525428 2271097563611982 2271098253327148 2271097561049926 2271097562715156 2271098255797420 2271098945516366
2271098253327190 2271098254910268 2271098948066718 2271099638498908 2271098945518816 2271098947138336 2271099640868828 2271100330114210
2271099638498936 2271099640097064 2271100332479062 2271101024510780 2271100330117248 2271100331709426 2271101026826016 2271101713338878
2271101024510808 2271101026046216 2271101715758302 2271102401269310 2271101713341594 2271101714861994 2271102403445694 2271103090712890
2271102401270598 2271102402842602 2271103093008246 2271103780307754 2271103090715606 2271103092390258 2271103782658606 2271104462298518
2271103780307796 2271103781953664 2271104465304374 2271105148571056 2271104462301444 2271104464574946 2271105151894628 2271105851320754
2271105148571084 2271105150308918 2271105853270086 2271106539029636 2271105851323442 2271105853174802 2271106541700486 2271107235350996
2271106539029664 2271106540927588 2271107237835968 2271107935446448 2271107235353950 2271107236988464 2271107937002016 2271108622318088

2271101657782230 2271101664789538 2271101668913560 2271102311101386 2271101664789566 2271101667023098 2271102312964632 2271102943084444
2271102311101414 2271102312800244 2271102945582282 2271103584379728 2271102943085718 2271102944952408 2271103586884790 2271104219348356
2271103584379756 2271103586043474 2271104221779218 2271104861395636 2271104219350848 2271104221161776 2271104863910946 2271105497873786
2271104861395664 2271104863065724 2271105500245022 2271106137771142 2271105497875886 2271105499633474 2271106140104564 2271106772326980
2271106137771170 2271106139424164 2271106774775608 2271107412121100 2271106772329388 2271106773999224 2271107414452240 2271108040434184
2271107412121128 2271107413759590 2271108042780136 2271108686564368 2271108040435654 2271108042053984 2271108688837534 2271109309232652
2271108686564410 2271108688243668 2271109311554790 2271109957690448 2271109309234122 2271109310873214 2271109959965462 2271110582623176
2271109957690476 2271109959300882 2271110634978458 2271111278355304 2271110582625724 2271110584235234 2271111337866560 2271111971896446
2271111278355332 2271111280003104 2271112025536914 2271112658601178 2271111971899050 2271111973534530 2271112722627812 2271113363921710

2271197925785278 2271197930483622 2271197936136542 2271198633455906 2271197930483664 2271197932509478 2271198635360424 2271199322841512
2271198633455934 2271198635071772 2271199325759098 2271200019678478 2271199322843486 2271199324742068 2271200022146440 2271200710514078
2271200019679822 2271200021274884 2271200712828208 2271201394997906 2271200710516864 2271200712040512 2271201397312204 2271202085487636
2271201394997948 2271201396557646 2271202087707000 2271202775824850 2271202085489330 2271202086992258 2271202777965688 2271203461621822
2271202775824878 2271202777359670 2271203463806788 2271204148780672 2271203461623432 2271203463133416 2271204150998874 2271204835042514
2271204148780700 2271204150349778 2271204837338850 2271205519666412 2271204835044418 2271204836698000 2271205521961292 2271206212256646
2271205519666454 2271205521387936 2271206214670526 2271206900563608 2271206212258550 2271206213893344 2271206903033194 2271207593081924
2271206900563650 2271206902207292 2271207595745256 2271208287869864 2271207593083590 2271207594927390 2271208290644230 2271208974727588
2271208287869892 2271208289516194 2271208977405424 2271209670293508 2271208974729548 2271208976711962 2271209671795470 2271210352452944

2271098142226536 2271098148816140 2271098152914500 2271098798583006 2271098148816168 2271098150870108 2271098800391400 2271099439482762
2271098798583034 2271098800282802 2271099442301774 2271100086839374 2271099439484694 2271099441375856 2271100089481888 2271100729410016
2271100086839402 2271100088638864 2271100731887106 2271101369441394 2271100729410478 2271100731170810 2271101371931042 2271101999951498
2271101369441422 2271101371074536 2271102002465604 2271102616643686 2271101999953010 2271102001699930 2271102618916152 2271103226095830
2271102616643714 2271102618284038 2271103228371964 2271103857007664 2271103226097300 2271103227768550 2271103859252662 2271104492913648
2271103857007692 2271103858658530 2271104495275798 2271105144503314 2271104492915384 2271104494554042 2271105146781380 2271105780536894
2271105144503342 2271105146180472 2271105782790698 2271106419629866 2271105780538504 2271105782183462 2271106421935820 2271107066531660
2271106419629894 2271106421306422 2271107068771240 2271107710762506 2271107066532808 2271107068183058 2271107712928838 2271108360725162
2271107710762534 2271107712379268 2271108363031004 2271109003591092 2271108360727710 2271108362371604 2271109005076940 2271109649809658

2271100170994312 2271100176000880 2271100180365212 2271100830703264 2271100176000922 2271100177810940 2271100832570920 2271101468180090
2271100830703292 2271100832188664 2271101471039296 2271102110683952 2271101468182862 2271101470175846 2271102113261940 2271102747370506
2271102110683994 2271102112519534 2271102749953282 2271103362992772 2271102747373264 2271102749065332 2271103365230966 2271103983077062
2271103362992800 2271103364656280 2271103985580220 2271104635663066 2271103983079050 2271103984816730 2271104637773104 2271105281456130
2271104635663094 2271104637156950 2271105283660276 2271105925490850 2271105281458692 2271105282928944 2271105927964440 2271106563971126
2271105925490878 2271105927250384 2271106566095080 2271107213974340 2271106563973870 2271106565417676 2271107216450086 2271107846560644
2271107213974368 2271107215634600 2271107849348030 2271108502402152 2271107846561876 2271107848258172 2271108504924322 2271109133912542
2271108502402180 2271108503890632 2271109149085098 2271109796960872 2271109133915174 2271109135664796 2271109850034158 2271110486204728
2271109796960900 2271109798428408 2271110537780924 2271111171517580 2271110486207122 2271110487965970 2271111234421680 2271111871369068

2271094277050760 2271094283387748 2271094287694232 2271094919784124 2271094283387776 2271094285453476 2271094921603242 2271095544063388
2271094919784152 2271094921573940 2271095546685896 2271096185751932 2271095544066076 2271095546138930 2271096188115538 2271096834304816
2271096185751960 2271096187487512 2271096836575910 2271097466343482 2271096834307630 2271096835966364 2271097468326708 2271098090181956
2271097466343524 2271097467793084 2271098092484326 2271098714226622 2271098090183566 2271098091920756 2271098716508104 2271099342140790
2271098714226650 2271098715885650 2271099344357914 2271099973602698 2271099342142512 2271099343813958 2271099975791822 2271100594707434
2271099973602740 2271099975259402 2271100596961784 2271101228373026 2271100594709016 2271100596411248 2271101230830418 2271101849743510
2271101228373054 2271101230016822 2271101852121746 2271102483915286 2271101849745582 2271101851469500 2271102486164750 2271103105681046
2271102483915314 2271102485544158 2271103108103606 2271103745415078 2271103105683580 2271103107421568 2271103747696938 2271104391567102
2271103745415106 2271103747055738 2271104393700492 2271105037661824 2271104391568852 2271104393176920 2271105039233282 2271105691462860

2271094207271540 2271094213472840 2271094217372428 2271094859416292 2271094213472868 2271094215537084 2271094861171220 2271095491584052
2271094859416320 2271094861069566 2271095494146836 2271096136062586 2271095491586754 2271095493438142 2271096138524584 2271096773379462
2271096136062614 2271096137681280 2271096775782912 2271097405115840 2271096773381002 2271096775095904 2271097407494818 2271098034440928
2271097405115868 2271097406779432 2271098036785312 2271098666950778 2271098034443196 2271098036128572 2271098669150402 2271099296870964
2271098666950806 2271098668577620 2271099299092232 2271099922031500 2271099296873036 2271099298508264 2271099924347786 2271100548752714
2271099922031528 2271099923667162 2271100551003620 2271101176834896 2271100548755024 2271100550356470 2271101179066188 2271101819959560
2271101176834924 2271101178449950 2271101822635534 2271102460818324 2271101819962010 2271101821551416 2271102494065440 2271103135638386
2271102460818366 2271102462428058 2271103182382972 2271103830219154 2271103135640052 2271103137275098 2271103874901428 2271104507539812
2271103830219182 2271103831910074 2271104569914488 2271105217973998 2271104507541436 2271104509244298 2271105257159480 2271105881234722

2271091438903476 2271091445649222 2271091449650380 2271092099271170 2271091445649264 2271091447821000 2271092101429900 2271092732151138
2271092099271198 2271092101021478 2271092735205602 2271093376942082 2271092732153448 2271092734304422 2271093379596034 2271094011210458
2271093376942110 2271093378689142 2271094013675424 2271094641652872 2271094011213160 2271094012895260 2271094643862198 2271095271800264
2271094641652900 2271094643338402 2271095274051114 2271095909767524 2271095271802672 2271095273535354 2271095912019074 2271096532975074
2271095909767552 2271095911466242 2271096535179416 2271097167877496 2271096532975578 2271096534609924 2271097170191220 2271097795703520
2271097167877524 2271097169530378 2271097797999786 2271098431426356 2271097795703982 2271097797401272 2271098433730056 2271099077088520
2271098431426384 2271098433139088 2271099079472342 2271099713137318 2271099077091124 2271099078770662 2271099715448690 2271100357984668
2271099713137346 2271099714906722 2271100360351606 2271101010975006 2271100357987440 2271100359673446 2271101013257832 2271101646952894
2271101010975034 2271101012615302 2271101649580792 2271102294156864 2271101646955876 2271101648628736 2271102295490784 2271102936341876

2271091391184308 2271091397038660 2271091401087964 2271092044063990 2271091397038688 2271091399084466 2271092046138944 2271092679983736
2271092044064018 2271092045823580 2271092682797862 2271093326575136 2271092679985682 2271092682121116 2271093328954450 2271093965286888
2271093326575164 2271093328352828 2271093967886380 2271094604788422 2271093965289324 2271093966992438 2271094607122922 2271095231634082
2271094604788450 2271094606479412 2271095234093616 2271095873949126 2271095231635552 2271095233427832 2271095876316022 2271096498264286
2271095873949154 2271095875692224 2271096500618078 2271097136727370 2271096498265826 2271096499993888 2271097139166898 2271097768348640
2271097136727398 2271097138506238 2271097770665710 2271098414341288 2271097768350068 2271097770032532 2271098416843270 2271099048908886
2271098414341316 2271098416074936 2271099051257288 2271099680593492 2271099048910426 2271099050643794 2271099682969068 2271100323512216
2271099680593520 2271099682336856 2271100325961096 2271100963785808 2271100323514638 2271100325199300 2271100966137598 2271101605818206
2271100963785836 2271100965529298 2271101608491786 2271102255134902 2271101605819704 2271101607497128 2271102256494540 2271102886333050

2271097550434846 2271097556451864 2271097560845036 2271098228024892 2271097556451906 2271097558812838 2271098229912232 2271098880333472
2271098228024920 2271098229743266 2271098883270784 2271099525901066 2271098880335978 2271098882197726 2271099528626082 2271100169861516
2271099525901094 2271099527634294 2271100172563348 2271100812570898 2271100169863924 2271100171681992 2271100814848362 2271101454358366
2271100812570926 2271100814077298 2271101456805622 2271102092731514 2271101454360326 2271101456067612 2271102095029180 2271102729129010
2271102092731542 2271102094337832 2271102731830548 2271103373559860 2271102729130858 2271102730927380 2271103375679306 2271104017532840
2271103373559888 2271103374963696 2271104020000312 2271104673364478 2271104017534366 2271104019207730 2271104675784364 2271105335670234
2271104673364506 2271104675088074 2271105337833276 2271105995792550 2271105335670710 2271105337130336 2271105998107464 2271106638082926
2271105995792578 2271105997285244 2271106640548130 2271107301750238 2271106638084648 2271106639780972 2271107303973900 2271107953069942
2271107301750266 2271107303158400 2271107955305854 2271108608828542 2271107953071328 2271107954663786 2271108610461516 2271109253992656

2271208540192102 2271208546990250 2271208551031280 2271209190396328 2271208546990278 2271208549063286 2271209192086702 2271209823244852
2271209190397672 2271209192050820 2271209825678486 2271210466309540 2271209823246686 2271209825079328 2271210468789206 2271211105871162
2271210466309568 2271210467974042 2271211108354832 2271211749761808 2271211105873430 2271211107634980 2271211752274962 2271212388981956
2271211749761836 2271211751406430 2271212391215194 2271213017426444 2271212388983524 2271212390518652 2271213019744410 2271213638547994
2271213017426472 2271213019110966 2271213640985002 2271214263164490 2271213638550570 2271213640215926 2271214265448072 2271214889822592
2271214263164518 2271214264865280 2271214892123352 2271215532241418 2271214889824272 2271214891461670 2271215534634102 2271216177966232
2271215532241446 2271215533872348 2271216180098810 2271216819807068 2271216177968332 2271216179384404 2271216822125328 2271217459791322
2271216819807096 2271216821450598 2271217462115854 2271218109768146 2271217459792778 2271217461400104 2271218112005234 2271218742658068
2271218109768174 2271218111394512 2271218744983370 2271219379348290 2271218742660742 2271218744406472 2271219380759476 2271220020271524

2271092735245054 2271092741789060 2271092745888148 2271093391772212 2271092741789088 2271092743888822 2271093393806776 2271094027671602
2271093391772254 2271093393423190 2271094030707250 2271094673066170 2271094027674234 2271094029764784 2271094675817072 2271095310932266
2271094673066198 2271094674830394 2271095313422138 2271095952763078 2271095310934632 2271095312569440 2271095955191714 2271096589338038
2271095952763106 2271095954423576 2271096591919694 2271097216644676 2271096589338528 2271096591126916 2271097219092604 2271097840617676
2271097216644704 2271097218338298 2271097842968248 2271098477516372 2271097840618712 2271097842287834 2271098479824160 2271099099057404
2271098477516400 2271098479182176 2271099101460224 2271099752674102 2271099099059042 2271099100756920 2271099755232196 2271100385837024
2271099752674130 2271099754453894 2271100388327582 2271101025025644 2271100385839488 2271100387569258 2271101027392666 2271101673919232
2271101025025672 2271101026718762 2271101676332188 2271102315274114 2271101673921668 2271101675610922 2271102317626282 2271102962076900
2271102315274142 2271102317006264 2271102964363912 2271103614728606 2271102962078594 2271102963756900 2271103616267136 2271104244615052

2271090052123620 2271090058777708 2271090062687544 2271090699387930 2271090058777736 2271090060932070 2271090701403888 2271091328728474
2271090699387972 2271090701102384 2271091331479908 2271091963451640 2271091328728936 2271091330851574 2271091965873262 2271092592970068
2271091963451682 2271091965240238 2271092595339526 2271093220430762 2271092592972770 2271092594651370 2271093222733370 2271093839189980
2271093220430804 2271093222131636 2271093841591036 2271094471038274 2271093839191702 2271093840956010 2271094473398394 2271095095974740
2271094471038316 2271094472818360 2271095098297270 2271095719421886 2271095095976938 2271095097688648 2271095721725068 2271096343278812
2271095719421914 2271095721080998 2271096345416094 2271096968688072 2271096343281556 2271096344878214 2271096971154774 2271097604474020
2271096968688100 2271096970508072 2271097660032586 2271098297004250 2271097604474790 2271097606139124 2271098342075388 2271098971403948
2271098297004278 2271098298759808 2271099028275322 2271099663596358 2271098971404564 2271098973185714 2271099731051214 2271100372478224
2271099663596400 2271099665271458 2271100418771548 2271101063435386 2271100372479918 2271100374189290 2271101115362128 2271101735590184

2271090729225332 2271090735424000 2271090739574342 2271091380028086 2271090735424028 2271090737576696 2271091381868624 2271092012232736
2271091380028114 2271091381790812 2271092014849994 2271092653834494 2271092012235060 2271092014049096 2271092656277620 2271093288727298
2271092653834522 2271092655571124 2271093291099192 2271093908988842 2271093288729720 2271093290494168 2271093911259712 2271094534967426
2271093908988884 2271093910687042 2271094537371870 2271095168980316 2271094534970044 2271094536711252 2271095171301082 2271095788408664
2271095168980344 2271095170660498 2271095791013560 2271096429608580 2271095788410148 2271095790204808 2271096431854040 2271097064919396
2271096429608608 2271096431271150 2271097067258754 2271097701267472 2271097064921482 2271097066665518 2271097703625996 2271098340426608
2271097701267500 2271097702934858 2271098342703022 2271098981387376 2271098340428470 2271098342112208 2271098983722730 2271099621259798
2271098981387404 2271098983125714 2271099623485588 2271100273143660 2271099621261170 2271099622918700 2271100275468178 2271100906708228
2271100273143688 2271100274774548 2271100908886782 2271101563875368 2271100906709936 2271100908321000 2271101565394998 2271102204706524

2271095330166306 2271095337766864 2271095342039748 2271095986603822 2271095337766892 2271095339897916 2271095988532098 2271096619221206
2271095986603850 2271095988346500 2271096622075750 2271097258394496 2271096619221668 2271096621273102 2271097260863928 2271097894866500
2271097258394524 2271097260198592 2271097897230148 2271098523596770 2271097894868096 2271097896523932 2271098525926300 2271099150477724
2271098523596798 2271098525277624 2271099152839902 2271099795573504 2271099150479138 2271099152156828 2271099797801926 2271100419797398
2271099795573532 2271099797231272 2271100422029810 2271101056778162 2271100419799330 2271100421458218 2271101059085320 2271101693779548
2271101056778190 2271101058455278 2271101696062710 2271102327258534 2271101693780794 2271101695435076 2271102329823040 2271102965287618
2271102327258562 2271102328955320 2271102967712180 2271103610062546 2271102965289032 2271102967013622 2271103616878488 2271104247912584
2271103610062574 2271103611712222 2271104305191554 2271104956315062 2271104247914026 2271104249584940 2271104997705754 2271105627954338
2271104956315090 2271104958110716 2271105692492266 2271106342874306 2271105627955920 2271105629979956 2271106379841208 2271107002942372
