16 977
2270899535818284 2270899536040058 2270899539614552 2270899598586556 2270899598587536 2270899598650186 2270899717616964 2270899769834010
2270899769835200 2270899770418020 2270899772759156 2270899824839366 2270899824840332 2270899825150110 2270899831975992 2270899884052478
2270899884053248 2270899884964816 2270899893443846 2270899944878572 2270899944879594 2270899945176772 2270899953705572 2270900005093748
2270900005094518 2270900005393502 2270900012904586 2270900065391566 2270900065392546 2270900067641310 2270900078497848 2270900130851786
2270900130853312 2270900132832072 2270900144836862 2270900197233276 2270900197233304 2270900198442638 2270900240348614 2270900292631418
2270900292632846 2270900294119520 2270900305835154 2270900357943840 2270900357943868 2270900359371210 2270900392398064 2270900445029496
2270900445030686 2270900452701636 2270900455509014 2270900507358462 2270900507358490 2270900508362276 2270900537539886 2270900589282220
2270900589283648 2270900601337382 2270900615295522 2270900666292734 2270900666293770 2270900667745612 2270900697693026 2270900749100914
2270900749102426 2270900750615966 2270900768537128 2270900819888050 2270900819888078 2270900821406840 2270900844199680 2270900896072718

2270899169420000 2270899169441322 2270899173246606 2270899247373876 2270899247373904 2270899247688344 2270899249625412 2270899307012168
2270899307012994 2270899307494678 2270899406008254 2270899463448210 2270899463448252 2270899463990486 2270899465696442 2270899523562824
2270899523563552 2270899523936568 2270899527086190 2270899584358160 2270899584359364 2270899584660686 2270899587343786 2270899644838650
2270899644840358 2270899645154490 2270899652751394 2270899709857562 2270899709857590 2270899710220120 2270899714718432 2270899772091622
2270899772092322 2270899773924236 2270899813802886 2270899871120230 2270899871120272 2270899872291974 2270899877275722 2270899934397010
2270899934398466 2270899936500146 2270899964498564 2270900021522748 2270900021522790 2270900024304226 2270900028711622 2270900085546442
2270900085547170 2270900087526602 2270900110787518 2270900168139442 2270900168140450 2270900169498016 2270900173988054 2270900231175072
2270900231176696 2270900232915426 2270900268537166 2270900325970052 2270900325971004 2270900328014402 2270900332860264 2270900389918146
2270900389918748 2270900391584860 2270900412731244 2270900471173278 2270900471174440 2270900473504810 2270900477920550 2270900534995232

2270904654255440 2270904654481820 2270904658039276 2270904720288876 2270904720290220 2270904720577262 2270904734337092 2270904786651480
2270904786652950 2270904786972206 2270904793129070 2270904844369126 2270904844370386 2270904844580246 2270904950418398 2270905001605142
2270905001606962 2270905002359252 2270905010423980 2270905062323352 2270905062323380 2270905062621832 2270905071140636 2270905122588018
2270905122588886 2270905122981880 2270905131332488 2270905183127798 2270905183129198 2270905183478904 2270905195525428 2270905246877316
2270905246879192 2270905258878354 2270905262367168 2270905314067460 2270905314067488 2270905314788810 2270905358796284 2270905410428704
2270905410429572 2270905412733034 2270905449272824 2270905500911138 2270905500912398 2270905502872090 2270905513510508 2270905564558232
2270905564559044 2270905585946144 2270905590853732 2270905642332194 2270905642332222 2270905643322722 2270905655989236 2270905707478856
2270905707480522 2270905726631206 2270905733733182 2270905785149974 2270905785151248 2270905787089646 2270905816139310 2270905867325270
2270905867326950 2270905868387772 2270905890174698 2270905942261866 2270905942263112 2270905942942112 2270905962637046 2270906015034286

2271000922936634 2271000923115540 2271000926339278 2271000985922928 2271000985922956 2271000986235058 2271000990263348 2271001043996202
2271001043997882 2271001044405968 2271001159831796 2271001211278100 2271001211279318 2271001211577504 2271001215225386 2271001267473428
2271001267475220 2271001268259304 2271001273470440 2271001325800536 2271001325801866 2271001326108228 2271001333653402 2271001385855090
2271001385856924 2271001386458938 2271001393787056 2271001446027748 2271001446027776 2271001447265642 2271001456237836 2271001508664462
2271001508665134 2271001528090092 2271001531971354 2271001583467204 2271001583468590 2271001585264524 2271001589478118 2271001641136116
2271001641137810 2271001642421652 2271001682488280 2271001734393700 2271001734393728 2271001735939090 2271001772467414 2271001829821004
2271001829821522 2271001834788960 2271001857121662 2271001914863486 2271001914864942 2271001916482334 2271001920491514 2271001978657776
2271001978659372 2271001998525330 2271002002481268 2271002060096084 2271002060097512 2271002061362972 2271002065031924 2271002122541446
2271002122542104 2271002129149138 2271002140082242 2271002197629284 2271002197630628 2271002199006730 2271002212909528 2271002270426946

2270901138869034 2270901139405836 2270901142592460 2270901318538090 2270901318539378 2270901318833756 2270901320703596 2270901373325424
2270901373327244 2270901373930420 2270901376569364 2270901428964896 2270901428964938 2270901429265084 2270901433243884 2270901485447224
2270901485448946 2270901485748490 2270901489382162 2270901541273106 2270901541273134 2270901541567834 2270901549578816 2270901601498390
2270901601500266 2270901601785726 2270901609696146 2270901662114652 2270901662114694 2270901662400798 2270901676630300 2270901728217458
2270901728218816 2270901728587856 2270901743124602 2270901794424774 2270901794424802 2270901794649278 2270901815062650 2270901866236136
2270901866237858 2270901866530892 2270901898553526 2270901950270716 2270901950270744 2270901950628472 2270901973726820 2270902026463616
2270902026465324 2270902026677928 2270902058100760 2270902109309876 2270902109310282 2270902110235234 2270902130951132 2270902184333244
2270902184335008 2270902185817916 2270902206968584 2270902258269960 2270902258269988 2270902259682840 2270902274201134 2270902325327398
2270902325329064 2270902326211540 2270902362934506 2270902414598496 2270902414599770 2270902416133400 2270902438841876 2270902490906574

2270903167395002 2270903167778294 2270903170003608 2270903226269440 2270903226269468 2270903226487616 2270903349244866 2270903400813824
2270903400814328 2270903401650646 2270903404254576 2270903458046216 2270903458046244 2270903458344668 2270903463620176 2270903515311326
2270903515312320 2270903515608392 2270903523624848 2270903575299212 2270903575299240 2270903575597720 2270903584335820 2270903636224188
2270903636225812 2270903636585752 2270903649949956 2270903702132548 2270903702132576 2270903703438118 2270903711599852 2270903763128000
2270903763128798 2270903765356436 2270903789549430 2270903840950542 2270903840951788 2270903842339076 2270903873486276 2270903925309544
2270903925311602 2270903926600974 2270903948143698 2270904000462496 2270904000463756 2270904001822204 2270904024012372 2270904076378042
2270904076378742 2270904077575420 2270904105187452 2270904156720248 2270904156721522 2270904157997244 2270904170562314 2270904222452670
2270904222454546 2270904223564802 2270904246323860 2270904297967774 2270904297969048 2270904300278376 2270904328883848 2270904380546018
2270904380547670 2270904381967760 2270904410752474 2270904463468956 2270904463468984 2270904465525080 2270904475820344 2270904527039890

2270897273895600 2270897274249310 2270897276139450 2270897340408858 2270897340409922 2270897340700310 2270897343244376 2270897394835734
2270897394837344 2270897395052104 2270897510756252 2270897562020290 2270897562020332 2270897562298190 2270897566170282 2270897618193988
2270897618194688 2270897618410134 2270897623507142 2270897675406010 2270897675406038 2270897675686920 2270897683745712 2270897735760472
2270897735761942 2270897736053226 2270897744493952 2270897796435912 2270897796437004 2270897796727994 2270897811649474 2270897863468416
2270897863469956 2270897863759980 2270897881480326 2270897932869146 2270897932869188 2270897933216374 2270897950089090 2270898001118152
2270898001119776 2270898001852060 2270898054505360 2270898105820708 2270898105820736 2270898107108610 2270898123382896 2270898174960086
2270898174960800 2270898176585570 2270898210516488 2270898261998478 2270898261999668 2270898263644178 2270898267451842 2270898318799222
2270898318800510 2270898319527824 2270898352735810 2270898404209764 2270898404209792 2270898405679246 2270898410442788 2270898461745984
2270898461746656 2270898462769300 2270898517123446 2270898568682282 2270898568683360 2270898570853052 2270898574294924 2270898626000256

2270897204111620 2270897204418234 2270897207257350 2270897264055392 2270897264055420 2270897264118154 2270897385944110 2270897438690818
2270897438691840 2270897439693946 2270897441795752 2270897493490962 2270897493491004 2270897493841046 2270897496495166 2270897548604748
2270897548606512 2270897548824688 2270897551651358 2270897603021096 2270897603022412 2270897603080162 2270897608305088 2270897660353742
2270897660355632 2270897660417960 2270897668796036 2270897721204476 2270897721205778 2270897721477336 2270897729303882 2270897781799962
2270897781801614 2270897782021260 2270897811502908 2270897862937410 2270897862937438 2270897864659858 2270897869682050 2270897920990734
2270897920991504 2270897921909988 2270897943773662 2270897996814202 2270897996814244 2270897996876250 2270898038849230 2270898090793052
2270898090793822 2270898091659540 2270898122568446 2270898174696032 2270898174696060 2270898175763770 2270898199360630 2270898250890668
2270898250892362 2270898252750484 2270898283620064 2270898334736920 2270898334736962 2270898337195852 2270898345020480 2270898396767672
2270898396769688 2270898397960682 2270898414672888 2270898466120704 2270898466120732 2270898466178972 2270898502393668 2270898553997822

2270894435700926 2270894435907986 2270894439350936 2270894500642068 2270894500642110 2270894500933296 2270894617500306 2270894670406250
2270894670407748 2270894671215884 2270894673412442 2270894726819152 2270894726819180 2270894727108784 2270894730072584 2270894781952286
2270894781953546 2270894782253762 2270894784782666 2270894835928586 2270894835928628 2270894836145642 2270894840282418 2270894891896022
2270894891896750 2270894891960044 2270894899918666 2270894952327442 2270894952328492 2270894952585490 2270894963168132 2270895015743578
2270895015745258 2270895015962664 2270895027967818 2270895080056232 2270895080056274 2270895080598550 2270895103745618 2270895155507090
2270895155508560 2270895156201000 2270895188595684 2270895240293470 2270895240293498 2270895240948376 2270895274009320 2270895325988492
2270895325989304 2270895337741394 2270895347946274 2270895400609374 2270895400609402 2270895400668664 2270895420508918 2270895472212122
2270895472213634 2270895472895084 2270895498459448 2270895550934220 2270895550934248 2270895550995428 2270895569901602 2270895621072358
2270895621073086 2270895621131844 2270895654483022 2270895706360022 2270895706361156 2270895707073994 2270895732217742 2270895784556994

2270894388174202 2270894388196378 2270894390879310 2270894446628626 2270894446629858 2270894446689722 2270894454386642 2270894506805050
2270894506806926 2270894506874490 2270894625112288 2270894676478582 2270894676479968 2270894676855266 2270894681299692 2270894733649906
2270894733651600 2270894733929528 2270894738165760 2270894790306898 2270894790306940 2270894790591448 2270894798271512 2270894849826694
2270894849828416 2270894850115696 2270894859547090 2270894910629702 2270894910630080 2270894910963098 2270894925976348 2270894979594360
2270894979596096 2270894979939236 2270895001781476 2270895053497504 2270895053497896 2270895055103178 2270895087539302 2270895138704304
2270895138705102 2270895139788996 2270895170519892 2270895222076684 2270895222077062 2270895223716308 2270895237409750 2270895288822160
2270895288823770 2270895289424944 2270895317675096 2270895369253462 2270895369253504 2270895370441460 2270895385559472 2270895437940864
2270895437941760 2270895440428538 2270895466324058 2270895518248770 2270895518249750 2270895520212914 2270895542181168 2270895593695470
2270895593696548 2270895595854872 2270895627607306 2270895679219174 2270895679220168 2270895680519872 2270895688190626 2270895739641074

2270900547050590 2270900547269186 2270900550246076 2270900606543114 2270900606543142 2270900606754444 2270900615742374 2270900667749546
2270900667751422 2270900668078532 2270900671352236 2270900722775818 2270900722775846 2270900722841310 2270900836973426 2270900888414102
2270900888416048 2270900888666172 2270900893232594 2270900945175660 2270900945176892 2270900945235678 2270900950034864 2270901001910842
2270901001911542 2270901001972610 2270901011736560 2270901063034786 2270901063034814 2270901063288606 2270901071625256 2270901123785966
2270901123787758 2270901124004366 2270901149715562 2270901202411170 2270901202411198 2270901203397120 2270901215107742 2270901267810868
2270901267812590 2270901268976396 2270901310759368 2270901362433508 2270901362434838 2270901363148754 2270901395339458 2270901447702524
2270901447704120 2270901450013756 2270901471755434 2270901523350922 2270901523350950 2270901524130400 2270901537780106 2270901590746908
2270901590748518 2270901591882924 2270901616912936 2270901670899820 2270901670901052 2270901671492510 2270901681277222 2270901733384326
2270901733386258 2270901733447256 2270901778605026 2270901830049594 2270901830050826 2270901831274286 2270901845297274 2270901898035610

2271011536911446 2271011536934504 2271011540195230 2271011599711610 2271011599711638 2271011600003566 2271011603108612 2271011654634198
2271011654635710 2271011654703764 2271011773840712 2271011825092542 2271011825093802 2271011825368258 2271011830020920 2271011881712784
2271011881713582 2271011882001254 2271011885264472 2271011937101824 2271011937101852 2271011937396720 2271011940901158 2271011993287702
2271011993288458 2271011993573022 2271011996184890 2271012049333328 2271012049334630 2271012049391946 2271012054963862 2271012106242908
2271012106243650 2271012106310290 2271012124567942 2271012177266322 2271012177266350 2271012177325304 2271012199854804 2271012251912376
2271012251914098 2271012251977112 2271012279000178 2271012330038480 2271012330038508 2271012330724032 2271012354409960 2271012405871538
2271012405873176 2271012405934244 2271012457113414 2271012508836428 2271012508837688 2271012511124770 2271012516164126 2271012568420358
2271012568421030 2271012568483484 2271012604210966 2271012656884188 2271012656884216 2271012657608660 2271012671473532 2271012724673000
2271012724674694 2271012726973802 2271012754054870 2271012806287778 2271012806289122 2271012807284032 2271012823575006 2271012874737908

2270895732103908 2270895732669186 2270895735715306 2270895797721544 2270895797722706 2270895798018442 2270895800919550 2270895853555084
2270895853556456 2270895853781142 2270895968992588 2270896020938608 2270896020938636 2270896021220960 2270896025901874 2270896077327430
2270896077329012 2270896077548812 2270896082603078 2270896133922318 2270896133923466 2270896134265836 2270896142767742 2270896195027194
2270896195028118 2270896195354990 2270896206754574 2270896258409618 2270896258409646 2270896258707104 2270896270408416 2270896322013018
2270896322013494 2270896322511908 2270896343958172 2270896396269928 2270896396269970 2270896396569248 2270896431398294 2270896483355402
2270896483357040 2270896483726458 2270896514401214 2270896565682626 2270896565682654 2270896568365180 2270896581293508 2270896632775932
2270896632776408 2270896642742350 2270896661548088 2270896713491574 2270896713491602 2270896715197922 2270896729427774 2270896781287778
2270896781289388 2270896791590672 2270896810203182 2270896862189816 2270896862190950 2270896863237534 2270896887489776 2270896939697442
2270896939699248 2270896949641068 2270896972894396 2270897024579680 2270897024579708 2270897025906614 2270897029093616 2270897081945828

2270893049225976 2270893049956692 2270893052467312 2270893108214738 2270893108214766 2270893108442406 2270893129322412 2270893180902304
2270893180904180 2270893181544302 2270893188120522 2270893239283326 2270893239283354 2270893239499836 2270893345401058 2270893397503892
2270893397505530 2270893397920826 2270893406845714 2270893457682850 2270893457684054 2270893457979902 2270893467060722 2270893518678442
2270893518679282 2270893519366626 2270893532554584 2270893584363432 2270893584363460 2270893584960350 2270893594509862 2270893646272062
2270893646272916 2270893648137394 2270893693581912 2270893745154090 2270893745154118 2270893746683282 2270893757095446 2270893810403036
2270893810404506 2270893828529620 2270893842909230 2270893895285050 2270893895286296 2270893896851972 2270893908077074 2270893959649224
2270893959650610 2270893975374598 2270893990633212 2270894042416048 2270894042416090 2270894044348804 2270894053852242 2270894105580520
2270894105581318 2270894124516402 2270894148373060 2270894200003492 2270894200004794 2270894201909368 2270894212709528 2270894266405548
2270894266407536 2270894286825990 2270894290459662 2270894341736930 2270894341736958 2270894343232816 2270894357635736 2270894408758654

2270893726485118 2270893727039574 2270893730023352 2270893788992444 2270893788993424 2270893789377920 2270893793752724 2270893846163362
2270893846164776 2270893846386214 2270893860569936 2270893912516796 2270893912516824 2270893912812994 2270893918582688 2270893970277730
2270893970279158 2270893970347128 2270894076392578 2270894127614938 2270894127614966 2270894127908476 2270894136514374 2270894188202038
2270894188202808 2270894188491502 2270894197810546 2270894249837584 2270894249838606 2270894250121518 2270894263432648 2270894315266038
2270894315266990 2270894322132282 2270894338803622 2270894390818074 2270894390818116 2270894392645564 2270894425776900 2270894478809810
2270894478811490 2270894488183258 2270894521074438 2270894572545480 2270894572545522 2270894573873898 2270894577560728 2270894629102260
2270894629103828 2270894649013396 2270894660615910 2270894712729650 2270894712729692 2270894713774064 2270894723802754 2270894776324104
2270894776325588 2270894790366860 2270894804576622 2270894856520724 2270894856521858 2270894857261884 2270894880434138 2270894933016052
2270894933017466 2270894955728756 2270894965863972 2270895017983872 2270895017984908 2270895019696380 2270895022944562 2270895074571900

2270898326796218 2270898327109314 2270898329708092 2270898385022414 2270898385023660 2270898385086660 2270898394359882 2270898445855284
2270898445856922 2270898446501132 2270898449242318 2270898500862474 2270898500862516 2270898500926790 2270898617303148 2270898668756466
2270898668758356 2270898668970330 2270898674201696 2270898725459532 2270898725460792 2270898725520110 2270898730520448 2270898781911942
2270898781913328 2270898781973038 2270898790983746 2270898841596154 2270898841597442 2270898841814764 2270898854302722 2270898906318518
2270898906320380 2270898912799706 2270898934170538 2270898986050996 2270898986052340 2270898987519176 2270898994920570 2270899047274662
2270899047276370 2270899068024566 2270899090540290 2270899141582456 2270899141582484 2270899143322768 2270899175153434 2270899226141476
2270899226143170 2270899244870746 2270899251543776 2270899302994798 2270899302996030 2270899303556156 2270899323939162 2270899375840200
2270899375841824 2270899380735510 2270899406288702 2270899458065252 2270899458066498 2270899459657934 2270899468941138 2270899520591744
2270899520593452 2270899540437892 2270899558393018 2270899609747076 2270899609748322 2270899610754292 2270899623350260 2270899675283190
