16 123
2270768963635676 2270768963917118 2270768964787582 2270768974766754 2270768974767706 2270768974990712 2270768977035468 2270768982799044
2270768982800220 2270768983165508 2270768985032688 2270768990683046 2270768990684012 2270768990897946 2270768992836904 2270768998564458
2270768998566404 2270768999104368 2270769000730916 2270769006355108 2270769006355136 2270769006624482 2270769008718378 2270769014674174
2270769014675574 2270769014940286 2270769016580624 2270769022326658 2270769022327624 2270769022501420 2270769025260274 2270769031081712
2270769031083938 2270769031750604 2270769034078174 2270769039960512 2270769039961478 2270769040457050 2270769042852996 2270769048677416
2270769048678760 2270769054702582 2270769055753380 2270769061554602 2270769061555568 2270769062126628 2270769063785628 2270769069565416
2270769069566578 2270769072352508 2270769076662100 2270769082411508 2270769082412474 2270769082859410 2270769085673452 2270769091577644
2270769091578330 2270769093217828 2270769096835988 2270769102576562 2270769102577528 2270769103051428 2270769106488876 2270769112301088
2270769112302740 2270769114135102 2270769120465986 2270769126354316 2270769126355282 2270769126590552 2270769129434400 2270769135174092

2270768597057142 2270768597187986 2270768598335860 2270768609429838 2270768609431252 2270768609739014 2270768610884984 2270768617393332
2270768617395096 2270768617639620 2270768618925870 2270768625317584 2270768625318956 2270768625551552 2270768626663796 2270768633015610
2270768633017556 2270768633567280 2270768634941926 2270768641318422 2270768641319794 2270768641551564 2270768642984030 2270768649354128
2270768649356914 2270768649598022 2270768651304174 2270768657704722 2270768657705982 2270768657950254 2270768659338270 2270768665731888
2270768665733820 2270768665970098 2270768668829710 2270768675163268 2270768675164528 2270768675446390 2270768676327956 2270768682722526
2270768682724262 2270768684293760 2270768689227430 2270768695598004 2270768695599362 2270768695983676 2270768697222060 2270768703611968
2270768703613676 2270768707424910 2270768711693034 2270768718057770 2270768718059128 2270768718602146 2270768719986032 2270768726352322
2270768726354324 2270768727373846 2270768732783754 2270768739130598 2270768739131844 2270768739546986 2270768741093090 2270768747490026
2270768747491972 2270768747981874 2270768755024966 2270768761406600 2270768761407972 2270768762144414 2270768763431602 2270768769895640

2270774081589300 2270774081700110 2270774083005498 2270774092903792 2270774092905080 2270774093084672 2270774095023770 2270774100970452
2270774100972188 2270774101630048 2270774103030468 2270774108682464 2270774108683864 2270774108902082 2270774110890586 2270774116527420
2270774116527742 2270774117048458 2270774118714766 2270774124370122 2270774124371424 2270774124577406 2270774126709102 2270774132357752
2270774132359628 2270774132729340 2270774134554716 2270774140380886 2270774140382468 2270774140599468 2270774143253952 2270774148874700
2270774148876646 2270774149301546 2270774153430944 2270774159247412 2270774159248798 2270774159656968 2270774160837434 2270774166637480
2270774166639258 2270774172862482 2270774173790836 2270774179573228 2270774179574642 2270774179812306 2270774181752426 2270774187385564
2270774187387370 2270774190062462 2270774194659782 2270774200379216 2270774200380602 2270774200627072 2270774203807074 2270774209441780
2270774209443502 2270774211707442 2270774215737496 2270774221538438 2270774221539908 2270774221990890 2270774224606552 2270774230224710
2270774230226698 2270774235433844 2270774238447526 2270774244210122 2270774244211508 2270774245088580 2270774247394926 2270774253137306

2270870350851270 2270870351296526 2270870352793644 2270870361751740 2270870361752958 2270870361816084 2270870363750086 2270870370135976
2270870370137628 2270870370386184 2270870371806022 2270870378161756 2270870378163016 2270870378390838 2270870379357860 2270870385897694
2270870385899206 2270870386543962 2270870387438968 2270870393824998 2270870393826356 2270870394115176 2270870394926126 2270870401321788
2270870401323580 2270870401803570 2270870402659992 2270870409041864 2270870409043110 2270870409266466 2270870410525136 2270870416925082
2270870416926818 2270870417240964 2270870419419406 2270870425784982 2270870425786438 2270870426026006 2270870429657676 2270870436028180
2270870436028782 2270870436715776 2270870442939378 2270870449311114 2270870449312402 2270870449822492 2270870450985696 2270870457367400
2270870457369276 2270870462974064 2270870463925532 2270870470268036 2270870470269478 2270870471082850 2270870472118556 2270870478502220
2270870478504768 2270870482853714 2270870484077608 2270870490460082 2270870490461468 2270870490833168 2270870492523206 2270870498886822
2270870498888530 2270870504263662 2270870507656520 2270870514023678 2270870514024938 2270870514486140 2270870515944380 2270870522311790

2270770566297016 2270770566318856 2270770567605064 2270770577266814 2270770577268200 2270770577451600 2270770579290878 2270770585029786
2270770585031256 2270770585094186 2270770587112986 2270770592754020 2270770592755294 2270770592816040 2270770594496684 2270770600134190
2270770600136038 2270770600405412 2270770602296532 2270770608038058 2270770608039542 2270770608216544 2270770609979914 2270770615636852
2270770615638462 2270770615814652 2270770618589270 2270770624616200 2270770624617558 2270770624850560 2270770626713694 2270770632375070
2270770632376806 2270770632735472 2270770635022470 2270770640772620 2270770640773992 2270770640986876 2270770644364208 2270770650340990
2270770650342796 2270770650725626 2270770658404696 2270770664019606 2270770664019998 2270770664241268 2270770665642164 2270770671395940
2270770671397578 2270770671620864 2270770676382628 2270770682174568 2270770682175940 2270770682353810 2270770686597350 2270770692358826
2270770692361444 2270770692578472 2270770696631822 2270770702469220 2270770702470536 2270770702553346 2270770708549630 2270770714310952
2270770714312660 2270770714630684 2270770719321174 2270770724966506 2270770724967780 2270770725031536 2270770730042122 2270770735829232

2270772594780788 2270772595471422 2270772596534834 2270772605498586 2270772605498628 2270772605562790 2270772608031858 2270772613775554
2270772613777108 2270772614150586 2270772616188664 2270772621857012 2270772621858048 2270772622066074 2270772623979440 2270772629720784
2270772629722324 2270772629932828 2270772631876210 2270772637639226 2270772637640318 2270772637848428 2270772640460254 2270772646243290
2270772646244984 2270772646583070 2270772648599546 2270772654389960 2270772654391010 2270772654604160 2270772656784156 2270772662582158
2270772662583572 2270772662834102 2270772665607082 2270772671616232 2270772671616260 2270772672305550 2270772673697066 2270772679464492
2270772679466200 2270772681357292 2270772684982830 2270772690641350 2270772690642386 2270772690890928 2270772694723008 2270772700586922
2270772700588532 2270772701033676 2270772708076012 2270772713911716 2270772713911744 2270772714459018 2270772717436258 2270772723358790
2270772723360050 2270772724633658 2270772730293970 2270772735926044 2270772735927108 2270772736269576 2270772738485076 2270772744137506
2270772744139242 2270772745838170 2270772749687092 2270772755316618 2270772755317752 2270772755988282 2270772760296180 2270772766146752

2270766701487634 2270766701838838 2270766702848630 2270766712825604 2270766712826878 2270766713108376 2270766714897702 2270766720680318
2270766720681970 2270766720853750 2270766722548534 2270766728207264 2270766728208468 2270766728392820 2270766729828786 2270766735669894
2270766735672456 2270766735731004 2270766737416380 2270766743044954 2270766743046130 2270766743103754 2270766745156532 2270766750885836
2270766750886970 2270766751253630 2270766753773868 2270766759407720 2270766759408910 2270766759612708 2270766761898614 2270766767521154
2270766767522680 2270766767791536 2270766770144712 2270766775765726 2270766775766916 2270766775986828 2270766780022314 2270766785757036
2270766785758422 2270766785969864 2270766793652014 2270766799276136 2270766799277410 2270766799477694 2270766801101442 2270766806918400
2270766806919828 2270766806979748 2270766814735650 2270766820930776 2270766820931980 2270766821419992 2270766822552830 2270766828438458
2270766828439228 2270766831799914 2270766835732976 2270766841425992 2270766841427168 2270766841944986 2270766843745134 2270766849468544
2270766849470364 2270766850233700 2270766857498244 2270766863344098 2270766863345400 2270766863864856 2270766865732820 2270766871669590

2270766631825496 2270766631976696 2270766633733696 2270766643993064 2270766643994352 2270766644207180 2270766645973112 2270766651758430
2270766651760194 2270766652037870 2270766653043952 2270766658726342 2270766658727560 2270766659005166 2270766660267616 2270766666180292
2270766666181720 2270766666611604 2270766668189124 2270766674082368 2270766674083572 2270766674370782 2270766675864554 2270766681549282
2270766681550948 2270766681797404 2270766683365138 2270766689218580 2270766689219798 2270766689389100 2270766691068624 2270766696707376
2270766696708776 2270766696920596 2270766698726204 2270766704723188 2270766704724546 2270766704907484 2270766707422276 2270766713260626
2270766713262446 2270766713321764 2270766719128264 2270766724828490 2270766724829694 2270766724886702 2270766731916788 2270766737557192
2270766737558886 2270766740123728 2270766744821498 2270766750731024 2270766750732228 2270766751064224 2270766753003728 2270766758761242
2270766758763874 2270766759278066 2270766765796718 2270766771556738 2270766771558082 2270766772387736 2270766773637656 2270766779381114
2270766779383634 2270766781817884 2270766788609298 2270766794364768 2270766794366168 2270766794889852 2270766796573604 2270766802618510

2270763863306498 2270763863633972 2270763865163416 2270763875474598 2270763875475858 2270763875695000 2270763877094034 2270763882833138
2270763882834972 2270763883261300 2270763884488246 2270763890167458 2270763890168942 2270763890381840 2270763891159708 2270763897015222
2270763897016678 2270763897074946 2270763898753364 2270763904386726 2270763904386768 2270763904443734 2270763906648552 2270763912274550
2270763912276020 2270763912331222 2270763914750744 2270763920361020 2270763920362336 2270763920597998 2270763922777028 2270763928504106
2270763928505786 2270763928683656 2270763930829142 2270763936608888 2270763936610120 2270763936780402 2270763939977120 2270763945566046
2270763945568594 2270763945805180 2270763951780730 2270763957524608 2270763957526036 2270763957827106 2270763961867296 2270763967632398
2270763967634008 2270763968101566 2270763973271682 2270763978920738 2270763978921970 2270763978979286 2270763981272528 2270763987042026
2270763987043636 2270763987101218 2270763994279382 2270763999975604 2270763999976822 2270764000321292 2270764003949700 2270764009539550
2270764009540236 2270764009597160 2270764016364802 2270764022039520 2270764022040892 2270764022676646 2270764027834834 2270764033501614

2270763815954144 2270763816290970 2270763817780290 2270763827983308 2270763827984442 2270763828270070 2270763829073488 2270763834853640
2270763834855376 2270763834918040 2270763837154372 2270763842784066 2270763842785354 2270763842843160 2270763844368684 2270763850022290
2270763850024628 2270763850189534 2270763852514192 2270763858243006 2270763858244280 2270763858473908 2270763860515304 2270763866140280
2270763866141652 2270763866429716 2270763868690730 2270763874371160 2270763874372322 2270763874589840 2270763876806936 2270763882558990
2270763882561524 2270763882805866 2270763885177032 2270763890950170 2270763890950212 2270763891233712 2270763894518462 2270763900175890
2270763900177766 2270763900404314 2270763905370324 2270763911106516 2270763911107678 2270763911402560 2270763913901924 2270763919545114
2270763919546892 2270763919604642 2270763927494608 2270763933279772 2270763933280948 2270763933562488 2270763937573866 2270763943337372
2270763943338912 2270763944110578 2270763949258812 2270763954902338 2270763954903500 2270763955519514 2270763958198666 2270763963811280
2270763963812820 2270763964194754 2270763969912074 2270763975552212 2270763975553360 2270763976313952 2270763980791390 2270763986553300

2270769974493258 2270769974669798 2270769975815614 2270769985475096 2270769985476314 2270769985535170 2270769988316130 2270769994041304
2270769994043292 2270769994466736 2270769995623514 2270770001504592 2270770001505922 2270770001733786 2270770002817946 2270770008719086
2270770008720906 2270770009053476 2270770010157222 2270770016066454 2270770016067700 2270770016247236 2270770017369728 2270770023052020
2270770023053420 2270770023108930 2270770025643210 2270770031232752 2270770031234026 2270770031497674 2270770033505190 2270770039381466
2270770039383174 2270770039554772 2270770043129336 2270770048998976 2270770048999452 2270770050040296 2270770052424860 2270770058239816
2270770058241412 2270770058493258 2270770065718280 2270770071463110 2270770071464286 2270770072003314 2270770074223714 2270770079948944
2270770079950540 2270770080467364 2270770086866246 2270770092613078 2270770092614506 2270770092987242 2270770095352780 2270770101050920
2270770101052544 2270770101361300 2270770105944522 2270770111570030 2270770111571206 2270770111630258 2270770115170956 2270770120812256
2270770120812732 2270770120872162 2270770129447722 2270770135203920 2270770135205194 2270770135897312 2270770137652828 2270770143389174

2270880964546278 2270880964967720 2270880966192566 2270880977331246 2270880977332450 2270880977550318 2270880978616530 2270880984452696
2270880984454348 2270880984772862 2270880985784026 2270880991462622 2270880991463952 2270880991733802 2270880992793294 2270880998626422
2270880998627878 2270880998812202 2270881000749228 2270881006361814 2270881006363298 2270881006573046 2270881007882704 2270881013560138
2270881013562000 2270881013803528 2270881015113746 2270881020748410 2270881020749824 2270881020806538 2270881022774616 2270881028402826
2270881028405038 2270881028461570 2270881030571636 2270881036368644 2270881036369946 2270881036423370 2270881040576540 2270881046267008
2270881046268422 2270881046582148 2270881052424180 2270881058174050 2270881058175338 2270881058344444 2270881062412788 2270881068073590
2270881068075298 2270881068131550 2270881075796606 2270881081564158 2270881081565376 2270881081740600 2270881084545234 2270881090162594
2270881090164246 2270881090355612 2270881097135378 2270881102863296 2270881102864570 2270881103068522 2270881105746078 2270881111467164
2270881111469614 2270881111775080 2270881117479212 2270881123120680 2270881123121898 2270881123184450 2270881128204122 2270881133882816

2270765159695200 2270765159718398 2270765161339962 2270765171705002 2270765171706052 2270765171916150 2270765173149746 2270765178909290
2270765178910704 2270765179107880 2270765180816328 2270765186509848 2270765186510884 2270765186577720 2270765188453888 2270765194147660
2270765194149354 2270765194415452 2270765196685160 2270765202373276 2270765202374312 2270765202583304 2270765204750182 2270765210458220
2270765210460488 2270765210809522 2270765212765434 2270765218552852 2270765218553888 2270765218771210 2270765220801672 2270765226505860
2270765226507386 2270765227003490 2270765230078730 2270765235750578 2270765235751698 2270765235981424 2270765237673996 2270765243646480
2270765243647754 2270765243935608 2270765251630736 2270765257253724 2270765257254844 2270765257531820 2270765258824202 2270765264487412
2270765264488644 2270765264771850 2270765271227012 2270765276851666 2270765276852702 2270765277094552 2270765281530858 2270765287236250
2270765287237776 2270765287654108 2270765293469372 2270765299175506 2270765299176570 2270765299751522 2270765302565984 2270765308313152
2270765308314594 2270765309765288 2270765317611420 2270765323234786 2270765323234814 2270765323586438 2270765325069696 2270765330866788

2270762477044558 2270762477432890 2270762478443284 2270762488752436 2270762488753402 2270762488931902 2270762490941686 2270762496835420
2270762496836834 2270762497084284 2270762498972520 2270762504658928 2270762504659908 2270762504939544 2270762506719098 2270762512598342
2270762512599756 2270762513017124 2270762514972196 2270762520871138 2270762520872132 2270762521089734 2270762523056244 2270762528756582
2270762528757786 2270762529179858 2270762531353820 2270762537032374 2270762537033354 2270762537240246 2270762539389680 2270762545091334
2270762545092706 2270762545471630 2270762548296312 2270762553967796 2270762553968762 2270762554178552 2270762556276942 2270762561897914
2270762561899538 2270762563644624 2270762567166590 2270762573050104 2270762573051070 2270762573605862 2270762577000470 2270762583038810
2270762583039580 2270762585771288 2270762591637484 2270762597450550 2270762597451530 2270762598117244 2270762600022182 2270762605696004
2270762605697194 2270762609808686 2270762612762392 2270762618392744 2270762618393738 2270762618733448 2270762621103760 2270762626789160
2270762626790574 2270762629183034 2270762635053388 2270762640912234 2270762640913228 2270762641443450 2270762643445814 2270762649430044

2270763154322488 2270763154772560 2270763155722600 2270763165883842 2270763165885116 2270763166099162 2270763166947646 2270763172740118
2270763172742820 2270763172838370 2270763175359896 2270763180969822 2270763180971068 2270763181032318 2270763182743958 2270763188377278
2270763188378006 2270763188437688 2270763190881066 2270763196478084 2270763196479414 2270763196701720 2270763198885972 2270763204517514
2270763204519208 2270763205010720 2270763206991384 2270763212648770 2270763212650142 2270763212856726 2270763215035182 2270763220672100
2270763220673584 2270763220989270 2270763226069520 2270763231658166 2270763231658194 2270763231866682 2270763233520544 2270763239239278
2270763239241000 2270763239660986 2270763246476676 2270763252460360 2270763252461830 2270763253059392 2270763254165532 2270763259833558
2270763259835812 2270763262559890 2270763266836610 2270763272575546 2270763272576918 2270763272808828 2270763276172342 2270763281805592
2270763281807006 2270763285081732 2270763287629564 2270763293250102 2270763293251348 2270763293497902 2270763296533690 2270763302147046
2270763302148922 2270763302563714 2270763309839850 2270763315420544 2270763315420586 2270763315749446 2270763319300280 2270763325071276

2270767754361218 2270767754760722 2270767756025804 2270767766099546 2270767766100862 2270767766373456 2270767767969400 2270767773816122
2270767773817872 2270767774039170 2270767775580136 2270767781409890 2270767781411206 2270767781729902 2270767782982762 2270767788659314
2270767788661806 2270767788993116 2270767790712918 2270767796540796 2270767796542378 2270767796744034 2270767798070478 2270767803699808
2270767803701502 2270767804148088 2270767806042596 2270767811694536 2270767811695754 2270767811876494 2270767813807472 2270767819647012
2270767819649028 2270767820056498 2270767822903664 2270767828581518 2270767828582862 2270767828966588 2270767832414452 2270767838204320
2270767838205944 2270767841203260 2270767844268700 2270767850095360 2270767850096536 2270767850331148 2270767854155794 2270767859807496
2270767859807804 2270767860740162 2270767867179784 2270767872876286 2270767872877448 2270767873441788 2270767875532422 2270767881161906
2270767881162410 2270767884002534 2270767887534664 2270767893255232 2270767893256478 2270767893913050 2270767895148956 2270767900783480
2270767900785286 2270767900843330 2270767910820066 2270767916480854 2270767916482016 2270767917011986 2270767918849892 2270767924495630
