16 757
2270806035550220 2270806040325928 2270806041847140 2270806093222072 2270806093222100 2270806093762976 2270806099015804 2270806150800250
2270806150800586 2270806151350296 2270806156680124 2270806207691392 2270806207691420 2270806208253786 2270806215468182 2270806266830360
2270806266831970 2270806267323398 2270806274250164 2270806325836020 2270806325836048 2270806326328232 2270806333078178 2270806384596078
2270806384596582 2270806385088990 2270806391870590 2270806444247348 2270806444247376 2270806444742990 2270806449062004 2270806500809406
2270806500812038 2270806501427366 2270806507451076 2270806558510714 2270806558510742 2270806559000560 2270806565706882 2270806617489732
2270806617490222 2270806617983274 2270806623953154 2270806675129664 2270806675129692 2270806675623388 2270806681491544 2270806733505352
2270806733506780 2270806734006720 2270806739572574 2270806792268364 2270806792268392 2270806792833810 2270806799166934 2270806851390280
2270806851392142 2270806851997460 2270806858418658 2270806911838766 2270806911838808 2270806912390604 2270806917681764 2270806971012244
2270806971013784 2270806971512674 2270806976447044 2270807029741754 2270807029741782 2270807030243780 2270807035543116 2270807087891804

2270805669054356 2270805674150664 2270805674979016 2270805729237080 2270805729237108 2270805729770172 2270805730225186 2270805784413166
2270805784414832 2270805784943318 2270805785307262 2270805839065036 2270805839065078 2270805839590904 2270805842419562 2270805893716262
2270805893717060 2270805894216328 2270805901283318 2270805952369094 2270805952369122 2270805952868712 2270805960004162 2270806011449234
2270806011450900 2270806011946878 2270806018894672 2270806069977382 2270806069977410 2270806070472996 2270806078419410 2270806129861752
2270806129863432 2270806130354930 2270806135107524 2270806185520768 2270806185520796 2270806186008556 2270806192668440 2270806243678364
2270806243680002 2270806244220990 2270806251652946 2270806304311300 2270806304311328 2270806304807138 2270806309293620 2270806359658676
2270806359659474 2270806360215134 2270806367679864 2270806418732642 2270806418732684 2270806419221116 2270806426507780 2270806477612456
2270806477613310 2270806478097696 2270806485680040 2270806537175540 2270806537175568 2270806537706980 2270806546061662 2270806596994712
2270806596995510 2270806597647154 2270806605185720 2270806656496196 2270806656496224 2270806656987470 2270806663912332 2270806715371754

2270811153679768 2270811158580762 2270811159003996 2270811210483242 2270811210483284 2270811210982426 2270811217133424 2270811268388838
2270811268389594 2270811268879244 2270811274802280 2270811326340242 2270811326340270 2270811326830018 2270811333588602 2270811385208758
2270811385210466 2270811385695440 2270811392381938 2270811443306378 2270811443306406 2270811443852364 2270811451201958 2270811502826118
2270811502826874 2270811503313108 2270811509986222 2270811561410266 2270811561410294 2270811561898110 2270811567189438 2270811618785486
2270811618785948 2270811619273246 2270811625568654 2270811676450982 2270811676451010 2270811676995134 2270811683837592 2270811735310958
2270811735312568 2270811735849636 2270811742072510 2270811792908204 2270811792908232 2270811793390056 2270811799608940 2270811850610646
2270811850612270 2270811851098574 2270811857696970 2270811909045526 2270811909045568 2270811909535666 2270811917288138 2270811968941194
2270811968941726 2270811969470954 2270811976536838 2270812028016798 2270812028016826 2270812028506070 2270812035814770 2270812088575562
2270812088578194 2270812089174622 2270812094584320 2270812145550130 2270812145550158 2270812146035524 2270812153694434 2270812204904922

2270907422687274 2270907427287100 2270907427951708 2270907485452970 2270907485452998 2270907485987392 2270907486312234 2270907543053604
2270907543054402 2270907543592856 2270907543990498 2270907601845666 2270907601845708 2270907602439798 2270907602774398 2270907660621964
2270907660622762 2270907661216012 2270907661560972 2270907719467982 2270907719468010 2270907720052818 2270907720381692 2270907778283690
2270907778285440 2270907778840988 2270907779177926 2270907835467474 2270907835467502 2270907836030834 2270907836366666 2270907893833880
2270907893834678 2270907894419612 2270907894755458 2270907952156466 2270907952157726 2270907952679296 2270907953072122 2270908010398622
2270908010399420 2270908010922516 2270908011251880 2270908067937152 2270908067937194 2270908068463230 2270908068791600 2270908125933860
2270908125934658 2270908126545338 2270908126896808 2270908185546868 2270908185546910 2270908186074080 2270908186485092 2270908244866030
2270908244867696 2270908245385556 2270908245725182 2270908304112336 2270908304112378 2270908304643118 2270908305045604 2270908362879338
2270908362880234 2270908363407866 2270908363815378 2270908421921230 2270908421921272 2270908422509496 2270908422844908 2270908480978060

2270807638339674 2270807642699540 2270807643552756 2270807695121280 2270807695121322 2270807695673160 2270807697783814 2270807749120596
2270807749121478 2270807749606606 2270807754299476 2270807805377832 2270807805377874 2270807805924098 2270807813241380 2270807864293010
2270807864293794 2270807864826788 2270807870501408 2270807921144882 2270807921144910 2270807921636030 2270807929273324 2270807980614180
2270807980615734 2270807981096242 2270807988034096 2270808039738308 2270808039738336 2270808040219796 2270808047688390 2270808099617554
2270808099619262 2270808100099966 2270808104403272 2270808155627368 2270808155627396 2270808156110914 2270808163134798 2270808213869468
2270808213870252 2270808214348828 2270808220934050 2270808272017334 2270808272017376 2270808272556460 2270808279053244 2270808330224476
2270808330225260 2270808330713734 2270808336996318 2270808388314438 2270808388314466 2270808388795618 2270808395784348 2270808447858958
2270808447860666 2270808448405630 2270808455402998 2270808506939686 2270808506939714 2270808507471252 2270808515340890 2270808567620936
2270808567621720 2270808568108066 2270808574467916 2270808626752414 2270808626752442 2270808627349556 2270808633194724 2270808685583564

2270809666819820 2270809671794328 2270809672216120 2270809724482306 2270809724482334 2270809725079504 2270809727821726 2270809778902812
2270809778903568 2270809779387044 2270809782916388 2270809833568738 2270809833568780 2270809834169394 2270809837518292 2270809889122684
2270809889123440 2270809889605740 2270809893768066 2270809945072732 2270809945072760 2270809945557006 2270809950837540 2270810002644456
2270810002646164 2270810003190302 2270810010277620 2270810061631062 2270810061631090 2270810062113474 2270810068837044 2270810120461932
2270810120462646 2270810120982900 2270810128764772 2270810180331532 2270810180331560 2270810180810416 2270810184982836 2270810236016140
2270810236016896 2270810236553978 2270810243233322 2270810294899790 2270810294899818 2270810295383882 2270810302725132 2270810353920122
2270810353921718 2270810354407378 2270810359338598 2270810411196978 2270810411197006 2270810411681742 2270810417414924 2270810468829042
2270810468829798 2270810469309676 2270810477023550 2270810528743148 2270810528743176 2270810529224118 2270810536220436 2270810588100838
2270810588101608 2270810588631424 2270810596731292 2270810647880446 2270810647880474 2270810648425172 2270810655974364 2270810707947502

2270803773487032 2270803778634272 2270803779033342 2270803830545110 2270803830545138 2270803831076046 2270803833101916 2270803885149968
2270803885151214 2270803885655662 2270803889224416 2270803940282892 2270803940282920 2270803940820744 2270803948355782 2270803999740178
2270803999741424 2270804000251472 2270804005709428 2270804056815448 2270804056815476 2270804057321296 2270804064152890 2270804116252056
2270804116253498 2270804116755230 2270804123320614 2270804174693306 2270804174694356 2270804175195626 2270804182204096 2270804233575136
2270804233576550 2270804234077624 2270804239559268 2270804290905556 2270804290906648 2270804291409486 2270804298285180 2270804349183832
2270804349184518 2270804349683156 2270804355987062 2270804406961832 2270804406961860 2270804407522182 2270804414207504 2270804465115816
2270804465116502 2270804465619634 2270804471885404 2270804522784756 2270804522784784 2270804523345274 2270804530726956 2270804582837308
2270804582837994 2270804583437628 2270804590563180 2270804642141658 2270804642141686 2270804642697290 2270804649417332 2270804701197774
2270804701199216 2270804701713464 2270804709232640 2270804760697256 2270804760697284 2270804761330952 2270804767039928 2270804818819054

2270803703732186 2270803707456998 2270803710478828 2270803762314038 2270803762314066 2270803762901408 2270803767236018 2270803818768212
2270803818769668 2270803819282712 2270803824906750 2270803877851964 2270803877851992 2270803878361158 2270803883743906 2270803935129072
2270803935130556 2270803935644496 2270803942472758 2270803993705002 2270803993705030 2270803994214574 2270804001306050 2270804052654256
2270804052654970 2270804053224504 2270804060114142 2270804111771286 2270804111771314 2270804112275342 2270804117320046 2270804169124330
2270804169125618 2270804169626272 2270804175669078 2270804227804826 2270804227804854 2270804228353486 2270804233920236 2270804285551452
2270804285552922 2270804286053184 2270804292174124 2270804343773574 2270804343773602 2270804344273290 2270804349708622 2270804401451936
2270804401453420 2270804401950406 2270804407792522 2270804460288168 2270804460288210 2270804460792126 2270804467384810 2270804520109216
2270804520109734 2270804520611326 2270804526702796 2270804578979944 2270804578979972 2270804579482754 2270804585893242 2270804637788890
2270804637789590 2270804638358564 2270804644654448 2270804696538210 2270804696538238 2270804697106540 2270804703753208 2270804756391990

2270800935271806 2270800940208290 2270800941973200 2270800994036764 2270800994036792 2270800994530964 2270800994952070 2270801046013430
2270801046014886 2270801046607828 2270801047566380 2270801100176616 2270801100176644 2270801100669850 2270801105866804 2270801158073784
2270801158075226 2270801158616984 2270801162535206 2270801214302656 2270801214302684 2270801214789170 2270801220514848 2270801271855676
2270801271857216 2270801272342862 2270801278675720 2270801330103936 2270801330103964 2270801330591612 2270801337282506 2270801389434074
2270801389434760 2270801389919468 2270801397165798 2270801449073934 2270801449073962 2270801449556024 2270801453670414 2270801504756400
2270801504757898 2270801505246554 2270801512543354 2270801563978304 2270801563978332 2270801564469704 2270801571822154 2270801623835402
2270801623837054 2270801624323666 2270801628511262 2270801679501894 2270801679501922 2270801680027692 2270801685990698 2270801737396514
2270801737397956 2270801737948492 2270801745463916 2270801797587792 2270801797587820 2270801798192382 2270801805155198 2270801856653778
2270801856655066 2270801857137156 2270801865172596 2270801916526780 2270801916526808 2270801917069798 2270801924413946 2270801975833384

2270800887905410 2270800893121362 2270800893790646 2270800946265796 2270800946265824 2270800946755460 2270800947523892 2270800999064682
2270800999066054 2270800999555214 2270801000884906 2270801052229920 2270801052229948 2270801052717974 2270801056562528 2270801108264444
2270801108265214 2270801108753604 2270801111382790 2270801162981876 2270801162981904 2270801163473598 2270801167555802 2270801218984592
2270801218985348 2270801219561714 2270801225116046 2270801276419312 2270801276419340 2270801276960244 2270801284215044 2270801335590508
2270801335592188 2270801336071926 2270801342689628 2270801395020368 2270801395020396 2270801395562112 2270801402323706 2270801453873498
2270801453874254 2270801454417650 2270801459005520 2270801510813052 2270801510813080 2270801511354068 2270801517419106 2270801567771240
2270801567772024 2270801568254184 2270801577537598 2270801629081510 2270801629081538 2270801629561682 2270801635356184 2270801686741518
2270801686742274 2270801687232946 2270801691937338 2270801744603756 2270801744603784 2270801745171890 2270801750962626 2270801803147052
2270801803148886 2270801803686836 2270801809907148 2270801861507900 2270801861507942 2270801862052486 2270801869985264 2270801921571778

2270807046548838 2270807051372160 2270807053235658 2270807105404712 2270807105404740 2270807105959938 2270807106279572 2270807158828124
2270807158829804 2270807159324648 2270807159637982 2270807211759324 2270807211760542 2270807212249492 2270807214468576 2270807266055678
2270807266056434 2270807266605332 2270807273797664 2270807325014900 2270807325014942 2270807325501302 2270807331782598 2270807382645788
2270807382646292 2270807383132806 2270807389974480 2270807442138844 2270807442138872 2270807442681750 2270807448416724 2270807499319870
2270807499321480 2270807499869146 2270807507639594 2270807559467272 2270807559467300 2270807560001624 2270807564940908 2270807616941304
2270807616942746 2270807617470182 2270807623846048 2270807675209206 2270807675209248 2270807675849216 2270807683181226 2270807735271614
2270807735273252 2270807735837032 2270807740464872 2270807793328886 2270807793328914 2270807793817248 2270807797820688 2270807849715972
2270807849717610 2270807850399606 2270807856662870 2270807908176108 2270807908176136 2270807908667438 2270807916423228 2270807967762418
2270807967762922 2270807968252558 2270807974944404 2270808027961914 2270808027961956 2270808028454714 2270808036337750 2270808087790508

2270918036466226 2270918043006032 2270918043325414 2270918094816182 2270918094816224 2270918095363568 2270918096089342 2270918147502564
2270918147503978 2270918147986992 2270918152201552 2270918203663438 2270918203663466 2270918204208234 2270918211340940 2270918263103560
2270918263105324 2270918263585552 2270918268633742 2270918321017626 2270918321017654 2270918321564760 2270918327140204 2270918379230480
2270918379232160 2270918379727746 2270918386165912 2270918437438042 2270918437438070 2270918437999862 2270918445196716 2270918496281806
2270918496282380 2270918496763392 2270918502552644 2270918554188928 2270918554188956 2270918554668400 2270918561274692 2270918613054014
2270918613054532 2270918613595632 2270918619846982 2270918672329986 2270918672330014 2270918672812874 2270918677630988 2270918729011828
2270918729013494 2270918729564884 2270918734868350 2270918786530156 2270918786530184 2270918787047750 2270918793715852 2270918845483064
2270918845484814 2270918845964412 2270918853537180 2270918905730482 2270918905730510 2270918906211144 2270918912404142 2270918964067334
2270918964067894 2270918964549396 2270918971281996 2270919023749138 2270919023749166 2270919024349990 2270919030063978 2270919081862074

2270802231678736 2270802237794874 2270802238179762 2270802290420006 2270802290420048 2270802290917650 2270802291284842 2270802343341980
2270802343342484 2270802343837020 2270802347629452 2270802401641396 2270802401641424 2270802402139992 2270802404545752 2270802456863710
2270802456864410 2270802457348278 2270802463781936 2270802515298744 2270802515298786 2270802515786644 2270802522608984 2270802573755184
2270802573757606 2270802574236924 2270802581376952 2270802632968184 2270802632968212 2270802633508654 2270802641026486 2270802691815532
2270802691816344 2270802692355708 2270802697734872 2270802748570930 2270802748570958 2270802749057108 2270802755409776 2270802807267722
2270802807268226 2270802807763532 2270802815064924 2270802867549902 2270802867549930 2270802868095076 2270802872810416 2270802924128130
2270802924128634 2270802924610332 2270802930290020 2270802981390426 2270802981390468 2270802981876800 2270802989120414 2270803041156258
2270803041157966 2270803041692108 2270803048309124 2270803100254164 2270803100254192 2270803100737458 2270803108677768 2270803160531514
2270803160532816 2270803161014024 2270803167799796 2270803218678862 2270803218678890 2270803219167448 2270803226531196 2270803278215108

2270799548977316 2270799554720956 2270799555269644 2270799606786452 2270799606786480 2270799607339704 2270799609903762 2270799660825178
2270799660826060 2270799661323480 2270799665076922 2270799716914750 2270799716914778 2270799717488050 2270799719665806 2270799771534756
2270799771536408 2270799772084466 2270799775023388 2270799826892254 2270799826892282 2270799827386538 2270799833494724 2270799884606358
2270799884607730 2270799885163082 2270799892054554 2270799942871670 2270799942871698 2270799943365408 2270799950954794 2270800002262204
2270800002263940 2270800002796430 2270800010430056 2270800061723662 2270800061723690 2270800062216280 2270800066764026 2270800118116362
2270800118118196 2270800118673576 2270800125417740 2270800176645462 2270800176645490 2270800177200492 2270800185670940 2270800237925128
2270800237925884 2270800238474572 2270800242914812 2270800294804622 2270800294804650 2270800295298514 2270800300314546 2270800351624056
2270800351624840 2270800352113874 2270800359126992 2270800410301584 2270800410301612 2270800410793348 2270800418824798 2270800470016372
2270800470017142 2270800470660148 2270800478452884 2270800529444888 2270800529444916 2270800530083890 2270800538790588 2270800589639400

2270800226250626 2270800229885810 2270800232150660 2270800284076198 2270800284076226 2270800284579946 2270800285871474 2270800337212806
2270800337213576 2270800337778980 2270800341753622 2270800393467396 2270800393467424 2270800394040192 2270800399638344 2270800451607380
2270800451609256 2270800452103190 2270800458465350 2270800510079962 2270800510079990 2270800510575982 2270800516653942 2270800568466164
2270800568467704 2270800568960518 2270800576079854 2270800626573962 2270800626573990 2270800627127270 2270800634663848 2270800686610428
2270800686612150 2270800687168790 2270800692039572 2270800743353366 2270800743353408 2270800743846250 2270800749989828 2270800802008396
2270800802010048 2270800802502022 2270800809614708 2270800862217944 2270800862217972 2270800862714132 2270800867385176 2270800919505524
2270800919506378 2270800919995258 2270800924591458 2270800976858876 2270800976858904 2270800977350164 2270800982296084 2270801033853702
2270801033854192 2270801034348028 2270801042236426 2270801095401440 2270801095401468 2270801095903004 2270801101433228 2270801152491522
2270801152492292 2270801152989502 2270801161978860 2270801215374818 2270801215374846 2270801215868808 2270801219724198 2270801271448276

2270804826312204 2270804831395772 2270804833023048 2270804884453280 2270804884453308 2270804884957364 2270804889789758 2270804941147064
2270804941147694 2270804941643266 2270804947463150 2270804998519624 2270804998519652 2270804999015672 2270805006246476 2270805057755332
2270805057756144 2270805058247278 2270805065025350 2270805115887070 2270805115887098 2270805116380528 2270805123857970 2270805174706250
2270805174706754 2270805175197846 2270805182646546 2270805233683406 2270805233683434 2270805234172678 2270805239839920 2270805290722626
2270805290723396 2270805291212220 2270805298224148 2270805349392132 2270805349392160 2270805349884400 2270805356481998 2270805408868094
2270805408869858 2270805409508076 2270805414726170 2270805466783084 2270805466783112 2270805467278488 2270805472306322 2270805523986370
2270805523987182 2270805524481774 2270805530355726 2270805581388554 2270805581388582 2270805581885148 2270805589947720 2270805641057758
2270805641059256 2270805641552546 2270805649198324 2270805700774702 2270805700774730 2270805701326764 2270805708451616 2270805759964910
2270805759966506 2270805760461308 2270805767218296 2270805819063446 2270805819063474 2270805819561062 2270805826317686 2270805878096700
