16 85
2270709436159402 2270709441280084 2270709441374724 2270709447037388 2270709447037416 2270709447218534 2270709447545546 2270709453415116
2270709453416446 2270709453589710 2270709453903520 2270709459646642 2270709459646684 2270709459820284 2270709460294562 2270709465936982
2270709465938382 2270709466109882 2270709466415488 2270709472305092 2270709472305134 2270709472536722 2270709472878910 2270709478518768
2270709478519454 2270709478690422 2270709479275748 2270709485059806 2270709485059834 2270709485233280 2270709485582342 2270709491217132
2270709491218476 2270709491388114 2270709491848672 2270709497485464 2270709497486416 2270709497710010 2270709498126188 2270709503755000
2270709503756344 2270709503926220 2270709504384216 2270709510039684 2270709510039712 2270709510265336 2270709510687240 2270709516314568
2270709516315926 2270709516485970 2270709516938198 2270709522591762 2270709522591790 2270709522820424 2270709523241418 2270709528871952
2270709528873282 2270709529042402 2270709529484606 2270709535287200 2270709535287228 2270709535457426 2270709535796338 2270709541524998
2270709541527182 2270709541695154 2270709542088666 2270709547797558 2270709547797586 2270709548017582 2270709548508380 2270709554231748

2270709069482238 2270709074296656 2270709074676308 2270709080321178 2270709080322424 2270709080500028 2270709081018826 2270709086662366
2270709086663794 2270709086835504 2270709087118724 2270709092754522 2270709092754550 2270709092971214 2270709093548364 2270709099236312
2270709099238636 2270709099454810 2270709100019108 2270709105960078 2270709105960120 2270709106194718 2270709106418872 2270709112406910
2270709112408632 2270709112588140 2270709112684418 2270709118719006 2270709118719034 2270709118896400 2270709118989892 2270709124983082
2270709124984930 2270709125162282 2270709125257636 2270709131259954 2270709131259996 2270709131438720 2270709131532912 2270709137517072
2270709137518738 2270709137696692 2270709137794762 2270709143824282 2270709143824310 2270709144001130 2270709144094846 2270709150075058
2270709150076696 2270709150253180 2270709150346084 2270709156374540 2270709156376038 2270709156554552 2270709156647218 2270709162619002
2270709162620626 2270709162798384 2270709162891414 2270709168883988 2270709168884030 2270709169109836 2270709169242276 2270709175225064
2270709175226688 2270709175405118 2270709175623210 2270709181646234 2270709181646262 2270709181823782 2270709182111776 2270709188074418

2270714553904202 2270714558855358 2270714559501430 2270714565153258 2270714565153286 2270714565396088 2270714565588840 2270714571255886
2270714571257328 2270714571429780 2270714571623232 2270714577378520 2270714577378548 2270714577558714 2270714577659192 2270714583816504
2270714583817988 2270714584030074 2270714584120458 2270714589762584 2270714589763732 2270714589937066 2270714590654006 2270714596447066
2270714596448550 2270714596622178 2270714597048954 2270714602693362 2270714602693390 2270714602865884 2270714603358026 2270714609015804
2270714609017344 2270714609190020 2270714609622830 2270714615473794 2270714615475082 2270714615754900 2270714615899366 2270714621592872
2270714621595294 2270714621766472 2270714622157268 2270714627915804 2270714627915846 2270714628090958 2270714628460782 2270714634359878
2270714634361418 2270714634533576 2270714634711474 2270714640496596 2270714640496624 2270714640671764 2270714641015548 2270714646854766
2270714646856516 2270714647030074 2270714647286078 2270714653440408 2270714653440436 2270714653619734 2270714653716712 2270714659829938
2270714659832444 2270714660003258 2270714660095434 2270714666278296 2270714666278324 2270714666492496 2270714666585582 2270714672557436

2270810823292284 2270810827757472 2270810828809376 2270810834462156 2270810834462184 2270810834643260 2270810834869934 2270810840511920
2270810840513488 2270810840686682 2270810840861444 2270810846612042 2270810846613246 2270810846788176 2270810847139772 2270810852813174
2270810852814896 2270810853051146 2270810853460562 2270810859217866 2270810859217894 2270810859393594 2270810859740906 2270810865411676
2270810865413398 2270810865651426 2270810866049278 2270810871703052 2270810871703080 2270810871881608 2270810872436932 2270810878132678
2270810878134148 2270810878306796 2270810878615510 2270810884262760 2270810884262788 2270810884438348 2270810885189798 2270810890954620
2270810890956342 2270810891128668 2270810891227060 2270810897113766 2270810897115152 2270810897289158 2270810897517540 2270810903301976
2270810903303446 2270810903476738 2270810903958982 2270810909608444 2270810909608472 2270810909783584 2270810910098458 2270810915753940
2270810915755676 2270810915983484 2270810916456376 2270810922312646 2270810922312674 2270810922492014 2270810923052280 2270810928703912
2270810928705382 2270810928878324 2270810929433788 2270810935081220 2270810935081248 2270810935254680 2270810935922424 2270810941557956

2270711038711038 2270711042142718 2270711043876800 2270711049858272 2270711049858300 2270711050043814 2270711050156178 2270711056150586
2270711056152392 2270711056399338 2270711056516672 2270711062540550 2270711062540592 2270711062746140 2270711062896878 2270711068667104
2270711068668854 2270711068912846 2270711069234468 2270711074889236 2270711074889264 2270711075068730 2270711075605140 2270711081289756
2270711081292528 2270711081531690 2270711081853830 2270711087610028 2270711087611484 2270711087793022 2270711087901816 2270711093690130
2270711093691964 2270711093864766 2270711094044610 2270711099951910 2270711099951938 2270711100133812 2270711100453558 2270711106120618
2270711106122326 2270711106298068 2270711106596184 2270711112248292 2270711112248320 2270711112423880 2270711112849522 2270711118513642
2270711118515294 2270711118688600 2270711119154478 2270711124911418 2270711124911446 2270711125091766 2270711125440338 2270711131181500
2270711131183250 2270711131357998 2270711131834390 2270711137476138 2270711137476180 2270711137651670 2270711138044216 2270711143690710
2270711143692446 2270711143865934 2270711144284184 2270711149943082 2270711149943110 2270711150120532 2270711150715252 2270711156358904

2270713067062412 2270713071563748 2270713071909506 2270713077564274 2270713077564302 2270713077739344 2270713078746700 2270713084481212
2270713084482822 2270713084658298 2270713084832206 2270713090827076 2270713090827118 2270713091040702 2270713091242540 2270713097378908
2270713097380616 2270713097552662 2270713097647148 2270713103736364 2270713103736392 2270713103948002 2270713104042824 2270713109986566
2270713109988302 2270713110199702 2270713110291220 2270713116054096 2270713116054124 2270713116232176 2270713116516026 2270713122187048
2270713122188448 2270713122359836 2270713122782944 2270713128632844 2270713128634062 2270713128804680 2270713129058962 2270713134772222
2270713134773846 2270713134945010 2270713135317368 2270713140968244 2270713140968272 2270713141139338 2270713141621890 2270713147331174
2270713147332588 2270713147502898 2270713147871812 2270713153616110 2270713153616152 2270713153791488 2270713154176908 2270713160008426
2270713160009840 2270713160180976 2270713160417884 2270713166076362 2270713166076390 2270713166249080 2270713166733452 2270713172380562
2270713172382074 2270713172551530 2270713173023050 2270713178892494 2270713178892522 2270713179065030 2270713179439908 2270713185191360

2270707173921046 2270707178568388 2270707179650154 2270707185393430 2270707185393458 2270707185570908 2270707185721856 2270707191427682
2270707191429166 2270707191599812 2270707191695726 2270707197357312 2270707197357340 2270707197531304 2270707197951290 2270707203705864
2270707203706634 2270707203880276 2270707204461430 2270707210106706 2270707210106734 2270707210285948 2270707210858324 2270707216559726
2270707216560342 2270707216732388 2270707217108008 2270707222753508 2270707222754782 2270707222925204 2270707223136786 2270707228932324
2270707228934830 2270707229182392 2270707229280700 2270707234948936 2270707234950210 2270707235119358 2270707235823992 2270707241464872
2270707241466622 2270707241637086 2270707241849676 2270707247517534 2270707247517562 2270707247691414 2270707248155486 2270707253802974
2270707253804738 2270707253975762 2270707254595850 2270707260250772 2270707260250800 2270707260422020 2270707260734794 2270707266471084
2270707266472722 2270707266642640 2270707267092796 2270707272762138 2270707272762166 2270707272936606 2270707273688896 2270707279438248
2270707279439746 2270707279608824 2270707280069578 2270707285723114 2270707285723142 2270707285895034 2270707286559866 2270707292209412

2270707104182286 2270707108455772 2270707109077568 2270707114738678 2270707114738706 2270707114915946 2270707115897640 2270707121545352
2270707121548040 2270707121719834 2270707122050388 2270707127819830 2270707127819858 2270707127993892 2270707128352558 2270707134098592
2270707134100272 2270707134272500 2270707134493350 2270707140184672 2270707140184700 2270707140358146 2270707140622690 2270707146428490
2270707146430156 2270707146601964 2270707147129442 2270707152775964 2270707152776006 2270707152947114 2270707153353562 2270707159020762
2270707159022540 2270707159194530 2270707159481586 2270707165163696 2270707165163724 2270707165397636 2270707165699210 2270707171463094
2270707171464802 2270707171636050 2270707172063022 2270707177737768 2270707177739112 2270707177970756 2270707178218276 2270707183881528
2270707183883390 2270707184055240 2270707184404470 2270707190055584 2270707190055612 2270707190234798 2270707190714186 2270707196467458
2270707196469110 2270707196638622 2270707196934820 2270707202601572 2270707202601600 2270707202775088 2270707203420236 2270707209061536
2270707209063188 2270707209235458 2270707209904966 2270707215603708 2270707215603736 2270707215776076 2270707216190322 2270707221838860

2270704335729480 2270704339569834 2270704340585254 2270704346343524 2270704346343552 2270704346525426 2270704347404864 2270704353057630
2270704353059002 2270704353233470 2270704353556324 2270704359188692 2270704359189854 2270704359362782 2270704359864346 2270704365593286
2270704365594644 2270704365765080 2270704365984880 2270704371630436 2270704371631402 2270704371803462 2270704372158572 2270704377821026
2270704377822566 2270704378059502 2270704378599006 2270704384235378 2270704384236540 2270704384409090 2270704384861024 2270704390553186
2270704390554572 2270704390724476 2270704390979052 2270704396624720 2270704396625980 2270704396803108 2270704397236044 2270704402899604
2270704402901242 2270704403073918 2270704403553558 2270704409273902 2270704409273930 2270704409445696 2270704409729616 2270704415480746
2270704415483140 2270704415654430 2270704415834736 2270704421484422 2270704421485598 2270704421658722 2270704422152166 2270704427884074
2270704427885600 2270704428058668 2270704428545658 2270704434189646 2270704434189674 2270704434367516 2270704434897640 2270704440523428
2270704440524702 2270704440695684 2270704440992162 2270704446626322 2270704446626350 2270704446798270 2270704447174758 2270704452801722

2270704288510140 2270704292349794 2270704294172342 2270704299813096 2270704299813124 2270704299990462 2270704300264260 2270704305916088
2270704305917474 2270704306089268 2270704306188262 2270704311885464 2270704311885492 2270704312066148 2270704312480184 2270704318192324
2270704318194592 2270704318367030 2270704318985004 2270704324639758 2270704324639800 2270704324877380 2270704325381044 2270704331033614
2270704331035070 2270704331206612 2270704331631414 2270704337316380 2270704337316408 2270704337519296 2270704337658288 2270704343521922
2270704343523266 2270704343696768 2270704343925220 2270704349709250 2270704349709278 2270704349888954 2270704350231394 2270704356081994
2270704356083450 2270704356255608 2270704356370618 2270704362245774 2270704362245802 2270704362419654 2270704362675742 2270704368332764
2270704368334822 2270704368506462 2270704368938950 2270704374595636 2270704374595664 2270704374770398 2270704375253356 2270704380902762
2270704380904022 2270704381076628 2270704381608544 2270704387247814 2270704387248864 2270704387425754 2270704387675374 2270704393336246
2270704393337492 2270704393510182 2270704393986168 2270704399622372 2270704399622414 2270704399803182 2270704400492458 2270704406160764

2270710446862620 2270710452532032 2270710452666824 2270710458431436 2270710458432486 2270710458607654 2270710458701342 2270710464379630
2270710464381184 2270710464554588 2270710464718178 2270710470413770 2270710470413798 2270710470643356 2270710470737016 2270710476488160
2270710476489630 2270710476662600 2270710476838888 2270710482507082 2270710482507110 2270710482682110 2270710483321602 2270710488976664
2270710488978050 2270710489150502 2270710489697958 2270710495558344 2270710495558372 2270710495803148 2270710495965744 2270710501632552
2270710501633840 2270710501804276 2270710502151350 2270710507999570 2270710508000704 2270710508173912 2270710508398794 2270710514151940
2270710514153410 2270710514325526 2270710514703316 2270710520454068 2270710520455118 2270710520625372 2270710520865094 2270710526537432
2270710526538762 2270710526709534 2270710526961478 2270710532707736 2270710532707764 2270710532884038 2270710533421232 2270710539286462
2270710539288044 2270710539469400 2270710539604822 2270710545247872 2270710545247900 2270710545423362 2270710545953164 2270710551744670
2270710551746112 2270710551921574 2270710552575486 2270710558233390 2270710558234538 2270710558408908 2270710558862032 2270710564719464

2270821436865548 2270821441711438 2270821442584828 2270821448346262 2270821448346290 2270821448526456 2270821448655760 2270821454402872
2270821454404412 2270821454575688 2270821454795656 2270821460478508 2270821460478536 2270821460655888 2270821460761280 2270821466509862
2270821466512536 2270821466685744 2270821467001598 2270821472773252 2270821472774484 2270821472954818 2270821473089890 2270821478753156
2270821478754696 2270821478928044 2270821479361498 2270821484982218 2270821484982246 2270821485156602 2270821485846018 2270821491594558
2270821491596098 2270821491768690 2270821491923082 2270821497581924 2270821497581952 2270821497756672 2270821498297996 2270821503947822
2270821503949418 2270821504122500 2270821504359702 2270821509993862 2270821509995024 2270821510172670 2270821510684580 2270821516432126
2270821516433666 2270821516606790 2270821516936616 2270821522572092 2270821522572120 2270821522745734 2270821523145476 2270821528768450
2270821528769794 2270821528942022 2270821529518360 2270821535172792 2270821535172820 2270821535346518 2270821535562762 2270821541225230
2270821541226854 2270821541395596 2270821541961252 2270821547615936 2270821547615964 2270821547793484 2270821548611854 2270821554240218

2270705632159734 2270705636009006 2270705637636338 2270705643273256 2270705643273298 2270705643455928 2270705643568362 2270705649237228
2270705649238838 2270705649443868 2270705649695602 2270705655438122 2270705655438150 2270705655612604 2270705655892842 2270705661754474
2270705661756994 2270705661987224 2270705662232840 2270705667880762 2270705667880790 2270705668053550 2270705668571298 2270705674213200
2270705674214796 2270705674452124 2270705674718684 2270705680472992 2270705680474308 2270705680647992 2270705681265406 2270705686891698
2270705686893392 2270705687184774 2270705687595562 2270705693221770 2270705693222974 2270705693395244 2270705693815734 2270705699457636
2270705699459232 2270705699690232 2270705699986178 2270705705650046 2270705705651348 2270705705823212 2270705706348828 2270705711996386
2270705711997996 2270705712229906 2270705712611420 2270705718367044 2270705718367072 2270705718542520 2270705718926274 2270705724761908
2270705724763336 2270705724936138 2270705725112790 2270705731108864 2270705731108892 2270705731288064 2270705731509306 2270705737155296
2270705737156626 2270705737387010 2270705737727098 2270705743368272 2270705743368300 2270705743541788 2270705744050618 2270705749694200

2270702949605468 2270702952844172 2270702955153248 2270702960786498 2270702960786526 2270702960965628 2270702961198000 2270702966862498
2270702966863884 2270702967036196 2270702967274812 2270702972948606 2270702972948634 2270702973124712 2270702973310226 2270702979075034
2270702979076490 2270702979309366 2270702979560694 2270702985228104 2270702985228132 2270702985405918 2270702986310584 2270702991944436
2270702991946046 2270702992116678 2270702992705042 2270702998459826 2270702998459854 2270702998637066 2270702999013442 2270703004815630
2270703004817086 2270703004990070 2270703005277196 2270703011036376 2270703011036404 2270703011212958 2270703011557232 2270703017208360
2270703017210908 2270703017383542 2270703017813958 2270703023566726 2270703023566754 2270703023746388 2270703024118858 2270703029833784
2270703029835352 2270703030010758 2270703030368066 2270703036149856 2270703036149884 2270703036324184 2270703036671734 2270703042336722
2270703042338192 2270703042512254 2270703042914264 2270703048566092 2270703048566120 2270703048741036 2270703049227606 2270703054886336
2270703054888114 2270703055060188 2270703055518170 2270703061160352 2270703061160380 2270703061335968 2270703061937856 2270703067795106

2270703626859486 2270703632419320 2270703632588454 2270703638290304 2270703638290332 2270703638472528 2270703638663152 2270703644371764
2270703644373192 2270703644545868 2270703644639192 2270703650407178 2270703650407206 2270703650581870 2270703650695718 2270703656595010
2270703656596354 2270703656769758 2270703657055204 2270703662734528 2270703662734556 2270703662908352 2270703663097940 2270703668758434
2270703668759778 2270703668932356 2270703669626434 2270703675305072 2270703675305100 2270703675482046 2270703675986480 2270703681643894
2270703681645252 2270703681820224 2270703682338742 2270703687992138 2270703687993118 2270703688165374 2270703688762964 2270703694419230
2270703694420602 2270703694659484 2270703694769776 2270703700491240 2270703700491282 2270703700701058 2270703701096404 2270703706765354
2270703706766698 2270703706939752 2270703707535662 2270703713192376 2270703713192404 2270703713367908 2270703713674424 2270703719342646
2270703719344018 2270703719516708 2270703720034036 2270703725678640 2270703725679606 2270703725859450 2270703726629884 2270703732269434
2270703732270806 2270703732483382 2270703733010160 2270703738644292 2270703738644320 2270703738815988 2270703739500168 2270703745157876

2270708226637158 2270708232115386 2270708232239930 2270708237881328 2270708237881356 2270708238054704 2270708238356362 2270708244006104
2270708244007742 2270708244178220 2270708244544712 2270708250187342 2270708250187370 2270708250358380 2270708250485346 2270708256341042
2270708256342694 2270708256513396 2270708256607882 2270708262552926 2270708262554116 2270708262832282 2270708262929288 2270708268935834
2270708268937472 2270708269106242 2270708269197844 2270708275158624 2270708275158652 2270708275437028 2270708275530534 2270708281430582
2270708281432178 2270708281600752 2270708281741508 2270708287495578 2270708287495606 2270708287667414 2270708287976618 2270708293653884
2270708293656124 2270708293824936 2270708294521338 2270708300173880 2270708300173908 2270708300346486 2270708300676158 2270708306304998
2270708306307252 2270708306476512 2270708306862408 2270708312720092 2270708312721282 2270708312892838 2270708313177976 2270708318816168
2270708318817610 2270708318987248 2270708319497380 2270708325128712 2270708325128754 2270708325301248 2270708325877782 2270708331503766
2270708331505852 2270708331675084 2270708332297958 2270708338190558 2270708338190600 2270708338360504 2270708338644060 2270708344385026
