16 8852
2271173508738372 2271173511276922 2271173519023906 2271174159664284 2271173511305118 2271173513557592 2271174160646468 2271174812410350
2271174159925706 2271174163022044 2271174814243720 2271175453196440 2271174812720016 2271174816683010 2271175454710526 2271176108104876
2271175453427524 2271175457234152 2271176109557796 2271176748780226 2271176108334294 2271176112150148 2271176750324244 2271177391773360
2271176749006914 2271176752816524 2271177393413558 2271178020119386 2271177392003366 2271177395974326 2271178021973812 2271178661062976
2271178020347418 2271178024548776 2271178662739560 2271179303444842 2271178661288180 2271178665383572 2271179305066308 2271179952177430
2271179303671446 2271179307667508 2271179953780430 2271180605399132 2271179952404482 2271179956403078 2271180607047282 2271181250884728
2271180605625596 2271180609644520 2271181252496562 2271181900462608 2271181251112872 2271181255110992 2271181902096422 2271182553866128
2271181900690318 2271181904717474 2271182555546100 2271183208271180 2271182554137812 2271182558174334 2271183209868608 2271183846697640
2271183208501998 2271183212420108 2271183848266704 2271184493960858 2271183846991696 2271183850800046 2271184495526268 2271185148484462

2271173137857890 2271173140188946 2271173150804012 2271173805210898 2271173140216526 2271173142313740 2271173806280540 2271174470463094
2271173805479110 2271173808551298 2271174472600460 2271175156766614 2271174470644184 2271174475224914 2271175158343602 2271175839775822
2271175156857166 2271175161159772 2271175843259456 2271176526967950 2271175839888284 2271175842127416 2271176528856144 2271177214811022
2271176527059048 2271176531516536 2271177216541198 2271177901697264 2271177214964112 2271177219401496 2271177903443330 2271178592246102
2271177901789916 2271177906154136 2271178593891116 2271179273593902 2271178592347448 2271178596615250 2271179275299158 2271179958927152
2271179273690586 2271179278035290 2271179962364796 2271180640794744 2271179959024508 2271179961341802 2271180642518900 2271181322594226
2271180640895194 2271180645285202 2271181324085870 2271182003908594 2271181322706478 2271181326892800 2271182007466470 2271182696487964
2271182004070378 2271182006599912 2271182698338120 2271183386805998 2271182696589954 2271182701073006 2271183388509266 2271184072377934
2271183386981040 2271183391376116 2271184075747986 2271184758838128 2271184072489640 2271184075133176 2271184760652710 2271185451475836

2271178630041496 2271178633114468 2271178639697688 2271179280099604 2271178633140928 2271178635476436 2271179281129094 2271179922467750
2271179280358730 2271179283635570 2271179924457248 2271180565010224 2271179922691582 2271179927069354 2271180566610634 2271181213783328
2271180565235050 2271180569149996 2271181215366588 2271181853139640 2271181214010212 2271181217981522 2271181854724412 2271182488078868
2271181853365362 2271181857328412 2271182489727354 2271183122051256 2271182488308006 2271182492405610 2271183123737892 2271183765592210
2271183122278588 2271183126387952 2271183768912912 2271184402285470 2271183765826486 2271183768278782 2271184404227354 2271185035804650
2271184402513502 2271184406876504 2271185037408112 2271185680361444 2271185036039752 2271185040036808 2271185681819320 2271186312024518
2271185680527442 2271185684324032 2271186313672738 2271186955036832 2271186312254874 2271186316328076 2271186956615360 2271187593554642
2271186955267678 2271186959189834 2271187595085892 2271188229753870 2271187593776836 2271187597615762 2271188231588808 2271188877377812
2271188229981398 2271188234221942 2271188879168846 2271189513163844 2271188877610758 2271188881806894 2271189560269686 2271190204400530

2271274900784512 2271274903170952 2271274907931638 2271275551551272 2271274903215514 2271274905310740 2271275552523754 2271276202438964
2271275551815718 2271275555047310 2271276204596700 2271276887248096 2271276202667822 2271276207319910 2271276889008820 2271277573920418
2271276887426568 2271276891775262 2271277575610302 2271278257647952 2271277574094970 2271277578440332 2271278259341630 2271278942203978
2271278257820068 2271278262248506 2271278945773712 2271279626921004 2271278942371292 2271278944701606 2271279628861796 2271280312080332
2271279627097502 2271279631681494 2271280313786176 2271280994513272 2271280312287336 2271280316442648 2271280998143528 2271281679959474
2271280994681566 2271280997054622 2271281682897458 2271282369683334 2271281680115238 2271281681949420 2271282371643474 2271283050068060
2271282369861330 2271282374492600 2271283053588962 2271283731928428 2271283050143296 2271283052613148 2271283733673346 2271284422776096
2271283732103358 2271283736475698 2271284424241518 2271285105823776 2271284422930712 2271284427027686 2271285107451374 2271285797897970
2271285105990782 2271285110318588 2271285801440880 2271286487763118 2271285798067790 2271285800742168 2271286489487036 2271287170360236

2271175107784814 2271175110159060 2271175129327342 2271175773064632 2271175110186248 2271175112195290 2271175774041846 2271176421851862
2271175773347810 2271175776598008 2271176425824754 2271177067707548 2271176422088630 2271176424659786 2271177070260406 2271177723080266
2271177067947270 2271177073040652 2271177724830504 2271178360789562 2271177723321878 2271177727588756 2271178362464256 2271179001022722
2271178361026274 2271178365160446 2271179002722420 2271179621700458 2271179001269164 2271179005446470 2271179625444142 2271180242387196
2271179621939298 2271179624462196 2271180245588128 2271180881571336 2271180242627422 2271180244665920 2271180883634334 2271181517797164
2271180881851518 2271180886286872 2271181519521838 2271182172682948 2271181518050004 2271181522166088 2271182174467612 2271182818802884
2271182172921942 2271182177134892 2271182822571586 2271183461166844 2271182819037720 2271182821567884 2271183464356506 2271184117151054
2271183461403640 2271183463349164 2271184119227058 2271184768231932 2271184117388648 2271184121930640 2271184770034642 2271185410144252
2271184768536684 2271184772702664 2271185411893776 2271186060366202 2271185410385304 2271185414613542 2271186061927440 2271186711003154

2271177138600622 2271177140898050 2271177158620720 2271177792629746 2271177140925336 2271177145352010 2271177793429496 2271178433213760
2271177792892666 2271177795588996 2271178434834386 2271179068993380 2271178433442072 2271178437377220 2271179070624912 2271179709641332
2271179069219116 2271179073160018 2271179712890018 2271180338847350 2271179709868440 2271179712086110 2271180340835014 2271180976751428
2271180339080478 2271180343285994 2271180978369184 2271181607071104 2271180976976702 2271180980884284 2271181608769654 2271182238280018
2271181607301054 2271181611309800 2271182239840416 2271182866759674 2271182238507756 2271182242374598 2271182868614380 2271183517762852
2271182866984724 2271182869692576 2271183521043276 2271184174548268 2271183517992004 2271183520289404 2271184176456776 2271184828151848
2271184174723450 2271184178932760 2271184829789960 2271185471587452 2271184828327520 2271184832294546 2271185473219432 2271186103321240
2271185471815988 2271185475813604 2271186107053892 2271186742504176 2271186103549412 2271186106068950 2271186744641794 2271187379860028
2271186742730206 2271186747153660 2271187387570430 2271188028288326 2271187380092540 2271187383723062 2271188071728170 2271188700923786

2271171253438500 2271171255706864 2271171260299858 2271171894311992 2271171255732960 2271171257936560 2271171895410824 2271172524046664
2271171894584264 2271171897789802 2271172525616848 2271173159080476 2271172524284762 2271172528071902 2271173160653320 2271173797604502
2271173159391080 2271173163049896 2271173799169604 2271174427401600 2271173797874898 2271173801635634 2271174429055014 2271175067961352
2271174427704140 2271174431337504 2271175069502066 2271175694195674 2271175068194018 2271175072002228 2271175695785640 2271176331663414
2271175694508098 2271175698183560 2271176333211170 2271176962933032 2271176331895870 2271176335720502 2271176964478884 2271177595813014
2271176963165026 2271176966986816 2271177597387398 2271178224649194 2271177596048900 2271177599890710 2271178226325960 2271178866876654
2271178224883960 2271178228803428 2271178868362726 2271179498077686 2271178867111112 2271178870863378 2271179499558088 2271180134167532
2271179498308154 2271179503348336 2271180137788198 2271180760001986 2271180134400520 2271180136995518 2271180761845310 2271181411185764
2271180760239454 2271180764359220 2271181412715642 2271182038381942 2271181411497488 2271181415160210 2271182039864822 2271182691772750

2271171180195918 2271171182604800 2271171189011984 2271171833160104 2271171182632534 2271171184867872 2271171834039766 2271172472271220
2271171833422142 2271171836497690 2271172474098220 2271173109563946 2271172472505076 2271172476664840 2271173111278078 2271173754904208
2271173109868180 2271173113729716 2271173756512024 2271174384025694 2271173755140822 2271173759114750 2271174385634714 2271175018161560
2271174384263330 2271174388235242 2271175019812034 2271175651370472 2271175018392294 2271175022381496 2271175653097148 2271176288133662
2271175651602550 2271175655655396 2271176289794314 2271176917137408 2271176288366580 2271176292376222 2271176918839192 2271177557807564
2271176917430428 2271176921339886 2271177559474782 2271178204221136 2271177558037276 2271177562080350 2271178205858114 2271178843360616
2271178204457708 2271178208532856 2271178845064150 2271179476589534 2271178843599106 2271178847555338 2271179478216894 2271180128232638
2271179476770036 2271179480805676 2271180129845774 2271180772339724 2271180128463526 2271180132344438 2271180774031568 2271181412046092
2271180772573650 2271180776642442 2271181413720506 2271182046444612 2271181412262574 2271181416429184 2271182080432636 2271182730176584

2271168420404044 2271168422758074 2271168427421880 2271169070142294 2271168422784338 2271168425045030 2271169071154158 2271169716897606
2271169070411626 2271169073658954 2271169720805958 2271170349784070 2271169717134934 2271169719642754 2271170351787512 2271170994828400
2271170350020222 2271170354342638 2271170996675322 2271171638471120 2271170995062102 2271170999293014 2271171640238620 2271172278428928
2271171638705102 2271171642838476 2271172280131244 2271172909761308 2271172278665164 2271172282773226 2271172911442330 2271173548886774
2271172909995458 2271172914069234 2271173550775290 2271174187669184 2271173549120770 2271173553451110 2271174191652002 2271174826263966
2271174187901584 2271174190493586 2271174829542976 2271175466131796 2271174826499194 2271174828537020 2271175468286046 2271176121115706
2271175466366926 2271175470916786 2271176123145174 2271176764210690 2271176121351606 2271176126262456 2271176766028338 2271177396789028
2271176764437392 2271176768784994 2271177398538356 2271178041659926 2271177397017228 2271177401224060 2271178045640434 2271178689015656
2271178041888406 2271178044473436 2271178691072158 2271179323485898 2271178689248070 2271178694248870 2271179325086770 2271179981461986

2271168373029584 2271168375312662 2271168380094614 2271169020489866 2271168375338716 2271168377717540 2271169021514120 2271169660004854
2271169020753906 2271169024030844 2271169661933228 2271170300892640 2271169660230744 2271169664541358 2271170302541448 2271170943391616
2271170301121260 2271170305142256 2271170945082830 2271171584943352 2271170943622728 2271170947697120 2271171586649826 2271172221563322
2271171585172658 2271171589231986 2271172223277230 2271172858112186 2271172221787938 2271172225874692 2271172859685086 2271173497063996
2271172858273914 2271172862258468 2271173500695918 2271174134406772 2271173497293414 2271173499791322 2271174136386092 2271174768303406
2271174134712840 2271174138979564 2271174770025616 2271175398861208 2271174768533062 2271174772589128 2271175400607470 2271176046461154
2271175399085278 2271175403250250 2271176050028802 2271176679550870 2271176046690460 2271176049178372 2271176681430482 2271177329053430
2271176679777474 2271176683974212 2271177330621780 2271177967904902 2271177329219008 2271177333240466 2271177969541474 2271178609026460
2271177968131394 2271177972155036 2271178610743476 2271179238645618 2271178609254730 2271178613414158 2271179240215732 2271179890018074

2271174518776352 2271174521068740 2271174538040352 2271175179450240 2271174521095816 2271174523460878 2271175180408792 2271175822424404
2271175179704340 2271175182898776 2271175824519448 2271176461483650 2271175822649426 2271175827087986 2271176465410482 2271177118186816
2271176461715560 2271176464316032 2271177120191084 2271177758218544 2271177118410858 2271177122822412 2271177760134122 2271178403697966
2271177758453128 2271177762863226 2271178405577900 2271179039848922 2271178403928112 2271178408327066 2271179043851368 2271179683216976
2271179040077332 2271179042753474 2271179685253570 2271180321169088 2271179683451378 2271179687829150 2271180322871894 2271180969385622
2271180321394572 2271180325587558 2271180973369672 2271181621449636 2271180969609510 2271180972190396 2271181623410322 2271182274597362
2271181621621024 2271181626091602 2271182276455344 2271182915813392 2271182274824470 2271182279191798 2271182919289228 2271183568110758
2271182915982680 2271182918181142 2271183570198242 2271184215120912 2271183568389820 2271183572924980 2271184216955948 2271184874005404
2271184215343022 2271184219760624 2271184877669680 2271185515405324 2271184874128212 2271184876678578 2271185516911598 2271186147558874

2271285514131116 2271285516636318 2271285527267974 2271286165830528 2271285516663618 2271285519030850 2271286166847040 2271286806618900
2271286166102170 2271286169359200 2271286808683872 2271287444825672 2271286806857376 2271286811159730 2271287446539398 2271288092309152
2271287445063462 2271287449135530 2271288094098114 2271288731387648 2271288092543330 2271288096703094 2271288732937588 2271289376245106
2271288731623940 2271288735528428 2271289377775754 2271290004224290 2271289376478374 2271289380398878 2271290005799094 2271290636947598
2271290004490346 2271290008323616 2271290638518328 2271291270237934 2271290637219324 2271290641059748 2271291271820830 2271291908545324
2271291270478832 2271291274444108 2271291910079878 2271292549725794 2271291908777374 2271291912710170 2271292551316866 2271293192865354
2271292549958362 2271292553948866 2271293194278766 2271293824824780 2271293192969542 2271293196733344 2271293826388958 2271294480522662
2271293825052840 2271293829017822 2271294481990240 2271295128386326 2271294480624428 2271294484431042 2271295129948894 2271295767166258
2271295128611656 2271295132569834 2271295770749558 2271296402356674 2271295767389712 2271295769897840 2271296404138244 2271297058742628

2271169705508396 2271169707986732 2271169722276448 2271170362771408 2271169708013080 2271169710246864 2271170363775768 2271171005972190
2271170363042532 2271170366356822 2271171008018486 2271171649612040 2271171006201762 2271171010658592 2271171651646982 2271172295427238
2271171649839428 2271171654347932 2271172297226798 2271172935641022 2271172295658952 2271172299902128 2271172937329520 2271173581734540
2271172935870580 2271172939962444 2271173583554092 2271174213975352 2271173581968004 2271173586224858 2271174215839326 2271174848119114
2271174214205316 2271174218578706 2271174851892408 2271175475588866 2271174848341574 2271174850865060 2271175477626174 2271176113643598
2271175475816380 2271175480280042 2271176115420870 2271176756388988 2271176113876670 2271176118127686 2271176758224682 2271177410508552
2271176756621080 2271176760902770 2271177414415308 2271178061502518 2271177410747070 2271177413309434 2271178063450268 2271178703364326
2271178061734092 2271178066050726 2271178705150530 2271179341227412 2271178703599386 2271178707886116 2271179345110942 2271179994179852
2271179341459616 2271179344005110 2271179997467654 2271180643040358 2271179994417432 2271179996479422 2271180645061636 2271181286945410

2271167016415346 2271167018857156 2271167039493254 2271167674255914 2271167018883924 2271167020902122 2271167676834070 2271168307279228
2271167674522362 2271167676504986 2271168310910016 2271168937131976 2271168307538522 2271168310001360 2271168938874892 2271169573451170
2271168937367176 2271168941443878 2271169575281782 2271170207074118 2271169573809388 2271169577747518 2271170208684664 2271170842721508
2271170207309710 2271170211210964 2271170846409668 2271171472817590 2271170842955196 2271170845398434 2271171474786886 2271172112112540
2271171473058488 2271171477286250 2271172115757762 2271172738219210 2271172112346438 2271172114834420 2271172739974586 2271173368390178
2271172738456888 2271172742501320 2271173369909990 2271174003928242 2271173368628668 2271173372509048 2271174007425078 2271174636450874
2271174004163554 2271174006651494 2271174639477856 2271175262574778 2271174636688062 2271174638699736 2271175264670550 2271175903697442
2271175262807346 2271175267112864 2271175907294070 2271176541052160 2271175903934350 2271175906455120 2271176577946262 2271177203622320
2271176541286996 2271176544870968 2271177268198594 2271177897708986 2271177203858402 2271177206831204 2271177952442504 2271178595570696

2271167698897664 2271167701266716 2271167709267744 2271168345303494 2271167701291972 2271167703584430 2271168346379030 2271168983133512
2271168345571566 2271168348958838 2271168984611828 2271169613825770 2271168983363826 2271168987127082 2271169615333150 2271170245602762
2271169614063826 2271169617907918 2271170247156286 2271170881201922 2271170245834364 2271170249669580 2271170884628030 2271171518064624
2271170881433300 2271170883915094 2271171519793568 2271172143815904 2271171518296968 2271171522346804 2271172145381762 2271172777020980
2271172144044286 2271172147856934 2271172778590674 2271173414717298 2271172777257006 2271172781155992 2271173416289176 2271174063680074
2271173414948242 2271173418800412 2271174065592740 2271174707608996 2271174063914490 2271174068207058 2271174709296892 2271175354776636
2271174707843132 2271174711953966 2271175358433954 2271175989235902 2271175355009764 2271175357489682 2271175991113722 2271176634583864
2271175989463528 2271175993854614 2271176636292396 2271177275975524 2271176634816824 2271176638988670 2271177277699652 2271177917568812
2271177276250386 2271177280401610 2271177919290112 2271178555482144 2271177917803326 2271177921917366 2271178557046238 2271179208667110

2271172304701762 2271172307258918 2271172311764888 2271172950864664 2271172307286652 2271172309600684 2271172951938366 2271173592575216
2271172951166840 2271172954434104 2271173594392654 2271174228978466 2271173592813804 2271173597040698 2271174230753610 2271174874751146
2271174229208136 2271174233428394 2271174876483142 2271175512470942 2271174874977078 2271174879143576 2271175514144152 2271176148854886
2271175512697196 2271175516837108 2271176152489272 2271176787142382 2271176149078256 2271176151517868 2271176789133112 2271177420618036
2271176787371870 2271176791817290 2271177422348366 2271178052802190 2271177420846306 2271177425028722 2271178054577852 2271178699781852
2271178053093264 2271178057203776 2271178701674176 2271179331265194 2271178700006076 2271178704383414 2271179332982098 2271179979217590
2271179331490678 2271179335665828 2271179980939170 2271180611522032 2271179979443382 2271179983624496 2271180613210950 2271181258155474
2271180611753592 2271180615798444 2271181261895826 2271181898634446 2271181258378802 2271181260915714 2271181900683696 2271182534550846
2271181898876758 2271181903334246 2271182538401126 2271183176973200 2271182534778080 2271182537374716 2271183203278164 2271183839436260
