16 792
2270871589443478 2270871595878648 2270871603441448 2270871655779146 2270871595878676 2270871599130302 2270871657666164 2270871709428896
2270871655779174 2270871657318558 2270871725375736 2270871777515040 2270871709431248 2270871712404176 2270871787868810 2270871838791780
2270871777516328 2270871779727082 2270871848805070 2270871900417428 2270871838793082 2270871841939218 2270871907990490 2270871959177850
2270871900417456 2270871902009830 2270871971950358 2270872023794150 2270871959179236 2270871961856232 2270872026327548 2270872077888596
2270872023795424 2270872025627604 2270872091829908 2270872142917728 2270872077890276 2270872080062278 2270872145556392 2270872196788776
2270872142917756 2270872144851730 2270872211153588 2270872264170902 2270872196791170 2270872198751212 2270872270880290 2270872323838818
2270872264170930 2270872265805444 2270872330670832 2270872384595038 2270872323841170 2270872325721384 2270872394121380 2270872447376358
2270872384595066 2270872387292362 2270872450103376 2270872502913700 2270872447377898 2270872449601406 2270872516522484 2270872570071700
2270872502913728 2270872506193354 2270872575888420 2270872628209556 2270872570073128 2270872571740136 2270872637647558 2270872689210706

2270871223051144 2270871230494328 2270871237722108 2270871296165262 2270871230494370 2270871234885862 2270871299440184 2270871357119526
2270871296165304 2270871298902528 2270871362254768 2270871419820654 2270871357121794 2270871360562854 2270871423132676 2270871480398556
2270871419820696 2270871421619290 2270871484299390 2270871541424794 2270871480400040 2270871482350142 2270871544710300 2270871602219934
2270871541424822 2270871543244878 2270871605354870 2270871663063766 2270871602221586 2270871604706166 2270871666492380 2270871723626380
2270871663063794 2270871665121206 2270871726846702 2270871783851776 2270871723627906 2270871725571554 2270871787345070 2270871844206714
2270871783851818 2270871786086582 2270871846686688 2270871903930616 2270871844208338 2270871845851182 2270871907260544 2270871964024006
2270871903930644 2270871906099244 2270871966728372 2270872023758688 2270871964025518 2270871965947956 2270872027097632 2270872084501356
2270872023758716 2270872025743230 2270872087427510 2270872144749754 2270872084503050 2270872086198170 2270872148267786 2270872205846482
2270872144749796 2270872147053426 2270872208625832 2270872266818442 2270872205848932 2270872207565794 2270872268806680 2270872326378026

2270876707841742 2270876715148916 2270876721780058 2270876773565036 2270876715148944 2270876718960864 2270876777564906 2270876829425652
2270876773565064 2270876775186712 2270876845616904 2270876897316874 2270876829426254 2270876833041642 2270876907285896 2270876958563052
2270876897316916 2270876899758222 2270876968399368 2270877020204926 2270876958564578 2270876960873416 2270877029921416 2270877081254502
2270877020204954 2270877022415932 2270877088424014 2270877140062356 2270877081256532 2270877083368530 2270877150630564 2270877202160406
2270877140063252 2270877141691228 2270877210972426 2270877262456096 2270877202161946 2270877204268274 2270877270953088 2270877322150486
2270877262456978 2270877264358976 2270877329262556 2270877380807434 2270877322150920 2270877323819370 2270877389476710 2270877440973330
2270877380807462 2270877382368672 2270877448933814 2270877501170068 2270877440974422 2270877442748698 2270877503338878 2270877555524984
2270877501170096 2270877502827444 2270877571383106 2270877624725598 2270877555526608 2270877557168794 2270877632973460 2270877684850502
2270877624725626 2270877626371984 2270877694621872 2270877746348064 2270877684851104 2270877686408240 2270877747893272 2270877798671006

2270972976554380 2270972983241942 2270972992804614 2270973051204592 2270972983241970 2270972987256162 2270973053766018 2270973111437674
2270973051205796 2270973053467454 2270973115478368 2270973173104342 2270973111439284 2270973114232956 2270973176343900 2270973234390476
2270973173104370 2270973174860208 2270973238653126 2270973296583964 2270973234392324 2270973237693062 2270973299432852 2270973356931832
2270973296584006 2270973298684314 2270973359634210 2270973417433742 2270973356933344 2270973358845674 2270973420267524 2270973478111114
2270973417435086 2270973419508458 2270973480730598 2270973537924364 2270973478113718 2270973479940312 2270973540501050 2270973597696650
2270973537924392 2270973539720158 2270973600299880 2270973657303400 2270973597699198 2270973599595652 2270973660177390 2270973717278560
2270973657304646 2270973659477110 2270973720057812 2270973778277232 2270973717281164 2270973719271530 2270973781201566 2270973839265922
2270973778278646 2270973780270174 2270973842384856 2270973900995954 2270973839267560 2270973841411898 2270973904529204 2270973962758634
2270973900995996 2270973903330874 2270973965559824 2270974023064754 2270973962761154 2270973964646436 2270974025512752 2270974082867126

2270873192387464 2270873201885274 2270873208717204 2270873260537868 2270873201885302 2270873206055510 2270873263514422 2270873315073958
2270873260537896 2270873262758576 2270873320573466 2270873372745096 2270873315075442 2270873318546588 2270873374989044 2270873425789472
2270873372745138 2270873374609014 2270873443500928 2270873495086350 2270873425791068 2270873428479376 2270873506221586 2270873557207640
2270873495086392 2270873496631880 2270873566139108 2270873617239584 2270873557209936 2270873559321374 2270873621731596 2270873673061756
2270873617239612 2270873619488390 2270873681510714 2270873733339260 2270873673062512 2270873675994462 2270873735375182 2270873787437850
2270873733339288 2270873734878560 2270873790252998 2270873841582556 2270873787440748 2270873789626036 2270873844004710 2270873895425660
2270873841583816 2270873843132692 2270873911958050 2270873964061822 2270873895427494 2270873897075742 2270873990834344 2270874042943002
2270873964063082 2270873965640168 2270874046263858 2270874099045706 2270874042945718 2270874045572272 2270874107547010 2270874160085888
2270874099045748 2270874102782712 2270874162295396 2270874215709652 2270874160088604 2270874161680852 2270874217828748 2270874270799582

2270875220940914 2270875228471668 2270875236301770 2270875288099306 2270875228471696 2270875231723910 2270875290552344 2270875342101170
2270875288099334 2270875289871202 2270875355812672 2270875407967838 2270875342103676 2270875343770334 2270875418800534 2270875469994768
2270875407969028 2270875410517420 2270875480315456 2270875534423062 2270875469997218 2270875473582744 2270875541828166 2270875593175434
2270875534423090 2270875536900768 2270875597735220 2270875650092042 2270875593177800 2270875596581578 2270875655195504 2270875706496320
2270875650092070 2270875651723952 2270875721966306 2270875774700232 2270875706497846 2270875709174408 2270875777216788 2270875828438588
2270875774700274 2270875776388744 2270875837078366 2270875889146158 2270875828439904 2270875831236810 2270875904248518 2270875956340572
2270875889146186 2270875890791312 2270875960572562 2270876012706210 2270875956341678 2270875960193148 2270876016179134 2270876068530440
2270876012706238 2270876014972796 2270876071483026 2270876123865664 2270876068531994 2270876070245958 2270876126839362 2270876179275368
2270876123865692 2270876126091468 2270876182003436 2270876234957064 2270876179277734 2270876180871368 2270876237022316 2270876288074254

2270869327499332 2270869335426748 2270869342409192 2270869394374476 2270869335426776 2270869339789260 2270869397202168 2270869448774136
2270869394374504 2270869396357002 2270869453687366 2270869505840950 2270869448774780 2270869451699800 2270869508735212 2270869560503488
2270869505840978 2270869507409720 2270869581291626 2270869632709720 2270869560505014 2270869563794566 2270869635051010 2270869686328404
2270869632709762 2270869634930428 2270869703096638 2270869755521122 2270869686331092 2270869689592350 2270869759247306 2270869810444606
2270869755522284 2270869757539796 2270869823221846 2270869874796782 2270869810446258 2270869812854608 2270869884105606 2270869935728044
2270869874796824 2270869876971038 2270869937735280 2270869989255084 2270869935730648 2270869937295414 2270870002434908 2270870053793236
2270869989256246 2270869992661480 2270870055627110 2270870107522632 2270870053794762 2270870055349238 2270870110188470 2270870161846384
2270870107523850 2270870109577160 2270870164546494 2270870217924070 2270870161847826 2270870163490782 2270870230539652 2270870282666776
2270870217925288 2270870219546460 2270870285268144 2270870338314242 2270870282668358 2270870284331838 2270870340279940 2270870391659940

2270869257693694 2270869265238952 2270869272589386 2270869323574614 2270869265238980 2270869268401244 2270869325588080 2270869379293914
2270869323574642 2270869325186084 2270869394915968 2270869448134994 2270869379294586 2270869382200566 2270869450695846 2270869502459544
2270869448136324 2270869450150658 2270869507317530 2270869559419300 2270869502462302 2270869506088834 2270869562742494 2270869614222034
2270869559419328 2270869561107854 2270869618010602 2270869670185592 2270869614224512 2270869617458260 2270869700007566 2270869751926622
2270869670185620 2270869672369284 2270869756268736 2270869808481540 2270869751929240 2270869755454104 2270869820083928 2270869872193272
2270869808482772 2270869810960940 2270869879045838 2270869930509474 2270869872193860 2270869873810202 2270869938962058 2270869990770164
2270869930509502 2270869933661364 2270869998982396 2270870050983338 2270869990771830 2270869992875428 2270870053657772 2270870107442692
2270870050983366 2270870052654350 2270870110854016 2270870163948218 2270870107444134 2270870109837616 2270870184722272 2270870237011138
2270870163948246 2270870165687228 2270870239934394 2270870293792324 2270870237012678 2270870239513932 2270870305103330 2270870357469014

2270866489267194 2270866496789590 2270866504196094 2270866556437598 2270866496789618 2270866502269162 2270866559177902 2270866610859882
2270866556437626 2270866558406656 2270866615856916 2270866668530096 2270866610862220 2270866613000986 2270866671165134 2270866723094312
2270866668530124 2270866670657662 2270866727562314 2270866781431136 2270866723094956 2270866725351658 2270866783537898 2270866835580448
2270866781431164 2270866782986662 2270866856667570 2270866908020102 2270866835581106 2270866838018268 2270866918135956 2270866970210440
2270866908020130 2270866909772454 2270866977691928 2270867030425280 2270866970211952 2270866972646650 2270867033208550 2270867084564428
2270867030425308 2270867032550522 2270867100329548 2270867152765988 2270867084565086 2270867087169128 2270867157058374 2270867208081724
2270867152766030 2270867155014878 2270867213462750 2270867265176860 2270867208082354 2270867212146512 2270867267775526 2270867319878584
2270867265178190 2270867267231570 2270867336491348 2270867388399512 2270867319879312 2270867321450392 2270867400238668 2270867452278348
2270867388399554 2270867391019962 2270867455655526 2270867508239610 2270867452280910 2270867454229542 2270867514112750 2270867566666482

2270866441827788 2270866449748190 2270866456763408 2270866508504594 2270866449748218 2270866454630438 2270866511582466 2270866563691852
2270866508504622 2270866510446282 2270866567772586 2270866619244244 2270866563693406 2270866566010280 2270866621472750 2270866673011650
2270866619244286 2270866620797558 2270866692078544 2270866743926858 2270866673013106 2270866674690208 2270866756492894 2270866808569296
2270866743927978 2270866746318156 2270866817887822 2270866869528992 2270866808570836 2270866811586086 2270866876715878 2270866928558956
2270866869530112 2270866871884240 2270866933152174 2270866984689814 2270866928559432 2270866931921196 2270866999353274 2270867052368124
2270866984689856 2270866987352530 2270867055766890 2270867107406548 2270867052370532 2270867055304596 2270867111709196 2270867163212914
2270867107407668 2270867110408176 2270867178764268 2270867230210460 2270867163213334 2270867165733950 2270867236296960 2270867288307758
2270867230210488 2270867232751208 2270867292193794 2270867344538548 2270867288308374 2270867291123592 2270867348038268 2270867400358760
2270867344538576 2270867346945092 2270867403128478 2270867455598798 2270867400360328 2270867402260758 2270867462696784 2270867515528766

2270872600643206 2270872609073824 2270872616016662 2270872668709848 2270872609073852 2270872613913274 2270872671837756 2270872723951580
2270872668709876 2270872670712086 2270872727993660 2270872779581924 2270872723953134 2270872726360798 2270872782701082 2270872835209650
2270872779581952 2270872781172198 2270872839789932 2270872892005508 2270872835210280 2270872838180478 2270872894109316 2270872945128774
2270872892005536 2270872893602320 2270872968085526 2270873020027626 2270872945130300 2270872947491708 2270873028987598 2270873080084406
2270873020027654 2270873021622520 2270873087848624 2270873139270540 2270873080085246 2270873082265970 2270873144938706 2270873196491172
2270873139270568 2270873141272106 2270873199306110 2270873251059756 2270873196492110 2270873198784400 2270873267310494 2270873319612324
2270873251061142 2270873252963756 2270873322675566 2270873375297870 2270873319613934 2270873322429950 2270873389644146 2270873442143950
2270873375297898 2270873378097534 2270873448759146 2270873501035608 2270873442144622 2270873444371378 2270873504162718 2270873555772836
2270873501035650 2270873503279934 2270873559964478 2270873611935460 2270873555774530 2270873557628760 2270873616060868 2270873669670746

2270983590480346 2270983598323076 2270983606608948 2270983658249292 2270983598323104 2270983602796776 2270983661131864 2270983712980654
2270983658249334 2270983660251152 2270983717747024 2270983769835970 2270983712982936 2270983715870058 2270983772844836 2270983824128320
2270983769835998 2270983771350994 2270983836285486 2270983888739048 2270983824128866 2270983827275492 2270983891045072 2270983943235924
2270983888740224 2270983890491428 2270983948854124 2270983999837028 2270983943238444 2270983946440160 2270984003796676 2270984055256938
2270983999837056 2270984001774082 2270984086502404 2270984138240286 2270984055258338 2270984057571488 2270984140707408 2270984192059870
2270984138241476 2270984140073530 2270984195928994 2270984248420048 2270984192062432 2270984194687978 2270984264510906 2270984317371574
2270984248421224 2270984250995978 2270984319548784 2270984372395956 2270984317373940 2270984319115876 2270984375687692 2270984427268732
2270984372395984 2270984375143554 2270984430305374 2270984482315080 2270984427270034 2270984428897058 2270984491930644 2270984544638544
2270984482315108 2270984483974570 2270984553690174 2270984605812384 2270984544641036 2270984546107690 2270984607259214 2270984659392232

2270867785652788 2270867792851546 2270867802212590 2270867853873990 2270867792851574 2270867796948940 2270867857010662 2270867908554280
2270867853874018 2270867855817372 2270867913093808 2270867966005674 2270867908555834 2270867911196738 2270867968403706 2270868022097318
2270867966005702 2270867967908778 2270868036498740 2270868088962886 2270868022099306 2270868024878684 2270868097471974 2270868149259892
2270868088962914 2270868090771280 2270868156323690 2270868207303374 2270868149262440 2270868151850746 2270868220206460 2270868272014398
2270868207304522 2270868209239658 2270868274588424 2270868325995808 2270868272016750 2270868274096128 2270868340852118 2270868391901662
2270868325995836 2270868328555694 2270868399754570 2270868452399008 2270868391904098 2270868393881584 2270868456672340 2270868508421968
2270868452399036 2270868455010092 2270868521589220 2270868573941366 2270868508422570 2270868511492420 2270868582767162 2270868634078310
2270868573941394 2270868575880016 2270868643831172 2270868696201700 2270868634080802 2270868635748314 2270868699782074 2270868751700752
2270868696201742 2270868697990298 2270868753959988 2270868806250674 2270868751703020 2270868753579314 2270868808656070 2270868860461964

2270865102872072 2270865109764482 2270865116816800 2270865168038516 2270865109764510 2270865114134134 2270865170425684 2270865222430728
2270865168038558 2270865169552028 2270865241384082 2270865292802680 2270865222432954 2270865225066326 2270865294640418 2270865346048572
2270865292802708 2270865294497366 2270865363958618 2270865416229676 2270865346050924 2270865348457496 2270865418611230 2270865470307644
2270865416229718 2270865418418618 2270865482742080 2270865534028406 2270865470308358 2270865473471812 2270865543886604 2270865594338404
2270865534028434 2270865536078076 2270865605447012 2270865656395686 2270865594339132 2270865596152916 2270865664131988 2270865715109894
2270865656395714 2270865659302226 2270865718702756 2270865770551630 2270865715111364 2270865716733404 2270865784397952 2270865836614466
2270865770551658 2270865773825936 2270865840444040 2270865892019452 2270865836616076 2270865838742578 2270865898745234 2270865952195792
2270865892019480 2270865895150328 2270865954866278 2270866006531500 2270865952197794 2270865954105084 2270866009523426 2270866060851304
2270866006531542 2270866008623086 2270866063166596 2270866114881784 2270866060853600 2270866062409434 2270866117784306 2270866169516504

2270865780149442 2270865788116842 2270865796264884 2270865848064842 2270865788116870 2270865792555360 2270865850862784 2270865903233998
2270865848066214 2270865849991718 2270865907369836 2270865959511898 2270865903235636 2270865905649138 2270865961997738 2270866013435824
2270865959513060 2270865961373912 2270866031626052 2270866084042150 2270866013436482 2270866015000198 2270866085881190 2270866138819348
2270866084043396 2270866085756716 2270866148138042 2270866200225126 2270866138821014 2270866141460672 2270866212294204 2270866263662990
2270866200225154 2270866202476886 2270866265821426 2270866318003094 2270866263664026 2270866265536414 2270866321323908 2270866373586272
2270866318004242 2270866320089052 2270866376944340 2270866428991076 2270866373587658 2270866375312192 2270866448258744 2270866501941800
2270866428991104 2270866430772002 2270866504565330 2270866556835506 2270866501944194 2270866503829686 2270866570410130 2270866622340442
2270866556836612 2270866558981356 2270866624972344 2270866677140110 2270866622342752 2270866624025342 2270866679284644 2270866732847160
2270866677140138 2270866678759392 2270866735208792 2270866787707462 2270866732848742 2270866734458686 2270866789544864 2270866842173580

2270870380362752 2270870391885942 2270870398274016 2270870449595496 2270870391885970 2270870396112458 2270870452547606 2270870503517238
2270870449595818 2270870451287438 2270870517340306 2270870569234274 2270870503518820 2270870506441712 2270870571701620 2270870622391140
2270870569235380 2270870571363058 2270870626175130 2270870677764752 2270870622393758 2270870624567692 2270870679671426 2270870730783942
2270870677765858 2270870679363356 2270870744675988 2270870795633048 2270870730785594 2270870732353776 2270870803072284 2270870854245868
2270870795633076 2270870797200670 2270870856921016 2270870907952822 2270870854247464 2270870856533916 2270870921442550 2270870972716122
2270870907952850 2270870909529488 2270871001958594 2270871054994584 2270870972716948 2270870974206674 2270871061489618 2270871113700378
2270871054994612 2270871056658820 2270871122162650 2270871174579350 2270871113702716 2270871115263254 2270871178361212 2270871229841816
2270871174579378 2270871177600522 2270871232999740 2270871284032862 2270871229843370 2270871231926052 2270871305667244 2270871356907944
2270871284032890 2270871285619888 2270871366846866 2270871418119738 2270871356908560 2270871359178520 2270871428184590 2270871479850722
