16 9814
2271696122606540 2271696169728132 2271696304294718 2271696965241144 2271696169761396 2271696231925288 2271697084075468 2271697738281146
2271696965506206 2271696992135998 2271697838875122 2271698498588568 2271697738637460 2271697771877856 2271698526358282 2271699178826672
2271698498818672 2271698596521578 2271699200351126 2271699864467362 2271699179055586 2271699265727038 2271699886537634 2271700546031112
2271699864693518 2271699950751168 2271700567499230 2271701238255876 2271700546254762 2271700627550662 2271701261281130 2271701910144912
2271701238483572 2271701321827546 2271701929464128 2271702594862106 2271701910371362 2271701985993566 2271702617772168 2271703270548936
2271702595093078 2271702673819376 2271703291971610 2271703954913890 2271703270775792 2271703348642546 2271703978172342 2271704638416150
2271703955142076 2271704027449906 2271704660622586 2271705319376920 2271704638569646 2271704711493420 2271705340040766 2271706000335086
2271705319605414 2271705390620204 2271706021832968 2271706680246010 2271706000559800 2271706074519280 2271706750575486 2271707387509238
2271706680474910 2271706735919950 2271707504940762 2271708140880388 2271707387735478 2271707431620074 2271708161274412 2271708808251372

2271695739962404 2271695795940200 2271695951315196 2271696617405670 2271695795971000 2271695891090430 2271696646646770 2271697330185962
2271696617610042 2271696715241114 2271697354570336 2271698053800742 2271697330369124 2271697420725138 2271698076901708 2271698775060890
2271698053900758 2271698144069158 2271698798826632 2271699497278638 2271698775225656 2271698864803060 2271699625821122 2271700333000714
2271699497454520 2271699563204008 2271700365993352 2271701063388302 2271700333182504 2271700439136268 2271701086864790 2271701783548484
2271701063564492 2271701156611278 2271701806583062 2271702502053404 2271701783646946 2271701875027522 2271702524057330 2271703215226060
2271702502232422 2271702592658744 2271703238192584 2271703930492080 2271703215319020 2271703310593766 2271703954286592 2271704648337194
2271703930661382 2271704024042404 2271704671260738 2271705363736550 2271704648506594 2271704740231654 2271705388742300 2271706089126838
2271705363908960 2271705457521318 2271706114555794 2271706811521966 2271706089293550 2271706184895784 2271706835691692 2271707534654446
2271706811675280 2271706904601148 2271707558601824 2271708258589266 2271707534829782 2271707627132048 2271708282821866 2271708979265488

2271701235126330 2271701281653720 2271701410877514 2271702066916786 2271701281686214 2271701348063112 2271702088785094 2271702747663216
2271702067172440 2271702149087728 2271702769516628 2271703402340232 2271702747890814 2271702837099486 2271703427045682 2271704082406332
2271703402596656 2271703480683966 2271704106994966 2271704760162194 2271704082698988 2271704160599272 2271704784873888 2271705441223330
2271704760384080 2271704839749380 2271705514202110 2271706168209394 2271705441454078 2271705498598144 2271706195050012 2271706849668592
2271706168437370 2271706255632856 2271706873630726 2271707523708350 2271706849827814 2271706932572196 2271707564653044 2271708222064344
2271707523942206 2271707560659894 2271708247577930 2271708905009698 2271708222290192 2271708308933336 2271708969001528 2271709620462968
2271708905238360 2271708954185832 2271709720665308 2271710367142118 2271709620692176 2271709680967482 2271710396826038 2271711060647154
2271710367371872 2271710451196690 2271711082008186 2271711737616720 2271711060942638 2271711135977332 2271711876401114 2271712528894522
2271711737844724 2271711795105452 2271712747488142 2271713395008148 2271712529116912 2271712571497754 2271713421557328 2271714069558514

2271797498134332 2271797542179340 2271797655821876 2271798315030202 2271797542214578 2271797607967076 2271798336326120 2271798996312146
2271798315243240 2271798392183124 2271799018874224 2271799708686774 2271798996419932 2271799059540388 2271799729951430 2271800416342198
2271799708866982 2271799786759286 2271800439865096 2271801135364782 2271800416579750 2271800501463066 2271801159036192 2271801854501900
2271801135544864 2271801219204034 2271801878161452 2271802575729442 2271801854574196 2271801936436354 2271802598537934 2271803293156040
2271802575970732 2271802655129840 2271803317052262 2271804013978772 2271803293332706 2271803374765428 2271804036498052 2271804730528648
2271804014150048 2271804095341760 2271804752471926 2271805445697368 2271804730628804 2271804812899538 2271805565111124 2271806269456122
2271805445795158 2271805509143982 2271806284343120 2271806980395190 2271806269631906 2271806348176820 2271807052401684 2271807749849358
2271806980555868 2271807051510080 2271807777536010 2271808476126672 2271807750009112 2271807839504700 2271808497191240 2271809177714846
2271808476300468 2271808555952012 2271809472180836 2271810166268034 2271809177870092 2271809236070080 2271810173963120 2271810850265754

2271697719010692 2271697775359684 2271697905390522 2271698572031588 2271697775386928 2271697844303678 2271698597501018 2271699259769310
2271698572236338 2271698665329814 2271699281886944 2271699925509406 2271699260014296 2271699337917142 2271699948616112 2271700611781090
2271699925746426 2271700004452368 2271700632638626 2271701298432566 2271700612019160 2271700688168590 2271701321804586 2271701979020460
2271701298701478 2271701382151684 2271701999947128 2271702640934020 2271701979259006 2271702055272132 2271702662462632 2271703298064228
2271702641174792 2271702718220376 2271703319900070 2271703980714574 2271703298300226 2271703371357532 2271704002947246 2271704649788154
2271703980954380 2271704055257588 2271704705819360 2271705364753118 2271704650027932 2271704689989868 2271705396241666 2271706059667646
2271705364990558 2271705453649170 2271706081430828 2271706750611648 2271706059909860 2271706131693810 2271706773083188 2271707430966778
2271706750848010 2271706811872694 2271707452134386 2271708106079468 2271707431203168 2271707505496842 2271708129547262 2271708789688590
2271708106386320 2271708182931278 2271708812830114 2271709470310392 2271708789924000 2271708863814180 2271709494212620 2271710148571976

2271699752434322 2271699800320664 2271699913332920 2271700561435158 2271699800348748 2271699864640402 2271700586364748 2271701244963738
2271700561699324 2271700642430884 2271701267446338 2271701920795202 2271701245186478 2271701308139270 2271701942231176 2271702571511086
2271701921028540 2271701992388780 2271702593264888 2271703242890102 2271702571820038 2271702645140362 2271703265338360 2271703928577020
2271703243055834 2271703316095850 2271703994293594 2271704645523306 2271703928809280 2271703973152782 2271704674226792 2271705326912378
2271704645763798 2271704734304446 2271705348954790 2271706007098122 2271705327147830 2271705404735676 2271706069586450 2271706716330856
2271706007330438 2271706061896362 2271706742552156 2271707393996474 2271706716563970 2271706804205594 2271707414527446 2271708070122876
2271707394231576 2271707467908774 2271708227605656 2271708872146266 2271708070350320 2271708124060130 2271708892383896 2271709521444776
2271708872388172 2271708944967938 2271709608157458 2271710251170920 2271709521615632 2271709602009470 2271710389061932 2271711036627508
2271710251329918 2271710312127410 2271711083396258 2271711718735690 2271711036801010 2271711079039766 2271711787388176 2271712433400606

2271693854209304 2271693904681894 2271694056434194 2271694707574950 2271693904711266 2271693968843334 2271694733250236 2271695359750950
2271694707785020 2271694797988630 2271695382116790 2271696009219714 2271695359982888 2271695436354260 2271696033507026 2271696683176172
2271696009452940 2271696074525710 2271696706791820 2271697358613172 2271696683410266 2271696748679456 2271697382611496 2271698029727700
2271697358838530 2271697423012458 2271698052495578 2271698703769376 2271698029964118 2271698105403720 2271698727882262 2271699375015462
2271698703999564 2271698767698304 2271699430197624 2271700070971730 2271699375238426 2271699415220774 2271700103285662 2271700756815308
2271700071210962 2271700143224498 2271700811093924 2271701452404412 2271700757044838 2271700795593180 2271701479055260 2271702119661954
2271701452640424 2271701519615598 2271702173481034 2271702813989084 2271702119903678 2271702158424006 2271702840103354 2271703485031050
2271702814229310 2271702881203392 2271703537284524 2271704182700400 2271703485269386 2271703522703370 2271704207812746 2271704856830752
2271704182929398 2271704248057356 2271704910735134 2271705557226994 2271704857007418 2271704895991146 2271705583268058 2271706232351388

2271693786235342 2271693834076394 2271693949183344 2271694604281396 2271693834105738 2271693898064878 2271694667283412 2271695321739102
2271694604551008 2271694630476110 2271695343859410 2271695975770620 2271695321973028 2271695407745190 2271695999216126 2271696655261124
2271695976000024 2271696053992610 2271696677574632 2271697327506712 2271696655492530 2271696731938228 2271697351289142 2271698015727210
2271697327739672 2271697402200002 2271698035758004 2271698691408874 2271698015963544 2271698087327998 2271698749343254 2271699400543300
2271698691643262 2271698751367276 2271699428440540 2271700082616818 2271699400778094 2271699486786618 2271700105739470 2271700755656318
2271700082853754 2271700162781462 2271700779095118 2271701449448214 2271700755893422 2271700833497256 2271701470524234 2271702125605178
2271701449615010 2271701525231194 2271702147851556 2271702804568050 2271702125773472 2271702200514334 2271702826459206 2271703480925130
2271702804801234 2271702877465756 2271703502725146 2271704148391916 2271703481223302 2271703554879514 2271704203807962 2271704834854630
2271704148622244 2271704198770650 2271705061382022 2271705709181594 2271704834972146 2271704889277740 2271705730375200 2271706370557190

2271691025511726 2271691072593474 2271691202847458 2271691859769290 2271691072623420 2271691140148682 2271691886927848 2271692551877910
2271691860037348 2271691944789106 2271692574589522 2271693231976630 2271692552113796 2271692630738188 2271693255801158 2271693917715124
2271693232283972 2271693315502954 2271693939219222 2271694597739868 2271693917950240 2271693998535024 2271694618166778 2271695279040726
2271694597977994 2271694678020670 2271695305396706 2271695958988694 2271695279274288 2271695361288164 2271696046209072 2271696697090884
2271695959219176 2271696028110082 2271696724344390 2271697376039140 2271696697325636 2271696789813346 2271697397687872 2271698052181348
2271697376281592 2271697459576580 2271698073867208 2271698734740484 2271698052492302 2271698128341992 2271698757692924 2271699411706368
2271698734972856 2271698810113376 2271699438462916 2271700091736712 2271699411937298 2271699490455304 2271700114690342 2271700776236262
2271700091971534 2271700170768280 2271700798059728 2271701460231546 2271700776465400 2271700852428798 2271701552313158 2271702181418684
2271701460465122 2271701547289048 2271702406891778 2271703061361888 2271702181651798 2271702257254304 2271703080937080 2271703729749188

2271690976325582 2271691025464798 2271691165878302 2271691813994260 2271691025498524 2271691088783480 2271691836837584 2271692494333402
2271691814262332 2271691898561680 2271692517006388 2271693147900148 2271692494562442 2271692577814394 2271693167982798 2271693801329792
2271693148190718 2271693223743300 2271693823046032 2271694459176996 2271693801558720 2271693879795270 2271694481086828 2271695134992388
2271694459408612 2271694536904632 2271695156946362 2271695804625660 2271695135226258 2271695212091620 2271695827972648 2271696488947382
2271695804856254 2271695870319526 2271696554492134 2271697200224144 2271696489242866 2271696528134152 2271697233067360 2271697892291520
2271697200448774 2271697293866126 2271697913327920 2271698563599052 2271697892522058 2271697966509006 2271698619079876 2271699273498340
2271698563778574 2271698603304004 2271699302960458 2271699958742298 2271699273725210 2271699358200370 2271699982464780 2271700636073008
2271699958947706 2271700031914572 2271700657680566 2271701310822986 2271700636338742 2271700699115204 2271701331303502 2271701978538356
2271701311047840 2271701372167598 2271702033904590 2271702678119462 2271701978761908 2271702018760664 2271702706602784 2271703350827960

2271697122417030 2271697176213808 2271697320751642 2271697978772208 2271697176242928 2271697239081928 2271698005454598 2271698647707762
2271697979048442 2271698067696358 2271698674022428 2271699334882362 2271698647936396 2271698729938386 2271699357315528 2271700016258190
2271699335111668 2271699416320894 2271700039868588 2271700699606814 2271700016429396 2271700102092260 2271700725146846 2271701378931628
2271700699835686 2271700782212176 2271701402532436 2271702054053502 2271701379162166 2271701465356134 2271702076795158 2271702733774978
2271702054276690 2271702138320762 2271702758505754 2271703420009940 2271702733999034 2271702819245230 2271703443940980 2271704100638602
2271703420240240 2271703504060116 2271704125940746 2271704780411024 2271704100866396 2271704188733252 2271704803979128 2271705460268552
2271704780635878 2271704861927270 2271705484198332 2271706136775208 2271705460494498 2271705541730828 2271706160891398 2271706808174132
2271706136930468 2271706220701456 2271706830510362 2271707483773252 2271706808400624 2271706888558744 2271707508835044 2271708167860754
2271707484001830 2271707566874886 2271708241239780 2271708871673346 2271708168130058 2271708241004230 2271708897304714 2271709551183800

2271808116032196 2271808170045302 2271808332774120 2271808986884374 2271808170073540 2271808240456510 2271809009693594 2271809649644458
2271808987141512 2271809075196080 2271809672306958 2271810333222766 2271809649872364 2271809724735348 2271810354831780 2271811011758988
2271810333468242 2271810412883900 2271811144510306 2271811797099852 2271811011924076 2271811056756024 2271811826885356 2271812487587846
2271811797362268 2271811890063786 2271812585813988 2271813224614192 2271812487696710 2271812567580934 2271813256127632 2271813900867448
2271813224872492 2271813322499252 2271813920443704 2271814561932090 2271813900969130 2271813981082814 2271814585462604 2271815236155122
2271814562161396 2271814647603634 2271815260912918 2271815922132596 2271815236318544 2271815321762364 2271816001533680 2271816625514310
2271815922360544 2271815999924506 2271816760572142 2271817409887704 2271816625818768 2271816736775432 2271817564036930 2271818208777684
2271817410116772 2271817534286174 2271818307642464 2271818961755322 2271818208889432 2271818288650316 2271818987351060 2271819657092804
2271818961983144 2271819053851214 2271820081017578 2271820747945182 2271819657319884 2271819747743336 2271820760425286 2271821395387320

2271692323497450 2271692374202174 2271692504157174 2271693164300448 2271692374234528 2271692437896616 2271693189134222 2271693846521932
2271693164561912 2271693255076266 2271693868799726 2271694528347930 2271693846833264 2271693926669692 2271694551466494 2271695209885710
2271694528626586 2271694608924034 2271695231237964 2271695885894708 2271695210109626 2271695287963864 2271695909699020 2271696568416576
2271695886129264 2271695964715548 2271696677634762 2271697321371436 2271696568646722 2271696630935564 2271697352923194 2271698000662048
2271697321602534 2271697412211626 2271698023278810 2271698676850778 2271698000905382 2271698079626444 2271698745766492 2271699397399516
2271698677075968 2271698730954674 2271699570137046 2271700235023982 2271699397625672 2271699476266304 2271700378072258 2271701030770780
2271700235256564 2271700345058396 2271701103487914 2271701764457412 2271701030997874 2271701087759110 2271702032340888 2271702692937706
2271701764630214 2271702023263316 2271702717546402 2271703377645156 2271702693166452 2271702782420428 2271703400800890 2271704062284216
2271703377880972 2271703464842868 2271704401417262 2271705057284026 2271704062509980 2271704147534150 2271705071576024 2271705726032232

2271689626659292 2271689675496360 2271689786468522 2271690443447068 2271689675526152 2271689739172294 2271690468814564 2271691097774980
2271690443726970 2271690525501390 2271691121463358 2271691773035874 2271691098011230 2271691162173188 2271691796717952 2271692452559348
2271691773273972 2271691838155628 2271692473415316 2271693124476510 2271692452798034 2271692520930910 2271693185358478 2271693836476918
2271693124712830 2271693165635418 2271693863229560 2271694508504302 2271693836714764 2271693921780276 2271694530597450 2271695180409060
2271694508681360 2271694582517948 2271695240355380 2271695879738698 2271695180643196 2271695225456944 2271695945160740 2271696564516470
2271695879976040 2271695917879360 2271696676511906 2271697317909334 2271696564751978 2271696592468086 2271697344904176 2271697996736630
2271697318152682 2271697398192152 2271698106643420 2271698750181322 2271697996972964 2271698046846774 2271698771863990 2271699422133834
2271698750401808 2271698828537110 2271699474998310 2271700102065716 2271699422369398 2271699473349460 2271700261896716 2271700908517586
2271700102303380 2271700190323312 2271701285835254 2271701922968338 2271700908755110 2271700942790762 2271701942399890 2271702586478794

2271690308950482 2271690360708930 2271690502826808 2271691152971772 2271690360737168 2271690426104442 2271691323367116 2271691947361270
2271691153238794 2271691198180166 2271691970229878 2271692603642560 2271691947598878 2271692040458442 2271692625140834 2271693259729530
2271692603878488 2271692693814362 2271693280474926 2271693912518604 2271693259965780 2271693348688974 2271693933981220 2271694588853242
2271693912813094 2271693996766712 2271694610182788 2271695261758608 2271694589078446 2271694672729510 2271695283323130 2271695930583730
2271695262062814 2271695345483102 2271695953725170 2271696609619906 2271695930818482 2271696015903370 2271696634248958 2271697289667372
2271696609923566 2271696695182250 2271697400470344 2271698048999232 2271697289899282 2271697343527598 2271698236223682 2271698891216342
2271698049232990 2271698227367436 2271698963655436 2271699618341832 2271698891452242 2271698958808300 2271699728040568 2271700378512964
2271699618575856 2271699707018042 2271700570657252 2271701216665188 2271700378671458 2271700469209080 2271701227707492 2271701888323784
2271701216897154 2271701290875100 2271702274778384 2271702916327922 2271701888550990 2271701974474674 2271702933239866 2271703581371686

2271694907268724 2271694956693442 2271695133931692 2271695784791608 2271694956728302 2271695032427842 2271695808589872 2271696465386824
2271695785105838 2271695874880866 2271696488950686 2271697128745268 2271696465615542 2271696551239010 2271697152749178 2271697805980764
2271697128979978 2271697212848364 2271697994068986 2271698647003226 2271697806213150 2271697864644908 2271698844620520 2271699490792620
2271698647231706 2271698786248178 2271699629875718 2271700288657842 2271699491018692 2271699610696516 2271700315008166 2271700960815216
2271700288890942 2271700384234820 2271701116279896 2271701766748260 2271700960986394 2271701097173354 2271701967141166 2271702623245160
2271701766979988 2271701910002224 2271702759210290 2271703411694612 2271702623398544 2271702742056076 2271703438235000 2271704087854432
2271703411932752 2271703506347898 2271704110935700 2271704760579156 2271704088091074 2271704173937254 2271704914331748 2271705563365154
2271704760813824 2271704895100816 2271705761607240 2271706401819372 2271705563522304 2271705705152646 2271706428087082 2271707084442432
2271706402057722 2271706489964912 2271707239202870 2271707885727182 2271707084676890 2271707218582270 2271707911681866 2271708559244642
