16 8918
2271659555577090 2271659599602778 2271659730989194 2271660374303880 2271659599602988 2271659667092410 2271660374592672 2271661015872444
2271659730992946 2271659794194798 2271661016099426 2271661658121800 2271660374592756 2271660414382646 2271661658352226 2271662304811872
2271661016099440 2271661042261310 2271662305040450 2271662942201226 2271661658352590 2271661708734278 2271662942498712 2271663584339940
2271662305040240 2271662328720512 2271663584568840 2271664227491582 2271662942498950 2271662968281602 2271664227733824 2271664868631578
2271663584568238 2271663610328672 2271664868853674 2271665513248838 2271664227733642 2271664253113934 2271665513475498 2271666157637926
2271664868852988 2271664894401868 2271666157872608 2271666802105974 2271665513475134 2271665540172854 2271666802332382 2271667451480966
2271666157871502 2271666183890222 2271667451765068 2271668099509676 2271666802331976 2271666828309186 2271668099668758 2271668736053766
2271667451764676 2271667477632168 2271668736275106 2271669378975710 2271668099668618 2271668127402632 2271669379202384 2271670029123782
2271668736274952 2271668762547282 2271670029352668 2271670678578420 2271669379202076 2271669405032762 2271670678807082 2271671307420480

2271659183830778 2271659239720304 2271659364860788 2271660026993630 2271659239720780 2271659308646546 2271660027225582 2271660697483884
2271659364862692 2271659415982936 2271660697656840 2271661379154552 2271660027225148 2271660074733224 2271661379327326 2271662060058706
2271660697656560 2271660749625988 2271662060237052 2271662741532282 2271661379326934 2271661497524272 2271662741636092 2271663424272676
2271662060236002 2271662134620158 2271663424439346 2271664105894554 2271662741635392 2271662828679874 2271664105997048 2271664786626984
2271663424439332 2271663556348634 2271664786802642 2271665464835606 2271664105996782 2271664228029364 2271665464992602 2271666146993922
2271664786802026 2271664941993818 2271666147160956 2271666831014756 2271665464992756 2271665584594854 2271666831182448 2271667515859728
2271666147160466 2271666209291038 2271667515961228 2271668194861254 2271666831182462 2271666900728708 2271668194956972 2271668877696498
2271667515960668 2271667583677072 2271668877799482 2271669563169258 2271668194957084 2271668306245968 2271669563265494 2271670237712302
2271668877798684 2271668951002430 2271670237834788 2271670918823460 2271669563265046 2271669676538850 2271670918998530 2271671598650482

2271664687853204 2271664738556388 2271664863046054 2271665504580332 2271664738556654 2271664797487722 2271665504868354 2271666148254328
2271664863048826 2271664946095972 2271666148477838 2271666789507290 2271665504868410 2271665590707240 2271666789730254 2271667435959544
2271666148476956 2271666188069796 2271667436130876 2271668074008774 2271666789730352 2271666850958470 2271668074228252 2271668719555312
2271667436130344 2271667483450246 2271668719780628 2271669365668178 2271668074228042 2271668152540402 2271669365889882 2271670001805610
2271668719779844 2271668867525022 2271670001970782 2271670639893662 2271669365889602 2271669441986672 2271670640117788 2271671279893862
2271670001970264 2271670149142590 2271671280124078 2271671921429134 2271670640117074 2271670724959370 2271671921661338 2271672561505886
2271671280123504 2271671327512258 2271672561740988 2271673209509102 2271671921661338 2271671949717044 2271673209737386 2271673848461360
2271672561741156 2271672588922464 2271673848686774 2271674504422176 2271673209737624 2271673272710520 2271674504439256 2271675145542992
2271673848686284 2271673964163380 2271675145556922 2271675779635962 2271674504439116 2271674580964684 2271675779868600 2271676413399316

2271760948249632 2271760996460662 2271761106476372 2271761769238584 2271760996461096 2271761062060980 2271761769522098 2271762424046192
2271761106478206 2271761133208532 2271762424217706 2271763090228478 2271761769522028 2271761805136796 2271763090399992 2271763772365836
2271762424217230 2271762469114614 2271763772588506 2271764453323092 2271763090400580 2271763184062008 2271764453495880 2271765134937914
2271763772587960 2271763815570144 2271765135112522 2271765811290430 2271764453496006 2271764544860048 2271765811417284 2271766493324244
2271765135111990 2271765196170526 2271766493496920 2271767172930892 2271765811417396 2271765904889824 2271767173054750 2271767856910720
2271766493496682 2271766576738596 2271767857005836 2271768538759790 2271767173054022 2271767267707168 2271768538884936 2271769224855830
2271767857005472 2271767940083852 2271769225028674 2271769903545310 2271768538884782 2271768638243986 2271769903669616 2271770590086746
2271769225028086 2271769310457038 2271770590226746 2271771275731552 2271769903670092 2271769996518498 2271771275953466 2271771951311072
2271770590226634 2271770671395344 2271771951422610 2271772629473816 2271771275993842 2271771371034018 2271772629570108 2271773309664642

2271661164743628 2271661220508750 2271661321910064 2271661971667354 2271661220509114 2271661286056736 2271661971965428 2271662622441534
2271661321919528 2271661348798562 2271662622677630 2271663271866478 2271661971965442 2271662017114224 2271663272100474 2271663921837408
2271662622677000 2271662685500544 2271663922070396 2271664571397060 2271663272100600 2271663347068584 2271664571630272 2271665213886922
2271663922069962 2271663966437194 2271665214122486 2271665857953198 2271664571630440 2271664619524664 2271665858187516 2271666503217132
2271665214121282 2271665319722176 2271666503445766 2271667145213200 2271665858187362 2271665908090754 2271667145442548 2271667793900666
2271666503445486 2271666614485044 2271667794132912 2271668435187998 2271667145442730 2271667237102298 2271668435303106 2271669102914722
2271667794131932 2271667883169174 2271669103150636 2271669748928916 2271668435303414 2271668525869190 2271669749162156 2271670403005934
2271669103148578 2271669176561666 2271670403235324 2271671035795854 2271669749162212 2271669842095934 2271671036032888 2271671680591810
2271670403234526 2271670475487448 2271671680861464 2271672299704626 2271671036033280 2271671127598824 2271672299942346 2271672914951538

2271663189898046 2271663233865956 2271663358781838 2271663994152644 2271663233866306 2271663293575522 2271663994440918 2271664630725224
2271663358782328 2271663404477684 2271664630954124 2271665269323254 2271663994441086 2271664020844974 2271665269549494 2271665906429150
2271664630953718 2271664656862986 2271665906658372 2271666535557314 2271665269549228 2271665295904354 2271666535784646 2271667173118350
2271665906657784 2271665931964856 2271667173289612 2271667804230090 2271666535784786 2271666561181556 2271667804461426 2271668428868286
2271667173288968 2271667198092740 2271668429093350 2271669059684850 2271667804461692 2271667829417504 2271669059908038 2271669695285172
2271668429092706 2271668453086746 2271669695511972 2271670319231698 2271669059908010 2271669083834360 2271670319455950 2271670956574964
2271669695511398 2271669747619580 2271670956744742 2271671596489820 2271670319455698 2271670345420378 2271671596659038 2271672223459926
2271670956744266 2271671009686372 2271672223613296 2271672863821312 2271671596659080 2271671624288710 2271672864047482 2271673492979730
2271672223612456 2271672254932556 2271673493202778 2271674141303532 2271672864047174 2271672892287120 2271674141527280 2271674766170292

2271657305410290 2271657354648080 2271657474386328 2271658112654602 2271657354648346 2271657419486168 2271658112964744 2271658756954874
2271657474387168 2271657525463522 2271658757124498 2271659395083666 2271658112964422 2271658151859194 2271659395315646 2271660027548296
2271658757124176 2271658823257460 2271660027781928 2271660660595312 2271659395316164 2271659452385610 2271660660826900 2271661286697404
2271660027781676 2271660076925750 2271661286938890 2271661920000648 2271660660827012 2271660687777054 2271661920233188 2271662538789126
2271661286938554 2271661325120600 2271662539015240 2271663163994434 2271661920232712 2271661945075530 2271663164222522 2271663795275322
2271662539014498 2271662618419586 2271663795569434 2271664425389828 2271663164219400 2271663189050402 2271664425615102 2271665046671552
2271663795566690 2271663820775832 2271665046905688 2271665672299744 2271664425615172 2271664450609932 2271665672533460 2271666305900040
2271665046905716 2271665073205990 2271666306136234 2271666945887682 2271665672533628 2271665697058478 2271666946122812 2271667569417442
2271666306136080 2271666331008228 2271667569655540 2271668191133236 2271666946122602 2271666972674330 2271668191366112 2271668823226866

2271657225180980 2271657269531454 2271657409797944 2271658052456044 2271657269531636 2271657331501516 2271658052750758 2271658695435976
2271657409799442 2271657482463586 2271658695672674 2271659339158524 2271658052750800 2271658087845342 2271659339393080 2271659980326394
2271658695672296 2271658722357990 2271659980634898 2271660623778168 2271659339393304 2271659369667786 2271660624013074 2271661256706366
2271659980634506 2271660006390978 2271661256938500 2271661896518910 2271660624013214 2271660654525332 2271661896750400 2271662534277262
2271661256938276 2271661304388238 2271662534506022 2271663166236800 2271661896750498 2271661927366468 2271663166466442 2271663805798072
2271662534505364 2271662582172508 2271663806029128 2271664450279742 2271663166466498 2271663196050024 2271664450509552 2271665082767948
2271663806028764 2271663853187890 2271665082997828 2271665716688942 2271664450509902 2271664481995650 2271665716916456 2271666364345434
2271665082997366 2271665108629084 2271666364575202 2271666998262830 2271665716916246 2271665747885688 2271666998432692 2271667628167812
2271666364574992 2271666412237026 2271667628331122 2271668263226488 2271666998432930 2271667028675282 2271668263459896 2271668893420878

2271654467095622 2271654517235712 2271654632425920 2271655275006684 2271654517236020 2271654579864194 2271655275304814 2271655921919412
2271654632428622 2271654703704806 2271655922152932 2271656569439278 2271655275303540 2271655309942340 2271656569669032 2271657218513284
2271655922153240 2271655975230880 2271657218747084 2271657863469834 2271656569669480 2271656601542958 2271657863702794 2271658505376946
2271657218746720 2271657244341002 2271658505607134 2271659146378832 2271657863702416 2271657905478864 2271659146612632 2271659784308796
2271658505606980 2271658577888406 2271659784539670 2271660422053344 2271659146613556 2271659193483974 2271660422337586 2271661069283830
2271659784539054 2271659832713166 2271661069513696 2271661708937670 2271660422338118 2271660451486216 2271661709167718 2271662354946880
2271661069513668 2271661118899200 2271662355175262 2271663007549726 2271661709168250 2271661738584000 2271663007781468 2271663644425896
2271662355175192 2271662402296714 2271663644660452 2271664286985646 2271663007781202 2271663038542898 2271664287214266 2271664922114322
2271663644660172 2271663692965996 2271664922347492 2271665560296930 2271664287214224 2271664317510070 2271665560525298 2271666189823002

2271654419499360 2271654467493824 2271654592856194 2271655230365584 2271654467494188 2271654527970856 2271655230654768 2271655872951850
2271654592858742 2271654726772648 2271655873173036 2271656516521266 2271655230654488 2271655263028270 2271656516748948 2271657161523442
2271655873172644 2271655983959250 2271657161748926 2271657797984428 2271656516747520 2271656580972044 2271657798213342 2271658432672762
2271657161748170 2271657267531218 2271658432895082 2271659062374534 2271657798213286 2271657854604614 2271659062599878 2271659700796010
2271658432894676 2271658483127152 2271659701027192 2271660342076342 2271659062599962 2271659112935338 2271660342302008 2271660977879706
2271659701026800 2271659753436612 2271660978138944 2271661609406700 2271660342302008 2271660421225678 2271661609631372 2271662251413366
2271660978138216 2271661014506632 2271662251635714 2271662886496206 2271661609631568 2271661668729096 2271662886719870 2271663532395810
2271662251635308 2271662308788908 2271663532675166 2271664179398138 2271662886720178 2271662955878946 2271664179624308 2271664812519452
2271663532674732 2271663558092712 2271664812674950 2271665454640218 2271664179624476 2271664230754422 2271665454866136 2271666100574486

2271660571025062 2271660632020122 2271660746589220 2271661396717174 2271660632020472 2271660693857100 2271661397025566 2271662046687698
2271660746596514 2271660797146678 2271662046916206 2271662684300534 2271661397025314 2271661461582086 2271662684527292 2271663326277464
2271662046915730 2271662123410064 2271663326504852 2271663969060318 2271662684527502 2271662764636370 2271663969287132 2271664607437680
2271663326504824 2271663378407794 2271664607662352 2271665253132604 2271663969286572 2271664031287602 2271665253356646 2271665895668540
2271664607661666 2271664675590744 2271665895838486 2271666541329038 2271665253356828 2271665319787738 2271666541502638 2271667177226244
2271665895838318 2271665955865936 2271667177451994 2271667816792052 2271666541502750 2271666648496658 2271667817019258 2271668461066886
2271667177451280 2271667239341794 2271668461290606 2271669112679778 2271667817019538 2271667880521046 2271669112845552 2271669753869180
2271668461291306 2271668507216262 2271669754037516 2271670399855206 2271669112845482 2271669192826586 2271670400078086 2271671049021598
2271669754036732 2271669808839648 2271671049243680 2271671687585566 2271670400077806 2271670499953050 2271671687810028 2271672319527870

2271771573116864 2271771623183048 2271771751922470 2271772390619522 2271771623183258 2271771690004334 2271772390911996 2271773034684958
2271771751926474 2271771852054922 2271773034913368 2271773683911186 2271772390912164 2271772467138622 2271773684013428 2271774328115390
2271773034913018 2271773074195408 2271774328345382 2271774978611894 2271773684013414 2271773797593230 2271774978715396 2271775620571870
2271774328345186 2271774396324790 2271775620798544 2271776270251684 2271774978715872 2271775130586948 2271776270377530 2271776911459832
2271775620797970 2271775671283104 2271776911539114 2271777546632692 2271776270362480 2271776429834576 2271777546862110 2271778191844756
2271776911538330 2271777018290682 2271778192073068 2271778824125664 2271777546863258 2271777697070266 2271778824354116 2271779464436762
2271778192072718 2271778298777162 2271779464595410 2271780116132436 2271778824354284 2271778875527476 2271780116307352 2271780754593966
2271779464594808 2271779577739854 2271780754822474 2271781389493700 2271780116307590 2271780188588750 2271781389722908 2271782013231514
2271780754821900 2271780865172644 2271782013461576 2271782643374566 2271781389719604 2271781514334416 2271782643600652 2271783265242106

2271655757052150 2271655806100716 2271655938316870 2271656588291440 2271655806101080 2271655877435126 2271656588575080 2271657236429476
2271655938316842 2271656016107338 2271657236662912 2271657881763466 2271656588573162 2271656638048742 2271657881990154 2271658531195228
2271657236662436 2271657305242584 2271658531422224 2271659174451884 2271657881990644 2271657973253788 2271659174675436 2271659825476272
2271658531421888 2271658582147640 2271659825702806 2271660477085944 2271659174675590 2271659283686758 2271660477234974 2271661122297714
2271659825702428 2271659886449884 2271661122443860 2271661765270786 2271660477231096 2271660582640638 2271661765486638 2271662418023166
2271661122443286 2271661256246816 2271662418305518 2271663068003504 2271661765486596 2271661858583894 2271663068228316 2271663703704444
2271662418305084 2271662566508636 2271663703812818 2271664355361380 2271663068228470 2271663162454742 2271664355467206 2271665015890830
2271663703812944 2271663807683242 2271665015991014 2271665671751000 2271664355467934 2271664436155072 2271665671856224 2271666306381570
2271665015991028 2271665123734566 2271666306482902 2271666959653826 2271665671856854 2271665775530074 2271666959883216 2271667591076870

2271653079484460 2271653128393894 2271653240099852 2271653879752166 2271653128394090 2271653189798692 2271653880052676 2271654517475434
2271653240102386 2271653288067842 2271654517706994 2271655153528278 2271653880051948 2271653922749162 2271655153763814 2271655787479008
2271654517705888 2271654544195904 2271655787713354 2271656417264752 2271655153764304 2271655179859884 2271656417423358 2271657050270286
2271655787712402 2271655813273084 2271657050431874 2271657679318090 2271656417423554 2271656442939716 2271657679549958 2271658303136614
2271657050431090 2271657075742502 2271658303372780 2271658931413102 2271657679550182 2271657705633904 2271658931645502 2271659566895152
2271658303372136 2271658329500434 2271659567018268 2271660205555636 2271658931645488 2271658957361304 2271660205792684 2271660838818364
2271659567017988 2271659592380038 2271660839054320 2271661474134612 2271660205792418 2271660232834468 2271661474365612 2271662104087992
2271660839054082 2271660864625796 2271662104326566 2271662732237780 2271661474365472 2271661499344776 2271662732475402 2271663357570670
2271662104325852 2271662129691654 2271663357810378 2271663988193922 2271662732475220 2271662756916840 2271663988428828 2271664613180186

2271653754333796 2271653802160708 2271653948331824 2271654588538216 2271653802160904 2271653882472506 2271654588828674 2271655227789612
2271653948334582 2271654083372800 2271655228024266 2271655865546228 2271654588828786 2271654647209374 2271655865780280 2271656504497758
2271655228024490 2271655271519102 2271656504790568 2271657146390982 2271655865780784 2271655954579186 2271657146621884 2271657786502230
2271656504788258 2271656580892090 2271657786731648 2271658413216500 2271657146622500 2271657249159172 2271658413446912 2271659052393766
2271657786731382 2271657827986456 2271659052613818 2271659693851534 2271658413446324 2271658440280404 2271659694078138 2271660331709552
2271659052613216 2271659143665072 2271660331939880 2271660972188496 2271659694077858 2271659748785518 2271660972414568 2271661620319364
2271660331939194 2271660460325466 2271661620550812 2271662271164174 2271660972414694 2271661015354752 2271662271390358 2271662907090682
2271661620550308 2271661737568916 2271662907315788 2271663550258046 2271662271390652 2271662343372786 2271663550441180 2271664194940168
2271662907314892 2271663023049994 2271664195171182 2271664826195240 2271663550441726 2271663594477802 2271664826423314 2271665455239208

2271658361047054 2271658408449570 2271658528441288 2271659172050954 2271658408449906 2271658471029430 2271659172333180 2271659814859694
2271658528445124 2271658599379512 2271659815128326 2271660456575398 2271659172332200 2271659218105536 2271660456795604 2271661097334510
2271659815128200 2271659841393208 2271661097487460 2271661730163392 2271660456795674 2271660482772548 2271661730382688 2271662360233616
2271661097486858 2271661122794952 2271662360452478 2271662986961032 2271661730382408 2271661756392686 2271662987183310 2271663618587944
2271662360451932 2271662386299978 2271663618805476 2271664254403348 2271662987180412 2271663013500986 2271664254622924 2271664887456244
2271663618804972 2271663644757150 2271664887675512 2271665527069470 2271664254622728 2271664280287164 2271665527291160 2271666157683230
2271664887674700 2271664913065758 2271666157939738 2271666797149610 2271665527290936 2271665553460492 2271666797378440 2271667427843772
2271666157939178 2271666183088330 2271667428068010 2271668058545718 2271666797379518 2271666824461272 2271668058812446 2271668703526446
2271667428067506 2271667452655048 2271668703752350 2271669334352782 2271668058811830 2271668085997044 2271669334574808 2271669971287836
