16 8826
2271024135770460 2271024136009202 2271024136180828 2271024763000098 2271024763001470 2271024763268506 2271024836023622 2271025463854840
2271025463855344 2271025464185128 2271025525759438 2271026147882632 2271026147882660 2271026148144404 2271026213161118 2271026842748846
2271026842750582 2271026843015938 2271026898928046 2271027522117914 2271027522117956 2271027522379252 2271027585605436 2271028208986852
2271028208988364 2271028209291394 2271028271364090 2271028887414840 2271028887414868 2271028887743196 2271028955535592 2271029558898590
2271029558900326 2271029559161118 2271029639438616 2271030261618020 2271030261618048 2271030261879932 2271030319066278 2271030950022492
2271030950023262 2271030950292678 2271030997542356 2271031634452028 2271031634452056 2271031634718238 2271031676133640 2271032295819770
2271032295821478 2271032296087198 2271032353737420 2271032992180358 2271032992180400 2271032992450138 2271033041393424 2271033663985240
2271033663987970 2271033664253676 2271033721780376 2271034360880964 2271034360881006 2271034361146138 2271034410651734 2271035029580436
2271035029582256 2271035029849096 2271035091804766 2271035723119310 2271035723120710 2271035723458348 2271035780395018 2271036414231130

2271023769614110 2271023769841162 2271023770097698 2271024469364840 2271024469364882 2271024469647486 2271024469905618 2271025159159302
2271025159160170 2271025159428004 2271025159616248 2271025846551182 2271025846551210 2271025846827724 2271025847013490 2271026532326328
2271026532327056 2271026532597816 2271026532780740 2271027219023934 2271027219023976 2271027219296850 2271027219461238 2271027904771276
2271027904771990 2271027905039012 2271027905217722 2271028588939754 2271028588939782 2271028589205852 2271028589391394 2271029272846628
2271029272847412 2271029273116576 2271029273364558 2271029952476180 2271029952476222 2271029952739212 2271029952925314 2271030630915228
2271030630916040 2271030631217138 2271030631407006 2271031309494052 2271031309494094 2271031309812062 2271031309996554 2271031987092988
2271031987093814 2271031987418068 2271031987603806 2271032674799546 2271032674799588 2271032675071202 2271032675256660 2271033355180352
2271033355181388 2271033355452344 2271033355636528 2271034044053446 2271034044053488 2271034044329610 2271034044516412 2271034725220534
2271034725222312 2271034725488452 2271034725668268 2271035413809484 2271035413810688 2271035414078270 2271035414261488 2271036097948688

2271029254624060 2271029254838344 2271029255058620 2271029881196356 2271029881196384 2271029881466570 2271029954850972 2271030580404250
2271030580404740 2271030580735546 2271030644629530 2271031273177170 2271031273177198 2271031273503706 2271031332031238 2271031969103618
2271031969105172 2271031969423252 2271032017799804 2271032658222062 2271032658223434 2271032658487544 2271032704478258 2271033331463918
2271033331464870 2271033331736750 2271033390240258 2271034013502730 2271034013502758 2271034013764894 2271034074412642 2271034700162774
2271034700164440 2271034700423440 2271034758319628 2271035382344904 2271035382344932 2271035382615006 2271035437949922 2271036051543294
2271036051543784 2271036051881016 2271036116430606 2271036744320036 2271036744320064 2271036744641378 2271036795025936 2271037408297238
2271037408297546 2271037408558478 2271037472632390 2271038101433752 2271038101433780 2271038101695006 2271038160288268 2271038774320036
2271038774321814 2271038774586736 2271038840670110 2271039474205824 2271039474205852 2271039474471166 2271039529553438 2271040152718638
2271040152720248 2271040152988320 2271040210705938 2271040831669736 2271040831669764 2271040831935862 2271040899300026 2271041533488756

2271125522897420 2271125523081646 2271125523280656 2271126212784464 2271126212784492 2271126213033174 2271126213224190 2271126900403802
2271126900405552 2271126900705390 2271126900888580 2271127585373808 2271127585373836 2271127585614384 2271127585800472 2271128270304712
2271128270305538 2271128270537952 2271128270718468 2271128951298522 2271128951298564 2271128951532532 2271128951718004 2271129633588060
2271129633588578 2271129633827936 2271129634075876 2271130307639858 2271130307639900 2271130307878446 2271130308036702 2271130989045912
2271130989046444 2271130989292998 2271130989484014 2271131669675316 2271131669675358 2271131669907352 2271131670064922 2271132350746000
2271132350747638 2271132350983650 2271132351167694 2271133037955334 2271133037955376 2271133038189414 2271133038348804 2271133716014394
2271133716016284 2271133716253472 2271133716436718 2271134394851868 2271134394851910 2271134395090428 2271134395277496 2271135083931812
2271135083933702 2271135084229326 2271135084409338 2271135766740358 2271135766740400 2271135766973360 2271135767127374 2271136454654326
2271136454654928 2271136454892046 2271136455075600 2271137142227086 2271137142227114 2271137142464834 2271137142651426 2271137823740212

2271025739127446 2271025739338384 2271025739637494 2271026370091192 2271026370091220 2271026370362946 2271026378031278 2271027008184928
2271027008215364 2271027008490856 2271027075986438 2271027704502326 2271027704502354 2271027704763748 2271027762685290 2271028393361336
2271028393363114 2271028393625096 2271028446476440 2271029067809278 2271029067809306 2271029068067382 2271029125851290 2271029754884086
2271029754885822 2271029755106840 2271029812755802 2271030416005974 2271030416006016 2271030416274060 2271030491213946 2271031106030596
2271031106031170 2271031106344854 2271031180098926 2271031802168262 2271031802168290 2271031802428284 2271031869507702 2271032484654668
2271032484655480 2271032484983248 2271032553765640 2271033185468544 2271033185468572 2271033185736406 2271033238178656 2271033858984016
2271033858984576 2271033859248686 2271033899562932 2271034520460076 2271034520460104 2271034520723962 2271034595931220 2271035234876422
2271035234878130 2271035235190596 2271035267733036 2271035903561432 2271035903561474 2271035903823904 2271035964636978 2271036590609220
2271036590610970 2271036590878720 2271036643093400 2271037270238772 2271037270238814 2271037270500642 2271037326941362 2271037966152368

2271027767834252 2271027768050034 2271027768254294 2271028406309880 2271028406310272 2271028406537842 2271028468037042 2271029104318828
2271029104319626 2271029104549730 2271029157815432 2271029790998486 2271029790998528 2271029791251284 2271029845218232 2271030473671106
2271030473672478 2271030473964616 2271030530990074 2271031141207080 2271031141207108 2271031141529136 2271031217671160 2271031825031928
2271031825033594 2271031825289234 2271031903430752 2271032512205282 2271032512205324 2271032512472948 2271032587603962 2271033208386992
2271033208387776 2271033208615836 2271033271508946 2271033897817314 2271033897817678 2271033898078512 2271033951135502 2271034564153572
2271034564155448 2271034564415974 2271034629621562 2271035252629724 2271035252629766 2271035252890446 2271035308215548 2271035926977510
2271035926979288 2271035927236734 2271035985819230 2271036612198900 2271036612198928 2271036612456640 2271036673477418 2271037291285238
2271037291286904 2271037291606300 2271037353858910 2271037973106980 2271037973107526 2271037973370502 2271038042743106 2271038671365464
2271038671367172 2271038671680086 2271038723893716 2271039343432636 2271039343434022 2271039343663300 2271039412489890 2271040035904486

2271021874016728 2271021874232874 2271021874455880 2271022508302464 2271022508302492 2271022508605816 2271022526257702 2271023148839312
2271023148841440 2271023149109344 2271023210878996 2271023832926786 2271023832926828 2271023833223586 2271023897573508 2271024550148438
2271024550150132 2271024550371794 2271024588900886 2271025224950272 2271025224950300 2271025225178178 2271025277966956 2271025899572458
2271025899574166 2271025899829960 2271025951215014 2271026565856776 2271026565856804 2271026566115244 2271026633241156 2271027240815844
2271027240817664 2271027241123424 2271027319899338 2271027936220554 2271027936220596 2271027936446906 2271028004392392 2271028634147896
2271028634148582 2271028634372876 2271028671380322 2271029311880868 2271029311882268 2271029312141520 2271029364113132 2271030004698854
2271030004700632 2271030004930036 2271030033549438 2271030675384632 2271030675386032 2271030675620574 2271030721161580 2271031347801342
2271031347802000 2271031348039104 2271031397915112 2271032062659864 2271032062661278 2271032062926956 2271032093920674 2271032740754582
2271032740755408 2271032740975628 2271032777971356 2271033402080450 2271033402080478 2271033402404998 2271033451399020 2271034082699424

2271021804275350 2271021804487366 2271021804695070 2271022434108806 2271022434108834 2271022434379342 2271022494572230 2271023114632608
2271023114634512 2271023114936772 2271023182240918 2271023806377760 2271023806377802 2271023806644796 2271023867155610 2271024491549632
2271024491551214 2271024491810858 2271024552073256 2271025170966216 2271025170966258 2271025171228604 2271025233073968 2271025845428956
2271025845430804 2271025845693892 2271025915425680 2271026540410866 2271026540410908 2271026540726594 2271026589397902 2271027210856782
2271027210857552 2271027211185376 2271027270839404 2271027886194914 2271027886194942 2271027886453942 2271027951424862 2271028562694164
2271028562694808 2271028562956482 2271028632526570 2271029263632626 2271029263632654 2271029263895098 2271029319712314 2271029934413604
2271029934414374 2271029934735548 2271029997800102 2271030615441042 2271030615441070 2271030615702688 2271030676642756 2271031307818910
2271031307820660 2271031308074788 2271031365777356 2271032005038370 2271032005038398 2271032005297692 2271032048498052 2271032674220128
2271032674221850 2271032674481494 2271032736445466 2271033378396930 2271033378396972 2271033378667438 2271033424022482 2271034047712206

2271019035861352 2271019036081712 2271019036398308 2271019664630318 2271019664631564 2271019664961236 2271019679886216 2271020304133658
2271020304134442 2271020304395948 2271020320078006 2271020941403242 2271020941403270 2271020941699174 2271021001559436 2271021621333192
2271021621335600 2271021621596630 2271021690426104 2271022311580750 2271022311580792 2271022311889268 2271022369402906 2271022989553766
2271022989554466 2271022989812416 2271023051905748 2271023662699022 2271023662699064 2271023662962530 2271023724094734 2271024324687482
2271024324687986 2271024324948274 2271024410438308 2271025025550428 2271025025550470 2271025025837960 2271025100768088 2271025713397336
2271025713398162 2271025713660228 2271025798565412 2271026417952656 2271026417952684 2271026418281124 2271026498583668 2271027138387882
2271027138389618 2271027138645342 2271027159602894 2271027802652896 2271027802652924 2271027802914416 2271027821820912 2271028443966226
2271028443967150 2271028444226990 2271028531981608 2271029160103004 2271029160103046 2271029160333206 2271029200612942 2271029825819342
2271029825820742 2271029826080932 2271029895061900 2271030518901606 2271030518901634 2271030519223858 2271030567288224 2271031198463860

2271018988235340 2271018988413112 2271018988722148 2271019617181966 2271019617181994 2271019617448316 2271019640456714 2271020265363934
2271020265365824 2271020265620064 2271020325066878 2271020952736718 2271020952736746 2271020952992876 2271021011767270 2271021636925034
2271021636926742 2271021637186274 2271021694477620 2271022315581866 2271022315581908 2271022315800000 2271022363237866 2271022982240152
2271022982240656 2271022982501154 2271023049705956 2271023668365830 2271023668365872 2271023668625656 2271023745850300 2271024362460154
2271024362461974 2271024362686758 2271024429172114 2271025052696204 2271025052696232 2271025053018582 2271025118579812 2271025750555772
2271025750556276 2271025750813400 2271025784915790 2271026412302494 2271026412302522 2271026412561858 2271026473392768 2271027091583516
2271027091584216 2271027091850510 2271027147739322 2271027762021144 2271027762021186 2271027762278632 2271027832929884 2271028462866912
2271028462868606 2271028463120074 2271028517561370 2271029152352660 2271029152352688 2271029152640024 2271029198651920 2271029813198972
2271029813200946 2271029813452876 2271029892155416 2271030514920734 2271030514920776 2271030515177228 2271030564146988 2271031193592070

2271025147323016 2271025147621272 2271025147832602 2271025799184716 2271025799184744 2271025799413966 2271025799603204 2271026436232778
2271026436233310 2271026436491092 2271026436779912 2271027058745928 2271027058745970 2271027059001414 2271027112219096 2271027738442050
2271027738442498 2271027738704620 2271027823764896 2271028445903378 2271028445903420 2271028446161006 2271028498567752 2271029121068820
2271029121069464 2271029121380432 2271029173222810 2271029834374616 2271029834374658 2271029834618090 2271029839508276 2271030510964684
2271030510966140 2271030511204994 2271030522495308 2271031169642928 2271031169642970 2271031169915718 2271031221174394 2271031851339230
2271031851340910 2271031851596830 2271031910049518 2271032542348864 2271032542348906 2271032542609082 2271032585532578 2271033219609098
2271033219611002 2271033219873362 2271033278361932 2271033932425272 2271033932425300 2271033932651246 2271033949017596 2271034584249466
2271034584249998 2271034584520436 2271034627779008 2271035250736854 2271035250736882 2271035251000292 2271035336328262 2271035969648558
2271035969648866 2271035969910778 2271036014376640 2271036650257914 2271036650257956 2271036650516928 2271036676482574 2271037322599962

2271136137185608 2271136137403546 2271136137653950 2271136780819200 2271136780819228 2271136781047512 2271136789386150 2271137421020244
2271137421021924 2271137421275212 2271137453021346 2271138078565174 2271138078565202 2271138078820100 2271138139660418 2271138769042864
2271138769044684 2271138769298532 2271138824828468 2271139460211426 2271139460211468 2271139460429686 2271139510451350 2271140144596316
2271140144596862 2271140144857752 2271140185656622 2271140802150570 2271140802150612 2271140802366002 2271140873748390 2271141486074216
2271141486075028 2271141486334588 2271141548762828 2271142154584268 2271142154584296 2271142154843002 2271142228505276 2271142844028492
2271142844028996 2271142844339782 2271142913811562 2271143527841160 2271143527841202 2271143528099698 2271143596891204 2271144243822650
2271144243824554 2271144244038558 2271144270781120 2271144903097210 2271144903097238 2271144903356868 2271144948726010 2271145566419240
2271145566421186 2271145566679290 2271145641096808 2271146266226096 2271146266226138 2271146266447268 2271146338297802 2271146961372492
2271146961372982 2271146961628468 2271147008980402 2271147627620214 2271147627620242 2271147627902804 2271147711692300 2271148342118012

2271020332227542 2271020332445396 2271020332773248 2271020961532078 2271020961532120 2271020961846140 2271020962071862 2271021591911072
2271021591912766 2271021592182868 2271021660744816 2271022287841818 2271022287841860 2271022288190992 2271022344705660 2271022977145734
2271022977146448 2271022977403782 2271023039577320 2271023665452822 2271023665452864 2271023665713040 2271023718943140 2271024342635902
2271024342636448 2271024342953324 2271024405853630 2271025020087054 2271025020087096 2271025020397756 2271025089868752 2271025704098032
2271025704098536 2271025704358950 2271025765381352 2271026393736716 2271026393736744 2271026393999510 2271026458449350 2271027077310446
2271027077312308 2271027077633734 2271027146862194 2271027794589848 2271027794589876 2271027794854210 2271027831271654 2271028455636948
2271028455638796 2271028455906980 2271028492655944 2271029117850220 2271029117850248 2271029118123276 2271029189022650 2271029826723000
2271029826734858 2271029826970464 2271029861584960 2271030490097152 2271030490097180 2271030490368010 2271030557719294 2271031191096822
2271031191097158 2271031191364208 2271031226420782 2271031863075094 2271031863075122 2271031863350306 2271031920032078 2271032546866370

2271017649218766 2271017649434604 2271017649686576 2271018273292342 2271018273292370 2271018273566686 2271018349425938 2271018966032250
2271018966032936 2271018966295366 2271019039201094 2271019655138458 2271019655138486 2271019655465358 2271019726602270 2271020341803234
2271020341803920 2271020342059714 2271020412368302 2271021023751942 2271021023751970 2271021024003494 2271021099045076 2271021710310010
2271021710311592 2271021710569598 2271021784802428 2271022406415392 2271022406415420 2271022406714418 2271022468973608 2271023081966492
2271023081967024 2271023082223182 2271023152880104 2271023760237386 2271023760238422 2271023760564174 2271023832506044 2271024437734528
2271024437735214 2271024438039812 2271024510986042 2271025132093060 2271025132093088 2271025132358682 2271025189576318 2271025801134930
2271025801135518 2271025801360344 2271025867178768 2271026481560340 2271026481560368 2271026481817702 2271026554834156 2271027178102088
2271027178102774 2271027178425320 2271027235209866 2271027859253370 2271027859253412 2271027859513868 2271027924095448 2271028539322130
2271028539322858 2271028539581494 2271028605244630 2271029220069834 2271029220069862 2271029220400066 2271029293836296 2271029918023398

2271018326346378 2271018326564120 2271018326806082 2271018950600904 2271018950600932 2271018950872084 2271018978596046 2271019604742518
2271019604744030 2271019605004892 2271019652553246 2271020268782244 2271020268783294 2271020269046228 2271020345318998 2271020962803432
2271020962805056 2271020963067682 2271021041234708 2271021662605038 2271021662605066 2271021662862876 2271021730297138 2271022346410356
2271022346410846 2271022346674620 2271022403543068 2271023004363232 2271023004364282 2271023004623688 2271023085567810 2271023701164834
2271023701166262 2271023701426298 2271023772223346 2271024399838908 2271024399839972 2271024400104922 2271024454411398 2271025086353352
2271025086354052 2271025086620920 2271025123673544 2271025753072524 2271025753073560 2271025753338454 2271025816434494 2271026440328562
2271026440331068 2271026440594562 2271026480353008 2271027100050170 2271027100050198 2271027100374564 2271027173480716 2271027806432630
2271027806433344 2271027806699260 2271027855693506 2271028479816782 2271028479817832 2271028480080206 2271028546237500 2271029174812384
2271029174812888 2271029175072854 2271029224770278 2271029855128006 2271029855129196 2271029855396372 2271029903711954 2271030528332272

2271022927085864 2271022927302906 2271022927526808 2271023553638490 2271023553638518 2271023553912316 2271023617394882 2271024242511192
2271024242512956 2271024242826794 2271024305059314 2271024927266788 2271024927266816 2271024927527272 2271024989976470 2271025614265030
2271025614265744 2271025614582368 2271025674895572 2271026299899980 2271026299900008 2271026300158378 2271026355895836 2271026975208950
2271026975209426 2271026975465850 2271027038248766 2271027645343492 2271027645343520 2271027645608498 2271027712221156 2271028338256272
2271028338256706 2271028338567002 2271028393664464 2271029018007512 2271029018007540 2271029018331094 2271029074252176 2271029703360670
2271029703362518 2271029703620566 2271029755353296 2271030383406988 2271030383407016 2271030383671252 2271030442539544 2271031060274256
2271031060275922 2271031060588290 2271031120627626 2271031735944818 2271031735944846 2271031736206842 2271031799472464 2271032430114672
2271032430116436 2271032430380546 2271032488608282 2271033107155568 2271033107155596 2271033107425698 2271033171328110 2271033798521222
2271033798521726 2271033798791380 2271033859275468 2271034488307704 2271034488307746 2271034488648408 2271034546855172 2271035166436932
