16 8816
2271396106532168 2271396120479178 2271396143968294 2271396784794872 2271396120479696 2271396135026550 2271396785083552 2271397426565218
2271396143977394 2271396152188758 2271397426871342 2271398069572870 2271396785083482 2271396794181550 2271398069801280 2271398712136162
2271397426870866 2271397433094580 2271398712409694 2271399362835582 2271398069801658 2271398076129924 2271399363064328 2271399999949990
2271398712409162 2271398718645518 2271400000174788 2271400649359870 2271399363064244 2271399370892708 2271400649494900 2271401295191770
2271400000174620 2271400006582546 2271401295419942 2271401941548180 2271400649494508 2271400656496342 2271401941773384 2271402583441376
2271401295418906 2271401301923222 2271402583731246 2271403238511288 2271401941773440 2271401947895430 2271403238803944 2271403877106476
2271402583730980 2271402589921262 2271403877330252 2271404517607792 2271403238804056 2271403245754566 2271404517833500 2271405161311818
2271403877329986 2271403884060108 2271405161538170 2271405811868466 2271404517833668 2271404524164314 2271405812094762 2271406458621902
2271405161537260 2271405168055212 2271406458844222 2271407099673306 2271405812095056 2271405818944654 2271407099841950 2271407757579114

2271395731443678 2271395742850402 2271395777435554 2271396428380632 2271395742850780 2271395760196248 2271396428678454 2271397077503568
2271395777438032 2271395783930042 2271397077740546 2271397757914656 2271396428678734 2271396435276640 2271397758087864 2271398441544218
2271397077740700 2271397083814642 2271398441785914 2271399124140916 2271397758087500 2271397765076972 2271399124316084 2271399806832548
2271398441785116 2271398448549440 2271399807004356 2271400488836710 2271399124315958 2271399130850206 2271400489018822 2271401172450438
2271399807004020 2271399814937470 2271401172534130 2271401849402224 2271400489018738 2271400495851718 2271401849581410 2271402525208740
2271401172533192 2271401181247940 2271402525336868 2271403204873166 2271401849581060 2271401855980530 2271403205027292 2271403879554768
2271402525334614 2271402533344322 2271403879720850 2271404555871290 2271403205026788 2271403211926100 2271404556045450 2271405242741642
2271403879720220 2271403888063422 2271405242917188 2271405928992564 2271404556045576 2271404562367696 2271405929168348 2271406614729126
2271405242916222 2271405251103408 2271406614822030 2271407300175636 2271405929168446 2271405935709400 2271407300271998 2271407982452154

2271401231853348 2271401246041956 2271401268502898 2271401911568776 2271401246042306 2271401260402288 2271401911859766 2271402550850860
2271401268511578 2271401277059670 2271402551079200 2271403189124342 2271401911859360 2271401923883526 2271403189348538 2271403829605162
2271402551078696 2271402557436782 2271403829892386 2271404467307248 2271403189348650 2271403196138202 2271404467531724 2271405105756416
2271403829891532 2271403836110332 2271405105977406 2271405742892202 2271404467531808 2271404474187884 2271405743113892 2271406396128758
2271405105977098 2271405113387102 2271406396351624 2271407031079732 2271405743113850 2271405750080404 2271407031304852 2271407671163554
2271406396351260 2271406402890310 2271407671327914 2271408296991666 2271407031304768 2271407041239602 2271408297212306 2271408940873870
2271407671327368 2271407678014804 2271408941044614 2271409572892502 2271408297212376 2271408304076352 2271409573113562 2271410214475374
2271408941044110 2271408947626686 2271410214630354 2271410859635722 2271409573113296 2271409579292126 2271410859859372 2271411512135878
2271410214629948 2271410220806692 2271411512152104 2271412144655514 2271410859859624 2271410868879180 2271412144876028 2271412788895012

2271497488658790 2271497504242288 2271497530328376 2271498183002482 2271497504242484 2271497518218278 2271498183237654 2271498845330778
2271497530330140 2271497537175412 2271498845510370 2271499526189460 2271498183237486 2271498190642310 2271499526291604 2271500208620048
2271498845509950 2271498852197302 2271500208750570 2271500889707924 2271499526291856 2271499533134454 2271500889959056 2271501573668068
2271500208749772 2271500215813906 2271501573833030 2271502254872802 2271500889958734 2271500896437682 2271502254981652 2271502934765190
2271501573833730 2271501580150936 2271502934938034 2271503615121580 2271502254981666 2271502261133798 2271503615217130 2271504293558892
2271502934937740 2271502943471286 2271504293668988 2271504979315978 2271503615217200 2271503621761668 2271504979417114 2271505651734858
2271504293668540 2271504301827320 2271505651836358 2271506330671018 2271504979417422 2271504989120710 2271506330766750 2271507017070676
2271505651835868 2271505658579976 2271507017185266 2271507698017012 2271506330766918 2271506337155006 2271507698122404 2271508384778472
2271507017184650 2271507026519990 2271508384910534 2271509070363204 2271507698122306 2271507705551042 2271509070459482 2271509749272764

2271397710649942 2271397727248160 2271397750132924 2271398397578674 2271397727248342 2271397742511226 2271398397880150 2271399042997826
2271397750140022 2271397757755196 2271399043233796 2271399692690464 2271398397879926 2271398410497622 2271399692923298 2271400339848654
2271399043233110 2271399050757634 2271400340080816 2271400990816748 2271399692923074 2271399699942800 2271400991045718 2271401629798798
2271400340080732 2271400346668320 2271401630036042 2271402251337562 2271400991046026 2271400997267374 2271402251571586 2271402873551280
2271401630035258 2271401635982150 2271402873782140 2271403502721388 2271402251571292 2271402257877732 2271403502916604 2271404143549702
2271402873781342 2271402884522590 2271404143780940 2271404780009750 2271403502917654 2271403509247306 2271404780241394 2271405429221726
2271404143780520 2271404155410166 2271405429372898 2271406081639618 2271404780241618 2271404789017098 2271406081872200 2271406722360608
2271405429372184 2271405437134064 2271406722596522 2271407370660176 2271406081871920 2271406088306670 2271407370889244 2271408015372916
2271406722593540 2271406730485410 2271408015604098 2271408656121612 2271407370888894 2271407377298738 2271408656352766 2271409311709594

2271399736586652 2271399750951212 2271399779897094 2271400412408442 2271399750951576 2271399765671330 2271400412736532 2271401047868456
2271399779907034 2271399787643882 2271401048094948 2271401680548966 2271400412736518 2271400420194570 2271401680844156 2271402314716920
2271401048094472 2271401054296206 2271402315008386 2271402951286868 2271401680840922 2271401688253796 2271402951514060 2271403577378166
2271402315007910 2271402323387022 2271403577667322 2271404222577714 2271402951513850 2271402958347362 2271404222805368 2271404857315076
2271403577666986 2271403584170924 2271404857541078 2271405503172596 2271404222805340 2271404228962610 2271405503398038 2271406138386924
2271404857540952 2271404863401884 2271406138611932 2271406762575314 2271405503398136 2271405509754486 2271406762798068 2271407408957050
2271406138611652 2271406145458422 2271407409048134 2271408035711906 2271406762798432 2271406768815240 2271408035883896 2271408670301036
2271407409047630 2271407416037690 2271408670529362 2271409304245424 2271408035884092 2271408042006726 2271409304476998 2271409948132318
2271408670528844 2271408677541206 2271409948148208 2271410589443114 2271409304476550 2271409311573010 2271410589658826 2271411218790588

2271393840898000 2271393853348032 2271393881320004 2271394507986128 2271393853348284 2271393867928850 2271394508356442 2271395141341102
2271393881329034 2271393887848190 2271395141577730 2271395772291898 2271394508356204 2271394514667194 2271395772560572 2271396404319448
2271395141577212 2271395147718088 2271396404554970 2271397033488870 2271395772560530 2271395779134202 2271397033719562 2271397668100988
2271396404554452 2271396411005302 2271397668333066 2271398304584080 2271397033719618 2271397039762886 2271398304823844 2271398928197812
2271397668332492 2271397674392112 2271398928430646 2271399552952936 2271398304823942 2271398311173894 2271399553184006 2271400187236726
2271398928429890 2271398934886578 2271400187476406 2271400823572314 2271399553184356 2271399559187318 2271400823805624 2271401446674500
2271400187475832 2271400193473040 2271401446903638 2271402078766058 2271400823805484 2271400829852406 2271402078994314 2271402705986554
2271401446903050 2271401452914160 2271402706217246 2271403329675158 2271402078994496 2271402085052856 2271403329910176 2271403966920970
2271402706216924 2271402712338998 2271403967092554 2271404604874790 2271403329910442 2271403336113016 2271404605108002 2271405228252818

2271393768532434 2271393780668138 2271393809835220 2271394445360558 2271393780668320 2271393795214390 2271394445658030 2271395083726902
2271393809845790 2271393817176148 2271395083961038 2271395721945308 2271394445657750 2271394454032004 2271395722177526 2271396362829342
2271395083960282 2271395090339046 2271396363058452 2271397004986830 2271395722177498 2271395729780828 2271397005279822 2271397641507344
2271396363058018 2271396369778340 2271397641733808 2271398275926276 2271397005279514 2271397012564442 2271398276158536 2271398913510132
2271397641733710 2271397648000432 2271398913739662 2271399544942878 2271398276158550 2271398286466638 2271399545178974 2271400171282368
2271398913739172 2271398919882554 2271400171516784 2271400800181394 2271399545179156 2271399551493478 2271400800416188 2271401448594222
2271400171515580 2271400178019868 2271401448827210 2271402091985922 2271400800415810 2271400806703924 2271402092283422 2271402724534748
2271401448826664 2271401454953428 2271402724774204 2271403376488848 2271402092283212 2271402101872890 2271403376725812 2271404017421238
2271402724773714 2271402732176284 2271404017652882 2271404655885806 2271403376725420 2271403384047686 2271404656120530 2271405304231952

2271391007089036 2271391019565038 2271391047286844 2271391686250890 2271391019565248 2271391033205588 2271391686550504 2271392331964042
2271391047296070 2271391054126908 2271392332211408 2271392974341484 2271391686550224 2271391693033190 2271392974577804 2271393621738598
2271392332210260 2271392338692582 2271393621967918 2271394265981890 2271392974577328 2271392981030754 2271394266221290 2271394905246040
2271393621967078 2271393628150178 2271394905477922 2271395538265070 2271394266221192 2271394272604772 2271395538499500 2271396176216818
2271394905476956 2271394911504894 2271396176444136 2271396806748202 2271395538499038 2271395544875534 2271396806979412 2271397445137478
2271396176443954 2271396184720810 2271397445370620 2271398090865246 2271396806979160 2271396813414232 2271398091093880 2271398732426012
2271397445370046 2271397452441236 2271398732655290 2271399368893382 2271398091094104 2271398097412472 2271399369126678 2271400017723018
2271398732655052 2271398741006948 2271400017960122 2271400668329562 2271399369126692 2271399375459662 2271400668561416 2271401307341530
2271400017959058 2271400025982542 2271401307652820 2271401947670100 2271400668561654 2271400675219984 2271401947902052 2271402602123018

2271390968450184 2271390982407106 2271391005137478 2271391641101226 2271390982407470 2271390996691698 2271391641390886 2271392281702264
2271391005138332 2271391014466518 2271392281997678 2271392918360594 2271391641391698 2271391651698722 2271392918587016 2271393556714870
2271392281997202 2271392289423768 2271393556938310 2271394197590392 2271392918587016 2271392930366308 2271394197815358 2271394835235876
2271393556937736 2271393565665784 2271394835464692 2271395475990256 2271394197815232 2271394204349844 2271395476214760 2271396108865254
2271394835464244 2271394841349088 2271396109155446 2271396742068916 2271395476214858 2271395482843284 2271396742237042 2271397381256822
2271396109154872 2271396115552998 2271397381555344 2271398014982194 2271396742237042 2271396748338438 2271398015204318 2271398652982858
2271397381555008 2271397387841596 2271398653205234 2271399291816760 2271398015204416 2271398021326252 2271399292044960 2271399920636728
2271398653204744 2271398659307848 2271399920864914 2271400548435746 2271399292045002 2271399298333998 2271400548658402 2271401190540986
2271399920864298 2271399926940914 2271401190765546 2271401832311122 2271400548658276 2271400555255062 2271401832536284 2271402458643976

2271397121421554 2271397137186422 2271397160681740 2271397801867180 2271397137186604 2271397151397710 2271397802155678 2271398445219596
2271397160684330 2271397170704438 2271398445434860 2271399089122576 2271397802155650 2271397812617038 2271399089353184 2271399730228874
2271398445431528 2271398453649108 2271399730391120 2271400374262404 2271399089354080 2271399099253284 2271400374486866 2271401013456554
2271399730390938 2271399738768986 2271401013754880 2271401654339496 2271400374487258 2271400381032874 2271401654560654 2271402297393796
2271401013754754 2271401023558828 2271402297615500 2271402931759122 2271401654560864 2271401660965304 2271402931979272 2271403574899634
2271402297614814 2271402303961490 2271403575123900 2271404216483794 2271402931979300 2271402941712198 2271404216705106 2271404857684998
2271403575123144 2271403581510938 2271404857907584 2271405491158286 2271404216705526 2271404230036760 2271405491274346 2271406148837672
2271404857907458 2271404867024818 2271406148948412 2271406806383036 2271405491274766 2271405502826740 2271406806493020 2271407457461058
2271406148948790 2271406158046746 2271407457567752 2271408105567258 2271406806493762 2271406822394626 2271408105792910 2271408755652204

2271508111770772 2271508125851580 2271508148020076 2271508786660792 2271508125851902 2271508140090630 2271508786951054 2271509425490494
2271508148020496 2271508155381346 2271509425722180 2271510071924842 2271508786950746 2271508794335900 2271510072167770 2271510714776898
2271509425721634 2271509434267206 2271510715007660 2271511358822118 2271510072168288 2271510080084196 2271511359128354 2271511998205282
2271510715007170 2271510721103960 2271511998438396 2271512624697946 2271511359128200 2271511369356614 2271512624926440 2271513251113820
2271511998438116 2271512009370156 2271513251337932 2271513885277770 2271512624926804 2271512632393004 2271513885385654 2271514506086238
2271513251337386 2271513257844558 2271514506244242 2271515154407212 2271513885385696 2271513893445062 2271515154510966 2271515791692882
2271514506243976 2271514513103080 2271515791867448 2271516434375720 2271515154510938 2271515161917526 2271516434607420 2271517069441438
2271515791867420 2271515798544650 2271517069612798 2271517712057286 2271516434607042 2271516444570828 2271517712284968 2271518347012600
2271517069612210 2271517076197362 2271518347276850 2271518977059094 2271517712285626 2271517719192400 2271518977221872 2271519618803708

2271392303353950 2271392314935072 2271392339941116 2271392983895588 2271392314935268 2271392331077170 2271392984180880 2271393627591914
2271392339943692 2271392348093358 2271393627825210 2271394272763364 2271392984180488 2271392994378662 2271394272992908 2271394916045822
2271393627825084 2271393635250544 2271394916271068 2271395557843958 2271394272992866 2271394279955010 2271395558068168 2271396200221932
2271394916270452 2271394923031808 2271396200444882 2271396828347486 2271395558067482 2271395564446736 2271396828573600 2271397460517514
2271396200444056 2271396207073000 2271397460750880 2271398083251276 2271396828573894 2271396834906766 2271398083477488 2271398719322250
2271397460750950 2271397467060204 2271398719553264 2271399354782334 2271398083477474 2271398090108728 2271399355092196 2271400005526064
2271398719553222 2271398726765616 2271400005647486 2271400642442106 2271399355092266 2271399361612626 2271400642679672 2271401293788228
2271400005635264 2271400013083544 2271401294019102 2271401930421008 2271400642679728 2271400650496404 2271401930723534 2271402583357208
2271401294018836 2271401301659504 2271402583594340 2271403234563624 2271401930723576 2271401936991012 2271403234798362 2271403870538124

2271389617325654 2271389629746216 2271389659985334 2271390291267706 2271389629746412 2271389644734518 2271390291564506 2271390925916868
2271389659994294 2271389668047122 2271390926152026 2271391557987678 2271390291564058 2271390298141090 2271391558226770 2271392194562750
2271390926151620 2271390932526464 2271392194795528 2271392827672444 2271391558226084 2271391564861496 2271392827911830 2271393457876956
2271392194794772 2271392201057756 2271393458109314 2271394088464088 2271392827911746 2271392833912608 2271394088702998 2271394718791380
2271393458108880 2271393463913210 2271394719028288 2271395339507378 2271394088702718 2271394094837042 2271395339742494 2271395962234532
2271394719027504 2271394724998714 2271395962467730 2271396586928126 2271395339742620 2271395346105116 2271396587160820 2271397227067444
2271395962467254 2271395968736608 2271397227302910 2271397855973414 2271396587160498 2271396593188996 2271397856201894 2271398494175090
2271397227302700 2271397233659302 2271398494406482 2271399132845934 2271397856201866 2271397862419042 2271399133084410 2271399765585944
2271398494406104 2271398500617680 2271399765817896 2271400400662120 2271399133084452 2271399139813678 2271400400958206 2271401040241032

2271390295433882 2271390307584328 2271390335666564 2271390969179416 2271390307584678 2271390322347958 2271390969489740 2271391606850534
2271390335675328 2271390342058250 2271391607080778 2271392245550988 2271390969490062 2271390976962884 2271392245784606 2271392884792654
2271391607080638 2271391613698634 2271392885026636 2271393523741174 2271392245784522 2271392253227846 2271393523979594 2271394157273136
2271392885026370 2271392891145308 2271394157504626 2271394786668658 2271393523979328 2271393532508926 2271394786902850 2271395417912012
2271394157504388 2271394163541300 2271395418141416 2271396049466572 2271394786902514 2271394794705960 2271396049704138 2271396685965540
2271395418141346 2271395424664786 2271396686194244 2271397320255994 2271396049704586 2271396056086878 2271397320483606 2271397960610604
2271396686193754 2271396693123390 2271397960838692 2271398594452904 2271397320484068 2271397326708300 2271398594747408 2271399237626386
2271397960838398 2271397967668368 2271399237854250 2271399881509192 2271398594746498 2271398601038714 2271399881741032 2271400516974820
2271399237853956 2271399244054094 2271400517198218 2271401164155186 2271399881741536 2271399887944334 2271401164382532 2271401798831158

2271394892350906 2271394905942442 2271394932902144 2271395569808148 2271394905942638 2271394921496680 2271395570101882 2271396209283334
2271394932910600 2271394940632258 2271396209512332 2271396847833736 2271395570101826 2271395576651768 2271396848065590 2271397487364922
2271396209511478 2271396215689104 2271397487624916 2271398121394458 2271396848065352 2271396854794130 2271398121628846 2271398766850374
2271397487624580 2271397494067898 2271398767084426 2271399412416890 2271398121628888 2271398127795300 2271399412652370 2271400046426378
2271398767084216 2271398775677010 2271400046657084 2271400679371320 2271399412652552 2271399419824822 2271400679600262 2271401326328260
2271400046657014 2271400053535396 2271401326560940 2271401958502460 2271400679600654 2271400687661084 2271401958732522 2271402602278796
2271401326560562 2271401333795244 2271402602507192 2271403245712986 2271401958732886 2271401966614536 2271403245944126 2271403889499822
2271402602507500 2271402609198954 2271403889739418 2271404522079728 2271403245945106 2271403253651742 2271404522313290 2271405165909236
2271403889739040 2271403896108480 2271405166136232 2271405821646486 2271404522313178 2271404529100308 2271405821955774 2271406454483040
