16 740
2270827804453642 2270827805029350 2270827806182012 2270827860632016 2270827805029574 2270827805488242 2270827860645092 2270827914435668
2270827806183244 2270827806529394 2270827914448100 2270827967582986 2270827860643104 2270827861055012 2270827967596538 2270828021085246
2270827914446826 2270827914859364 2270828021097132 2270828074493398 2270827967595558 2270827968016412 2270828074509036 2270828127807400
2270828021095998 2270828021451654 2270828127819370 2270828181851236 2270828074507440 2270828074861696 2270828181862310 2270828235371906
2270828127817746 2270828128206442 2270828235383246 2270828288698914 2270828181861680 2270828182204792 2270828288711808 2270828341644814
2270828235381972 2270828235730390 2270828341659206 2270828394846606 2270828288710408 2270828289059120 2270828394857162 2270828447974128
2270828341657736 2270828342007512 2270828447984348 2270828502306714 2270828394856196 2270828395210480 2270828502322058 2270828555950206
2270828447983004 2270828448330190 2270828555961784 2270828609262192 2270828502320672 2270828502669258 2270828609274624 2270828662405898
2270828555960972 2270828556308956 2270828662416398 2270828716118354 2270828609274008 2270828609625548 2270828716132368 2270828769865558

2270827434750616 2270827435254028 2270827441581566 2270827495214474 2270827435254126 2270827435762340 2270827495229454 2270827549282642
2270827441588524 2270827441952090 2270827549296152 2270827602942080 2270827495228026 2270827495568422 2270827602953798 2270827656560652
2270827549295606 2270827549654860 2270827656571698 2270827710417042 2270827602952594 2270827603349522 2270827710432204 2270827763612100
2270827656571264 2270827656926136 2270827763624476 2270827816930218 2270827710431798 2270827710823504 2270827816941236 2270827870260530
2270827763623454 2270827764039548 2270827870272276 2270827923246148 2270827816940732 2270827817298726 2270827923259252 2270827976070752
2270827870271380 2270827870620694 2270827976084234 2270828029108548 2270827923258972 2270827923607908 2270828029120098 2270828081949000
2270827976083086 2270827976449634 2270828081961250 2270828135406166 2270828029119482 2270828029509914 2270828135418668 2270828188621342
2270828081960662 2270828082346866 2270828188634404 2270828242127690 2270828135417548 2270828135778118 2270828242140696 2270828295622530
2270828188633102 2270828188987288 2270828295634878 2270828349496546 2270828242140360 2270828242499096 2270828349510910 2270828403263658

2270832921198408 2270832921801066 2270832922784762 2270832976187314 2270832921801164 2270832922271998 2270832976200474 2270833030146296
2270832922786792 2270832923201332 2270833030160352 2270833083926498 2270832976199998 2270832976531756 2270833083939434 2270833137361936
2270833030159484 2270833030514678 2270833137374088 2270833190864840 2270833083938258 2270833084288902 2270833190879764 2270833244063426
2270833137373122 2270833137725446 2270833244077034 2270833297596402 2270833190878826 2270833191262762 2270833297608372 2270833350982476
2270833244076544 2270833244461334 2270833350994432 2270833404299964 2270833297607826 2270833297957966 2270833404314006 2270833457269468
2270833350993662 2270833351338804 2270833457285232 2270833510481228 2270833404313264 2270833404662396 2270833510494052 2270833563305230
2270833457284168 2270833457634742 2270833563318474 2270833616955484 2270833510493184 2270833510846068 2270833616966530 2270833670129304
2270833563317452 2270833563672114 2270833670141512 2270833723815202 2270833616965550 2270833617378256 2270833723828684 2270833777953902
2270833670140140 2270833670519022 2270833777968462 2270833831123158 2270833723827760 2270833724185222 2270833831138474 2270833884372466

2270929183743836 2270929184250846 2270929196677442 2270929250763390 2270929184251070 2270929184700750 2270929250775388 2270929304870954
2270929196684764 2270929197061882 2270929304883274 2270929359007246 2270929250774870 2270929251128216 2270929359021498 2270929413375812
2270929304883008 2270929305330756 2270929413388006 2270929467710288 2270929359020238 2270929359383706 2270929467722720 2270929521480550
2270929413386718 2270929413747540 2270929521491988 2270929575651590 2270929467721418 2270929468080406 2270929575665226 2270929629143364
2270929521490336 2270929521923342 2270929629156300 2270929685747912 2270929575664470 2270929576020840 2270929685759000 2270929742483192
2270929629155278 2270929629537198 2270929742494588 2270929796587186 2270929685758342 2270929686127704 2270929796600556 2270929849390160
2270929742493552 2270929742913720 2270929849401962 2270929903477004 2270929796599534 2270929797040968 2270929903489436 2270929957301614
2270929849400408 2270929849758458 2270929957312436 2270930011106036 2270929903487896 2270929903844868 2270930011116536 2270930065301492
2270929957311190 2270929957709168 2270930065313378 2270930119297238 2270930011116466 2270930011473606 2270930119310356 2270930172921060

2270829404498256 2270829404993016 2270829408544480 2270829462300364 2270829404993114 2270829405493404 2270829462310864 2270829515793496
2270829408550682 2270829408897154 2270829515808448 2270829569411928 2270829462310458 2270829462672470 2270829569425774 2270829622711958
2270829515807622 2270829516172672 2270829622724432 2270829675927092 2270829569425074 2270829569901648 2270829675939678 2270829729299614
2270829622723578 2270829623078436 2270829729310520 2270829782525444 2270829675939244 2270829676378214 2270829782541306 2270829835917048
2270829729309806 2270829729729624 2270829835930334 2270829889107332 2270829782540704 2270829782938906 2270829889120632 2270829942380342
2270829835929270 2270829836280152 2270829942394860 2270829995815332 2270829889119666 2270829889470198 2270829995825930 2270830048782372
2270829942394916 2270829942743796 2270830048793740 2270830102857596 2270829995825188 2270829996211700 2270830102870112 2270830156103320
2270830048792536 2270830049146722 2270830156115318 2270830209890508 2270830102869524 2270830103224256 2270830209901722 2270830263832956
2270830156114086 2270830156460026 2270830263844562 2270830318389612 2270830209900826 2270830210251932 2270830318403290 2270830372015800

2270831433436398 2270831434273150 2270831435503036 2270831489664934 2270831434273360 2270831434733876 2270831489678332 2270831543411060
2270831435505920 2270831435850600 2270831543424752 2270831597206088 2270831489676652 2270831490043998 2270831597218128 2270831650631082
2270831543423968 2270831543865570 2270831650643654 2270831704646288 2270831597217106 2270831597574540 2270831704659462 2270831758301666
2270831650641022 2270831650993892 2270831758313454 2270831812156362 2270831704657670 2270831705010932 2270831812169060 2270831865777132
2270831758312404 2270831758664574 2270831865788920 2270831919741210 2270831812167436 2270831812524338 2270831919753082 2270831973706828
2270831865787786 2270831866151002 2270831973720800 2270832027590140 2270831919751962 2270831920101388 2270832027601662 2270832081266322
2270831973719064 2270831974107410 2270832081277914 2270832135281458 2270832027600626 2270832027960034 2270832135291412 2270832188884098
2270832081276780 2270832081661738 2270832188895550 2270832243545054 2270832135290460 2270832135654306 2270832243556114 2270832297580084
2270832188894066 2270832189278422 2270832297591872 2270832351378402 2270832243555078 2270832243932994 2270832351391520 2270832405335326

2270825538310672 2270825538801442 2270825542270824 2270825596211270 2270825538801764 2270825539325546 2270825596248986 2270825649833804
2270825542278342 2270825542624226 2270825649846628 2270825703492136 2270825596231710 2270825596564616 2270825703505884 2270825756890404
2270825649845340 2270825650235478 2270825756902836 2270825810409198 2270825703504820 2270825703937224 2270825810419880 2270825863499998
2270825756902430 2270825757255720 2270825863510148 2270825916656500 2270825810418410 2270825810769292 2270825916669534 2270825969732390
2270825863509168 2270825863862766 2270825969745550 2270826022679550 2270825916668414 2270825917026352 2270826022689294 2270826075461426
2270825969744836 2270825970095760 2270826075472234 2270826128514664 2270826022688328 2270826023041324 2270826128528062 2270826181259062
2270826075470918 2270826075825258 2270826181270822 2270826235054174 2270826128526046 2270826128875766 2270826235067166 2270826288588942
2270826181269744 2270826181658636 2270826288601472 2270826342532678 2270826235066340 2270826235420792 2270826342543626 2270826396099520
2270826288600828 2270826288946082 2270826396110552 2270826449454654 2270826342542576 2270826342883784 2270826449467982 2270826503205148

2270825464229784 2270825464732440 2270825474380484 2270825527842690 2270825464732552 2270825465203190 2270825527857054 2270825581377234
2270825474390270 2270825474748936 2270825581390688 2270825635147776 2270825527855556 2270825528190814 2270825635160474 2270825688476002
2270825581389554 2270825581758076 2270825688488560 2270825742038322 2270825635159662 2270825635523746 2270825742050936 2270825795618380
2270825688487762 2270825688846386 2270825795629048 2270825848795266 2270825742049984 2270825742412444 2270825848808020 2270825902279312
2270825795628026 2270825795988204 2270825902291576 2270825955891416 2270825848807320 2270825849179678 2270825955902196 2270826009772628
2270825902290960 2270825902694104 2270826009783730 2270826063166906 2270825955900936 2270825956295050 2270826063179590 2270826116360214
2270826009782918 2270826010183920 2270826116371974 2270826170683854 2270826063179240 2270826063561944 2270826170696454 2270826224357124
2270826116370714 2270826116780830 2270826224367750 2270826278777392 2270826170695782 2270826171081580 2270826278790566 2270826332233760
2270826224366378 2270826224712808 2270826332245520 2270826386489388 2270826278789572 2270826279149288 2270826386502408 2270826440268190

2270822699125344 2270822699610472 2270822705937996 2270822759507050 2270822699610570 2270822700086934 2270822759521246 2270822813145782
2270822705944422 2270822706345606 2270822813161616 2270822867104568 2270822759520266 2270822759901654 2270822867117378 2270822920853914
2270822813160356 2270822813559790 2270822920865296 2270822974500528 2270822867116510 2270822867470388 2270822974515088 2270823028201112
2270822920865296 2270822921258850 2270823028214034 2270823082094322 2270822974513814 2270822974871094 2270823082108266 2270823135722750
2270823028212998 2270823028567086 2270823135734244 2270823189075518 2270823082107244 2270823082456376 2270823189089588 2270823242546390
2270823135733124 2270823136089452 2270823242558220 2270823297114890 2270823189088468 2270823189488140 2270823297127154 2270823350876864
2270823242557380 2270823242909060 2270823350892558 2270823404413102 2270823297126804 2270823297471806 2270823404423994 2270823457884002
2270823350891410 2270823351240794 2270823457894530 2270823511391428 2270823404423014 2270823404769360 2270823511405862 2270823564728222
2270823457893732 2270823458246896 2270823564741872 2270823618390208 2270823511405176 2270823511758732 2270823618403438 2270823671834284

2270822655336886 2270822655874234 2270822660405992 2270822714006756 2270822655874346 2270822656332062 2270822714019202 2270822767467520
2270822660409562 2270822660765596 2270822767479532 2270822821065946 2270822714018768 2270822714392820 2270822821078952 2270822874688998
2270822767478664 2270822767873086 2270822874703418 2270822928455536 2270822821078448 2270822821427636 2270822928467772 2270822981989394
2270822874702578 2270822875112708 2270822982000118 2270823035887280 2270822928466988 2270822928819844 2270823035900692 2270823089540376
2270822981999180 2270822982388982 2270823089554348 2270823142617484 2270823035900104 2270823036261976 2270823142628796 2270823195914742
2270823089552850 2270823089936898 2270823195928252 2270823249498762 2270823142628334 2270823143026256 2270823249509626 2270823302809810
2270823195927426 2270823196304698 2270823302821738 2270823356767168 2270823249508912 2270823249914674 2270823356779376 2270823410145892
2270823302820660 2270823303176414 2270823410158716 2270823464695240 2270823356778242 2270823357138098 2270823464707000 2270823518678162
2270823410157288 2270823410514400 2270823518691182 2270823572517248 2270823464705894 2270823465062754 2270823572530842 2270823625997234

2270828812522116 2270828813095962 2270828817195148 2270828871370654 2270828813096060 2270828813566278 2270828871383072 2270828924952882
2270828817201028 2270828817557020 2270828924965146 2270828979158530 2270828871381868 2270828871748724 2270828979173272 2270829032459386
2270828924963984 2270828925346058 2270829032473806 2270829086141574 2270828979171452 2270828979553470 2270829086154510 2270829139236602
2270829032472014 2270829032825248 2270829139249188 2270829193327282 2270829086153152 2270829086560048 2270829193340274 2270829246461832
2270829139248208 2270829139641454 2270829246471408 2270829300242384 2270829193339672 2270829193692150 2270829300256216 2270829353457714
2270829246470400 2270829246825216 2270829353467934 2270829406964552 2270829300254760 2270829300608134 2270829406975262 2270829460607666
2270829353466492 2270829353813748 2270829460620336 2270829514742474 2270829406974240 2270829407333228 2270829514755396 2270829568795872
2270829460619762 2270829461011958 2270829568810684 2270829622227446 2270829514754500 2270829515102022 2270829622237792 2270829675474906
2270829568809158 2270829569168818 2270829675486260 2270829728806912 2270829622236420 2270829622590410 2270829728820996 2270829782488134

2270939805942850 2270939806490110 2270939810489112 2270939863866674 2270939806490222 2270939806951788 2270939863879806 2270939917485274
2270939810491296 2270939810904184 2270939917499540 2270939971426630 2270939863878938 2270939864215008 2270939971438586 2270940025091402
2270939917498616 2270939917863162 2270940025106256 2270940079215430 2270939971438096 2270939971802558 2270940079231096 2270940133431942
2270940025104632 2270940025500356 2270940133447090 2270940186837994 2270940079230004 2270940079581208 2270940186853940 2270940239788836
2270940133445858 2270940133797832 2270940239800400 2270940293076644 2270940186852568 2270940187209456 2270940293090588 2270940346302446
2270940239799364 2270940240159906 2270940346315298 2270940399990332 2270940293090042 2270940293449786 2270940400003828 2270940453940158
2270940346314752 2270940346675308 2270940453954788 2270940507726212 2270940400002848 2270940400385244 2270940507736726 2270940561434860
2270940453953878 2270940454306860 2270940561447544 2270940614525590 2270940507735662 2270940508098206 2270940614538988 2270940667875866
2270940561446760 2270940561802346 2270940667888844 2270940721109760 2270940614538946 2270940614898914 2270940721123928 2270940774327344

2270824001290852 2270824001785136 2270824005678676 2270824059604548 2270824001785472 2270824002245078 2270824059618702 2270824112930128
2270824005686474 2270824006065216 2270824112941804 2270824167426318 2270824059617540 2270824060034488 2270824167437994 2270824221348788
2270824112940642 2270824113304586 2270824221360240 2270824275363182 2270824167437014 2270824167894744 2270824275376440 2270824328773658
2270824221359484 2270824221715714 2270824328787266 2270824382049286 2270824275375712 2270824275836746 2270824382062488 2270824435412456
2270824328786104 2270824329174422 2270824435424342 2270824489022138 2270824382062082 2270824382472366 2270824489033044 2270824542544460
2270824435423376 2270824435796210 2270824542555730 2270824596077184 2270824489032736 2270824489395812 2270824596088958 2270824650159926
2270824542554610 2270824542944048 2270824650171602 2270824703902748 2270824596088650 2270824596452342 2270824703913220 2270824757848038
2270824650170692 2270824650523226 2270824757858300 2270824811689938 2270824703912184 2270824704271326 2270824811702146 2270824865559516
2270824757857418 2270824758252540 2270824865569428 2270824918994478 2270824811701572 2270824812055660 2270824919007470 2270824972135762

2270821320235104 2270821320734498 2270821321770764 2270821375434668 2270821320734834 2270821321263040 2270821375445742 2270821428538348
2270821321781040 2270821322142968 2270821428552124 2270821481901980 2270821375444776 2270821375807992 2270821481914874 2270821535418870
2270821428551550 2270821428925686 2270821535433962 2270821588603624 2270821481914454 2270821482271566 2270821588614306 2270821641678016
2270821535433150 2270821535785264 2270821641689230 2270821694818670 2270821588613368 2270821588967568 2270821694833160 2270821748364260
2270821641687760 2270821642039944 2270821748376146 2270821801546438 2270821694832488 2270821695195438 2270821801558870 2270821854719110
2270821748375446 2270821748753950 2270821854731934 2270821908937064 2270821801558282 2270821801907400 2270821908950448 2270821962085586
2270821854729778 2270821855079400 2270821962100594 2270822015633584 2270821908949538 2270821909339634 2270822015644574 2270822068952934
2270821962099866 2270821962465784 2270822068966682 2270822122480422 2270822015643552 2270822015999740 2270822122492490 2270822175786752
2270822068965492 2270822069323458 2270822175797448 2270822229182332 2270822122491062 2270822122895144 2270822229194708 2270822282336930

2270821991013842 2270821991511710 2270822000191514 2270822053933188 2270821991511808 2270821992045222 2270822053947132 2270822107667694
2270822000198836 2270822000570018 2270822107683654 2270822161970180 2270822053946656 2270822054326994 2270822161981786 2270822215857314
2270822107682884 2270822108041060 2270822215869746 2270822269744812 2270822161980820 2270822162379092 2270822269757944 2270822323512960
2270822215869144 2270822216223078 2270822323526624 2270822376955762 2270822269757300 2270822270112536 2270822376968180 2270822430133516
2270822323525868 2270822323879172 2270822430145080 2270822484089684 2270822376967648 2270822377382090 2270822484102634 2270822537479062
2270822430143820 2270822430547104 2270822537494000 2270822591293214 2270822484101948 2270822484467278 2270822591305814 2270822645483140
2270822537493440 2270822537889122 2270822645494788 2270822699584096 2270822591304904 2270822591678466 2270822699597830 2270822753547180
2270822645493738 2270822645854210 2270822753559094 2270822807339156 2270822699597396 2270822700006504 2270822807351882 2270822860333216
2270822753558128 2270822753913126 2270822860345144 2270822914473218 2270822807351602 2270822807739640 2270822914487358 2270822968765484

2270826599104700 2270826599660080 2270826600684096 2270826653958646 2270826599660192 2270826600131278 2270826653970462 2270826707311358
2270826600721532 2270826601098748 2270826707323272 2270826760943020 2270826653970154 2270826654310956 2270826760956348 2270826814112808
2270826707322446 2270826707681686 2270826814128488 2270826867633086 2270826760954808 2270826761326536 2270826867645854 2270826920681956
2270826814127284 2270826814514244 2270826920696166 2270826974098494 2270826867645364 2270826868041858 2270826974109638 2270827027201768
2270826920695004 2270826921043450 2270827027215502 2270827080703496 2270826974108420 2270826974501694 2270827080715928 2270827133587096
2270827027215054 2270827027573860 2270827133600228 2270827186901770 2270827080715298 2270827081074104 2270827186912676 2270827240001474
2270827133599038 2270827133954666 2270827240013388 2270827293950726 2270827186911892 2270827187268150 2270827293964124 2270827347324494
2270827240012296 2270827240358306 2270827347338578 2270827400520224 2270827293962934 2270827294306550 2270827400530570 2270827453633116
2270827347336618 2270827347685330 2270827453643532 2270827507398492 2270827400529576 2270827400885036 2270827507413304 2270827560795150
