16 84
2270712649436210 2270712649470258 2270712649557086 2270712660006616 2270712660006658 2270712660080788 2270712661722358 2270712667449912
2270712667451270 2270712667520864 2270712669220954 2270712675148610 2270712675149576 2270712675255024 2270712675305858 2270712681156500
2270712681157144 2270712681225912 2270712681561170 2270712687219956 2270712687220922 2270712687289830 2270712687541270 2270712693454464
2270712693455626 2270712693522336 2270712693571770 2270712699355884 2270712699356850 2270712699424302 2270712699533376 2270712705272172
2270712705273544 2270712705340562 2270712705734970 2270712711398502 2270712711399454 2270712711467186 2270712711728314 2270712717675584
2270712717677796 2270712717746984 2270712717818216 2270712723571278 2270712723572216 2270712723639472 2270712723881476 2270712729554402
2270712729556754 2270712729623940 2270712730115634 2270712735964428 2270712735965380 2270712736031250 2270712736325124 2270712741994830
2270712741996244 2270712742065656 2270712742429684 2270712748232544 2270712748233510 2270712748299184 2270712748607814 2270712754367568
2270712754369864 2270712754437218 2270712754841496 2270712760480500 2270712760480528 2270712760547294 2270712760940904 2270712766698082

2270712282827884 2270712282861078 2270712282904394 2270712292861810 2270712292863084 2270712292932790 2270712296806170 2270712302475610
2270712302477304 2270712302544798 2270712302875184 2270712308534978 2270712308536266 2270712308602024 2270712308736354 2270712314623340
2270712314624782 2270712314690344 2270712314834992 2270712320516430 2270712320517606 2270712320581488 2270712320825620 2270712326621242
2270712326623090 2270712326690262 2270712326922340 2270712332790468 2270712332791658 2270712332857472 2270712332953134 2270712338615784
2270712338616526 2270712338683964 2270712339333564 2270712344986960 2270712344988164 2270712345055392 2270712345267380 2270712350918942
2270712350920734 2270712350985288 2270712351478844 2270712357147374 2270712357148564 2270712357214714 2270712357639614 2270712363340988
2270712363342374 2270712363408762 2270712363830022 2270712369590672 2270712369591862 2270712369657410 2270712369958354 2270712375632470
2270712375634164 2270712375699586 2270712376168628 2270712381819028 2270712381820232 2270712381886298 2270712382285116 2270712388046620
2270712388048258 2270712388114772 2270712388403130 2270712394081320 2270712394082496 2270712394147078 2270712394483176 2270712400142760

2270717767234910 2270717767267740 2270717767318700 2270717781118738 2270717781119942 2270717781188752 2270717781241812 2270717787190874
2270717787192624 2270717787259908 2270717787309594 2270717793061914 2270717793063104 2270717793128470 2270717793245944 2270717799148036
2270717799150318 2270717799215894 2270717799479766 2270717805118406 2270717805119792 2270717805185788 2270717805430746 2270717811100802
2270717811102622 2270717811169528 2270717811369602 2270717817189836 2270717817191152 2270717817256518 2270717817583390 2270717823330012
2270717823331594 2270717823398290 2270717823588928 2270717829256940 2270717829258228 2270717829322824 2270717829860998 2270717835523326
2270717835525006 2270717835591884 2270717836173920 2270717841809900 2270717841811286 2270717841878528 2270717842336594 2270717847982108
2270717847983522 2270717848048454 2270717848473928 2270717854133260 2270717854134198 2270717854200488 2270717854705650 2270717860463318
2270717860464732 2270717860529664 2270717860859868 2270717866608674 2270717866609976 2270717866675902 2270717866974522 2270717872620050
2270717872621702 2270717872689546 2270717873089848 2270717878741424 2270717878742768 2270717878808442 2270717879227476 2270717884858416

2270814036603518 2270814036634808 2270814036677102 2270814048733118 2270814048733146 2270814048848856 2270814050609944 2270814056247562
2270814056249214 2270814056318122 2270814056679938 2270814062352640 2270814062353900 2270814062420428 2270814062538742 2270814068577208
2270814068578804 2270814068686548 2270814068737354 2270814074599938 2270814074601184 2270814074666032 2270814074756612 2270814080448200
2270814080450174 2270814080516240 2270814080725890 2270814086513476 2270814086514834 2270814086580396 2270814086839004 2270814092622166
2270814092624140 2270814092689940 2270814092808128 2270814098487396 2270814098488754 2270814098553728 2270814098821520 2270814104743128
2270814104744598 2270814104809362 2270814105192766 2270814110856088 2270814110857446 2270814110922826 2270814111321168 2270814117126534
2270814117128410 2270814117246892 2270814117462100 2270814123139226 2270814123140682 2270814123205936 2270814123642694 2270814129400880
2270814129402770 2270814129469396 2270814129944542 2270814135669240 2270814135670612 2270814135738260 2270814136088680 2270814141732892
2270814141734894 2270814141802640 2270814142104466 2270814147875910 2270814147877198 2270814147992236 2270814148221234 2270814153876156

2270714251999200 2270714252075122 2270714252122610 2270714262822922 2270714262824070 2270714262894518 2270714263385288 2270714269402502
2270714269404238 2270714269473034 2270714270625500 2270714276666486 2270714276667662 2270714276736892 2270714277847778 2270714283849984
2270714283851594 2270714283921202 2270714284025026 2270714289691596 2270714289692772 2270714289801958 2270714290058564 2270714295737048
2270714295738812 2270714295808532 2270714296113970 2270714301772868 2270714301774156 2270714301841244 2270714302503570 2270714308179282
2270714308180738 2270714308249464 2270714308432794 2270714314092042 2270714314093218 2270714314160292 2270714314342418 2270714320012054
2270714320013818 2270714320081256 2270714320580342 2270714326243398 2270714326244560 2270714326311690 2270714326706826 2270714332366004
2270714332367754 2270714332437390 2270714332854716 2270714338664702 2270714338665962 2270714338732196 2270714339126338 2270714344877762
2270714344879106 2270714344947076 2270714345358704 2270714351029418 2270714351030566 2270714351097640 2270714351393166 2270714357042796
2270714357044504 2270714357111550 2270714357594466 2270714363390578 2270714363390606 2270714363459598 2270714363616748 2270714369394646

2270716280413994 2270716280445494 2270716280500626 2270716291666774 2270716291668034 2270716291738622 2270716293040552 2270716298917654
2270716298919306 2270716298987486 2270716300390664 2270716306127934 2270716306129208 2270716306195834 2270716306404980 2270716312317012
2270716312318538 2270716312384520 2270716312590516 2270716318245088 2270716318246488 2270716318311798 2270716318385242 2270716324070768
2270716324072546 2270716324140082 2270716324675190 2270716330369606 2270716330370880 2270716330435434 2270716330939462 2270716336608566
2270716336610568 2270716336678440 2270716336859684 2270716342634880 2270716342636140 2270716342701842 2270716343018228 2270716348689544
2270716348690972 2270716348756716 2270716349331122 2270716354985176 2270716354986562 2270716355054210 2270716355493684 2270716361147248
2270716361148760 2270716361214532 2270716361630164 2270716367414194 2270716367415552 2270716367482444 2270716367863356 2270716373647288
2270716373648884 2270716373714978 2270716374016734 2270716379681820 2270716379683276 2270716379748670 2270716380132410 2270716385881146
2270716385883722 2270716385950138 2270716386246224 2270716391906956 2270716391908398 2270716391974100 2270716392385000 2270716398135346

2270710387251810 2270710387284542 2270710387338526 2270710399789272 2270710399790644 2270710399863612 2270710401247708 2270710407140574
2270710407142170 2270710407212072 2270710407316344 2270710413157844 2270710413159104 2270710413226024 2270710413356196 2270710419342246
2270710419343646 2270710419409866 2270710419477332 2270710425116182 2270710425117526 2270710425184432 2270710425618530 2270710431276504
2270710431278282 2270710431345804 2270710431740884 2270710437395078 2270710437396254 2270710437509416 2270710437843078 2270710443496726
2270710443498238 2270710443564584 2270710443976394 2270710449769482 2270710449770770 2270710449840378 2270710450091944 2270710456076930
2270710456078302 2270710456147280 2270710456266686 2270710462239464 2270710462240668 2270710462310500 2270710462371330 2270710468378632
2270710468380130 2270710468448156 2270710468499760 2270710474606182 2270710474607386 2270710474679122 2270710474732154 2270710480722194
2270710480723748 2270710480835006 2270710480886876 2270710486879058 2270710486880248 2270710486950612 2270710487001082 2270710492991514
2270710492993306 2270710493062102 2270710493116534 2270710499133846 2270710499135120 2270710499202096 2270710499254498 2270710505234290

2270710317502760 2270710317533826 2270710317620486 2270710327981466 2270710327982656 2270710328050626 2270710330158578 2270710335779256
2270710335780922 2270710335848318 2270710337508872 2270710343240822 2270710343242124 2270710343307336 2270710343523118 2270710349277552
2270710349279204 2270710349344710 2270710349708920 2270710355369428 2270710355370744 2270710355487056 2270710355604012 2270710361261160
2270710361262560 2270710361328990 2270710361842398 2270710367633666 2270710367635024 2270710367698556 2270710367803598 2270710373507380
2270710373509970 2270710373577310 2270710373860236 2270710379540806 2270710379542080 2270710379607026 2270710380136380 2270710385985384
2270710385987330 2270710386053256 2270710386449344 2270710392116068 2270710392117300 2270710392181910 2270710392610968 2270710398253206
2270710398254816 2270710398321372 2270710398788118 2270710404443376 2270710404444762 2270710404506292 2270710404980346 2270710410714158
2270710410715866 2270710410780392 2270710411135586 2270710416780624 2270710416781856 2270710416847894 2270710417250296 2270710422890462
2270710422892142 2270710422957018 2270710423364040 2270710428987854 2270710428989240 2270710429054704 2270710429526798 2270710435149128

2270707549009746 2270707549042464 2270707549129544 2270707559649984 2270707559651160 2270707559721286 2270707560497110 2270707566169406
2270707566171030 2270707566238496 2270707568032960 2270707573633674 2270707573634850 2270707573702302 2270707574276176 2270707580037624
2270707580040200 2270707580103872 2270707581209452 2270707586965888 2270707586967162 2270707587035552 2270707587087870 2270707592778856
2270707592780676 2270707592847890 2270707593358862 2270707599415836 2270707599417096 2270707599483106 2270707599563620 2270707605344542
2270707605346194 2270707605411560 2270707605485186 2270707611162144 2270707611163320 2270707611229722 2270707611588458 2270707617264968
2270707617266312 2270707617330922 2270707617607940 2270707623366224 2270707623367414 2270707623433032 2270707623836316 2270707629590722
2270707629592514 2270707629694490 2270707629987244 2270707635673862 2270707635675052 2270707635739956 2270707636121134 2270707641870486
2270707641872138 2270707641937924 2270707642174384 2270707647981304 2270707647982620 2270707648048084 2270707648203190 2270707653958618
2270707653960508 2270707654026196 2270707654506074 2270707660164804 2270707660164832 2270707660233446 2270707660510968 2270707666155852

2270707501790644 2270707501822032 2270707501865474 2270707512884090 2270707512885350 2270707512953152 2270707514667018 2270707520670792
2270707520672304 2270707520741786 2270707520814754 2270707526932054 2270707526933412 2270707526998862 2270707527876900 2270707533851764
2270707533853472 2270707533920042 2270707533995068 2270707539662324 2270707539663766 2270707539728992 2270707540145856 2270707545945720
2270707545947204 2270707546016168 2270707546258284 2270707552211210 2270707552212750 2270707552277346 2270707552359414 2270707558131264
2270707558132986 2270707558198744 2270707558494228 2270707564237182 2270707564238498 2270707564303360 2270707564611402 2270707570257266
2270707570259212 2270707570325306 2270707570786858 2270707576485068 2270707576486538 2270707576551456 2270707576891054 2270707582635506
2270707582636962 2270707582703420 2270707582995810 2270707588674532 2270707588675792 2270707588740682 2270707589085250 2270707594830066
2270707594831550 2270707594897350 2270707595128742 2270707600858578 2270707600859852 2270707600925484 2270707601223628 2270707607079772
2270707607082306 2270707607195300 2270707607363874 2270707613008646 2270707613010060 2270707613074894 2270707613511218 2270707619146302

2270713660185684 2270713660219914 2270713660267850 2270713672962784 2270713672963960 2270713673036662 2270713673092074 2270713679125094
2270713679126480 2270713679194744 2270713680180680 2270713686180072 2270713686181262 2270713686248014 2270713686300206 2270713692301082
2270713692302706 2270713692369654 2270713692427180 2270713698440558 2270713698441748 2270713698508626 2270713698560090 2270713704563542
2270713704565096 2270713704631330 2270713704683284 2270713710666380 2270713710667570 2270713710734252 2270713710785184 2270713716801474
2270713716802972 2270713716868660 2270713716920152 2270713722917108 2270713722918508 2270713722984280 2270713723035226 2270713729019708
2270713729021528 2270713729087762 2270713729213412 2270713735196158 2270713735197530 2270713735264058 2270713735317230 2270713741300942
2270713741302622 2270713741369766 2270713741421874 2270713747397858 2270713747399174 2270713747463602 2270713747653036 2270713753394912
2270713753396690 2270713753462490 2270713753810012 2270713759534696 2270713759536180 2270713759601056 2270713759923252 2270713765656896
2270713765658282 2270713765722906 2270713766037066 2270713771823238 2270713771824624 2270713771890200 2270713772174722 2270713778046308

2270824650178112 2270824650210970 2270824650254076 2270824660014022 2270824660014050 2270824660085940 2270824663083102 2270824668688184
2270824668690046 2270824668757568 2270824669230852 2270824674878564 2270824674879796 2270824674945624 2270824676291962 2270824682028770
2270824682030450 2270824682098700 2270824682411600 2270824688050450 2270824688051780 2270824688160826 2270824688550852 2270824694413086
2270824694414696 2270824694480482 2270824694673920 2270824700319350 2270824700320666 2270824700386830 2270824700776464 2270824706425002
2270824706425464 2270824706492146 2270824706911040 2270824712552382 2270824712553600 2270824712618686 2270824713027108 2270824718666014
2270824718667876 2270824718734586 2270824719203418 2270824724845838 2270824724847070 2270824724912548 2270824725307754 2270824730931862
2270824730933836 2270824731000350 2270824731443674 2270824737186208 2270824737187538 2270824737252260 2270824737499850 2270824743139750
2270824743141626 2270824743209750 2270824743501482 2270824749258562 2270824749259990 2270824749326224 2270824749639516 2270824755276630
2270824755278058 2270824755343102 2270824755761450 2270824761407272 2270824761408784 2270824761474444 2270824761928492 2270824767568896

2270708845447826 2270708845481370 2270708845537272 2270708856812634 2270708856813852 2270708856883306 2270708856938116 2270708862604392
2270708862605918 2270708862672712 2270708863651956 2270708869311106 2270708869312226 2270708869377102 2270708871317082 2270708877107230
2270708877108798 2270708877224046 2270708877363136 2270708883021936 2270708883023070 2270708883086518 2270708883589874 2270708889232560
2270708889234366 2270708889299606 2270708889560300 2270708895235424 2270708895236726 2270708895302092 2270708895949046 2270708901586734
2270708901588498 2270708901653458 2270708901968052 2270708907624080 2270708907625298 2270708907688970 2270708907965470 2270708913711896
2270708913713212 2270708913778914 2270708914114564 2270708919755430 2270708919756648 2270708919822686 2270708920275544 2270708925935170
2270708925937004 2270708926002104 2270708926466694 2270708932115890 2270708932117010 2270708932182194 2270708932594858 2270708938247008
2270708938248758 2270708938315916 2270708938739570 2270708944504224 2270708944505358 2270708944569114 2270708944851956 2270708950655544
2270708950657126 2270708950724270 2270708950973456 2270708956616184 2270708956617304 2270708956682936 2270708957122704 2270708962766692

2270706162900966 2270706162935098 2270706162974970 2270706173446536 2270706173446564 2270706173518650 2270706175220210 2270706180981014
2270706180983506 2270706181053030 2270706182811038 2270706188639966 2270706188641324 2270706188709504 2270706188886142 2270706194693244
2270706194694742 2270706194760528 2270706195120524 2270706200786912 2270706200788200 2270706200854658 2270706201071378 2270706206753726
2270706206755616 2270706206824510 2270706207205898 2270706212914650 2270706212916008 2270706212981332 2270706213423494 2270706219289830
2270706219291762 2270706219359438 2270706219410118 2270706225174170 2270706225175444 2270706225243092 2270706225447450 2270706231431820
2270706231433500 2270706231503290 2270706231555804 2270706237593430 2270706237594872 2270706237664816 2270706237745036 2270706243783194
2270706243784720 2270706243854790 2270706243907934 2270706249913164 2270706249914480 2270706249983920 2270706250035818 2270706256057092
2270706256058856 2270706256126728 2270706256179578 2270706262171340 2270706262172754 2270706262241844 2270706262293126 2270706268291902
2270706268294450 2270706268362826 2270706268414360 2270706274441276 2270706274442662 2270706274510828 2270706274562208 2270706280543470

2270706840188108 2270706840222198 2270706840276924 2270706852423254 2270706852424514 2270706852494682 2270706854183068 2270706860013466
2270706860015090 2270706860082738 2270706860251788 2270706866092378 2270706866093540 2270706866158108 2270706866291780 2270706872317030
2270706872318458 2270706872387086 2270706872441182 2270706878278496 2270706878279784 2270706878344128 2270706878551328 2270706884212732
2270706884214314 2270706884281766 2270706884675628 2270706890429418 2270706890430692 2270706890496842 2270706890776786 2270706896439534
2270706896440444 2270706896506888 2270706896911894 2270706902655618 2270706902656794 2270706902721922 2270706903028228 2270706908674960
2270706908675310 2270706908739598 2270706909204734 2270706914953036 2270706914954212 2270706915018570 2270706915308370 2270706920948368
2270706920950356 2270706921016590 2270706921413140 2270706927076210 2270706927077386 2270706927143788 2270706927500872 2270706933241194
2270706933243714 2270706933309318 2270706933516070 2270706939298154 2270706939299330 2270706939362708 2270706939661076 2270706945299968
2270706945301606 2270706945367476 2270706945762038 2270706951423288 2270706951424492 2270706951490698 2270706951928632 2270706957564444

2270711439971128 2270711440003930 2270711440047246 2270711450305802 2270711450306894 2270711450377384 2270711452317952 2270711457944944
2270711457947310 2270711458015840 2270711459909802 2270711465637804 2270711465638952 2270711465705284 2270711465984640 2270711471728434
2270711471730044 2270711471797146 2270711472217832 2270711477977516 2270711477978692 2270711478080052 2270711478167510 2270711483817742
2270711483819030 2270711483886370 2270711484304802 2270711489980626 2270711489981732 2270711490048358 2270711490321260 2270711495980956
2270711495982762 2270711496050522 2270711496328324 2270711502086804 2270711502087882 2270711502152758 2270711502545458 2270711508197160
2270711508198784 2270711508267370 2270711508561776 2270711514206338 2270711514207430 2270711514274364 2270711514843240 2270711520486458
2270711520488166 2270711520555170 2270711520837102 2270711526498086 2270711526499178 2270711526565748 2270711527077378 2270711532773530
2270711532774776 2270711532841724 2270711533126246 2270711538780216 2270711538781392 2270711538848060 2270711539179916 2270711544854732
2270711544856216 2270711544924396 2270711545288998 2270711550979928 2270711550980796 2270711551047744 2270711551387272 2270711557275196
