16 1373
2270925066613336 2270925092634758 2270925128699724 2270925182249304 2270925092670304 2270925118927738 2270925216221620 2270925269759958
2270925182263360 2270925193250672 2270925301062110 2270925360606392 2270925269775778 2270925287764980 2270925380461374 2270925434304800
2270925360619888 2270925367421088 2270925481751822 2270925535382252 2270925434320088 2270925440731332 2270925620266506 2270925673798628
2270925535396196 2270925546900122 2270925697661488 2270925752095294 2270925673814504 2270925695069234 2270925805674162 2270925859155716
2270925752109322 2270925784006418 2270925922412560 2270925976220342 2270925859169590 2270925877835090 2270926035718116 2270926088965940
2270925976234328 2270925986543536 2270926147712796 2270926200958030 2270926088980024 2270926114783242 2270926232937026 2270926286299804
2270926200973052 2270926221712666 2270926342451942 2270926395556042 2270926286314462 2270926308986580 2270926452745930 2270926506474808
2270926395570700 2270926406278124 2270926557811632 2270926611838052 2270926506500946 2270926524368166 2270926655739084 2270926709205196
2270926611852878 2270926631478568 2270926767367482 2270926821514022 2270926709219462 2270926733338116 2270926831931422 2270926887880462

2270924691671860 2270924706168692 2270924745274878 2270924798887668 2270924706196664 2270924740944174 2270924863908106 2270924917516556
2270924798902676 2270924834568418 2270924938118690 2270924991986000 2270924917532222 2270924953652236 2270925055257236 2270925108918760
2270924991998838 2270925022105908 2270925141658712 2270925195540106 2270925108934468 2270925131726720 2270925233570546 2270925287226582
2270925195554820 2270925219551114 2270925318424182 2270925371938860 2270925287242724 2270925294587880 2270925417155710 2270925470232370
2270925371953574 2270925383773634 2270925540995888 2270925594376236 2270925470246804 2270925487081538 2270925616134560 2270925669226494
2270925594393386 2270925605123098 2270925741447132 2270925794757914 2270925669241320 2270925719030752 2270925870419598 2270925923663978
2270925794773538 2270925828933258 2270925958889112 2270926012528852 2270925923678426 2270925944632492 2270926071423282 2270926127213506
2270926012542908 2270926032045468 2270926152452454 2270926206398136 2270926127228304 2270926145075560 2270926263965282 2270926317690968
2270926206412542 2270926226793616 2270926368671352 2270926423761716 2270926317706634 2270926345480660 2270926438244870 2270926498854258

2270930184272722 2270930206867000 2270930240523658 2270930294257184 2270930206900474 2270930234853028 2270930347652386 2270930401681326
2270930294272150 2270930323360902 2270930446519644 2270930500045326 2270930401697384 2270930421812906 2270930533301612 2270930586390228
2270930500059704 2270930516307740 2270930608564128 2270930662081662 2270930586404648 2270930599877814 2270930718516166 2270930772186244
2270930662095494 2270930681833450 2270930783711408 2270930837042462 2270930772200762 2270930780081124 2270930849017054 2270930902580494
2270930837056280 2270930845022602 2270931004236006 2270931057423546 2270930902595068 2270930942530922 2270931075863310 2270931129414780
2270931057439030 2270931068385868 2270931201724360 2270931255081706 2270931129429956 2270931148942862 2270931274703518 2270931328179262
2270931255096294 2270931265674344 2270931372355870 2270931426208984 2270931328193850 2270931334823452 2270931475907584 2270931529648180
2270931426223012 2270931470722810 2270931576868136 2270931630657564 2270931529663874 2270931540832024 2270931698629314 2270931751936232
2270931630671844 2270931671656830 2270931805867564 2270931859666232 2270931751949826 2270931765826920 2270931919034114 2270931974692542

2271026454412030 2271026480000292 2271026525749212 2271026579447318 2271026480034172 2271026507489054 2271026617726776 2271026671212488
2271026579461248 2271026587657912 2271026703109416 2271026756775980 2271026671229232 2271026686478956 2271026793086576 2271026846377254
2271026756791366 2271026781320290 2271026881990286 2271026936548650 2271026846394096 2271026859308018 2271026979837070 2271027033926644
2271026936564708 2271026960468882 2271027089649192 2271027143756546 2271027033941078 2271027043000898 2271027195020738 2271027248875224
2271027143771372 2271027167512600 2271027294899986 2271027348211286 2271027248890778 2271027275714442 2271027388067606 2271027441500538
2271027348226896 2271027370038378 2271027494837794 2271027548414030 2271027441514608 2271027451424242 2271027646038914 2271027699118668
2271027548427582 2271027594213616 2271027751427694 2271027805262216 2271027699132514 2271027721104646 2271027864822472 2271027920537516
2271027805275698 2271027824431156 2271027952087846 2271028009243070 2271027920564508 2271027947116810 2271028054928080 2271028112036054
2271028009256986 2271028049269000 2271028168091942 2271028224699374 2271028112049270 2271028150004068 2271028239233936 2271028298423906

2270926671651750 2270926693215656 2270926750313088 2270926803913096 2270926693244412 2270926726532156 2270926845191382 2270926899377892
2270926803927908 2270926830215400 2270926920271884 2270926974300166 2270926899417092 2270926912229178 2270927023638126 2270927077683936
2270926974315412 2270926997154508 2270927107588258 2270927161061986 2270927077699602 2270927094129820 2270927210352416 2270927264069730
2270927161076028 2270927175552756 2270927290713354 2270927344545258 2270927264085102 2270927270720962 2270927412723298 2270927466495142
2270927344559244 2270927358481306 2270927505337736 2270927558937660 2270927466510682 2270927494256680 2270927589559328 2270927643235622
2270927558951534 2270927572389658 2270927743492730 2270927796719204 2270927643250854 2270927664659570 2270927848135114 2270927901210766
2270927796734030 2270927809966354 2270927944895638 2270927998916360 2270927901226712 2270927910553764 2270928047628002 2270928101393224
2270927998931032 2270928009785778 2270928120447014 2270928173958444 2270928101409296 2270928115432438 2270928207772854 2270928260932366
2270928173973172 2270928202387978 2270928323634432 2270928377470060 2270928260947388 2270928284599772 2270928433641000 2270928488709370

2270928701001702 2270928725635374 2270928782203718 2270928835660590 2270928725662156 2270928752031338 2270928877141204 2270928931157614
2270928835675584 2270928851301936 2270928972452700 2270929025870708 2270928931173266 2270928950378774 2270929070908806 2270929124228548
2270929025884582 2270929043450186 2270929166145402 2270929219585208 2270929124241386 2270929142654774 2270929261349406 2270929314905412
2270929219598018 2270929244333750 2270929337557328 2270929391453926 2270929314919748 2270929332386946 2270929446837548 2270929500422590
2270929391466106 2270929423121086 2270929547940620 2270929601564568 2270929500437780 2270929514071736 2270929619653520 2270929673170466
2270929601579520 2270929609878902 2270929721294514 2270929775229500 2270929673186468 2270929695215370 2270929845965186 2270929899659848
2270929775243962 2270929791527936 2270929948703066 2270930002463640 2270929899674576 2270929915594256 2270930027292164 2270930080874028
2270930002477290 2270930018400302 2270930134571182 2270930188153354 2270930080889064 2270930112557890 2270930249755440 2270930303111400
2270930188166976 2270930202606310 2270930351056220 2270930404601418 2270930303125806 2270930311217204 2270930412603664 2270930465956586

2270922808501578 2270922832020822 2270922882933502 2270922936508254 2270922832051804 2270922859111200 2270922977189678 2270923030530686
2270922936546572 2270922947053852 2270923050407760 2270923103901424 2270923030544070 2270923042425660 2270923136806730 2270923190431882
2270923103915200 2270923110364510 2270923218815300 2270923272468508 2270923190447226 2270923197375924 2270923337551890 2270923391292850
2270923272482340 2270923291485464 2270923419939300 2270923473607894 2270923391307690 2270923398375478 2270923524712640 2270923578374934
2270923473622062 2270923492021268 2270923631833794 2270923685210992 2270923578388780 2270923590693240 2270923726950858 2270923780081922
2270923685224446 2270923712449434 2270923813737334 2270923866974770 2270923780095544 2270923789805496 2270923916485350 2270923969800752
2270923866987650 2270923895733052 2270924013910258 2270924067533408 2270923969814514 2270923977329798 2270924133950682 2270924187156114
2270924067547506 2270924098847474 2270924231439276 2270924285270746 2270924187170660 2270924198461142 2270924328144850 2270924381956594
2270924285284830 2270924306582274 2270924445099464 2270924498665130 2270924381971560 2270924390700840 2270924552386140 2270924605980618

2270922733108008 2270922757302556 2270922813409306 2270922867127348 2270922757330850 2270922789669058 2270922909365992 2270922963298206
2270922867141208 2270922913052822 2270923010534346 2270923063933048 2270922963311758 2270922980839016 2270923102858354 2270923157033874
2270923063946404 2270923080969242 2270923198863018 2270923253222036 2270923157049232 2270923172749042 2270923294179750 2270923348325618
2270923253235574 2270923275359088 2270923398042698 2270923451928586 2270923348340220 2270923382953078 2270923513393458 2270923567098032
2270923451942824 2270923470381678 2270923595963302 2270923649614578 2270923567111080 2270923595711876 2270923704094178 2270923757563580
2270923649628074 2270923673558302 2270923786624752 2270923839834580 2270923757578238 2270923774661570 2270923901921948 2270923955704320
2270923839847236 2270923854190502 2270923993738764 2270924047181846 2270923955720210 2270923962920774 2270924095209434 2270924148782380
2270924047195748 2270924063630334 2270924167366736 2270924221082874 2270924148797948 2270924164761336 2270924301163336 2270924354512828
2270924221097700 2270924256450332 2270924423488868 2270924476920274 2270924354528382 2270924376451276 2270924515602764 2270924569362988

2270919970659494 2270919995698942 2270920055207454 2270920109413172 2270919995730302 2270920025614674 2270920154097504 2270920208516134
2270920109426724 2270920123458154 2270920242229254 2270920296169056 2270920208528706 2270920228598084 2270920327942504 2270920381878918
2270920296182020 2270920318603272 2270920440481994 2270920493763824 2270920381893562 2270920411463228 2270920514617244 2270920567953926
2270920493778300 2270920510364968 2270920608372402 2270920662589278 2270920567968402 2270920592602256 2270920709137024 2270920762724600
2270920662602704 2270920693261598 2270920879843826 2270920933633324 2270920762738908 2270920772065078 2270920978848802 2270921032434250
2270920933647072 2270920958736318 2270921085241760 2270921139418988 2270921032448180 2270921071323702 2270921183253408 2270921237477858
2270921139433156 2270921167332706 2270921287793746 2270921341002244 2270921237491956 2270921262563786 2270921375014824 2270921428560246
2270921341015978 2270921366697718 2270921480693684 2270921535009232 2270921428575982 2270921448397742 2270921589941998 2270921643401138
2270921535023134 2270921562307314 2270921670069808 2270921724072246 2270921643413738 2270921657800838 2270921747920098 2270921804082568

2270919924271950 2270919948311714 2270919994062174 2270920047686514 2270919948339910 2270919973860034 2270920079216922 2270920132900300
2270920047701438 2270920062054742 2270920176887082 2270920230559120 2270920132915028 2270920148089404 2270920284934210 2270920338965698
2270920230573162 2270920261186766 2270920377417678 2270920430867368 2270920338981350 2270920357883828 2270920495896332 2270920550142020
2270920430880234 2270920461413688 2270920608486558 2270920662569230 2270920550156846 2270920564174318 2270920709901158 2270920763748252
2270920662584238 2270920687634550 2270920829842140 2270920883204218 2270920763764030 2270920781540894 2270920891692768 2270920945170500
2270920883219800 2270920890381248 2270920987495678 2270921041187260 2270920945185634 2270920962734158 2270921102324532 2270921155740832
2270921041201708 2270921077661838 2270921216979492 2270921270565486 2270921155756456 2270921164479352 2270921316225030 2270921370367664
2270921270579682 2270921297624154 2270921410039926 2270921463683166 2270921370380614 2270921382709140 2270921516451602 2270921570102388
2270921463697306 2270921493042720 2270921587775232 2270921641405788 2270921570116444 2270921582902364 2270921718429798 2270921775052014

2270926080485720 2270926106018850 2270926164385970 2270926217644196 2270926106045996 2270926139148100 2270926278503372 2270926332330040
2270926217657188 2270926238685034 2270926387486106 2270926441034692 2270926332343620 2270926362379234 2270926496248326 2270926549894016
2270926441050932 2270926490269150 2270926595023044 2270926648417714 2270926549906784 2270926575542744 2270926696898384 2270926750689772
2270926648431126 2270926691306952 2270926800919938 2270926854484848 2270926750704346 2270926785718934 2270926898004618 2270926951800164
2270926854498498 2270926889010836 2270926995060598 2270927048942202 2270926951813968 2270926980099232 2270927091810748 2270927145388174
2270927048955642 2270927081618328 2270927183403760 2270927236729592 2270927145403742 2270927168943496 2270927292100866 2270927345765694
2270927236744180 2270927282286264 2270927388416848 2270927441824482 2270927345780632 2270927373492148 2270927502116924 2270927555605534
2270927441839266 2270927483661900 2270927603298200 2270927656934384 2270927555619618 2270927587236504 2270927720873364 2270927774398794
2270927656947530 2270927701368004 2270927814289666 2270927867927278 2270927774412360 2270927809363486 2270927885305338 2270927941255372

2271037069737450 2271037096022562 2271037152080858 2271037206159848 2271037096051682 2271037122742934 2271037245421980 2271037299137474
2271037206175738 2271037224587376 2271037368099696 2271037421397332 2271037299152468 2271037311261110 2271037446862842 2271037500459966
2271037421414622 2271037442903250 2271037545403494 2271037598793432 2271037500475058 2271037528499768 2271037652428328 2271037706399756
2271037598806088 2271037624655954 2271037783060032 2271037837145826 2271037706415814 2271037742071742 2271037871417070 2271037925510956
2271037837161436 2271037854596840 2271037974471196 2271038028050792 2271037925526874 2271037948186952 2271038078076348 2271038131825008
2271038028066612 2271038042430038 2271038174852608 2271038228330858 2271038131839470 2271038143356990 2271038267119104 2271038320583340
2271038228344928 2271038249279002 2271038365264466 2271038418694486 2271038320600070 2271038334791030 2271038493189368 2271038546872690
2271038418710502 2271038439855682 2271038588258958 2271038642615680 2271038546892360 2271038562796892 2271038683532934 2271038736813308
2271038642630296 2271038665807184 2271038787359300 2271038840966406 2271038736827490 2271038786455096 2271038865336696 2271038918388660

2270921263779742 2270921290890994 2270921334764446 2270921388484224 2270921290918966 2270921318419040 2270921434984496 2270921488964884
2270921388498714 2270921400902490 2270921507310988 2270921560275312 2270921488980074 2270921505275486 2270921623298468 2270921676869006
2270921560288808 2270921592264682 2270921756539632 2270921810727528 2270921676883622 2270921709178920 2270921886172464 2270921940225652
2270921810739778 2270921830894206 2270921991157190 2270922045464716 2270921940241654 2270921958932522 2270922062763410 2270922116471974
2270922045480200 2270922055647546 2270922169253808 2270922223332280 2270922116487262 2270922150002996 2270922281254704 2270922335070214
2270922223346280 2270922243738050 2270922393643946 2270922447450790 2270922335084536 2270922355441712 2270922476842376 2270922530947826
2270922447465742 2270922458595392 2270922589809034 2270922643958696 2270922530963030 2270922548105792 2270922692715880 2270922746409198
2270922643975580 2270922679187400 2270922784162830 2270922838049334 2270922746423744 2270922773169484 2270922886236382 2270922940805246
2270922838063586 2270922876898018 2270922990287966 2270923044297838 2270922940820170 2270922959555068 2270923055988706 2270923113800180

2270918583403988 2270918603643438 2270918632838058 2270918686657306 2270918603673902 2270918628317584 2270918762016856 2270918816013834
2270918686672454 2270918722168572 2270918847169378 2270918900670266 2270918816031432 2270918835117240 2270918956256188 2270919009456272
2270918900685078 2270918930224686 2270919031869908 2270919085268624 2270919009470230 2270919025269538 2270919149549190 2270919203026110
2270919085283142 2270919109627868 2270919224185640 2270919278186482 2270919203042098 2270919215673878 2270919327136292 2270919380615704
2270919278199292 2270919297919398 2270919453198564 2270919506874774 2270919380629886 2270919419386100 2270919546101626 2270919599725812
2270919506888998 2270919519504748 2270919660443168 2270919713942992 2270919599741716 2270919649667410 2270919770462056 2270919823612076
2270919713956754 2270919734343820 2270919863142224 2270919916879166 2270919823626692 2270919842597266 2270919966644196 2270920019867814
2270919916894356 2270919924142016 2270920072323364 2270920126087704 2270920019883914 2270920030909544 2270920159423510 2270920212413230
2270920126103706 2270920139523644 2270920254015994 2270920307419834 2270920212427510 2270920219802458 2270920371066452 2270920424150056

2270919258147302 2270919284233754 2270919319660124 2270919373712850 2270919284266346 2270919311071810 2270919430031630 2270919484769110
2270919373729412 2270919397328862 2270919498210524 2270919552468322 2270919484785924 2270919494907938 2270919635996564 2270919690166596
2270919552506444 2270919570494890 2270919714724304 2270919768571314 2270919690183550 2270919703769738 2270919829349108 2270919882671650
2270919768585622 2270919796094642 2270919965181154 2270920018405192 2270919882688464 2270919907868374 2270920063147638 2270920116863538
2270920018420158 2270920043941290 2270920177984206 2270920231977516 2270920116877286 2270920144094644 2270920273424796 2270920327600176
2270920231991614 2270920256282300 2270920364925296 2270920418940586 2270920327615646 2270920342900762 2270920451696680 2270920505185066
2270920418955034 2270920437033500 2270920547933450 2270920601290054 2270920505199122 2270920518857200 2270920647456916 2270920701348096
2270920601305566 2270920619356704 2270920728821976 2270920782765390 2270920701364406 2270920708831376 2270920834395766 2270920888557944
2270920782780762 2270920805289220 2270920945291852 2270920999177502 2270920888574856 2270920918121492 2270921054250324 2270921108087520

2270923860607416 2270923881829876 2270923937891574 2270923991248808 2270923881862762 2270923914088984 2270924068961870 2270924122154702
2270923991261128 2270924022088484 2270924181626184 2270924235308904 2270924122170186 2270924154535834 2270924288731882 2270924341971922
2270924235325396 2270924273679194 2270924385477734 2270924438829550 2270924341986384 2270924379943296 2270924491731070 2270924545087450
2270924438841926 2270924479968046 2270924591604928 2270924645093412 2270924545102906 2270924571030626 2270924691004648 2270924744455878
2270924645128048 2270924678589420 2270924793086978 2270924846224272 2270924744470592 2270924778169166 2270924896729258 2270924950241724
2270924846265992 2270924875509318 2270924996063766 2270925049027096 2270924950257250 2270924980405480 2270925092338980 2270925145837446
2270925049040228 2270925078247812 2270925188675654 2270925241984784 2270925145853238 2270925171501014 2270925298933410 2270925351954546
2270925241999190 2270925268642254 2270925380993542 2270925434739528 2270925351970198 2270925377220234 2270925484339890 2270925538491456
2270925434756314 2270925511075060 2270925584510156 2270925638043398 2270925538506380 2270925582661106 2270925652115764 2270925705297466
