16 141
2270754593315628 2270754594590468 2270754598595882 2270754604536670 2270754594616032 2270754596063800 2270754605436058 2270754611351058
2270754604548850 2270754605336798 2270754613077608 2270754619041398 2270754611366948 2270754612541940 2270754620795178 2270754626793716
2270754619056224 2270754619951552 2270754628132900 2270754634126748 2270754626808514 2270754627624672 2270754635475354 2270754641525328
2270754634140132 2270754635721936 2270754642905252 2270754648901410 2270754641538810 2270754642424268 2270754650105872 2270754656100518
2270754648917370 2270754649684164 2270754657359244 2270754663364712 2270754656114826 2270754656952376 2270754664527524 2270754670538018
2270754663378502 2270754664137568 2270754671811206 2270754677786266 2270754670552130 2270754671351502 2270754678931620 2270754684951116
2270754677801358 2270754679224990 2270754686245136 2270754692244290 2270754684965298 2270754685850308 2270754693630528 2270754699626140
2270754692259214 2270754693165770 2270754701123664 2270754707096008 2270754699640350 2270754700422208 2270754708574926 2270754714568648
2270754707110582 2270754708816846 2270754715914160 2270754721934468 2270754714583600 2270754715532478 2270754723442632 2270754729405708

2270754221687910 2270754223439436 2270754234693658 2270754240627950 2270754223464734 2270754224698540 2270754241622244 2270754247593986
2270754240640424 2270754241462490 2270754249239126 2270754255237300 2270754247610562 2270754248575274 2270754256630608 2270754262589918
2270754255250362 2270754256036168 2270754264208780 2270754270176224 2270754262603764 2270754263447236 2270754271460010 2270754277516018
2270754270191288 2270754272355184 2270754279514308 2270754285497250 2270754277528184 2270754278687370 2270754286863118 2270754292872436
2270754285511656 2270754286320520 2270754294411820 2270754300391752 2270754292886450 2270754293679970 2270754301694634 2270754307695804
2270754300406438 2270754301306064 2270754309078276 2270754315058922 2270754307710812 2270754308535076 2270754316248460 2270754322258730
2270754315094944 2270754315859470 2270754323558784 2270754329512956 2270754322272352 2270754323065872 2270754330700030 2270754336653502
2270754329527376 2270754330264686 2270754337821312 2270754343798108 2270754336669084 2270754337466776 2270754344978294 2270754350954726
2270754343812906 2270754344607504 2270754352145160 2270754358110980 2270754350968684 2270754351758382 2270754359140148 2270754365078374

2270759715239890 2270759716564178 2270759720196814 2270759726152302 2270759716588468 2270759718096674 2270759727195302 2270759733174254
2270759726165896 2270759727003866 2270759735678392 2270759741656602 2270759733189948 2270759734419750 2270759743139468 2270759749118014
2270759741670098 2270759742492206 2270759750952042 2270759756921334 2270759749133274 2270759750034440 2270759758405404 2270759764408128
2270759756935698 2270759757823060 2270759766313374 2270759772304800 2270759764421792 2270759765314096 2270759773771524 2270759779737498
2270759772319248 2270759773196446 2270759781179834 2270759787198546 2270759779751960 2270759780578800 2270759788985058 2270759794937550
2270759787213078 2270759788026030 2270759796698540 2270759802711428 2270759794951690 2270759795920980 2270759804349246 2270759810313498
2270759802724756 2270759803567150 2270759812477660 2270759818523238 2270759810327344 2270759811254942 2270759820264376 2270759826272938
2270759818538610 2270759819528466 2270759827914088 2270759833879628 2270759826285020 2270759827117936 2270759835472212 2270759841454048
2270759833894426 2270759834780626 2270759843270044 2270759849230572 2270759841467824 2270759842311394 2270759849963962 2270759855858718

2270855976616920 2270855977832204 2270855988431954 2270855994392104 2270855977857222 2270855979354844 2270855995482844 2270856001454642
2270855994405474 2270855995312898 2270856003327170 2270856009307354 2270856001470476 2270856002450070 2270856010598042 2270856016560880
2270856009321382 2270856010082926 2270856017767960 2270856023746814 2270856016575216 2270856017398094 2270856025092914 2270856031090864
2270856023760282 2270856024559318 2270856032430230 2270856038469032 2270856031104850 2270856032002348 2270856039840052 2270856045833410
2270856038483284 2270856039210584 2270856047295556 2270856053277420 2270856045848418 2270856046849334 2270856054626446 2270856060634966
2270856053291672 2270856054055806 2270856061985042 2270856067948650 2270856060649120 2270856061467574 2270856069282500 2270856075235398
2270856067962692 2270856068687724 2270856076653178 2270856082648426 2270856075250154 2270856076100654 2270856083953562 2270856089949874
2270856082662790 2270856083416480 2270856091356608 2270856097341594 2270856089963496 2270856090771408 2270856098655382 2270856104616624
2270856097355076 2270856098084476 2270856105941458 2270856111926430 2270856104630442 2270856105486612 2270856113054984 2270856119059150

2270756191632236 2270756192886202 2270756205322514 2270756211296384 2270756192915420 2270756194120736 2270756212388692 2270756218338146
2270756211309152 2270756212088126 2270756220344234 2270756226365606 2270756218353266 2270756219445854 2270756227773152 2270756233728458
2270756226379816 2270756227143544 2270756234986064 2270756240938682 2270756233743284 2270756234563222 2270756242268290 2270756248255922
2270756240952066 2270756241846036 2270756249712286 2270756255737592 2270756248270384 2270756249121668 2270756257146062 2270756263107570
2270756255752544 2270756256578096 2270756264490322 2270756270457934 2270756263121710 2270756263952932 2270756271662760 2270756277662082
2270756270471850 2270756271284298 2270756278872018 2270756284898514 2270756277676740 2270756278496650 2270756286472352 2270756292458500
2270756284911464 2270756285678748 2270756293882398 2270756299838376 2270756292473298 2270756293350944 2270756300952580 2270756306960848
2270756299852460 2270756300638028 2270756308849280 2270756314827210 2270756306975422 2270756307818628 2270756316267768 2270756322248834
2270756314841308 2270756315705080 2270756323588284 2270756329591974 2270756322262596 2270756323068142 2270756330679802 2270756336662520

2270758225361640 2270758226627520 2270758229745810 2270758235716656 2270758226651698 2270758227892280 2270758236610864 2270758242534376
2270758235730474 2270758236549040 2270758243931072 2270758249920762 2270758242550294 2270758243511758 2270758251488930 2270758257453938
2270758249936036 2270758250769050 2270758258852370 2270758264845364 2270758257469072 2270758259068446 2270758266246932 2270758272243580
2270758264857950 2270758265795152 2270758273822010 2270758279815578 2270758272258168 2270758273095144 2270758281016106 2270758287010794
2270758279828780 2270758280560882 2270758288251838 2270758294218302 2270758287025592 2270758287879606 2270758295544186 2270758301587286
2270758294234430 2270758295178212 2270758302918392 2270758308905142 2270758301603134 2270758302376676 2270758310178750 2270758316126846
2270758308918106 2270758309727110 2270758317733276 2270758323701532 2270758316143002 2270758316929060 2270758324648814 2270758330673826
2270758323714734 2270758325356234 2270758332050222 2270758338055480 2270758330687434 2270758331673048 2270758339914064 2270758345873080
2270758338069186 2270758338781114 2270758347390008 2270758353393292 2270758345887892 2270758346954412 2270758355090876 2270758361032112

2270752332406824 2270752333683078 2270752339131290 2270752345085168 2270752333708362 2270752334959038 2270752345953658 2270752351932428
2270752345099196 2270752345794828 2270752355125114 2270752361037034 2270752351947730 2270752352993656 2270752362380236 2270752368356962
2270752361052336 2270752361827320 2270752370135438 2270752376168752 2270752368372544 2270752369257652 2270752377500194 2270752383720240
2270752376183690 2270752376926768 2270752384809986 2270752390987836 2270752383734730 2270752384420800 2270752392101830 2270752398062400
2270752391002200 2270752391674676 2270752399190324 2270752405162430 2270752398077688 2270752398752516 2270752406286686 2270752412238478
2270752405177130 2270752405848500 2270752413320020 2270752419325950 2270752412253318 2270752412902652 2270752420476358 2270752426456444
2270752419341756 2270752420726006 2270752427828598 2270752433811960 2270752426469338 2270752428013496 2270752435066192 2270752441055420
2270752433823958 2270752434663776 2270752442345590 2270752448321070 2270752441070890 2270752441877528 2270752449564396 2270752455521214
2270752448337926 2270752449115094 2270752456758352 2270752462735624 2270752455536950 2270752456361130 2270752464711584 2270752470665742

2270752261190700 2270752262871036 2270752270621548 2270752276565612 2270752262896152 2270752264386354 2270752277572100 2270752283570680
2270752276577582 2270752277350298 2270752285578840 2270752291607492 2270752283586080 2270752285852750 2270752292888072 2270752298879428
2270752291622206 2270752292491340 2270752300520116 2270752306501378 2270752298895150 2270752299762282 2270752307908238 2270752313906846
2270752306515210 2270752307323654 2270752315978986 2270752321982648 2270752313923534 2270752314816286 2270752323301406 2270752329267464
2270752321995612 2270752322785548 2270752330916412 2270752336998712 2270752329283508 2270752331238314 2270752338930306 2270752344881986
2270752337011088 2270752338048194 2270752346446234 2270752352433446 2270752344930650 2270752345720656 2270752354157532 2270752360126026
2270752352449532 2270752353407342 2270752361597076 2270752367653588 2270752360141930 2270752361005296 2270752369345642 2270752375315102
2270752367667350 2270752368471370 2270752376321940 2270752382319050 2270752375330012 2270752376643142 2270752384273674 2270752390251842
2270752382332182 2270752383402034 2270752391721856 2270752397682034 2270752390266626 2270752391073040 2270752398605222 2270752404511276

2270749497716756 2270749499653432 2270749502855134 2270749508831468 2270749499678240 2270749501166020 2270749510215802 2270749516183876
2270749508843718 2270749509613550 2270749518182950 2270749524187858 2270749516198646 2270749517301846 2270749525648870 2270749531597834
2270749524202068 2270749524985046 2270749533172106 2270749539147376 2270749531611624 2270749532394616 2270749540745770 2270749546824402
2270749539161922 2270749540052056 2270749548393970 2270749554367280 2270749546837758 2270749547622514 2270749555728304 2270749561721256
2270749554381742 2270749555256126 2270749563134640 2270749569132422 2270749561736642 2270749562560990 2270749570594092 2270749576557056
2270749569144588 2270749569908764 2270749578106352 2270749584085010 2270749576571504 2270749577503526 2270749585295688 2270749591293078
2270749584098954 2270749584886146 2270749592487600 2270749598505850 2270749591305916 2270749592060194 2270749599767208 2270749605724824
2270749598519416 2270749599284586 2270749606893194 2270749612864236 2270749605738642 2270749606484408 2270749614130956 2270749620104266
2270749612878670 2270749613696760 2270749622090978 2270749628076846 2270749620118840 2270749620985832 2270749629036028 2270749634934704

2270749444104526 2270749445355384 2270749454994622 2270749460936054 2270749445380010 2270749446584010 2270749461879094 2270749467869092
2270749460950376 2270749461742006 2270749469676618 2270749475673476 2270749467884898 2270749468835512 2270749477003056 2270749482968442
2270749475687924 2270749476510256 2270749484238130 2270749490240994 2270749482984150 2270749483818228 2270749491530226 2270749497581474
2270749490255862 2270749491038448 2270749498950366 2270749504935730 2270749497596188 2270749498441186 2270749506478544 2270749512472084
2270749504950136 2270749505702314 2270749513832044 2270749519858918 2270749512487582 2270749513382728 2270749521423810 2270749527377590
2270749519873100 2270749520634168 2270749528673108 2270749534663120 2270749527391184 2270749528281934 2270749536237028 2270749542239808
2270749534677442 2270749535469730 2270749543660724 2270749549626404 2270749542253472 2270749543098344 2270749551140938 2270749557094396
2270749549640348 2270749550396530 2270749558440930 2270749564450122 2270749557108872 2270749557994414 2270749565915320 2270749571879166
2270749564462722 2270749565195440 2270749573280524 2270749579259168 2270749571893474 2270749572738626 2270749580588104 2270749586541058

2270755602850154 2270755604083428 2270755613331016 2270755619284208 2270755604150754 2270755605646010 2270755619917358 2270755625917758
2270755619297466 2270755620634410 2270755628688904 2270755634691124 2270755625931198 2270755627393946 2270755635911700 2270755641897498
2270755634705292 2270755635392930 2270755644025932 2270755650007418 2270755641911890 2270755643183300 2270755651722712 2270755657712990
2270755650022762 2270755650793840 2270755660366438 2270755666362036 2270755657727998 2270755659109476 2270755667786466 2270755673753476
2270755666375826 2270755667171670 2270755675107668 2270755681162444 2270755673768358 2270755676372022 2270755683675570 2270755689691832
2270755681175072 2270755682513234 2270755691324442 2270755697296170 2270755689706280 2270755690480242 2270755699437092 2270755705412936
2270755697310954 2270755698443470 2270755707022138 2270755713005010 2270755705427874 2270755706324196 2270755714918264 2270755720914394
2270755713019276 2270755713875950 2270755722885958 2270755728831758 2270755720929080 2270755721931816 2270755730674802 2270755736624438
2270755728844806 2270755729732490 2270755738431978 2270755744399800 2270755736638116 2270755737563502 2270755745036800 2270755750949462

2270866599524222 2270866600723868 2270866603995052 2270866609929232 2270866600801540 2270866602224150 2270866611107780 2270866617077842
2270866609942938 2270866610846218 2270866619310800 2270866625288646 2270866617093662 2270866618180482 2270866626318668 2270866632298306
2270866625302604 2270866626125440 2270866634386406 2270866640385238 2270866632314070 2270866633275786 2270866641307320 2270866647246036
2270866640399098 2270866641481088 2270866649091558 2270866655046374 2270866647260050 2270866648188222 2270866656497880 2270866662474480
2270866655061158 2270866655886430 2270866664050684 2270866670025884 2270866662488494 2270866663390836 2270866671576118 2270866677533958
2270866670040640 2270866670842966 2270866679028360 2270866685001460 2270866677548994 2270866678429272 2270866686627140 2270866692586408
2270866685016692 2270866685838058 2270866693811464 2270866699817842 2270866692601542 2270866693430062 2270866701446826 2270866707399948
2270866699832514 2270866700595752 2270866708524596 2270866714519676 2270866707415614 2270866708182380 2270866716012496 2270866721967648
2270866714536378 2270866715444474 2270866723584046 2270866729598180 2270866721981928 2270866722796658 2270866730899998 2270866736859476

2270750791165654 2270750792427432 2270750798727404 2270750804623980 2270750792452114 2270750793664766 2270750805665202 2270750811682892
2270750804637266 2270750805439186 2270750813786448 2270750819749314 2270750811698922 2270750812826580 2270750820996840 2270750826975036
2270750819764630 2270750820589104 2270750828519474 2270750834515422 2270750826989330 2270750827888074 2270750835354386 2270750841385866
2270750834529590 2270750836210458 2270750843267032 2270750849254188 2270750841399376 2270750842321290 2270750850719848 2270750856679382
2270750849268818 2270750850079334 2270750858219746 2270750864223954 2270750856694446 2270750857573352 2270750865614686 2270750871574038
2270750864238206 2270750865044662 2270750872938786 2270750878916380 2270750871588878 2270750872387970 2270750880272084 2270750886277734
2270750878929764 2270750879773642 2270750887641754 2270750893628532 2270750886292434 2270750887029758 2270750894973218 2270750900935034
2270750893643344 2270750894448680 2270750902361088 2270750908349504 2270750900948922 2270750901788838 2270750909599886 2270750915594056
2270750908363560 2270750909834694 2270750916885080 2270750922889960 2270750915606390 2270750916442778 2270750923967932 2270750929895616

2270748108071590 2270748109435638 2270748115121136 2270748121008948 2270748109460446 2270748110940498 2270748121951008 2270748127946214
2270748121022430 2270748121822838 2270748129393800 2270748135418574 2270748127962524 2270748128917058 2270748136952246 2270748142977090
2270748135432476 2270748137237972 2270748144398188 2270748150423284 2270748142990082 2270748143892858 2270748151983528 2270748157985188
2270748150437368 2270748151204736 2270748159387470 2270748165382382 2270748157999468 2270748158936950 2270748166905960 2270748172970284
2270748165396144 2270748167247490 2270748174444064 2270748180448930 2270748172983234 2270748173984262 2270748182063662 2270748188021642
2270748180463490 2270748181305114 2270748189383898 2270748195391382 2270748188035698 2270748188932706 2270748196987326 2270748202944858
2270748195405592 2270748196165316 2270748204557826 2270748210563042 2270748202958788 2270748203909738 2270748212069288 2270748218019778
2270748210576328 2270748211374370 2270748219265848 2270748225258044 2270748218034128 2270748218786278 2270748226406828 2270748232366614
2270748225272646 2270748226082980 2270748233617724 2270748239600260 2270748232380964 2270748233157054 2270748240877452 2270748246842754

2270748788450142 2270748789764336 2270748793237610 2270748799191054 2270748789789760 2270748791294662 2270748800238072 2270748806213538
2270748799204144 2270748799989754 2270748808550488 2270748814502364 2270748806230212 2270748807349862 2270748815914502 2270748821890066
2270748814517428 2270748815297340 2270748823767256 2270748829762420 2270748821905942 2270748822997256 2270748831475474 2270748837473746
2270748829775230 2270748830597940 2270748839001286 2270748845070034 2270748837489972 2270748838396108 2270748846493260 2270748852449980
2270748845083656 2270748845917216 2270748853974650 2270748859964998 2270748852464946 2270748853356508 2270748861148418 2270748867131472
2270748859979544 2270748860769984 2270748868356584 2270748874374414 2270748867146508 2270748867959544 2270748875511942 2270748881553096
2270748874387168 2270748875134474 2270748882791900 2270748888755998 2270748881568174 2270748882333078 2270748890989782 2270748896918936
2270748888771552 2270748889640378 2270748898024544 2270748904005232 2270748896933510 2270748897710090 2270748905521558 2270748911477522
2270748904019540 2270748904934062 2270748913059956 2270748919080838 2270748911493804 2270748912321932 2270748920220284 2270748926182156

2270753386322526 2270753387646758 2270753393131916 2270753399052082 2270753387672728 2270753389238950 2270753400180412 2270753406174288
2270753399075070 2270753399970860 2270753408183764 2270753414156192 2270753406189898 2270753407315092 2270753415316890 2270753421332676
2270753414170906 2270753414972448 2270753422595322 2270753428611710 2270753421347348 2270753422147252 2270753429717178 2270753435756988
2270753428625388 2270753429384314 2270753438677290 2270753444644356 2270753435772080 2270753436647164 2270753445847054 2270753451831144
2270753444658328 2270753445547370 2270753453505082 2270753459515086 2270753451844724 2270753452767982 2270753460894044 2270753466852794
2270753459528414 2270753460301298 2270753468371598 2270753474327086 2270753466867242 2270753467762136 2270753475642820 2270753481638572
2270753474341030 2270753475108748 2270753483188960 2270753489229582 2270753481652320 2270753483531638 2270753491436402 2270753497405974
2270753489242056 2270753490268984 2270753498693442 2270753504656420 2270753497421318 2270753498102740 2270753506414232 2270753512426210
2270753504670770 2270753505692644 2270753513847882 2270753519806254 2270753512438936 2270753513198562 2270753520835156 2270753526728722
