16 1554
2270905492821280 2270905510586020 2270905549642660 2270905600687948 2270905510586188 2270905535912510 2270905610149232 2270905661248896
2270905661326722 2270905682864350 2270905735868098 2270905788069058 2270905682864448 2270905707960246 2270905809512284 2270905862933834
2270905862934744 2270906058233246 2270906103006772 2270906154894118 2270906058233274 2270906082411456 2270906165816778 2270906218126000
2270906218128590 2270906241136638 2270906283856322 2270906334568130 2270906241136680 2270906267943516 2270906347238004 2270906397659760
2270906397660264 2270906420620572 2270906472964528 2270906523798542 2270906420620614 2270906448712272 2270906534785966 2270906586131148
2270906586132058 2270906758885408 2270906805530902 2270906856656676 2270906758885436 2270906779560790 2270906869797468 2270906920963296
2270906920963814 2270906943971764 2270906993609100 2270907045425200 2270906943971792 2270906972495420 2270907056943672 2270907109479988
2270907109481850 2270907133710642 2270907181441108 2270907232475966 2270907133710684 2270907162879446 2270907245115670 2270907296601678
2270907296602196 2270907497255460 2270907544853094 2270907596638604 2270907497255488 2270907521554028 2270907606532222 2270907658398442

2270905126430864 2270905143997938 2270905185573122 2270905242503506 2270905143998092 2270905169908256 2270905250270664 2270905307011544
2270905307012972 2270905331476740 2270905378163156 2270905434563864 2270905331476852 2270905358551970 2270905443922332 2270905500202360
2270905500202892 2270905525329112 2270905722629208 2270905780318476 2270905525329154 2270905549300514 2270905791673386 2270905848955282
2270905848956738 2270905875660198 2270905913051776 2270905970344844 2270905875660380 2270905904631462 2270905983139220 2270906040072250
2270906040072810 2270906065282092 2270906112257832 2270906169012992 2270906065282134 2270906092329308 2270906180780902 2270906237749800
2270906237751536 2270906262721418 2270906417190306 2270906474225928 2270906262721446 2270906286288836 2270906495882990 2270906552750262
2270906552750808 2270906579936344 2270906623088964 2270906680049994 2270906579936540 2270906614400872 2270906695988294 2270906753036712
2270906753037510 2270906778872158 2270906827494382 2270906884663032 2270906778872186 2270906805370840 2270906896206732 2270906954035426
2270906954037792 2270906979608092 2270907158016448 2270907215752672 2270906979608204 2270907002225274 2270907225376664 2270907283905708

2270910611250554 2270910633594582 2270910674499390 2270910725295464 2270910633594750 2270910656871192 2270910733274624 2270910784278542
2270910784279046 2270910809077036 2270910854999906 2270910907111238 2270910809077064 2270910833268182 2270910918775856 2270910970802530
2270910970804966 2270910993453018 2270911040616232 2270911091946238 2270910993453060 2270911019474608 2270911104471366 2270911155728152
2270911155728670 2270911180856402 2270911373984694 2270911425119764 2270911180856430 2270911198955546 2270911471672508 2270911523011600
2270911523013084 2270911550077744 2270911598476444 2270911650486780 2270911550077786 2270911573717752 2270911661407732 2270911712200362
2270911712201734 2270911735050882 2270911786161914 2270911836762562 2270911735050924 2270911757309286 2270911843259976 2270911896053374
2270911896055026 2270911921387550 2270912074792438 2270912125636154 2270911921387578 2270911940208674 2270912179982936 2270912232187788
2270912232190224 2270912259077238 2270912298191544 2270912349448106 2270912259077266 2270912283446408 2270912381392004 2270912433192284
2270912433192788 2270912458575572 2270912500281670 2270912550736956 2270912458575600 2270912476715442 2270912560021742 2270912610578094

2271006879926792 2271006900010646 2271006942523312 2271006994454030 2271006900010814 2271006923918026 2271006999560474 2271007052195154
2271007052197800 2271007077496094 2271007126492706 2271007184219564 2271007077496122 2271007105178420 2271007196700256 2271007254159126
2271007254159602 2271007278707650 2271007475547986 2271007532897264 2271007278707776 2271007305044758 2271007548597942 2271007607304884
2271007607307516 2271007636507456 2271007670500660 2271007727765686 2271007636507638 2271007665426696 2271007743209898 2271007800104848
2271007800105352 2271007823872396 2271007873105482 2271007930001314 2271007823872662 2271007841639698 2271007941520360 2271007998572068
2271007998608468 2271008023491788 2271008173340984 2271008230711934 2271008023491830 2271008048973342 2271008250509642 2271008308853984
2271008308855468 2271008337956400 2271008379035578 2271008436666480 2271008337956596 2271008374010152 2271008451800256 2271008509605458
2271008509605976 2271008535023648 2271008583245696 2271008640874848 2271008535023676 2271008561387090 2271008651501506 2271008710617836
2271008710619530 2271008735678844 2271008910846200 2271008967870356 2271008735678886 2271008760626018 2271008977388746 2271009036190454

2270907095872296 2270907116606198 2270907158695280 2270907210247256 2270907116606366 2270907141512198 2270907219286440 2270907272682748
2270907272683252 2270907296848666 2270907351797630 2270907402637118 2270907296848708 2270907321967368 2270907411574578 2270907462929336
2270907462930022 2270907487488304 2270907690920358 2270907742340916 2270907487488472 2270907508875922 2270907752920870 2270907804735416
2270907804735934 2270907832610410 2270907877570472 2270907928315838 2270907832610578 2270907861782462 2270907941856106 2270907993356086
2270907993357808 2270908015627622 2270908063795700 2270908114273582 2270908015627664 2270908040939272 2270908139868956 2270908191069266
2270908191069756 2270908216557960 2270908384838884 2270908435687052 2270908216558142 2270908237719646 2270908465894558 2270908516344958
2270908516345826 2270908543118278 2270908587768142 2270908639085212 2270908543118432 2270908581430496 2270908652049184 2270908705251396
2270908705252488 2270908727605630 2270908776937290 2270908827933620 2270908727605784 2270908752472430 2270908843048608 2270908894899442
2270908894899946 2270908919044234 2270909126216360 2270909179259406 2270908919044262 2270908942831354 2270909188821476 2270909241083546

2270909124416856 2270909145417766 2270909184302136 2270909235476224 2270909145417920 2270909168904068 2270909244662772 2270909295995326
2270909295996194 2270909320634290 2270909369405096 2270909420367574 2270909320634444 2270909334682366 2270909431913416 2270909483135006
2270909483137526 2270909504941434 2270909550976248 2270909602475794 2270909504941546 2270909528410194 2270909614808688 2270909667510946
2270909667512500 2270909690713482 2270909894455678 2270909946052244 2270909690713510 2270909710237266 2270909974321604 2270910025579972
2270910025582394 2270910054301896 2270910101227740 2270910152980000 2270910054302064 2270910084615158 2270910163803456 2270910215460152
2270910215461510 2270910239373454 2270910287928394 2270910339633572 2270910239373622 2270910258443456 2270910349565466 2270910401219894
2270910401221966 2270910425811006 2270910584749016 2270910635639548 2270910425811174 2270910442391164 2270910689021954 2270910741824732
2270910741825180 2270910769234226 2270910813273480 2270910864358598 2270910769234394 2270910798984506 2270910877542496 2270910930026494
2270910930028930 2270910954893798 2270911003352376 2270911055322056 2270910954893966 2270910976112548 2270911063104824 2270911116034708

2270903230861944 2270903248502028 2270903288366734 2270903339548326 2270903248502056 2270903274131408 2270903348123186 2270903399780092
2270903399782584 2270903421932698 2270903480319124 2270903531581468 2270903421932726 2270903438934116 2270903540319764 2270903591715710
2270903591716214 2270903614002926 2270903663415254 2270903715426136 2270903614002954 2270903640098142 2270903728018842 2270903779480994
2270903779481778 2270903803979034 2270903854797746 2270903905825884 2270903803979062 2270903829592188 2270903917767254 2270903969340034
2270903969340552 2270903990989788 2270904194228642 2270904245574622 2270903990989830 2270904006956060 2270904258960134 2270904309802240
2270904309803024 2270904332598636 2270904384228396 2270904435318022 2270904332598664 2270904355554660 2270904448499960 2270904499691590
2270904499692094 2270904521465006 2270904575622564 2270904626874282 2270904521465034 2270904546563520 2270904637773884 2270904690314498
2270904690316024 2270904712423144 2270904886357254 2270904937933100 2270904712423186 2270904725737046 2270904982759126 2270905035142716
2270905035144900 2270905057774976 2270905112593264 2270905164066182 2270905057775018 2270905081117120 2270905173827360 2270905225289764

2270903161102002 2270903177487476 2270903219809658 2270903271379050 2270903177487644 2270903202881558 2270903279470112 2270903331249812
2270903331252388 2270903352167758 2270903409390714 2270903460783160 2270903352167926 2270903368095530 2270903471902604 2270903523386904
2270903523387408 2270903543335490 2270903597013758 2270903648996654 2270903543335532 2270903569301178 2270903657868370 2270903710988976
2270903710991314 2270903731400822 2270903922906584 2270903974359482 2270903731400906 2270903752136348 2270904019768258 2270904071105600
2270904071107112 2270904095919046 2270904146075628 2270904197222542 2270904095919144 2270904130674032 2270904207103966 2270904258292264
2270904258292782 2270904278543194 2270904331967628 2270904383552658 2270904278543236 2270904310260726 2270904393395400 2270904445069008
2270904445070548 2270904467611122 2270904639304322 2270904691469680 2270904467611290 2270904487490562 2270904724757298 2270904775921418
2270904775921936 2270904801448402 2270904851636890 2270904903165486 2270904801448556 2270904837021632 2270904916300160 2270904969894246
2270904969896654 2270904992451508 2270905044109450 2270905096418742 2270904992451676 2270905014982226 2270905106268708 2270905157821328

2270900392708052 2270900410864736 2270900451233162 2270900502410582 2270900410864904 2270900435546736 2270900511695228 2270900562995554
2270900562996072 2270900585165114 2270900645418076 2270900696428938 2270900585165142 2270900601539038 2270900703387988 2270900755297776
2270900755299218 2270900779502082 2270900831729600 2270900883974198 2270900779502250 2270900806824062 2270900895793054 2270900948199646
2270900948200514 2270900972768624 2270901146596698 2270901198478458 2270900972768722 2270900991327696 2270901232532366 2270901284025472
2270901284026326 2270901308678954 2270901358884214 2270901410532314 2270901308679122 2270901345302814 2270901423607264 2270901477104050
2270901477106752 2270901503005408 2270901552707956 2270901604885172 2270901503005576 2270901519624136 2270901618514564 2270901670960972
2270901670962554 2270901695843858 2270901846225852 2270901897660942 2270901695844026 2270901711669822 2270901946735366 2270901998891568
2270901998892072 2270902025470862 2270902072316402 2270902123218848 2270902025471030 2270902067585844 2270902137382732 2270902189239180
2270902189240664 2270902212050710 2270902411572690 2270902463526774 2270902212050738 2270902233082504 2270902474001294 2270902526528384

2270900345178206 2270900365261570 2270900405748702 2270900456621440 2270900365261738 2270900388852900 2270900464502586 2270900515679530
2270900515680706 2270900541657202 2270900582909252 2270900634956492 2270900541657244 2270900567268956 2270900647440754 2270900698743460
2270900698744020 2270900721384596 2270900768895122 2270900819907944 2270900721384638 2270900739308278 2270900830938390 2270900881960284
2270900881962650 2270900905036834 2270900946590192 2270900998251130 2270900905036862 2270900932609624 2270901010437234 2270901062099712
2270901062100202 2270901083892770 2270901277997660 2270901329152540 2270901083892798 2270901101843640 2270901384905272 2270901436037332
2270901436039796 2270901461661000 2270901498606090 2270901550811208 2270901461661168 2270901488599772 2270901560877026 2270901613149064
2270901613150744 2270901634404620 2270901673216946 2270901725444646 2270901634404788 2270901654940450 2270901740049572 2270901791163110
2270901791164538 2270901811474548 2270901992550968 2270902044626278 2270901811474576 2270901828754762 2270902094942124 2270902146962932
2270902146965102 2270902172784056 2270902207616224 2270902258981468 2270902172784224 2270902199250202 2270902272217208 2270902324349582

2270906504044444 2270906525541178 2270906568810726 2270906619277800 2270906525541346 2270906549306542 2270906626601942 2270906677434164
2270906677434654 2270906703466184 2270906747282880 2270906799281344 2270906703466352 2270906732924494 2270906813595644 2270906865506930
2270906865508778 2270906890021602 2270906932847644 2270906984512810 2270906890021770 2270906912950368 2270906994181028 2270907046117220
2270907046117766 2270907071935586 2270907114142422 2270907165848874 2270907071935628 2270907093565922 2270907176803076 2270907228698738
2270907228700278 2270907252082924 2270907289919380 2270907341505376 2270907252083092 2270907276486856 2270907353917118 2270907405920412
2270907405920860 2270907421465382 2270907639411544 2270907690995524 2270907421465564 2270907436705278 2270907711994460 2270907764183884
2270907764186642 2270907779612752 2270907831209710 2270907882253598 2270907779612920 2270907810173058 2270907918906312 2270907970617818
2270907970620450 2270907994197710 2270908033066400 2270908084013254 2270907994197864 2270908015646998 2270908094745612 2270908146688874
2270908146689364 2270908162174750 2270908359857578 2270908411548308 2270908162174778 2270908177205682 2270908424344112 2270908477178614

2271017493921610 2271017513683380 2271017555692592 2271017607864922 2271017513683548 2271017538188728 2271017616734328 2271017668040310
2271017668040828 2271017690900672 2271017741905332 2271017793034256 2271017690900700 2271017716253510 2271017801537982 2271017852770016
2271017852772732 2271017874253870 2271017922786270 2271017974030442 2271017874253912 2271017893621008 2271017985231282 2271018037345498
2271018037346016 2271018059162944 2271018104105884 2271018155964460 2271018059162972 2271018084020084 2271018168389964 2271018220636424
2271018220636984 2271018233377558 2271018447756226 2271018498464422 2271018233377586 2271018259139574 2271018510181862 2271018562527120
2271018562529570 2271018583585598 2271018646665426 2271018698696874 2271018583585640 2271018604273006 2271018711375358 2271018762589136
2271018762589850 2271018784352472 2271018831434262 2271018882730710 2271018784352500 2271018809355296 2271018895515146 2271018947591254
2271018947592850 2271018960981022 2271019154892964 2271019206704640 2271018960981064 2271018976786070 2271019242831458 2271019294557496
2271019294558014 2271019315670042 2271019364730676 2271019415976122 2271019315670210 2271019341728158 2271019426514776 2271019477751598

2270901689103068 2270901711150534 2270901750354342 2270901802089298 2270901711150688 2270901733674644 2270901810606982 2270901861300128
2270901861300632 2270901886989106 2270901932337458 2270901984035972 2270901886989148 2270901911473580 2270901995179776 2270902047077454
2270902047078140 2270902071457362 2270902284131838 2270902336993640 2270902071457390 2270902093204556 2270902345873364 2270902397566838
2270902397567342 2270902426690058 2270902458174784 2270902510170364 2270902426690240 2270902452382214 2270902538523976 2270902590515300
2270902590518058 2270902616091214 2270902660630114 2270902712246336 2270902616091242 2270902639678722 2270902725242816 2270902776591582
2270902776592296 2270902801400408 2270902978050644 2270903029876810 2270902801400450 2270902826305050 2270903039938554 2270903092740464
2270903092742564 2270903120281950 2270903159142128 2270903211062626 2270903120282118 2270903144902084 2270903231091516 2270903282567724
2270903282569390 2270903298657140 2270903348897960 2270903400961300 2270903298657168 2270903329599534 2270903439405034 2270903491624488
2270903491624992 2270903685722994 2270903733695576 2270903785212650 2270903685723162 2270903703644954 2270903797613794 2270903849289166

2270899006218206 2270899023453536 2270899064264026 2270899115285416 2270899023453704 2270899049067222 2270899124140304 2270899175200726
2270899175201874 2270899198079792 2270899238393058 2270899289610602 2270899198079834 2270899222717188 2270899312872708 2270899364418706
2270899364419238 2270899386720426 2270899432177614 2270899484476364 2270899386720454 2270899410940818 2270899494423252 2270899546023052
2270899546025404 2270899567836186 2270899762298594 2270899814014314 2270899567836228 2270899588899886 2270899855191170 2270899906044980
2270899906046506 2270899929743970 2270899972775784 2270900023926856 2270899929744138 2270899956270624 2270900040381322 2270900093850108
2270900093850640 2270900116800742 2270900167321912 2270900219279916 2270900116800770 2270900141123264 2270900231232192 2270900282972202
2270900282974764 2270900305038106 2270900466535554 2270900517301472 2270900305038148 2270900326589006 2270900567204542 2270900618481838
2270900618482370 2270900642574046 2270900685785298 2270900736803902 2270900642574214 2270900669201038 2270900748121460 2270900801231636
2270900801234044 2270900821479178 2270901026197006 2270901077495750 2270900821479206 2270900844027522 2270901088255632 2270901139546340

2270899683422944 2270899701293468 2270899740725784 2270899791917484 2270899701293636 2270899722335832 2270899799788844 2270899851545052
2270899851545542 2270899875064324 2270899925910000 2270899977667300 2270899875064492 2270899899392166 2270899990046632 2270900041622926
2270900041624578 2270900064672848 2270900105867708 2270900157172360 2270900064672960 2270900089472784 2270900171271928 2270900222411156
2270900222411632 2270900245694318 2270900289824726 2270900340655632 2270900245694360 2270900272599812 2270900355983014 2270900408792134
2270900408792568 2270900431785958 2270900631099520 2270900682627164 2270900431786000 2270900447694914 2270900732907436 2270900784427310
2270900784428234 2270900810163874 2270900852357970 2270900904130796 2270900810163902 2270900835353024 2270900917246024 2270900968863114
2270900968863632 2270900993470368 2270901040407216 2270901091657744 2270900993470466 2270901017706692 2270901105604236 2270901156516230
2270901156517140 2270901178726222 2270901351616912 2270901403606024 2270901178726250 2270901194314074 2270901431249934 2270901483038202
2270901483038678 2270901505976530 2270901555407072 2270901607015706 2270901505976558 2270901528572936 2270901618487040 2270901672220664

2270904283782526 2270904304643450 2270904344795170 2270904395707234 2270904304643576 2270904328428638 2270904404364120 2270904454944034
2270904454944622 2270904478036698 2270904523173468 2270904575435510 2270904478036740 2270904502703046 2270904590263092 2270904642250398
2270904642252582 2270904667483886 2270904709750348 2270904760732286 2270904667483914 2270904695729964 2270904771921380 2270904822882962
2270904822883830 2270904847900346 2270905048871844 2270905100483376 2270904847900374 2270904868137500 2270905140631064 2270905192074358
2270905192075898 2270905221100698 2270905269133774 2270905320767118 2270905221100922 2270905254727032 2270905330972348 2270905384074236
2270905384074740 2270905408990162 2270905454638268 2270905506055606 2270905408990190 2270905436931852 2270905516813696 2270905567802592
2270905567804174 2270905593996214 2270905748585012 2270905799606542 2270905593996256 2270905613587982 2270905848739962 2270905900088308
2270905900088812 2270905927589642 2270905968684584 2270906021156374 2270905927589810 2270905959709884 2270906053267530 2270906105128822
2270906105129326 2270906130502086 2270906306527348 2270906358056616 2270906130502114 2270906153843264 2270906386737212 2270906440554710
