16 73
4589936578918350848 47837500207120 2270728892626278 2270728898292204 47837492203536 47837484171280 2270728898293478 2270728903864176
47837540311056 47837532278800 2270728903864218 2270728909622586 47837524275216 47837516242960 2270728909622614 2270728915191380
47837572382736 47837564350480 2270728915191436 2270728920978462 47837556346896 47837548314640 2270728920978952 2270728926640832
47837604454416 47837596422160 2270728926640888 2270728932536708 47837588418576 47837580386320 2270728932536736 2270728938105138
47837636526096 47837628493840 2270728938105544 2270728943664076 47837620490256 47837612458000 2270728943664468 2270728949337968
47837668597776 47837660565520 2270728949337996 2270728954989054 47837652561936 47837644529680 2270728954989446 2270728960562594
47837700669456 47837692637200 2270728960562636 2270728966210040 47837684633616 47837676601360 2270728966210068 2270728971862176
47837732741136 47837724708880 2270728971862414 2270728977535620 47837716705296 47837708673040 2270728977536082 2270728983195442
47837764812816 47837756780560 2270728983195484 2270728988759728 47837748776976 47837740744720 2270728988760190 2270728994682820

47758608252944 47758600220688 2270728525994278 2270728531582056 47758592217104 47758584184848 2270728531583372 2270728537147966
47758640324624 47758632292368 2270728537148008 2270728542705658 47758624288784 47758616256528 2270728542705686 2270728548260354
47758672396304 47758664364048 2270728548260396 2270728554010406 47758656360464 47758648328208 2270728554010784 2270728559582182
47758704467984 47758696435728 2270728559582224 2270728565261632 47758688432144 47758680399888 2270728565261660 2270728570951400
47758736539664 47758728507408 2270728570951778 2270728576686010 47758720503824 47758712471568 2270728576686038 2270728582258416
47758768611344 47758760579088 2270728582258458 2270728587816878 47758752575504 47758744543248 2270728587817242 2270728593478884
47758800683024 47758792650768 2270728593479108 2270728599266736 47758784647184 47758776614928 2270728599266764 2270728604958632
47758832754704 47758824722448 2270728604958660 2270728610606274 47758816718864 47758808686608 2270728610606302 2270728616171652
47758864826384 47758856794128 2270728616171680 2270728621796068 47758848790544 47758840758288 2270728621796096 2270728627651820

47018214191120 47018206158864 2270734010487292 2270734016145378 47018198155280 47018190123024 2270734016146358 2270734021727038
47018246262800 47018238230544 2270734021727080 2270734027508030 47018230226960 47018222194704 2270734027508338 2270734033087744
47018278334480 47018270302224 2270734033087786 2270734038746922 47018262298640 47018254266384 2270734038746950 2270734044443004
47018310406160 47018302373904 2270734044443032 2270734050010790 47018294370320 47018286338064 2270734050011742 2270734055739422
47018342477840 47018334445584 2270734055739450 2270734061295560 47018326442000 47018318409744 2270734061296540 2270734066877682
47018374549520 47018366517264 2270734066877724 2270734072542614 47018358513680 47018350481424 2270734072542642 2270734078122118
47018406621200 47018398588944 2270734078123266 2270734083690394 47018390585360 47018382553104 2270734083690422 2270734089261092
47018438692880 47018430660624 2270734089261120 2270734094824818 47018422657040 47018414624784 2270734094824846 2270734100418112
47018470764560 47018462732304 2270734100418140 2270734106215652 47018454728720 47018446696464 2270734106216646 2270734111968742

47837441093648 47837433061392 2270830279770668 2270830285508078 47837425057808 47837417025552 2270830285509408 2270830291068906
47837473165328 47837465133072 2270830291068962 2270830296637028 47837457129488 47837449097232 2270830296637476 2270830302201076
47837505237008 47837497204752 2270830302201104 2270830307754988 47837489201168 47837481168912 2270830307755338 2270830313422454
47837537308688 47837529276432 2270830313422496 2270830319051994 47837521272848 47837513240592 2270830319052022 2270830324632142
47837569380368 47837561348112 2270830324632170 2270830330287036 47837553344528 47837545312272 2270830330287400 2270830335852792
47837601452048 47837593419792 2270830335852834 2270830341408468 47837585416208 47837577383952 2270830341408496 2270830347067940
47837633523728 47837625491472 2270830347068164 2270830352616014 47837617487888 47837609455632 2270830352616042 2270830358443976
47837665595408 47837657563152 2270830358444424 2270830364005406 47837649559568 47837641527312 2270830364005966 2270830369569818
47837697667088 47837689634832 2270830369569860 2270830375215794 47837681631248 47837673598992 2270830375215822 2270830380897806

47314652164112 47314644131856 2270730495229014 2270730500901268 47314636128272 47314628096016 2270730500902696 2270730506474584
47314684235792 47314676203536 2270730506474626 2270730512147482 47314668199952 47314660167696 2270730512147902 2270730517717452
47314716307472 47314708275216 2270730517717494 2270730523416656 47314700271632 47314692239376 2270730523416684 2270730529012064
47314748379152 47314740346896 2270730529012484 2270730534571016 47314732343312 47314724311056 2270730534571044 2270730540156204
47314780450832 47314772418576 2270730540156624 2270730545699000 47314764414992 47314756382736 2270730545699028 2270730551372556
47314812522512 47314804490256 2270730551372584 2270730556942918 47314796486672 47314788454416 2270730556943310 2270730562620744
47314844594192 47314836561936 2270730562620772 2270730568277990 47314828558352 47314820526096 2270730568278018 2270730573962746
47314876665872 47314868633616 2270730573963152 2270730579619670 47314860630032 47314852597776 2270730579619698 2270730585196528
47314908737552 47314900705296 2270730585196570 2270730590956506 47314892701712 47314884669456 2270730590956898 2270730596837290

47399624302608 47399616270352 2270732523614100 2270732529336866 47399608266768 47399600234512 2270732529336894 2270732534903966
47399656374288 47399648342032 2270732534905408 2270732540613698 47399640338448 47399632306192 2270732540613726 2270732546174442
47399688445968 47399680413712 2270732546174484 2270732551838772 47399672410128 47399664377872 2270732551840312 2270732557410422
47399720517648 47399712485392 2270732557410478 2270732562956088 47399704481808 47399696449552 2270732562956116 2270732568531126
47399752589328 47399744557072 2270732568532400 2270732574075308 47399736553488 47399728521232 2270732574075336 2270732579743264
47399784661008 47399776628752 2270732579743292 2270732585399460 47399768625168 47399760592912 2270732585399488 2270732591080128
47399816732688 47399808700432 2270732591080170 2270732596733076 47399800696848 47399792664592 2270732596734420 2270732602289564
47399848804368 47399840772112 2270732602289592 2270732607939852 47399832768528 47399824736272 2270732607939880 2270732613599142
47399880876048 47399872843792 2270732613599366 2270732619260140 47399864840208 47399856807952 2270732619261274 2270732624999888

47715432755216 47715424722960 2270726630472552 2270726636118290 47715416719376 47715408687120 2270726636119326 2270726641692726
47715464826896 47715456794640 2270726641692768 2270726647272510 47715448791056 47715440758800 2270726647272538 2270726652961088
47715496898576 47715488866320 2270726652961116 2270726658639124 47715480862736 47715472830480 2270726658639152 2270726664520398
47715528970256 47715520938000 2270726664520440 2270726670188228 47715512934416 47715504902160 2270726670188256 2270726675885584
47715561041936 47715553009680 2270726675885626 2270726681453076 47715545006096 47715536973840 2270726681453104 2270726687029290
47715593113616 47715585081360 2270726687029318 2270726692857490 47715577077776 47715569045520 2270726692857518 2270726698434432
47715625185296 47715617153040 2270726698434474 2270726704004416 47715609149456 47715601117200 2270726704004444 2270726709588624
47715657256976 47715649224720 2270726709588666 2270726715138000 47715641221136 47715633188880 2270726715138028 2270726720715306
47715689328656 47715681296400 2270726720715334 2270726726344482 47715673292816 47715665260560 2270726726344510 2270726732220856

47547908063248 47547900030992 2270726560722494 2270726566421950 47547892027408 47547883995152 2270726566423266 2270726571980734
47547940134928 47547932102672 2270726571980776 2270726577548142 47547924099088 47547916066832 2270726577548170 2270726583103622
47547972206608 47547964174352 2270726583103650 2270726588762604 47547956170768 47547948138512 2270726588762632 2270726594433010
47548004278288 47547996246032 2270726594433038 2270726599974336 47547988242448 47547980210192 2270726599974364 2270726605688492
47548036349968 47548028317712 2270726605688520 2270726611243734 47548020314128 47548012281872 2270726611244966 2270726616815734
47548068421648 47548060389392 2270726616815790 2270726622363374 47548052385808 47548044353552 2270726622363738 2270726628039478
47548100493328 47548092461072 2270726628039716 2270726633591318 47548084457488 47548076425232 2270726633591346 2270726639161176
47548132565008 47548124532752 2270726639161204 2270726644702768 47548116529168 47548108496912 2270726644702796 2270726650257142
47548164636688 47548156604432 2270726650257170 2270726655912456 47548148600848 47548140568592 2270726655912820 2270726661587958

46923974758416 46923966726160 2270723792228934 2270723797958070 46923958722576 46923950690320 2270723797959246 2270723803528684
46924006830096 46923998797840 2270723803528726 2270723809093698 46923990794256 46923982762000 2270723809094090 2270723814664214
46924038901776 46924030869520 2270723814664718 2270723820308790 46924022865936 46924014833680 2270723820308818 2270723825876114
46924070973456 46924062941200 2270723825876142 2270723831422858 46924054937616 46924046905360 2270723831422886 2270723836993990
46924103045136 46924095012880 2270723836994382 2270723842544696 46924087009296 46924078977040 2270723842545158 2270723848115156
46924135116816 46924127084560 2270723848115548 2270723853770764 46924119080976 46924111048720 2270723853770792 2270723859327910
46924167188496 46924159156240 2270723859327952 2270723864896956 46924151152656 46924143120400 2270723864896984 2270723870560320
46924199260176 46924191227920 2270723870560768 2270723876120770 46924183224336 46924175192080 2270723876121162 2270723881689200
46924231331856 46924223299600 2270723881689606 2270723887237302 46924215296016 46924207263760 2270723887237764 2270723892916234

47263850827792 47263842795536 2270723744937186 2270723750556016 47263834791952 47263826759696 2270723750557388 2270723756268730
47263882899472 47263874867216 2270723756268772 2270723762189946 47263866863632 47263858831376 2270723762191402 2270723767765880
47263914971152 47263906938896 2270723767765922 2270723773379992 47263898935312 47263890903056 2270723773380496 2270723779111760
47263947042832 47263939010576 2270723779111816 2270723784755846 47263931006992 47263922974736 2270723784755874 2270723790435128
47263979114512 47263971082256 2270723790435170 2270723796002326 47263963078672 47263955046416 2270723796002802 2270723801786384
47264011186192 47264003153936 2270723801786412 2270723807343404 47263995150352 47263987118096 2270723807343796 2270723812915208
47264043257872 47264035225616 2270723812915250 2270723818475462 47264027222032 47264019189776 2270723818475868 2270723824043654
47264075329552 47264067297296 2270723824043682 2270723829695356 47264059293712 47264051261456 2270723829695384 2270723835274342
47264107401232 47264099368976 2270723835274370 2270723840838180 47264091365392 47264083333136 2270723840838656 2270723846620740

47802119901200 47802111868944 2270729903426068 2270729909169610 47802103865360 47802095833104 2270729909171122 2270729914867582
47802151972880 47802143940624 2270729914867638 2270729920519550 47802135937040 47802127904784 2270729920519578 2270729926071292
47802184044560 47802176012304 2270729926071348 2270729931726074 47802168008720 47802159976464 2270729931726102 2270729937286510
47802216116240 47802208083984 2270729937286552 2270729943156332 47802200080400 47802192048144 2270729943157634 2270729948891278
47802248187920 47802240155664 2270729948892594 2270729954530996 47802232152080 47802224119824 2270729954531024 2270729960108134
47802280259600 47802272227344 2270729960108162 2270729965641788 47802264223760 47802256191504 2270729965641816 2270729971200782
47802312331280 47802304299024 2270729971201006 2270729976851938 47802296295440 47802288263184 2270729976852302 2270729982424092
47802344402960 47802336370704 2270729982424134 2270729988096892 47802328367120 47802320334864 2270729988096920 2270729993664370
47802376474640 47802368442384 2270729993664412 2270729999301106 47802360438800 47802352406544 2270729999301134 2270730004967354

47730831581200 47730823548944 2270840893395130 2270840899123328 47730815545360 47730807513104 2270840899124490 2270840904698002
47730863652880 47730855620624 2270840904698520 2270840910288902 47730847617040 47730839584784 2270840910288930 2270840915895524
47730895724560 47730887692304 2270840915895566 2270840921651960 47730879688720 47730871656464 2270840921653192 2270840927309780
47730927796240 47730919763984 2270840927310060 2270840932868088 47730911760400 47730903728144 2270840932868116 2270840938449650
47730959867920 47730951835664 2270840938449678 2270840943989184 47730943832080 47730935799824 2270840943989212 2270840949548766
47730991939600 47730983907344 2270840949548794 2270840955100620 47730975903760 47730967871504 2270840955100648 2270840960656072
47731024011280 47731015979024 2270840960656296 2270840966212602 47731007975440 47730999943184 2270840966212630 2270840971780822
47731056082960 47731048050704 2270840971780864 2270840977332634 47731040047120 47731032014864 2270840977332662 2270840982947558
47731088154640 47731080122384 2270840982947586 2270840988630508 47731072118800 47731064086544 2270840988630536 2270840994294488

47666486558736 47666478526480 2270725088661722 2270725094383214 47666470522896 47666462490640 2270725094384516 2270725100153818
47666518630416 47666510598160 2270725100153860 2270725106014428 47666502594576 47666494562320 2270725106014456 2270725111798304
47666550702096 47666542669840 2270725111798346 2270725117562188 47666534666256 47666526634000 2270725117563140 2270725123121546
47666582773776 47666574741520 2270725123121574 2270725128673876 47666566737936 47666558705680 2270725128673904 2270725134253744
47666614845456 47666606813200 2270725134254136 2270725139800726 47666598809616 47666590777360 2270725139800754 2270725145373286
47666646917136 47666638884880 2270725145373314 2270725150949080 47666630881296 47666622849040 2270725150949108 2270725156562618
47666678988816 47666670956560 2270725156562842 2270725162165894 47666662952976 47666654920720 2270725162166272 2270725167889052
47666711060496 47666703028240 2270725167889094 2270725173442866 47666695024656 47666686992400 2270725173442894 2270725179006872
47666743132176 47666735099920 2270725179007264 2270725184655942 47666727096336 47666719064080 2270725184655970 2270725190660136

47498065088528 47498057056272 2270722406043308 2270722411814360 47498049052688 47498041020432 2270722411814388 2270722417384736
47498097160208 47498089127952 2270722417384778 2270722423281424 47498081124368 47498073092112 2270722423282866 2270722428932636
47498129231888 47498121199632 2270722428933994 2270722434505952 47498113196048 47498105163792 2270722434506316 2270722440188090
47498161303568 47498153271312 2270722440188118 2270722445730676 47498145267728 47498137235472 2270722445730704 2270722451436530
47498193375248 47498185342992 2270722451436558 2270722456968070 47498177339408 47498169307152 2270722456968098 2270722462539874
47498225446928 47498217414672 2270722462539916 2270722468093968 47498209411088 47498201378832 2270722468093996 2270722473664414
47498257518608 47498249486352 2270722473664442 2270722479221854 47498241482768 47498233450512 2270722479221882 2270722484901430
47498289590288 47498281558032 2270722484901458 2270722490452304 47498273554448 47498265522192 2270722490452332 2270722496024444
47498321661968 47498313629712 2270722496024472 2270722501683062 47498305626128 47498297593872 2270722501683090 2270722507387796

47360177098768 47360169066512 2270723083384952 2270723089147800 47360161062928 47360153030672 2270723089148780 2270723094834460
47360209170448 47360201138192 2270723094834502 2270723100623628 47360193134608 47360185102352 2270723100623656 2270723106416002
47360241242128 47360233209872 2270723106416044 2270723112095550 47360225206288 47360217174032 2270723112096530 2270723117964168
47360273313808 47360265281552 2270723117964224 2270723123622856 47360257277968 47360249245712 2270723123622884 2270723129222156
47360305385488 47360297353232 2270723129223234 2270723134876014 47360289349648 47360281317392 2270723134876042 2270723140458584
47360337457168 47360329424912 2270723140459018 2270723146025558 47360321421328 47360313389072 2270723146026538 2270723151716474
47360369528848 47360361496592 2270723151716502 2270723157376926 47360353493008 47360345460752 2270723157376954 2270723162965768
47360401600528 47360393568272 2270723162966790 2270723168627704 47360385564688 47360377532432 2270723168627732 2270723174205402
47360433672208 47360425639952 2270723174205444 2270723179774112 47360417636368 47360409604112 2270723179774140 2270723185451056

46991038971920 46991030939664 2270727683202566 2270727689003046 46991022936080 46991014903824 2270727689004278 2270727694574192
46991071043600 46991063011344 2270727694574234 2270727700252200 46991055007760 46991046975504 2270727700253446 2270727705824214
46991103115280 46991095083024 2270727705824256 2270727711386820 46991087079440 46991079047184 2270727711386848 2270727717061552
46991135186960 46991127154704 2270727717061580 2270727722708774 46991119151120 46991111118864 2270727722708802 2270727728289216
46991167258640 46991159226384 2270727728289244 2270727733844430 46991151222800 46991143190544 2270727733844822 2270727739528024
46991199330320 46991191298064 2270727739528052 2270727745182078 46991183294480 46991175262224 2270727745182106 2270727750755548
46991231402000 46991223369744 2270727750756164 2270727756411198 46991215366160 46991207333904 2270727756411226 2270727762068724
46991263473680 46991255441424 2270727762068766 2270727767653772 46991247437840 46991239405584 2270727767654164 2270727773223112
46991295545360 46991287513104 2270727773223140 2270727778876606 46991279509520 46991271477264 2270727778876998 2270727784654504
