16 804
2270919525824012 2270919549836812 2270919585373642 2270919638791972 2270919549837400 2270919566948116 2270919638805804 2270919691767020
2270919585382952 2270919592122608 2270919691778444 2270919745247426 2270919638804838 2270919646686194 2270919748384602 2270919801816792
2270919691777380 2270919698917688 2270919801830596 2270919855566894 2270919748381788 2270919754516630 2270919855578752 2270919908755526
2270919801829364 2270919810998160 2270919908768952 2270919961954350 2270919855577968 2270919877679292 2270919961967496 2270920015035532
2270919908767874 2270919916748840 2270920015047516 2270920068125604 2270919961966320 2270919968194038 2270920068138344 2270920121068256
2270920015046200 2270920049061454 2270920148829304 2270920202172846 2270920068137336 2270920111039510 2270920202186804 2270920255295062
2270920148826994 2270920168976620 2270920255306472 2270920308771380 2270920202185656 2270920229431378 2270920308785464 2270920362557308
2270920255305030 2270920261464834 2270920362570314 2270920415716302 2270920308784708 2270920324128806 2270920415727586 2270920468926536
2270920362568900 2270920376750830 2270920468937946 2270920522530520 2270920415727180 2270920435389732 2270920522551002 2270920575934892

2270919150047366 2270919174735526 2270919228963014 2270919283603390 2270919174735736 2270919207376904 2270919283617012 2270919336869764
2270919228966500 2270919249282866 2270919336881454 2270919390462464 2270919283616172 2270919301804748 2270919390475834 2270919443994460
2270919336880614 2270919350471660 2270919444005870 2270919497771498 2270919390475008 2270919407959720 2270919497786828 2270919551330808
2270919444004428 2270919469328314 2270919552442898 2270919605824884 2270919497786156 2270919506449314 2270919605838142 2270919659160866
2270919552440196 2270919565226606 2270919659172290 2270919712493894 2270919605838058 2270919619299170 2270919712506550 2270919765845682
2270919659171982 2270919673084426 2270919765856854 2270919819011998 2270919712505486 2270919728964488 2270919819025284 2270919872392332
2270919765855790 2270919779244984 2270919872404176 2270919925461544 2270919819024710 2270919835724428 2270919925472478 2270919979117356
2270919872402748 2270919885401538 2270919979129074 2270920032691506 2270919925471582 2270919938230258 2270920032702412 2270920086280482
2270919979128164 2270919989937998 2270920086293628 2270920140277012 2270920032702062 2270920046590048 2270920140287526 2270920193930752

2270924646520908 2270924670986524 2270924717264112 2270924770668932 2270924670986972 2270924694462270 2270924770683422 2270924824321496
2270924717266478 2270924751301920 2270924824334488 2270924877966444 2270924770681910 2270924796014644 2270924877980584 2270924931535120
2270924824333522 2270924845281260 2270924931549274 2270924984892116 2270924877980206 2270924904596362 2270924984906928 2270925038690854
2270924931547650 2270924941081062 2270925038705442 2270925092318806 2270924984906396 2270924991340880 2270925097328132 2270925150663414
2270925038704168 2270925074503078 2270925150676000 2270925203937810 2270925097326382 2270925134422644 2270925203950144 2270925257228460
2270925150674726 2270925170419080 2270925257241620 2270925310459918 2270925203950270 2270925222784022 2270925310473260 2270925363645778
2270925257240248 2270925269806046 2270925363658434 2270925417103168 2270925310473120 2270925330522968 2270925417114550 2270925470561594
2270925363657300 2270925376523902 2270925470574264 2270925523998502 2270925417113360 2270925436670996 2270925524010276 2270925577956168
2270925470573508 2270925502118798 2270925577969846 2270925631356788 2270925524008946 2270925543049562 2270925631373812 2270925684232604

2271020906575302 2271020932192208 2271020979996916 2271021033634808 2271020932192418 2271020959686136 2271021033649214 2271021087657616
2271020979999478 2271021008228966 2271021087670440 2271021141233852 2271021033648500 2271021050603284 2271021141248104 2271021195478980
2271021087669796 2271021115850928 2271021195493470 2271021249076580 2271021141247138 2271021164850452 2271021249090146 2271021302876900
2271021195492952 2271021225758474 2271021302888548 2271021356382016 2271021249089572 2271021255626214 2271021356396058 2271021410015442
2271021302887050 2271021331395334 2271021410028098 2271021463496926 2271021356394994 2271021377447746 2271021473535556 2271021526805556
2271021410027286 2271021446650684 2271021526818534 2271021579865976 2271021473533722 2271021479937098 2271021579881432 2271021633168442
2271021526817680 2271021533081924 2271021633181336 2271021686809288 2271021579880704 2271021602960292 2271021686849062 2271021740689282
2271021633180524 2271021640260618 2271021740703058 2271021794738592 2271021686848712 2271021694046644 2271021794751080 2271021848466210
2271021740702582 2271021746768264 2271021848477326 2271021901914598 2271021794750534 2271021803558942 2271021901947260 2271021955440966

2270921131190642 2270921155215398 2270921222197726 2270921275725564 2270921155215860 2270921182771332 2270921275738458 2270921329037970
2270921222200568 2270921255378356 2270921329049408 2270921382253286 2270921275738010 2270921315513956 2270921382266012 2270921435862604
2270921329048778 2270921360091272 2270921435875176 2270921489019834 2270921382265438 2270921424941764 2270921489034226 2270921542189888
2270921435874350 2270921474397870 2270921547130278 2270921600622934 2270921489033372 2270921534726502 2270921600635688 2270921653524188
2270921547128654 2270921579664472 2270921653537698 2270921706379830 2270921600634680 2270921628968916 2270921706390820 2270921759584142
2270921653536214 2270921688549206 2270921759596168 2270921812885194 2270921706389644 2270921749780978 2270921812897304 2270921866066224
2270921759595132 2270921795184742 2270921866079678 2270921919161420 2270921812896898 2270921841077512 2270921919176806 2270921972353902
2270921866078418 2270921889375818 2270921972365858 2270922025960420 2270921919176078 2270921937887512 2270922025971452 2270922079905528
2270921972365340 2270921997906114 2270922079917806 2270922133805262 2270922025971452 2270922053005354 2270922133817316 2270922187726864

2270923152787548 2270923173147580 2270923222137192 2270923275407458 2270923173147762 2270923197614148 2270923275422088 2270923328700908
2270923222138452 2270923228291956 2270923328712458 2270923382058324 2270923275421220 2270923281950736 2270923382071708 2270923435860156
2270923328711296 2270923334694448 2270923435871272 2270923489283442 2270923382070322 2270923388508656 2270923503201430 2270923556603800
2270923435870390 2270923469174332 2270923556616078 2270923610165966 2270923503199610 2270923516082270 2270923613362250 2270923667394158
2270923556615084 2270923588550722 2270923667440386 2270923721146584 2270923613360332 2270923644739176 2270923721159366 2270923775138172
2270923667413478 2270923676127834 2270923775149204 2270923828578160 2270923721158750 2270923743965464 2270923828591586 2270923882281684
2270923775148210 2270923788078554 2270923882292912 2270923935983150 2270923828590788 2270923843287540 2270923935995204 2270923989414122
2270923882292226 2270923913074978 2270923989427338 2270924043072426 2270923935993398 2270923962998530 2270924043082030 2270924096597408
2270923989426134 2270923998031388 2270924096609686 2270924150215532 2270924043080784 2270924069893206 2270924150231716 2270924203663192

2270917264338772 2270917288919622 2270917335968064 2270917389191864 2270917288919832 2270917313735266 2270917389205500 2270917442323068
2270917335971018 2270917372773812 2270917442334310 2270917495410914 2270917389204786 2270917411793226 2270917495424942 2270917549152056
2270917442333204 2270917458271490 2270917549166336 2270917602662436 2270917495424494 2270917516747054 2270917602676030 2270917656094248
2270917549165202 2270917561869376 2270917656105112 2270917709109854 2270917602675358 2270917609365902 2270917709123462 2270917762201844
2270917656103978 2270917662493522 2270917762214094 2270917815246948 2270917709122482 2270917725588988 2270917827085950 2270917880158144
2270917762213002 2270917793115342 2270917880169736 2270917933144882 2270917827084228 2270917833992962 2270917933158448 2270917986088038
2270917880168546 2270917893005048 2270917986099280 2270918039336184 2270917933157776 2270917941380396 2270918039349288 2270918092518838
2270917986097698 2270917999315112 2270918092530920 2270918145804308 2270918039348574 2270918046818246 2270918145816572 2270918199224948
2270918092529856 2270918122086082 2270918199235112 2270918252593424 2270918145816082 2270918156398262 2270918252606626 2270918306072920

2270917192933396 2270917213015514 2270917263339326 2270917317172728 2270917213015724 2270917237583862 2270917317188212 2270917370888012
2270917263341370 2270917276613216 2270917370899982 2270917424452670 2270917317186812 2270917325605740 2270917424467020 2270917478126500
2270917370898624 2270917402623772 2270917489454404 2270917543102082 2270917424466068 2270917435762724 2270917543115214 2270917596702230
2270917489451940 2270917505476256 2270917596715348 2270917650197714 2270917543114402 2270917573617812 2270917650210734 2270917704536250
2270917596713640 2270917610152352 2270917704550768 2270917758206342 2270917650210006 2270917676363294 2270917761096880 2270917814484760
2270917704548696 2270917710714030 2270917814497402 2270917867903328 2270917761094962 2270917774884416 2270917872327888 2270917926053028
2270917814495918 2270917843461876 2270917926064536 2270917979759590 2270917872325760 2270917889551192 2270917979769698 2270918033414814
2270917926063514 2270917948227544 2270918033425258 2270918087363268 2270917979768410 2270918003998070 2270918087377226 2270918141590714
2270918033424446 2270918046195540 2270918141602306 2270918195398944 2270918087376204 2270918111675220 2270918195414890 2270918249125764

2270914430746794 2270914456344310 2270914508514218 2270914561848492 2270914456344506 2270914487340100 2270914561861358 2270914615432106
2270914508515604 2270914525634692 2270914615446890 2270914669401924 2270914561860910 2270914574073544 2270914669416232 2270914722955970
2270914615445336 2270914625670194 2270914722970964 2270914777229910 2270914669415700 2270914689266496 2270914777242860 2270914830896852
2270914722969760 2270914742328358 2270914830908094 2270914884053774 2270914777241292 2270914796231438 2270914884064750 2270914937793824
2270914830907464 2270914841194664 2270914937807460 2270914991751070 2270914884063812 2270914904824160 2270914991763516 2270915045494018
2270914937806214 2270914945642266 2270915046683038 2270915100266932 2270914991761892 2270915022379444 2270915100282542 2270915154134270
2270915046680742 2270915053091454 2270915154144798 2270915208436714 2270915100281730 2270915106801796 2270915208451680 2270915261947038
2270915154143538 2270915160396498 2270915261958910 2270915315456228 2270915208451148 2270915226906704 2270915315469766 2270915368892142
2270915261958350 2270915268284866 2270915368905148 2270915423235158 2270915315468842 2270915322254474 2270915423247954 2270915477049408

2270914381108744 2270914407751052 2270914454056150 2270914507291892 2270914407751248 2270914432407082 2270914507306564 2270914560732622
2270914454059412 2270914477080480 2270914560744886 2270914614345930 2270914507305472 2270914527070070 2270914614358782 2270914667857094
2270914560743710 2270914567148528 2270914667867398 2270914721232514 2270914614357480 2270914634291394 2270914721246192 2270914774639952
2270914667866642 2270914679486404 2270914776365578 2270914830177308 2270914721246318 2270914745372812 2270914830191000 2270914883974674
2270914776363800 2270914783382924 2270914892860670 2270914946364918 2270914830190076 2270914843559824 2270914946379310 2270914999792558
2270914892858514 2270914909659284 2270914999804402 2270915053314348 2270914946377784 2270914957086090 2270915053328740 2270915106629120
2270914999803576 2270915018668352 2270915106640334 2270915160385914 2270915053328264 2270915064924506 2270915160398290 2270915213959504
2270915106639256 2270915126774686 2270915213970046 2270915267652668 2270915160397324 2270915171403928 2270915267665240 2270915321564316
2270915213968702 2270915234919324 2270915321576482 2270915375082494 2270915267664050 2270915277630958 2270915375096746 2270915428877774

2270920539163752 2270920566404462 2270920608205620 2270920661367946 2270920566404896 2270920592820922 2270920668870756 2270920722650482
2270920608205872 2270920643090456 2270920722665840 2270920776511058 2270920668868782 2270920698969552 2270920785806414 2270920839215322
2270920722663684 2270920756878228 2270920839229084 2270920892624272 2270920785804062 2270920814668324 2270920892636816 2270920946393120
2270920839228244 2270920846987436 2270920950973024 2270921004402610 2270920892636228 2270920924252666 2270921004416050 2270921058053340
2270920950971036 2270920977197460 2270921058064596 2270921111501532 2270921004415518 2270921024852760 2270921111517212 2270921165190034
2270921058063644 2270921080289078 2270921165203348 2270921218740720 2270921111516764 2270921130034018 2270921218751556 2270921272656764
2270921165202536 2270921191154084 2270921278509422 2270921332077664 2270921218749946 2270921259460560 2270921332090698 2270921385536468
2270921278507280 2270921306251332 2270921391395510 2270921444722406 2270921332089774 2270921372504862 2270921444734320 2270921498422276
2270921391393508 2270921427569046 2270921500777006 2270921554511204 2270921444733578 2270921492346640 2270921554523902 2270921607859114

2271031523245828 2271031546047110 2271031602697536 2271031656093116 2271031546047516 2271031579445902 2271031656107368 2271031709774982
2271031602706776 2271031629938190 2271031709788492 2271031763043428 2271031656106612 2271031679057554 2271031763056756 2271031816535888
2271031709787484 2271031717167234 2271031834824424 2271031888447882 2271031763056308 2271031808145296 2271031888461686 2271031942186910
2271031834823192 2271031857468290 2271031951428814 2271032004689616 2271031888460636 2271031928272016 2271032004702874 2271032058423380
2271031951426686 2271031982196502 2271032058466668 2271032111885754 2271032004702314 2271032030496544 2271032111898774 2271032165498264
2271032058445458 2271032085218610 2271032165511788 2271032219026354 2271032111897934 2271032134642992 2271032219039682 2271032272683734
2271032165511032 2271032187773090 2271032272697146 2271032326499818 2271032219038758 2271032238849598 2271032326512460 2271032380268610
2271032272695410 2271032296340878 2271032380279404 2271032433908980 2271032326512180 2271032338780814 2271032433922028 2271032487285436
2271032380278606 2271032393862372 2271032493217264 2271032546688822 2271032433921118 2271032458291940 2271032546701646 2271032599947818

2270915722949986 2270915747127678 2270915801517720 2270915855420184 2270915747127902 2270915775379972 2270915855434996 2270915908969638
2270915801519232 2270915830650642 2270915908983848 2270915963062026 2270915855434422 2270915884624198 2270915963073492 2270916016726224
2270915908982630 2270915933124538 2270916016740504 2270916071064102 2270915963071798 2270915970591408 2270916077898958 2270916132085818
2270916016739286 2270916025592998 2270916132099468 2270916186023562 2270916077896690 2270916115129256 2270916186035980 2270916239767896
2270916132098166 2270916167937830 2270916239781784 2270916293552102 2270916186034608 2270916222752394 2270916293564814 2270916346830320
2270916239780664 2270916278752870 2270916346841898 2270916400830196 2270916293564198 2270916318866552 2270916401875576 2270916455834656
2270916346840932 2270916392187898 2270916455847914 2270916509519098 2270916401873434 2270916438943124 2270916509531110 2270916563397860
2270916455846850 2270916491161906 2270916563409900 2270916617364206 2270916509529276 2270916532889858 2270916617377492 2270916671319240
2270916563408500 2270916598335182 2270916671331364 2270916725083258 2270916617376680 2270916647995870 2270916725097972 2270916778273752

2270913037279166 2270913055721058 2270913093606514 2270913146884606 2270913055721394 2270913080217628 2270913149385132 2270913202751844
2270913093606682 2270913118903058 2270913202764304 2270913256124562 2270913149383186 2270913167450172 2270913256139696 2270913309352674
2270913202763002 2270913212338260 2270913309363650 2270913362780720 2270913256138828 2270913266066914 2270913362793362 2270913416065672
2270913309362656 2270913315429220 2270913416076900 2270913469268542 2270913362792144 2270913369445840 2270913469282290 2270913522774246
2270913416075682 2270913422845298 2270913522785992 2270913576086484 2270913469281576 2270913476197296 2270913576100400 2270913629282676
2270913522785124 2270913534102024 2270913634351040 2270913688403808 2270913576099686 2270913587541606 2270913688415862 2270913742172712
2270913634348870 2270913640938348 2270913744033186 2270913797386668 2270913688414826 2270913702517726 2270913797399758 2270913850926210
2270913744030708 2270913749991614 2270913850937046 2270913904045864 2270913797398960 2270913807886318 2270913904059276 2270913957557966
2270913850935884 2270913857481052 2270913957569712 2270914010914318 2270913904058240 2270913912132040 2270914010927786 2270914064312614

2270913715682906 2270913741073572 2270913784897212 2270913838118044 2270913741074062 2270913771422338 2270913838133136 2270913891704388
2270913784900334 2270913799013650 2270913891715980 2270913945651596 2270913838132114 2270913844659782 2270913945664546 2270913999417742
2270913891714916 2270913916032986 2270914002194992 2270914056170382 2270913945663622 2270913953939372 2270914056182856 2270914109755242
2270914002193508 2270914018353358 2270914109769032 2270914162927718 2270914056181764 2270914092026370 2270914164707454 2270914218096342
2270914109767520 2270914130183146 2270914218111196 2270914271728158 2270914164705368 2270914174131694 2270914271740730 2270914325465534
2270914218109488 2270914239450514 2270914325478036 2270914379504750 2270914271739498 2270914288245932 2270914379520906 2270914433235686
2270914325477448 2270914351167532 2270914441526164 2270914494847138 2270914379519912 2270914405941258 2270914494858730 2270914548629230
2270914441523630 2270914475999064 2270914548641662 2270914602215266 2270914494857470 2270914514981084 2270914602226144 2270914655750692
2270914548640430 2270914570044778 2270914658617864 2270914710635830 2270914602225458 2270914624514368 2270914710650586 2270914762470270

2270918321313586 2270918343374758 2270918392431038 2270918445729094 2270918343374968 2270918369016962 2270918445743248 2270918498668120
2270918392439116 2270918417316346 2270918498681616 2270918551801298 2270918445742142 2270918476638616 2270918551814444 2270918605035626
2270918498680944 2270918519348808 2270918605049892 2270918658543738 2270918551813324 2270918572161722 2270918669169528 2270918722181886
2270918605049486 2270918640399654 2270918722194738 2270918775295744 2270918669167204 2270918681852940 2270918775308554 2270918828262588
2270918722194094 2270918737324076 2270918828274978 2270918881189392 2270918775307980 2270918788262782 2270918881200732 2270918934250414
2270918828274600 2270918840741418 2270918937608076 2270918990633986 2270918881200242 2270918909905562 2270918990647412 2270919043933904
2270918937605808 2270918950814640 2270919044045820 2270919097452502 2270918990646824 2270919012024740 2270919097462820 2270919150669848
2270919044044266 2270919051599618 2270919166498080 2270919219661736 2270919097461644 2270919132955074 2270919219674560 2270919272774670
2270919166496428 2270919192576076 2270919286009346 2270919337808324 2270919219673874 2270919256011392 2270919337820476 2270919388245522
