16 9178
2271320552043970 2271320565682000 2271320589447448 2271321225074678 2271320565682042 2271320581486782 2271321232053636 2271321878360766
2271321878363398 2271321889252878 2271322009969348 2271322652951884 2271321889252906 2271321901644516 2271322658553746 2271323307154846
2271323307155350 2271323318503652 2271323436111352 2271324090325486 2271323318503680 2271323332276712 2271324094866400 2271324735997114
2271324735998710 2271324748534716 2271324863348646 2271325519726774 2271324748534744 2271324761543978 2271325523818876 2271326157057132
2271326157058658 2271326168265392 2271326284097962 2271326941009028 2271326168265420 2271326181829824 2271326945604220 2271327585353778
2271327585356536 2271327597314090 2271327697839200 2271328345261276 2271327597314132 2271327608837602 2271328348624482 2271328987965338
2271328987968306 2271328999189572 2271329111250836 2271329761539776 2271328999189600 2271329012855504 2271329765691910 2271330412316182
2271330412317932 2271330424190198 2271330544907606 2271331204156560 2271330424190226 2271330437838854 2271331208442534 2271331850458986
2271331850460260 2271331861899646 2271331970091702 2271332632215164 2271331861899674 2271331875632526 2271332636400968 2271333268914178

2271320186218622 2271320199989316 2271320224572042 2271320913317876 2271320199989358 2271320216286268 2271320918424166 2271321612260428
2271321612262164 2271321624810308 2271321647643384 2271322349446220 2271321624810336 2271321638215266 2271322353128920 2271323039338934
2271323039340768 2271323051857650 2271323074351380 2271323776734166 2271323051857692 2271323065083058 2271323780368608 2271324466322968
2271324466323556 2271324478715740 2271324501464200 2271325197560510 2271324478715782 2271324492131030 2271325201256930 2271325887220810
2271325887221342 2271325899726436 2271325922354832 2271326614193882 2271325899726464 2271325913056648 2271326617870492 2271327300639614
2271327300640986 2271327312168096 2271327335681670 2271328032752436 2271327312168138 2271327327200904 2271328036438216 2271328716072122
2271328716073900 2271328728772306 2271328749692170 2271329454398046 2271328728772418 2271328742758054 2271329460003954 2271330147897188
2271330147899176 2271330160319794 2271330182976036 2271330879325116 2271330160319822 2271330173658210 2271330882899372 2271331572651386
2271331572652968 2271331585336212 2271331608152474 2271332310733360 2271331585336240 2271331598745496 2271332314293126 2271333005763122

2271325671901580 2271325685243314 2271325710449488 2271326345281280 2271325685243342 2271325701093904 2271326349429494 2271326988582750
2271326988584360 2271327000199754 2271327129816850 2271327764844320 2271327000199782 2271327013867240 2271327770673948 2271328410206198
2271328410208214 2271328421802230 2271328554971336 2271329190396308 2271328421802258 2271328435758970 2271329196294410 2271329834187288
2271329834189472 2271329846554580 2271329982014142 2271330614485282 2271329846554622 2271329859547714 2271330620579762 2271331262967984
2271331262968488 2271331275157854 2271331402944632 2271332032733092 2271331275157896 2271331288085244 2271332038612336 2271332673745758
2271332673746262 2271332686135408 2271332816162032 2271333444995678 2271332686135436 2271332698270230 2271333450955030 2271334093669130
2271334093669592 2271334105214860 2271334229976714 2271334873667132 2271334105214902 2271334119059628 2271334879493064 2271335509453542
2271335509456384 2271335521525686 2271335663627058 2271336302585560 2271335521525714 2271335533226536 2271336308450776 2271336951044028
2271336951046198 2271336962517070 2271337088733454 2271337734132376 2271336962517098 2271336976201846 2271337739994708 2271338374089078

2271421938989938 2271421952646070 2271421977326502 2271422670168148 2271421952646112 2271421969023998 2271422675252066 2271423365933134
2271423365933652 2271423378514514 2271423401808442 2271424097234306 2271423378514542 2271423392954338 2271424100932518 2271424787485406
2271424787485896 2271424800088416 2271424823134404 2271425518165482 2271424800088444 2271424813500010 2271425521781444 2271426208924810
2271426208926224 2271426221647576 2271426244632566 2271426943449664 2271426221647618 2271426234053284 2271426947126470 2271427629164260
2271427629166500 2271427640308680 2271427660719504 2271428349987510 2271427640308722 2271427650468116 2271428356890952 2271429044507854
2271429044510108 2271429055948948 2271429076565600 2271429772771698 2271429055948976 2271429066219040 2271429779617698 2271430463382808
2271430463385090 2271430475572524 2271430498504482 2271431200279290 2271430475572552 2271430489878410 2271431203938190 2271431884624560
2271431884625204 2271431896269858 2271431918462196 2271432609698700 2271431896269900 2271431907844708 2271432615529658 2271433308600778
2271433308602276 2271433321093720 2271433344273002 2271434037977762 2271433321093762 2271433334684976 2271434041677094 2271434728964772

2271322156087866 2271322168722334 2271322193551698 2271322839367554 2271322168722376 2271322185456912 2271322844441378 2271323492693934
2271323492696692 2271323505216052 2271323528676258 2271324180743436 2271323505216150 2271323520016768 2271324184757124 2271324825663502
2271324825666162 2271324837427870 2271324930885794 2271325589846628 2271324837427898 2271324848687804 2271325594358464 2271326226536836
2271326226539468 2271326238143578 2271326363203464 2271326989248464 2271326238143606 2271326249333652 2271326993710530 2271327605354318
2271327605356964 2271327616867484 2271327779522872 2271328417516452 2271327616867512 2271327628284764 2271328422017928 2271329053022344
2271329053022904 2271329064689930 2271329240911318 2271329880147944 2271329064689958 2271329076649458 2271329885951868 2271330537767368
2271330537767872 2271330549618284 2271330636030806 2271331277140324 2271330549618312 2271330561365376 2271331283039112 2271331935770464
2271331935772914 2271331947116974 2271332036437002 2271332683424546 2271331947117002 2271331959203300 2271332688155202 2271333332038862
2271333332041578 2271333343972014 2271333474077066 2271334134062294 2271333343972042 2271333355431266 2271334138786846 2271334769500202

2271324185056206 2271324197213820 2271324221840268 2271324857222890 2271324197213848 2271324213595500 2271324862160550 2271325498268764
2271325498269772 2271325509242524 2271325640783136 2271326284440304 2271325509242636 2271325522213202 2271326288428064 2271326918744436
2271326918746172 2271326929771914 2271327067641758 2271327703383914 2271326929772082 2271326944232388 2271327707513662 2271328341348136
2271328341349956 2271328352512240 2271328494681204 2271329134138106 2271328352512338 2271328366896092 2271329138153698 2271329775514492
2271329775516004 2271329787407548 2271329915607424 2271330594617658 2271329787407646 2271329800088538 2271330598797134 2271331243956866
2271331243959372 2271331255705722 2271331331134922 2271331996717056 2271331255705820 2271331267954154 2271331999360368 2271332638771672
2271332638773296 2271332649437334 2271332744363802 2271333392300280 2271332649437432 2271332663916470 2271333395316398 2271334015982864
2271334015984670 2271334026794042 2271334176193558 2271334815169686 2271334026794140 2271334041207756 2271334819384050 2271335452772218
2271335452773814 2271335463668838 2271335601348324 2271336249888538 2271335463668936 2271335477764752 2271336253837518 2271336881075556

2271318290777270 2271318302661772 2271318327172860 2271318958051178 2271318302661814 2271318319446050 2271318962946838 2271319596508158
2271319596510930 2271319606816428 2271319649937842 2271320291879744 2271319606816470 2271319618681918 2271320296716562 2271320921663780
2271320921666048 2271320931724530 2271321058829732 2271321696394982 2271320931724558 2271320941527764 2271321701539800 2271322329303706
2271322329305484 2271322339932912 2271322477214686 2271323123038200 2271322339932940 2271322352036164 2271323126763712 2271323744686556
2271323744687046 2271323755609566 2271323907745060 2271324537648558 2271323755609594 2271323767132350 2271324542833822 2271325183893612
2271325183895180 2271325194995864 2271325375795602 2271325998654426 2271325194995906 2271325206381336 2271326003683044 2271326638699804
2271326638701946 2271326649834774 2271326770787816 2271327397468458 2271326649834802 2271326661186800 2271327402541022 2271328037258042
2271328037260156 2271328048353910 2271328153037944 2271328794965916 2271328048353938 2271328059677376 2271328798763724 2271329416585936
2271329416587910 2271329427531570 2271329588501638 2271330228530594 2271329427531598 2271329438401996 2271330232394300 2271330850971910

2271318220852814 2271318232978186 2271318257856256 2271318896875798 2271318232978214 2271318249676560 2271318901833310 2271319547199010
2271319547201572 2271319560132924 2271319677987332 2271320324844004 2271319560132952 2271319572085592 2271320329110938 2271320962182790
2271320962184610 2271320973508776 2271321099138140 2271321746461782 2271320973508804 2271320987970594 2271321750682236 2271322379630458
2271322379633146 2271322390701728 2271322520633432 2271323163146996 2271322390701756 2271322404687560 2271323167414210 2271323795151628
2271323795152132 2271323807382000 2271323933372102 2271324569566528 2271323807382098 2271323820035704 2271324573688184 2271325195131552
2271325195132056 2271325206716370 2271325349111434 2271326001802774 2271325206716398 2271325221024258 2271326006041862 2271326631575694
2271326631577346 2271326642964638 2271326774877748 2271327390929898 2271326642964666 2271326657519290 2271327395061984 2271328028354140
2271328028356800 2271328040168810 2271328190767286 2271328839561488 2271328040168838 2271328055177916 2271328844235976 2271329479405434
2271329479408332 2271329490900778 2271329620337316 2271330273381190 2271329490900806 2271329505803386 2271330278135114 2271330911483774

2271315452621852 2271315466094108 2271315489902116 2271316129611844 2271315466094206 2271315481939826 2271316134537786 2271316781533380
2271316781533842 2271316794015836 2271316819998632 2271317475759150 2271316794015934 2271316805628556 2271317479806326 2271318122748248
2271318122750824 2271318134553524 2271318155740578 2271318805690214 2271318134553636 2271318146646318 2271318811227774 2271319433759684
2271319433760986 2271319443680798 2271319548529346 2271320185881908 2271319443680826 2271319452986794 2271320190575660 2271320804210920
2271320804213258 2271320814451528 2271320939631968 2271321576627376 2271320814451556 2271320824275160 2271321581867422 2271322217153220
2271322217153836 2271322227467160 2271322378992184 2271323022745924 2271322227467188 2271322237336236 2271323028019626 2271323665637684
2271323665638286 2271323675706694 2271323859809634 2271324494839190 2271323675706722 2271323685955632 2271324500144882 2271325149052386
2271325149054794 2271325159452580 2271325245711634 2271325900616416 2271325159452608 2271325169280748 2271325904700930 2271326536218922
2271326536220280 2271326546297116 2271326650739258 2271327283680588 2271326546297158 2271326556289616 2271327289359702 2271327937573016

2271315404525678 2271315417602182 2271315441130498 2271316078851834 2271315417602280 2271315433144632 2271316083815996 2271316728268686
2271316728270156 2271316741244782 2271316766575500 2271317404919234 2271316741244880 2271316753851866 2271317410374390 2271318051386916
2271318051387476 2271318061828536 2271318168085274 2271318811368110 2271318061828564 2271318072908934 2271318815568922 2271319463336700
2271319463337526 2271319475541746 2271319589224966 2271320239648152 2271319475541858 2271319487654672 2271320243740856 2271320871055754
2271320871058470 2271320881982236 2271321021495666 2271321665019764 2271320881982264 2271320896049786 2271321669419404 2271322310858370
2271322310860148 2271322322171196 2271322489123814 2271323134162404 2271322322171238 2271322335904230 2271323139791902 2271323786690476
2271323786691064 2271323798992164 2271323884103890 2271324534108910 2271323798992262 2271323810818202 2271324538440734 2271325170789514
2271325170791096 2271325182294014 2271325267844654 2271325918776698 2271325182294042 2271325196211960 2271325923937672 2271326561025578
2271326561028238 2271326573612446 2271326702621620 2271327352736736 2271326573612544 2271326585512642 2271327357000422 2271327987263426

2271321564432466 2271321578003366 2271321602199692 2271322245071852 2271321578003394 2271321593757972 2271322250269660 2271322896301214
2271322896301718 2271322907774424 2271322930946650 2271323582359188 2271322907774452 2271322923552340 2271323585985930 2271324223589876
2271324223592522 2271324234802126 2271324256267444 2271324907656042 2271324234802154 2271324250282178 2271324912873912 2271325550535342
2271325550538128 2271325560841946 2271325659771952 2271326299289446 2271325560841974 2271325570222772 2271326304582188 2271326938677664
2271326938680604 2271326948918370 2271327050321588 2271327693200146 2271326948918454 2271326958823440 2271327698793580 2271328349943422
2271328349943884 2271328360013426 2271328490328716 2271329134510268 2271328360013454 2271328369530262 2271329139858982 2271329782287678
2271329782289386 2271329792636940 2271329971897700 2271330626834892 2271329792636968 2271329802264250 2271330631922254 2271331281868138
2271331281869552 2271331292110734 2271331350376872 2271332000280574 2271331292110818 2271331301988728 2271332005606580 2271332641860982
2271332641864076 2271332651594244 2271332762391728 2271333396160178 2271332651594328 2271332660887598 2271333401444044 2271334039604588

2271432553919466 2271432566402174 2271432591369760 2271433229537542 2271432566402202 2271432583334712 2271433234529914 2271433872252580
2271433872253420 2271433883334392 2271433914888124 2271434559318834 2271433883334420 2271433897621896 2271434564661402 2271435213444292
2271435213444768 2271435223922662 2271435322227876 2271435986057042 2271435223922690 2271435236746214 2271435990254382 2271436625842020
2271436625844512 2271436638297232 2271436740466950 2271437375098542 2271436638297400 2271436651576750 2271437380680888 2271438006058690
2271438006061112 2271438017480996 2271438168433252 2271438809691240 2271438017481094 2271438031464700 2271438814572508 2271439430797012
2271439430799924 2271439443052514 2271439586017028 2271440237783066 2271439443052682 2271439457332808 2271440242518636 2271440882100306
2271440882102924 2271440894688602 2271440999242800 2271441655919100 2271440894688700 2271440907973076 2271441660445790 2271442285394296
2271442285397096 2271442296434318 2271442427470300 2271443091605912 2271442296434416 2271442310731216 2271443096402830 2271443726359500
2271443726359990 2271443738570188 2271443845460790 2271444488142242 2271443738570356 2271443750954784 2271444491441020 2271445129999836

2271316748880480 2271316761170408 2271316786056920 2271317425873706 2271316761170436 2271316777872240 2271317433294826 2271318081468660
2271318081471138 2271318093726948 2271318113685950 2271318755049666 2271318093727046 2271318104062882 2271318760608884 2271319392712272
2271319392712790 2271319403060736 2271319523418078 2271320173239334 2271319403060764 2271319413194426 2271320177507948 2271320812760202
2271320812761602 2271320824579632 2271320955766184 2271321592985494 2271320824579660 2271320835952238 2271321596597410 2271322211694844
2271322211697448 2271322223128868 2271322376298990 2271323010625522 2271322223128896 2271322234941074 2271323013018780 2271323636899884
2271323636902068 2271323648160490 2271323806468290 2271324453207824 2271323648160518 2271323660460652 2271324457383492 2271325102431756
2271325102434318 2271325114400622 2271325204035132 2271325860697796 2271325114400650 2271325126198100 2271325864818444 2271326498704466
2271326498704914 2271326510373970 2271326628922330 2271327284843498 2271326510373998 2271326522038378 2271327288440280 2271327911200824
2271327911202280 2271327922583860 2271328066549570 2271328724515844 2271327922583888 2271327934507884 2271328728752118 2271329360514172

2271314065410124 2271314077630122 2271314102210118 2271314735497962 2271314077630220 2271314094386134 2271314740420782 2271315381667318
2271315381669684 2271315391919252 2271315521196596 2271316167067598 2271315391919336 2271315405005318 2271316171228188 2271316803606998
2271316803608608 2271316815406436 2271316947993226 2271317590022614 2271316815406534 2271316828228364 2271317594144900 2271318221007892
2271318221010468 2271318231976094 2271318375029228 2271319013789574 2271318231976192 2271318245644840 2271319018016496 2271319644122032
2271319644124510 2271319655250884 2271319795949344 2271320427018286 2271319655250982 2271319669490802 2271320431159374 2271321055042382
2271321055045266 2271321066820218 2271321209179162 2271321844041334 2271321066820316 2271321079681878 2271321848326146 2271322484722536
2271322484724930 2271322495890686 2271322622967944 2271323270267772 2271322495890784 2271322510406138 2271323274243492 2271323902405838
2271323902408428 2271323913167778 2271324056520834 2271324698039936 2271323913167876 2271323927478102 2271324702157252 2271325338360862
2271325338362626 2271325350328412 2271325481621196 2271326122723798 2271325350328510 2271325362847534 2271326126919136 2271326761632740

2271314742513726 2271314755721060 2271314779246800 2271315418827406 2271314755721158 2271314771265428 2271315423827268 2271316064453464
2271316064456362 2271316076789312 2271316103667772 2271316750932698 2271316076789354 2271316091995258 2271316755016890 2271317385044960
2271317385047830 2271317394941910 2271317506581144 2271318145787390 2271317394941938 2271317404655250 2271318150846150 2271318784472192
2271318784473928 2271318795346860 2271318927479350 2271319565936988 2271318795346958 2271318806121246 2271319570034984 2271320187043250
2271320187045084 2271320197796874 2271320357681998 2271320995981870 2271320197796972 2271320209352698 2271321001264826 2271321642139634
2271321642142294 2271321653384308 2271321776327324 2271322423511414 2271321653384336 2271321664535588 2271322426956436 2271323052982592
2271323052985140 2271323063874592 2271323190169530 2271323830882946 2271323063874690 2271323075812518 2271323836170900 2271324480233704
2271324480236308 2271324491236780 2271324616314698 2271325260842988 2271324491236822 2271324502693456 2271325265997788 2271325901039566
2271325901042240 2271325911854286 2271326044425200 2271326686044052 2271325911854384 2271325923282668 2271326689158632 2271327325888166

2271319343980484 2271319357838300 2271319382474240 2271320021829600 2271319357838398 2271319374006886 2271320026779762 2271320666353186
2271320666354964 2271320678494812 2271320800896406 2271321447248462 2271320678494840 2271320692395622 2271321451284928 2271322074069692
2271322074071610 2271322086561122 2271322222276618 2271322872504210 2271322086561220 2271322098849846 2271322877153316 2271323499233446
2271323499234846 2271323510658972 2271323643773492 2271324286005166 2271323510659000 2271323525817318 2271324290919166 2271324931458506
2271324931459108 2271324944167818 2271325063580552 2271325715753878 2271324944167846 2271324955946088 2271325719644380 2271326348973570
2271326348974340 2271326360570260 2271326479430652 2271327119380634 2271326360570288 2271326375259508 2271327123249618 2271327761633966
2271327761636528 2271327774204062 2271327897740748 2271328552751930 2271327774204230 2271327787624854 2271328557674204 2271329189478804
2271329189481730 2271329201530060 2271329320227884 2271329969997662 2271329201530102 2271329216745316 2271329973819046 2271330606967198
2271330606968696 2271330619347314 2271330743478314 2271331382981990 2271330619347412 2271330632270028 2271331387793258 2271332022289316
