16 8821
2271134528463360 2271134531768186 2271134539488276 2271135192850370 2271134531768382 2271134533687866 2271135193486418 2271135849499678
2271134539496606 2271134541192972 2271135849726450 2271136498916096 2271135193485704 2271135195298480 2271136499142854 2271137155236152
2271135849725974 2271135851203338 2271137155461860 2271137800929256 2271136499143064 2271136500666446 2271137801156322 2271138462866644
2271137155461384 2271137157018128 2271138463095586 2271139124289588 2271137801155650 2271137802744356 2271139124514134 2271139771054910
2271138463095054 2271138464558166 2271139771279988 2271140425110172 2271139124514078 2271139126022228 2271140425339604 2271141072949420
2271139771279932 2271139772774936 2271141073170802 2271141721836554 2271140425339506 2271140426838416 2271141722128440 2271142375509700
2271141073170480 2271141074632290 2271142375802160 2271143020048560 2271141722127838 2271141723589970 2271143020265392 2271143672530446
2271142375801530 2271142377204582 2271143672746704 2271144324021902 2271143020265518 2271143021839734 2271144324310204 2271144975544060
2271143672745612 2271143674271682 2271144975691102 2271145627069844 2271144324306718 2271144325797914 2271145627191294 2271146250829904

2271134148911880 2271134151339438 2271134169078418 2271134827836252 2271134151339620 2271134153221962 2271134828458510 2271135482952098
2271134169084900 2271134170537876 2271135483190042 2271136165387124 2271134828457656 2271134830135094 2271136165491508 2271136852012322
2271135483189160 2271135484703274 2271136852108796 2271137538779816 2271136165491466 2271136167113380 2271137538878908 2271138224846610
2271136852107522 2271136853639766 2271138225017326 2271138909930590 2271137538878852 2271137540402430 2271138910111960 2271139598747670
2271138225017354 2271138226565684 2271139598846398 2271140290563956 2271138910111778 2271138911654144 2271140290668228 2271140972335620
2271139598845978 2271139600409372 2271140972535218 2271141656160846 2271140290668172 2271140292247302 2271141656252448 2271142342237188
2271140972535386 2271140974082694 2271142342342202 2271143024121286 2271141656253190 2271141657854286 2271143024286388 2271143707614530
2271142342341306 2271142343951698 2271143707710640 2271144395531508 2271143024286094 2271143025829762 2271144395658068 2271145076609640
2271143707710304 2271143709255764 2271145076713170 2271145747662008 2271144395653980 2271144397353188 2271145747818430 2271146429283718

2271139649520098 2271139651808034 2271139655850156 2271140295533676 2271139651808412 2271139653677566 2271140296209316 2271140943173998
2271139655858080 2271139657344474 2271140943401708 2271141585381214 2271140296208392 2271140297890884 2271141585607734 2271142233677912
2271140943400924 2271140944882096 2271142233970106 2271142879301100 2271141585607412 2271141587198078 2271142879469632 2271143528475024
2271142233969518 2271142235396636 2271143528772398 2271144184355858 2271142879469268 2271142881012978 2271144184583596 2271144831268040
2271143528767946 2271143530207020 2271144831496800 2271145469773978 2271144184583036 2271144186093608 2271145470004768 2271146121844712
2271144831496030 2271144832997278 2271146122073556 2271146766748664 2271145470004572 2271145471423192 2271146766981624 2271147405299192
2271146122072786 2271146123550710 2271147405530710 2271148049727928 2271146766981778 2271146768405186 2271148049958228 2271148677619038
2271147405530206 2271147406963484 2271148677848764 2271149311024706 2271148049957738 2271148051429516 2271149311328170 2271149955790408
2271148677848456 2271148679282714 2271149956019518 2271150594708352 2271149311328142 2271149312719770 2271150595005488 2271151233630090

2271235911583772 2271235914007354 2271235922187302 2271236585980432 2271235914007564 2271235916003320 2271236586626994 2271237254463100
2271235922197284 2271235923724670 2271237254631800 2271237935592990 2271236586626812 2271236588615526 2271237935720390 2271238622218818
2271237254631114 2271237256215466 2271238622393202 2271239309500196 2271237935718262 2271237937277862 2271239309625370 2271239994262274
2271238622392726 2271238623952158 2271239994430904 2271240674399480 2271239309624082 2271239311289088 2271240674496892 2271241362788286
2271239994430512 2271239996026064 2271241362950840 2271242044865374 2271240674496430 2271240676040714 2271242045040486 2271242732312386
2271241362950546 2271241364517468 2271242732475500 2271243417898056 2271242045040388 2271242046735746 2271243417977324 2271244102248618
2271242732475010 2271242734078668 2271244102411326 2271244788846824 2271243417977058 2271243419685282 2271244789017848 2271245468998478
2271244102410920 2271244104047128 2271245469177636 2271246154557926 2271244789017582 2271244790613778 2271246154685060 2271246830945372
2271245469177790 2271245470751852 2271246831118860 2271247508966394 2271246154681658 2271246156335240 2271247509133582 2271248183326514

2271136137245248 2271136140369418 2271136144386004 2271136794551058 2271136140369600 2271136142243080 2271136795289222 2271137448406148
2271136144394908 2271136146308176 2271137448643966 2271138098910534 2271136795288634 2271136796748190 2271138099154750 2271138752194242
2271137448643770 2271137450132586 2271138752425144 2271139409268226 2271138099154288 2271138100769566 2271139409503678 2271140058182534
2271138752424374 2271138753897944 2271140058413366 2271140706253860 2271139409503636 2271139411087428 2271140706489830 2271141366133430
2271140058412512 2271140059887006 2271141366372536 2271142009883992 2271140706489508 2271140708074098 2271142010121614 2271142670473194
2271141366371444 2271141367902722 2271142670709080 2271143308740362 2271142010121390 2271142011657120 2271143308975996 2271143958710410
2271142670708520 2271142672219666 2271143958948956 2271144611592108 2271143308975590 2271143310495612 2271144611820518 2271145253869170
2271143958948242 2271143960487612 2271145254103264 2271145882872244 2271144611820392 2271144613308116 2271145883109096 2271146526143656
2271145254102886 2271145255594110 2271146526383756 2271147149361986 2271145883109096 2271145884614124 2271147149623856 2271147766929496

2271138161316416 2271138163631162 2271138171646526 2271138809509724 2271138163631554 2271138165531466 2271138810205244 2271139453230564
2271138171652826 2271138173207400 2271139453461144 2271140093965176 2271138810204208 2271138811906916 2271140094194538 2271140737804218
2271139453461256 2271139454950968 2271140738032418 2271141370812356 2271140094194342 2271140095702842 2271141371041522 2271142033713910
2271140738031984 2271140739572432 2271142033930784 2271142682978078 2271141371041158 2271141372531710 2271142683143824 2271143329861798
2271142033930210 2271142035507128 2271143330080114 2271143983579310 2271142683143600 2271142684590234 2271143983802470 2271144618338750
2271143330079624 2271143331582216 2271144618510922 2271145278612336 2271143983802652 2271143985275102 2271145278787322 2271145937987038
2271144618510614 2271144619987208 2271145938168198 2271146571513008 2271145278787364 2271145280324284 2271146571684452 2271147194891092
2271145938167834 2271145939726930 2271147195115736 2271147841077290 2271146571684550 2271146573202388 2271147841307142 2271148489939938
2271147195115680 2271147196570406 2271148490163014 2271149168608838 2271147841306148 2271147842794684 2271149168840580 2271149826945146

2271132264696890 2271132267801698 2271132274874568 2271132911624038 2271132267801880 2271132269718704 2271132912327734 2271133553025652
2271132274883528 2271132276333200 2271133553258654 2271134191435074 2271132912327286 2271132914144402 2271134191667880 2271134829776050
2271133553257646 2271133554717776 2271134830005370 2271135464042802 2271134191667628 2271134193279364 2271135464277512 2271136105305802
2271134830005146 2271134831497238 2271136105531636 2271136749928004 2271135464276826 2271135465856180 2271136750188572 2271137385887286
2271136105531202 2271136106992676 2271137385990844 2271138022553372 2271136750188040 2271136751682568 2271138022789342 2271138674643650
2271137385990494 2271137387428266 2271138674913626 2271139315615562 2271138022788600 2271138024232868 2271139315860464 2271139947803398
2271138674913024 2271138676378250 2271139948034482 2271140577929622 2271139315860058 2271139317248900 2271140578164836 2271141206030914
2271139948034146 2271139949455118 2271141206264546 2271141834103576 2271140578164878 2271140579617700 2271141834332700 2271142467842164
2271141206263720 2271141207682774 2271142468075964 2271143105928704 2271141834332910 2271141835780006 2271143106165724 2271143735654248

2271132195737356 2271132198701058 2271132207840034 2271132851994426 2271132198701240 2271132200585836 2271132852730868 2271133501221928
2271132207839516 2271132209342010 2271133501455588 2271134148513356 2271132852730098 2271132854716474 2271134148662134 2271134795246142
2271133501455630 2271133502957984 2271134795472368 2271135444587156 2271134148661574 2271134150161702 2271135444822608 2271136092722672
2271134795472452 2271134797075732 2271136092998626 2271136735705180 2271135444822034 2271135446336862 2271136735934332 2271137384910702
2271136092998136 2271136094440514 2271137385138314 2271138038908956 2271136735934514 2271136737402078 2271138039142336 2271138677313660
2271137385138034 2271137386588616 2271138677537758 2271139329096610 2271138039142224 2271138040575180 2271139329322150 2271139970010114
2271138677537240 2271138678987346 2271139970248954 2271140622096724 2271139329321982 2271139330746552 2271140622332176 2271141257195496
2271139970248492 2271139971668876 2271141257428176 2271141892257812 2271140622332232 2271140623748248 2271141892489848 2271142525578486
2271141257427420 2271141258858472 2271142525809780 2271143167472116 2271141892489288 2271141893913270 2271143167703074 2271143799636292

2271129430441298 2271129434033530 2271129439746160 2271130086126468 2271129434033740 2271129435941324 2271130086821750 2271130739290000
2271129439753426 2271129441207340 2271130739591350 2271131390960544 2271130086821456 2271130088512054 2271131391193966 2271132041228148
2271130739591182 2271130741019308 2271132041490018 2271132699927658 2271131391193518 2271131392750094 2271132700161528 2271133342346876
2271132041490088 2271132042979212 2271133342575762 2271134003302710 2271132700161360 2271132701727890 2271134003534298 2271134645765916
2271133342576126 2271133344045888 2271134645995838 2271135292431838 2271134003534144 2271134005026922 2271135292667640 2271135944137634
2271134645995572 2271134647468820 2271135944365358 2271136587352864 2271135292667542 2271135294085868 2271136587582534 2271137232822920
2271135944365512 2271135945887312 2271137233120434 2271137887177488 2271136587582310 2271136588991018 2271137887410812 2271138528659210
2271137233120000 2271137234482060 2271138528891666 2271139166241064 2271137887410854 2271137888823356 2271139166471924 2271139809115226
2271138528891414 2271138530322494 2271139809344616 2271140446112244 2271139166471812 2271139167890782 2271140446345078 2271141076401400

2271129385143024 2271129388082954 2271129391896330 2271130037847818 2271129388083444 2271129389953172 2271130038495332 2271130685977426
2271129391903834 2271129393346576 2271130686202896 2271131330626984 2271130038491720 2271130040461338 2271131330853882 2271131976367128
2271130686201930 2271130687786352 2271131976594362 2271132619029176 2271131330853574 2271131332389500 2271132619291060 2271133267192090
2271131976593522 2271131978107160 2271133267456536 2271133920646178 2271132619290794 2271132620863386 2271133920805316 2271134558238952
2271133267456886 2271133268950672 2271134558474292 2271135192705764 2271133920805400 2271133922307698 2271135192935868 2271135844769498
2271134558473452 2271134559968680 2271135844995528 2271136485309454 2271135192935896 2271135194462064 2271136485537542 2271137124399598
2271135844995598 2271135846499660 2271137124624592 2271137760356570 2271136485537444 2271136487065726 2271137760580472 2271138402582322
2271137124624116 2271137126198948 2271138402804740 2271139041647812 2271137760580206 2271137762061672 2271139041866660 2271139681730682
2271138402804670 2271138404268888 2271139681954668 2271140320722546 2271139041866324 2271139043337010 2271140320884512 2271140954993848

2271135543685540 2271135546071518 2271135551011740 2271136198766526 2271135546071714 2271135547952782 2271136199432604 2271136851328436
2271135551020154 2271135552503510 2271136851556230 2271137502597600 2271136199432156 2271136201450046 2271137502835124 2271138160076800
2271136851555572 2271136853079304 2271138160312616 2271138821634452 2271137502835096 2271137504343106 2271138821791966 2271139481112418
2271138160311804 2271138161846694 2271139481337300 2271140133115126 2271138821791686 2271138823323510 2271140133374420 2271140788135226
2271139481337216 2271139482797990 2271140788369516 2271141442505824 2271140133374448 2271140134853492 2271141442733660 2271142087880736
2271140788368508 2271140789813462 2271142088105226 2271142721076474 2271141442733604 2271141444198732 2271142721302602 2271143361560108
2271142088106304 2271142089545084 2271143361636450 2271144017031120 2271142721303050 2271142722788674 2271144017120804 2271144662277078
2271143361635848 2271143363095978 2271144662505516 2271145305184084 2271144017120468 2271144018589306 2271145305289938 2271145945845364
2271144662505012 2271144663942840 2271145946071268 2271146589472978 2271145305290078 2271145306704330 2271146589697986 2271147225320890

2271246535004874 2271246538175118 2271246542231548 2271247184262686 2271246538175552 2271246540117352 2271247184918684 2271247831142892
2271246542239290 2271246544032172 2271247831383510 2271248480138918 2271247184918166 2271247186448030 2271248480378346 2271249125958386
2271247831382516 2271247832867342 2271249126196568 2271249784888364 2271248480378360 2271248481929476 2271249784979910 2271250428274002
2271249126196414 2271249127678384 2271250428507452 2271251070382350 2271249784979896 2271249786569400 2271251070616234 2271251733915976
2271250428506990 2271250430072624 2271251734092208 2271252372608156 2271251070616080 2271251072189862 2271252372831232 2271253023276062
2271251734091830 2271251735578924 2271253023505998 2271253669864494 2271252372831176 2271252374336302 2271253670101360 2271254306372436
2271253023505452 2271253025047916 2271254306595652 2271254953818508 2271253670101080 2271253671597302 2271254954039330 2271255594559112
2271254306595330 2271254308098888 2271255594782300 2271256216826450 2271254954039260 2271254955506460 2271256217051010 2271256860643092
2271255594782160 2271255596257704 2271256860864502 2271257497009438 2271256217050954 2271256218522368 2271257497234208 2271258127596626

2271130730824732 2271130733582620 2271130737604456 2271131383741962 2271130733582830 2271130735487768 2271131384518738 2271132034590090
2271130737614606 2271130739596614 2271132034823442 2271132682036708 2271131384519172 2271131386630092 2271132682264950 2271133332150214
2271132034823204 2271132036339236 2271133332303906 2271133980458910 2271132682264712 2271132683850982 2271133980691744 2271134640859308
2271133332303542 2271133333880012 2271134640975452 2271135299075510 2271133980692122 2271133982196898 2271135299307546 2271135944020300
2271134640972890 2271134642432894 2271135944247184 2271136590145710 2271135299307784 2271135300813064 2271136590382030 2271137247954554
2271135944247184 2271135945760458 2271137248189418 2271137906810850 2271136590381820 2271136591860150 2271137907102414 2271138550942842
2271137248188970 2271137249666852 2271138551167738 2271139193514128 2271137907099404 2271137908616388 2271139193743854 2271139849365744
2271138551167430 2271138552632054 2271139849590402 2271140491183970 2271139193743588 2271139195263624 2271140491409776 2271141116557810
2271139849589954 2271139851052898 2271141116780354 2271141756361478 2271140491409580 2271140492911332 2271141756587690 2271142388862046

2271128042267406 2271128044643822 2271128052929176 2271128692875714 2271128044644130 2271128046540262 2271128693483902 2271129336636552
2271128052935994 2271128054449366 2271129336873978 2271129979984768 2271128693483384 2271128695162992 2271129980217784 2271130617476966
2271129336873278 2271129338410170 2271130617711802 2271131263147222 2271129980217756 2271129981810914 2271131263461172 2271131906689842
2271130617711704 2271130619205742 2271131906923516 2271132543942458 2271131263461158 2271131264934238 2271132544181452 2271133192251868
2271131906923320 2271131908427494 2271133192478472 2271133829988408 2271132544181522 2271132545792544 2271133830222740 2271134469339344
2271133192478066 2271133193994154 2271134469572122 2271135102842522 2271133830222530 2271133831743448 2271135103151712 2271135743436084
2271134469571534 2271134471087524 2271135743665894 2271136388216094 2271135103151390 2271135104576450 2271136388368316 2271137021512856
2271135743665362 2271135745164692 2271137021748028 2271137645469042 2271136388368848 2271136389866792 2271137645701386 2271138277602544
2271137021748252 2271137023303274 2271138277835980 2271138919223216 2271137645701582 2271137647184196 2271138919451976 2271139549198800

2271128718221104 2271128721738534 2271128726989444 2271129367968650 2271128721738744 2271128723619378 2271129368754876 2271130012469010
2271128726996416 2271128728534988 2271130012706562 2271130659908614 2271129368754778 2271129370606222 2271130660139600 2271131304028006
2271130012706268 2271130014266036 2271131304257256 2271131947869162 2271130660138858 2271130661703134 2271131948103592 2271132603014296
2271131304256486 2271131305751840 2271132603244400 2271133243520274 2271131948103438 2271131949616376 2271133243753682 2271133898821914
2271132603244610 2271132604748070 2271133899055714 2271134543334776 2271133243753178 2271133245264268 2271134543572202 2271135191518494
2271133899055714 2271133900608062 2271135191754128 2271135834894976 2271134543572146 2271134545070482 2271135835129616 2271136473802392
2271135191753568 2271135193220936 2271136474030382 2271137118367488 2271135835129224 2271135836698428 2271137118634874 2271137763763708
2271136474029598 2271136475470814 2271137763993686 2271138408342230 2271137118675152 2271137120072814 2271138408575064 2271139047986466
2271137763993644 2271137765416744 2271139048219818 2271139680141472 2271138408574938 2271138410024792 2271139680383084 2271140306223306

2271133318591550 2271133320926190 2271133331049072 2271133975527200 2271133320926372 2271133322849020 2271133976174868 2271134621789250
2271133331056408 2271133332576108 2271134622094786 2271135268934140 2271133976170654 2271133978283856 2271135269157426 2271135917752506
2271134622094562 2271134623621094 2271135917977766 2271136559258252 2271135269157174 2271135270675614 2271136559494964 2271137212814120
2271135917977220 2271135919537422 2271137213110696 2271137869535906 2271136559490834 2271136560984102 2271137869765632 2271138507293516
2271137213111032 2271137214606456 2271138507515444 2271139143885654 2271137869765982 2271137871336488 2271139144109654 2271139797512194
2271138507515220 2271138509086650 2271139797734892 2271140435975264 2271139144109444 2271139145608942 2271140436204906 2271141075831446
2271139797734682 2271139799249874 2271141076055208 2271141705422072 2271140436205074 2271140437743184 2271141705647780 2271142341752326
2271141076054942 2271141077616796 2271142342040320 2271142981827874 2271141705648046 2271141707143204 2271142982047240 2271143621092738
2271142342040544 2271142343491938 2271143621324088 2271144270284050 2271142982047128 2271142983538786 2271144270511046 2271144914363948
