16 113
2270744078592626 2270744096733056 2270744099908368 2270744105762510 2270744096733084 2270744097997676 2270744106895866 2270744112904680
2270744105763798 2270744106770622 2270744115181598 2270744121144380 2270744112907032 2270744114030686 2270744122595102 2270744128367428
2270744121144408 2270744122163748 2270744130642260 2270744136495814 2270744128369878 2270744129639720 2270744137999470 2270744143936968
2270744136495842 2270744137502526 2270744145397882 2270744151068792 2270744143939488 2270744144947236 2270744152461848 2270744158408572
2270744151070178 2270744151970770 2270744160067880 2270744165769996 2270744158409986 2270744159448954 2270744167173020 2270744172822916
2270744165771284 2270744166794922 2270744174280134 2270744180241082 2270744172825226 2270744173807872 2270744181690712 2270744187430390
2270744180241110 2270744181172642 2270744189051520 2270744194922336 2270744187432728 2270744188426924 2270744196402752 2270744202156878
2270744194922364 2270744195973918 2270744203570976 2270744209356518 2270744202159398 2270744203186746 2270744210742448 2270744216832518
2270744209356546 2270744210369992 2270744218159130 2270744223852034 2270744216833904 2270744217785260 2270744224541450 2270744230323324

2270743711934600 2270743717412604 2270743734133210 2270743739776526 2270743717412632 2270743718703852 2270743741149156 2270743746797638
2270743739776792 2270743740825854 2270743749458870 2270743755350700 2270743746800452 2270743748143626 2270743756586242 2270743762228844
2270743755350728 2270743756379924 2270743764333142 2270743769991690 2270743762231364 2270743763401526 2270743771585576 2270743777228024
2270743769991718 2270743771030868 2270743778908808 2270743784589476 2270743777230838 2270743778360106 2270743786164098 2270743791930978
2270743784590708 2270743785658614 2270743793465350 2270743799133810 2270743791931440 2270743792974300 2270743800693830 2270743806321704
2270743799133838 2270743800094574 2270743807831954 2270743813514414 2270743806324070 2270743807451294 2270743814995978 2270743820749320
2270743813514442 2270743814504228 2270743822229288 2270743828033800 2270743820751658 2270743821797150 2270743829553640 2270743835206994
2270743828033828 2270743829035360 2270743836728094 2270743842372124 2270743835208268 2270743836202730 2270743843985666 2270743849813376
2270743842372152 2270743843308626 2270743851350744 2270743857010608 2270743849815770 2270743850910808 2270743857954880 2270743863601612

2270749196411136 2270749201826532 2270749216195306 2270749221831118 2270749201826560 2270749203141762 2270749223229396 2270749228904996
2270749221832308 2270749222861490 2270749232580024 2270749238330062 2270749228907474 2270749230186234 2270749239738994 2270749245394896
2270749238331294 2270749239360294 2270749246970134 2270749252667742 2270749245397738 2270749246474492 2270749254068050 2270749259685088
2270749252667770 2270749253624894 2270749261279366 2270749266991240 2270749259687454 2270749260697386 2270749268666816 2270749274410834
2270749266991268 2270749267901128 2270749275981340 2270749281753050 2270749274413256 2270749275476836 2270749283386234 2270749288991428
2270749281753078 2270749282740708 2270749290222280 2270749296011406 2270749288992786 2270749289886448 2270749297691910 2270749303312238
2270749296011434 2270749296926810 2270749304703320 2270749310384338 2270749303314758 2270749304339012 2270749311973282 2270749317742164
2270749310384366 2270749311207202 2270749319285706 2270749324960564 2270749317744600 2270749318801768 2270749326373948 2270749332103812
2270749324960592 2270749325837958 2270749333726720 2270749339370554 2270749332106220 2270749333183044 2270749340582492 2270749346271980

2270845465702212 2270845483436726 2270845486281890 2270845492239478 2270845483436754 2270845484520816 2270845493189672 2270845499190968
2270845492240738 2270845493063140 2270845501145172 2270845507114156 2270845499193418 2270845500084448 2270845508252832 2270845514251034
2270845507114184 2270845507860118 2270845515858542 2270845521832818 2270845514253498 2270845515226022 2270845523417072 2270845529381814
2270845521834442 2270845522586200 2270845530935534 2270845536929550 2270845529384292 2270845530271584 2270845538503290 2270845544500876
2270845536929578 2270845537687874 2270845545939068 2270845551892540 2270845544502458 2270845545331496 2270845553166624 2270845559135202
2270845551892568 2270845552722138 2270845560378640 2270845566344516 2270845559137568 2270845559924830 2270845567528804 2270845573496360
2270845566344544 2270845567140528 2270845574623598 2270845580657752 2270845573499048 2270845574294682 2270845581773328 2270845587758202
2270845580657780 2270845581382210 2270845588815776 2270845594846444 2270845587760694 2270845588525668 2270845595852442 2270845601835860
2270845594846486 2270845595546528 2270845603107788 2270845609093418 2270845601838268 2270845602554746 2270845610024040 2270845616067980

2270745681171828 2270745699985770 2270745703383514 2270745709206002 2270745699985798 2270745701403900 2270745710428090 2270745716198638
2270745709207192 2270745710223634 2270745717939202 2270745723691802 2270745716201410 2270745717278584 2270745724932174 2270745730592262
2270745723691830 2270745724605918 2270745732383534 2270745738429798 2270745730594740 2270745731505412 2270745739848320 2270745745716294
2270745738429826 2270745739492328 2270745747286366 2270745753401790 2270745745718688 2270745746732862 2270745754917864 2270745760556042
2270745753401818 2270745754342604 2270745761863390 2270745767495114 2270745760558086 2270745761424042 2270745768903962 2270745774630844
2270745767496486 2270745768323270 2270745776093984 2270745781757432 2270745774633336 2270745775715606 2270745783282480 2270745788922744
2270745781757460 2270745782831316 2270745790330486 2270745795984946 2270745788924872 2270745789938738 2270745797412596 2270745803144490
2270745795984974 2270745797042184 2270745804659864 2270745810307842 2270745803147010 2270745804163060 2270745811705070 2270745817345236
2270745810307870 2270745811339558 2270745818632018 2270745824820788 2270745817347532 2270745818256468 2270745825823552 2270745831594996

2270747709592418 2270747729307456 2270747732319038 2270747738001666 2270747729307484 2270747730752172 2270747739384404 2270747745123746
2270747738003038 2270747738899934 2270747747291324 2270747752933534 2270747745125888 2270747746207094 2270747754130058 2270747759792750
2270747752934724 2270747753933694 2270747762255210 2270747768106566 2270747759795382 2270747760887228 2270747769577756 2270747775230718
2270747768106594 2270747769182382 2270747777742710 2270747783485552 2270747775233168 2270747776552052 2270747785011342 2270747790725134
2270747783485580 2270747784490360 2270747792960752 2270747798728430 2270747790727850 2270747791858196 2270747800225114 2270747805859666
2270747798729410 2270747799811974 2270747808227010 2270747814008996 2270747805861934 2270747807109614 2270747815335342 2270747820965610
2270747814009024 2270747815035798 2270747823881012 2270747829521290 2270747820968158 2270747822042532 2270747830858976 2270747836588686
2270747829521318 2270747830566012 2270747838268406 2270747843931840 2270747836591276 2270747837668464 2270747845230886 2270747850964292
2270747843931868 2270747844861216 2270747852317770 2270747857964390 2270747850966672 2270747851943886 2270747858842232 2270747864623364

2270741816367976 2270741826481450 2270741838572998 2270741844334810 2270741826481478 2270741828164922 2270741845452220 2270741851164430
2270741844336000 2270741845327844 2270741853005262 2270741858675304 2270741851166992 2270741852212890 2270741859899996 2270741865543004
2270741858675332 2270741859587712 2270741868157448 2270741873896244 2270741865545706 2270741866560664 2270741875314948 2270741881148860
2270741873896272 2270741874988342 2270741885017382 2270741890634140 2270741881151716 2270741882184468 2270741892052494 2270741898086774
2270741890634546 2270741891686730 2270741900469042 2270741906081824 2270741898088524 2270741899065318 2270741907675556 2270741913310780
2270741906083182 2270741907207242 2270741915908536 2270741921624722 2270741913313062 2270741914464492 2270741923359056 2270741929016596
2270741921624750 2270741922791020 2270741931044006 2270741936780968 2270741929018808 2270741930125984 2270741938135804 2270741943762684
2270741936780996 2270741937877462 2270741945337376 2270741951112880 2270741943765316 2270741944990540 2270741952453058 2270741958074030
2270741951112908 2270741952065244 2270741959340638 2270741964972334 2270741958076592 2270741959024896 2270741965925482 2270741971768508

2270741746655746 2270741752312474 2270741767970298 2270741773582996 2270741752312502 2270741753618422 2270741774694722 2270741780470772
2270741773583318 2270741774592662 2270741781860944 2270741787510574 2270741780473460 2270741781466284 2270741789076894 2270741794711432
2270741787510602 2270741788527072 2270741796195474 2270741801837726 2270741794713812 2270741795686700 2270741803143884 2270741808779388
2270741801837754 2270741802811678 2270741810080394 2270741815743044 2270741808782216 2270741809745682 2270741817036028 2270741822670566
2270741815743072 2270741816694722 2270741824019032 2270741829760236 2270741822672932 2270741823667296 2270741831082158 2270741836716066
2270741829760264 2270741830726334 2270741838024730 2270741843667948 2270741836718698 2270741837672042 2270741844987392 2270741850618892
2270741843667976 2270741844635236 2270741852988448 2270741858738640 2270741850620572 2270741851526456 2270741860105488 2270741865873964
2270741858738668 2270741859749580 2270741868064502 2270741873875482 2270741865876638 2270741866829660 2270741875195178 2270741881136820
2270741873875510 2270741874845710 2270741882521154 2270741888288454 2270741881139718 2270741882158456 2270741889671220 2270741895611098

2270738978162914 2270738996622964 2270738999921392 2270739005535308 2270738996622992 2270738998036544 2270739006576474 2270739012207638
2270739005535560 2270739006381608 2270739014547206 2270739020191502 2270739012209150 2270739013368224 2270739021257686 2270739027152134
2270739020192622 2270739021117700 2270739030138922 2270739035884886 2270739027153772 2270739028146400 2270739036911534 2270739042561122
2270739035884914 2270739036742764 2270739045403262 2270739051045794 2270739042563642 2270739043522124 2270739052051582 2270739057843998
2270739051045822 2270739051949648 2270739061375862 2270739066999004 2270739057846322 2270739059267504 2270739068263176 2270739074050160
2270739066999032 2270739067848762 2270739076029928 2270739081677346 2270739074052498 2270739075091508 2270739082875438 2270739088501856
2270739081677374 2270739082673362 2270739092444060 2270739098071878 2270739088504306 2270739089551408 2270739099352290 2270739105187756
2270739098071906 2270739099109208 2270739106852048 2270739112515202 2270739105189996 2270739106330562 2270739113787480 2270739119411994
2270739112515230 2270739113424194 2270739120723948 2270739126383644 2270739119414500 2270739120414828 2270739127253926 2270739132989670

2270738930884452 2270738943320708 2270738953062020 2270738958691154 2270738943320736 2270738944615750 2270738959781306 2270738965572938
2270738958691196 2270738959746572 2270738968146320 2270738973820520 2270738965575346 2270738966861638 2270738975209642 2270738980962718
2270738973820548 2270738974869400 2270738983700390 2270738989466836 2270738980965266 2270738982420566 2270738990833362 2270738996467186
2270738989466864 2270738990522730 2270738999507650 2270739005178882 2270738996469622 2270738997565430 2270739006559618 2270739012353602
2270739005178910 2270739006104156 2270739014877662 2270739020518262 2270739012356094 2270739013754904 2270739021771584 2270739027462388
2270739020518290 2270739021543258 2270739030224854 2270739035860330 2270739027463760 2270739028396006 2270739037637518 2270739043282752
2270739035860358 2270739037299502 2270739045820000 2270739051514822 2270739043284544 2270739044766780 2270739052861300 2270739058528696
2270739051514850 2270739052568042 2270739060030014 2270739065683354 2270739058530334 2270739059564444 2270739067250710 2270739072911484
2270739065683382 2270739066700202 2270739074400748 2270739080072680 2270739072913934 2270739074090256 2270739081337048 2270739087099378

2270745089339818 2270745094231390 2270745110617774 2270745116227868 2270745094231418 2270745096002838 2270745117722578 2270745123500154
2270745116228848 2270745117385948 2270745126234466 2270745132119632 2270745123502534 2270745124875948 2270745133519940 2270745139164264
2270745132119660 2270745133217246 2270745141898450 2270745148082544 2270745139166420 2270745140459138 2270745149478036 2270745155802186
2270745148082572 2270745149062684 2270745158705338 2270745164581264 2270745155804020 2270745157270800 2270745165699402 2270745171745162
2270745164581292 2270745165653370 2270745173973836 2270745179614226 2270745171746604 2270745172801504 2270745180964526 2270745186819494
2270745179614254 2270745180574290 2270745189603912 2270745195318754 2270745186821902 2270745188303228 2270745196958364 2270745202720582
2270745195318782 2270745196382824 2270745205459066 2270745211105714 2270745202722682 2270745204416780 2270745212733830 2270745218382662
2270745211105742 2270745212078070 2270745220495696 2270745226174306 2270745218384762 2270745219544550 2270745228415776 2270745234175824
2270745226174334 2270745227345462 2270745236125604 2270745241899778 2270745234177980 2270745235371760 2270745242521294 2270745248183188

2270856079345910 2270856098283514 2270856101125416 2270856106736224 2270856098283542 2270856099586802 2270856107835756 2270856113580222
2270856106737358 2270856107637572 2270856115795638 2270856121435496 2270856113581678 2270856114572724 2270856122723440 2270856128593486
2270856121435524 2270856122466624 2270856131108908 2270856136723972 2270856128596034 2270856129884076 2270856138055078 2270856143900666
2270856136725246 2270856137570006 2270856147976430 2270856153880902 2270856143903102 2270856145143572 2270856154982772 2270856161042014
2270856153880930 2270856154779030 2270856163213736 2270856169110354 2270856161044464 2270856162090642 2270856170281146 2270856176012004
2270856169110382 2270856170054486 2270856178693746 2270856184574124 2270856176014454 2270856176993236 2270856185898216 2270856191525264
2270856184574152 2270856185622822 2270856193083954 2270856198942576 2270856191527504 2270856192583972 2270856200420752 2270856206172330
2270856198942604 2270856199964926 2270856207595710 2270856213448830 2270856206173856 2270856207081098 2270856214714304 2270856220457832
2270856213450020 2270856214279352 2270856221877656 2270856227543736 2270856220460072 2270856221367104 2270856228491102 2270856234408272

2270740274582850 2270740279663884 2270740295459986 2270740301192720 2270740279663926 2270740280732504 2270740302211052 2270740308069324
2270740301194008 2270740302145350 2270740310562864 2270740316321680 2270740308071886 2270740309191886 2270740317629378 2270740323381446
2270740316322814 2270740317363336 2270740325544922 2270740331207894 2270740323383868 2270740324634320 2270740332326928 2270740338000442
2270740331209014 2270740332077616 2270740339610232 2270740345472914 2270740338002794 2270740338903106 2270740346958608 2270740352711838
2270740345472942 2270740346509138 2270740354097474 2270740359867406 2270740352714414 2270740353720244 2270740361154874 2270740366792436
2270740359867434 2270740360777798 2270740368107624 2270740373874266 2270740366794970 2270740367733544 2270740375149932 2270740380897758
2270740373874294 2270740374775754 2270740382326108 2270740387982472 2270740380900404 2270740381809788 2270740389377432 2270740395245546
2270740387982500 2270740388928032 2270740396383634 2270740402293104 2270740395247058 2270740396061886 2270740403853810 2270740409770336
2270740402293132 2270740403180928 2270740411354030 2270740417021034 2270740409772800 2270740410768634 2270740418170434 2270740423808416

2270737591974978 2270737597543310 2270737606314786 2270737611957066 2270737597543352 2270737598948938 2270737612893456 2270737618684094
2270737611958382 2270737612817268 2270737620498424 2270737626124688 2270737618686558 2270737619920574 2270737628579420 2270737634268530
2270737626124716 2270737626974432 2270737635718216 2270737641342548 2270737634269580 2270737635096630 2270737643946744 2270737649537406
2270737641342576 2270737642165804 2270737651032662 2270737656757934 2270737649539786 2270737650401262 2270737658988078 2270737664612088
2270737656757962 2270737657691118 2270737666690402 2270737672555100 2270737664614370 2270737665524034 2270737675185798 2270737680907598
2270737672555128 2270737673547434 2270737682414292 2270737688045610 2270737680909950 2270737681814000 2270737689694824 2270737695338140
2270737688045638 2270737689115490 2270737697427794 2270737703172946 2270737695340408 2270737696346630 2270737706481174 2270737712091954
2270737703172974 2270737704153002 2270737713511596 2270737719168996 2270737712094418 2270737713006742 2270737720728064 2270737726345914
2270737719169024 2270737720247150 2270737727604976 2270737733385128 2270737726348364 2270737727295618 2270737735150360 2270737740878964

2270738269251998 2270738276767296 2270738279641216 2270738285400382 2270738276767324 2270738278104646 2270738286393486 2270738292098024
2270738285400648 2270738286322436 2270738296831802 2270738302498540 2270738292100320 2270738293178362 2270738305118822 2270738310759198
2270738302498568 2270738303441930 2270738312453884 2270738318207058 2270738310761088 2270738311700782 2270738320926796 2270738326748584
2270738318207086 2270738319199252 2270738328325684 2270738334420794 2270738326750670 2270738327777248 2270738337891506 2270738343594448
2270738334420822 2270738335389972 2270738345044974 2270738350915706 2270738343596576 2270738344672000 2270738353135098 2270738358860230
2270738350916490 2270738351928088 2270738360378292 2270738366041446 2270738358862540 2270738359887676 2270738368618552 2270738374236206
2270738366041474 2270738367055620 2270738375688818 2270738381452240 2270738374238306 2270738375265416 2270738383146072 2270738388866220
2270738381452268 2270738382530142 2270738391366788 2270738397002852 2270738388867536 2270738389798382 2270738398881624 2270738404522210
2270738397002880 2270738397976762 2270738406450892 2270738412106962 2270738404524352 2270738405637870 2270738414985222 2270738420622546

2270742869160920 2270742875255638 2270742890400474 2270742896103920 2270742875255666 2270742876582586 2270742897175298 2270742902962100
2270742896103962 2270742897140872 2270742905396994 2270742911059742 2270742902964732 2270742904107090 2270742912270168 2270742918121048
2270742911059770 2270742911937024 2270742920043276 2270742925692850 2270742918123680 2270742919280402 2270742927364380 2270742933105164
2270742925692878 2270742926726638 2270742934759166 2270742940764732 2270742933107586 2270742934076358 2270742942072458 2270742947815426
2270742940764760 2270742941730578 2270742949563774 2270742955324340 2270742947817974 2270742948847618 2270742956908692 2270742962502672
2270742955324368 2270742956233906 2270742964054586 2270742969805590 2270742962504842 2270742963519366 2270742971396704 2270742977012342
2270742969805618 2270742970749624 2270742978672364 2270742984329582 2270742977014554 2270742978088074 2270742985994756 2270742991960170
2270742984329624 2270742985410718 2270742993428504 2270742999160202 2270742991961626 2270742992857010 2270743000489740 2270743006191548
2270742999160230 2270743000026830 2270743007499358 2270743013260960 2270743006194054 2270743007038240 2270743014060612 2270743019831328
