16 740
4604847509221670912 47191862218768 2270887898180902 2270887949645896 47191790215184 47191718117392 2270887949645924 2270888000488758
47192222519312 47192150421520 2270888000489206 2270888050884124 47192078417936 47192006320144 2270888050885384 2270888101978006
47192510722064 47192438624272 2270888101978342 2270888152466500 47192366620688 47192294522896 2270888152466528 2270888203020808
47192798924816 47192726827024 2270888203021424 2270888254676104 47192654823440 47192582725648 2270888254676132 2270888305835296
47193087127568 47193015029776 2270888305835744 2270888356567194 47192943026192 47192870928400 2270888356567222 2270888407418708
47193375330320 47193303232528 2270888407419086 2270888457837006 47193231228944 47193159131152 2270888457837034 2270888508169022
47193663533072 47193591435280 2270888508169050 2270888559536562 47193519431696 47193447333904 2270888559537822 2270888610909688
47193951735824 47193879638032 2270888610909730 2270888662996226 47193807634448 47193735536656 2270888662996254 2270888714939670
47194239938576 47194167840784 2270888714939964 2270888767030394 47194095837200 47194023739408 2270888767030422 2270888819642408

47255813840912 47255741743120 2270887531783948 2270887582877452 47255669739536 47255597641744 2270887582877480 2270887634360786
47256102043664 47256029945872 2270887634361262 2270887685142944 47255957942288 47255885844496 2270887685143322 2270887736565798
47256390246416 47256318148624 2270887736566120 2270887787656348 47256246145040 47256174047248 2270887787656376 2270887838708314
47256678449168 47256606351376 2270887838708552 2270887889772404 47256534347792 47256462250000 2270887889773608 2270887941112182
47256966651920 47256894554128 2270887941112224 2270887992471266 47256822550544 47256750452752 2270887992471294 2270888043354420
47257254854672 47257182756880 2270888043354728 2270888094223770 47257110753296 47257038655504 2270888094224148 2270888144708694
47257543057424 47257470959632 2270888144708960 2270888195700922 47257398956048 47257326858256 2270888195700950 2270888246059818
47257831260176 47257759162384 2270888246061162 2270888296819758 47257687158800 47257615061008 2270888296819786 2270888347605514
47258119462928 47258047365136 2270888347605766 2270888398806398 47257975361552 47257903263760 2270888398806776 2270888450581506

47258796167184 47258724069392 2270893016573174 2270893068245382 47258652065808 47258579968016 2270893068245410 2270893119694724
47259084369936 47259012272144 2270893119695998 2270893170489636 47258940268560 47258868170768 2270893170490994 2270893221257318
47259372572688 47259300474896 2270893221257780 2270893274895896 47259228471312 47259156373520 2270893274895924 2270893328329836
47259660775440 47259588677648 2270893328331320 2270893381698438 47259516674064 47259444576272 2270893381698466 2270893432987326
47259948978192 47259876880400 2270893432988614 2270893485010206 47259804876816 47259732779024 2270893485010234 2270893535579858
47260237180944 47260165083152 2270893535580334 2270893586838758 47260093079568 47260020981776 2270893586838786 2270893637178054
47260525383696 47260453285904 2270893637179468 2270893688156940 47260381282320 47260309184528 2270893688158200 2270893739069116
47260813586448 47260741488656 2270893739069522 2270893790141200 47260669485072 47260597387280 2270893790141228 2270893841041252
47261101789200 47261029691408 2270893841042554 2270893892457316 47260957687824 47260885590032 2270893892457344 2270893944279296

47100261515280 47100189417488 2270989285304586 2270989343407498 47100117413904 47100045316112 2270989343407540 2270989400716694
47100549718032 47100477620240 2270989400716960 2270989458213532 47100405616656 47100333518864 2270989458213574 2270989515072138
47100837920784 47100765822992 2270989515072586 2270989573015310 47100693819408 47100621721616 2270989573015338 2270989631234198
47101126123536 47101054025744 2270989631234674 2270989689016566 47100982022160 47100909924368 2270989689016594 2270989746293184
47101414326288 47101342228496 2270989746293898 2270989803583914 47101270224912 47101198127120 2270989803583942 2270989860216042
47101702529040 47101630431248 2270989860216490 2270989917384566 47101558427664 47101486329872 2270989917384608 2270989974184036
47101990731792 47101918634000 2270989974184064 2270990031682722 47101846630416 47101774532624 2270990031682750 2270990089309032
47102278934544 47102206836752 2270990089309704 2270990146882282 47102134833168 47102062735376 2270990146882310 2270990204289968
47102567137296 47102495039504 2270990204289996 2270990262359896 47102423035920 47102350938128 2270990262359924 2270990319910480

47601797664784 47601725566992 2270889501189008 2270889552950984 47601653563408 47601581465616 2270889552951012 2270889605625858
47602085867536 47602013769744 2270889605626096 2270889657444674 47601941766160 47601869668368 2270889657444702 2270889709097506
47602374070288 47602301972496 2270889709098752 2270889759865062 47602229968912 47602157871120 2270889759865090 2270889811275372
47602662273040 47602590175248 2270889811275414 2270889863235868 47602518171664 47602446073872 2270889863235896 2270889914397944
47602950475792 47602878378000 2270889914398448 2270889965435630 47602806374416 47602734276624 2270889965435658 2270890015806440
47603238678544 47603166580752 2270890015807700 2270890067547178 47603094577168 47603022479376 2270890067547206 2270890118906962
47603526881296 47603454783504 2270890118907214 2270890170521938 47603382779920 47603310682128 2270890170521966 2270890220855144
47603815084048 47603742986256 2270890220855620 2270890271728568 47603670982672 47603598884880 2270890271728596 2270890322277920
47604103286800 47604031189008 2270890322278382 2270890372965438 47603959185424 47603887087632 2270890372966684 2270890424063786

47945990406160 47945918308368 2270891529728514 2270891581598024 47945846304784 47945774206992 2270891581598990 2270891633237150
47946278608912 47946206511120 2270891633237416 2270891683661160 47946134507536 47946062409744 2270891683662322 2270891735075502
47946566811664 47946494713872 2270891735076692 2270891786598148 47946422710288 47946350612496 2270891786598176 2270891838017110
47946855014416 47946782916624 2270891838017432 2270891890634570 47946710913040 47946638815248 2270891890634598 2270891941993780
47947143217168 47947071119376 2270891941995068 2270891993032096 47946999115792 47946927018000 2270891993032124 2270892044067822
47947431419920 47947359322128 2270892044069040 2270892095270218 47947287318544 47947215220752 2270892095270246 2270892147224470
47947719622672 47947647524880 2270892147225674 2270892198822044 47947575521296 47947503423504 2270892198822072 2270892249640434
47948007825424 47947935727632 2270892249641638 2270892301327034 47947863724048 47947791626256 2270892301327062 2270892352095570
47948296028176 47948223930384 2270892352096032 2270892403232264 47948151926800 47948079829008 2270892403232292 2270892453655028

46946515111952 46946443014160 2270885636241614 2270885687584528 46946371010576 46946298912784 2270885687584556 2270885738809030
46946803314704 46946731216912 2270885738809492 2270885789920804 46946659213328 46946587115536 2270885789920832 2270885840920186
46947091517456 46947019419664 2270885840920466 2270885892507344 46946947416080 46946875318288 2270885892507372 2270885943595752
46947379720208 46947307622416 2270885943595794 2270885994700778 46947235618832 46947163521040 2270885994700806 2270886045824970
46947667922960 46947595825168 2270886045825012 2270886096825332 46947523821584 46947451723792 2270886096825360 2270886147505948
46947956125712 46947884027920 2270886147505990 2270886198693700 46947812024336 46947739926544 2270886198693728 2270886249350698
46948244328464 46948172230672 2270886249350726 2270886300633160 46948100227088 46948028129296 2270886300634350 2270886351341804
46948532531216 46948460433424 2270886351342056 2270886402257088 46948388429840 46948316332048 2270886402257116 2270886453291512
46948820733968 46948748636176 2270886453291988 2270886505239520 46948676632592 46948604534800 2270886505239548 2270886556700902

47273568985104 47273496887312 2270885566462982 2270885617942298 47273424883728 47273352785936 2270885617942326 2270885669240846
47273857187856 47273785090064 2270885669241294 2270885720148052 47273713086480 47273640988688 2270885720148080 2270885772102542
47274145390608 47274073292816 2270885772102584 2270885823300136 47274001289232 47273929191440 2270885823300164 2270885874965372
47274433593360 47274361495568 2270885874965414 2270885927430988 47274289491984 47274217394192 2270885927431016 2270885978643366
47274721796112 47274649698320 2270885978643688 2270886029554170 47274577694736 47274505596944 2270886029554198 2270886080140286
47275009998864 47274937901072 2270886080140328 2270886131347610 47274865897488 47274793799696 2270886131347638 2270886182616142
47275298201616 47275226103824 2270886182616170 2270886234082816 47275154100240 47275082002448 2270886234082844 2270886286123490
47275586404368 47275514306576 2270886286123532 2270886337053768 47275442302992 47275370205200 2270886337053796 2270886387797524
47275874607120 47275802509328 2270886387797776 2270886438571156 47275730505744 47275658407952 2270886438571198 2270886489727310

47333955579920 47333883482128 2270882798023028 2270882851274408 47333811478544 47333739380752 2270882851274436 2270882902922662
47334243782672 47334171684880 2270882902922914 2270882954595948 47334099681296 47334027583504 2270882954595976 2270883005958532
47334531985424 47334459887632 2270883005958938 2270883056469762 47334387884048 47334315786256 2270883056469790 2270883107533796
47334820188176 47334748090384 2270883107533838 2270883159420176 47334676086800 47334603989008 2270883159420554 2270883210558676
47335108390928 47335036293136 2270883210559362 2270883262367230 47334964289552 47334892191760 2270883262367258 2270883313777806
47335396593680 47335324495888 2270883313778464 2270883364762110 47335252492304 47335180394512 2270883364762138 2270883416991812
47335684796432 47335612698640 2270883416992274 2270883468231112 47335540695056 47335468597264 2270883468231140 2270883520509604
47335972999184 47335900901392 2270883520509940 2270883572356588 47335828897808 47335756800016 2270883572356616 2270883623674918
47336261201936 47336189104144 2270883623675156 2270883674633714 47336117100560 47336045002768 2270883674633742 2270883726726622

47716178010128 47716105912336 2270882750528224 2270882802523608 47716033908752 47715961810960 2270882802523636 2270882853909460
47716466212880 47716394115088 2270882853909922 2270882904979164 47716322111504 47716250013712 2270882904979192 2270882956844894
47716754415632 47716682317840 2270882956846140 2270883007914304 47716610314256 47716538216464 2270883007914332 2270883059431980
47717042618384 47716970520592 2270883059432302 2270883110801844 47716898517008 47716826419216 2270883110801872 2270883161903720
47717330821136 47717258723344 2270883161904350 2270883212747940 47717186719760 47717114621968 2270883212747968 2270883263326776
47717619023888 47717546926096 2270883263327154 2270883314962304 47717474922512 47717402824720 2270883314962332 2270883366499216
47717907226640 47717835128848 2270883366499244 2270883417830818 47717763125264 47717691027472 2270883417830846 2270883469139810
47718195429392 47718123331600 2270883469139852 2270883521480322 47718051328016 47717979230224 2270883521480350 2270883573353416
47718483632144 47718411534352 2270883573353864 2270883624378138 47718339530768 47718267432976 2270883624378166 2270883675263700

47180037296144 47179965198352 2270888909370270 2270888961101110 47179893194768 47179821096976 2270888961101138 2270889013388338
47180325498896 47180253401104 2270889013389024 2270889066361860 47180181397520 47180109299728 2270889066361888 2270889117272440
47180613701648 47180541603856 2270889117273700 2270889168355710 47180469600272 47180397502480 2270889168355738 2270889219650688
47180901904400 47180829806608 2270889219650730 2270889271543466 47180757803024 47180685705232 2270889271543494 2270889322845234
47181190107152 47181118009360 2270889322845696 2270889374584334 47181046005776 47180973907984 2270889374584362 2270889425802578
47181478309904 47181406212112 2270889425803054 2270889476978836 47181334208528 47181262110736 2270889476978864 2270889528169794
47181766512656 47181694414864 2270889528170214 2270889579756140 47181622411280 47181550313488 2270889579756168 2270889631491992
47182054715408 47181982617616 2270889631492398 2270889682625788 47181910614032 47181838516240 2270889682625816 2270889733402514
47182342918160 47182270820368 2270889733402934 2270889784897776 47182198816784 47182126718992 2270889784897804 2270889836050528

47307255963664 47307183865872 2270999899246890 2270999951221036 47307111862288 47307039764496 2270999951221064 2271000003489700
47307544166416 47307472068624 2271000003490862 2271000055643494 47307400065040 47307327967248 2271000055643522 2271000107166252
47307832369168 47307760271376 2271000107166896 2271000158836052 47307688267792 47307616170000 2271000158836080 2271000209885988
47308120571920 47308048474128 2271000209887150 2271000261436690 47307976470544 47307904372752 2271000261436718 2271000312210728
47308408774672 47308336676880 2271000312211386 2271000364337054 47308264673296 47308192575504 2271000364342780 2271000415973492
47308696977424 47308624879632 2271000415973940 2271000466579180 47308552876048 47308480778256 2271000466579208 2271000518095862
47308985180176 47308913082384 2271000518096492 2271000568996852 47308841078800 47308768981008 2271000568996880 2271000620657916
47309273382928 47309201285136 2271000620658546 2271000672717910 47309129281552 47309057183760 2271000672717938 2271000724243328
47309561585680 47309489487888 2271000724244588 2271000775590400 47309417484304 47309345386512 2271000775590428 2271000826914372

47215127183376 47215055085584 2270884094425940 2270884147519834 47214983082000 47214910984208 2270884147519862 2270884199548580
47215415386128 47215343288336 2270884199548832 2270884250494412 47215271284752 47215199186960 2270884250494440 2270884301922950
47215703588880 47215631491088 2270884301924224 2270884353861494 47215559487504 47215487389712 2270884353861522 2270884405273274
47215991791632 47215919693840 2270884405273316 2270884456895880 47215847690256 47215775592464 2270884456895908 2270884509032762
47216279994384 47216207896592 2270884509033966 2270884560197806 47216135893008 47216063795216 2270884560197834 2270884611090830
47216568197136 47216496099344 2270884611090858 2270884663166056 47216424095760 47216351997968 2270884663166084 2270884715015686
47216856399888 47216784302096 2270884715016862 2270884765882754 47216712298512 47216640200720 2270884765882782 2270884818924400
47217144602640 47217072504848 2270884818925576 2270884869949626 47217000501264 47216928403472 2270884869949654 2270884921002908
47217432805392 47217360707600 2270884921002950 2270884972602470 47217288704016 47217216606224 2270884972602498 2270885024570008

47075332284432 47075260186640 2270881411584926 2270881463431700 47075188183056 47075116085264 2270881463432974 2270881514715744
47075620487184 47075548389392 2270881514716234 2270881565850548 47075476385808 47075404288016 2270881565850576 2270881617328240
47075908689936 47075836592144 2270881617329654 2270881668441498 47075764588560 47075692490768 2270881668441862 2270881718914816
47076196892688 47076124794896 2270881718914858 2270881770318812 47076052791312 47075980693520 2270881770318840 2270881821374250
47076485095440 47076412997648 2270881821374502 2270881872785204 47076340994064 47076268896272 2270881872785232 2270881923936822
47076773298192 47076701200400 2270881923938138 2270881974822286 47076629196816 47076557099024 2270881974822314 2270882025482966
47077061500944 47076989403152 2270882025482994 2270882076018388 47076917399568 47076845301776 2270882076018416 2270882127469690
47077349703696 47077277605904 2270882127470082 2270882179414226 47077205602320 47077133504528 2270882179414254 2270882230689478
47077637906448 47077565808656 2270882230690920 2270882281704078 47077493805072 47077421707280 2270882281704106 2270882331901638

46942372790288 46942300692496 2270882088843774 2270882141442432 46942228688912 46942156591120 2270882141442460 2270882194010598
46942660993040 46942588895248 2270882194011998 2270882246365544 46942516891664 46942444793872 2270882246365572 2270882298063624
46942949195792 46942877098000 2270882298064828 2270882349990800 46942805094416 46942732996624 2270882349990828 2270882401416930
46943237398544 46943165300752 2270882401417168 2270882452747860 46943093297168 46943021199376 2270882452747888 2270882504136036
46943525601296 46943453503504 2270882504136470 2270882555861808 46943381499920 46943309402128 2270882555861836 2270882607313712
46943813804048 46943741706256 2270882607315028 2270882658890510 46943669702672 46943597604880 2270882658890538 2270882710083274
46944102006800 46944029909008 2270882710083736 2270882760778926 46943957905424 46943885807632 2270882760778954 2270882811482810
46944390209552 46944318111760 2270882811483244 2270882863576656 46944246108176 46944174010384 2270882863576684 2270882915094024
46944678412304 46944606314512 2270882915094276 2270882966028474 46944534310928 46944462213136 2270882966028502 2270883016747324

47845919473680 47845847375888 2270886689129044 2270886740829938 47845775372304 47845703274512 2270886740829966 2270886792084372
47846207676432 47846135578640 2270886792085618 2270886843250732 47846063575056 47845991477264 2270886843250760 2270886895315640
47846495879184 47846423781392 2270886895316158 2270886946680562 47846351777808 47846279680016 2270886946681794 2270886998020074
47846784081936 47846711984144 2270886998020326 2270887050355028 47846639980560 47846567882768 2270887050356260 2270887102650082
47847072284688 47847000186896 2270887102651342 2270887153993178 47846928183312 47846856085520 2270887153993206 2270887204774580
47847360487440 47847288389648 2270887204775854 2270887255360486 47847216386064 47847144288272 2270887255360514 2270887306234848
47847648690192 47847576592400 2270887306236108 2270887356759294 47847504588816 47847432491024 2270887356759322 2270887407088440
47847936892944 47847864795152 2270887407088482 2270887458723408 47847792791568 47847720693776 2270887458724640 2270887509588796
47848225095696 47848152997904 2270887509590084 2270887560569922 47848080994320 47848008896528 2270887560569950 2270887610788762
