16 124
2270725655343866 2270725655539502 2270725659263600 2270725665216638 2270725655670332 2270725655862398 2270725665551238 2270725671520768
2270725665230162 2270725665422970 2270725673205822 2270725679141374 2270725671536658 2270725671770052 2270725679486404 2270725685456074
2270725679155934 2270725679351528 2270725685866484 2270725691955420 2270725685470662 2270725686141472 2270725692383512 2270725698380734
2270725691966620 2270725692161500 2270725698793230 2270725704772322 2270725698394762 2270725698606190 2270725705167570 2270725711245404
2270725704786070 2270725704984506 2270725711662884 2270725717644888 2270725711258704 2270725711440746 2270725717998304 2270725724051526
2270725717658146 2270725718289182 2270725724474914 2270725730471184 2270725724062866 2270725724262478 2270725730858130 2270725736881714
2270725730485254 2270725731136716 2270725737305900 2270725743326068 2270725736893208 2270725737085204 2270725743719020 2270725749691532
2270725743339242 2270725743543880 2270725750031214 2270725756074860 2270725749705098 2270725750367186 2270725756496988 2270725762649428
2270725756085486 2270725756274682 2270725763098058 2270725769093796 2270725762665192 2270725762889108 2270725769242112 2270725775220518

2270725283563954 2270725283754872 2270725290328558 2270725296321846 2270725283937964 2270725284404598 2270725296566076 2270725302532428
2270725296333970 2270725296781018 2270725302967646 2270725309020504 2270725302545196 2270725302735316 2270725309484338 2270725315446700
2270725309035722 2270725309279980 2270725315728744 2270725321687424 2270725315461176 2270725315876668 2270725322036514 2270725328033652
2270725321700906 2270725321886826 2270725328260228 2270725334211054 2270725328049976 2270725328550350 2270725334591938 2270725340575720
2270725334222324 2270725334399228 2270725340892274 2270725346905456 2270725340590714 2270725341111430 2270725347295062 2270725353300712
2270725346917356 2270725347107714 2270725353739486 2270725359704928 2270725353314796 2270725353498686 2270725360000650 2270725366009198
2270725359718648 2270725360263668 2270725366396704 2270725372359794 2270725366020090 2270725366209860 2270725372725530 2270725378704188
2270725372374984 2270725372573714 2270725379010928 2270725384974718 2270725378718188 2270725379220592 2270725385405302 2270725391349954
2270725384985428 2270725385174428 2270725391725350 2270725397721284 2270725391363814 2270725391571504 2270725397882088 2270725403857036

2270730774096932 2270730774288326 2270730779686936 2270730785637230 2270730774503968 2270730775086480 2270730786040752 2270730791999894
2270730785650698 2270730785857576 2270730792400476 2270730798391244 2270730792015728 2270730792216264 2270730798744226 2270730804724326
2270730798406084 2270730798621530 2270730805361620 2270730811326572 2270730804739950 2270730804948620 2270730811733020 2270730817703782
2270730811340348 2270730811524728 2270730818234690 2270730824191788 2270730817717950 2270730817918920 2270730824582038 2270730830552702
2270730824206516 2270730824396944 2270730830949728 2270730836980704 2270730830567598 2270730830777906 2270730837379438 2270730843395378
2270730836995614 2270730837715312 2270730843857070 2270730849844310 2270730843406116 2270730843651270 2270730850158792 2270730856209200
2270730849859304 2270730850437070 2270730856628598 2270730862628074 2270730856221576 2270730856416904 2270730863087092 2270730869052450
2270730862642886 2270730862862994 2270730869420524 2270730875457842 2270730869066954 2270730869703506 2270730875784770 2270730881773634
2270730875468664 2270730876055796 2270730882097398 2270730888142948 2270730881785072 2270730882431214 2270730888270124 2270730894221482

2270827045900126 2270827046091856 2270827046591446 2270827052627616 2270827046306630 2270827046954424 2270827053028408 2270827059005806
2270827052639782 2270827052816910 2270827062156912 2270827068104686 2270827059020842 2270827060152546 2270827068429836 2270827074402656
2270827068116642 2270827068332900 2270827074746776 2270827080787076 2270827074417706 2270827075087410 2270827081216694 2270827087203164
2270827080797534 2270827080987556 2270827087679178 2270827093673866 2270827087218256 2270827087408278 2270827093994158 2270827099996630
2270827093688440 2270827094273654 2270827100493602 2270827106472512 2270827100008950 2270827100273396 2270827106782276 2270827112789004
2270827106487128 2270827107122238 2270827113132130 2270827119151150 2270827112800204 2270827113413936 2270827119489026 2270827125508396
2270827119162826 2270827119802304 2270827125930566 2270827131922286 2270827125519806 2270827125715162 2270827132296786 2270827138345528
2270827131937028 2270827132585130 2270827138773410 2270827144755106 2270827138357624 2270827138554590 2270827145209378 2270827151173252
2270827144804372 2270827144987450 2270827151548242 2270827157523120 2270827151187518 2270827151388460 2270827157639866 2270827163540586

2270727249373898 2270727249568330 2270727263393778 2270727269391728 2270727249686448 2270727250158010 2270727269683544 2270727275652696
2270727269404916 2270727269605102 2270727277579292 2270727283567176 2270727275668110 2270727276613628 2270727283872348 2270727289839036
2270727283580504 2270727284078134 2270727290267954 2270727296285826 2270727289851790 2270727290044458 2270727296694206 2270727302696356
2270727296301016 2270727296519248 2270727303026280 2270727309062240 2270727302711154 2270727303306532 2270727309395384 2270727315384472
2270727309072950 2270727309669434 2270727315802162 2270727321814518 2270727315396890 2270727315586212 2270727322276910 2270727328283064
2270727321829792 2270727322013038 2270727328708552 2270727334691382 2270727328296812 2270727328534756 2270727335018982 2270727341024898
2270727334705088 2270727335288426 2270727341420748 2270727347419146 2270727341037162 2270727341709372 2270727347847308 2270727353858334
2270727347430500 2270727347618884 2270727354290892 2270727360255942 2270727353872376 2270727354055986 2270727360672988 2270727366627972
2270727360269942 2270727360468616 2270727367025712 2270727373024908 2270727366641230 2270727366850684 2270727373140534 2270727379053728

2270729281752358 2270729281946342 2270729292663468 2270729298650050 2270729282157686 2270729282332994 2270729298983502 2270729304971708
2270729298664918 2270729298858468 2270729305332740 2270729311308010 2270729304985022 2270729305555452 2270729311690700 2270729317668882
2270729311319462 2270729311506474 2270729318084122 2270729324099180 2270729317683302 2270729317864728 2270729324581886 2270729330537472
2270729324112900 2270729324301298 2270729331041822 2270729337060100 2270729330552298 2270729330753912 2270729337402750 2270729343404718
2270729337071986 2270729337677136 2270729343803326 2270729349798294 2270729343417038 2270729343610560 2270729350237306 2270729356236978
2270729349811034 2270729350033816 2270729356750120 2270729362716948 2270729356251216 2270729356455532 2270729363045010 2270729369099408
2270729362730584 2270729363332094 2270729369495412 2270729375458922 2270729369110552 2270729369297550 2270729375868128 2270729381859120
2270729375472586 2270729375654628 2270729382265736 2270729388235728 2270729381871860 2270729382052040 2270729388596802 2270729394590300
2270729388249658 2270729388447646 2270729394941952 2270729400955862 2270729394604230 2270729395217850 2270729401094504 2270729407079826

2270723398904884 2270723399097300 2270723399698614 2270723405730262 2270723399336532 2270723400059170 2270723406143024 2270723412135178
2270723405742134 2270723405924974 2270723412810160 2270723418791198 2270723412150438 2270723412340460 2270723419216896 2270723425174778
2270723418804358 2270723419022730 2270723425621420 2270723431641742 2270723425189240 2270723425401914 2270723432051746 2270723438012274
2270723431653936 2270723431841606 2270723438396224 2270723444385550 2270723438025154 2270723438229918 2270723444755122 2270723450724890
2270723444397044 2270723444588802 2270723451169418 2270723457153746 2270723450738022 2270723450946916 2270723457502108 2270723463510950
2270723457166766 2270723457782108 2270723463876154 2270723469925764 2270723463521800 2270723464159416 2270723470389234 2270723476377692
2270723469936474 2270723470165976 2270723476796404 2270723482758850 2270723476390642 2270723476572894 2270723483136192 2270723489115130
2270723482772192 2270723482969858 2270723489494964 2270723495483072 2270723489128444 2270723489325326 2270723495846652 2270723501867660
2270723495496036 2270723496127912 2270723502460336 2270723508459490 2270723501878986 2270723502070128 2270723508530568 2270723514444896

2270723322441308 2270723322634284 2270723330650292 2270723336584906 2270723322871038 2270723323675030 2270723336776146 2270723342731508
2270723336598192 2270723336992796 2270723343183330 2270723349157270 2270723342743520 2270723342931750 2270723349485920 2270723355553352
2270723349172894 2270723349769224 2270723355998118 2270723361970266 2270723355565098 2270723355753846 2270723362409572 2270723368390078
2270723361984882 2270723362202316 2270723368775484 2270723374817184 2270723368403798 2270723369062904 2270723375250778 2270723381223388
2270723374828272 2270723375013254 2270723381681776 2270723387664872 2270723381237584 2270723381435418 2270723387983834 2270723394004996
2270723387678774 2270723388277540 2270723394396380 2270723400410444 2270723394015888 2270723394674812 2270723400845326 2270723406881832
2270723400422232 2270723400611736 2270723407237418 2270723413218792 2270723406894866 2270723407086008 2270723413584346 2270723419573882
2270723413232778 2270723413432404 2270723419988520 2270723425980926 2270723419586790 2270723419772906 2270723426292230 2270723432264798
2270723425994366 2270723426193530 2270723432744228 2270723438740498 2270723432278014 2270723432465320 2270723438835432 2270723444824338

2270720559864708 2270720560057054 2270720562166686 2270720568188576 2270720560297966 2270720561101118 2270720568542216 2270720574520244
2270720568202282 2270720568408138 2270720574925572 2270720580955806 2270720574535714 2270720575198432 2270720581292996 2270720587302104
2270720580967272 2270720581556350 2270720587783480 2270720593778994 2270720587314634 2270720587542064 2270720594181480 2270720600171590
2270720593792630 2270720594009168 2270720600496222 2270720606500808 2270720600185016 2270720600764938 2270720606831544 2270720612869660
2270720606511812 2270720607107582 2270720613213234 2270720619245666 2270720612880524 2270720613489188 2270720619759760 2270720625715892
2270720619256866 2270720619485976 2270720626102278 2270720632110784 2270720625729766 2270720625944708 2270720632439350 2270720638431910
2270720632124084 2270720632713498 2270720638854500 2270720644836504 2270720638443334 2270720638635316 2270720645259794 2270720651228092
2270720644851428 2270720645032574 2270720651614618 2270720657612106 2270720651242050 2270720651450916 2270720657942156 2270720663966076
2270720657626190 2270720658215702 2270720664419788 2270720670383508 2270720663977472 2270720664171204 2270720670512658 2270720676499268

2270720506283012 2270720506473538 2270720513161044 2270720519121992 2270720506691882 2270720506867470 2270720519435704 2270720525423742
2270720519136706 2270720519650940 2270720525907974 2270720531912420 2270720525435614 2270720525690134 2270720532319456 2270720538311610
2270720531927344 2270720532116610 2270720538584750 2270720544579578 2270720538325778 2270720538919112 2270720544964074 2270720550984620
2270720544590246 2270720544767444 2270720551397662 2270720557372638 2270720550998522 2270720551178660 2270720557833784 2270720563815760
2270720557386414 2270720557629370 2270720564287574 2270720570268822 2270720563829536 2270720564023842 2270720570682550 2270720576688620
2270720570283382 2270720570946604 2270720577080228 2270720583091646 2270720576699960 2270720576890430 2270720583493110 2270720589465818
2270720583104414 2270720583283040 2270720589853212 2270720595871798 2270720589480378 2270720589694928 2270720596212600 2270720602205720
2270720595884916 2270720596483724 2270720602636458 2270720608601326 2270720602216864 2270720602409210 2270720608928618 2270720614936270
2270720608616600 2270720609202122 2270720615340282 2270720621317708 2270720614947176 2270720615155188 2270720621480430 2270720627458780

2270726664847200 2270726665116196 2270726673334210 2270726679278078 2270726665371122 2270726667686876 2270726679618068 2270726685622808
2270726679290342 2270726679511892 2270726686063500 2270726692028942 2270726685637410 2270726685822854 2270726692406200 2270726698414244
2270726692044496 2270726692245830 2270726698794204 2270726704805286 2270726698428048 2270726699095022 2270726705264318 2270726711232952
2270726704816962 2270726705004044 2270726711577170 2270726717602014 2270726711248044 2270726711857198 2270726718088066 2270726724058604
2270726717613648 2270726717865830 2270726724394562 2270726730419546 2270726724074032 2270726724733600 2270726730825224 2270726736814466
2270726730429486 2270726730627838 2270726737146126 2270726743205774 2270726736828956 2270726737435506 2270726743631094 2270726749628106
2270726743217562 2270726743404756 2270726749920076 2270726755901478 2270726749642792 2270726750182366 2270726756308542 2270726762296972
2270726755913336 2270726756091556 2270726762732554 2270726768736174 2270726762312428 2270726762521728 2270726769047884 2270726775084656
2270726768751224 2270726769390842 2270726775503536 2270726781480010 2270726775095464 2270726775288426 2270726781608138 2270726787600390

2270837662526496 2270837662764440 2270837663440598 2270837669620856 2270837663017504 2270837663199140 2270837669973600 2270837675933400
2270837669635612 2270837669819306 2270837676344944 2270837682351686 2270837675948912 2270837676143078 2270837682785014 2270837688741188
2270837682366820 2270837682552586 2270837689228402 2270837695205310 2270837688755986 2270837688945140 2270837695561358 2270837701538588
2270837695219632 2270837695410214 2270837701930182 2270837707919424 2270837701553008 2270837701776672 2270837708299594 2270837714279330
2270837707933914 2270837708123740 2270837714737172 2270837720720548 2270837714307344 2270837714473804 2270837721258526 2270837727225242
2270837720735920 2270837720936246 2270837727583488 2270837733610740 2270837727240306 2270837727865084 2270837734072600 2270837740026366
2270837733621870 2270837733809120 2270837740329536 2270837746338588 2270837740041304 2270837740619658 2270837746714586 2270837752694588
2270837746349774 2270837747054660 2270837753097704 2270837759096942 2270837752706628 2270837752911490 2270837759501290 2270837765481992
2270837759109850 2270837759294846 2270837765847840 2270837771817776 2270837765495558 2270837765695940 2270837771892130 2270837777797750

2270721852037072 2270721852230146 2270721856956406 2270721862848488 2270721852468734 2270721853240414 2270721863080664 2270721869125290
2270721862881388 2270721863473434 2270721871005532 2270721876951248 2270721869138030 2270721869327226 2270721877303978 2270721883285352
2270721876963694 2270721877144224 2270721883876404 2270721889838556 2270721883298694 2270721883552514 2270721890145646 2270721896159990
2270721889852164 2270721890428544 2270721896594032 2270721902579536 2270721896171932 2270721896360694 2270721902980244 2270721908976192
2270721902593340 2270721902780478 2270721909371916 2270721915369698 2270721908989170 2270721909654422 2270721915823928 2270721921807864
2270721915380142 2270721915568400 2270721922225568 2270721928214194 2270721921821444 2270721922016926 2270721928617030 2270721934574982
2270721928227368 2270721928434890 2270721934971644 2270721940964848 2270721934588030 2270721934786858 2270721941364604 2270721947320484
2270721940978498 2270721941194700 2270721947712092 2270721953734836 2270721947333378 2270721947533774 2270721954137980 2270721960097724
2270721953747226 2270721953925390 2270721960405668 2270721966435860 2270721960110884 2270721960750208 2270721966567404 2270721972559320

2270719169666472 2270719169858790 2270719173136876 2270719179078476 2270719170098526 2270719170266862 2270719179419166 2270719185418166
2270719179092980 2270719179700944 2270719186855490 2270719192879676 2270719185429870 2270719185635110 2270719193221808 2270719199204736
2270719192893186 2270719193078994 2270719200951698 2270719206921690 2270719199219562 2270719199415562 2270719207266482 2270719213234150
2270719206934570 2270719207112272 2270719213808486 2270719219791204 2270719213249172 2270719213444136 2270719220125762 2270719226102390
2270719219804840 2270719219998474 2270719226554688 2270719232575542 2270719226116390 2270719226837558 2270719232998902 2270719238996292
2270719232587092 2270719232777044 2270719239409964 2270719245396798 2270719239009536 2270719239199040 2270719245718224 2270719251769822
2270719245411064 2270719246043430 2270719252107334 2270719258109764 2270719251780616 2270719252387348 2270719258553074 2270719264496830
2270719258120978 2270719258311224 2270719264876286 2270719270891092 2270719264511362 2270719264722594 2270719271383304 2270719277380932
2270719270905806 2270719271165772 2270719277761690 2270719283808178 2270719277396906 2270719277609300 2270719283939960 2270719289854764

2270719849819260 2270719850051884 2270719850592998 2270719856647046 2270719850310436 2270719851013516 2270719856966904 2270719862956258
2270719856658918 2270719857241038 2270719865713558 2270719871662886 2270719862969334 2270719863170892 2270719871969668 2270719877913788
2270719871678356 2270719872245216 2270719878545804 2270719884572454 2270719877925184 2270719878120330 2270719884919780 2270719890882534
2270719884586216 2270719884772318 2270719891292244 2270719897326132 2270719890897500 2270719891119778 2270719897675866 2270719903664394
2270719897339054 2270719897541704 2270719904195456 2270719910171538 2270719903677722 2270719903874450 2270719910496478 2270719916499916
2270719910185426 2270719910768470 2270719916886764 2270719922899974 2270719916511326 2270719917158742 2270719923224606 2270719929251508
2270719922910964 2270719923493840 2270719929661190 2270719935638686 2270719929262470 2270719929463860 2270719935918518 2270719941944636
2270719935653246 2270719936254014 2270719942360716 2270719948341488 2270719941956340 2270719942159900 2270719948723926 2270719954689424
2270719948356104 2270719948567896 2270719955211680 2270719961201356 2270719954703662 2270719954943790 2270719961305782 2270719967193398

2270724446550476 2270724446740386 2270724453133038 2270724459089198 2270724447058074 2270724448140274 2270724459289538 2270724465219182
2270724459103324 2270724459454444 2270724465661008 2270724471649270 2270724465230802 2270724465456664 2270724471977038 2270724478045576
2270724471664320 2270724472266992 2270724478485498 2270724484467908 2270724478057658 2270724478245076 2270724484873390 2270724490850970
2270724484481516 2270724484712012 2270724491324450 2270724497351912 2270724490864452 2270724491060816 2270724497574232 2270724503540654
2270724497365170 2270724497795782 2270724503950896 2270724509954796 2270724503551728 2270724503747658 2270724510260276 2270724516265744
2270724509967172 2270724510541872 2270724516708116 2270724522707704 2270724516276678 2270724516471418 2270724523065614 2270724529041682
2270724522721088 2270724522904488 2270724529495282 2270724535473730 2270724529055598 2270724529256344 2270724535704198 2270724541745212
2270724535487128 2270724536046764 2270724542187822 2270724548187704 2270724541756650 2270724541979740 2270724548438724 2270724554409682
2270724548201326 2270724548654324 2270724554795718 2270724560775650 2270724554420910 2270724554655410 2270724560923014 2270724566984678
