16 9010
2271432215542154 2271432229036936 2271432251570006 2271432913236998 2271432229068646 2271432241433950 2271432918036506 2271433567541978
2271432913504482 2271432931930036 2271433583710116 2271434232449102 2271433567769044 2271433578370026 2271434239865462 2271434892144250
2271434232678198 2271434255659408 2271434897245752 2271435549681242 2271434892305026 2271434911859246 2271435554583062 2271436204605960
2271435549908868 2271435567921590 2271436209866614 2271436862685508 2271436204832340 2271436223388388 2271436867435274 2271437520667938
2271436862990008 2271436880879586 2271437525753312 2271438177876112 2271437520890874 2271437538964916 2271438182890198 2271438825472124
2271438178103822 2271438195873448 2271438830376030 2271439473662184 2271438825696446 2271438843961000 2271439478810418 2271440116772708
2271439473884056 2271439489788420 2271440121779850 2271440783768856 2271440116996666 2271440132541342 2271440788718304 2271441441186750
2271440783993052 2271440802045856 2271441446332786 2271442104454712 2271441441414908 2271441460196692 2271442475158234 2271443126176112
2271442104680336 2271442113798760 2271443130933382 2271443784129408 2271443126398908 2271443147084552 2271443789192550 2271444440503896

2271431844654098 2271431855574980 2271431885915262 2271432549229886 2271431855602196 2271431870728790 2271432553758774 2271433204248208
2271432549534862 2271432568990718 2271433221721286 2271433903949490 2271433204485018 2271433217043382 2271433913643454 2271434610125758
2271433904191998 2271433930255224 2271434615299612 2271435311191858 2271434610303572 2271434632557776 2271435316168872 2271435997866056
2271435311366522 2271435332893440 2271436003043158 2271436697304908 2271435997963720 2271436019795054 2271436702553158 2271437392719166
2271436697483282 2271436719163150 2271437410166106 2271438098808074 2271437392833392 2271437407694868 2271438106236292 2271438792349020
2271438098980946 2271438125010334 2271438797772438 2271439491360802 2271438792523712 2271438814829856 2271439496694298 2271440185645848
2271439491534738 2271439513898856 2271440191238666 2271440887048956 2271440185801108 2271440208338700 2271440892541324 2271441585032228
2271440887214674 2271440909048878 2271441590467966 2271442276608260 2271441585196042 2271441607996498 2271442293590960 2271442988925460
2271442276719560 2271442291525148 2271442996928350 2271443686222564 2271442989101622 2271443015395344 2271443691735162 2271444375874198

2271437341152378 2271437353726562 2271437375758796 2271438031402512 2271437353758888 2271437368318608 2271438035790336 2271438677959556
2271438031664522 2271438050501074 2271438682964374 2271439331525532 2271438678185978 2271438696290204 2271439336205620 2271439982865382
2271439331613774 2271439350248628 2271439987675026 2271440638139554 2271439983091258 2271440001792444 2271440643090388 2271441292605100
2271440638363232 2271440657483452 2271441297664910 2271441935751226 2271441292828960 2271441312219478 2271441949808570 2271442590097072
2271441935971544 2271441947563180 2271442597597082 2271443227309606 2271442590326322 2271442613450696 2271443232345742 2271443887539260
2271443227534782 2271443245464988 2271443892572162 2271444543325300 2271443887760348 2271443906745566 2271444548509990 2271445204835548
2271444543546626 2271444562739926 2271445209989046 2271445865249288 2271445205058610 2271445224091120 2271445870277514 2271446511907216
2271445865538444 2271445884439858 2271446517123462 2271447169766754 2271446512208776 2271446531388272 2271447493663796 2271448130843598
2271447169986190 2271447179167586 2271448135158650 2271448783623138 2271448131068018 2271448150435086 2271448788562632 2271449429404652

2271533595222724 2271533605614742 2271533636152410 2271534302612974 2271533605643974 2271533618120522 2271534308475782 2271534970804246
2271534302877364 2271534324685052 2271534976092158 2271535657159916 2271534970979022 2271534992240276 2271535662608156 2271536349733924
2271535657336960 2271535679541688 2271536354854578 2271537044931266 2271536349844048 2271536371399274 2271537050052158 2271537742744130
2271537045059996 2271537067086042 2271537748073426 2271538437885640 2271537742852518 2271537764944658 2271538455032756 2271539147155334
2271538437964320 2271538452761844 2271539153584568 2271539834621512 2271539147257968 2271539171786710 2271539840066924 2271540515688528
2271539834786026 2271539857521914 2271540520980682 2271541206234090 2271540515863514 2271540538293404 2271541211630432 2271541901555248
2271541206404428 2271541228624962 2271541906736214 2271542589207514 2271541901723864 2271541924419432 2271542594744430 2271543290232454
2271542589375262 2271542611835658 2271543295717290 2271543987920312 2271543290400510 2271543312550806 2271543993156942 2271544678628022
2271543988091042 2271544009348488 2271544684035928 2271545369141734 2271544678804240 2271544700460350 2271545374616770 2271546064931360

2271433818473750 2271433833373950 2271433855217128 2271434515017402 2271433833401824 2271433850006874 2271434522600460 2271435177179210
2271434515368452 2271434538713872 2271435182525278 2271435840236976 2271435177430132 2271435199537168 2271435845681702 2271436499988768
2271435840473604 2271435860875244 2271436504490482 2271437149554426 2271436500224122 2271436521262496 2271437154521528 2271437800082696
2271437149824234 2271437169103830 2271437805446712 2271438460755296 2271437800319618 2271437819691894 2271438465929584 2271439117092964
2271438460988690 2271438481154528 2271439122516494 2271439771453622 2271439117325868 2271439137944088 2271439776877894 2271440433894086
2271439771682802 2271439792461406 2271440439135336 2271441089611302 2271440434122020 2271440455528762 2271441095212324 2271441750417112
2271441089923334 2271441111962596 2271441755743090 2271442405652504 2271441750649498 2271441772015136 2271442410899606 2271443054566756
2271442405880298 2271442427261392 2271443059835446 2271443707937782 2271443054798666 2271443076358260 2271443713472388 2271444349285174
2271443708168544 2271443729671368 2271444354777010 2271444984979338 2271444349523258 2271444369125344 2271444990210242 2271445619459506

2271435850902246 2271435864369238 2271435887228914 2271436538445816 2271435864396916 2271435879257244 2271436542064256 2271437183767836
2271436538702786 2271436555309320 2271437188913718 2271437837167002 2271437183997226 2271437199583440 2271437842337762 2271438492857688
2271437837475450 2271437847873600 2271438497927298 2271439131871126 2271438493086700 2271438512365008 2271439136981154 2271439774947952
2271439132097128 2271439147677672 2271439787834392 2271440430862148 2271439775173996 2271439785726762 2271440438635410 2271441088059416
2271440431098916 2271440453796850 2271441094037066 2271441727893254 2271441088289184 2271441108055238 2271441733710128 2271442380891866
2271441728120026 2271441747477658 2271442386344446 2271443025821326 2271442381141024 2271442400191174 2271443038671856 2271443675648882
2271443025996676 2271443038261138 2271443687541350 2271444333168024 2271443675822790 2271443685391818 2271444341308996 2271444992160778
2271444333396518 2271444356726538 2271444998331544 2271445644628776 2271444992392170 2271445012268418 2271446006922526 2271446666635300
2271445644853840 2271445657032552 2271446677438134 2271447306639084 2271446666863682 2271446676689442 2271447312793470 2271447972579730

2271429961503976 2271429974656038 2271429993830956 2271430645757028 2271429974687090 2271429985331626 2271430652316098 2271431297090158
2271430646029748 2271430666540574 2271431302272594 2271431945998768 2271431297328354 2271431315490568 2271431951081594 2271432594917122
2271431946234668 2271431964358060 2271432600078614 2271433240051220 2271432595225038 2271432613346302 2271433245082680 2271433882399962
2271433240283004 2271433258134236 2271433887430008 2271434525356290 2271433882639978 2271433900335740 2271434530326262 2271435165748014
2271434525588942 2271434540908260 2271435170859330 2271435812205168 2271435165983368 2271435181275792 2271435817141890 2271436450318098
2271435812438800 2271435827566416 2271436455288756 2271437093983988 2271436450472084 2271436466154548 2271437099002974 2271437737242184
2271437094219034 2271437109697700 2271437742116340 2271438390215204 2271437737474332 2271437752705156 2271438395093532 2271439046342158
2271438390447786 2271438405530252 2271439058676018 2271439723790524 2271439046515884 2271439059326290 2271439730512638 2271440384939726
2271439723966518 2271439740841208 2271440389941814 2271441022017076 2271440385173988 2271440400704678 2271441027087008 2271441674804498

2271429884049298 2271429896606346 2271429920726820 2271430580063540 2271429896633618 2271429912565142 2271430585705610 2271431236555488
2271430580334034 2271430599992820 2271431251004678 2271431899790760 2271431236789988 2271431248522338 2271431907072874 2271432557394630
2271431900021494 2271431922617060 2271432572785572 2271433212364148 2271432557628892 2271432570379504 2271433219819190 2271433866545662
2271433212590570 2271433235824676 2271433871119112 2271434502218084 2271433866782724 2271433886726438 2271434517767632 2271435167269912
2271434502453004 2271434515567476 2271435174863106 2271435827467016 2271435167580138 2271435190664934 2271435832716414 2271436476484672
2271435827702356 2271435846506316 2271436481759648 2271437125794620 2271436476717674 2271436495932786 2271437130888786 2271437784050092
2271437126025788 2271437145197626 2271437789144188 2271438440144692 2271437784279916 2271437802986310 2271438445316446 2271439082638782
2271438440365878 2271438459146710 2271439097442886 2271439729794410 2271439082868368 2271439095340828 2271439737271012 2271440376647834
2271439730031108 2271439752486814 2271440389207304 2271441027992374 2271440376882894 2271440390446808 2271441060982380 2271441702206964

2271427118472568 2271427132809884 2271427154912594 2271427817369984 2271427132838724 2271427147963470 2271427823141722 2271428476430344
2271427817646904 2271427839644432 2271428481505512 2271429129768974 2271428476665054 2271428496732094 2271429134893268 2271429785748522
2271429130002914 2271429150051096 2271429790980420 2271430444692850 2271429785982224 2271429806208542 2271430449832978 2271431099782488
2271430444926328 2271430464832228 2271431104898116 2271431750319816 2271431100017128 2271431120598878 2271431755418896 2271432403772644
2271431750548870 2271431769523518 2271432409059268 2271433053218490 2271432404000662 2271432423659560 2271433058348482 2271433709265504
2271433053446382 2271433072636602 2271433714554284 2271434349034326 2271433709500956 2271433728612104 2271434354178822 2271434999837332
2271434349263408 2271434368483504 2271435005095690 2271435649500626 2271435000072910 2271435019269290 2271435654722122 2271436295511656
2271435649731612 2271435668760916 2271436300685370 2271436941138204 2271436295740948 2271436314809718 2271436946514358 2271437589930628
2271436941369190 2271436960340618 2271437594978048 2271438234907618 2271437590159990 2271437609170184 2271438239977130 2271438878394294

2271427070569314 2271427083971906 2271427103047522 2271427754099490 2271427084001222 2271427101273610 2271427760653688 2271428409144174
2271427754292424 2271427774880712 2271428414156860 2271429060993750 2271428409368286 2271428428475892 2271429066261110 2271429718826366
2271429061220368 2271429079750390 2271429723658130 2271430371941654 2271429719058178 2271429738988564 2271430376958932 2271431024106524
2271430372166620 2271430391060894 2271431029697396 2271431676619826 2271431024329502 2271431044831410 2271431682265004 2271432330116824
2271431676841292 2271431697316936 2271432335790534 2271432980760160 2271432330335798 2271432351426042 2271432986315514 2271433623324278
2271432980983138 2271433001805674 2271433628724470 2271434267598132 2271433623488302 2271433644690294 2271434284165410 2271434923685228
2271434267816924 2271434280523296 2271434931499272 2271435568173338 2271434923905322 2271434949275884 2271435573912848 2271436228036948
2271435568394398 2271435590123812 2271436233686438 2271436884952340 2271436228267108 2271436249592454 2271436890526370 2271437536019890
2271436885131204 2271436906528874 2271437541671130 2271438192296504 2271437536243372 2271437555499168 2271438197796572 2271438841080304

2271433223076892 2271433237518004 2271433262849002 2271433922181200 2271433237545738 2271433252669882 2271433928759394 2271434581634064
2271433922444666 2271433945190410 2271434586891904 2271435229785652 2271434581863580 2271434601951186 2271435234546772 2271435857276950
2271435230016078 2271435249301092 2271435862069864 2271436511202670 2271435857538456 2271435873088270 2271436516134282 2271437170099594
2271436511419194 2271436529481560 2271437175292334 2271437828815288 2271437170390402 2271437189585270 2271437834029252 2271438470046606
2271437829035158 2271437848360030 2271438475445188 2271439119299994 2271438470268800 2271438489507922 2271439124519348 2271439765971040
2271439119521936 2271439138855936 2271439771122060 2271440419342458 2271439766195334 2271439785395690 2271440424434790 2271441071114068
2271440419563910 2271440439836666 2271441076414496 2271441722273962 2271441071335422 2271441090752708 2271441727307648 2271442367535362
2271441722496702 2271441742228554 2271442372728592 2271443023761884 2271442367757892 2271442387272646 2271443029012108 2271443680242898
2271443023988586 2271443043149350 2271443685615132 2271444352498412 2271443680465078 2271443700886808 2271444357585214 2271445020328470

2271544220773352 2271544234786680 2271544257276910 2271544918578712 2271544234815100 2271544250493084 2271544924758186 2271545575042884
2271544918850816 2271544942245026 2271545580238326 2271546212201924 2271545575269362 2271545595353902 2271546217201926 2271546853131808
2271546212435206 2271546228536410 2271546858525490 2271547496818530 2271546853360834 2271546872357616 2271547501937210 2271548127290498
2271547497054066 2271547512809708 2271548132388654 2271548788165090 2271548127517368 2271548143781196 2271548793158890 2271549443502948
2271548788264364 2271548804023786 2271549448676872 2271550096330536 2271549443675848 2271549459761064 2271550101441194 2271550753820572
2271550096434332 2271550112111210 2271550759254182 2271551402195040 2271550754046504 2271550770466936 2271551407412882 2271552063420458
2271551402421602 2271551418129742 2271552068550044 2271552706726352 2271552063652844 2271552079834940 2271552711910454 2271553371700214
2271552706950604 2271552722813780 2271553385753582 2271554011161876 2271553371880520 2271553383625400 2271554018827338 2271554662851530
2271554011391322 2271554029630774 2271554668002396 2271555301537886 2271554663113792 2271554679029482 2271555306769490 2271555940717168

2271428412931692 2271428426087940 2271428450475044 2271429112409744 2271428426117326 2271428441691304 2271429116710446 2271429768166370
2271429112690108 2271429131059760 2271429773283902 2271430423221204 2271429768392414 2271429789316142 2271430428283436 2271431081409784
2271430423443384 2271430441855932 2271431099052556 2271431749046530 2271431081640126 2271431094630040 2271431756495328 2271432417566368
2271431749275360 2271431774933692 2271432435532078 2271433092465712 2271432417864876 2271432432850616 2271433099684490 2271433735520782
2271433092696838 2271433117630810 2271433740828658 2271434383677312 2271433735761078 2271433757734470 2271434389084224 2271435026906682
2271434383914458 2271434405632462 2271435032388186 2271435679752736 2271435027130486 2271435049315586 2271435684950698 2271436330751910
2271435679985486 2271435701677618 2271436335703584 2271436981677444 2271436330991100 2271436352106782 2271436986487326 2271437617287762
2271436981902676 2271437002906134 2271437633846584 2271438273698566 2271437617515444 2271437630415254 2271438281104538 2271438900517038
2271438273924386 2271438297788184 2271438916094180 2271439550474458 2271438900754702 2271438913780330 2271439558084886 2271440195585820

2271425732532600 2271425746224320 2271425768288642 2271426421544280 2271425746257976 2271425761451042 2271426427891768 2271427078006982
2271426421821172 2271426443868988 2271427094401458 2271427734946972 2271427078198152 2271427089874978 2271427743148074 2271428386466498
2271427735189760 2271427759366262 2271428401796974 2271429048681226 2271428386619714 2271428399166570 2271429061396558 2271429704371156
2271429048973546 2271429056257634 2271429709435166 2271430359261784 2271429704606146 2271429725134962 2271430364737198 2271430988054424
2271430359494758 2271430379593004 2271430993632318 2271431630288184 2271430988296890 2271431007697264 2271431636015892 2271432278236128
2271431630521970 2271431646608110 2271432283485092 2271432920134644 2271432278471846 2271432297812286 2271432925615000 2271433565356494
2271432920372056 2271432940404432 2271433570986496 2271434202196866 2271433565593304 2271433584909636 2271434216103976 2271434850038564
2271434202508548 2271434212712294 2271434860555938 2271435475462720 2271434850276606 2271434859526168 2271435886262872 2271436522225136
2271435475698732 2271435485482338 2271436534303734 2271437153107332 2271436522545736 2271436531941556 2271437158373362 2271437797969620

2271426404693488 2271426417129408 2271426440694110 2271427094333698 2271426417156120 2271426433403330 2271427100292994 2271427751758746
2271427094599054 2271427110947582 2271427756410512 2271428404881888 2271427752069504 2271427769638706 2271428409698182 2271429051042116
2271428405116682 2271428423917100 2271429056034964 2271429705860028 2271429051272990 2271429070281028 2271429711036808 2271430358502172
2271429706165844 2271429725734022 2271430363447056 2271431016658706 2271430358662766 2271430377574820 2271431021708856 2271431665952274
2271431016837962 2271431036655802 2271431671017152 2271432310214620 2271431666116102 2271431686411440 2271432315403286 2271432944573100
2271432310447160 2271432330170990 2271432949762578 2271433582743514 2271432944806214 2271432962962996 2271433587974278 2271434236731114
2271433582971868 2271433598932050 2271434242120218 2271434879893564 2271434236961442 2271434252758188 2271434885031704 2271435530317604
2271434880121386 2271434898569998 2271435535415102 2271436176658600 2271435530620032 2271435549454064 2271436182209782 2271436833028552
2271436176891280 2271436195725508 2271436838600090 2271437479078096 2271436833261680 2271436849339574 2271437484373652 2271438124562656

2271431008687932 2271431021064982 2271431044224832 2271431700347054 2271431021096650 2271431037858108 2271431707035694 2271432352492170
2271431700610786 2271431721766928 2271432358043436 2271433011074598 2271432352729022 2271432369122546 2271433016551314 2271433664410288
2271433011375402 2271433031349524 2271433669979096 2271434311589044 2271433664635380 2271433684886618 2271434317126128 2271434958516388
2271434311815340 2271434331541242 2271434963916860 2271435608438976 2271434958740766 2271434977470568 2271435614272762 2271436260921198
2271435608664264 2271435628405230 2271436266628004 2271436916776650 2271436261152030 2271436280392734 2271436922378386 2271437569159962
2271436917000202 2271436937029862 2271437574673316 2271438214525018 2271437569382870 2271437589809444 2271438220290022 2271438866881590
2271438214795834 2271438234991436 2271438872583622 2271439511334224 2271438867102846 2271438888635700 2271439517088098 2271440169329940
2271439511556530 2271439531822748 2271440174918572 2271440814378246 2271440169553702 2271440189910976 2271440820197626 2271441473784630
2271440814604178 2271440834832148 2271441479503490 2271442121463480 2271441474006950 2271441494458010 2271442148353686 2271442801023214
