16 118
2270751305179056 2270751306636190 2270751311714480 2270751317623236 2270751306636386 2270751307739418 2270751317636242 2270751323576708
2270751311721648 2270751312531674 2270751323589322 2270751329550494 2270751317636312 2270751318696798 2270751329562478 2270751335475574
2270751323588286 2270751324559354 2270751335486340 2270751341392422 2270751329562100 2270751330452318 2270751341405526 2270751347344676
2270751335485542 2270751336423276 2270751347355428 2270751353265738 2270751341404686 2270751342408178 2270751353278492 2270751359178162
2270751347354532 2270751348242678 2270751359188788 2270751365098678 2270751353277890 2270751354392794 2270751365111978 2270751371034944
2270751359187962 2270751360158834 2270751371044618 2270751376974024 2270751365111054 2270751366173150 2270751376985476 2270751382880876
2270751371043554 2270751371898268 2270751382890774 2270751388802848 2270751376984580 2270751377953534 2270751388815028 2270751394729748
2270751382890228 2270751383862738 2270751394773568 2270751400664488 2270751388813894 2270751389890228 2270751400676780 2270751406581210
2270751394751980 2270751395652320 2270751406591290 2270751412514830 2270751400675590 2270751401593976 2270751412526800 2270751418437908

2270750933153150 2270750934711854 2270750950567260 2270750956478970 2270750934712036 2270750935848220 2270750956493432 2270750962410126
2270750950575114 2270750951418824 2270750962423748 2270750968373412 2270750956493068 2270750957529390 2270750968386208 2270750974326394
2270750962423230 2270750963427114 2270750974339526 2270750980237138 2270750968385116 2270750969284266 2270750980247806 2270750986138460
2270750974338504 2270750975299520 2270750986148610 2270750992062994 2270750980246854 2270750981199386 2270750992077344 2270750997997636
2270750986147602 2270750987159718 2270750998007772 2270751003908884 2270750992076630 2270750993233996 2270751003920462 2270751009832186
2270750998006582 2270750998898830 2270751009844366 2270751015740956 2270751003919706 2270751004826402 2270751015750854 2270751021696262
2270751009842770 2270751010832766 2270751021707112 2270751027596968 2270751015750378 2270751016690240 2270751027609862 2270751033518324
2270751021705782 2270751022642480 2270751033528782 2270751039425638 2270751027609092 2270751028633682 2270751039436600 2270751045372264
2270751033527830 2270751034467034 2270751045384766 2270751051291184 2270751039435872 2270751040363106 2270751051304036 2270751057190504

2270756426703982 2270756428095834 2270756431159706 2270756437071234 2270756428096044 2270756429235224 2270756437084688 2270756443002544
2270756431165852 2270756432023212 2270756443015270 2270756448948988 2270756437083876 2270756438287050 2270756448959852 2270756454907122
2270756443014150 2270756443977322 2270756454918560 2270756460862764 2270756448959222 2270756449845114 2270756460877758 2270756466777876
2270756454917650 2270756455824780 2270756466788404 2270756472730900 2270756460876820 2270756461836114 2270756472743010 2270756478644710
2270756466787844 2270756467697606 2270756478655504 2270756484569636 2270756472742016 2270756473627824 2270756484581130 2270756490482802
2270756478654454 2270756479543524 2270756490496200 2270756496410080 2270756484580150 2270756485475464 2270756496420552 2270756502328482
2270756490495024 2270756491387244 2270756502339500 2270756508237210 2270756496419824 2270756497263842 2270756508250790 2270756514153764
2270756502338422 2270756503159872 2270756514164782 2270756520100894 2270756508249908 2270756509171906 2270756520112486 2270756526021620
2270756514164390 2270756515070106 2270756526034150 2270756531951824 2270756520112066 2270756520940908 2270756531965236 2270756537861476

2270852691048340 2270852692320114 2270852701149186 2270852707052230 2270852692320394 2270852693452504 2270852707066286 2270852712951256
2270852701153792 2270852701997236 2270852712962918 2270852718839292 2270852707065334 2270852708162136 2270852718854174 2270852724740614
2270852712962246 2270852713831926 2270852724751590 2270852730663748 2270852718853936 2270852719876958 2270852730677720 2270852736560730
2270852724750876 2270852725713488 2270852736571706 2270852742463312 2270852730677650 2270852731662298 2270852742477088 2270852748354988
2270852736571188 2270852737417866 2270852748366076 2270852754258228 2270852742476584 2270852743468876 2270852754272452 2270852760216852
2270852748365418 2270852749291588 2270852760226834 2270852766128912 2270852754272256 2270852755316782 2270852766141582 2270852772018600
2270852760225994 2270852761072378 2270852772029520 2270852777925144 2270852766141428 2270852767150562 2270852777937576 2270852783847298
2270852772028428 2270852772964440 2270852783857434 2270852789728908 2270852777936484 2270852778944498 2270852789742264 2270852795623524
2270852783856216 2270852784715200 2270852795633030 2270852801541128 2270852789741200 2270852790738546 2270852801553756 2270852807446468

2270752909506760 2270752911272328 2270752919791230 2270752925743288 2270752911272510 2270752912401918 2270752925758828 2270752931648152
2270752919799266 2270752920694804 2270752931661424 2270752937545694 2270752925758184 2270752926958586 2270752937558994 2270752943460106
2270752931660346 2270752932544068 2270752943472118 2270752949359510 2270752937558336 2270752938547380 2270752949370192 2270752955246720
2270752943471208 2270752944445832 2270752955257556 2270752961134532 2270752949369772 2270752950288690 2270752961146950 2270752967020846
2270752955256436 2270752956150098 2270752967030688 2270752972915476 2270752961145816 2270752962138024 2270752972926368 2270752978816896
2270752967029834 2270752968034460 2270752978827074 2270752984714102 2270752972925878 2270752973932394 2270752984723034 2270752990595348
2270752978826570 2270752979726854 2270752990605330 2270752996503390 2270752984722180 2270752985635694 2270752996514058 2270753002395136
2270752990605092 2270752991603068 2270753002428652 2270753008298236 2270752996513288 2270752997503690 2270753008309800 2270753014192656
2270753002427826 2270753003355200 2270753014203856 2270753020083044 2270753008308918 2270753009227402 2270753020096666 2270753025965004

2270754944200330 2270754945988998 2270754948856800 2270754954759494 2270754945989194 2270754947146616 2270754954773676 2270754960700310
2270754948859418 2270754949930894 2270754960711524 2270754966590810 2270754954773508 2270754955674156 2270754966603592 2270754972495002
2270754960710502 2270754961536852 2270754972506230 2270754978418234 2270754966602808 2270754967947550 2270754978430358 2270754984308930
2270754972505236 2270754973412786 2270754984319444 2270754990238140 2270754978429868 2270754979451014 2270754990250586 2270754996154316
2270754984318142 2270754985278822 2270754996165488 2270755002073222 2270754990249802 2270754991170904 2270755002084114 2270755007979542
2270754996164424 2270754997099134 2270755007990434 2270755013899638 2270755002083260 2270755003431852 2270755013911818 2270755019805902
2270755007989846 2270755008923240 2270755019816332 2270755025697606 2270755013910698 2270755014898986 2270755025709926 2270755031604822
2270755019815618 2270755020818676 2270755031616218 2270755037516098 2270755025709002 2270755026736350 2270755037528614 2270755043420696
2270755031615392 2270755032659414 2270755043431392 2270755049332056 2270755037527718 2270755038495986 2270755049345930 2270755055211160

2270749039446314 2270749040628278 2270749055003114 2270749060896596 2270749040628362 2270749041769880 2270749060909798 2270749066789686
2270749055011514 2270749055898302 2270749066801250 2270749072686276 2270749060909084 2270749061769860 2270749072696720 2270749078586996
2270749066800214 2270749067630134 2270749078599540 2270749084519230 2270749072695460 2270749073588464 2270749084529590 2270749090439550
2270749078598798 2270749079624284 2270749090451156 2270749096331912 2270749084528610 2270749085397968 2270749096344526 2270749102235264
2270749090450302 2270749091309986 2270749102246156 2270749108128620 2270749096343826 2270749097369732 2270749108140282 2270749114044810
2270749102245162 2270749103191394 2270749114054876 2270749119931040 2270749108139736 2270749109091918 2270749119942436 2270749125819636
2270749114053966 2270749114931248 2270749125828442 2270749131723968 2270749119942338 2270749120969588 2270749131736036 2270749137629098
2270749125827462 2270749126787008 2270749137638548 2270749143535964 2270749131734944 2270749132777706 2270749143547822 2270749149460666
2270749137637456 2270749138494522 2270749149470382 2270749155360630 2270749143546646 2270749144440560 2270749155373384 2270749161234092

2270748978828610 2270748979959978 2270748983017228 2270748988940950 2270748979960188 2270748981053630 2270748988955146 2270748994866618
2270748983023766 2270748983846140 2270748994879400 2270749000804312 2270748988954376 2270748989963664 2270749000817528 2270749006800414
2270748994878602 2270748995775540 2270749006814078 2270749012744576 2270749000817122 2270749001838716 2270749012759136 2270749018657462
2270749006812930 2270749007683982 2270749018669740 2270749024589696 2270749012758478 2270749013755586 2270749024602632 2270749030531184
2270749018668998 2270749019619976 2270749030540396 2270749036461766 2270749024601848 2270749025644750 2270749036474604 2270749042380476
2270749030539822 2270749031406548 2270749042390472 2270749048309000 2270749036472966 2270749037511780 2270749048321894 2270749054266406
2270749042388834 2270749043323824 2270749054277802 2270749060178634 2270749048320354 2270749049307746 2270749060191822 2270749066112086
2270749054276752 2270749055120826 2270749066122054 2270749072050438 2270749060190408 2270749061167286 2270749072063668 2270749077996910
2270749066120920 2270749067028764 2270749078007606 2270749083926596 2270749072062156 2270749073058256 2270749083938426 2270749089812784

2270746212841792 2270746214180374 2270746216929960 2270746222828118 2270746214180458 2270746215274964 2270746222842594 2270746228746058
2270746216937436 2270746217717810 2270746228759526 2270746234655318 2270746222842440 2270746224087810 2270746234668394 2270746240566384
2270746228759078 2270746229662386 2270746240577024 2270746246473166 2270746234668142 2270746235881158 2270746246485682 2270746252362448
2270746240576982 2270746241386980 2270746252372276 2270746258254670 2270746246485010 2270746247574266 2270746258265842 2270746264177286
2270746252371310 2270746253565902 2270746264187128 2270746270057832 2270746258265366 2270746259266590 2270746270066792 2270746275950194
2270746264186400 2270746265181352 2270746275961352 2270746281834534 2270746270066134 2270746270942842 2270746281845720 2270746287745586
2270746275960946 2270746277021152 2270746287755876 2270746293646768 2270746281845790 2270746282791784 2270746293656330 2270746299546228
2270746287755344 2270746288776042 2270746299557750 2270746305428944 2270746293655826 2270746294499354 2270746305437960 2270746311318128
2270746299557204 2270746300590628 2270746311329104 2270746317242536 2270746305437736 2270746306369968 2270746317253862 2270746323109460

2270746162177122 2270746163389690 2270746169479242 2270746175411728 2270746163389872 2270746164436960 2270746175426736 2270746181347504
2270746169486718 2270746170333886 2270746181358970 2270746187291134 2270746175426680 2270746176341510 2270746187302768 2270746193226392
2270746181357318 2270746182216176 2270746193240616 2270746199139964 2270746187302166 2270746188189822 2270746199150982 2270746205066024
2270746193239510 2270746194229156 2270746205077994 2270746211035918 2270746199150072 2270746200118760 2270746211048392 2270746216949882
2270746205077490 2270746206024898 2270746216959990 2270746222872204 2270746211047468 2270746211932478 2270746222883194 2270746228794876
2270746216959192 2270746217974402 2270746228806174 2270746234742006 2270746222882676 2270746223840710 2270746234751470 2270746240665168
2270746228804942 2270746229772398 2270746240676942 2270746246573630 2270746234750168 2270746235590168 2270746246582996 2270746252506452
2270746240675836 2270746241641906 2270746252518338 2270746258446582 2270746246581932 2270746247506016 2270746258457964 2270746264376086
2270746252516588 2270746253481958 2270746264391388 2270746270312912 2270746258456900 2270746259312398 2270746270326310 2270746276228444

2270752320145372 2270752321625242 2270752324583890 2270752330518224 2270752321625438 2270752322738522 2270752330532532 2270752336445502
2270752324592066 2270752325382226 2270752336456940 2270752342369364 2270752330531720 2270752331655808 2270752342381348 2270752348318748
2270752336455792 2270752337399504 2270752348329416 2270752354250730 2270752342380998 2270752343281310 2270752354261972 2270752360179338
2270752348328226 2270752349147100 2270752360189838 2270752366091384 2270752354260446 2270752355101146 2270752366102318 2270752372025760
2270752360188620 2270752361110296 2270752372035742 2270752377944540 2270752366101044 2270752367031708 2270752377956412 2270752383880050
2270752372034706 2270752372886438 2270752383891642 2270752389795806 2270752377955222 2270752378855688 2270752389807580 2270752395759904
2270752383890326 2270752384788048 2270752395770348 2270752401659756 2270752389806740 2270752390762758 2270752401670438 2270752407600530
2270752395769620 2270752396736824 2270752407611394 2270752413566224 2270752401670648 2270752402531354 2270752413580168 2270752419530952
2270752407609826 2270752408591296 2270752419541396 2270752425453330 2270752413579790 2270752414508690 2270752425466994 2270752431362114

2270863311474786 2270863312635372 2270863317450658 2270863323383928 2270863312635596 2270863313739468 2270863323398950 2270863329324170
2270863317458008 2270863318410442 2270863329337008 2270863335270726 2270863323397774 2270863324682498 2270863335285594 2270863341214104
2270863329334992 2270863330268778 2270863341227460 2270863347124722 2270863335284908 2270863336149030 2270863347136104 2270863353032218
2270863341226788 2270863342271006 2270863353043516 2270863358987818 2270863347135068 2270863348081160 2270863358998654 2270863364895916
2270863353043208 2270863353970848 2270863364906318 2270863370810608 2270863358997716 2270863359852234 2270863370822214 2270863376727848
2270863364905478 2270863365743140 2270863376738040 2270863382663386 2270863370821038 2270863371723086 2270863382673536 2270863388577672
2270863376736878 2270863377634768 2270863388588214 2270863394502458 2270863382672920 2270863383517050 2270863394515086 2270863400423632
2270863388587094 2270863389432190 2270863400434328 2270863406370454 2270863394514302 2270863395447178 2270863406384706 2270863412282640
2270863400433502 2270863401340492 2270863412293756 2270863418238576 2270863406384510 2270863407237222 2270863418251344 2270863424146716

2270747504582872 2270747505796546 2270747512692232 2270747518630710 2270747505796742 2270747506925100 2270747518643002 2270747524567186
2270747512697510 2270747513622210 2270747524580752 2270747530482046 2270747518641700 2270747519732930 2270747530496746 2270747536422890
2270747524580598 2270747525474582 2270747536435140 2270747542374388 2270747530495878 2270747531548048 2270747542387352 2270747548304144
2270747536434608 2270747537478980 2270747548317164 2270747554229350 2270747542386274 2270747543468222 2270747554243210 2270747560161094
2270747548316632 2270747549273434 2270747560173400 2270747566115364 2270747554242720 2270747555365240 2270747566127810 2270747572029594
2270747560172840 2270747561201322 2270747572041998 2270747577972832 2270747566126858 2270747567166134 2270747577985978 2270747583899900
2270747572041452 2270747572997708 2270747583912570 2270747589902974 2270747577986090 2270747579089346 2270747589915378 2270747595830784
2270747583911996 2270747584924602 2270747595842376 2270747601751384 2270747589914692 2270747590963572 2270747601764390 2270747607680986
2270747595841844 2270747596840702 2270747607692116 2270747613622292 2270747601763228 2270747602850748 2270747613635466 2270747619543368

2270744821626848 2270744823537568 2270744826494536 2270744832423200 2270744823537876 2270744824609436 2270744832436962 2270744838351486
2270744826500542 2270744827259566 2270744838362742 2270744844293996 2270744832436122 2270744833590044 2270744844305602 2270744850200834
2270744838362252 2270744839312152 2270744850212846 2270744856125270 2270744844304398 2270744845160820 2270744856139032 2270744862038310
2270744850211992 2270744851068148 2270744862048978 2270744867970404 2270744856138388 2270744857085376 2270744867981618 2270744873900636
2270744862048362 2270744862979530 2270744873911178 2270744879826780 2270744867981380 2270744868899584 2270744879837742 2270744885737734
2270744873910268 2270744874738760 2270744885749382 2270744891644320 2270744879837308 2270744880748232 2270744891655310 2270744897592878
2270744885748318 2270744886656442 2270744897604890 2270744903502964 2270744891654708 2270744892548524 2270744903513128 2270744909415682
2270744897604386 2270744898440816 2270744909426238 2270744915336352 2270744903512932 2270744904423254 2270744915349204 2270744921278316
2270744909425328 2270744910333424 2270744921288676 2270744927195948 2270744915349050 2270744916276410 2270744927209430 2270744933106314

2270745499606668 2270745501030202 2270745504035778 2270745509946676 2270745501030398 2270745502109126 2270745509960088 2270745515874850
2270745504037234 2270745504794606 2270745515885560 2270745521833292 2270745509960046 2270745511107766 2270745521846200 2270745527774010
2270745515884748 2270745516885048 2270745527785238 2270745533705824 2270745521845864 2270745522760302 2270745533718438 2270745539619634
2270745527784286 2270745528649514 2270745539630554 2270745545545666 2270745533717682 2270745534731926 2270745545558714 2270745551487042
2270745539629448 2270745540614950 2270745551496534 2270745557427074 2270745545558070 2270745546571866 2270745557439856 2270745563336278
2270745551496212 2270745552346642 2270745563345574 2270745569261176 2270745557439100 2270745558421998 2270745569273370 2270745575215642
2270745563344916 2270745564282160 2270745575225470 2270745581128094 2270745569272978 2270745570278150 2270745581141226 2270745587052334
2270745575224770 2270745576083488 2270745587062638 2270745592967418 2270745581140358 2270745582123270 2270745592980508 2270745598908850
2270745587062204 2270745587997474 2270745598918692 2270745604830836 2270745592979654 2270745593972184 2270745604844080 2270745610741594

2270750097760718 2270750099010232 2270750104354998 2270750110260646 2270750099010428 2270750100108350 2270750110274450 2270750116190724
2270750104359366 2270750105108786 2270750116202456 2270750122113900 2270750110274086 2270750111397082 2270750122126290 2270750128069360
2270750116201378 2270750117161848 2270750128080924 2270750133997464 2270750122125688 2270750123076848 2270750134009644 2270750139922054
2270750128079580 2270750128937836 2270750139931518 2270750145850718 2270750134008566 2270750135023076 2270750145863696 2270750151791618
2270750139930608 2270750140888656 2270750151801586 2270750157737810 2270750145862394 2270750146872214 2270750157750004 2270750163648274
2270750151800494 2270750152639682 2270750163658004 2270750169581824 2270750157748870 2270750158725440 2270750169597868 2270750175541680
2270750163656562 2270750164573982 2270750175551872 2270750181457758 2270750169598106 2270750170580850 2270750181470386 2270750187380724
2270750175551270 2270750176392558 2270750187390762 2270750193307316 2270750181469742 2270750182430590 2270750193319846 2270750199306414
2270750187389460 2270750188295848 2270750199317362 2270750205225964 2270750193318684 2270750194310570 2270750205238284 2270750211144800
