16 74
4590052457135996928 47394697195536 2270706214786772 2270706220607384 47394689191952 47394681159696 2270706220608322 2270706226266100
47394737299472 47394729267216 2270706226266142 2270706232056262 47394721263632 47394713231376 2270706232056290 2270706237754122
47394769371152 47394761338896 2270706237754388 2270706243336944 47394753335312 47394745303056 2270706243336972 2270706248991390
47394801442832 47394793410576 2270706248991642 2270706254678358 47394785406992 47394777374736 2270706254678386 2270706260219278
47394833514512 47394825482256 2270706260219306 2270706265759890 47394817478672 47394809446416 2270706265759918 2270706271293810
47394865586192 47394857553936 2270706271293852 2270706276889792 47394849550352 47394841518096 2270706276889820 2270706282629610
47394897657872 47394889625616 2270706282629862 2270706288238864 47394881622032 47394873589776 2270706288238906 2270706294132738
47394929729552 47394921697296 2270706294132780 2270706299669696 47394913693712 47394905661456 2270706299669724 2270706305216314
47394961801232 47394953768976 2270706305216342 2270706310755036 47394945765392 47394937733136 2270706310755064 2270706316294430

47796076892176 47796068859920 2270705848096406 2270705853779328 47796060856336 47796052824080 2270705853780644 2270705859313878
47796108963856 47796100931600 2270705859313906 2270705864869008 47796092928016 47796084895760 2270705864869386 2270705870410362
47796141035536 47796133003280 2270705870410390 2270705875945388 47796124999696 47796116967440 2270705875945416 2270705881504060
47796173107216 47796165074960 2270705881504088 2270705887276512 47796157071376 47796149039120 2270705887276540 2270705892829290
47796205178896 47796197146640 2270705892829556 2270705898381914 47796189143056 47796181110800 2270705898383258 2270705904011706
47796237250576 47796229218320 2270705904011748 2270705909660006 47796221214736 47796213182480 2270705909660034 2270705915198616
47796269322256 47796261290000 2270705915199036 2270705920739844 47796253286416 47796245254160 2270705920739872 2270705926268654
47796301393936 47796293361680 2270705926268696 2270705931808944 47796285358096 47796277325840 2270705931810190 2270705937350858
47796333465616 47796325433360 2270705937350886 2270705942890168 47796317429776 47796309397520 2270705942890532 2270705948532126

47700332482576 47700324450320 2270711332532664 2270711338187586 47700316446736 47700308414480 2270711338188538 2270711343726112
47700364554256 47700356522000 2270711343726364 2270711349268488 47700348518416 47700340486160 2270711349268516 2270711354802492
47700396625936 47700388593680 2270711354802534 2270711360450876 47700380590096 47700372557840 2270711360450904 2270711366095732
47700428697616 47700420665360 2270711366095760 2270711371742142 47700412661776 47700404629520 2270711371742170 2270711377428396
47700460769296 47700452737040 2270711377428438 2270711382969078 47700444733456 47700436701200 2270711382969106 2270711388609888
47700492840976 47700484808720 2270711388609930 2270711394146300 47700476805136 47700468772880 2270711394146328 2270711399779018
47700524912656 47700516880400 2270711399779046 2270711405426366 47700508876816 47700500844560 2270711405426674 2270711410964248
47700556984336 47700548952080 2270711410964290 2270711416497720 47700540948496 47700532916240 2270711416497748 2270711422144270
47700589056016 47700581023760 2270711422144298 2270711427679562 47700573020176 47700564987920 2270711427679590 2270711433216030

47285902274576 47285894242320 2270807601926850 2270807607662076 47285886238736 47285878206480 2270807607663420 2270807613211550
47285934346256 47285926314000 2270807613211592 2270807618758252 47285918310416 47285910278160 2270807618758630 2270807624403318
47285966417936 47285958385680 2270807624403360 2270807629942096 47285950382096 47285942349840 2270807629942460 2270807635473692
47285998489616 47285990457360 2270807635473720 2270807641015564 47285982453776 47285974421520 2270807641015592 2270807646655198
47286030561296 47286022529040 2270807646655226 2270807652186640 47286014525456 47286006493200 2270807652186668 2270807657827338
47286062632976 47286054600720 2270807657827380 2270807663366578 47286046597136 47286038564880 2270807663366606 2270807669014724
47286094704656 47286086672400 2270807669015172 2270807674755620 47286078668816 47286070636560 2270807674755648 2270807680644860
47286126776336 47286118744080 2270807680646190 2270807686570094 47286110740496 47286102708240 2270807686570122 2270807692459306
47286158848016 47286150815760 2270807692459348 2270807698371268 47286142812176 47286134779920 2270807698371296 2270807704262314

47986440151056 47986432118800 2270707817280952 2270707822937344 47986424115216 47986416082960 2270707822938520 2270707828493818
47986472222736 47986464190480 2270707828494070 2270707834033954 47986456186896 47986448154640 2270707834033982 2270707839794492
47986504294416 47986496262160 2270707839794520 2270707845578718 47986488258576 47986480226320 2270707845578746 2270707851419294
47986536366096 47986528333840 2270707851419742 2270707856985666 47986520330256 47986512298000 2270707856985694 2270707862666712
47986568437776 47986560405520 2270707862666740 2270707868545746 47986552401936 47986544369680 2270707868545774 2270707874520386
47986600509456 47986592477200 2270707874520652 2270707880393274 47986584473616 47986576441360 2270707880393302 2270707886290480
47986632581136 47986624548880 2270707886290508 2270707892195078 47986616545296 47986608513040 2270707892195386 2270707898128068
47986664652816 47986656620560 2270707898128124 2270707904179624 47986648616976 47986640584720 2270707904179652 2270707910114154
47986696724496 47986688692240 2270707910114196 2270707915960680 47986680688656 47986672656400 2270707915960708 2270707921601350

47132650889232 47132642856976 2270709845649518 2270709851298574 47132634853392 47132626821136 2270709851298602 2270709856932244
47132682960912 47132674928656 2270709856932272 2270709862629516 47132666925072 47132658892816 2270709862630538 2270709868166460
47132715032592 47132707000336 2270709868166698 2270709873808558 47132698996752 47132690964496 2270709873809566 2270709879465720
47132747104272 47132739072016 2270709879465762 2270709884993900 47132731068432 47132723036176 2270709884993928 2270709890528772
47132779175952 47132771143696 2270709890528800 2270709896074690 47132763140112 47132755107856 2270709896075726 2270709901603822
47132811247632 47132803215376 2270709901603850 2270709907157272 47132795211792 47132787179536 2270709907157300 2270709912689078
47132843319312 47132835287056 2270709912689106 2270709918434958 47132827283472 47132819251216 2270709918434986 2270709923984614
47132875390992 47132867358736 2270709923984656 2270709929508090 47132859355152 47132851322896 2270709929508118 2270709935052356
47132907462672 47132899430416 2270709935052384 2270709940703512 47132891426832 47132883394576 2270709940703540 2270709946240344

47008083779600 47008075747344 2270703952548458 2270703958421416 47008067743760 47008059711504 2270703958422606 2270703964301024
47008115851280 47008107819024 2270703964301290 2270703970156076 47008099815440 47008091783184 2270703970156104 2270703976137240
47008147922960 47008139890704 2270703976137282 2270703982098580 47008131887120 47008123854864 2270703982098608 2270703987890128
47008179994640 47008171962384 2270703987890156 2270703993438006 47008163958800 47008155926544 2270703993438034 2270703999096372
47008212066320 47008204034064 2270703999096400 2270704004832760 47008196030480 47008187998224 2270704004832788 2270704010734068
47008244138000 47008236105744 2270704010734110 2270704016307398 47008228102160 47008220069904 2270704016307426 2270704021851580
47008276209680 47008268177424 2270704021851608 2270704027507762 47008260173840 47008252141584 2270704027508056 2270704033059112
47008308281360 47008300249104 2270704033059140 2270704038597526 47008292245520 47008284213264 2270704038597554 2270704044148428
47008340353040 47008332320784 2270704044148456 2270704049902820 47008324317200 47008316284944 2270704049902848 2270704055453064

47613292879888 47613284847632 2270703882799576 2270703888574058 47613276844048 47613268811792 2270703888575276 2270703894105080
47613324951568 47613316919312 2270703894105122 2270703899863448 47613308915728 47613300883472 2270703899864764 2270703905510558
47613357023248 47613348990992 2270703905510600 2270703911216776 47613340987408 47613332955152 2270703911216804 2270703916827178
47613389094928 47613381062672 2270703916828438 2270703922361420 47613373059088 47613365026832 2270703922361448 2270703928071530
47613421166608 47613413134352 2270703928071796 2270703933605562 47613405130768 47613397098512 2270703933605590 2270703939339360
47613453238288 47613445206032 2270703939339402 2270703944990740 47613437202448 47613429170192 2270703944990768 2270703950838204
47613485309968 47613477277712 2270703950838232 2270703956493280 47613469274128 47613461241872 2270703956493308 2270703962144730
47613517381648 47613509349392 2270703962144758 2270703967674660 47613501345808 47613493313552 2270703967674688 2270703973211450
47613549453328 47613541421072 2270703973211478 2270703978755520 47613533417488 47613525385232 2270703978756850 2270703984405528

47118201507856 47118193475600 2270701114327520 2270701120096220 47118185472016 47118177439760 2270701120097312 2270701125628516
47118233579536 47118225547280 2270701125628558 2270701131386338 47118217543696 47118209511440 2270701131386366 2270701137027596
47118265651216 47118257618960 2270701137027638 2270701142568096 47118249615376 47118241583120 2270701142568124 2270701148112978
47118297722896 47118289690640 2270701148113020 2270701153649502 47118281687056 47118273654800 2270701153649530 2270701159290606
47118329794576 47118321762320 2270701159290648 2270701164842796 47118313758736 47118305726480 2270701164842824 2270701170472294
47118361866256 47118353834000 2270701170472336 2270701176016644 47118345830416 47118337798160 2270701176016672 2270701181553112
47118393937936 47118385905680 2270701181553140 2270701187093962 47118377902096 47118369869840 2270701187093990 2270701192726652
47118426009616 47118417977360 2270701192726904 2270701198455102 47118409973776 47118401941520 2270701198455130 2270701204203712
47118458081296 47118450049040 2270701204203754 2270701209848246 47118442045456 47118434013200 2270701209848274 2270701215388802

47865624100880 47865616068624 2270701067062078 2270701073061386 47865608065040 47865600032784 2270701073062450 2270701079126872
47865656172560 47865648140304 2270701079127152 2270701085078972 47865640136720 47865632104464 2270701085079000 2270701091044050
47865688244240 47865680211984 2270701091044092 2270701096741364 47865672208400 47865664176144 2270701096741392 2270701102399506
47865720315920 47865712283664 2270701102399548 2270701107964128 47865704280080 47865696247824 2270701107964156 2270701113515996
47865752387600 47865744355344 2270701113516038 2270701119160390 47865736351760 47865728319504 2270701119160418 2270701124725488
47865784459280 47865776427024 2270701124725530 2270701130406184 47865768423440 47865760391184 2270701130406212 2270701135937304
47865816530960 47865808498704 2270701135937346 2270701141483600 47865800495120 47865792462864 2270701141483628 2270701147030106
47865848602640 47865840570384 2270701147030134 2270701152689354 47865832566800 47865824534544 2270701152689382 2270701158236392
47865880674320 47865872642064 2270701158236420 2270701163802176 47865864638480 47865856606224 2270701163802204 2270701169344594

47356555268112 47356547235856 2270707225481772 2270707231141356 47356539232272 47356531200016 2270707231142504 2270707236676830
47356587339792 47356579307536 2270707236676858 2270707242221684 47356571303952 47356563271696 2270707242222048 2270707247869424
47356619411472 47356611379216 2270707247869452 2270707253519166 47356603375632 47356595343376 2270707253519544 2270707259175222
47356651483152 47356643450896 2270707259175264 2270707264816886 47356635447312 47356627415056 2270707264816914 2270707270353312
47356683554832 47356675522576 2270707270353340 2270707276163200 47356667518992 47356659486736 2270707276163242 2270707281966060
47356715626512 47356707594256 2270707281966102 2270707287518530 47356699590672 47356691558416 2270707287518894 2270707293045142
47356747698192 47356739665936 2270707293045170 2270707298691230 47356731662352 47356723630096 2270707298691258 2270707304238142
47356779769872 47356771737616 2270707304238184 2270707309767540 47356763734032 47356755701776 2270707309767568 2270707315463286
47356811841552 47356803809296 2270707315463328 2270707321056650 47356795805712 47356787773456 2270707321057028 2270707326592712

46989074153488 46989066121232 2270818215473962 2270818221071148 46989058117648 46989050085392 2270818221072100 2270818226771346
46989106225168 46989098192912 2270818226771388 2270818232538044 46989090189328 46989082157072 2270818232538072 2270818238099376
46989138296848 46989130264592 2270818238099418 2270818243868244 46989122261008 46989114228752 2270818243868272 2270818249424536
46989170368528 46989162336272 2270818249424578 2270818254976838 46989154332688 46989146300432 2270818254976866 2270818260522028
46989202440208 46989194407952 2270818260522056 2270818266085068 46989186404368 46989178372112 2270818266085096 2270818271736938
46989234511888 46989226479632 2270818271738198 2270818277397698 46989218476048 46989210443792 2270818277397726 2270818283066480
46989266583568 46989258551312 2270818283066522 2270818288612356 46989250547728 46989242515472 2270818288612384 2270818294582180
46989298655248 46989290622992 2270818294582222 2270818300148328 46989282619408 46989274587152 2270818300148356 2270818305798798
46989330726928 46989322694672 2270818305798854 2270818311369342 46989314691088 46989306658832 2270818311369370 2270818316920902

47968887029776 47968878997520 2270702410743480 2270702416342864 47968870993936 47968862961680 2270702416344222 2270702421897672
47968919101456 47968911069200 2270702421898008 2270702427433356 47968903065616 47968895033360 2270702427433384 2270702432967878
47968951173136 47968943140880 2270702432967920 2270702438616486 47968935137296 47968927105040 2270702438616514 2270702444144232
47968983244816 47968975212560 2270702444144274 2270702449800848 47968967208976 47968959176720 2270702449801226 2270702455437220
47969015316496 47969007284240 2270702455437248 2270702461184304 47968999280656 47968991248400 2270702461184332 2270702466827368
47969047388176 47969039355920 2270702466827774 2270702472354302 47969031352336 47969023320080 2270702472354330 2270702477885296
47969079459856 47969071427600 2270702477885324 2270702483429268 47969063424016 47969055391760 2270702483429646 2270702488957462
47969111531536 47969103499280 2270702488957504 2270702494503674 47969095495696 47969087463440 2270702494503702 2270702500032484
47969143603216 47969135570960 2270702500032862 2270702505569064 47969127567376 47969119535120 2270702505569456 2270702511237314

47498251300880 47498243268624 2270699728164616 2270699734205588 47498235265040 47498227232784 2270699734206820 2270699740069852
47498283372560 47498275340304 2270699740070174 2270699745731256 47498267336720 47498259304464 2270699745731284 2270699751240046
47498315444240 47498307411984 2270699751240074 2270699756782352 47498299408400 47498291376144 2270699756782380 2270699762321788
47498347515920 47498339483664 2270699762321830 2270699767950208 47498331480080 47498323447824 2270699767950236 2270699773497540
47498379587600 47498371555344 2270699773498016 2270699779263384 47498363551760 47498355519504 2270699779263412 2270699785003804
47498411659280 47498403627024 2270699785003846 2270699790656500 47498395623440 47498387591184 2270699790656528 2270699796400882
47498443730960 47498435698704 2270699796400910 2270699801949586 47498427695120 47498419662864 2270699801949950 2270699807487202
47498475802640 47498467770384 2270699807487230 2270699813123322 47498459766800 47498451734544 2270699813123350 2270699818662254
47498507874320 47498499842064 2270699818662282 2270699824201004 47498491838480 47498483806224 2270699824201032 2270699829735162

47664293269520 47664285237264 2270700405501402 2270700411082852 47664277233680 47664269201424 2270700411084364 2270700416625648
47664325341200 47664317308944 2270700416625970 2270700422264456 47664309305360 47664301273104 2270700422264484 2270700427799272
47664357412880 47664349380624 2270700427799314 2270700433345764 47664341377040 47664333344784 2270700433345792 2270700439021266
47664389484560 47664381452304 2270700439021294 2270700444554178 47664373448720 47664365416464 2270700444554626 2270700450195422
47664421556240 47664413523984 2270700450195464 2270700455727130 47664405520400 47664397488144 2270700455727158 2270700461255590
47664453627920 47664445595664 2270700461255632 2270700466810454 47664437592080 47664429559824 2270700466810818 2270700472335064
47664485699600 47664477667344 2270700472335092 2270700477870874 47664469663760 47664461631504 2270700477870902 2270700483378418
47664517771280 47664509739024 2270700483378446 2270700489000230 47664501735440 47664493703184 2270700489000258 2270700494541654
47664549842960 47664541810704 2270700494541682 2270700500318278 47664533807120 47664525774864 2270700500318726 2270700506284532

47117389549584 47117381517328 2270705005256212 2270705011003030 47117373513744 47117365481488 2270705011004332 2270705016522026
47117421621264 47117413589008 2270705016522054 2270705022197360 47117405585424 47117397553168 2270705022197388 2270705027719226
47117453692944 47117445660688 2270705027719268 2270705033399180 47117437657104 47117429624848 2270705033399208 2270705038953050
47117485764624 47117477732368 2270705038953078 2270705044466880 47117469728784 47117461696528 2270705044466908 2270705050009172
47117517836304 47117509804048 2270705050009200 2270705055797038 47117501800464 47117493768208 2270705055797066 2270705061430834
47117549907984 47117541875728 2270705061430876 2270705066991312 47117533872144 47117525839888 2270705066991340 2270705072528116
47117581979664 47117573947408 2270705072528158 2270705078186594 47117565943824 47117557911568 2270705078186958 2270705083729418
47117614051344 47117606019088 2270705083729460 2270705089262274 47117598015504 47117589983248 2270705089262302 2270705094775698
47117646123024 47117638090768 2270705094775726 2270705100324920 47117630087184 47117622054928 2270705100324948 2270705105861682
