16 285
2270774309068916 2270774316119876 2270774335006156 2270774340765588 2270774316119904 2270774327695482 2270774344710508 2270774350297964
2270774350298440 2270774359394618 2270774374980776 2270774380711718 2270774359394646 2270774365593384 2270774385121830 2270774390718624
2270774390719114 2270774399690482 2270774414944084 2270774420681172 2270774399690510 2270774406065060 2270774425789716 2270774431559326
2270774431560530 2270774440376876 2270774456284642 2270774462338312 2270774440376918 2270774450264054 2270774467384052 2270774473546334
2270774473548504 2270774482655952 2270774498511708 2270774504448268 2270774482655980 2270774492751142 2270774510048912 2270774515811956
2270774515812446 2270774524929694 2270774544189158 2270774549922396 2270774524929722 2270774535169980 2270774554151628 2270774560194140
2270774560195274 2270774569409122 2270774587500496 2270774593190446 2270774569409150 2270774579448032 2270774598289008 2270774604639170
2270774604640472 2270774613855454 2270774632959210 2270774638798218 2270774613855482 2270774624593566 2270774644196002 2270774650063738
2270774650064228 2270774659334678 2270774676502766 2270774682166200 2270774659334706 2270774670529582 2270774687798050 2270774693616142

2270773942524402 2270773950642792 2270773968350286 2270773974347172 2270773950642820 2270773961366736 2270773978360538 2270773984326624
2270773984328192 2270773994404678 2270774010346506 2270774016277396 2270773994404720 2270774004430246 2270774020379214 2270774026343410
2270774026343858 2270774036531672 2270774052340738 2270774058355628 2270774036531700 2270774043711950 2270774062462752 2270774068446898
2270774068448452 2270774078499850 2270774095418486 2270774101384292 2270774078499878 2270774085457444 2270774105353096 2270774111300800
2270774111302130 2270774121436506 2270774137346806 2270774143259888 2270774121436534 2270774131258220 2270774147326314 2270774153264218
2270774153265534 2270774163447286 2270774179902816 2270774185871884 2270774163447314 2270774173304532 2270774189954088 2270774195865378
2270774195865868 2270774206092798 2270774221099720 2270774227063874 2270774206092826 2270774215122588 2270774232489560 2270774238411854
2270774238412540 2270774247750554 2270774263086406 2270774269061886 2270774247750582 2270774257937038 2270774274464598 2270774280435808
2270774280436648 2270774289726586 2270774303766304 2270774309757282 2270774289726628 2270774299743152 2270774318573026 2270774324948528

2270779427044702 2270779434270816 2270779453635966 2270779459269832 2270779434270914 2270779445923800 2270779463195278 2270779468801480
2270779468803034 2270779478961028 2270779494189290 2270779499792300 2270779478961056 2270779488950616 2270779505083754 2270779510678322
2270779510678840 2270779521171700 2270779536002222 2270779541583966 2270779521171798 2270779531388298 2270779547287762 2270779553016296
2270779553016800 2270779563241882 2270779578356156 2270779583964318 2270779563241980 2270779572909008 2270779589594824 2270779595384412
2270779595385966 2270779605157112 2270779620913650 2270779626533194 2270779605157140 2270779615982136 2270779635652052 2270779641241328
2270779641242980 2270779651639576 2270779667991800 2270779673835820 2270779651639674 2270779661332406 2270779678399400 2270779684007520
2270779684007996 2270779693656544 2270779709953384 2270779715721062 2270779693656586 2270779704772054 2270779721799918 2270779727383160
2270779727384224 2270779736730400 2270779753013170 2270779758750706 2270779736730428 2270779747296312 2270779764536752 2270779770235900
2270779770237440 2270779779817472 2270779797550166 2270779803377358 2270779779817500 2270779790514326 2270779809239816 2270779814825410

2270875696248460 2270875703234810 2270875721860802 2270875727494486 2270875703234852 2270875714748578 2270875731464802 2270875737050550
2270875737051040 2270875746019846 2270875763093196 2270875768806918 2270875746019874 2270875756835742 2270875772796134 2270875778381336
2270875778381882 2270875788135850 2270875805688406 2270875811452080 2270875788135948 2270875797712956 2270875815372864 2270875820953222
2270875820953894 2270875830346774 2270875849805710 2270875855571750 2270875830346886 2270875839701896 2270875859462378 2270875865175372
2270875865175848 2270875875012164 2270875895433208 2270875901087878 2270875875012262 2270875885128732 2270875905182990 2270875910764678
2270875910765168 2270875919875808 2270875939628044 2270875945475284 2270875919875850 2270875928577578 2270875949414422 2270875955013680
2270875955014436 2270875964768852 2270875984329680 2270875989965366 2270875964768950 2270875973238894 2270875993968820 2270875999748762
2270875999750036 2270876009451868 2270876028397200 2270876034161364 2270876009451966 2270876018118344 2270876038288802 2270876043863826
2270876043864316 2270876053680052 2270876072820642 2270876078588516 2270876053680150 2270876062650188 2270876082771100 2270876088694136

2270775911784590 2270775919706462 2270775937374980 2270775942992550 2270775919706490 2270775930227154 2270775947230658 2270775953119954
2270775953120822 2270775962830998 2270775978155104 2270775983846188 2270775962831026 2270775972552318 2270775988413688 2270775994284994
2270775994285484 2270776004454580 2270776019431108 2270776025185472 2270776004454608 2270776013908346 2270776029733442 2270776035395784
2270776035396274 2270776044285756 2270776059828780 2270776065432168 2270776044285784 2270776050376134 2270776069773274 2270776075357174
2270776075358028 2270776084501190 2270776098792334 2270776104527588 2270776084501232 2270776094782720 2270776110212078 2270776115795250
2270776115795894 2270776121269670 2270776140123330 2270776145749944 2270776121269698 2270776134906636 2270776151402178 2270776157218646
2270776157219108 2270776162914070 2270776182361638 2270776188062298 2270776162914098 2270776175210914 2270776197727464 2270776203319750
2270776203320408 2270776208981560 2270776226830230 2270776232612286 2270776208981602 2270776222160334 2270776239006758 2270776245201646
2270776245202346 2270776250819832 2270776270417676 2270776276048434 2270776250819860 2270776261495868 2270776283358282 2270776289041442

2270777940238864 2270777947445658 2270777966050118 2270777972022784 2270777947445686 2270777959166710 2270777975890816 2270777981837778
2270777981838436 2270777991979392 2270778006330484 2270778012295730 2270777991979420 2270778002253740 2270778017683854 2270778023637284
2270778023637788 2270778033999468 2270778048283976 2270778053872272 2270778033999496 2270778044288978 2270778059286240 2270778065154158
2270778065154662 2270778073761274 2270778089065178 2270778094719162 2270778073761302 2270778084464232 2270778099624314 2270778105384460
2270778105385048 2270778110800710 2270778129680718 2270778135474604 2270778110800738 2270778123216498 2270778140678712 2270778146280630
2270778146282296 2270778155234610 2270778174999026 2270778180775160 2270778155234638 2270778165314064 2270778184859548 2270778190852766
2270778190854936 2270778200413800 2270778216166236 2270778222138132 2270778200413842 2270778211262722 2270778228197052 2270778234123518
2270778234124092 2270778243620880 2270778260784992 2270778266781304 2270778243620908 2270778253240224 2270778272362712 2270778278335182
2270778278335686 2270778288663654 2270778308746178 2270778314727258 2270778288663682 2270778298348798 2270778319806906 2270778325780090

2270772046920384 2270772053947138 2270772072258172 2270772078203594 2270772053947236 2270772065483082 2270772082233788 2270772087998456
2270772087999114 2270772097206158 2270772111960982 2270772117675124 2270772097206186 2270772107111018 2270772123327218 2270772129154760
2270772129155404 2270772138373774 2270772155635130 2270772161277816 2270772138373872 2270772148727236 2270772165396392 2270772171004862
2270772171005352 2270772179999596 2270772199239418 2270772204933624 2270772179999764 2270772190079106 2270772208930302 2270772214570454
2270772214570958 2270772224254310 2270772244397132 2270772250078388 2270772224254408 2270772234161480 2270772254111802 2270772259772800
2270772259773486 2270772269644270 2270772288688750 2270772294585788 2270772269644368 2270772279361600 2270772298766300 2270772304394146
2270772304395070 2270772314128010 2270772333821012 2270772339527846 2270772314128108 2270772323879010 2270772343590128 2270772349305740
2270772349306216 2270772359103262 2270772378345576 2270772384041854 2270772359103360 2270772368809294 2270772388174374 2270772394016518
2270772394018296 2270772404208420 2270772422792524 2270772428471624 2270772404208448 2270772414283744 2270772432452930 2270772438153926

2270771977227236 2270771984122488 2270772002564072 2270772008403220 2270771984122530 2270771995549610 2270772012271952 2270772017866408
2270772017867948 2270772026797834 2270772042284872 2270772047886062 2270772026797862 2270772037114000 2270772052648302 2270772058401504
2270772058402092 2270772067337032 2270772082272330 2270772087926146 2270772067337060 2270772077142618 2270772093344608 2270772098919268
2270772098919744 2270772107098334 2270772124608064 2270772130549846 2270772107098362 2270772117407136 2270772134549688 2270772140455084
2270772140455574 2270772146152916 2270772168622216 2270772174603450 2270772146152944 2270772159338186 2270772179039168 2270772184972340
2270772184974048 2270772194255712 2270772215608946 2270772221538758 2270772194255824 2270772204051680 2270772225680588 2270772231600334
2270772231602686 2270772240966390 2270772259564648 2270772265567288 2270772240966502 2270772250768966 2270772269227938 2270772275164736
2270772275165226 2270772284514118 2270772302529500 2270772308552020 2270772284514216 2270772294451248 2270772312689594 2270772318644522
2270772318646076 2270772327969628 2270772348795622 2270772354760868 2270772327969670 2270772337682366 2270772358974308 2270772364962752

2270769208739178 2270769216527602 2270769234771100 2270769240416012 2270769216527644 2270769227635888 2270769244501842 2270769250093848
2270769250094646 2270769259924718 2270769274576502 2270769280279122 2270769259924746 2270769269854064 2270769285570674 2270769291255276
2270769291256088 2270769301233188 2270769316032714 2270769321775934 2270769301233216 2270769311506080 2270769326944790 2270769332527164
2270769332527682 2270769341190350 2270769357599428 2270769363261812 2270769341190378 2270769351603620 2270769367733020 2270769373428850
2270769373429648 2270769382378924 2270769400861416 2270769406525872 2270769382378952 2270769393348666 2270769411596784 2270769417176638
2270769417177450 2270769426271752 2270769447574264 2270769453311604 2270769426271780 2270769436106332 2270769458191794 2270769463766076
2270769463766594 2270769473257950 2270769491361784 2270769497108420 2270769473257978 2270769483757418 2270769501809774 2270769507404972
2270769507405784 2270769516970360 2270769534263146 2270769539955910 2270769516970388 2270769526741576 2270769545092370 2270769550694974
2270769550695534 2270769559941582 2270769580888774 2270769586675968 2270769559941624 2270769570043856 2270769591626984 2270769597323598

2270769161419052 2270769168593422 2270769187232098 2270769192988688 2270769168593464 2270769180070062 2270769196896900 2270769202605218
2270769202605834 2270769211430902 2270769228262080 2270769234168988 2270769211430944 2270769221095592 2270769238851288 2270769244675022
2270769244676548 2270769254084660 2270769272107406 2270769277805350 2270769254084688 2270769264096354 2270769282166672 2270769287771166
2270769287772888 2270769296941012 2270769315852898 2270769321658348 2270769296941040 2270769307462740 2270769326147518 2270769331722780
2270769331723228 2270769342903292 2270769360279154 2270769365938416 2270769342903390 2270769351401782 2270769370372006 2270769376206408
2270769376207766 2270769386067168 2270769404366176 2270769410367444 2270769386067196 2270769395881700 2270769414851000 2270769420812508
2270769420814062 2270769431067382 2270769448937346 2270769454890692 2270769431067410 2270769440902186 2270769459480060 2270769465405392
2270769465405910 2270769475756894 2270769493101746 2270769499161100 2270769475756936 2270769485544028 2270769503604616 2270769509544662
2270769509545530 2270769520019938 2270769537281322 2270769542935642 2270769520019966 2270769529587174 2270769547471950 2270769553081092

2270775319944754 2270775328268622 2270775347236634 2270775352868120 2270775328268734 2270775339452690 2270775357338642 2270775362973950
2270775362974384 2270775373743576 2270775388854812 2270775394527374 2270775373743604 2270775384475654 2270775400865930 2270775406552114
2270775406552548 2270775417549058 2270775433263736 2270775438821148 2270775417549086 2270775428068546 2270775444608860 2270775450296234
2270775450297088 2270775461294284 2270775477158174 2270775482816358 2270775461294312 2270775471915818 2270775488610986 2270775494460018
2270775494460480 2270775505703068 2270775523232020 2270775528965860 2270775505703096 2270775516495486 2270775533176556 2270775538882326
2270775538882774 2270775549731332 2270775567546934 2270775573142510 2270775549731374 2270775560371080 2270775577428246 2270775583016220
2270775583017018 2270775594391332 2270775611748364 2270775617317200 2270775594391360 2270775604453524 2270775620952412 2270775626862596
2270775626863044 2270775638024488 2270775654457590 2270775660299468 2270775638024586 2270775648674652 2270775666289956 2270775671930570
2270775671931074 2270775683035104 2270775700156180 2270775705948708 2270775683035132 2270775693102630 2270775710182574 2270775715876878

2270886309955704 2270886318317232 2270886336095104 2270886341924088 2270886318317260 2270886328543210 2270886345518238 2270886351114388
2270886351114892 2270886360087198 2270886376698786 2270886382430526 2270886360087226 2270886369624740 2270886389126740 2270886394846580
2270886394847084 2270886404683764 2270886420852854 2270886426519200 2270886404683806 2270886414304592 2270886433012358 2270886438589062
2270886438589916 2270886447709642 2270886464378574 2270886469994408 2270886447709740 2270886457273840 2270886477925450 2270886483741736
2270886483742366 2270886494071090 2270886509865442 2270886515486708 2270886494071132 2270886503604922 2270886522942282 2270886528507604
2270886528508038 2270886538484060 2270886554051836 2270886559812598 2270886538484158 2270886547182246 2270886567208546 2270886572806306
2270886572807160 2270886582711726 2270886600485692 2270886606174340 2270886582711754 2270886592228184 2270886609195260 2270886614851106
2270886614851862 2270886625074788 2270886642812746 2270886648420866 2270886625074886 2270886634252180 2270886656106950 2270886661817578
2270886661818936 2270886672116650 2270886688117460 2270886693866448 2270886672116678 2270886681219688 2270886700007282 2270886705692276

2270770505161214 2270770511898224 2270770530645428 2270770536482658 2270770511898266 2270770523200046 2270770540273452 2270770545868440
2270770545868958 2270770554847032 2270770571266372 2270770576903808 2270770554847060 2270770563982718 2270770581711156 2270770587306732
2270770587307236 2270770597026470 2270770614497000 2270770620232212 2270770597026498 2270770606180874 2270770625294150 2270770630996966
2270770630998492 2270770640550790 2270770659143084 2270770664843604 2270770640550818 2270770649765114 2270770669259428 2270770674843706
2270770674845400 2270770684713594 2270770704484002 2270770710225766 2270770684713622 2270770693380994 2270770714943850 2270770720635816
2270770720636306 2270770730584034 2270770748834700 2270770754580958 2270770730584062 2270770739424614 2270770759018580 2270770764710056
2270770764711568 2270770774795782 2270770793651206 2270770799296188 2270770774795824 2270770783466038 2270770803777308 2270770809474146
2270770809475910 2270770819457014 2270770837828318 2270770843417314 2270770819457042 2270770828242308 2270770848024336 2270770853660400
2270770853660918 2270770863655154 2270770881863820 2270770887494550 2270770863655182 2270770872204058 2270770892402488 2270770898081938

2270767822484798 2270767831196144 2270767849303688 2270767855275276 2270767831196172 2270767842077672 2270767859426626 2270767865376738
2270767865377424 2270767876012216 2270767891636384 2270767897574792 2270767876012258 2270767886311988 2270767902675874 2270767908622402
2270767908622962 2270767919419202 2270767935852332 2270767941782886 2270767919419230 2270767929579058 2270767947291928 2270767953229692
2270767953230392 2270767962849344 2270767978277288 2270767984213176 2270767962849372 2270767972743942 2270767989459242 2270767995380094
2270767995380766 2270768006162208 2270768021491200 2270768027433598 2270768006162236 2270768015767972 2270768032647198 2270768038565782
2270768038566258 2270768049392836 2270768064881904 2270768070873862 2270768049392864 2270768059329714 2270768076131618 2270768082081646
2270768082082542 2270768092884158 2270768108081326 2270768114080746 2270768092884186 2270768103517018 2270768119354602 2270768125283574
2270768125284064 2270768136124320 2270768151662878 2270768157688492 2270768136124348 2270768146169712 2270768162780040 2270768168723502
2270768168724006 2270768178589316 2270768195143812 2270768201212280 2270768178589358 2270768190008710 2270768206366086 2270768212358604

2270768499735428 2270768507687036 2270768525481148 2270768531288824 2270768507687078 2270768518338642 2270768535465766 2270768541056820
2270768541057310 2270768549871052 2270768565970996 2270768571760010 2270768549871080 2270768560240320 2270768579204678 2270768584798196
2270768584799918 2270768594689028 2270768609394600 2270768614986368 2270768594689056 2270768604025250 2270768623266696 2270768628984604
2270768628986074 2270768638125148 2270768653923028 2270768659625606 2270768638125176 2270768647193242 2270768668355474 2270768674142556
2270768674143046 2270768684295090 2270768699621282 2270768705364376 2270768684295118 2270768693930156 2270768712806636 2270768718621382
2270768718621900 2270768728572176 2270768743723424 2270768749433506 2270768728572204 2270768738244790 2270768757586014 2270768763267830
2270768763268474 2270768773365120 2270768788488606 2270768794078876 2270768773365148 2270768782818298 2270768801529830 2270768807705090
2270768807706630 2270768817686194 2270768832949512 2270768838929066 2270768817686222 2270768827366522 2270768846528532 2270768852362388
2270768852364908 2270768862415620 2270768877318802 2270768883035310 2270768862415662 2270768872087590 2270768890645626 2270768896310432

2270773099760144 2270773108139690 2270773127054418 2270773132849928 2270773108139718 2270773119270012 2270773137295292 2270773142906660
2270773142907556 2270773153953108 2270773170006376 2270773175573672 2270773153953150 2270773164474976 2270773181713386 2270773187337536
2270773187337970 2270773198315846 2270773213986578 2270773219564864 2270773198315944 2270773207868116 2270773225542500 2270773231238092
2270773231238820 2270773242620330 2270773258483562 2270773264531772 2270773242620358 2270773252400730 2270773270621366 2270773276342970
2270773276343852 2270773287846616 2270773303853474 2270773309442834 2270773287846714 2270773297959628 2270773315681416 2270773321319048
2270773321319552 2270773332245572 2270773348140878 2270773353830450 2270773332245600 2270773341967998 2270773360097522 2270773365924812
2270773365925092 2270773376961236 2270773392896736 2270773398469730 2270773376961264 2270773386938602 2270773404530862 2270773410166408
2270773410167290 2270773421155498 2270773437353232 2270773442941220 2270773421155526 2270773431153808 2270773449120484 2270773454703124
2270773454704006 2270773465703022 2270773481296530 2270773486886492 2270773465703120 2270773475391120 2270773492899744 2270773498619290
