This is TeX, Version 3.14159 (Web2C 7.4.5) (format=tex 2004.3.8)  15 MAY 2004 12:57
**lambda
(./lambda.tex
\testtoks=\toks12

Identity:
input : \Identity {foo}
output : fooTF

Taking first argument:
input : \First {first}{second}
output : first

Taking second argument:
input : \Second {first}{second}
output : second

Twiddling arguments of First:
input : \Twiddle \First {first}{second}
output : second

Twiddling arguments of Second:
input : \Twiddle \Second {first}{second}
output : first

True takes first of TF:
input : \True 
output : T

False takes second of TF:
input : \False 
output : F

Not true is false:
input : \Not \True 
output : F

And truth table TrueTrue:
input : \And \True \True 
output : T

And truth table TrueFalse:
input : \And \True \False 
output : F

And truth table FalseTrue:
input : \And \False \True 
output : F

And truth table FalseFalse:
input : \And \False \False 
output : F

Or truth table TrueTrue:
input : \Or \True \True 
output : T

Or truth table TrueFalse:
input : \Or \True \False 
output : T

Or truth table FalseTrue:
input : \Or \False \True 
output : T

Or truth table FalseFalse:
input : \Or \False \False 
output : F

Conditional positive:
input : \ConditionalChoice \IfIsPositive \True \False 3
output : T

Truth value of test1:
input : \TestResult \IfIsPositive {4}
output : T

Truth value of test2:
input : \TestResult \IfIsPositive {-2}\True \False 
output : F

Truth value of test3:
input : \IfIsPositive {3}\True \False 
output : T

Detect NIL:
input : \IsNil \Nil 
output : T

Detect non-NIL:
input : \IsNil {\Singleton \Nil }
output : F

Head of a singleton:
input : \Head {\Singleton \True }
output : T

Head of a tail of a 2-elt list:
input : \Head {\Tail {\Cons \True {\Singleton \False }}}
output : F

Test list content:
input : \IfIsPositive {\Head {\Singleton {3}}}
output : T

Test list content:
input : \IfIsPositive {\Head {\Tail {\Cons {3}{\Singleton {-4}}}}}
output : F

Infinite objects:
input : \Head {\Tail {\Stream 3}}
output : 3

Infinite objects:
input : \Head {\Tail {\Tail {\Tail {\Tail {\Tail {\Stream 3}}}}}}
output : 3

Increment:
input : \Transcribe {\AddOne {\AddOne {\AddOne \Zero }}}
output : 111T

Test even:
input : \IsEven {\AddOne {\AddOne {\AddOne \Zero }}}
output : F

Test odd:
input : \IsOdd {\AddOne {\AddOne {\AddOne \Zero }}}
output : T

Test even:
input : \IsEven {\AddOne {\AddOne {\AddOne {\AddOne {\Zero }}}}}
output : T

Test odd:
input : \IsOdd {\AddOne {\AddOne {\AddOne {\AddOne {\Zero }}}}}
output : F

Cat two lists:
input : \Transcribe {\Cat {\Singleton \Nil }{\Cons \Nil {\Singleton \Nil }}}
output : 111T

\dtoks=\toks13
\n=\count26
Adding numbers:
input : \Transcribe {\Add {\Three }{\Five }}
output : 11111111T

Adding a list:
input : \Transcribe {\AddTogether {\Cons \Two {\Singleton \Three }}}
output : 11111T

Adding a list:
input : \Transcribe {\AddTogether {\Cons \Two {\Cons \Three {\Singleton \Three 
}}}}
output : 11111111T

Multiplication:
input : \Transcribe {\Mult {\Three }{\Two }}
output : 111111T

Multiplication:
input : \Transcribe {\Mult {\Three }{\Five }}
output : 111111111111111T

Integers:
input : \Transcribe {\Head {\Tail {\Integers }}}
output : 1T

Integers:
input : \Transcribe {\Head {\Tail {\Tail {\Tail {\Tail {\Tail {\Integers }}}}}}
}
output : 11111T

Keep even:
input : \KeepIf \IsEven \One 
output : T

Keep even:
input : \KeepIf \IsEven \Two 
output : 11T

Keep odd:
input : \KeepIf \IsOdd \One 
output : 1T

Keep odd:
input : \KeepIf \IsOdd \Two 
output : T

:
input : \NextEven {\Tail \Integers }
output : 11T

:
input : \NextSatisfies {\Tail \Integers }
output : 11T

 )
No pages of output.
