16 2666
1291855126722962 1291855126779694 1291855149672150 1291855521911910 1291855126779982 1291855126797286 1291855521921975 1291855893280230
1291855149671643 1291855149695358 1291855893290256 1291856266092006 1291855521920889 1291855521940266 1291856266102893 1291856638850724
1291855893288693 1291855893299307 1291856638859592 1291857011557329 1291856266102050 1291856266115481 1291857011566854 1291857383808468
1291856638858920 1291856638869663 1291857383817276 1291857754721325 1291857011566083 1291857011579304 1291857754727997 1291858127044557
1291857383816559 1291857383826771 1291858127051130 1291858500125694 1291857754727289 1291857754739835 1291858500136098 1291858873532220
1291858127050686 1291858127062401 1291858873541358 1291859272762107 1291858500135462 1291858500151983 1291859272771554 1291859673488307
1291858873540788 1291858873550121 1291859673497559 1291860092339865 1291859272770279 1291859272781793 1291860092348715 1291860510732207
1291859673496884 1291859673512835 1291860510741900 1291860931275066 1291860092347620 1291860092361009 1291860931283943 1291861352450121
1291860510740862 1291860510752964 1291861352459313 1291861770243663 1291860931283091 1291860931296837 1291861770252594 1291862186052249

146913107965197 146913108018291 146913130802916 146913502756764 146913108018651 146913108037701 146913502764480 146913873507558
146913130802223 146913130843794 146913873514272 146914245306405 146913502763523 146913502778151 146914245313947 146914616101071
146913873513996 146913873528342 146914616108121 146914988427732 146914245313218 146914245329670 146914988434374 146915359615734
146914616108466 146914616128956 146915359622736 146915732043780 146914988433921 146914988446275 146915732050059 146916103276632
146915359621896 146915359633050 146916103285416 146916476426826 146915732049306 146915732059563 146916476435754 146916848720322
146916103284399 146916103297242 146916848729178 146917244484603 146916476434836 146916476450490 146917244494299 146917640811762
146916848728809 146916848741742 146917640819712 146918060950299 146917244493435 146917244505246 146918060957310 146918479003479
146917640818926 146917640833665 146918479010007 146918899896144 146918060956551 146918060968536 146918899906338 146919320242506
146918479009530 146918479020825 146919320251170 146919738790473 146918899905672 146918899918512 146919738797247 146920155420342

1286023420203405 1286023420258200 1286023446032022 1286023818557232 1286023420258392 1286023420277235 1286023818564201 1286024190316518
1286023446031329 1286023446094509 1286024190325353 1286024563430817 1286023818563511 1286023818579027 1286024563438908 1286024935584570
1286024190324972 1286024190336912 1286024935594068 1286025307876320 1286024563438254 1286024563450590 1286025307883022 1286025679595700
1286024935593048 1286024935602642 1286025679601715 1286026051656660 1286025307882005 1286025307891245 1286026051682952 1286026423014831
1286025679601169 1286025679611540 1286026423021941 1286026794231597 1286026051682466 1286026051692510 1286026794240939 1286027165420796
1286026423021419 1286026423032015 1286027210116704 1286027621080677 1286026794239997 1286026794249951 1286027626395645 1286028037749933
1286027210115633 1286027210136153 1286028037759182 1286028457196079 1286027626395000 1286027626411368 1286028457202814 1286028875320884
1286028037758462 1286028037773468 1286028875327748 1286029296888042 1286028457202142 1286028457220073 1286029296897363 1286029719130788
1286028875326869 1286028875339151 1286029719139344 1286030137215672 1286029296896445 1286029296907425 1286030137222302 1286030555071737

1286033497630788 1286033497690023 1286033521125903 1286033893299924 1286033497690404 1286033497707789 1286033893306299 1286034264404625
1286033521125069 1286033521151625 1286034264411237 1286034635987679 1286033893305798 1286033893319469 1286034635997945 1286035006858716
1286034264410628 1286034264423633 1286035006868595 1286035376796468 1286034635996754 1286034636012135 1286035376803275 1286035748994654
1286035006867731 1286035006883082 1286035749000819 1286036120089779 1286035376802639 1286035376814669 1286036120097027 1286036492650359
1286035749000381 1286035749013428 1286036492679447 1286036864890485 1286036120096262 1286036120108925 1286036864900640 1286037237571107
1286036492656896 1286036492667642 1286037237579162 1286037649054728 1286036864899206 1286036864915010 1286037649063746 1286038061568636
1286037237578127 1286037237590757 1286038061578179 1286038481278818 1286037649062729 1286037649075095 1286038481285253 1286038900226001
1286038061577354 1286038061591409 1286038900232682 1286039317296513 1286038481284539 1286038481295279 1286039317306422 1286039735013969
1286038900232214 1286038900246479 1286039735023497 1286040153334950 1286039317305378 1286039317317378 1286040153341292 1286040569978403

1286034070425126 1286034070480047 1286034094527825 1286034467071773 1286034070480383 1286034070498365 1286034467081775 1286034838459734
1286034094527069 1286034094554717 1286034838465533 1286035210813440 1286034467081415 1286034467103969 1286035210821765 1286035582201482
1286034838465263 1286034838481901 1286035582206831 1286035952975673 1286035210821123 1286035210833438 1286035952984697 1286036324405073
1286035582206369 1286035582217184 1286036324414046 1286036695839189 1286035952983608 1286035952996502 1286036695844847 1286037068218920
1286036324413248 1286036324424447 1286037068227197 1286037439347171 1286036695844250 1286036695856565 1286037439352376 1286037811768932
1286037068226864 1286037068241861 1286037811776354 1286038221000858 1286037439351659 1286037439366005 1286038221010038 1286038631448525
1286037811775811 1286037811786305 1286038631457348 1286039050210758 1286038221009141 1286038221021321 1286039050218603 1286039470148457
1286038631456640 1286038631468478 1286039470153674 1286039890321881 1286039050217859 1286039050228161 1286039890331991 1286040311775093
1286039470153224 1286039470166328 1286040311784063 1286040729232896 1286039890331325 1286039890345320 1286040729237396 1286041147327092

1286029249133697 1286029249186830 1286029272843219 1286029644063570 1286029249187103 1286029249205163 1286029644071472 1286030016583653
1286029272842754 1286029272868656 1286030016589989 1286030387671719 1286029644070833 1286029644085605 1286030387678631 1286030759796126
1286030016589272 1286030016601866 1286030759801763 1286031132697785 1286030387677920 1286030387690100 1286031132706803 1286031505374987
1286030759801427 1286030759811117 1286031505382817 1286031877741311 1286031132706056 1286031132718260 1286031877747458 1286032249163484
1286031505382019 1286031505391457 1286032249170510 1286032621244751 1286031877746732 1286031877756953 1286032621252209 1286032992421452
1286032249170108 1286032249185621 1286032992427374 1286033404448565 1286032621251477 1286032621270179 1286033404458003 1286033815542645
1286032992426900 1286032992440127 1286033815551075 1286034235543881 1286033404457316 1286033404474422 1286034235552431 1286034655934385
1286033815550367 1286033815562721 1286034655943364 1286035076762526 1286034235551519 1286034235563519 1286035076768724 1286035495586322
1286034655942386 1286034655959792 1286035495592247 1286035913393265 1286035076768271 1286035076782758 1286035913401938 1286036330363151

1286032785468060 1286032785522474 1286032810441899 1286033183093886 1286032785522603 1286032785540243 1286033183100387 1286033554876296
1286032810441095 1286032810492179 1286033554884471 1286033927445054 1286033183100066 1286033183114589 1286033927451156 1286034299150934
1286033554884243 1286033554899510 1286034299158188 1286034673525848 1286033927450496 1286033927459574 1286034673534758 1286035047758856
1286034299157693 1286034299167371 1286035047768465 1286035419152616 1286034673533918 1286034673545255 1286035419159381 1286035791834207
1286035047767412 1286035047776682 1286035791840432 1286036163284298 1286035419158664 1286035419171198 1286036163291135 1286036535871263
1286035791839748 1286035791850677 1286036535877446 1286036935418268 1286036163290382 1286036163302874 1286036935425006 1286037336678195
1286036535877017 1286036535890127 1286037336684315 1286037756229422 1286036935424316 1286036935434618 1286037756238257 1286038174941405
1286037336683838 1286037336699849 1286038174949970 1286038596267546 1286037756237216 1286037756251289 1286038596274683 1286039016429267
1286038174949247 1286038174964286 1286039016436260 1286039435870064 1286038596273864 1286038596287784 1286039435879028 1286039854125711

146912748134904 146912748190113 146912772493092 146913144083607 146912748190137 146912748207591 146913144090795 146913514189851
146912772492468 146912772540843 146913514196580 146913886097631 146913144089958 146913144100878 146913886103733 146914257285429
146913514196106 146913514210566 146914257292959 146914628618739 146913886103058 146913886111155 146914628624277 146914999970613
146914257292443 146914257302457 146914999977327 146915370941910 146914628623524 146914628631450 146915370947553 146915740804983
146914999977048 146914999988442 146915740811877 146916112309314 146915370946863 146915370960411 146916112318677 146916483121692
146915740811412 146915740822737 146916483130728 146916891539382 146916112317810 146916112331736 146916891550497 146917299558891
146916483129963 146916483142638 146917299567684 146917719679539 146916891549579 146916891563391 146917719685986 146918138162547
146917299566961 146917299581589 146918138169432 146918564270025 146917719685536 146917719697215 146918564279112 146918984952426
146918138169147 146918138182503 146918984962086 146919401926260 146918564278488 146918564296443 146919401933676 146919818976228

146905601747710 146905601806602 146905627032483 146905999647384 146905601806662 146905601824078 146905999655685 146906371098474
146905627031844 146905627058811 146906371104918 146906743475538 146905999654758 146905999668870 146906743485291 146907114932304
146906371104399 146906371115952 146907114941205 146907485805894 146906743484358 146906743495497 146907485813001 146907858861345
146907114940695 146907114954165 146907858867624 146908229968476 146907485812479 146907485823072 146908229975208 146908602664311
146907858867093 146907858877668 146908602670803 146908974061407 146908229974476 146908229986602 146908974070914 146909346222813
146908602670290 146908602683556 146909346232353 146909753172102 146908974069957 146908974083028 146909753182056 146910159892146
146909346231564 146909346243474 146910159901131 146910578703588 146909753181066 146909753189892 146910578709759 146910999091161
146910159900555 146910159917640 146910999097542 146911419590673 146910578709219 146910578720880 146911419597579 146911839990375
146910999096969 146910999113547 146911839997230 146912260607196 146911419597009 146911419609666 146912260616337 146912680230246

1285543463799492 1285543463849646 1285543486385208 1285543857376146 1285543463849988 1285543463879244 1285543857384543 1285544229705033
1285543486384758 1285543486410624 1285544229711150 1285544602503867 1285543857383754 1285543857399021 1285544602514262 1285544973645825
1285544229710988 1285544229727725 1285544973654858 1285545345400752 1285544602513434 1285544602526685 1285545345410310 1285545716115072
1285544973654126 1285544973663894 1285545716123871 1285546087694766 1285545345409653 1285545345420327 1285546087704513 1285546460675991
1285545716123157 1285545716133294 1285546460685372 1285546831837626 1285546087703580 1285546087716795 1285546831845375 1285547204253213
1285546460684847 1285546460697879 1285547204257917 1285547614716453 1285546831844814 1285546831857459 1285547614725309 1285548025447143
1285547204257395 1285547204270775 1285548025456587 1285548442893783 1285547614724394 1285547614734651 1285548442902810 1285548859752918
1285548025455864 1285548025469481 1285548859762653 1285549281472734 1285548442901856 1285548442911807 1285549281478509 1285549700081655
1285548859762125 1285548859773942 1285549700090070 1285550118411588 1285549281477990 1285549281490410 1285550118421695 1285550535206346

1285533035212695 1285533035268285 1285533061811526 1285533432987900 1285533035268546 1285533035284737 1285533432997278 1285533805929387
1285533061811115 1285533061840902 1285533805938561 1285534176935298 1285533432996627 1285533433012332 1285534176940056 1285534549703034
1285533805937796 1285533805950417 1285534549709340 1285534920577011 1285534176939771 1285534176952740 1285534920585879 1285535291362044
1285534549708776 1285534549720329 1285535291371053 1285535662479771 1285534920585501 1285534920598014 1285535662485069 1285536034893213
1285535291370213 1285535291386677 1285536034899522 1285536405596274 1285535662484247 1285535662496634 1285536405602190 1285536777620112
1285536034898943 1285536034909449 1285536825409266 1285537237644474 1285536405601383 1285536405613032 1285537242208203 1285537653384900
1285536825408651 1285536825445902 1285537653393048 1285538071273158 1285537242207000 1285537242223938 1285538071278843 1285538488970556
1285537653392172 1285537653408357 1285538488976844 1285538908753038 1285538071278009 1285538071289538 1285538908761570 1285539328739397
1285538488976250 1285538488985775 1285539328746933 1285539745369641 1285538908760526 1285538908770429 1285539745376412 1285540159815489

1285238846561751 1285238846617005 1285238870435388 1285239243275166 1285238846617371 1285238846635824 1285239243282009 1285239615053604
1285238870467284 1285238870491374 1285239615061062 1285239986975064 1285239243281262 1285239243296523 1285239986984337 1285240359139485
1285239615060357 1285239615075693 1285240359149094 1285240729846194 1285239986983251 1285239986994837 1285240729852812 1285241102218578
1285240359148053 1285240359164586 1285241102223648 1285241473300302 1285240729852113 1285240729862808 1285241473308279 1285241845781667
1285241102223123 1285241102238417 1285241845787406 1285242218236722 1285241473306854 1285241473321077 1285242218245839 1285242590403180
1285241845786674 1285241845801620 1285242590412129 1285243000862985 1285242218244867 1285242218258958 1285243000872678 1285243412265180
1285242590411421 1285242590422536 1285243412273448 1285243828724418 1285243000871766 1285243000884738 1285243828730943 1285244247265332
1285243412272710 1285243412283945 1285244247271236 1285244669928069 1285243828730283 1285243828742928 1285244669937801 1285245091468422
1285244247270747 1285244247286512 1285245091477302 1285245509013288 1285244669937120 1285244669949834 1285245509018817 1285245924762504

1312448043363711 1312448043421963 1312448068875387 1312448441648073 1312448043422243 1312448043441315 1312448441656014 1312448813657109
1312448068874694 1312448068900914 1312448813663265 1312449186678474 1312448441655840 1312448441669754 1312449186686220 1312449558507513
1312448813662848 1312448813677752 1312449558513942 1312449930681744 1312449186685572 1312449186701397 1312449930690783 1312450301681532
1312449558513477 1312449558529284 1312450301687214 1312450673741469 1312449930690009 1312449930704988 1312450673750766 1312451044716438
1312450301686695 1312450301700690 1312451044722294 1312451415521013 1312450673750052 1312450673765025 1312451415531606 1312451787398283
1312451044721988 1312451044733655 1312451787407580 1312452201166251 1312451415530742 1312451415543498 1312452201175428 1312452615034524
1312451787407052 1312451787419004 1312452615044553 1312453033259151 1312452201174489 1312452201187791 1312453033267632 1312453452647235
1312452615043881 1312452615051690 1312453452653463 1312453871485278 1312453033266927 1312453033280892 1312453871494383 1312454292571836
1312453452652824 1312453452667143 1312454292581517 1312454709878643 1312453871493450 1312453871503296 1312454709885186 1312455127061049

1285243460687949 1285243460742606 1285243484587623 1285243855549467 1285243460742663 1285243460761938 1285243855556949 1285244228244816
1285243484587311 1285243484608899 1285244228253507 1285244599395357 1285243855556220 1285243855568100 1285244599401468 1285244972164542
1285244228252679 1285244228264664 1285244972172948 1285245343247631 1285244599400643 1285244599413945 1285245343253274 1285245715499490
1285244972171949 1285244972183838 1285245715506999 1285246086438753 1285245343252896 1285245343265061 1285246086443898 1285246458646797
1285245715506711 1285245715518612 1285246458654438 1285246830158085 1285246086443415 1285246086455211 1285246830167460 1285247202370557
1285246458653877 1285246458668784 1285247239270089 1285247650373061 1285246830166707 1285246830180141 1285247650382187 1285248067182393
1285247239269099 1285247239304874 1285248067191987 1285248488357637 1285247650381014 1285247650393566 1285248488367468 1285248908423793
1285248067190913 1285248067208622 1285248908433093 1285249328957268 1285248488366412 1285248488380752 1285249328966664 1285249748957655
1285248908432067 1285248908450160 1285249748967219 1285250166963129 1285249328965947 1285249328976222 1285250166970779 1285250582985831

1285247336806659 1285247336839950 1285247361868332 1285247767263171 1285247336840313 1285247336860230 1285247767271388 1285248171308913
1285247361866868 1285247361896055 1285248171315441 1285248589744860 1285247767270455 1285247767286073 1285248589755666 1285249009160178
1285248171314487 1285248171325443 1285249009168449 1285249428019866 1285248589754679 1285248589768185 1285249428028926 1285249846375851
1285249009167813 1285249009181415 1285249846384242 1285250266187115 1285249428028038 1285249428040500 1285250266196310 1285250686826712
1285249846383690 1285249846395762 1285250686834737 1285251106672671 1285250266195518 1285250266208757 1285251106679766 1285251528899067
1285250686834200 1285250686845576 1285251528905238 1285251917914836 1285251106679013 1285251106693716 1285251917923020 1285252305139467
1285251528904863 1285251528924804 1285252305147513 1285252677015873 1285251917922018 1285251917938098 1285252677024615 1285253048079213
1285252305146694 1285252305158832 1285253048087892 1285253418765717 1285252677023601 1285252677038013 1285253418772890 1285253790467604
1285253048087112 1285253048100711 1285253790474081 1285254160904508 1285253418772086 1285253418783930 1285254160911243 1285254531465504

1285242447238805 1285242447296361 1285242471631800 1285242842655591 1285242447296737 1285242447316125 1285242842662551 1285243215382494
1285242471631722 1285242471659904 1285243215390936 1285243586244270 1285242842662374 1285242842677512 1285243586250342 1285243959214584
1285243215390576 1285243215403725 1285243959221175 1285244330585580 1285243586249316 1285243586263077 1285244330594619 1285244702987058
1285243959220680 1285243959235608 1285244702996400 1285245075153378 1285244330593584 1285244330606682 1285245075160569 1285245446521911
1285244702995602 1285244703009237 1285245446527464 1285245819005925 1285245075160095 1285245075173361 1285245819015861 1285246190966667
1285245446526972 1285245446540535 1285246224689397 1285246636168086 1285245819015420 1285245819027753 1285246636177038 1285247048715567
1285246224688653 1285246224723750 1285247048725464 1285247468013525 1285246636176045 1285246636188195 1285247468019456 1285247888459790
1285247048724654 1285247048739027 1285247888468004 1285248305852730 1285247468018973 1285247468030811 1285248305858421 1285248726497721
1285247888467467 1285247888482707 1285248726505809 1285249144724019 1285248305857686 1285248305868864 1285249144731615 1285249561458666
