16 2743
1291404966813378 1291404968926464 1291404974535882 1291405348071231 1291404968926482 1291404971235057 1291405348168986 1291405723208988
1291405723209981 1291405724974200 1291405728334803 1291406103890148 1291405724974221 1291405726650552 1291406105452446 1291406480762190
1291406480764929 1291406482541427 1291406485924035 1291406858511708 1291406482541463 1291406484198339 1291406860030047 1291407233963502
1291407233965101 1291407235700643 1291407239068785 1291407614546556 1291407235700664 1291407237387057 1291407616076868 1291407991187130
1291407991187430 1291407992973594 1291407996346713 1291408366422963 1291407992973630 1291407994645407 1291408367970066 1291408740884382
1291408740884619 1291408742751564 1291408748197170 1291409170142340 1291408742751585 1291408744583967 1291409188773219 1291409610849342
1291409610849624 1291409613267768 1291409636621691 1291410085481865 1291409613267792 1291409615520825 1291410085608129 1291410540937521
1291410540937743 1291410543262971 1291410549351669 1291411004520324 1291410543262992 1291410545495580 1291411006179813 1291411459550658
1291411459550931 1291411461905892 1291411466476281 1291411918185459 1291411461905913 1291411464123669 1291411920325200 1291412372923128

146462948028447 146462950162983 146462955744576 146463325628814 146462950163004 146462952467448 146463325722765 146463699595977
146463699596901 146463701336754 146463706613946 146464077027036 146463701336775 146463702994380 146464077834204 146464450596315
146464450597338 146464452321336 146464464172974 146464837948023 146464452321357 146464453993728 146464839554802 146465213663853
146465213665581 146465215415046 146465218747548 146465590610532 146465215415082 146465217073143 146465592150975 146465962317699
146465962317930 146465964045060 146465974608246 146466348133179 146465964045084 146465965724769 146466349659840 146466722010558
146466722011515 146466723790086 146466729091257 146467142906646 146466723790107 146466725505885 146467165522605 146467579271148
146467579273023 146467581575844 146467608924633 146468047158510 146467581575862 146467583673444 146468048144700 146468462397402
146468462398293 146468464474497 146468524940529 146468939800560 146468464474518 146468466390099 146468941220031 146469356862111
146469356863815 146469358936131 146469443574060 146469855434439 146469358936356 146469360787431 146469856477518 146470270710645

1285573261511916 1285573263634440 1285573269230496 1285573638856395 1285573263634461 1285573265933352 1285573638953370 1285574012207520
1285574012208285 1285574013978816 1285574018369055 1285574386247886 1285574013978837 1285574015619522 1285574388806454 1285574760159057
1285574760159828 1285574761894812 1285574766457746 1285575138629949 1285574761894833 1285574763572268 1285575140225979 1285575512518815
1285575512519091 1285575514259448 1285575529285002 1285575901138941 1285575514259469 1285575515880462 1285575901647336 1285576273336497
1285576273337829 1285576275102969 1285576278383925 1285576649562198 1285576275102990 1285576276736628 1285576651105644 1285577022728256
1285577022729474 1285577024784381 1285577037711411 1285577477436228 1285577024784402 1285577026679112 1285577479111437 1285577919989121
1285577919989361 1285577922409056 1285577927015214 1285578375397809 1285577922409074 1285577924643069 1285578377481339 1285578826666731
1285578826666950 1285578829013064 1285578835793877 1285579284756522 1285578829013100 1285578831250812 1285579285815906 1285579735965918
1285579735967160 1285579738330911 1285579747341852 1285580199962286 1285579738330929 1285579740597057 1285580200125117 1285580653772151

1285583335203402 1285583337309900 1285583342913546 1285583713863129 1285583337309936 1285583339618175 1285583713956858 1285584085959915
1285584085961079 1285584087715035 1285584093319845 1285584464917239 1285584087715056 1285584089343360 1285584466049991 1285584837492768
1285584837494643 1285584839221689 1285584850901916 1285585222222083 1285584839221710 1285584840894489 1285585223765280 1285585596336342
1285585596338100 1285585598118702 1285585604070168 1285585977036951 1285585598118723 1285585599760140 1285585977539901 1285586349424674
1285586349425856 1285586351177172 1285586361339111 1285586732607477 1285586351177193 1285586352838824 1285586734117839 1285587105968004
1285587105969135 1285587108004953 1285587113551539 1285587552346383 1285587108004989 1285587109936944 1285587554012577 1285587993620337
1285587993620562 1285587995914683 1285588001841924 1285588453422924 1285587995914710 1285587998087787 1285588455210102 1285588907169816
1285588907170086 1285588909571358 1285588915759155 1285589365350939 1285588909571556 1285588911863475 1285589366438721 1285589815909137
1285589815909410 1285589818294959 1285589830317720 1285590279098841 1285589818295004 1285589820559053 1285590280163562 1285590730606611

1285583908156728 1285583910240186 1285583915814546 1285584285428130 1285583910240207 1285583912514960 1285584285947319 1285584659309241
1285584659310090 1285584661059468 1285584665827035 1285585036642785 1285584661059489 1285584662739774 1285585036800999 1285585410173397
1285585410174294 1285585411907799 1285585422320004 1285585793731677 1285585411907841 1285585413577461 1285585793855892 1285586168088453
1285586168089347 1285586169823422 1285586175518115 1285586545178151 1285586169823443 1285586171522724 1285586545691376 1285586918962980
1285586918963730 1285586920730751 1285586932755915 1285587304173612 1285586920730772 1285586922383214 1285587305298891 1285587678996531
1285587678998769 1285587681094560 1285587685304454 1285588123822362 1285587681094581 1285587683050212 1285588125899829 1285588564078125
1285588564078362 1285588566356004 1285588572339429 1285589020786923 1285588566356025 1285588568546412 1285589021899443 1285589471487051
1285589471487318 1285589473821975 1285589483882949 1285589933042721 1285589473821996 1285589476054542 1285589933239344 1285590385801206
1285590385801434 1285590388149669 1285590401171997 1285590852856542 1285590388149690 1285590390345468 1285590855141960 1285591307087124

1285579088375052 1285579090484097 1285579096031844 1285579465342179 1285579090484115 1285579092754032 1285579465436307 1285579838449167
1285579838449887 1285579840211784 1285579843572954 1285580215446255 1285579840211805 1285579841847516 1285580216996247 1285580589260823
1285580589262536 1285580591033403 1285580595801369 1285580968877766 1285580591033424 1285580592644754 1285580968956378 1285581340917207
1285581340918359 1285581342710439 1285581354183006 1285581724594797 1285581342710460 1285581344366763 1285581724713177 1285582096473369
1285582096473612 1285582098219036 1285582103069772 1285582476558171 1285582098219312 1285582099846194 1285582476672093 1285582848493575
1285582848493863 1285582850538990 1285582862539128 1285583302448892 1285582850539011 1285582852470732 1285583304710052 1285583744700480
1285583744700744 1285583747106798 1285583753279016 1285584200790108 1285583747106819 1285583749345275 1285584202215849 1285584653475654
1285584653475891 1285584655880457 1285584662025693 1285585109444061 1285584655880478 1285584658151613 1285585110566319 1285585561807251
1285585561807491 1285585564176906 1285585569246060 1285586018776311 1285585564176927 1285585566399621 1285586021068758 1285586473556727

1285582622598501 1285582624648875 1285582630182606 1285582999803417 1285582624648896 1285582626885126 1285582999900329 1285583373267489
1285583373268731 1285583375020707 1285583379409563 1285583749866546 1285583375020728 1285583376662934 1285583750365530 1285584123594039
1285584123594954 1285584125328258 1285584129738798 1285584502030998 1285584125328291 1285584126994491 1285584503164170 1285584874853379
1285584874853628 1285584876626673 1285584881458809 1285585251350874 1285584876626706 1285584878270109 1285585251428442 1285585623250623
1285585623250929 1285585624999698 1285585634631432 1285586008206063 1285585624999716 1285585626614499 1285586008294632 1285586380120017
1285586380120362 1285586381984982 1285586386209393 1285586805439692 1285586381985003 1285586383705176 1285586807675769 1285587226619499
1285587226621602 1285587228954918 1285587281876187 1285587735458619 1285587228954939 1285587231126891 1285587737217021 1285588190545194
1285588190545425 1285588192901796 1285588198990383 1285588647014343 1285588192901832 1285588195076907 1285588648106298 1285589099558766
1285589099558970 1285589101963674 1285589106569415 1285589554051254 1285589101963695 1285589104208259 1285589556110574 1285590007238277

146462587456806 146462589584124 146462595212061 146462965537635 146462589584145 146462591882559 146462966135424 146463338200359
146463338201475 146463339968550 146463344732007 146463717519714 146463339968571 146463341581017 146463717624363 146464089398826
146464089400563 146464091182167 146464095552342 146464468244466 146464091182203 146464092766713 146464469371014 146464842714855
146464842715236 146464844510379 146464849141350 146465220075972 146464844510397 146464846112286 146465221227639 146465590719870
146465590720137 146465592449448 146465602143303 146465974696512 146465592449484 146465594071239 146465974858221 146466347650737
146466347651043 146466349662963 146466360378036 146466793403724 146466349662984 146466351555780 146466795619881 146467228194867
146467228195131 146467230566199 146467246054110 146467698944688 146467230566220 146467232801148 146467699593018 146468151533826
146468151534159 146468153877543 146468159821182 146468609440233 146468153877759 146468156056776 146468610201000 146469061966047
146469061966278 146469064322478 146469068916459 146469513301965 146469064322499 146469066472434 146469515568423 146469961173441

146455448899701 146455450976775 146455456513491 146455826634141 146455450976802 146455453218234 146455828027428 146456201661732
146456201663250 146456203432404 146456206796115 146456576204319 146456203432425 146456205099624 146456578768581 146456950087572
146456950089432 146456951840025 146456956213137 146457328702416 146456951840052 146456953496517 146457329821413 146457702048654
146457702048873 146457703826703 146457713142246 146458082778522 146457703826724 146457705436503 146458083865128 146458454706909
146458454708001 146458456458135 146458468304019 146458839800415 146458456458156 146458458046188 146458839883788 146459213323146
146459213324664 146459215299456 146459219857404 146459652541650 146459215299477 146459217179367 146459657601285 146460089599560
146460089599812 146460091877880 146460118590453 146460571775055 146460091877913 146460093983082 146460571885320 146461024397367
146461024397637 146461026741543 146461031292708 146461483932825 146461026741726 146461028962206 146461486027752 146461939665387
146461939665663 146461942076037 146461946611299 146462399137068 146461942076211 146461944236586 146462401178379 146462854924563

1285093303009587 1285093305156720 1285093310738022 1285093680335001 1285093305156741 1285093307445294 1285093680416016 1285094053299837
1285094053300920 1285094055063723 1285094059009389 1285094427024291 1285094055063744 1285094056686765 1285094428573302 1285094799234498
1285094799235719 1285094800943160 1285094808075396 1285095178618404 1285094800943181 1285094802563805 1285095180168753 1285095552016707
1285095552016935 1285095553777641 1285095558778479 1285095930532302 1285095553777662 1285095555376875 1285095931072104 1285096304286447
1285096304287614 1285096306047855 1285096314894252 1285096682045508 1285096306048047 1285096307681970 1285096682138568 1285097055261699
1285097055262908 1285097057338980 1285097071354761 1285097511299076 1285097057339001 1285097059235775 1285097513065050 1285097952921759
1285097952921990 1285097955338466 1285097961362958 1285098408144699 1285097955338484 1285097957533845 1285098409334208 1285098860059977
1285098860061171 1285098862440447 1285098881430582 1285099328697099 1285098862440483 1285098864628581 1285099329714135 1285099781063172
1285099781064063 1285099783440177 1285099796773863 1285100249830527 1285099783440207 1285099785694887 1285100251556745 1285100703997254

1285082878111668 1285082880201462 1285082885799960 1285083258489501 1285082880201483 1285082882498502 1285083258577872 1285083631534002
1285083631535079 1285083633308760 1285083636688221 1285084008797007 1285083633308778 1285083634942632 1285084010281119 1285084381465320
1285084381466643 1285084383215988 1285084386593358 1285084756701600 1285084383216024 1285084384869033 1285084760031279 1285085129380272
1285085129381874 1285085131135332 1285085135437239 1285085506380465 1285085131135389 1285085132775378 1285085507505105 1285085876878080
1285085876879088 1285085878622082 1285085885520516 1285086258837564 1285085878622103 1285085880266415 1285086259982064 1285086632674818
1285086632676636 1285086634749837 1285086640824825 1285087079167116 1285086634749858 1285086636696135 1285087079310882 1285087519262355
1285087519263777 1285087521700248 1285087530841578 1285087977273954 1285087521700269 1285087524008919 1285087978414047 1285088428558446
1285088428558749 1285088430875733 1285088451084963 1285088899953483 1285088430875769 1285088433100539 1285088901618648 1285089351344277
1285089351344523 1285089353661141 1285089363640362 1285089812649918 1285089353661171 1285089355791240 1285089812758887 1285090263987816

1284788688514014 1284788690643297 1284788696253372 1284789067145490 1284788690643318 1284788692961280 1284789067250940 1284789439863447
1284789439864221 1284789441646830 1284789445994010 1284789817979421 1284789441646851 1284789443259567 1284789818532024 1284790190146584
1284790190147655 1284790191915210 1284790196277720 1284790569986298 1284790191915231 1284790193547171 1284790571130762 1284790943617389
1284790943617737 1284790945444308 1284790949838939 1284791322319917 1284790945444344 1284790947113010 1284791322799182 1284791694259770
1284791694260049 1284791696002665 1284791700378408 1284792068875131 1284791696002686 1284791697645486 1284792070308939 1284792439528572
1284792439529019 1284792441577026 1284792454972980 1284792894092988 1284792441577047 1284792443470065 1284792895758597 1284793333503093
1284793333503792 1284793335879225 1284793353437910 1284793804846896 1284793335879243 1284793338145005 1284793806577401 1284794259107550
1284794259107808 1284794261521344 1284794266416429 1284794713413588 1284794261521380 1284794263827864 1284794715561207 1284795165910437
1284795165910689 1284795168299457 1284795181775772 1284795633469626 1284795168299487 1284795170517096 1284795635171265 1284796087069920

1311997884107313 1311997886228325 1311997891383645 1311998263158897 1311997886228361 1311997888556154 1311998264142315 1311998635241958
1311998635242963 1311998636998566 1311998641322499 1311999012423969 1311998636998593 1311998638623141 1311999013562772 1311999383104629
1311999383105604 1311999384857976 1311999398210877 1311999772144044 1311999384857997 1311999386512884 1311999775867287 1312000148298552
1312000148299560 1312000150010592 1312000153306260 1312000524919152 1312000150010628 1312000151652681 1312000531914030 1312000903451691
1312000903452987 1312000905193653 1312000908618423 1312001277647886 1312000905193674 1312000906846635 1312001283780426 1312001653251537
1312001653251786 1312001655375588 1312001661020073 1312002106022214 1312001655375609 1312001657379552 1312002107649096 1312002553739973
1312002553740231 1312002556063650 1312002560553609 1312003008146388 1312002556063686 1312002558318336 1312003010258247 1312003461530931
1312003461531168 1312003463909007 1312003468450317 1312003915249770 1312003463909028 1312003466097021 1312003919287659 1312004369654625
1312004369656713 1312004372038491 1312004378066775 1312004826830205 1312004372038551 1312004374236477 1312004827963185 1312005277410882

1284793300535967 1284793302643371 1284793306650906 1284793677388815 1284793302643392 1284793304937519 1284793678903752 1284794051697063
1284794051698230 1284794053465311 1284794057842716 1284794426974422 1284794053465338 1284794055073167 1284794428044468 1284794799184176
1284794799185202 1284794800909068 1284794804245530 1284795176450343 1284794800909089 1284794802553140 1284795178026840 1284795549464412
1284795549466050 1284795551245413 1284795566996139 1284795936087978 1284795551245614 1284795552876987 1284795943183434 1284796312325208
1284796312325466 1284796314050766 1284796322039253 1284796694432040 1284796314050799 1284796315693863 1284796696011501 1284797068756146
1284797068756449 1284797070848817 1284797074983486 1284797515534188 1284797070848835 1284797072787210 1284797517720723 1284797958718143
1284797958718398 1284797961066150 1284797972996208 1284798419929743 1284797961066171 1284797963248287 1284798421027287 1284798871758468
1284798871758705 1284798874123218 1284798880803963 1284799331092275 1284798874123242 1284798876380577 1284799332733662 1284799785208668
1284799785210699 1284799787602968 1284799792208559 1284800240860863 1284799787602989 1284799789852971 1284800242821717 1284800691806466

1284797175149949 1284797177264742 1284797182341261 1284797552257662 1284797177264778 1284797179604046 1284797553090465 1284797925292983
1284797925294087 1284797927058132 1284797930325978 1284798300222528 1284797927058153 1284797928671865 1284798301793097 1284798673849359
1284798673850361 1284798675575472 1284798679854135 1284799052515020 1284798675575493 1284798677177985 1284799053799974 1284799424442393
1284799424444163 1284799426210599 1284799430582967 1284799801474182 1284799426210620 1284799427839344 1284799802546820 1284800172120402
1284800172120837 1284800173855065 1284800189050377 1284800562156195 1284800173855086 1284800175458511 1284800563817091 1284800936530119
1284800936530563 1284800938414074 1284800946031410 1284801361455690 1284800938414095 1284800940183387 1284801376314015 1284801795820806
1284801795821082 1284801798170475 1284801842337249 1284802289538804 1284801798170496 1284801800320122 1284802291155246 1284802742191401
1284802742191674 1284802744522008 1284802752952737 1284803205971823 1284802744522026 1284802746663639 1284803207052045 1284803660593350
1284803660593800 1284803662908441 1284803668936938 1284804117519267 1284803662908477 1284803665133160 1284804118636167 1284804569531691

1284792286529286 1284792288628734 1284792293672001 1284792663385557 1284792288628770 1284792290901237 1284792664230147 1284793036303176
1284793036303845 1284793038070380 1284793042401543 1284793411817760 1284793038070401 1284793039653138 1284793412596338 1284793784452050
1284793784452677 1284793786197231 1284793790455530 1284794159829882 1284793786197267 1284793787797770 1284794161035156 1284794531904495
1284794531904750 1284794533649811 1284794552413380 1284794924190690 1284794533649841 1284794535227256 1284794925344685 1284795297273918
1284795297275580 1284795299036487 1284795307578303 1284795676236135 1284795299036523 1284795300670464 1284795677700525 1284796046974029
1284796046975160 1284796049004186 1284796057887204 1284796498394133 1284796049004207 1284796050927231 1284796510044225 1284796951355475
1284796951355850 1284796953716205 1284796958504970 1284797407138527 1284796953716223 1284796955969583 1284797411065380 1284797860645374
1284797860645836 1284797863002153 1284797867543547 1284798316201542 1284797863002174 1284797865201534 1284798319383600 1284798768811458
1284798768811893 1284798771170505 1284798776018577 1284799224911184 1284798771170541 1284798773346873 1284799230888327 1284799680893454
