16 260
4598369704254373888 47712868683792 1291149454071366 1291149493663431 47712796680208 47712724582416 1291149493663482 1291149532922616
47713228984336 47713156886544 1291149532922691 1291149572259900 47713084882960 47713012785168 1291149572259954 1291149611373519
47713517187088 47713445089296 1291149611373558 1291149650752857 47713373085712 47713300987920 1291149650753217 1291149689933976
47713805389840 47713733292048 1291149689933997 1291149729260739 47713661288464 47713589190672 1291149729260760 1291149768381909
47714093592592 47714021494800 1291149768381948 1291149807696846 47713949491216 47713877393424 1291149807697236 1291149846842895
47714381795344 47714309697552 1291149846842952 1291149885884946 47714237693968 47714165596176 1291149885885285 1291149924706974
47714669998096 47714597900304 1291149924706995 1291149963704265 47714525896720 47714453798928 1291149963704313 1291150002505863
47714958200848 47714886103056 1291150002505905 1291150041520311 47714814099472 47714742001680 1291150041520341 1291150080330444
47715246403600 47715174305808 1291150080330816 1291150119348129 47715102302224 47715030204432 1291150119348156 1291150158132897

47379141292048 47379069194256 146207435127024 146207474449389 47378997190672 47378925092880 146207474449437 146207513793603
47379429494800 47379357397008 146207513793828 146207553085875 47379285393424 47379213295632 146207553085896 146207592129795
47379717697552 47379645599760 146207592129999 146207631239742 47379573596176 47379501498384 146207631239769 146207670200304
47380005900304 47379933802512 146207670200475 146207709120303 47379861798928 47379789701136 146207709120324 146207747816826
47380294103056 47380222005264 146207747817096 146207786705094 47380150001680 47380077903888 146207786705115 146207825498538
47380582305808 47380510208016 146207825498748 146207864358879 47380438204432 47380366106640 146207864358918 146207903027877
47380870508560 47380798410768 146207903028084 146207941919352 47380726407184 47380654309392 146207941919373 146207980590705
47381158711312 47381086613520 146207980590903 146208019512087 47381014609936 47380942512144 146208019512108 146208058247886
47381446914064 47381374816272 146208058248150 146208097107264 47381302812688 47381230714896 146208097107285 146208135828975

47259419914256 47259347816464 1285317749022747 1285317788262081 47259275812880 47259203715088 1285317788262102 1285317827698377
47259708117008 47259636019216 1285317827698590 1285317866697285 47259564015632 47259491917840 1285317866697312 1285317905893794
47259996319760 47259924221968 1285317905893998 1285317944855241 47259852218384 47259780120592 1285317944855271 1285317984095637
47260284522512 47260212424720 1285317984095853 1285318022850396 47260140421136 47260068323344 1285318022850432 1285318061760957
47260572725264 47260500627472 1285318061761614 1285318100449245 47260428623888 47260356526096 1285318100449296 1285318139353098
47260860928016 47260788830224 1285318139353362 1285318178060664 47260716826640 47260644728848 1285318178060712 1285318216885977
47261149130768 47261077032976 1285318216886196 1285318255503924 47261005029392 47260932931600 1285318255503963 1285318294364127
47261437333520 47261365235728 1285318294364331 1285318333028865 47261293232144 47261221134352 1285318333028916 1285318371829347
47261725536272 47261653438480 1285318371829578 1285318410524286 47261581434896 47261509337104 1285318410524358 1285318449368964

47889638420496 47889566322704 1285327820710281 1285327860128235 47889494319120 47889422221328 1285327860128355 1285327899422937
47889926623248 47889854525456 1285327899423036 1285327938680856 47889782521872 47889710424080 1285327938680889 1285327977457680
47890214826000 47890142728208 1285327977457716 1285328016542637 47890070724624 47889998626832 1285328016542673 1285328055435096
47890503028752 47890430930960 1285328055435123 1285328094427179 47890358927376 47890286829584 1285328094427206 1285328133236562
47890791231504 47890719133712 1285328133236595 1285328172108135 47890647130128 47890575032336 1285328172108171 1285328210805288
47891079434256 47891007336464 1285328210805333 1285328249722572 47890935332880 47890863235088 1285328249722593 1285328288437017
47891367637008 47891295539216 1285328288437083 1285328327292537 47891223535632 47891151437840 1285328327292573 1285328365958631
47891655839760 47891583741968 1285328365958655 1285328404822110 47891511738384 47891439640592 1285328404822131 1285328443508904
47891944042512 47891871944720 1285328443508940 1285328482395828 47891799941136 47891727843344 1285328482395849 1285328521061325

47830582620176 47830510522384 1285328393523381 1285328432908140 47830438518800 47830366421008 1285328432908161 1285328472080709
47830870822928 47830798725136 1285328472080943 1285328511398454 47830726721552 47830654623760 1285328511398487 1285328550500709
47831159025680 47831086927888 1285328550500952 1285328589606096 47831014924304 47830942826512 1285328589606117 1285328628539394
47831447228432 47831375130640 1285328628539643 1285328667416451 47831303127056 47831231029264 1285328667416475 1285328706091818
47831735431184 47831663333392 1285328706092031 1285328744941632 47831591329808 47831519232016 1285328744941653 1285328783665098
47832023633936 47831951536144 1285328783665344 1285328822555847 47831879532560 47831807434768 1285328822555874 1285328861282535
47832311836688 47832239738896 1285328861282784 1285328900177187 47832167735312 47832095637520 1285328900177214 1285328938879482
47832600039440 47832527941648 1285328938879731 1285328977770471 47832455938064 47832383840272 1285328977770543 1285329016491342
47832888242192 47832816144400 1285329016491570 1285329055308795 47832744140816 47832672043024 1285329055308819 1285329094005384

47850921721872 47850849624080 1285323574698981 1285323614131062 47850777620496 47850705522704 1285323614131278 1285323653413935
47851209924624 47851137826832 1285323653413980 1285323692566971 47851065823248 47850993725456 1285323692566992 1285323731498109
47851498127376 47851426029584 1285323731498130 1285323770601756 47851354026000 47851281928208 1285323770601792 1285323809564232
47851786330128 47851714232336 1285323809564259 1285323848692137 47851642228752 47851570130960 1285323848692191 1285323887625588
47852074532880 47852002435088 1285323887625609 1285323926500650 47851930431504 47851858333712 1285323926500686 1285323965206215
47852362735632 47852290637840 1285323965206245 1285324004117205 47852218634256 47852146536464 1285324004117235 1285324042782816
47852650938384 47852578840592 1285324042783008 1285324081733853 47852506837008 47852434739216 1285324081733889 1285324120404594
47852939141136 47852867043344 1285324120404639 1285324159249626 47852795039760 47852722941968 1285324159249668 1285324197964734
47853227343888 47853155246096 1285324197964758 1285324236831414 47853083242512 47853011144720 1285324236831462 1285324275503037

47226401517584 47226329419792 1285327108153059 1285327147536957 47226257416208 47226185318416 1285327147536978 1285327186776798
47226689720336 47226617622544 1285327186777038 1285327225968330 47226545618960 47226473521168 1285327225968393 1285327264969233
47226977923088 47226905825296 1285327264969419 1285327304077293 47226833821712 47226761723920 1285327304077335 1285327342989897
47227266125840 47227194028048 1285327342990116 1285327381834368 47227122024464 47227049926672 1285327381834425 1285327420460772
47227554328592 47227482230800 1285327420460991 1285327459333314 47227410227216 47227338129424 1285327459333332 1285327498025055
47227842531344 47227770433552 1285327498025265 1285327536856773 47227698429968 47227626332176 1285327536856800 1285327575505230
47228130734096 47228058636304 1285327575505464 1285327614372609 47227986632720 47227914534928 1285327614372633 1285327653054804
47228418936848 47228346839056 1285327653055023 1285327691873787 47228274835472 47228202737680 1285327691873808 1285327730542677
47228707139600 47228635041808 1285327730542902 1285327769370507 47228563038224 47228490940432 1285327769370543 1285327808013312

47000177537040 47000105439248 146207073735951 146207112906135 47000033435664 46999961337872 146207112906327 146207152265529
47000465739792 47000393642000 146207152265796 146207191327803 47000321638416 47000249540624 146207191327842 146207230613010
47000753942544 47000681844752 146207230613223 146207269275615 47000609841168 47000537743376 146207269275651 146207308139631
47001042145296 47000970047504 146207308139667 146207346823968 47000898043920 47000825946128 146207346823989 146207385652629
47001330348048 47001258250256 146207385652686 146207424295869 47001186246672 47001114148880 146207424295890 146207463165450
47001618550800 47001546453008 146207463165471 146207501843529 47001474449424 47001402351632 146207501843559 146207540784804
47001906753552 47001834655760 146207540784870 146207579473200 47001762652176 47001690554384 146207579473236 146207618343987
47002194956304 47002122858512 146207618344020 146207657035032 47002050854928 47001978757136 146207657035071 146207695873647
47002483159056 47002411061264 146207695873668 146207734643226 47002339057680 47002266959888 146207734643247 146207773640307

47056079568912 47056007471120 146199939684144 146199979128819 47055935467536 47055863369744 146199979128840 146200018411446
47056367771664 47056295673872 146200018411512 146200057524369 47056223670288 47056151572496 146200057524390 146200096458579
47056655974416 47056583876624 146200096458606 146200135282869 47056511873040 47056439775248 146200135282890 146200173909171
47056944177168 47056872079376 146200173909396 146200212793281 47056800075792 47056727978000 146200212793299 146200251481569
47057232379920 47057160282128 146200251481590 146200290417453 47057088278544 47057016180752 146200290417672 146200329100572
47057520582672 47057448484880 146200329100809 146200367982408 47057376481296 47057304383504 146200367982465 146200406630247
47057808785424 47057736687632 146200406630271 146200445543343 47057664684048 47057592586256 146200445543364 146200484230245
47058096988176 47058024890384 146200484230281 146200523033658 47057952886800 47057880789008 146200523033691 146200561672371
47058385190928 47058313093136 146200561672395 146200600536525 47058241089552 47058168991760 146200600536561 146200639252029

47543625117712 47543553019920 1284837789327276 1284837828630204 47543481016336 47543408918544 1284837828630225 1284837867761841
47543913320464 47543841222672 1284837867761928 1284837906917133 47543769219088 47543697121296 1284837906917169 1284837945899298
47544201523216 47544129425424 1284837945899508 1284837985178715 47544057421840 47543985324048 1284837985178928 1284838024242177
47544489725968 47544417628176 1284838024242222 1284838063281717 47544345624592 47544273526800 1284838063281738 1284838102104915
47544777928720 47544705830928 1284838102104957 1284838140901755 47544633827344 47544561729552 1284838140901776 1284838179594117
47545066131472 47544994033680 1284838179594156 1284838218442413 47544922030096 47544849932304 1284838218442449 1284838257167838
47545354334224 47545282236432 1284838257168057 1284838296022983 47545210232848 47545138135056 1284838296023187 1284838334671740
47545642536976 47545570439184 1284838334671776 1284838373565960 47545498435600 47545426337808 1284838373565996 1284838412235507
47545930739728 47545858641936 1284838412235528 1284838451055444 47545786638352 47545714540560 1284838451055465 1284838489747683

47047220850704 47047148752912 1284827366326518 1284827405562663 47047076749328 47047004651536 1284827405562684 1284827444971650
47047509053456 47047436955664 1284827444971896 1284827484095502 47047364952080 47047292854288 1284827484095538 1284827523375153
47047797256208 47047725158416 1284827523375369 1284827562448857 47047653154832 47047581057040 1284827562448878 1284827601750609
47048085458960 47048013361168 1284827601750849 1284827640448668 47047941357584 47047869259792 1284827640448716 1284827679396594
47048373661712 47048301563920 1284827679396777 1284827718083373 47048229560336 47048157462544 1284827718083409 1284827756925003
47048661864464 47048589766672 1284827756925204 1284827795647911 47048517763088 47048445665296 1284827795647962 1284827834582703
47048950067216 47048877969424 1284827834582922 1284827873244195 47048805965840 47048733868048 1284827873244231 1284827912127690
47049238269968 47049166172176 1284827912127894 1284827950832010 47049094168592 47049022070800 1284827950832034 1284827989717083
47049526472720 47049454374928 1284827989717362 1284828028409127 47049382371344 47049310273552 1284828028409154 1284828067259127

47905677438992 47905605341200 1284533176360470 1284533215680459 47905533337616 47905461239824 1284533215680480 1284533254865709
47905965641744 47905893543952 1284533254865964 1284533294131182 47905821540368 47905749442576 1284533294131203 1284533333270301
47906253844496 47906181746704 1284533333270523 1284533372512848 47906109743120 47906037645328 1284533372512869 1284533411548569
47906542047248 47906469949456 1284533411548782 1284533450720958 47906397945872 47906325848080 1284533450720979 1284533489703369
47906830250000 47906758152208 1284533489703642 1284533528511759 47906686148624 47906614050832 1284533528511780 1284533567171025
47907118452752 47907046354960 1284533567171247 1284533606049153 47906974351376 47906902253584 1284533606049174 1284533644833057
47907406655504 47907334557712 1284533644833255 1284533683701273 47907262554128 47907190456336 1284533683701291 1284533722369485
47907694858256 47907622760464 1284533722369695 1284533761178418 47907550756880 47907478659088 1284533761178439 1284533799854115
47907983061008 47907910963216 1284533799854370 1284533838699993 47907838959632 47907766861840 1284533838700032 1284533877388539

47068427251728 47068355153936 1311742371250521 1311742410573954 47068283150352 47068211052560 1311742410573984 1311742449735063
47068715454480 47068643356688 1311742449735147 1311742488945108 47068571353104 47068499255312 1311742488945129 1311742528022895
47069003657232 47068931559440 1311742528022940 1311742567219770 47068859555856 47068787458064 1311742567219815 1311742606280130
47069291859984 47069219762192 1311742606280703 1311742645322712 47069147758608 47069075660816 1311742645322745 1311742684180170
47069580062736 47069507964944 1311742684180191 1311742723030359 47069435961360 47069363863568 1311742723030593 1311742761691542
47069868265488 47069796167696 1311742761691575 1311742800630204 47069724164112 47069652066320 1311742800630234 1311742839290295
47070156468240 47070084370448 1311742839290496 1311742878147657 47070012366864 47069940269072 1311742878147696 1311742916792019
47070444670992 47070372573200 1311742916792055 1311742955633460 47070300569616 47070228471824 1311742955633496 1311742994303214
47070732873744 47070660775952 1311742994303250 1311743033190921 47070588772368 47070516674576 1311743033190957 1311743071891938

47551342637072 47551270539280 1284537787475610 1284537826694286 47551198535696 47551126437904 1284537826694307 1284537866074821
47551630839824 47551558742032 1284537866075064 1284537905060835 47551486738448 47551414640656 1284537905060856 1284537944193915
47551919042576 47551846944784 1284537944194278 1284537983147760 47551774941200 47551702843408 1284537983147781 1284538022313510
47552207245328 47552135147536 1284538022313699 1284538061263035 47552063143952 47551991046160 1284538061263089 1284538100473599
47552495448080 47552423350288 1284538100473815 1284538139154273 47552351346704 47552279248912 1284538139154294 1284538178052075
47552783650832 47552711553040 1284538178052306 1284538216768242 47552639549456 47552567451664 1284538216768263 1284538255658181
47553071853584 47552999755792 1284538255658514 1284538294359237 47552927752208 47552855654416 1284538294359276 1284538333265049
47553360056336 47553287958544 1284538333265466 1284538372001124 47553215954960 47553143857168 1284538372001145 1284538410914394
47553648259088 47553576161296 1284538410914604 1284538449704301 47553504157712 47553432059920 1284538449704364 1284538488623835

47877424607248 47877352509456 1284541661309946 1284541700547207 47877280505872 47877208408080 1284541700547228 1284541739888658
47877712810000 47877640712208 1284541739888679 1284541778958210 47877568708624 47877496610832 1284541778958240 1284541818198477
47878001012752 47877928914960 1284541818198657 1284541857309387 47877856911376 47877784813584 1284541857309417 1284541896553578
47878289215504 47878217117712 1284541896553602 1284541935488199 47878145114128 47878073016336 1284541935488226 1284541974504840
47878577418256 47878505320464 1284541974505044 1284542013345942 47878433316880 47878361219088 1284542013345981 1284542052332328
47878865621008 47878793523216 1284542052332352 1284542091045156 47878721519632 47878649421840 1284542091045369 1284542129885718
47879153823760 47879081725968 1284542129885757 1284542168580579 47879009722384 47878937624592 1284542168580660 1284542207455887
47879442026512 47879369928720 1284542207456115 1284542246165388 47879297925136 47879225827344 1284542246165406 1284542285021049
47879730229264 47879658131472 1284542285021076 1284542323740993 47879586127888 47879514030096 1284542323741209 1284542362588299

47184928239632 47184856141840 1284536772866802 1284536812278801 47184784138256 47184712040464 1284536812278822 1284536851503315
47185216442384 47185144344592 1284536851503537 1284536890698591 47185072341008 47185000243216 1284536890698612 1284536929700061
47185504645136 47185432547344 1284536929700298 1284536968763418 47185360543760 47185288445968 1284536968763463 1284537007613604
47185792847888 47185720750096 1284537007613847 1284537046438245 47185648746512 47185576648720 1284537046438263 1284537085162431
47186081050640 47186008952848 1284537085162680 1284537124000809 47185936949264 47185864851472 1284537124000830 1284537162667764
47186369253392 47186297155600 1284537162667983 1284537201517272 47186225152016 47186153054224 1284537201517296 1284537240160821
47186657456144 47186585358352 1284537240161067 1284537279010941 47186513354768 47186441256976 1284537279010974 1284537317712207
47186945658896 47186873561104 1284537317712447 1284537356538084 47186801557520 47186729459728 1284537356538105 1284537395207919
47187233861648 47187161763856 1284537395208159 1284537434054790 47187089760272 47187017662480 1284537434054811 1284537472700340
