16 3480
1292004586127751 1292004586146228 1292004641005089 1292005014925608 1292005014925629 1292005015012674 1292005069715073 1292005443288555
1292005443290490 1292005443346704 1292005548294117 1292005919083104 1292005919083140 1292005919114931 1292006030653584 1292006399988960
1292006399990022 1292006400027237 1292006541818847 1292006916133029 1292006916133050 1292006916186129 1292007067514718 1292007442834665
1292007442836603 1292007442890744 1292007580214070 1292007952351329 1292007952352382 1292007952406004 1292008097824851 1292008470528015
1292008470529836 1292008470583803 1292008623087825 1292008993083567 1292008993083588 1292008993116708 1292009140882557 1292009509140342
1292009509141368 1292009509177380 1292009671142820 1292010092998311 1292010092998332 1292010093052353 1292010285170814 1292010706433907
1292010706435761 1292010706510215 1292010821016138 1292011269555105 1292011269555126 1292011269590541 1292011357575954 1292011807212534
1292011807213956 1292011807245117 1292011895849400 1292012348912079 1292012348912100 1292012348967129 1292012437960863 1292012893630701
1292012893632573 1292012893686402 1292012981761233 1292013431201862 1292013431201883 1292013431234454 1292013525615543 1292013973303008

147062567709270 147062567734656 147062622417102 147062992638057 147062992638078 147062992685052 147063053714673 147063424274631
147063424275801 147063424306260 147063479697795 147063851608308 147063851608329 147063851665224 147063944487552 147064316987847
147064316989749 147064317044460 147064422466239 147064793539683 147064793539719 147064793569992 147064935360312 147065305120905
147065305122156 147065305158903 147065458613736 147065828785551 147065828785572 147065828817915 147065970128103 147066338214744
147066338216034 147066338253375 147066488149251 147066860228859 147066860228880 147066860284287 147067012711323 147067384811220
147067384813089 147067384867695 147067539315276 147067954199925 147067954199946 147067954256526 147068137125558 147068551094697
147068551096629 147068551151076 147068767066563 147069214965219 147069214965255 147069214996320 147069323911386 147069769704315
147069769705674 147069769744674 147069863724132 147070315424034 147070315424070 147070315481358 147070408838745 147070860720126
147070860722118 147070860776391 147070953367338 147071406452286 147071406452307 147071406511926 147071501472483 147071955320085

1286172880169103 1286172880195791 1286172934372632 1286173303983660 1286173303983681 1286173304021145 1286173365969342 1286173736871681
1286173736873490 1286173736913798 1286173841179212 1286174214373695 1286174214373716 1286174214432552 1286174324879349 1286174698429248
1286174698431180 1286174698487019 1286174839731120 1286175211880760 1286175211880781 1286175211938396 1286175363514983 1286175736104777
1286175736106235 1286175736160430 1286175872886432 1286176243270845 1286176243270866 1286176243304289 1286176394613903 1286176766212116
1286176766213925 1286176766253051 1286176918119819 1286177284729191 1286177284729227 1286177284762479 1286177440334400 1286177808407799
1286177808409608 1286177808446733 1286177970815214 1286178408390825 1286178408390846 1286178408446022 1286178564713034 1286179003668141
1286179003670016 1286179003722528 1286179102747152 1286179549667118 1286179549667139 1286179549701093 1286179642253478 1286180090010972
1286180090012517 1286180090049291 1286180185861833 1286180635066254 1286180635066275 1286180635124619 1286180732525541 1286181182578791
1286181182580516 1286181182631882 1286181277708041 1286181729016071 1286181729016092 1286181729071154 1286181824640648 1286182276103112

1286182958649396 1286182958674992 1286183017036836 1286183388068883 1286183388068904 1286183388112191 1286183515232484 1286183884716621
1286183884718028 1286183884752447 1286183973161799 1286184345918219 1286184345918240 1286184345978957 1286184495435147 1286184867523527
1286184867525759 1286184867582945 1286185018192638 1286185390652094 1286185390653228 1286185390708776 1286185529465358 1286185901886489
1286185901888766 1286185901943483 1286186050667349 1286186422408668 1286186422408689 1286186422463685 1286186572223658 1286186943982644
1286186943984618 1286186944042047 1286187096297555 1286187465595041 1286187465595077 1286187465629007 1286187621359331 1286187991915635
1286187991917123 1286187991952793 1286188143217611 1286188583323122 1286188583323143 1286188583380482 1286188667679303 1286189107321335
1286189107323027 1286189107379151 1286189195859870 1286189643503031 1286189643503052 1286189643544848 1286189734485531 1286190183719196
1286190183720645 1286190183764679 1286190273016365 1286190725697921 1286190725697942 1286190725757495 1286190814288626 1286191267535016
1286191267536915 1286191267592799 1286191358321094 1286191810923759 1286191810923795 1286191810981515 1286191899545421 1286192352382680

1286183531846556 1286183531867664 1286183588294946 1286183958250587 1286183958250608 1286183958286188 1286184015428922 1286184386315385
1286184386316162 1286184386363211 1286184442902396 1286184814840314 1286184814840335 1286184814902942 1286184937331475 1286185308896826
1286185308899157 1286185308956823 1286185417557606 1286185789705794 1286185789705815 1286185789768776 1286185931103879 1286186303960937
1286186303962710 1286186304020523 1286186456157015 1286186825678940 1286186825678961 1286186825709360 1286186966190477 1286187337159425
1286187337160373 1286187337204896 1286187485961222 1286187855236856 1286187855236877 1286187855314163 1286188008774174 1286188379586000
1286188379587698 1286188379646954 1286188529159565 1286188965606879 1286188965606900 1286188965655098 1286189116383597 1286189551965867
1286189551967304 1286189551996521 1286189746703985 1286190193698930 1286190193698951 1286190193746618 1286190303284757 1286190748807161
1286190748808676 1286190748840497 1286190841628076 1286191290923385 1286191290923421 1286191290986283 1286191383683352 1286191831448334
1286191831450146 1286191831509846 1286191927455705 1286192381478246 1286192381478267 1286192381543154 1286192471429958 1286192924324571

1286178709901313 1286178709920687 1286178770338164 1286179141750902 1286179141750923 1286179141794339 1286179197005595 1286179566395304
1286179566396834 1286179566429327 1286179622865945 1286179992477162 1286179992477183 1286179992516192 1286180070960048 1286180439230934
1286180439232416 1286180439268254 1286180543026194 1286180914829214 1286180914829250 1286180914889364 1286181012761904 1286181384901980
1286181384903912 1286181384958290 1286181527896587 1286181895147977 1286181895147998 1286181895180446 1286182050096270 1286182418454108
1286182418454858 1286182418490891 1286182560468669 1286182931633166 1286182931633202 1286182931665548 1286183076795105 1286183449729731
1286183449730502 1286183449767363 1286183609686548 1286184049739007 1286184049739028 1286184049799043 1286184190847274 1286184629977725
1286184629979600 1286184630038343 1286184790622199 1286185238677149 1286185238677170 1286185238717886 1286185446763197 1286185893610191
1286185893611736 1286185893643482 1286186005605837 1286186454048693 1286186454048714 1286186454088584 1286186550604287 1286186997682191
1286186997684591 1286186997717726 1286187096240741 1286187550941378 1286187550941399 1286187550999545 1286187644406348 1286188097208057

1286182245844506 1286182245866409 1286182305375321 1286182676520261 1286182676520279 1286182676566542 1286182733700954 1286183102838588
1286183102839980 1286183102874258 1286183158857387 1286183530873818 1286183530873839 1286183530913841 1286183648657937 1286184019287927
1286184019289241 1286184019322043 1286184132235098 1286184504966786 1286184504966807 1286184505021623 1286184647448225 1286185020481920
1286185020483462 1286185020536628 1286185170322044 1286185541534940 1286185541534961 1286185541567355 1286185680514299 1286186053160346
1286186053161390 1286186053198704 1286186202282933 1286186568878217 1286186568878238 1286186568910446 1286186721322284 1286187089654385
1286187089655513 1286187089693403 1286187246430170 1286187662888796 1286187662888817 1286187662919456 1286187847784499 1286188266476040
1286188266477105 1286188266515148 1286188459930017 1286188905705456 1286188905705477 1286188905737313 1286189010371103 1286189457593163
1286189457594342 1286189457631578 1286189551884801 1286190005377338 1286190005377359 1286190005433807 1286190098927328 1286190552922131
1286190552923799 1286190552980763 1286190643852422 1286191097391069 1286191097391090 1286191097448414 1286191190779854 1286191642793994

147062209054056 147062209078557 147062267873973 147062638547508 147062638547529 147062638592583 147062691036867 147063061794720
147063061795698 147063061830681 147063177709668 147063549322773 147063549322794 147063549360291 147063649818444 147064022879484
147064022880636 147064022912256 147064172511279 147064546103601 147064546103622 147064546160229 147064696591986 147065070362994
147065070364854 147065070421851 147065208627207 147065579498760 147065579498781 147065579532042 147065726987721 147066096265080
147066096266364 147066096305052 147066248162544 147066619954449 147066619954470 147066619988013 147066770491641 147067140909027
147067140910704 147067140948279 147067301673246 147067735771953 147067735771974 147067735829409 147067918008063 147068352171960
147068352173868 147068352230115 147068446249401 147068897490714 147068897490750 147068897524545 147068985194694 147069435254745
147069435256008 147069435293787 147069526661982 147069971590728 147069971590749 147069971623311 147070064675280 147070507601556
147070507602906 147070507641765 147070608706779 147071061460746 147071061460782 147071061516675 147071149998627 147071601766938

147055059835368 147055059856596 147055116694122 147055486059342 147055486059378 147055486097037 147055542204162 147055912581753
147055912583091 147055912620975 147056021930643 147056393634444 147056393634465 147056393691996 147056504285982 147056876589315
147056876591400 147056876647677 147057015891840 147057389481867 147057389481888 147057389542638 147057541275696 147057914438961
147057914440890 147057914497194 147058054255665 147058425712506 147058425712527 147058425747195 147058571563032 147058943860848
147058943862132 147058943897973 147059097115068 147059466926913 147059466926949 147059466962280 147059614814592 147059985950889
147059985952062 147059985988722 147060144829587 147060574635765 147060574635786 147060574693824 147060758849691 147061190162748
147061190164704 147061190222013 147061294692525 147061741105662 147061741105683 147061741141545 147061830148293 147062275923834
147062275924956 147062275958826 147062368837809 147062817642846 147062817642867 147062817679356 147062907113859 147063354852660
147063354853821 147063354887172 147063447957240 147063901966914 147063901966935 147063902025348 147063999238917 147064452602673

1285692924535566 1285692924561375 1285692984963243 1285693354885341 1285693354885362 1285693354928373 1285693411644012 1285693782675507
1285693782676530 1285693782712704 1285693837489431 1285694204747550 1285694204747571 1285694204783622 1285694303360076 1285694671877469
1285694671878612 1285694671914576 1285694776773801 1285695147176364 1285695147176385 1285695147211950 1285695292981329 1285695665262774
1285695665264214 1285695665300361 1285695814997694 1285696185954477 1285696185954498 1285696185988881 1285696327040595 1285696699417446
1285696699418604 1285696699456581 1285696846316649 1285697212907217 1285697212907253 1285697212957380 1285697370100377 1285697738049432
1285697738050650 1285697738086665 1285697896992183 1285698330854583 1285698330854604 1285698330890667 1285698496944345 1285698933312426
1285698933313569 1285698933352206 1285699124314857 1285699571016492 1285699571016513 1285699571053398 1285699680947160 1285700129318814
1285700129320032 1285700129357343 1285700219723358 1285700671445457 1285700671445478 1285700671504698 1285700765607723 1285701218906778
1285701218908662 1285701218965095 1285701310952328 1285701761154006 1285701761154027 1285701761212737 1285701859042806 1285702311093405

1285682495117985 1285682495143401 1285682554872225 1285682926319451 1285682926319472 1285682926366782 1285682983222269 1285683355057191
1285683355058934 1285683355098780 1285683456365907 1285683824487006 1285683824487042 1285683824545107 1285683939731592 1285684309002072
1285684309004160 1285684309057599 1285684454722389 1285684825064097 1285684825064133 1285684825100037 1285684978835061 1285685347730427
1285685347731585 1285685347767366 1285685488217211 1285685861255025 1285685861255046 1285685861288007 1285686009953331 1285686381743919
1285686381745497 1285686381784092 1285686533106729 1285686901600968 1285686901600989 1285686901636779 1285687055347965 1285687422238500
1285687422239700 1285687422275187 1285687586148666 1285688025406458 1285688025406479 1285688025463629 1285688177887998 1285688616971190
1285688616973284 1285688617028412 1285688717636496 1285689164272890 1285689164272911 1285689164308944 1285689258470559 1285689704543649
1285689704544822 1285689704580030 1285689802578288 1285690250562771 1285690250562789 1285690250597982 1285690348127892 1285690794346908
1285690794348252 1285690794382587 1285690893009720 1285691344284093 1285691344284129 1285691344340751 1285691439968709 1285691891942568

1285388306475429 1285388306498619 1285388365302888 1285388736808512 1285388736808533 1285388736853374 1285388862690267 1285389234500880
1285389234502197 1285389234536982 1285389321156129 1285389690653910 1285389690653928 1285389690687498 1285389843523197 1285390214273616
1285390214275044 1285390214310381 1285390366038939 1285390738897218 1285390738897239 1285390738951362 1285390877308122 1285391250278706
1285391250280359 1285391250336267 1285391398394145 1285391769813405 1285391769813438 1285391769849417 1285391920056312 1285392290174208
1285392290175108 1285392290208507 1285392444126255 1285392811976715 1285392811976736 1285392812013345 1285392969071523 1285393335580338
1285393335581160 1285393335614862 1285393491033384 1285393929041316 1285393929041337 1285393929099489 1285394013626526 1285394450951415
1285394450953317 1285394451009210 1285394540863623 1285394992779411 1285394992779432 1285394992836753 1285395082582218 1285395535597197
1285395535599030 1285395535653576 1285395624080676 1285396068265275 1285396068265296 1285396068298176 1285396158662595 1285396604175897
1285396604177142 1285396604211876 1285396691260983 1285397139869526 1285397139869547 1285397139924867 1285397247344040 1285397696547144

1312597503627696 1312597503647634 1312597560409569 1312597931465076 1312597931465097 1312597931508435 1312598052248160 1312598423918043
1312598423919180 1312598423957868 1312598510191086 1312598878172466 1312598878172487 1312598878204545 1312599023277144 1312599392614020
1312599392615145 1312599392650848 1312599546363528 1312599916431513 1312599916431534 1312599916465593 1312600057333932 1312600429089534
1312600429090839 1312600429124937 1312600578644703 1312600949042262 1312600949042283 1312600949074290 1312601100443190 1312601472192825
1312601472193947 1312601472228507 1312601624218218 1312601990872917 1312601990872938 1312601990904675 1312602149259153 1312602517280364
1312602517281480 1312602517315782 1312602671092233 1312603117780527 1312603117780548 1312603117835049 1312603202711028 1312603647478020
1312603647479961 1312603647535980 1312603738550901 1312604184197250 1312604184197271 1312604184230559 1312604275071321 1312604722424313
1312604722425420 1312604722461840 1312604813290287 1312605259589151 1312605259589172 1312605259623324 1312605355460031 1312605803459868
1312605803461182 1312605803498553 1312605899262033 1312606351085412 1312606351085433 1312606351143783 1312606442035626 1312606894006389

1285392920621109 1285392920642736 1285392979541130 1285393350629358 1285393350629379 1285393350682866 1285393405928811 1285393777938519
1285393777939716 1285393777981230 1285393872007152 1285394240702760 1285394240702799 1285394240739234 1285394343125928 1285394713464288
1285394713465143 1285394713499520 1285394857418631 1285395229810947 1285395229810968 1285395229867059 1285395381720300 1285395752727621
1285395752729445 1285395752780811 1285395892380093 1285396263311970 1285396263311991 1285396263344931 1285396412811981 1285396781999292
1285396782000849 1285396782037245 1285396936341141 1285397309189787 1285397309189823 1285397309244840 1285397458055235 1285397830096749
1285397830098657 1285397830151682 1285397988303177 1285398423956367 1285398423956388 1285398423990792 1285398594235710 1285399031534388
1285399031535294 1285399031566923 1285399137790665 1285399584307224 1285399584307245 1285399584345708 1285399677951060 1285400126262339
1285400126263203 1285400126297790 1285400218199391 1285400670859257 1285400670859281 1285400670918723 1285400761732512 1285401213371835
1285401213373623 1285401213431616 1285401307014084 1285401755285211 1285401755285247 1285401755320512 1285401851724444 1285402298039511

1285396797011493 1285396797034692 1285396856778393 1285397226658275 1285397226658296 1285397226706107 1285397345724462 1285397716795440
1285397716796730 1285397716828833 1285397803675203 1285398172898811 1285398172898832 1285398172933821 1285398317212896 1285398688449237
1285398688450623 1285398688480740 1285398839837562 1285399211732475 1285399211732496 1285399211786007 1285399350812934 1285399721376609
1285399721378175 1285399721428767 1285399872132693 1285400243129262 1285400243129298 1285400243183328 1285400393932617 1285400766238281
1285400766240066 1285400766290022 1285400918165253 1285401289112358 1285401289112394 1285401289165818 1285401442738857 1285401814670088
1285401814671993 1285401814723461 1285401964429920 1285402384788603 1285402384788624 1285402384841769 1285402469626848 1285402889562486
1285402889564511 1285402889621535 1285403011162089 1285403459428251 1285403459428272 1285403459458500 1285403559168423 1285404007224456
1285404007225776 1285404007262280 1285404100062876 1285404551466486 1285404551466507 1285404551525340 1285404644740134 1285405097162022
1285405097164203 1285405097219823 1285405188807657 1285405635220647 1285405635220668 1285405635259776 1285405736231379 1285406183653116

1285391908026705 1285391908049388 1285391965562757 1285392418019862 1285392418019883 1285392418072893 1285392464578299 1285392876679878
1285392876681699 1285392876728343 1285392922698570 1285393378251543 1285393378251579 1285393378295052 1285393445066109 1285393902007413
1285393902008844 1285393902038682 1285393967583639 1285394413132524 1285394413132545 1285394413179234 1285394478855930 1285394934399528
1285394934401040 1285394934435573 1285394999999931 1285395456314268 1285395456314289 1285395456367281 1285395521610759 1285395979726785
1285395979728648 1285395979781886 1285396045684896 1285396504172166 1285396504172187 1285396504223991 1285396570689297 1285397028933453
1285397028935319 1285397028987432 1285397092598184 1285397491951311 1285397491951332 1285397492012751 1285397617029378 1285398025545252
1285398025547343 1285398025598196 1285398145161279 1285398514778451 1285398514778472 1285398514814205 1285398682283799 1285399090214679
1285399090216611 1285399090267161 1285399225670802 1285399596461304 1285399596461325 1285399596503226 1285399763583912 1285400168234541
1285400168236479 1285400168283123 1285400307614859 1285400676503400 1285400676503436 1285400676544077 1285400848408272 1285401218531133
