16 632
1291162985643252 1291162985664534 1291163021664129 1291163060840124 1291163060840145 1291163060899038 1291163099408940 1291163138391078
1291163138393106 1291163138446356 1291163171940729 1291163211154203 1291163211154224 1291163211184398 1291163270722404 1291163309769213
1291163309770482 1291163309807568 1291163373076752 1291163412293679 1291163412293700 1291163412323673 1291163468244348 1291163507322036
1291163507323341 1291163507359104 1291163568148746 1291163607385200 1291163607385221 1291163607413664 1291163670682551 1291163709664824
1291163709666381 1291163709703677 1291163765131179 1291163804292666 1291163804292687 1291163804321700 1291163864357010 1291163903299533
1291163903301015 1291163903338110 1291163966241720 1291164005095155 1291164005095176 1291164005123865 1291164061145679 1291164099807270
1291164099808575 1291164099844836 1291164160287015 1291164199167678 1291164199167699 1291164199197909 1291164262258575 1291164300930579
1291164300931974 1291164300968583 1291164359056203 1291164397875639 1291164397875675 1291164397904313 1291164457640721 1291164496323369
1291164496324848 1291164496360293 1291164560451732 1291164599484939 1291164599484960 1291164599536443 1291164655537626 1291164694387755

146220966697299 146220966722601 146221003582221 146221043099160 146221043099181 146221043136981 146221075532889 146221114628730
146221114629720 146221114665384 146221150948743 146221189995741 146221189995777 146221190027457 146221249986975 146221288843473
146221288844484 146221288880901 146221347430056 146221386452493 146221386452514 146221386508194 146221445680776 146221484809407
146221484810781 146221484862168 146221546151193 146221584682794 146221584682815 146221584720315 146221640667216 146221679423685
146221679424594 146221679455701 146221739505309 146221777998348 146221777998369 146221778034456 146221833157452 146221871888079
146221871888973 146221871919363 146221928262030 146221966855128 146221966855164 146221966890168 146222025322179 146222064026265
146222064027138 146222064058485 146222120251047 146222158833525 146222158833561 146222158869132 146222215089930 146222253938445
146222253939360 146222253969336 146222316462444 146222354945553 146222354945574 146222354981100 146222417286936 146222455968753
146222455969584 146222456000487 146222514536838 146222553139263 146222553139284 146222553173976 146222612707443 146222651420415

1285331280581283 1285331280604461 1285331316212250 1285331355783261 1285331355783282 1285331355827088 1285331388766491 1285331427825030
1285331427826044 1285331427858621 1285331463068028 1285331502206925 1285331502206946 1285331502243525 1285331560815717 1285331599745259
1285331599746303 1285331599779936 1285331657746761 1285331696847135 1285331696847156 1285331696883219 1285331756016357 1285331794914183
1285331794915233 1285331794947792 1285331855498304 1285331894273784 1285331894273805 1285331894312538 1285331949767844 1285331988383484
1285331988384573 1285331988418698 1285332046927830 1285332085747083 1285332085747104 1285332085785120 1285332145732008 1285332184316202
1285332184317207 1285332184348860 1285332241589514 1285332280304226 1285332280304262 1285332280341297 1285332339449061 1285332377942235
1285332377943246 1285332377976525 1285332439086384 1285332477732021 1285332477732042 1285332477768882 1285332534556098 1285332573044172
1285332573045222 1285332573076677 1285332632360415 1285332671144466 1285332671144487 1285332671182401 1285332731780388 1285332770303061
1285332770304414 1285332770338011 1285332828128583 1285332866906343 1285332866906364 1285332866942832 1285332926921037 1285332965424324

1285341352369242 1285341352394136 1285341387865038 1285341427218321 1285341427218357 1285341427261017 1285341460338075 1285341499272429
1285341499273308 1285341499305609 1285341534958368 1285341573693990 1285341573694026 1285341573748806 1285341632832327 1285341671464158
1285341671465544 1285341671517846 1285341731711829 1285341770535105 1285341770535126 1285341770568195 1285341829099410 1285341868256484
1285341868257474 1285341868292325 1285341929396460 1285341968085105 1285341968085126 1285341968119341 1285342024435713 1285342063256205
1285342063257636 1285342063291476 1285342123252875 1285342162038498 1285342162038519 1285342162072707 1285342223873040 1285342262662080
1285342262663082 1285342262698812 1285342318758594 1285342357308666 1285342357308702 1285342357341723 1285342417247649 1285342455948201
1285342455949356 1285342455985218 1285342517379888 1285342555915239 1285342555915260 1285342555947957 1285342612815915 1285342651645362
1285342651646418 1285342651681512 1285342712654913 1285342751154081 1285342751154114 1285342751186982 1285342813587987 1285342852273575
1285342852274934 1285342852308828 1285342909401780 1285342948037820 1285342948037838 1285342948071435 1285343008137480 1285343046877782

1285341925200375 1285341925222890 1285341961240386 1285342000785672 1285342000785693 1285342000832070 1285342039180134 1285342078264887
1285342078266234 1285342078295829 1285342111503531 1285342150647639 1285342150647675 1285342150689279 1285342210296804 1285342249183566
1285342249184865 1285342249213575 1285342312633473 1285342351741923 1285342351741944 1285342351781820 1285342407819996 1285342446668898
1285342446670182 1285342446698856 1285342507704552 1285342546425021 1285342546425042 1285342546466436 1285342610240046 1285342648835748
1285342648837035 1285342648866468 1285342704689763 1285342743409098 1285342743409119 1285342743449763 1285342803954579 1285342842497490
1285342842498906 1285342842530046 1285342905809259 1285342944616962 1285342944616983 1285342944675072 1285343001070671 1285343039581503
1285343039583030 1285343039636985 1285343100161364 1285343138702232 1285343138702250 1285343138732484 1285343201842695 1285343240639802
1285343240640987 1285343240679900 1285343299210485 1285343337762393 1285343337762414 1285343337794568 1285343398140822 1285343436949359
1285343436950469 1285343436992151 1285343500037358 1285343538576393 1285343538576414 1285343538607038 1285343595103101 1285343633813538

1285337106306306 1285337106322998 1285337143197759 1285337182522749 1285337182522770 1285337182561533 1285337215172379 1285337254550199
1285337254551099 1285337254586253 1285337291103225 1285337330118972 1285337330118993 1285337330151906 1285337389958211 1285337429095821
1285337429096694 1285337429131056 1285337487059796 1285337525803665 1285337525803701 1285337525838933 1285337586210975 1285337625336522
1285337625337434 1285337625371148 1285337686131180 1285337725026549 1285337725026570 1285337725061508 1285337780645805 1285337819774772
1285337819775645 1285337819809911 1285337879720667 1285337918384970 1285337918384991 1285337918419854 1285337973241971 1285338011999025
1285338011999910 1285338012034599 1285338067625844 1285338106153080 1285338106153101 1285338106187034 1285338163000338 1285338201742437
1285338201743364 1285338201778398 1285338259167927 1285338297679182 1285338297679218 1285338297713670 1285338355703988 1285338394582791
1285338394583712 1285338394618272 1285338456077031 1285338494608707 1285338494608728 1285338494641881 1285338557561157 1285338596331606
1285338596332569 1285338596367669 1285338654077202 1285338692658543 1285338692658564 1285338692691597 1285338753187296 1285338791959359

1285340639815974 1285340639834046 1285340675468691 1285340714681790 1285340714681808 1285340714723037 1285340748180210 1285340787492795
1285340787493845 1285340787526434 1285340822707914 1285340861601843 1285340861601864 1285340861635734 1285340919722898 1285340958792441
1285340958793143 1285340958825459 1285341016338534 1285341055150095 1285341055150116 1285341055185987 1285341115239834 1285341154249464
1285341154250139 1285341154282401 1285341214170603 1285341252710976 1285341252711009 1285341252745170 1285341308999577 1285341347781558
1285341347782212 1285341347812665 1285341405895587 1285341444733719 1285341444733740 1285341444785733 1285341504990495 1285341543866028
1285341543867438 1285341543918891 1285341601107015 1285341639918480 1285341639918501 1285341639949980 1285341698710698 1285341737226039
1285341737227284 1285341737261424 1285341798011706 1285341836731269 1285341836731287 1285341836762742 1285341893829999 1285341932420115
1285341932421414 1285341932454921 1285341992080704 1285342030830039 1285342030830060 1285342030863333 1285342091014368 1285342129543914
1285342129545222 1285342129579068 1285342187911866 1285342226781804 1285342226781825 1285342226815413 1285342286517123 1285342325093481

146220605352141 146220605371479 146220640625409 146220680046267 146220680046288 146220680084361 146220713675136 146220752805372
146220752806470 146220752842878 146220787745133 146220826957389 146220826957410 146220827012661 146220885829260 146220925146195
146220925148034 146220925198869 146220985264593 146221023785334 146221023785370 146221023822570 146221082095542 146221120833435
146221120834356 146221120865490 146221182358914 146221220917824 146221220917845 146221220954541 146221277408301 146221316160477
146221316161380 146221316192340 146221375882035 146221414386000 146221414386018 146221414421442 146221476841725 146221515544266
146221515545388 146221515576756 146221571765277 146221610280840 146221610280861 146221610316264 146221669573926 146221708285881
146221708286847 146221708319928 146221770344703 146221808942205 146221808942241 146221808977782 146221865747553 146221904559747
146221904560347 146221904591355 146221965632160 146222004109842 146222004109863 146222004145233 146222066216232 146222104921605
146222104922715 146222104954239 146222162366961 146222200839804 146222200839840 146222200875252 146222261077689 146222299821645

146213471073114 146213471094522 146213507117715 146213546586264 146213546586285 146213546627517 146213585057829 146213624078709
146213624080197 146213624111640 146213657182011 146213696136072 146213696136093 146213696188620 146213756174208 146213795116968
146213795118495 146213795170710 146213857231254 146213895761757 146213895761778 146213895794160 146213953691631 146213992423218
146213992424235 146213992458027 146214053543025 146214092072718 146214092072739 146214092104194 146214156078285 146214194786661
146214194787864 146214194822022 146214250520472 146214289043388 146214289043424 146214289076580 146214349423899 146214388129689
146214388130772 146214388166508 146214451322796 146214489892719 146214489892740 146214489923979 146214546892452 146214585609168
146214585610275 146214585644505 146214646016994 146214684549555 146214684549591 146214684582132 146214747695742 146214786428433
146214786429483 146214786463143 146214845076228 146214883649292 146214883649313 146214883681116 146214943981644 146214982704510
146214982705608 146214982739454 146215045887216 146215084463688 146215084463709 146215084495542 146215140605010 146215179331275

1284851320940187 1284851320957701 1284851357817702 1284851397257964 1284851397258000 1284851397301626 1284851430585312 1284851469526551
1284851469527832 1284851469559332 1284851505740277 1284851544788148 1284851544788184 1284851544824502 1284851604602514 1284851643447882
1284851643449196 1284851643478836 1284851701752741 1284851740819197 1284851740819218 1284851740856691 1284851800849737 1284851839667472
1284851839668840 1284851839699443 1284851900774238 1284851939796516 1284851939796537 1284851939833269 1284851995573482 1284852034442709
1284852034444317 1284852034475061 1284852094358871 1284852133104930 1284852133104951 1284852133143657 1284852188669940 1284852227289429
1284852227291127 1284852227321244 1284852282543909 1284852321296379 1284852321296412 1284852321333879 1284852379603731 1284852418155159
1284852418156431 1284852418186194 1284852474648639 1284852513370446 1284852513370482 1284852513405630 1284852570354618 1284852608890680
1284852608892000 1284852608921685 1284852668731326 1284852707485020 1284852707485041 1284852707522460 1284852772205424 1284852810925620
1284852810926922 1284852810956658 1284852869333898 1284852908109528 1284852908109549 1284852908146344 1284852967831926 1284853006169181

1284840897850746 1284840897871740 1284840933511245 1284840973036683 1284840973036719 1284840973076805 1284841006218018 1284841045507293
1284841045508433 1284841045540107 1284841080744495 1284841119911982 1284841119912003 1284841119950562 1284841176694404 1284841215535020
1284841215536250 1284841215568176 1284841275050877 1284841314021384 1284841314021420 1284841314058338 1284841372670721 1284841411420635
1284841411421823 1284841411454841 1284841470553173 1284841509228993 1284841509229029 1284841509284490 1284841567036239 1284841605911763
1284841605913191 1284841605964677 1284841663496904 1284841702021089 1284841702021110 1284841702054677 1284841761489006 1284841800227877
1284841800228780 1284841800264789 1284841859136333 1284841897728420 1284841897728441 1284841897760916 1284841956020598 1284841994775222
1284841994776605 1284841994813595 1284842053983063 1284842092512879 1284842092512900 1284842092546167 1284842151859365 1284842190573423
1284842190574314 1284842190610662 1284842250327966 1284842288895681 1284842288895714 1284842288927811 1284842348101965 1284842386882728
1284842386883592 1284842386919070 1284842445938577 1284842484470151 1284842484470172 1284842484502317 1284842544545115 1284842583328347

1284546707895810 1284546707913498 1284546741824304 1284546781364598 1284546781364634 1284546781404291 1284546816226233 1284546855239286
1284546855240342 1284546855273282 1284546888967923 1284546928091616 1284546928091637 1284546928126494 1284546984570318 1284547023457656
1284547023458709 1284547023491940 1284547087814778 1284547126832388 1284547126832424 1284547126868337 1284547183346484 1284547222253718
1284547222254798 1284547222287903 1284547279762101 1284547318659969 1284547318660005 1284547318693497 1284547379793876 1284547418547705
1284547418548737 1284547418580672 1284547475412702 1284547514099157 1284547514099193 1284547514133444 1284547573385025 1284547611919716
1284547611920817 1284547611973539 1284547674313668 1284547712964378 1284547712964399 1284547712997873 1284547770534186 1284547809028461
1284547809029568 1284547809078837 1284547867226151 1284547905884967 1284547905884988 1284547905919068 1284547968116208 1284548006647377
1284548006648457 1284548006682129 1284548068159437 1284548106867042 1284548106867063 1284548106900921 1284548163258249 1284548201756385
1284548201757717 1284548201790870 1284548263962639 1284548302630683 1284548302630704 1284548302665111 1284548360354448 1284548398873602

1311755902842234 1311755902861974 1311755935434705 1311755974660887 1311755974660923 1311755974704519 1311756011783355 1311756050903430
1311756050904792 1311756050938719 1311756088095840 1311756126945834 1311756126945855 1311756126984468 1311756181619337 1311756220619064
1311756220620312 1311756220651599 1311756285623277 1311756324561264 1311756324561285 1311756324599166 1311756384522990 1311756423589965
1311756423591204 1311756423624132 1311756480026208 1311756518855403 1311756518855439 1311756518892978 1311756579349002 1311756618436029
1311756618437382 1311756618472137 1311756681803466 1311756720346071 1311756720346092 1311756720381897 1311756776965977 1311756815733657
1311756815734938 1311756815767194 1311756876371322 1311756914858685 1311756914858706 1311756914914257 1311756976999581 1311757015692687
1311757015694031 1311757015726521 1311757072447335 1311757110989511 1311757110989532 1311757111027530 1311757172223561 1311757210961418
1311757210962750 1311757210993527 1311757276874346 1311757315460640 1311757315460661 1311757315497606 1311757370765580 1311757409578851
1311757409580144 1311757409612205 1311757469634024 1311757508122128 1311757508122164 1311757508159376 1311757571244459 1311757610032116

1284551319058461 1284551319078006 1284551352402786 1284551391959484 1284551391959520 1284551391996711 1284551428717530 1284551467755273
1284551467756179 1284551467790934 1284551500996089 1284551540012280 1284551540012301 1284551540045715 1284551596513752 1284551635423392
1284551635424400 1284551635457160 1284551699877741 1284551738959788 1284551738959809 1284551738991879 1284551794667970 1284551833501554
1284551833502535 1284551833535874 1284551893441197 1284551932472454 1284551932472490 1284551932504308 1284551993697576 1284552032514594
1284552032515275 1284552032549781 1284552088081506 1284552126781278 1284552126781299 1284552126813843 1284552186791772 1284552225330594
1284552225331566 1284552225365412 1284552280650699 1284552319707945 1284552319707963 1284552319761156 1284552377708961 1284552416701350
1284552416702802 1284552416754522 1284552472777833 1284552511256115 1284552511256151 1284552511291578 1284552568482369 1284552607235790
1284552607236939 1284552607268517 1284552667241961 1284552705765816 1284552705765837 1284552705801240 1284552763944582 1284552802640718
1284552802641810 1284552802674087 1284552867441300 1284552905997867 1284552905997888 1284552906032625 1284552963758361 1284553002486747

1284555192947349 1284555192966906 1284555228561663 1284555267824043 1284555267824064 1284555267869502 1284555301052613 1284555340302888
1284555340304406 1284555340332942 1284555374514705 1284555413523582 1284555413523618 1284555413563905 1284555473196240 1284555512354523
1284555512356005 1284555512386374 1284555570142455 1284555609040410 1284555609040431 1284555609081546 1284555668396160 1284555707478966
1284555707480520 1284555707508168 1284555767881920 1284555806697804 1284555806697840 1284555806737206 1284555862152333 1284555901143432
1284555901144605 1284555901173897 1284555959303778 1284555998112822 1284555998112858 1284555998151810 1284556058098533 1284556096893498
1284556096895313 1284556096924956 1284556153383129 1284556191944325 1284556191944346 1284556191984063 1284556251815274 1284556290547227
1284556290547905 1284556290575760 1284556351470330 1284556389979626 1284556389979647 1284556390016670 1284556446787416 1284556485448764
1284556485450087 1284556485478248 1284556545449121 1284556583967285 1284556583967306 1284556584004851 1284556644167178 1284556682951061
1284556682952915 1284556682981538 1284556739882817 1284556778416122 1284556778416143 1284556778454441 1284556838845257 1284556877542773

1284550304489037 1284550304504664 1284550339993404 1284550379508288 1284550379508309 1284550379545116 1284550412664372 1284550451761998
1284550451762880 1284550451795613 1284550487086383 1284550526103705 1284550526103741 1284550526135496 1284550584943140 1284550623776727
1284550623777615 1284550623811740 1284550682479593 1284550721347647 1284550721347683 1284550721378658 1284550781208471 1284550819964589
1284550819965486 1284550819999995 1284550881522033 1284550920224757 1284550920224793 1284550920255978 1284550976568726 1284551015082318
1284551015083278 1284551015119341 1284551075380221 1284551114122035 1284551114122056 1284551114152818 1284551176003038 1284551214540504
1284551214541623 1284551214576132 1284551270625459 1284551309339157 1284551309339178 1284551309371200 1284551369374218 1284551407932291
1284551407933227 1284551407966206 1284551469511017 1284551508232332 1284551508232353 1284551508262578 1284551564940699 1284551603449572
1284551603450484 1284551603483208 1284551664022173 1284551702742768 1284551702742789 1284551702774616 1284551765713062 1284551804190630
1284551804191524 1284551804225202 1284551861480877 1284551900291904 1284551900291925 1284551900320224 1284551960302611 1284551998822152
