16 28
1290904072080585 1290904072106697 1290904072137498 1290904076429166 1290904076429187 1290904076665704 1290904076711049 1290904081008804
1290904081009128 1290904081054080 1290904081113306 1290904085355270 1290904085355291 1290904085401188 1290904085454495 1290904089719955
1290904089720174 1290904089759753 1290904089796545 1290904094080731 1290904094080941 1290904094128116 1290904094166294 1290904098423570
1290904098423825 1290904098462342 1290904098497598 1290904102773585 1290904102773606 1290904102821315 1290904102857714 1290904107091692
1290904107091959 1290904107131592 1290904107172776 1290904111394484 1290904111394505 1290904111438623 1290904111476273 1290904115698233
1290904115698725 1290904115737320 1290904115770227 1290904119994347 1290904119994383 1290904120039650 1290904120079166 1290904124309763
1290904124310222 1290904124346909 1290904124384811 1290904128598041 1290904128598059 1290904128643713 1290904128683211 1290904132918239
1290904132918683 1290904132956444 1290904132994826 1290904137243330 1290904137243354 1290904137290106 1290904137327648 1290904141537311
1290904141537770 1290904141575075 1290904141608297 1290904145851014 1290904145851035 1290904145894250 1290904145931348 1290904150125204

145962052892130 145962052920447 145962052948998 145962057258318 145962057258351 145962057560070 145962057599436 145962061869324
145962061869591 145962061917225 145962061951473 145962066210996 145962066211041 145962066251364 145962066287601 145962070530363
145962070530597 145962070574031 145962070612029 145962074855862 145962074855904 145962074894337 145962074960052 145962079206144
145962079206573 145962079248189 145962079290861 145962083483961 145962083483982 145962083525031 145962083648886 145962087870072
145962087870300 145962087911619 145962087959637 145962092190273 145962092190309 145962092229717 145962092268780 145962096470235
145962096470469 145962096510858 145962096568404 145962100789122 145962100789149 145962100830480 145962100872996 145962105059559
145962105059799 145962105100191 145962105174747 145962109384203 145962109384416 145962109425702 145962109474659 145962113684280
145962113684523 145962113723682 145962113788008 145962118008408 145962118008441 145962118048293 145962118123041 145962122373603
145962122373888 145962122414385 145962122448309 145962126652437 145962126652470 145962126690912 145962126726753 145962130949724

1285072367218725 1285072367242524 1285072367272998 1285072371506871 1285072371506892 1285072371783828 1285072371831141 1285072376082873
1285072376083929 1285072376124390 1285072376271366 1285072380460191 1285072380460227 1285072380496044 1285072380594261 1285072384767261
1285072384768614 1285072384805784 1285072384920894 1285072389122685 1285072389122733 1285072389161703 1285072389234693 1285072393415649
1285072393416006 1285072393453518 1285072393585926 1285072397749047 1285072397749083 1285072397788962 1285072397863995 1285072402004328
1285072402005069 1285072402060770 1285072402260279 1285072406398098 1285072406398140 1285072406436060 1285072406570952 1285072410740610
1285072410740979 1285072410780177 1285072410857574 1285072415001042 1285072415001063 1285072415041770 1285072415173809 1285072419332991
1285072419333354 1285072419370362 1285072419443607 1285072423583658 1285072423583970 1285072423636923 1285072423763745 1285072427907528
1285072427908176 1285072427945319 1285072428062460 1285072432217571 1285072432217604 1285072432257996 1285072432384083 1285072436517474
1285072436517831 1285072436555001 1285072436752833 1285072440915879 1285072440915900 1285072440954522 1285072441029387 1285072445167167

1285082436946356 1285082436970788 1285082436999912 1285082441229840 1285082441229861 1285082441525370 1285082441575548 1285082445819936
1285082445821589 1285082445861771 1285082445994920 1285082450185980 1285082450186001 1285082450226039 1285082450351889 1285082454537966
1285082454539658 1285082454577227 1285082454684705 1285082458853745 1285082458853763 1285082458892265 1285082459006535 1285082463177837
1285082463178179 1285082463217437 1285082463339102 1285082467475595 1285082467475616 1285082467516980 1285082467699164 1285082471860728
1285082471861067 1285082471898816 1285082472010689 1285082476149063 1285082476149084 1285082476189704 1285082476320558 1285082480488302
1285082480488659 1285082480527215 1285082480614641 1285082484763659 1285082484763677 1285082484804204 1285082484920076 1285082489062371
1285082489062707 1285082489100255 1285082489224413 1285082493371499 1285082493371532 1285082493414738 1285082493525690 1285082497658592
1285082497658922 1285082497695315 1285082497841184 1285082501981049 1285082501981070 1285082502019236 1285082502167997 1285082506306878
1285082506306920 1285082506344186 1285082506457151 1285082510590353 1285082510590374 1285082510629359 1285082510776392 1285082514925161

1285083009678060 1285083009701856 1285083009759048 1285083014012019 1285083014012040 1285083014290140 1285083014333664 1285083018577866
1285083018578574 1285083018615177 1285083018709374 1285083022927770 1285083022927833 1285083022971006 1285083023029362 1285083027223914
1285083027224244 1285083027257268 1285083027374085 1285083031555416 1285083031555437 1285083031596588 1285083031725636 1285083035927913
1285083035928270 1285083035961807 1285083036063906 1285083040228137 1285083040228158 1285083040268136 1285083040419339 1285083044552592
1285083044552988 1285083044588637 1285083044737773 1285083048915924 1285083048915984 1285083048955896 1285083049044126 1285083053180451
1285083053181120 1285083053214678 1285083053344965 1285083057514290 1285083057514311 1285083057556092 1285083057640530 1285083061795743
1285083061796085 1285083061831329 1285083061951533 1285083066096525 1285083066096546 1285083066136476 1285083066379191 1285083070536240
1285083070536597 1285083070571217 1285083070611993 1285083074766534 1285083074766555 1285083074806551 1285083074897577 1285083079050774
1285083079051134 1285083079085160 1285083079182648 1285083083352840 1285083083352864 1285083083392056 1285083083498832 1285083087645546

1285078191724455 1285078191747381 1285078191775659 1285078196008005 1285078196008314 1285078196301531 1285078196342793 1285078200567096
1285078200568455 1285078200611091 1285078200754104 1285078204970217 1285078204970247 1285078205007750 1285078205089767 1285078209276936
1285078209278310 1285078209313137 1285078209413958 1285078213620261 1285078213620291 1285078213657626 1285078213732842 1285078217928318
1285078217928714 1285078217962995 1285078218088620 1285078222239204 1285078222239225 1285078222279191 1285078222362492 1285078226511144
1285078226511507 1285078226547369 1285078226753820 1285078230910161 1285078230910227 1285078230946284 1285078231068312 1285078235232315
1285078235232705 1285078235265654 1285078235349801 1285078239505275 1285078239505302 1285078239543981 1285078239670698 1285078243806270
1285078243806603 1285078243841355 1285078243943481 1285078248127095 1285078248127401 1285078248167490 1285078248263796 1285078252415379
1285078252415706 1285078252450185 1285078252630695 1285078256789742 1285078256789763 1285078256829939 1285078256891295 1285078261022697
1285078261023030 1285078261059165 1285078261249914 1285078265396076 1285078265396112 1285078265437209 1285078265525058 1285078269669426

1285081724476785 1285081724500023 1285081724533167 1285081728777645 1285081728777666 1285081729049031 1285081729087185 1285081733317035
1285081733318472 1285081733359485 1285081733501346 1285081737698778 1285081737698817 1285081737736278 1285081737812277 1285081742013066
1285081742014476 1285081742050068 1285081742153532 1285081746341367 1285081746341388 1285081746380781 1285081746465222 1285081750677525
1285081750677858 1285081750713057 1285081750817706 1285081754950938 1285081754950974 1285081754990508 1285081755120339 1285081759282602
1285081759282968 1285081759319508 1285081759408995 1285081763558820 1285081763558841 1285081763598711 1285081763724969 1285081767882924
1285081767883275 1285081767921162 1285081768063230 1285081772226954 1285081772227266 1285081772266131 1285081772329791 1285081776483885
1285081776484230 1285081776518769 1285081776641079 1285081780803126 1285081780803195 1285081780843698 1285081780935942 1285081785102426
1285081785102930 1285081785139752 1285081785236289 1285081789380474 1285081789380522 1285081789419927 1285081789648419 1285081793812305
1285081793812686 1285081793849961 1285081793917596 1285081798055043 1285081798055094 1285081798095204 1285081798225035 1285081802377614

145961690709651 145961690737098 145961690759553 145961695046142 145961695046163 145961695352610 145961695390695 145961699675583
145961699676219 145961699723790 145961699757798 145961704001286 145961704001307 145961704041858 145961704076280 145961708337861
145961708338572 145961708381721 145961708413371 145961712634533 145961712634554 145961712675666 145961712748788 145961716939845
145961716940094 145961716983237 145961717084130 145961721307443 145961721307464 145961721348273 145961721382962 145961725573014
145961725573251 145961725617174 145961725678260 145961729906868 145961729907072 145961729948808 145961729997078 145961734219125
145961734219386 145961734263450 145961734297230 145961738506728 145961738506764 145961738546718 145961738594349 145961742811629
145961742811875 145961742855657 145961742890445 145961747091708 145961747091921 145961747133000 145961747189256 145961751420126
145961751420561 145961751465822 145961751610188 145961755836624 145961755836837 145961755876653 145961755911198 145961760104217
145961760104457 145961760145689 145961760177870 145961764390566 145961764390587 145961764429578 145961764463904 145961768698947

145954561033056 145954561062210 145954561088193 145954565376357 145954565376432 145954565689533 145954565729067 145954570019268
145954570020114 145954570067607 145954570103397 145954574346195 145954574346243 145954574414427 145954574449818 145954578681600
145954578682518 145954578723240 145954578755514 145954582985127 145954582985355 145954583030796 145954583098950 145954587295374
145954587295617 145954587335517 145954587441534 145954591678998 145954591679211 145954591722084 145954591755972 145954595951298
145954595951559 145954596009690 145954596044592 145954600249335 145954600249356 145954600292085 145954600323195 145954604536800
145954604537046 145954604578407 145954604638878 145954608820293 145954608820311 145954608862845 145954608958887 145954613163294
145954613163552 145954613203347 145954613235228 145954617423936 145954617423957 145954617465492 145954617603174 145954621787457
145954621787751 145954621828515 145954621922946 145954626150549 145954626150567 145954626194205 145954626229176 145954630429785
145954630430040 145954630469604 145954630503882 145954634713551 145954634713572 145954634757285 145954634789766 145954638972867

1284592406347407 1284592406373261 1284592406402763 1284592410664740 1284592410664776 1284592410991926 1284592411030239 1284592415271333
1284592415272530 1284592415314287 1284592415405721 1284592419635085 1284592419635103 1284592419682596 1284592419748713 1284592423972806
1284592423973142 1284592424011713 1284592424060589 1284592428304452 1284592428304473 1284592428350313 1284592428380049 1284592432639155
1284592432639434 1284592432675752 1284592432703061 1284592436906331 1284592436906352 1284592436951871 1284592437057456 1284592441248294
1284592441248582 1284592441283256 1284592441345875 1284592445581446 1284592445581467 1284592445627289 1284592445656095 1284592449841491
1284592449841743 1284592449878571 1284592449943998 1284592454169285 1284592454169306 1284592454217714 1284592454248356 1284592458427296
1284592458427572 1284592458463356 1284592458539697 1284592462769187 1284592462769208 1284592462815813 1284592462845642 1284592467044589
1284592467045057 1284592467082062 1284592467165108 1284592471363143 1284592471363161 1284592471407981 1284592471528785 1284592475740023
1284592475740299 1284592475777535 1284592475810052 1284592480000017 1284592480000038 1284592480045428 1284592480100364 1284592484318178

1284581985192879 1284581985219729 1284581985243948 1284581989522179 1284581989522200 1284581989836537 1284581989872948 1284581994178686
1284581994179466 1284581994226857 1284581994256560 1284581998476492 1284581998476528 1284581998518237 1284581998553013 1284582002811576
1284582002812047 1284582002852355 1284582002891961 1284582007145871 1284582007146087 1284582007187628 1284582007245189 1284582011498211
1284582011498466 1284582011542431 1284582011587095 1284582015806478 1284582015806499 1284582015847479 1284582015875682 1284582020090139
1284582020090376 1284582020130948 1284582020180625 1284582024407001 1284582024407022 1284582024448632 1284582024490698 1284582028724679
1284582028724970 1284582028769907 1284582028798671 1284582032996073 1284582032996094 1284582033036813 1284582033081393 1284582037322328
1284582037322619 1284582037364730 1284582037394043 1284582041591337 1284582041591355 1284582041632539 1284582041679537 1284582045910701
1284582045910998 1284582045955665 1284582045985677 1284582050176512 1284582050176548 1284582050234373 1284582050274780 1284582054480507
1284582054480741 1284582054521133 1284582054641889 1284582058859913 1284582058859937 1284582058901841 1284582058931640 1284582063144933

1284287794839225 1284287794865022 1284287794899003 1284287799152244 1284287799152262 1284287799484257 1284287799522744 1284287803782162
1284287803782642 1284287803827951 1284287803902735 1284287808153666 1284287808153720 1284287808196557 1284287808235311 1284287812463073
1284287812463394 1284287812503597 1284287812588476 1284287816848212 1284287816848257 1284287816891628 1284287816924616 1284287821188309
1284287821188897 1284287821230369 1284287821260180 1284287825472921 1284287825472942 1284287825515068 1284287825544960 1284287829782448
1284287829782727 1284287829825996 1284287829859590 1284287834047362 1284287834047386 1284287834089596 1284287834130756 1284287838365349
1284287838365580 1284287838408513 1284287838442956 1284287842661268 1284287842661289 1284287842705719 1284287842736304 1284287846940846
1284287846941413 1284287846983821 1284287847039255 1284287851250748 1284287851250787 1284287851293237 1284287851324539 1284287855518110
1284287855518335 1284287855558034 1284287855649381 1284287859863190 1284287859863211 1284287859904410 1284287860015518 1284287864246997
1284287864247255 1284287864286963 1284287864320311 1284287868525720 1284287868525741 1284287868565446 1284287868599373 1284287872830204

1311496989110058 1311496989137385 1311496989170145 1311496993447914 1311496993447938 1311496993783596 1311496993827744 1311496998093558
1311496998094569 1311496998142461 1311496998176235 1311497002437069 1311497002437090 1311497002480785 1311497002530462 1311497006767848
1311497006767998 1311497006811729 1311497006864754 1311497011135272 1311497011135308 1311497011178748 1311497011217130 1311497015481318
1311497015481603 1311497015521599 1311497015556423 1311497019764166 1311497019764187 1311497019806829 1311497019846909 1311497024064291
1311497024064582 1311497024105730 1311497024163447 1311497028354831 1311497028354879 1311497028397059 1311497028469893 1311497032689585
1311497032689831 1311497032730280 1311497032769010 1311497037004851 1311497037006012 1311497037048981 1311497037082662 1311497041282620
1311497041282848 1311497041324431 1311497041381020 1311497045630073 1311497045630109 1311497045671389 1311497045708889 1311497049904932
1311497049905211 1311497049946245 1311497049987405 1311497054223588 1311497054223609 1311497054262891 1311497054314902 1311497058531624
1311497058532068 1311497058573864 1311497058609777 1311497062817181 1311497062817202 1311497062860789 1311497062922172 1311497067135114

1284292405086996 1284292405114608 1284292405140594 1284292409421933 1284292409421969 1284292409733069 1284292409771994 1284292414036989
1284292414037946 1284292414083594 1284292414140654 1284292418399484 1284292418399517 1284292418440956 1284292418476917 1284292422719406
1284292422719688 1284292422758139 1284292422815265 1284292427033826 1284292427033862 1284292427076480 1284292427171070 1284292431399108
1284292431399357 1284292431439704 1284292431519552 1284292435715175 1284292435715211 1284292435758708 1284292435800711 1284292440022875
1284292440023091 1284292440061692 1284292440110277 1284292444291965 1284292444291986 1284292444335501 1284292444441881 1284292448655462
1284292448655912 1284292448696079 1284292448730189 1284292452941154 1284292452941175 1284292452984594 1284292453045479 1284292457243910
1284292457244153 1284292457283243 1284292457320137 1284292461536043 1284292461536079 1284292461579399 1284292461666048 1284292465863480
1284292465863702 1284292465903851 1284292465941003 1284292470163878 1284292470163899 1284292470206688 1284292470259158 1284292474484562
1284292474485105 1284292474522479 1284292474610469 1284292478816682 1284292478816718 1284292478856942 1284292478885490 1284292483120794

1284296278232649 1284296278257648 1284296278290213 1284296282596575 1284296282596614 1284296282911182 1284296282949936 1284296287225365
1284296287225632 1284296287272687 1284296287302792 1284296291551731 1284296291551782 1284296291591913 1284296291648259 1284296295906048
1284296295906510 1284296295946095 1284296295979833 1284296300203347 1284296300203380 1284296300246268 1284296300277540 1284296304521286
1284296304521733 1284296304560514 1284296304602214 1284296308812096 1284296308812132 1284296308852500 1284296308921287 1284296313118122
1284296313118356 1284296313158934 1284296313224334 1284296317453917 1284296317453968 1284296317496112 1284296317530246 1284296321729313
1284296321729649 1284296321773317 1284296321857464 1284296326095318 1284296326095339 1284296326138893 1284296326174032 1284296330386695
1284296330386938 1284296330432511 1284296330460339 1284296334667395 1284296334667416 1284296334708285 1284296334745848 1284296338972974
1284296338973235 1284296339014362 1284296339066190 1284296343274464 1284296343274500 1284296343316155 1284296343369687 1284296347602126
1284296347602378 1284296347644075 1284296347686270 1284296351903505 1284296351903526 1284296351946093 1284296352020685 1284296356208319

1284291389906391 1284291389931003 1284291389957628 1284291394276215 1284291394276254 1284291394588299 1284291394625430 1284291398911977
1284291398912448 1284291398958663 1284291398999907 1284291403277517 1284291403277544 1284291403319853 1284291403357893 1284291407607804
1284291407608215 1284291407650566 1284291407690718 1284291411888411 1284291411888438 1284291411929997 1284291411983649 1284291416184498
1284291416184735 1284291416228190 1284291416325600 1284291420521289 1284291420521322 1284291420564666 1284291420612165 1284291424830303
1284291424830543 1284291424875477 1284291424910895 1284291429137013 1284291429137046 1284291429178470 1284291429216015 1284291433397781
1284291433398057 1284291433440855 1284291433535349 1284291437758044 1284291437758083 1284291437800998 1284291437853474 1284291442030518
1284291442030761 1284291442077723 1284291442129599 1284291446359818 1284291446359869 1284291446400618 1284291446478624 1284291450674316
1284291450674670 1284291450718845 1284291450751866 1284291454965918 1284291454965954 1284291455006598 1284291455067006 1284291459280818
1284291459281250 1284291459322014 1284291459378753 1284291463581765 1284291463581786 1284291463618692 1284291463663842 1284291467882388
