16 2719
4613306544484777984 47331680452624 1291952282540076 1291952658348948 47332328742928 47333625036816 1291952658348969 1291953032529507
47335569334288 47334273040400 1291953032529885 1291953407461398 47334921330704 47336217624592 1291953407461452 1291953783656610
47338161922064 47336865628176 1291953783656997 1291954159269615 47337513918480 47338810212368 1291954159269987 1291954533095472
47340754509840 47339458215952 1291954533095493 1291954907727186 47340106506256 47341402800144 1291954907727531 1291955282228217
47343347097616 47342050803728 1291955282228613 1291955657510928 47342699094032 47343995387920 1291955657510949 1291956034099878
47345939685392 47344643391504 1291956034100226 1291956457196799 47345291681808 47346587975696 1291956457196820 1291956880551039
47348532273168 47347235979280 1291956880551435 1291957337080119 47347884269584 47349180563472 1291957337080146 1291957793027823
47351124860944 47349828567056 1291957793028282 1291958251145859 47350476857360 47351773151248 1291958251145922 1291958708836332
47353717448720 47352421154832 1291958708837121 1291959166700301 47353069445136 47354365739024 1291959166700337 1291959625394637

47856761430032 47855465136144 147010264070868 147010635748149 47856113426448 47857409720336 147010635748173 147011009009625
47859354017808 47858057723920 147011009009850 147011380837995 47858706014224 47860002308112 147011380838019 147011754308151
47861946605584 47860650311696 147011754308355 147012126081912 47861298602000 47862594895888 147012126081951 147012499550574
47864539193360 47863242899472 147012499550766 147012871276029 47863891189776 47865187483664 147012871276065 147013244513019
47867131781136 47865835487248 147013244513208 147013617212205 47866483777552 47867780071440 147013617212226 147013990696740
47869724368912 47868428075024 147013990696980 147014402981127 47869076365328 47870372659216 147014402981154 147014817222906
47872316956688 47871020662800 147014817223134 147015269307873 47871668953104 47872965246992 147015269307897 147015723133188
47874909544464 47873613250576 147015723133404 147016176022350 47874261540880 47875557834768 147016176022557 147016627767519
47877502132240 47876205838352 147016627767711 147017080290459 47876854128656 47878150422544 147017080290489 147017533749117

47285664997392 47284368703504 1286120576636178 1286120948841207 47285016993808 47286313287696 1286120948841228 1286121322225005
47288257585168 47286961291280 1286121322225080 1286121693729168 47287609581584 47288905875472 1286121693729189 1286122066745907
47290850172944 47289553879056 1286122066746093 1286122438474605 47290202169360 47291498463248 1286122438474629 1286122811709669
47293442760720 47292146466832 1286122811709849 1286123183422653 47292794757136 47294091051024 1286123183422674 1286123556459735
47296035348496 47294739054608 1286123556459756 1286123928995187 47295387344912 47296683638800 1286123928995223 1286124301280196
47298627936272 47297331642384 1286124301280370 1286124741460611 47297979932688 47299276226576 1286124741460662 1286125181016282
47301220524048 47299924230160 1286125181016477 1286125633452597 47300572520464 47301868814352 1286125633452633 1286126087153949
47303813111824 47302516817936 1286126087154150 1286126538365226 47303165108240 47304461402128 1286126538365247 1286126990854371
47306405699600 47305109405712 1286126990854578 1286127442487034 47305757696016 47307053989904 1286127442487055 1286127894979014

47558999400464 47557703106576 1286130654681069 1286131028170194 47558351396880 47559647690768 1286131028170224 1286131400107950
47561591988240 47560295694352 1286131400108022 1286131772692539 47560943984656 47562240278544 1286131772692575 1286132143759554
47564184576016 47562888282128 1286132143759800 1286132515519569 47563536572432 47564832866320 1286132515519626 1286132887454805
47566777163792 47565480869904 1286132887455003 1286133259311711 47566129160208 47567425454096 1286133259311732 1286133632577102
47569369751568 47568073457680 1286133632577276 1286134004864439 47568721747984 47570018041872 1286134004864460 1286134378600959
47571962339344 47570666045456 1286134378601163 1286134816892046 47571314335760 47572610629648 1286134816892073 1286135258221794
47574554927120 47573258633232 1286135258222040 1286135711460927 47573906923536 47575203217424 1286135711460954 1286136166106616
47577147514896 47575851221008 1286136166106829 1286136621444849 47576499511312 47577795805200 1286136621444870 1286137076992329
47579740102672 47578443808784 1286137076992518 1286137529754969 47579092099088 47580388392976 1286137529754993 1286137983118302

47607921762320 47606625468432 1286131227868194 1286131600477878 47607273758736 47608570052624 1286131600477914 1286131973779653
47610514350096 47609218056208 1286131973779902 1286132347192569 47609866346512 47611162640400 1286132347192614 1286132720814561
47613106937872 47611810643984 1286132720814792 1286133093433140 47612458934288 47613755228176 1286133093433161 1286133466372974
47615699525648 47614403231760 1286133466373190 1286133838295328 47615051522064 47616347815952 1286133838295364 1286134211408724
47618292113424 47616995819536 1286134211408787 1286134582871406 47617644109840 47618940403728 1286134582871442 1286134955671758
47620884701200 47619588407312 1286134955671953 1286135393859363 47620236697616 47621532991504 1286135393859384 1286135833952880
47623477288976 47622180995088 1286135833953102 1286136287111511 47622829285392 47624125579280 1286136287111547 1286136741700323
47626069876752 47624773582864 1286136741700533 1286137197047079 47625421873168 47626718167056 1286137197047100 1286137651079514
47628662464528 47627366170640 1286137651079730 1286138103443688 47628014460944 47629310754832 1286138103443709 1286138556029841

47075681361936 47074385068048 1286126406090864 1286126779397457 47075033358352 47076329652240 1286126779397496 1286127151240185
47078273949712 47076977655824 1286127151240413 1286127524633763 47077625946128 47078922240016 1286127524633784 1286127896049288
47080866537488 47079570243600 1286127896049483 1286128269907947 47080218533904 47081514827792 1286128269908154 1286128642377726
47083459125264 47082162831376 1286128642377990 1286129015296566 47082811121680 47084107415568 1286129015296587 1286129386989660
47086051713040 47084755419152 1286129386989879 1286129760657333 47085403709456 47086700003344 1286129760657354 1286130132336552
47088644300816 47087348006928 1286130132336756 1286130571943139 47087996297232 47089292591120 1286130571943184 1286131011460368
47091236888592 47089940594704 1286131011460569 1286131464307866 47090588885008 47091885178896 1286131464307887 1286131918816509
47093829476368 47092533182480 1286131918816728 1286132372407248 47093181472784 47094477766672 1286132372407473 1286132825127840
47096422064144 47095125770256 1286132825128050 1286133278144214 47095774060560 47097070354448 1286133278144235 1286133731689950

47234930696208 47233634402320 1286129941903359 1286130313916481 47234282692624 47235578986512 1286130313916727 1286130687634851
47237523283984 47236226990096 1286130687635082 1286131059474804 47236875280400 47238171574288 1286131059474840 1286131432491132
47240115871760 47238819577872 1286131432491342 1286131804156587 47239467868176 47240764162064 1286131804156617 1286132176926030
47242708459536 47241412165648 1286132176926057 1286132548631805 47242060455952 47243356749840 1286132548632072 1286132921777250
47245301047312 47244004753424 1286132921777583 1286133293559882 47244653043728 47245949337616 1286133293560104 1286133666630261
47247893635088 47246597341200 1286133666630303 1286134084785516 47247245631504 47248541925392 1286134084785537 1286134504586721
47250486222864 47249189928976 1286134504586961 1286134956021042 47249838219280 47251134513168 1286134956021081 1286135407980747
47253078810640 47251782516752 1286135407980942 1286135859477627 47252430807056 47253727100944 1286135859477657 1286136312363057
47255671398416 47254375104528 1286136312363105 1286136766064097 47255023394832 47256319688720 1286136766065135 1286137221227088

47876961198096 47875664904208 147009905236827 147010276789962 47876313194512 47877609488400 147010276790010 147010649936625
47879553785872 47878257491984 147010649936844 147011020810359 47878905782288 47880202076176 147011020810380 147011393169180
47882146373648 47880850079760 147011393169387 147011764897329 47881498370064 47882794663952 147011764897350 147012138046746
47884738961424 47883442667536 147012138046962 147012509777397 47884090957840 47885387251728 147012509777418 147012882961530
47887331549200 47886035255312 147012882961776 147013254610902 47886683545616 47887979839504 147013254610938 147013627491657
47889924136976 47888627843088 147013627492179 147014057558952 47889276133392 47890572427280 147014057558994 147014490422499
47892516724752 47891220430864 147014490422709 147014944410000 47891868721168 47893165015056 147014944410021 147015396759879
47895109312528 47893813018640 147015396759900 147015853028523 47894461308944 47895757602832 147015853028544 147016308231816
47897701900304 47896405606416 147016308232035 147016758973281 47897053896720 47898350190608 147016758973308 147017212062657

47086284562448 47084988268560 147002756967129 147003130269096 47085636558864 47086932852752 147003130269123 147003502156338
47088877150224 47087580856336 147003502156398 147003875500596 47088229146640 47089525440528 147003875500632 147004247354454
47091469738000 47090173444112 147004247354646 147004620731301 47090821734416 47092118028304 147004620731322 147004992357096
47094062325776 47092766031888 147004992357117 147005365562649 47093414322192 47094710616080 147005365562697 147005737376592
47096654913552 47095358619664 147005737376616 147006111055245 47096006909968 47097303203856 147006111055281 147006484158405
47099247501328 47097951207440 147006484158609 147006916446510 47098599497744 47099895791632 147006916446531 147007349234931
47101840089104 47100543795216 147007349235120 147007802225229 47101192085520 47102488379408 147007802225250 147008253447972
47104432676880 47103136382992 147008253448182 147008708808150 47103784673296 47105080967184 147008708808324 147009164282838
47107025264656 47105728970768 147009164283045 147009618838788 47106377261072 47107673554960 147009618838809 147010071249132

47452699029520 47451402735632 1285640620714551 1285640993994063 47452051025936 47453347319824 1285640993994279 1285641365660103
47455291617296 47453995323408 1285641365660313 1285641738527472 47454643613712 47455939907600 1285641738527493 1285642110001869
47457884205072 47456587911184 1285642110002097 1285642483371660 47457236201488 47458532495376 1285642483371696 1285642856407692
47460476792848 47459180498960 1285642856407914 1285643228691498 47459828789264 47461125083152 1285643228691519 1285643601111777
47463069380624 47461773086736 1285643601111999 1285643973221301 47462421377040 47463717670928 1285643973221493 1285644346511121
47465661968400 47464365674512 1285644346511319 1285644784784577 47465013964816 47466310258704 1285644784784598 1285645226074851
47468254556176 47466958262288 1285645226075091 1285645680074361 47467606552592 47468902846480 1285645680074424 1285646132198463
47470847143952 47469550850064 1285646132198685 1285646584059420 47470199140368 47471495434256 1285646584059474 1285647036747420
47473439731728 47472143437840 1285647036747606 1285647488416458 47472791728144 47474088022032 1285647488416560 1285647939198519

47824482066448 47823185772560 1285630191716010 1285630564172013 47823834062864 47825130356752 1285630564172043 1285630937901966
47827074654224 47825778360336 1285630937902017 1285631309930154 47826426650640 47827722944528 1285631309930184 1285631683180953
47829667242000 47828370948112 1285631683180974 1285632055003053 47829019238416 47830315532304 1285632055003083 1285632428478693
47832259829776 47830963535888 1285632428478714 1285632801807858 47831611826192 47832908120080 1285632801807894 1285633175215212
47834852417552 47833556123664 1285633175215425 1285633548805347 47834204413968 47835500707856 1285633548805368 1285633921440981
47837445005328 47836148711440 1285633921441215 1285634357886348 47836797001744 47838093295632 1285634357886537 1285634795522754
47840037593104 47838741299216 1285634795522973 1285635247732980 47839389589520 47840685883408 1285635247733001 1285635699216999
47842630180880 47841333886992 1285635699217233 1285636153528530 47841982177296 47843278471184 1285636153528551 1285636607479731
47845222768656 47843926474768 1285636607480832 1285637059545840 47844574765072 47845871058960 1285637059545861 1285637512500033

47146078560272 47144782266384 1285336002969711 1285336377092046 47145430556688 47146726850576 1285336377092259 1285336749575394
47148671148048 47147374854160 1285336749575619 1285337122322751 47148023144464 47149319438352 1285337122322769 1285337493949194
47151263735824 47149967441936 1285337493949215 1285337866003140 47150615732240 47151912026128 1285337866003167 1285338236552967
47153856323600 47152560029712 1285338236553210 1285338609463461 47153208320016 47154504613904 1285338609463482 1285338981001176
47156448911376 47155152617488 1285338981001209 1285339354227921 47155800907792 47157097201680 1285339354227942 1285339726953471
47159041499152 47157745205264 1285339726953750 1285340165241804 47158393495568 47159689789456 1285340165241825 1285340604704505
47161634086928 47160337793040 1285340604704745 1285341056883426 47160986083344 47162282377232 1285341056883450 1285341509937570
47164226674704 47162930380816 1285341509937759 1285341964519539 47163578671120 47164874965008 1285341964519746 1285342419408795
47166819262480 47165522968592 1285342419409020 1285342873270002 47166171258896 47167467552784 1285342873270023 1285343325121377

47477327912976 47476031619088 1312545200000064 1312545574080618 47476679909392 47477976203280 1312545574080639 1312545946453494
47479920500752 47478624206864 1312545946453755 1312546320453312 47479272497168 47480568791056 1312546320453366 1312546693309233
47482513088528 47481216794640 1312546693309254 1312547066459301 47481865084944 47483161378832 1312547066459376 1312547438965335
47485105676304 47483809382416 1312547438965554 1312547810842617 47484457672720 47485753966608 1312547810842683 1312548184227369
47487698264080 47486401970192 1312548184227552 1312548557064864 47487050260496 47488346554384 1312548557064900 1312548929720904
47490290851856 47488994557968 1312548929721495 1312549373299017 47489642848272 47490939142160 1312549373299215 1312549817929044
47492883439632 47491587145744 1312549817929215 1312550270058180 47492235436048 47493531729936 1312550270058201 1312550723862210
47495476027408 47494179733520 1312550723862429 1312551176215785 47494828023824 47496124317712 1312551176215806 1312551630189726
47498068615184 47496772321296 1312551630189912 1312552082576331 47497420611600 47498716905488 1312552082576352 1312552535609514

47909777432592 47908481138704 1285340616923520 1285340989364115 47909129429008 47910425722896 1285340989364139 1285341363227454
47912370020368 47911073726480 1285341363227679 1285341735762516 47911722016784 47913018310672 1285341735762552 1285342109634294
47914962608144 47913666314256 1285342109634534 1285342481882943 47914314604560 47915610898448 1285342481882964 1285342855517598
47917555195920 47916258902032 1285342855517811 1285343227138143 47916907192336 47918203486224 1285343227138179 1285343600757012
47920147783696 47918851489808 1285343600757213 1285343972335113 47919499780112 47920796074000 1285343972335134 1285344345582822
47922740371472 47921444077584 1285344345583032 1285344787201389 47922092367888 47923388661776 1285344787201620 1285345227952443
47925332959248 47924036665360 1285345227952668 1285345681377375 47924684955664 47925981249552 1285345681377411 1285346133287271
47927925547024 47926629253136 1285346133287292 1285346587666362 47927277543440 47928573837328 1285346587666389 1285347040081674
47930518134800 47929221840912 1285347040081854 1285347492223575 47929870131216 47931166425104 1285347492223596 1285347945855936

47495313088528 47494016794640 1285344493180242 1285344865004796 47494665084944 47495961378832 1285344865004823 1285345238325024
47497905676304 47496609382416 1285345238325060 1285345610046615 47497257672720 47498553966608 1285345610046654 1285345983202146
47500498264080 47499201970192 1285345983202170 1285346354168709 47499850260496 47501146554384 1285346354168748 1285346726600931
47503090851856 47501794557968 1285346726601114 1285347098999781 47502442848272 47503739142160 1285347098999802 1285347472801350
47505683439632 47504387145744 1285347472801401 1285347844417587 47505035436048 47506331729936 1285347844417623 1285348217420739
47508276027408 47506979733520 1285348217420955 1285348637400666 47507628023824 47508924317712 1285348637400714 1285349058124143
47510868615184 47509572321296 1285349058124383 1285349511678987 47510220611600 47511516905488 1285349511679011 1285349964654531
47513461202960 47512164909072 1285349964654729 1285350417276777 47512813199376 47514109493264 1285350417276798 1285350868493265
47516053790736 47514757496848 1285350868493478 1285351321126026 47515405787152 47516702081040 1285351321126047 1285351773110298

47454376681488 47453080387600 1285339604203272 1285340020913634 47453728677904 47455024971792 1285340020913727 1285340436989349
47456969269264 47455672975376 1285340436989424 1285340835972270 47456321265680 47457617559568 1285340835972291 1285341233979576
47459561857040 47458265563152 1285341233979597 1285341601223745 47458913853456 47460210147344 1285341601223766 1285341967470930
47462154444816 47460858150928 1285341967471263 1285342333896516 47461506441232 47462802735120 1285342333896540 1285342699480206
47464747032592 47463450738704 1285342699480533 1285343065813863 47464099029008 47465395322896 1285343065813899 1285343432637396
47467339620368 47466043326480 1285343432637711 1285343798338740 47466691616784 47467987910672 1285343798338776 1285344164568792
47469932208144 47468635914256 1285344164569086 1285344531581988 47469284204560 47470580498448 1285344531582012 1285344897492045
47472524795920 47471228502032 1285344897492066 1285345294103640 47471876792336 47473173086224 1285345294103685 1285345690329780
47475117383696 47473821089808 1285345690330116 1285346107470060 47474469380112 47475765674000 1285346107470096 1285346524295352
