16 296
1291109843060721 1291109844091524 1291109851391223 1291109890582599 1291109844091545 1291109844951006 1291109895578907 1291109934961050
1291109890583199 1291109891396040 1291109940652293 1291109979998172 1291109934962256 1291109935854183 1291109985242874 1291110024425898
1291109979998805 1291109980906680 1291110030228321 1291110069653562 1291110024427131 1291110025322982 1291110074533773 1291110113798334
1291110069654141 1291110070579143 1291110119167095 1291110158440284 1291110113799555 1291110114696870 1291110163605657 1291110202679349
1291110158440305 1291110159347061 1291110208413885 1291110247724268 1291110202680579 1291110203571948 1291110252549987 1291110291619734
1291110247724289 1291110248634780 1291110296972043 1291110336042813 1291110291620964 1291110292507443 1291110341404185 1291110380324049
1291110336042834 1291110336937806 1291110385728159 1291110424730265 1291110380325195 1291110381220260 1291110430028562 1291110468885996
1291110424730286 1291110425616720 1291110474651951 1291110513710169 1291110468887217 1291110469801677 1291110519009300 1291110557848260
1291110513710205 1291110514605201 1291110563525979 1291110602592630 1291110557849508 1291110558759555 1291110605130873 1291110643922736

146167824074178 146167825096308 146167832172447 146167871219103 146167825096329 146167826086113 146167876953477 146167916255526
146167871219691 146167872050955 146167921613670 146167960684617 146167916256507 146167917172548 146167966256424 146168005417542
146167960685226 146167961575251 146168011073781 146168050089408 146168005418802 146168006320923 146168055934986 146168095035378
146168050089981 146168050980633 146168100228690 146168139028998 146168095036620 146168095946115 146168144878140 146168183787303
146168139029034 146168139929964 146168189361036 146168228051580 146168183789091 146168184697155 146168233451397 146168272307415
146168228051601 146168228943180 146168278192581 146168316945276 146168272308642 146168273194980 146168322561492 146168361415788
146168316945297 146168317844616 146168366994924 146168405704311 146168361417036 146168362304259 146168411634963 146168450507838
146168405704332 146168406618870 146168456171406 146168494835220 146168450509002 146168451408315 146168500250772 146168539185387
146168494835256 146168495748198 146168545036197 146168583731649 146168539186605 146168540070531 146168585760411 146168624696292

1285278138038547 1285278138961974 1285278146881305 1285278186092040 1285278138961995 1285278139943367 1285278191496270 1285278230871006
1285278186092061 1285278186928239 1285278236010162 1285278275070759 1285278230872197 1285278231765657 1285278280457265 1285278319596720
1285278275070780 1285278275975601 1285278324930738 1285278363831480 1285278319598064 1285278320496051 1285278370068168 1285278409252128
1285278363831501 1285278364737852 1285278414712371 1285278453580281 1285278409253463 1285278410138517 1285278459029814 1285278498059181
1285278453580302 1285278454495680 1285278503523237 1285278542205093 1285278498060684 1285278498951429 1285278547783059 1285278586678524
1285278542205129 1285278543111783 1285278592135422 1285278630870231 1285278586679982 1285278587567322 1285278636326028 1285278675326712
1285278630870267 1285278631767258 1285278680855412 1285278719625183 1285278675328110 1285278676222017 1285278725264796 1285278764232327
1285278719625204 1285278720685266 1285278769729269 1285278808412700 1285278764233695 1285278765293175 1285278814012611 1285278852821055
1285278808412721 1285278809472594 1285278858891090 1285278897666939 1285278852822375 1285278853888203 1285278900646344 1285278939463719

1285288209407094 1285288210433961 1285288217279478 1285288256373189 1285288210433997 1285288211406042 1285288261556166 1285288301063517
1285288256374188 1285288257204894 1285288306411266 1285288345513866 1285288301064462 1285288301949135 1285288351066251 1285288390361052
1285288345514853 1285288346413944 1285288395982182 1285288434984558 1285288390362123 1285288391255886 1285288440410613 1285288479509361
1285288434984579 1285288435892982 1285288485099795 1285288523945625 1285288479510606 1285288480400994 1285288529413617 1285288568477859
1285288523945646 1285288525016781 1285288574038191 1285288612808157 1285288568479092 1285288569657444 1285288618255020 1285288657296606
1285288612808178 1285288613882631 1285288662771063 1285288701478212 1285288657297617 1285288658358840 1285288707089718 1285288746122655
1285288701478233 1285288702552080 1285288751704185 1285288790384112 1285288746123648 1285288747181556 1285288795735218 1285288834657977
1285288790384133 1285288791704871 1285288840335909 1285288879033776 1285288834658973 1285288835947686 1285288884258048 1285288923174774
1285288879033797 1285288880312292 1285288928343099 1285288967100336 1285288923175770 1285288924079991 1285288969488921 1285289008424844

1285288782233433 1285288783288980 1285288790663940 1285288829802708 1285288783289001 1285288784264316 1285288835200521 1285288874597841
1285288829803278 1285288830614535 1285288880125068 1285288919289147 1285288874598963 1285288875524040 1285288924437774 1285288964007339
1285288919289768 1285288920178026 1285288969354545 1285289008309209 1285288964008503 1285288964902335 1285289013613986 1285289052681561
1285289008309230 1285289009323926 1285289058265776 1285289096938032 1285289052683220 1285289053755690 1285289102681100 1285289141681025
1285289096938053 1285289098008819 1285289147447802 1285289186158779 1285289141682759 1285289142751929 1285289191666956 1285289230664196
1285289186158815 1285289187218952 1285289236023402 1285289274767994 1285289230665426 1285289231738151 1285289280456285 1285289319298782
1285289274768015 1285289275837089 1285289324799630 1285289363511690 1285289319299991 1285289320372563 1285289369098407 1285289408077047
1285289363511711 1285289364579003 1285289413643880 1285289452403892 1285289408078310 1285289409251145 1285289458036137 1285289496962262
1285289452403913 1285289453477070 1285289502552333 1285289541305751 1285289496963501 1285289498030922 1285289544295122 1285289583147096

1285283963542872 1285283964583992 1285283972080440 1285284011196987 1285283964584013 1285283965570197 1285284016914003 1285284056283807
1285284011208198 1285284012026274 1285284061450287 1285284100663464 1285284056284971 1285284057193611 1285284106529847 1285284145775700
1285284100663485 1285284101548875 1285284151407567 1285284190434669 1285284145777011 1285284146695932 1285284195899991 1285284235029057
1285284190434705 1285284191323920 1285284240417999 1285284279367839 1285284235030551 1285284236097174 1285284284833512 1285284324056775
1285284279367860 1285284280668147 1285284329596620 1285284368426367 1285284324058179 1285284325362750 1285284374077281 1285284413060511
1285284368426388 1285284369708426 1285284418534611 1285284457398909 1285284413061831 1285284414360378 1285284462965352 1285284501938535
1285284457398945 1285284458697354 1285284507672921 1285284546366792 1285284501939951 1285284503237253 1285284551899293 1285284590849379
1285284546366813 1285284547648710 1285284596553903 1285284635264229 1285284590850810 1285284592162860 1285284640698246 1285284679556718
1285284635264250 1285284636554880 1285284684678639 1285284723425892 1285284679557960 1285284680833095 1285284725477469 1285284764469111

1285287496877862 1285287497919564 1285287505674246 1285287544695018 1285287497919597 1285287498908028 1285287549761739 1285287589074669
1285287544695765 1285287545509197 1285287594346566 1285287633637131 1285287589075689 1285287589993488 1285287639244488 1285287678561252
1285287633637896 1285287634527870 1285287684258105 1285287723241659 1285287678562176 1285287679476543 1285287729037443 1285287768289320
1285287723242484 1285287724136526 1285287773578308 1285287812333337 1285287768290280 1285287769194471 1285287817901049 1285287856818069
1285287812333358 1285287813254169 1285287862426875 1285287901217001 1285287856819074 1285287857737377 1285287906642318 1285287945468315
1285287901217022 1285287902289660 1285287950996550 1285287989837736 1285287945469263 1285287946774230 1285287995323101 1285288034230938
1285287989837757 1285287991134804 1285288040141199 1285288078862127 1285288034232060 1285288035543192 1285288084631766 1285288123494123
1285288078862163 1285288080028740 1285288129067673 1285288167736242 1285288123495176 1285288124782461 1285288173391581 1285288212322002
1285288167736263 1285288169037483 1285288217756316 1285288257181758 1285288212322986 1285288213610478 1285288259510754 1285288298650554

146167462564794 146167463591526 146167471120233 146167510202154 146167463591547 146167464563907 146167515381753 146167554909843
146167510202175 146167511020161 146167559838693 146167599076092 146167554911031 146167555799265 146167604462412 146167643989293
146167599076113 146167599971169 146167649111007 146167688007882 146167643990457 146167644888180 146167693636470 146167732684392
146167688007903 146167688903895 146167738216878 146167776965370 146167732685604 146167733578344 146167782526827 146167821397047
146167776965391 146167777860246 146167827157911 146167865884698 146167821398304 146167822315575 146167871340735 146167910172189
146167865884719 146167866774117 146167915897155 146167954670985 146167910173062 146167911090666 146167960052820 146167998957633
146167954671006 146167955562549 146168004831075 146168043496449 146167998958860 146168000021088 146168048855040 146168087682555
146168043496470 146168044561569 146168093459934 146168132217714 146168087683800 146168088746835 146168137711080 146168176701312
146168132217735 146168133276189 146168181937791 146168220786774 146168176702179 146168177762733 146168222452191 146168261404395

146160329217885 146160330247122 146160337821048 146160376926978 146160330247164 146160331216635 146160382217820 146160421769811
146160376927527 146160377765685 146160427166670 146160466237056 146160421770891 146160422673312 146160471494940 146160510749868
146160466237689 146160467144028 146160516356889 146160555079245 146160510750936 146160511643337 146160560581968 146160599474862
146160555079281 146160555985623 146160605265516 146160643972947 146160599475909 146160600369393 146160649615680 146160688461372
146160643972968 146160644865171 146160694416594 146160733130490 146160688462827 146160689364543 146160738633576 146160777510171
146160733130511 146160734033754 146160783018690 146160821752230 146160777511227 146160778405155 146160827422389 146160866315229
146160821752251 146160822643815 146160871793505 146160910519971 146160866316726 146160867208980 146160916053261 146160954920874
146160910519992 146160911409216 146160960633900 146160999327015 146160954921951 146160955833690 146161004998884 146161043818419
146160999327036 146161000222005 146161049485206 146161088264151 146161043819487 146161044738261 146161090895610 146161129715706

1284798178155849 1284798179094039 1284798186750753 1284798226064301 1284798179094081 1284798180076077 1284798231580107 1284798270724944
1284798226064835 1284798226885770 1284798276120249 1284798315576525 1284798270726006 1284798271627569 1284798321295758 1284798360487668
1284798315577071 1284798316468395 1284798366083076 1284798405226932 1284798360489366 1284798361372857 1284798410540184 1284798449591325
1284798405226953 1284798406140348 1284798455058864 1284798494169699 1284798449592615 1284798450475416 1284798499474047 1284798538436724
1284798494169735 1284798495082011 1284798544231518 1284798583110762 1284798538438032 1284798539496945 1284798588715776 1284798627436437
1284798583110783 1284798584184753 1284798633168819 1284798672043683 1284798627437766 1284798628508760 1284798677599554 1284798716318184
1284798672043704 1284798673111434 1284798722312898 1284798761184045 1284798716319477 1284798717384576 1284798766534977 1284798805445484
1284798761184081 1284798762263100 1284798811194825 1284798850145619 1284798805446951 1284798806504046 1284798855337851 1284798894048432
1284798850145655 1284798851221485 1284798899326527 1284798938430192 1284798894049926 1284798895229241 1284798940109721 1284798978756552

1284787755450732 1284787756481538 1284787764470457 1284787803679542 1284787756481583 1284787757451135 1284787808806365 1284787847987715
1284787803680286 1284787804520490 1284787853359038 1284787892664633 1284787847989071 1284787848893577 1284787898122842 1284787937194773
1284787892665458 1284787893570516 1284787942888731 1284787982025447 1284787937195811 1284787938090603 1284787987676736 1284788026627110
1284787982025483 1284787982947152 1284788032284078 1284788071235388 1284788026628124 1284788027522559 1284788076634146 1284788115432207
1284788071236639 1284788072160030 1284788121030945 1284788160015516 1284788115433122 1284788116327392 1284788165322501 1284788204152722
1284788160016290 1284788160937230 1284788209593600 1284788248529592 1284788204153943 1284788205052464 1284788253951477 1284788292728580
1284788248529613 1284788249424117 1284788298728154 1284788337627645 1284788292729684 1284788293621188 1284788343218397 1284788381915700
1284788337627666 1284788338520811 1284788387654286 1284788426546349 1284788381916678 1284788382818298 1284788431971765 1284788470671837
1284788426546370 1284788427601461 1284788476343484 1284788515249395 1284788470672899 1284788471585280 1284788518095888 1284788556865023

1284493565420400 1284493566464163 1284493574214837 1284493613222052 1284493566464184 1284493567461066 1284493618276137 1284493657615758
1284493613222583 1284493614041727 1284493662704610 1284493701959334 1284493657617069 1284493658502738 1284493707366102 1284493746737361
1284493701959439 1284493702861071 1284493752051330 1284493791198498 1284493746738690 1284493747626576 1284493796250882 1284493835431455
1284493791198534 1284493792106877 1284493840765740 1284493879777128 1284493835432895 1284493836320835 1284493885283457 1284493924463358
1284493879777149 1284493880674491 1284493929497778 1284493968189489 1284493924464675 1284493925360790 1284493974018462 1284494012887179
1284493968189510 1284493969081305 1284494018562636 1284494057230044 1284494012888481 1284494013781830 1284494062806642 1284494101607256
1284494057230065 1284494058127491 1284494107041207 1284494145793677 1284494101608267 1284494102526618 1284494151569346 1284494190464592
1284494145793698 1284494146686537 1284494195915439 1284494234637939 1284494190465948 1284494191384209 1284494240582253 1284494279389365
1284494234637960 1284494235532218 1284494284808430 1284494323518606 1284494279390727 1284494280290019 1284494325204507 1284494364051588

1311702760236228 1311702761266398 1311702768932094 1311702808176873 1311702761266434 1311702762261009 1311702813073494 1311702852342159
1311702808177290 1311702808994559 1311702857949666 1311702897198309 1311702852343503 1311702853232679 1311702902441532 1311702941469801
1311702897198723 1311702898085064 1311702947064621 1311702986254785 1311702941471592 1311702942366288 1311702991408089 1311703030395360
1311702986255313 1311702987149865 1311703035803325 1311703075002720 1311703030397451 1311703031285310 1311703080096960 1311703119228690
1311703075003122 1311703075928184 1311703124934663 1311703163883372 1311703119230229 1311703120117878 1311703169287005 1311703208026884
1311703163883393 1311703164789813 1311703213687011 1311703252628664 1311703208028687 1311703208913987 1311703258121685 1311703296924261
1311703252628700 1311703253535909 1311703302582108 1311703341544686 1311703296926097 1311703297817991 1311703346841231 1311703385519064
1311703341544707 1311703342437447 1311703391219526 1311703430213229 1311703385521050 1311703386438330 1311703435624353 1311703474327995
1311703430213250 1311703431106647 1311703480173087 1311703519077759 1311703474329837 1311703475237385 1311703520908437 1311703559605434

1284498176415141 1284498177448083 1284498184985454 1284498224180643 1284498177448104 1284498178436640 1284498229359105 1284498268626018
1284498224181552 1284498224996415 1284498274095369 1284498313420617 1284498268627074 1284498269510214 1284498319174389 1284498358245468
1284498313420653 1284498314309283 1284498363902886 1284498403177260 1284498358246278 1284498359154657 1284498408616002 1284498447583005
1284498403177281 1284498404065443 1284498452954358 1284498492199950 1284498447584064 1284498448494066 1284498497546682 1284498536518341
1284498492199986 1284498493091319 1284498541825545 1284498580620174 1284498536519262 1284498537431919 1284498586698285 1284498625369605
1284498580620195 1284498581674809 1284498630782340 1284498669666075 1284498625370406 1284498626458437 1284498675520110 1284498714216942
1284498669666096 1284498670837779 1284498719937132 1284498758823345 1284498714217842 1284498715294848 1284498764611413 1284498803328057
1284498758823381 1284498759879912 1284498808728846 1284498847598991 1284498803328930 1284498804407349 1284498853485144 1284498892158333
1284498847599012 1284498848658396 1284498897561078 1284498936446706 1284498892159143 1284498893227584 1284498938352519 1284498977049429

1284502050130896 1284502051200939 1284502058926992 1284502098103281 1284502051200990 1284502052193096 1284502103393649 1284502142596059
1284502098104097 1284502098911148 1284502147944933 1284502187118636 1284502142597490 1284502143487233 1284502192321248 1284502231287462
1284502187119221 1284502188004281 1284502236631188 1284502275900441 1284502231288764 1284502232199015 1284502280982372 1284502320132675
1284502275900462 1284502276781259 1284502325400519 1284502364523546 1284502320134028 1284502321034982 1284502369850730 1284502408810875
1284502364523567 1284502365411093 1284502414138440 1284502453184406 1284502408812153 1284502409715600 1284502459857504 1284502498638168
1284502453184427 1284502454066889 1284502504159476 1284502543126779 1284502498639449 1284502499547924 1284502548451830 1284502587118236
1284502543126800 1284502544019897 1284502593040767 1284502632011607 1284502587119856 1284502588031625 1284502637499228 1284502676237472
1284502632011628 1284502633060959 1284502681850361 1284502720814187 1284502676238855 1284502677150084 1284502725989937 1284502764777426
1284502720814208 1284502721704995 1284502770035424 1284502808997753 1284502764778638 1284502765675119 1284502811319534 1284502849996959

1284497161699407 1284497162744802 1284497170648995 1284497209673961 1284497162744832 1284497163747567 1284497214820623 1284497254078746
1284497209674492 1284497210494989 1284497259141330 1284497298261342 1284497254079790 1284497254996110 1284497303508294 1284497342828415
1284497298261378 1284497299152063 1284497348600766 1284497387483451 1284497342829435 1284497343715308 1284497392807287 1284497431890609
1284497387483472 1284497388374205 1284497437486545 1284497476242228 1284497431891794 1284497432788047 1284497481772917 1284497520621891
1284497476242249 1284497477134899 1284497526409371 1284497565164556 1284497520623007 1284497521521561 1284497570746179 1284497609685183
1284497565164577 1284497566079808 1284497615311416 1284497653954905 1284497609686341 1284497610576366 1284497659386024 1284497698247895
1284497653954926 1284497654871204 1284497704005879 1284497742673056 1284497698249293 1284497699145771 1284497748031401 1284497786891409
1284497742673077 1284497743570713 1284497792638884 1284497831385066 1284497786892624 1284497787787020 1284497836576482 1284497875445241
1284497831385087 1284497832279723 1284497880737670 1284497919532458 1284497875446507 1284497876370039 1284497921782824 1284497960625630
