16 31
1290899926942782 1290899927069847 1290899927404704 1290899931804762 1290899931804783 1290899931962079 1290899932327086 1290899936616795
1290899936617083 1290899936760342 1290899937101913 1290899941339554 1290899941339575 1290899941481565 1290899941823961 1290899946034578
1290899946034827 1290899946171582 1290899946513861 1290899950763319 1290899950763337 1290899950909542 1290899951251785 1290899955514581
1290899955514617 1290899955653841 1290899955998295 1290899960237631 1290899960237667 1290899960384592 1290899960727819 1290899964948516
1290899964948723 1290899965089897 1290899965447923 1290899969634000 1290899969634021 1290899969780247 1290899970124119 1290899974340865
1290899974341090 1290899974480104 1290899974822281 1290899979024231 1290899979024267 1290899979171726 1290899979513870 1290899983711392
1290899983711413 1290899983847919 1290899984189436 1290899988397149 1290899988397167 1290899988542451 1290899988886116 1290899993097372
1290899993097411 1290899993235876 1290899993577918 1290899997771258 1290899997771279 1290899997927354 1290899998269126 1290900002460339
1290900002460375 1290900002601003 1290900002943021 1290900007160001 1290900007160022 1290900007303140 1290900007645728 1290900011860845

145957907747136 145957907875869 145957908212472 145957912769997 145957912770018 145957912922706 145957913268621 145957917535782
145957917536406 145957917679365 145957918044159 145957922260581 145957922260602 145957922405694 145957922747751 145957927003365
145957927003884 145957927145820 145957927487484 145957931716002 145957931716023 145957931864067 145957932206652 145957936424649
145957936424904 145957936565664 145957936928055 145957941089844 145957941089865 145957941237420 145957941581751 145957945785468
145957945785726 145957945923615 145957946265858 145957950468699 145957950468720 145957950612894 145957950954966 145957955142888
145957955143143 145957955283321 145957955622801 145957959813984 145957959814005 145957959956433 145957960302039 145957964518164
145957964518488 145957964663622 145957965006006 145957969192716 145957969192737 145957969336710 145957969679268 145957973865174
145957973865441 145957974010692 145957974349812 145957978531362 145957978531380 145957978674750 145957979017860 145957983209751
145957983210018 145957983349158 145957983692001 145957987867989 145957987868010 145957988012361 145957988375100 145957992563430

1285068222078294 1285068222197163 1285068222512022 1285068226963014 1285068226963035 1285068227112039 1285068227440842 1285068231658680
1285068231659046 1285068231793632 1285068232122342 1285068236287515 1285068236287536 1285068236424894 1285068236814558 1285068240974931
1285068240975249 1285068241108692 1285068241560525 1285068245726151 1285068245726172 1285068245860899 1285068246276357 1285068250459113
1285068250459449 1285068250595832 1285068250981584 1285068255126795 1285068255126816 1285068255262638 1285068255651303 1285068259771818
1285068259772163 1285068259908927 1285068260346375 1285068264472722 1285068264472743 1285068264608073 1285068265023732 1285068269186031
1285068269186667 1285068269322600 1285068269698455 1285068273832254 1285068273832287 1285068273969180 1285068274366383 1285068278487813
1285068278488134 1285068278625444 1285068279075444 1285068283231134 1285068283231155 1285068283363524 1285068283750440 1285068287904591
1285068287904933 1285068288041589 1285068288418989 1285068292562436 1285068292562457 1285068292695588 1285068293083101 1285068297227031
1285068297227382 1285068297360417 1285068297764310 1285068301921506 1285068301921527 1285068302056224 1285068302431803 1285068306587190

1285078291774200 1285078291893720 1285078292208585 1285078296688572 1285078296688593 1285078296841431 1285078297183899 1285078301407197
1285078301407536 1285078301542155 1285078301865924 1285078306059450 1285078306059471 1285078306193703 1285078306518483 1285078310705862
1285078310706219 1285078310841396 1285078311165690 1285078315288428 1285078315288449 1285078315422843 1285078315889097 1285078320014400
1285078320014700 1285078320149298 1285078320619329 1285078324762920 1285078324762956 1285078324898877 1285078325279271 1285078329415533
1285078329415857 1285078329552987 1285078329980118 1285078334117808 1285078334117829 1285078334253516 1285078334678808 1285078338812466
1285078338812484 1285078338953139 1285078339373211 1285078343511987 1285078343512008 1285078343650281 1285078344061470 1285078348186740
1285078348186761 1285078348332369 1285078348740483 1285078352864685 1285078352864706 1285078353001848 1285078353432792 1285078357574478
1285078357574499 1285078357709868 1285078358167284 1285078362315546 1285078362315567 1285078362451461 1285078362818580 1285078366944159
1285078366944198 1285078367083905 1285078367489103 1285078371607347 1285078371607368 1285078371744801 1285078372193679 1285078376324346

1285078864520496 1285078864637964 1285078864955436 1285078869420072 1285078869420093 1285078869571839 1285078869903603 1285078874126310
1285078874126754 1285078874264736 1285078874587113 1285078878792096 1285078878792117 1285078878927534 1285078879253544 1285078883456691
1285078883457738 1285078883591955 1285078883918094 1285078888097451 1285078888097484 1285078888234563 1285078888599693 1285078892759010
1285078892759355 1285078892893674 1285078893293823 1285078897412634 1285078897412655 1285078897550829 1285078897980537 1285078902117123
1285078902117498 1285078902256581 1285078902652710 1285078906785339 1285078906785375 1285078906922400 1285078907350914 1285078911473343
1285078911473727 1285078911610680 1285078912039479 1285078916166624 1285078916166645 1285078916305428 1285078916702841 1285078920846534
1285078920846867 1285078920984129 1285078921442721 1285078925572767 1285078925572785 1285078925709666 1285078926095706 1285078930200672
1285078930201041 1285078930337862 1285078930813362 1285078934950317 1285078934950338 1285078935090732 1285078935465363 1285078939620936
1285078939621551 1285078939758132 1285078940133252 1285078944267870 1285078944267891 1285078944407784 1285078944863376 1285078948971057

1285074046578219 1285074046694406 1285074047008764 1285074051450303 1285074051450324 1285074051600804 1285074051949422 1285074056182479
1285074056183136 1285074056322084 1285074056648181 1285074060811092 1285074060811110 1285074060944712 1285074061271337 1285074065461995
1285074065462019 1285074065601186 1285074065968881 1285074070127346 1285074070127382 1285074070259805 1285074070689147 1285074074886417
1285074074886441 1285074075024099 1285074075437136 1285074079579356 1285074079579377 1285074079714479 1285074080107368 1285074084260211
1285074084260859 1285074084401067 1285074084830784 1285074088950807 1285074088950828 1285074089085756 1285074089510490 1285074093649641
1285074093649677 1285074093790521 1285074094203507 1285074098335188 1285074098335209 1285074098469225 1285074098927787 1285074103061073
1285074103061466 1285074103216365 1285074103627794 1285074107734329 1285074107734350 1285074107868459 1285074108298761 1285074112436811
1285074112437435 1285074112577592 1285074112959642 1285074117104463 1285074117104484 1285074117237222 1285074117632241 1285074121766517
1285074121766904 1285074121905549 1285074122379966 1285074126503169 1285074126503190 1285074126635949 1285074127059282 1285074131225334

1285077579315306 1285077579438117 1285077579750885 1285077584238231 1285077584238267 1285077584386398 1285077584711634 1285077588920430
1285077588920928 1285077589054104 1285077589386315 1285077593572449 1285077593572467 1285077593707686 1285077594031638 1285077598231257
1285077598232082 1285077598364691 1285077598686246 1285077602870331 1285077602870352 1285077603009762 1285077603369072 1285077607522428
1285077607522452 1285077607654287 1285077608071059 1285077612216861 1285077612216882 1285077612357012 1285077612763692 1285077616896393
1285077616896819 1285077617030736 1285077617446434 1285077621573303 1285077621573339 1285077621730527 1285077622135515 1285077626369100
1285077626369352 1285077626504517 1285077626834544 1285077630999588 1285077630999609 1285077631136784 1285077631517466 1285077635670630
1285077635671263 1285077635803482 1285077636260910 1285077640395327 1285077640395363 1285077640531587 1285077640917939 1285077645037482
1285077645037971 1285077645174213 1285077645621063 1285077649787934 1285077649787955 1285077649928043 1285077650283480 1285077654429498
1285077654429786 1285077654562722 1285077654949626 1285077659077365 1285077659077386 1285077659215500 1285077659697372 1285077663811821

145957545554427 145957545676050 145957546013793 145957550532579 145957550532615 145957550689725 145957551040149 145957555319994
145957555320363 145957555459233 145957555800531 145957560030921 145957560030942 145957560175962 145957560519609 145957564747155
145957564747431 145957564889088 145957565228910 145957569425031 145957569425067 145957569573093 145957569915204 145957574124255
145957574124294 145957574265759 145957574606208 145957578783261 145957578783282 145957578955707 145957579300293 145957583485410
145957583485431 145957583625738 145957583969880 145957588165026 145957588165047 145957588312392 145957588655979 145957592858496
145957592858517 145957592997750 145957593339297 145957597512351 145957597512372 145957597658925 145957598018640 145957602207723
145957602208023 145957602346785 145957602687393 145957606867812 145957606867833 145957607015472 145957607358777 145957611554616
145957611554637 145957611695544 145957612038240 145957616223087 145957616223105 145957616370603 145957616732520 145957620912801
145957620912822 145957621051683 145957621393005 145957625583957 145957625583993 145957625728659 145957626074871 145957630286766

145950415950645 145950416079876 145950416415363 145950420949518 145950420949554 145950421112208 145950421457847 145950425719608
145950425720034 145950425865108 145950426210663 145950430492398 145950430492434 145950430639707 145950430982247 145950435231711
145950435232203 145950435374004 145950435735210 145950439926999 145950439927017 145950440073384 145950440416722 145950444618306
145950444618330 145950444761469 145950445108230 145950449312970 145950449312991 145950449456541 145950449798166 145950453971526
145950453971550 145950454115982 145950454488360 145950458686989 145950458687025 145950458831457 145950459174696 145950463377972
145950463378008 145950463523919 145950463870734 145950468086445 145950468086481 145950468229944 145950468572130 145950472749552
145950472749573 145950472888542 145950473251947 145950477432621 145950477432642 145950477576948 145950477920532 145950482106855
145950482106879 145950482247468 145950482593209 145950486808095 145950486808116 145950486954267 145950487295805 145950491474895
145950491474919 145950491617758 145950491962374 145950496166742 145950496166763 145950496312188 145950496654494 145950500849577

1284588261187950 1284588261314742 1284588261652227 1284588266167824 1284588266167845 1284588266322465 1284588266673423 1284588270963909
1284588270964152 1284588271115103 1284588271487415 1284588275800026 1284588275800047 1284588275946798 1284588276292218 1284588280546740
1284588280546974 1284588280691601 1284588281037666 1284588285269193 1284588285269229 1284588285410712 1284588285752709 1284588290015874
1284588290015898 1284588290159190 1284588290504454 1284588294692148 1284588294692169 1284588294835152 1284588295176942 1284588299409510
1284588299409738 1284588299554062 1284588299899701 1284588304092798 1284588304092819 1284588304235712 1284588304576338 1284588308782476
1284588308783151 1284588308927805 1284588309271065 1284588313511982 1284588313512003 1284588313652817 1284588313996653 1284588318209022
1284588318209283 1284588318355953 1284588318701532 1284588322881786 1284588322881807 1284588323022420 1284588323362830 1284588327539373
1284588327539394 1284588327707535 1284588328052910 1284588332216409 1284588332216430 1284588332357679 1284588332700543 1284588336961086
1284588336961107 1284588337105179 1284588337449780 1284588341644380 1284588341644398 1284588341785794 1284588342127623 1284588346315023

1284577840063482 1284577840188807 1284577840526184 1284577845084102 1284577845084123 1284577845235266 1284577845580869 1284577849847634
1284577849848114 1284577849994103 1284577850338743 1284577854552480 1284577854552516 1284577854695337 1284577855040607 1284577859253249
1284577859254359 1284577859394969 1284577859736903 1284577863980730 1284577863980751 1284577864122192 1284577864465665 1284577868719140
1284577868719353 1284577868863329 1284577869207075 1284577873387647 1284577873387668 1284577873548258 1284577873890903 1284577878068241
1284577878068259 1284577878212541 1284577878562683 1284577882769139 1284577882769160 1284577882909701 1284577883252967 1284577887465648
1284577887465939 1284577887611388 1284577887953709 1284577892125632 1284577892125653 1284577892268924 1284577892631174 1284577896818139
1284577896818355 1284577896961356 1284577897313442 1284577901515044 1284577901515065 1284577901654280 1284577901997840 1284577906219212
1284577906219491 1284577906363914 1284577906707153 1284577910881791 1284577910881812 1284577911027108 1284577911390570 1284577915572015
1284577915572246 1284577915714260 1284577916061033 1284577920268719 1284577920268740 1284577920409908 1284577920755010 1284577924980438

1284283649706315 1284283649830617 1284283650166605 1284283654672413 1284283654672449 1284283654828080 1284283655196753 1284283659482808
1284283659483336 1284283659626709 1284283659966090 1284283664182746 1284283664182767 1284283664328384 1284283664675538 1284283668931602
1284283668931926 1284283669071387 1284283669413315 1284283673625993 1284283673626026 1284283673773146 1284283674136341 1284283678361172
1284283678361406 1284283678503372 1284283678843932 1284283683062136 1284283683062157 1284283683208110 1284283683554286 1284283687772244
1284283687772460 1284283687915200 1284283688256822 1284283692441819 1284283692441840 1284283692586029 1284283692949296 1284283697132928
1284283697133138 1284283697276043 1284283697615997 1284283701806265 1284283701806286 1284283701952296 1284283702299546 1284283706508912
1284283706508999 1284283706651406 1284283706992791 1284283711178535 1284283711178556 1284283711325937 1284283711685013 1284283715880198
1284283715880426 1284283716023400 1284283716365076 1284283720558968 1284283720558986 1284283720704438 1284283721050782 1284283725248340
1284283725248571 1284283725391305 1284283725731217 1284283729895904 1284283729895922 1284283730038737 1284283730383173 1284283734594579

1311492843979278 1311492844104966 1311492844440954 1311492848976051 1311492848976072 1311492849133524 1311492849501963 1311492853738902
1311492853739439 1311492853886286 1311492854228802 1311492858474468 1311492858474486 1311492858621093 1311492858963780 1311492863202594
1311492863203047 1311492863348847 1311492863690670 1311492867911724 1311492867911742 1311492868057404 1311492868426773 1311492872643528
1311492872643786 1311492872788818 1311492873133218 1311492877345908 1311492877345929 1311492877492974 1311492877834839 1311492882021960
1311492882022260 1311492882165033 1311492882510183 1311492886695882 1311492886695918 1311492886840446 1311492887201385 1311492891370143
1311492891370398 1311492891517818 1311492891860817 1311492896076216 1311492896076252 1311492896218494 1311492896560728 1311492900755529
1311492900755880 1311492900901002 1311492901248075 1311492905437833 1311492905437851 1311492905584071 1311492905944239 1311492910132830
1311492910133070 1311492910277334 1311492910620504 1311492914842575 1311492914842596 1311492914992917 1311492915336570 1311492919531686
1311492919531938 1311492919675161 1311492920018880 1311492924198771 1311492924198807 1311492924341808 1311492924683184 1311492928881996

1284288259951296 1284288260077902 1284288260415558 1284288264957534 1284288264957552 1284288265113543 1284288265462326 1284288269735562
1284288269735838 1284288269878800 1284288270222897 1284288274469661 1284288274469682 1284288274612686 1284288274955151 1284288279208896
1284288279209274 1284288279349362 1284288279692607 1284288283883625 1284288283883661 1284288284029110 1284288284373189 1284288288553980
1284288288554181 1284288288695205 1284288289105851 1284288293304441 1284288293304462 1284288293450898 1284288293800605 1284288298014681
1284288298014891 1284288298156722 1284288298501242 1284288302679075 1284288302679111 1284288302838534 1284288303181467 1284288307376316
1284288307376523 1284288307518867 1284288307864656 1284288312055296 1284288312055317 1284288312198387 1284288312542820 1284288316754103
1284288316754289 1284288316898313 1284288317243598 1284288321425355 1284288321425376 1284288321568320 1284288321929502 1284288326111802
1284288326112003 1284288326253573 1284288326599521 1284288330792009 1284288330792030 1284288330934377 1284288331279284 1284288335480841
1284288335481057 1284288335625336 1284288335970576 1284288340151655 1284288340151676 1284288340296762 1284288340662642 1284288344831838

1284292133082240 1284292133208390 1284292133543898 1284292138096626 1284292138096647 1284292138259157 1284292138604271 1284292142909463
1284292142909775 1284292143047823 1284292143392226 1284292147640061 1284292147640082 1284292147788141 1284292148150796 1284292152394350
1284292152394650 1284292152533583 1284292152875073 1284292157093667 1284292157093685 1284292157241063 1284292157579298 1284292161803415
1284292161803718 1284292161941001 1284292162283994 1284292166469582 1284292166469618 1284292166619381 1284292166978514 1284292171166076
1284292171166331 1284292171305132 1284292171649100 1284292175851368 1284292175851389 1284292176000558 1284292176342048 1284292180560123
1284292180560417 1284292180701117 1284292181044539 1284292185225006 1284292185225024 1284292185372153 1284292185730353 1284292189915923
1284292189916229 1284292190056599 1284292190399646 1284292194603150 1284292194603186 1284292194751485 1284292195092876 1284292199295306
1284292199295546 1284292199433300 1284292199775060 1284292203950607 1284292203950628 1284292204099809 1284292204441683 1284292208648163
1284292208648415 1284292208786187 1284292209129231 1284292213332141 1284292213332162 1284292213481427 1284292213824984 1284292218021120

1284287244752922 1284287244876849 1284287245212633 1284287249784987 1284287249785023 1284287249942478 1284287250289599 1284287254558230
1284287254558518 1284287254699926 1284287255064429 1284287259314976 1284287259314997 1284287259461382 1284287259806166 1284287264058201
1284287264058747 1284287264194938 1284287264534187 1284287268729297 1284287268729318 1284287268875472 1284287269221471 1284287273400651
1284287273400672 1284287273540862 1284287273903355 1284287278128588 1284287278128609 1284287278276395 1284287278620084 1284287282830221
1284287282830425 1284287282970075 1284287283310104 1284287287549989 1284287287550025 1284287287697607 1284287288041251 1284287292210456
1284287292210774 1284287292351396 1284287292693579 1284287296919997 1284287296920018 1284287297064114 1284287297405079 1284287301596202
1284287301596460 1284287301733674 1284287302073661 1284287306287305 1284287306287326 1284287306435505 1284287306778630 1284287310977268
1284287310977484 1284287311113567 1284287311452915 1284287315644653 1284287315644671 1284287315793099 1284287316137964 1284287320337763
1284287320338090 1284287320475811 1284287320816176 1284287324986053 1284287324986074 1284287325153063 1284287325498090 1284287329687335
