16 315
1291176540011718 1291176540025413 1291176550755249 1291176590105034 1291176590105055 1291176590361315 1291176597756300 1291176637289007
1291176637291242 1291176637325655 1291176644540472 1291176683703285 1291176683703306 1291176683743563 1291176690855123 1291176730121979
1291176730123848 1291176730157103 1291176737884812 1291176777058299 1291176777058335 1291176777097383 1291176785312733 1291176824642766
1291176824644662 1291176824677722 1291176833209785 1291176872279046 1291176872279082 1291176872318826 1291176880841835 1291176920103828
1291176920106081 1291176920139348 1291176929246589 1291176968232426 1291176968232462 1291176968272869 1291176976025934 1291177015237587
1291177015239834 1291177015273944 1291177022238471 1291177061113614 1291177061113650 1291177061154102 1291177068535173 1291177107539916
1291177107542232 1291177107575895 1291177117335522 1291177156137156 1291177156137198 1291177156178163 1291177163882802 1291177202903190
1291177202905026 1291177202937882 1291177211192781 1291177250017203 1291177250017239 1291177250057631 1291177257091905 1291177296083700
1291177296085956 1291177296118692 1291177306006323 1291177344932049 1291177344932070 1291177344991077 1291177353041082 1291177391775435

146234521069197 146234521082034 146234531721702 146234570866314 146234570866557 146234571191427 146234578044336 146234617376661
146234617377636 146234617407486 146234624917122 146234663944899 146234663944947 146234663981916 146234670907836 146234710114791
146234710115859 146234710144272 146234718954591 146234757961695 146234757961731 146234757998859 146234764069200 146234803234575
146234803235517 146234803263171 146234811066471 146234849780094 146234849780136 146234849817627 146234857052001 146234895924132
146234895925122 146234895954645 146234909990052 146234948632800 146234948632821 146234948672673 146234955483807 146234994323256
146234994324216 146234994353715 146235002607270 146235041331264 146235041331285 146235041368320 146235048245949 146235087149232
146235087150066 146235087180057 146235098162613 146235136912695 146235136912728 146235136949904 146235144494376 146235183339372
146235183340338 146235183369630 146235190206816 146235228911091 146235228911115 146235228946785 146235238084908 146235276982221
146235276983193 146235277012491 146235286492386 146235325192881 146235325192929 146235325229982 146235332887836 146235371731635

1285344834932562 1285344834944850 1285344843699402 1285344883027518 1285344883027569 1285344883357788 1285344891882714 1285344931017627
1285344931018743 1285344931056576 1285344938442156 1285344977656149 1285344977656389 1285344977689425 1285344984809082 1285345023849096
1285345023850179 1285345023886854 1285345031517660 1285345070652177 1285345070652222 1285345070685264 1285345080056988 1285345118998896
1285345119000093 1285345119036093 1285345126746492 1285345165676199 1285345165676232 1285345165708950 1285345174614855 1285345213354755
1285345213355688 1285345213393374 1285345221292683 1285345260163209 1285345260163257 1285345260196680 1285345269713262 1285345308386217
1285345308387261 1285345308424287 1285345316405283 1285345355303856 1285345355303877 1285345355336523 1285345364109486 1285345402781211
1285345402782132 1285345402818237 1285345412310492 1285345451147397 1285345451147442 1285345451182035 1285345459215477 1285345497880008
1285345497881064 1285345497918555 1285345506350073 1285345545208533 1285345545208563 1285345545241617 1285345552290519 1285345590992136
1285345590993345 1285345591028856 1285345601175024 1285345640044458 1285345640044479 1285345640078853 1285345646753019 1285345685454477

1285354906820217 1285354906832394 1285354917226038 1285354956417285 1285354956417306 1285354956734037 1285354963964667 1285355003306292
1285355003307336 1285355003342118 1285355010875487 1285355049854733 1285355049854751 1285355049890148 1285355058113334 1285355097219354
1285355097220218 1285355097254883 1285355104831596 1285355143727388 1285355143727424 1285355143761825 1285355152770336 1285355191849590
1285355191850637 1285355191885089 1285355200414770 1285355239127502 1285355239127529 1285355239163601 1285355247629844 1285355286563559
1285355286564609 1285355286599610 1285355296535556 1285355335283355 1285355335283376 1285355335319751 1285355343435363 1285355382320343
1285355382321189 1285355382356247 1285355389821579 1285355428511052 1285355428511088 1285355428546539 1285355436460224 1285355475382413
1285355475383511 1285355475416979 1285355486091720 1285355524839048 1285355524839084 1285355524875525 1285355532262272 1285355571218946
1285355571220206 1285355571257349 1285355578568856 1285355617266321 1285355617266342 1285355617301034 1285355624187435 1285355663089095
1285355663090247 1285355663123841 1285355673065202 1285355711762142 1285355711762178 1285355711797638 1285355719031520 1285355757918669

1285355479666464 1285355479679649 1285355489349513 1285355528525907 1285355528525928 1285355528856783 1285355537385777 1285355576730315
1285355576731566 1285355576772897 1285355584213239 1285355623229580 1285355623229601 1285355623261443 1285355629742202 1285355668934079
1285355668935396 1285355668975761 1285355676976965 1285355715960072 1285355715960093 1285355715991932 1285355723230863 1285355762381484
1285355762383122 1285355762421786 1285355772079968 1285355810741097 1285355810741286 1285355810773128 1285355818157226 1285355857006029
1285355857007343 1285355857047153 1285355866309020 1285355905058898 1285355905059108 1285355905092381 1285355914178157 1285355953119117
1285355953120479 1285355953161408 1285355960840136 1285355999512881 1285355999512917 1285355999545425 1285356007284282 1285356046183917
1285356046185126 1285356046225845 1285356059029935 1285356097707792 1285356097707813 1285356097740033 1285356105132765 1285356144080004
1285356144081342 1285356144122055 1285356151117776 1285356189833280 1285356189833319 1285356189864702 1285356196770348 1285356235690134
1285356235691511 1285356235730355 1285356245370006 1285356284126046 1285356284126064 1285356284159391 1285356291530373 1285356330417942

1285350660722382 1285350660734082 1285350670673361 1285350710063301 1285350710063322 1285350710397087 1285350717656307 1285350756855027
1285350756855942 1285350756885390 1285350764348121 1285350803569569 1285350803569596 1285350803610723 1285350810573519 1285350849583800
1285350849584772 1285350849613197 1285350856172187 1285350895257444 1285350895257465 1285350895296630 1285350904334805 1285350943236921
1285350943237803 1285350943266342 1285350950588220 1285350989869518 1285350989869539 1285350989909838 1285350997580463 1285351036592301
1285351036593291 1285351036620915 1285351045655979 1285351084531908 1285351084531938 1285351084572627 1285351093291605 1285351131939639
1285351131940566 1285351131970089 1285351141008510 1285351179894810 1285351179894831 1285351179936114 1285351187303985 1285351225974588
1285351225975608 1285351226003916 1285351236491874 1285351275403806 1285351275403845 1285351275445920 1285351284751722 1285351323427677
1285351323428616 1285351323456489 1285351332175764 1285351371041925 1285351371041946 1285351371082419 1285351377749466 1285351416509256
1285351416510135 1285351416538404 1285351425892182 1285351464765426 1285351464765462 1285351464805023 1285351472271327 1285351510960740

1285354194269319 1285354194281466 1285354203590433 1285354242792129 1285354242792351 1285354243102173 1285354250467599 1285354289882949
1285354289883597 1285354289920527 1285354297405683 1285354336532661 1285354336532682 1285354336566918 1285354344207222 1285354383463692
1285354383464337 1285354383500907 1285354392803061 1285354431738966 1285354431739002 1285354431770040 1285354439128563 1285354478278062
1285354478278773 1285354478315835 1285354485784353 1285354524517320 1285354524517341 1285354524549990 1285354531108644 1285354569997251
1285354569998070 1285354570033728 1285354581980127 1285354620654273 1285354620654468 1285354620686145 1285354628059935 1285354666914573
1285354666915338 1285354666952409 1285354674899580 1285354713617187 1285354713617208 1285354713651633 1285354721442408 1285354760400861
1285354760401611 1285354760438142 1285354773058905 1285354811742876 1285354811743002 1285354811774529 1285354819662183 1285354858498041
1285354858498722 1285354858535406 1285354865560821 1285354904221284 1285354904221338 1285354904254905 1285354911347256 1285354950149694
1285354950150504 1285354950187686 1285354959839478 1285354998528297 1285354998528330 1285354998561198 1285355005875420 1285355044762035

146234159765964 146234159778513 146234170193691 146234209356393 146234209356429 146234209671282 146234217183954 146234256477837
146234256479238 146234256512070 146234264123313 146234303149533 146234303149554 146234303185836 146234310811596 146234349966240
146234349967509 146234350000932 146234359735758 146234398356315 146234398356366 146234398391850 146234405853297 146234444732211
146234444733282 146234444765190 146234452445172 146234491147212 146234491147476 146234491184124 146234500870671 146234539761768
146234539762851 146234539796004 146234548846887 146234587496817 146234587496850 146234587532604 146234595130128 146234633935332
146234633936694 146234633969715 146234641923858 146234680618389 146234680618410 146234680655823 146234688077991 146234727035157
146234727036966 146234727069234 146234739127821 146234777838378 146234777838420 146234777891433 146234785236273 146234824129992
146234824131174 146234824163847 146234831513493 146234870166546 146234870166582 146234870202618 146234876828397 146234915713317
146234915714490 146234915747709 146234925944400 146234964685932 146234964685986 146234964723138 146234971600356 146235010617015

146227025254383 146227025265960 146227035976890 146227075200564 146227075200771 146227075506060 146227082788044 146227122109050
146227122110097 146227122142686 146227129328889 146227168267932 146227168267986 146227168305186 146227175650458 146227214782743
146227214783808 146227214816166 146227224378129 146227263062733 146227263062754 146227263099768 146227271111169 146227309917072
146227309918206 146227309950828 146227319218557 146227357899903 146227357899945 146227357936614 146227365800775 146227404633612
146227404634980 146227404667800 146227414779588 146227453473282 146227453473318 146227453510878 146227461322920 146227500205254
146227500206331 146227500238989 146227507010145 146227545692079 146227545692130 146227545731031 146227553005500 146227591877097
146227591878189 146227591911870 146227602472644 146227641190254 146227641190491 146227641227787 146227648771806 146227687630458
146227687631469 146227687663290 146227695361917 146227734048354 146227734048375 146227734085041 146227741767105 146227780597827
146227780598856 146227780631211 146227790596716 146227829250213 146227829250243 146227829287752 146227837607721 146227876448889

1284864875353260 1284864875365770 1284864885845148 1284864925160325 1284864925160361 1284864925467699 1284864932249700 1284864971378028
1284864971379183 1284864971409408 1284864978980796 1284865018203708 1284865018203921 1284865018242849 1284865025169987 1284865064213178
1284865064214036 1284865064243358 1284865073740152 1284865112918616 1284865112918652 1284865112956083 1284865120069416 1284865159081989
1284865159082925 1284865159111731 1284865166716623 1284865205956431 1284865205956482 1284865205995791 1284865215503904 1284865254495489
1284865254496431 1284865254526563 1284865263260547 1284865302107601 1284865302107619 1284865302145086 1284865311120927 1284865349832807
1284865349833758 1284865349865165 1284865357019901 1284865395870747 1284865395870768 1284865395910839 1284865404035355 1284865442704803
1284865442705640 1284865442736843 1284865451928615 1284865490843706 1284865490843727 1284865490882823 1284865497661560 1284865536391782
1284865536392742 1284865536421779 1284865546133898 1284865584934443 1284865584934662 1284865584972285 1284865592374206 1284865631023653
1284865631024862 1284865631054937 1284865640517975 1284865679342217 1284865679342253 1284865679380518 1284865686538236 1284865725214728

1284854452162713 1284854452174491 1284854462102955 1284854501274468 1284854501274489 1284854501587899 1284854509363605 1284854548734861
1284854548735926 1284854548770309 1284854555990901 1284854595221769 1284854595221790 1284854595256881 1284854603353854 1284854642622087
1284854642623047 1284854642653608 1284854650549431 1284854689589250 1284854689589271 1284854689626159 1284854697626445 1284854736781356
1284854736782304 1284854736815259 1284854746199994 1284854784908418 1284854784908439 1284854784943278 1284854792759250 1284854831638974
1284854831639931 1284854831674095 1284854841755793 1284854880472518 1284854880472539 1284854880511458 1284854888351739 1284854927262276
1284854927263311 1284854927296752 1284854934187407 1284854972868060 1284854972868096 1284854972906106 1284854980139784 1284855019050900
1284855019051905 1284855019083756 1284855029599812 1284855068315805 1284855068315826 1284855068353434 1284855075543849 1284855114482622
1284855114483996 1284855114516555 1284855123343122 1284855162051798 1284855162051819 1284855162088065 1284855169238937 1284855208130697
1284855208131678 1284855208164174 1284855217191657 1284855255972000 1284855255972021 1284855256009632 1284855262828353 1284855301681596

1284560262221643 1284560262232455 1284560272660725 1284560311923750 1284560311923771 1284560312232474 1284560319761712 1284560358880800
1284560358881832 1284560358917289 1284560366462382 1284560405582748 1284560405582946 1284560405615748 1284560413658856 1284560452602864
1284560452603881 1284560452636902 1284560462506035 1284560501735940 1284560501735961 1284560501769195 1284560509649118 1284560548698012
1284560548699086 1284560548731936 1284560557207110 1284560596268160 1284560596268208 1284560596300023 1284560603986329 1284560642887050
1284560642887854 1284560642922582 1284560651549226 1284560690388669 1284560690388699 1284560690422080 1284560698846614 1284560737521471
1284560737522662 1284560737556259 1284560744452323 1284560783314824 1284560783314860 1284560783347113 1284560791623129 1284560830306551
1284560830307643 1284560830341846 1284560839661244 1284560878489575 1284560878489797 1284560878520826 1284560886114123 1284560924807856
1284560924808870 1284560924841672 1284560933284674 1284560972165706 1284560972165751 1284560972197674 1284560979471240 1284561018185538
1284561018186618 1284561018219642 1284561027012480 1284561065886996 1284561065887032 1284561065920893 1284561074049333 1284561112748019

1311769457204589 1311769457216055 1311769467971952 1311769507102623 1311769507102668 1311769507475292 1311769515003882 1311769554050553
1311769554052257 1311769554107682 1311769561452684 1311769600649439 1311769600649652 1311769600683930 1311769608509607 1311769647526380
1311769647527502 1311769647561924 1311769657363788 1311769696522050 1311769696522071 1311769696556901 1311769704586719 1311769743579990
1311769743581106 1311769743615354 1311769752202170 1311769791409773 1311769791409992 1311769791444636 1311769799264322 1311769838208537
1311769838209740 1311769838243415 1311769847278089 1311769886164353 1311769886164389 1311769886199702 1311769893639024 1311769932303771
1311769932305487 1311769932340857 1311769939716711 1311769978601592 1311769978601613 1311769978637121 1311769985744532 1311770024450382
1311770024451492 1311770024484831 1311770034618549 1311770073497832 1311770073497865 1311770073532512 1311770080545309 1311770119352670
1311770119353747 1311770119388574 1311770126680266 1311770165512635 1311770165512656 1311770165547951 1311770173432590 1311770212137804
1311770212138893 1311770212173138 1311770222525766 1311770261424309 1311770261424330 1311770261459502 1311770270258025 1311770308910310

1284564873433212 1284564873446100 1284564884106426 1284564923482338 1284564923482374 1284564923809851 1284564931231566 1284564970408344
1284564970409508 1284564970442247 1284564977287545 1284565016510649 1284565016510688 1284565016547957 1284565023992970 1284565062990696
1284565062992235 1284565063023282 1284565071942687 1284565111132449 1284565111132656 1284565111171677 1284565119025821 1284565157985411
1284565157986599 1284565158017712 1284565165984107 1284565205111073 1284565205111112 1284565205148651 1284565213603383 1284565252511058
1284565252512255 1284565252544871 1284565262846625 1284565301721027 1284565301721066 1284565301759031 1284565309518423 1284565348209930
1284565348211145 1284565348243614 1284565355419284 1284565394374608 1284565394374632 1284565394411376 1284565402128348 1284565440801588
1284565440802719 1284565440834222 1284565449544512 1284565488446559 1284565488446826 1284565488485727 1284565496760423 1284565535411007
1284565535412021 1284565535443776 1284565542271950 1284565581134640 1284565581134664 1284565581172092 1284565588408383 1284565627037424
1284565627038672 1284565627069785 1284565639488300 1284565678372395 1284565678372617 1284565678411020 1284565686232695 1284565724896983

1284568747358838 1284568747369989 1284568757468277 1284568796854407 1284568796854428 1284568797161721 1284568804697946 1284568843937121
1284568843938459 1284568843974054 1284568851318843 1284568890549387 1284568890549408 1284568890583575 1284568898844183 1284568937912241
1284568937913813 1284568937951124 1284568947580905 1284568986791130 1284568986791157 1284568986824514 1284568994767146 1284569033823693
1284569033825328 1284569033873532 1284569042191872 1284569081221209 1284569081221236 1284569081254059 1284569089390989 1284569128287441
1284569128289103 1284569128323957 1284569137405809 1284569176388274 1284569176388295 1284569176421997 1284569183584728 1284569222383914
1284569222385531 1284569222420010 1284569230309905 1284569269190880 1284569269190904 1284569269225008 1284569276927037 1284569315566629
1284569315568261 1284569315602761 1284569323474827 1284569362356501 1284569362356552 1284569362389720 1284569370244635 1284569409006261
1284569409008577 1284569409044604 1284569418158172 1284569457052725 1284569457052755 1284569457085779 1284569464647099 1284569503363881
1284569503365531 1284569503399242 1284569513613390 1284569552551626 1284569552551662 1284569552586705 1284569559011769 1284569597715489

1284563858888145 1284563858899065 1284563869312203 1284563908704312 1284563908704348 1284563909018493 1284563916225945 1284563955466758
1284563955467739 1284563955503226 1284563963137620 1284564002357889 1284564002357910 1284564002391012 1284564010377969 1284564049403454
1284564049404549 1284564049439019 1284564059181144 1284564098232753 1284564098232774 1284564098265258 1284564106325115 1284564145169850
1284564145170807 1284564145205055 1284564153893868 1284564192741405 1284564192741426 1284564192773559 1284564200955471 1284564239624289
1284564239625168 1284564239660550 1284564248964147 1284564287858739 1284564287858760 1284564287891499 1284564295523838 1284564334152888
1284564334154259 1284564334187460 1284564341906220 1284564380774415 1284564380774595 1284564380808300 1284564388544178 1284564427244346
1284564427245315 1284564427280076 1284564436311018 1284564475197642 1284564475197852 1284564475229760 1284564482938359 1284564521645613
1284564521646435 1284564521681376 1284564530629854 1284564569447505 1284564569447721 1284564569481015 1284564576150270 1284564614831757
1284564614832633 1284564614866509 1284564625135821 1284564663968763 1284564663968784 1284564664003848 1284564671665137 1284564710359464
