16 2795
1292204609324190 1292204609378781 1292204680301022 1292205058089966 1292204609378820 1292204609398767 1292205058101531 1292205436526709
1292204680300653 1292204680340208 1292205436537314 1292205816379884 1292205058101936 1292205058126920 1292205816392337 1292206198365045
1292205436536846 1292205436564248 1292206198375182 1292206577057046 1292205816391968 1292205816417336 1292206577066160 1292206960594728
1292206198374777 1292206198395246 1292206960605015 1292207339296119 1292206577066667 1292206577092872 1292207339304015 1292207721332445
1292206960604580 1292206960635486 1292207721344472 1292208100411299 1292207339303778 1292207339325723 1292208100421277 1292208480999324
1292207721344208 1292207721370218 1292208481007817 1292208891470796 1292208100421394 1292208100452687 1292208891481266 1292209306956525
1292208481007490 1292208481037103 1292209306964568 1292209739010525 1292208891480927 1292208891506610 1292209739020404 1292210179356462
1292209306963956 1292209306987371 1292210179366218 1292210612890149 1292209739020428 1292209739053071 1292210612902071 1292211050477838
1292210179365750 1292210179401420 1292211050500371 1292211476154615 1292210612901672 1292210612928849 1292211476163108 1292211895091109

147262590856668 147262590909768 147262659279447 147263037164022 147262590909993 147262590927978 147263037173565 147263413948167
147262659278787 147262659359256 147263413958466 147263795878449 147263037173070 147263037197640 147263795889084 147264176546961
147263413958223 147263413989564 147264176553714 147264559198566 147263795888436 147263795915565 147264559206813 147264941345289
147264176553405 147264176577714 147264941352819 147265323241656 147264559206387 147264559228725 147265323250293 147265703838582
147264941352324 147264941374404 147265703845455 147266084984280 147265323249648 147265323271791 147266084991138 147266465310705
147265703844876 147265703868387 147266465318793 147266873330019 147266084991078 147266085019671 147266873340420 147267283681581
147266465318319 147266465345385 147267283692015 147267720030501 147266873340069 147266873372583 147267720040938 147268157350668
147267283691406 147267283727205 147268157363169 147268596371319 147267720040509 147267720068394 147268596382161 147269035561410
147268157363202 147268157410074 147269035572252 147269464982430 147268596381726 147268596413211 147269464990893 147269884732881

1286372902611672 1286372902668480 1286372976881526 1286373353184291 1286372902668783 1286372902689789 1286373353194467 1286373731740233
1286372976880611 1286372976920127 1286373731748531 1286374112061783 1286373353194008 1286373353221989 1286374112070702 1286374493979756
1286373731747874 1286373731774454 1286374493986299 1286374874606850 1286374112069892 1286374112092959 1286374874616666 1286375257222824
1286374493985828 1286374494005724 1286375257229691 1286375638145100 1286374874615847 1286374874641812 1286375638154955 1286376020144049
1286375257228950 1286375257252554 1286376020151537 1286376398242782 1286375638155300 1286375638194669 1286376398253657 1286376779080449
1286376020151054 1286376020177754 1286376779090679 1286377203801171 1286376398252892 1286376398285088 1286377203814902 1286377627666626
1286376779090046 1286376779123631 1286377627678563 1286378064556500 1286377203814275 1286377203849867 1286378064567306 1286378502174591
1286377627677648 1286377627713204 1286378502186210 1286378937738249 1286378064566685 1286378064593595 1286378937747969 1286379376022799
1286378502185355 1286378502219483 1286379376033428 1286379809170587 1286378937747747 1286378937770619 1286379809177028 1286380225526643

1286382983188920 1286382983276064 1286383055969223 1286383433238093 1286382983276439 1286382983296815 1286383433249073 1286383811806992
1286383055968524 1286383056006564 1286383811816454 1286384193020352 1286383433248908 1286383433277537 1286384193029886 1286384576023953
1286383811816043 1286383811842692 1286384576029887 1286384957575113 1286384193029646 1286384193050247 1286384957584173 1286385340791555
1286384576029323 1286384576048739 1286385340797645 1286385721365810 1286384957583837 1286384957602338 1286385721375026 1286386103838183
1286385340797408 1286385340818507 1286386103844660 1286386484269068 1286385721374666 1286385721392792 1286386484277789 1286386866095859
1286386103844339 1286386103869143 1286386866102411 1286387289797913 1286386484277567 1286386484299179 1286387289808164 1286387715558036
1286386866101958 1286386866124761 1286387715568977 1286388154229685 1286387289807024 1286387289831105 1286388154236159 1286388590810019
1286387715568245 1286387715590601 1286388590818431 1286389028223852 1286388154235832 1286388154258503 1286389028232189 1286389464965808
1286388590818128 1286388590839170 1286389464974343 1286389898061300 1286389028231949 1286389028257998 1286389898070213 1286390317526490

1286383555857078 1286383555916530 1286383628362110 1286384008051374 1286383555916890 1286383555937150 1286384008065918 1286384388364074
1286383628361456 1286383628451525 1286384388376380 1286384770434246 1286384008064502 1286384008095195 1286384770447302 1286385154134504
1286384388375429 1286384388409161 1286385154144776 1286385536311641 1286384770445985 1286384770473216 1286385536320404 1286385917720604
1286385154143909 1286385154167087 1286385917726943 1286386299624750 1286385536319972 1286385536346282 1286386299634047 1286386681414164
1286385917726490 1286385917749164 1286386681423419 1286387063483535 1286386299634065 1286386299672426 1286387063493495 1286387445671556
1286386681422591 1286386681455294 1286387445683145 1286387870919303 1286387063492676 1286387063517060 1286387870930973 1286388296505195
1286387445682650 1286387445715488 1286388296516250 1286388734505138 1286387870930562 1286387870956707 1286388734515500 1286389170831702
1286388296516244 1286388296553528 1286389170840438 1286389611053592 1286388734515506 1286388734549400 1286389611064773 1286390058584739
1286389170840084 1286389170871500 1286390058596679 1286390484920052 1286389611064299 1286389611098235 1286390484930129 1286390903677887

1286378733265432 1286378733324228 1286378800959294 1286379180086472 1286378733324560 1286378733346072 1286379180096804 1286379562578345
1286378800958943 1286378801046723 1286379562588572 1286379946340613 1286379180096951 1286379180120030 1286379946347669 1286380328198847
1286379562587936 1286379562623132 1286380328206644 1286380714984626 1286379946346949 1286379946367205 1286380714993695 1286381092808607
1286380328205957 1286380328227716 1286381092819053 1286381478103416 1286380714993326 1286380715012808 1286381503094793 1286381880871539
1286381092818456 1286381092842345 1286381940289143 1286382322086810 1286381503094628 1286381503144080 1286382373401447 1286382756021279
1286381940288879 1286381940319008 1286382813071556 1286383240430166 1286382373400829 1286382373436412 1286383250530641 1286383678241907
1286382813071028 1286382813107742 1286383678250922 1286384122670817 1286383250530062 1286383250557806 1286384122678869 1286384551939014
1286383678250319 1286383678273317 1286384551946688 1286384989624536 1286384122678869 1286384122705101 1286384989632957 1286385417656547
1286384551945983 1286384551972176 1286385417666363 1286385851524032 1286384989632891 1286384989656777 1286385851530458 1286386269251841

1286382270435040 1286382270495136 1286382347511795 1286382727228755 1286382270495496 1286382270514400 1286382727240308 1286383107700401
1286382347511339 1286382347552229 1286383107710157 1286383490847588 1286382727240314 1286382727273014 1286383490854515 1286383883522931
1286383107709545 1286383107740358 1286383883531670 1286384254783878 1286383490854596 1286383490879355 1286384254790817 1286384645655828
1286383883531130 1286383883550351 1286384645664636 1286385020780220 1286384254790574 1286384254815909 1286385049236285 1286385431392575
1286384645664123 1286384645685639 1286385483881874 1286385866634102 1286385049236093 1286385049282644 1286385917793210 1286386299315468
1286385483881409 1286385483907086 1286386357043376 1286386772174655 1286385917792763 1286385917832270 1286386795633875 1286387210532015
1286386357042887 1286386357079526 1286387210541384 1286387646821619 1286386795632984 1286386795659927 1286387646830976 1286388088602636
1286387210540793 1286387210568483 1286388088612269 1286388521207577 1286387646830493 1286387646859815 1286388521217696 1286388968179815
1286388088612026 1286388088650090 1286388968191899 1286389391067759 1286388521216970 1286388521244780 1286389391076474 1286389808772729

147262232413707 147262232470506 147262310583843 147262689498681 147262232470866 147262232488440 147262689507894 147263067635688
147262310582958 147262310674488 147263067645555 147263450074032 147262689507390 147262689532473 147263450083914 147263831298096
147263067644928 147263067672000 147263831305224 147264213989742 147263450083848 147263450111049 147264213998394 147264595959744
147263831304756 147263831325291 147264595967451 147264977504250 147264213998337 147264214019661 147264977513676 147265353788889
147264595966614 147264595987059 147265353796836 147265734966852 147264977513211 147264977536677 147265734977145 147266115312435
147265353796542 147265353821289 147266115321930 147266536934493 147265734976869 147265735006224 147266536943637 147266958242718
147266115321681 147266115352647 147266958253527 147267396165282 147266536943250 147266536967019 147267396176259 147267834890064
147266958253323 147266958283683 147267834900138 147268272266253 147267396175392 147267396202182 147268272277092 147268713658137
147267834899646 147267834934749 147268713669009 147269142846483 147268272276729 147268272306540 147269142853641 147269560114659

147255079481703 147255079538235 147255152706207 147255531704160 147255079538583 147255079558383 147255531714465 147255911925000
147255152705874 147255152790999 147255911935512 147256291580820 147255531713691 147255531744126 147256291590159 147256680089700
147255911935083 147255911963802 147256680100215 147257053340814 147256291589640 147256291625214 147257053353129 147257443335084
147256680099732 147256680136887 147257443346853 147257815007109 147257053352196 147257053387836 147257815016406 147258204363681
147257443346331 147257443379799 147258224296305 147258595849434 147257815015950 147257815048533 147258595858488 147258977535255
147258224295504 147258224346873 147258977543958 147259398808053 147258595858098 147258595889931 147259398820056 147259820426157
147258977543427 147258977580423 147259820437737 147260269319112 147259398819048 147259398852063 147260269326771 147260692031823
147259820436984 147259820472177 147260692040343 147261130246698 147260269326375 147260269355082 147261130257729 147261579437019
147260692039950 147260692071627 147261579448092 147261999177030 147261130257150 147261130290645 147261999187617 147262416189510

1285892949795594 1285892949827952 1285893016509429 1285893449313543 1285892949828303 1285892949837942 1285893449326869 1285893879872580
1285893016508250 1285893016549779 1285893879883827 1285894316184906 1285893449326083 1285893449354121 1285894316197248 1285894752540120
1285893879883140 1285893879913488 1285894752551697 1285895190087795 1285894316196906 1285894316227221 1285895190100020 1285895627176149
1285894752551235 1285894752580104 1285895627186943 1285896065985315 1285895190099846 1285895190145686 1285896065996586 1285896505285560
1285895627186136 1285895627220333 1285896505296336 1285896941933958 1285896065995650 1285896066023349 1285896941942943 1285897380075627
1285896505295535 1285896505340646 1285897380086124 1285897775824593 1285896941942757 1285896941978022 1285897775834676 1285898169498660
1285897380085275 1285897380117636 1285898169508338 1285898550797043 1285897775833683 1285897775858139 1285898550804702 1285898932634784
1285898169507672 1285898169536619 1285898932642668 1285899314973831 1285898550804261 1285898550828066 1285899314981649 1285899699155292
1285898932641810 1285898932669194 1285899699165543 1285900079420076 1285899314980914 1285899315002838 1285900079427333 1285900451074209

1285882516837332 1285882516869630 1285882594779150 1285883023846125 1285882516869687 1285882516880628 1285883023860681 1285883455294542
1285882594777860 1285882594820721 1285883455307214 1285883891950782 1285883023860129 1285883023885077 1285883891961390 1285884329540196
1285883455306527 1285883455333911 1285884329550537 1285884766228986 1285883891961603 1285883891993586 1285884766241202 1285885206185418
1285884329550627 1285884329579721 1285885206195651 1285885646242929 1285884766240791 1285884766270647 1285885646252232 1285886086177893
1285885206195144 1285885206226611 1285886086187391 1285886521935633 1285885646252010 1285885646297541 1285886521943973 1285886957961711
1285886086187340 1285886086219224 1285886957970141 1285887354994326 1285886521943625 1285886521972875 1285887355006101 1285887751470957
1285886957969712 1285886958004866 1285887751482336 1285888131482898 1285887355005966 1285887355037574 1285888131495540 1285888511687619
1285887751482132 1285887751518675 1285888511698848 1285888890676014 1285888131495174 1285888131527439 1285888890686406 1285889270902962
1285888511698323 1285888511730441 1285889270914323 1285889650474590 1285888890685674 1285888890713745 1285889650483539 1285890021113127

1285588328573517 1285588328633904 1285588406605044 1285588785339168 1285588328634345 1285588328653335 1285588785349836 1285589164707630
1285588406604570 1285588406653443 1285589164716696 1285589545084272 1285588785350175 1285588785381153 1285589545094535 1285589933780688
1285589164715961 1285589164740294 1285589933789109 1285590304135053 1285589545094250 1285589545126935 1285590304145907 1285590690561657
1285589933788818 1285589933822211 1285590690573003 1285591067359194 1285590304145862 1285590304182549 1285591069634463 1285591454101725
1285590690572460 1285590690602703 1285591476014322 1285591848144408 1285591069634256 1285591069685901 1285591848153840 1285592230953330
1285591476014370 1285591476049557 1285592230963725 1285592656146723 1285591848153513 1285591848183567 1285592656158408 1285593085058931
1285592230963026 1285592230998729 1285593085069509 1285593517912248 1285592656157658 1285592656190436 1285593517921503 1285593953450184
1285593085068753 1285593085097424 1285593953458614 1285594379645121 1285593517921062 1285593517953951 1285594379655804 1285594824074115
1285593953458329 1285593953489835 1285594824085167 1285595244556617 1285594379655429 1285594379679855 1285595244563745 1285595661196941

1312797526697807 1312797526754527 1312797597068316 1312797976084047 1312797526754895 1312797526774955 1312797976093041 1312798354333110
1312797597067785 1312797597107067 1312798354343898 1312798736696955 1312797976093050 1312797976116951 1312798736706264 1312799117877261
1312798354343775 1312798354370238 1312799117884014 1312799498558292 1312798736706606 1312798736737266 1312799498566833 1312799878269438
1312799117883714 1312799117905419 1312799878275813 1312800260025420 1312799498566995 1312799498590203 1312800260035206 1312800641284080
1312799878275342 1312799878295532 1312800641290965 1312801020749889 1312800260035377 1312800260059191 1312801020759969 1312801402560924
1312800641290407 1312800641310609 1312801402571115 1312801830496683 1312801020759624 1312801020791193 1312801830507000 1312802259043983
1312801402570398 1312801402599942 1312802259054204 1312802697061380 1312801830506886 1312801830533712 1312802697070167 1312803132486012
1312802259053658 1312802259087360 1312803132496362 1312803570159006 1312802697070056 1312802697102033 1312803570169989 1312804012986000
1312803132495819 1312803132529197 1312804012997517 1312804432907439 1312803570169524 1312803570193119 1312804432916757 1312804850701494

1285592943499128 1285592943554199 1285593012448029 1285593391065009 1285592943554577 1285592943573525 1285593391077678 1285593771264465
1285593012447363 1285593012484536 1285593771275478 1285594154634894 1285593391077339 1285593391107912 1285594154641749 1285594547508591
1285593771274620 1285593771302283 1285594547517492 1285594919842476 1285594154641218 1285594154664705 1285594919849049 1285595311726170
1285594547516910 1285594547537028 1285595311734879 1285595686227921 1285594919848617 1285594919871573 1285595714273637 1285596090658533
1285595311734570 1285595311753113 1285596152907306 1285596529469886 1285595714273370 1285595714326776 1285596585805602 1285596965272059
1285596152906643 1285596152993127 1285597026250437 1285597448308131 1285596585804948 1285596585829476 1285597463050089 1285597899629499
1285597026249411 1285597026282615 1285597899638625 1285598328929964 1285597463049702 1285597463074032 1285598328938679 1285598773236591
1285597899637788 1285597899667071 1285598773243476 1285599202230276 1285598328938826 1285598328962439 1285599202239543 1285599646988442
1285598773242774 1285598773273851 1285599646999089 1285600069163721 1285599202238835 1285599202267188 1285600069173015 1285600485898209

1285596821249392 1285596821308960 1285596892821765 1285597270785294 1285596821309308 1285596821329060 1285597270797285 1285597653146733
1285596892821426 1285596892861410 1285597653159198 1285598034545610 1285597270796688 1285597270820025 1285598034554685 1285598422809546
1285597653158559 1285597653188247 1285598422818249 1285598799377154 1285598034554139 1285598034578988 1285598799387753 1285599186824391
1285598422817787 1285598422845960 1285599186833229 1285599563469792 1285598799387411 1285598799405984 1285599602300892 1285599983991930
1285599186832338 1285599186851634 1285600037163948 1285600413404427 1285599602300301 1285599602337756 1285600470973269 1285600851456987
1285600037163198 1285600037191188 1285600908682191 1285601317211403 1285600470972783 1285600471010151 1285601347967970 1285601770173138
1285600908681978 1285600908719979 1285601770185309 1285602200279787 1285601347967376 1285601347996539 1285602200289426 1285602640889667
1285601770184712 1285601770217496 1285602640898673 1285603071021963 1285602200289021 1285602200310780 1285603071030405 1285603509607416
1285602640897902 1285602640925049 1285603509616008 1285603939283526 1285603071029847 1285603071062751 1285603939294596 1285604358856962

1285591931309871 1285591931367654 1285592009549691 1285592386441101 1285591931368008 1285591931387040 1285592386453098 1285592763533583
1285592009549364 1285592009587053 1285592763542484 1285593145476435 1285592386452702 1285592386481226 1285593145487040 1285593526518453
1285592763542202 1285592763570048 1285593526526202 1285593908165010 1285593145486362 1285593145517460 1285593908175405 1285594289337345
1285593526525845 1285593526550247 1285594289347929 1285594670740512 1285593908174511 1285593908200530 1285594670748429 1285595051176881
1285594289347107 1285594289369559 1285595051185122 1285595431316952 1285594670748342 1285594670770140 1285595431328730 1285595810517756
1285595051184783 1285595051206248 1285595810528475 1285596235141416 1285595431328466 1285595431357707 1285596235151937 1285596661560258
1285595810527869 1285595810554614 1285596661572030 1285597098563838 1285596235151688 1285596235177899 1285597098573510 1285597534335564
1285596661571448 1285596661602879 1285597534343790 1285597971613473 1285597098573210 1285597098601113 1285597971624600 1285598413951530
1285597534343265 1285597534373925 1285598413962855 1285598843771325 1285597971624240 1285597971654360 1285598843782122 1285599262721679
