16 265
1291027564676652 1291027565084448 1291027565434131 1291027604775606 1291027604775627 1291027605205215 1291027605558285 1291027644828003
1291027644829086 1291027645224525 1291027645576947 1291027684292013 1291027684292034 1291027684716072 1291027685233758 1291027724149959
1291027724151207 1291027724579148 1291027725242181 1291027764517458 1291027764517479 1291027764939099 1291027765274877 1291027804304949
1291027804305192 1291027804709031 1291027805049240 1291027844234988 1291027844235024 1291027844640867 1291027844977014 1291027883937717
1291027883937927 1291027884353391 1291027884685245 1291027923764538 1291027923764559 1291027924191969 1291027924536288 1291027963451172
1291027963451430 1291027963859535 1291027964196903 1291028003075001 1291028003075022 1291028003503230 1291028003853660 1291028043032058
1291028043032277 1291028043468681 1291028043841416 1291028082532575 1291028082532611 1291028082933657 1291028083272003 1291028122113252
1291028122113528 1291028122507614 1291028122856295 1291028161577127 1291028161577163 1291028161960530 1291028162296137 1291028201158548
1291028201158788 1291028201568612 1291028201911920 1291028240587434 1291028240587470 1291028240993163 1291028241328995 1291028280193506

146085545609295 146085546001920 146085546343254 146085585723210 146085585723231 146085586123896 146085586469082 146085625731672
146085625732506 146085626135754 146085626479404 146085665281452 146085665281488 146085665682855 146085666035229 146085704999379
146085705000186 146085705420774 146085705810462 146085744695892 146085744695913 146085745102917 146085745986768 146085784986666
146085784986927 146085785399439 146085785753508 146085824290221 146085824290242 146085824684199 146085825688812 146085864432660
146085864432927 146085864827151 146085865398513 146085903929529 146085903929550 146085904341804 146085905238591 146085943965477
146085943965996 146085944394897 146085944905188 146085983438115 146085983438151 146085983833542 146085984555948 146086023284928
146086023285375 146086023677469 146086024510593 146086063062444 146086063062465 146086063466415 146086063977906 146086102692762
146086102693044 146086103101662 146086103554179 146086142100327 146086142100348 146086142507502 146086143006813 146086181738640
146086181738937 146086182145629 146086182612759 146086221175860 146086221175881 146086221563403 146086222038156 146086260811182

1285195859735385 1285195860139698 1285195860481068 1285195899853566 1285195899853602 1285195900280217 1285195900629315 1285195939818636
1285195939819500 1285195940234922 1285195940573052 1285195979471712 1285195979471748 1285195979883618 1285195980232521 1285196019375432
1285196019376200 1285196019789765 1285196020157364 1285196058950583 1285196058950604 1285196059348797 1285196059837704 1285196098880496
1285196098880556 1285196099284170 1285196099772135 1285196138403051 1285196138403072 1285196138794266 1285196139137466 1285196177903067
1285196177903523 1285196178334407 1285196179048632 1285196217928899 1285196217928935 1285196218340775 1285196218692333 1285196257417992
1285196257418565 1285196257822842 1285196258613354 1285196297154720 1285196297154741 1285196297551695 1285196298051177 1285196336774556
1285196336774808 1285196337176850 1285196337898827 1285196376412029 1285196376412053 1285196376820851 1285196377686594 1285196416411335
1285196416411659 1285196416813560 1285196417321943 1285196455825728 1285196455825749 1285196456227521 1285196456728743 1285196495418099
1285196495418315 1285196495832600 1285196496365952 1285196534935839 1285196534935860 1285196535340521 1285196535782610 1285196574460290

1285205930439165 1285205930831706 1285205931165333 1285205970585747 1285205970585768 1285205971014117 1285205971354818 1285206010628316
1285206010629123 1285206011065803 1285206011412033 1285206050490837 1285206050490858 1285206050885352 1285206051231144 1285206090478191
1285206090478953 1285206090891915 1285206091231605 1285206130178838 1285206130178859 1285206130573308 1285206130909038 1285206169886295
1285206169886316 1285206170315460 1285206170656431 1285206209198961 1285206209198997 1285206209612325 1285206210393831 1285206249153819
1285206249154101 1285206249552774 1285206250095645 1285206288699510 1285206288699531 1285206289119459 1285206289935264 1285206328731474
1285206328731927 1285206329126955 1285206329604759 1285206368119821 1285206368119842 1285206368529915 1285206369246693 1285206408007359
1285206408007668 1285206408412197 1285206409213539 1285206447752886 1285206447752907 1285206448174155 1285206448683309 1285206487390182
1285206487390677 1285206487794273 1285206488253816 1285206526828977 1285206526828998 1285206527224344 1285206527707113 1285206566422392
1285206566422638 1285206566831916 1285206567318900 1285206605897313 1285206605897349 1285206606314184 1285206606746043 1285206645474003

1285206503227713 1285206503617782 1285206503953863 1285206543505167 1285206543505185 1285206543907398 1285206544255812 1285206583670328
1285206583670715 1285206584069130 1285206584418906 1285206623313246 1285206623313267 1285206623728017 1285206624067419 1285206663187074
1285206663187464 1285206663612816 1285206663959487 1285206702814542 1285206702814563 1285206703217058 1285206703546893 1285206742621107
1285206742621389 1285206743023809 1285206743362695 1285206781864593 1285206781864614 1285206782268501 1285206782857650 1285206821573550
1285206821573832 1285206821997564 1285206822560553 1285206861158880 1285206861158898 1285206861566640 1285206862387404 1285206901152051
1285206901152339 1285206901564815 1285206902078787 1285206940567800 1285206940567821 1285206940960896 1285206941719164 1285206980480376
1285206980480715 1285206980881215 1285206981676152 1285207020208389 1285207020208410 1285207020631149 1285207021159587 1285207059907971
1285207059908247 1285207060316616 1285207060735743 1285207099338513 1285207099338534 1285207099746447 1285207100196273 1285207138988220
1285207138988514 1285207139388903 1285207139784216 1285207178329563 1285207178329584 1285207178725899 1285207179218352 1285207217929467

1285201684822305 1285201685209311 1285201685548812 1285201725140982 1285201725141018 1285201725549111 1285201725897852 1285201764943725
1285201764944910 1285201765369968 1285201765778520 1285201804887942 1285201804887960 1285201805294016 1285201805640261 1285201844558865
1285201844559702 1285201844966124 1285201845316422 1285201884262425 1285201884262446 1285201884664221 1285201885003830 1285201923729198
1285201923729426 1285201924124766 1285201924729401 1285201963651515 1285201963651536 1285201964055888 1285201964392851 1285202003101635
1285202003101917 1285202003505081 1285202003848863 1285202042576478 1285202042576499 1285202042982315 1285202043341064 1285202081836422
1285202081836695 1285202082232872 1285202083286685 1285202122036719 1285202122036740 1285202122429140 1285202122761099 1285202161243449
1285202161243671 1285202161645011 1285202162603796 1285202201309529 1285202201309565 1285202201715615 1285202202351021 1285202240913753
1285202240914002 1285202241312357 1285202242038654 1285202280732912 1285202280732933 1285202281161303 1285202281504719 1285202320028400
1285202320028646 1285202320423578 1285202321111172 1285202359888530 1285202359888566 1285202360291559 1285202360638113 1285202399197695

1285205217946899 1285205218337232 1285205218674189 1285205258065236 1285205258065257 1285205258487681 1285205258838063 1285205298036081
1285205298036543 1285205298453939 1285205298792708 1285205337677640 1285205337677661 1285205338098069 1285205338513566 1285205377534428
1285205377534776 1285205377932765 1285205378277798 1285205417081619 1285205417081640 1285205417491518 1285205417881788 1285205456893548
1285205456893800 1285205457295998 1285205457629082 1285205496217269 1285205496217305 1285205496623775 1285205497273065 1285205535976662
1285205535976989 1285205536371219 1285205536726053 1285205575235763 1285205575235784 1285205575649262 1285205576218911 1285205614941384
1285205614941564 1285205615337528 1285205615707290 1285205654232054 1285205654232075 1285205654641863 1285205655664443 1285205694369144
1285205694369453 1285205694787422 1285205695125819 1285205733732267 1285205733732303 1285205734139931 1285205734962297 1285205773677984
1285205773678203 1285205774068422 1285205774705412 1285205813263035 1285205813263071 1285205813663034 1285205814379656 1285205853096840
1285205853097098 1285205853512667 1285205853869313 1285205892392271 1285205892392307 1285205892795006 1285205893510755 1285205932234080

146085183839175 146085184239840 146085184574895 146085223711347 146085223711368 146085224119908 146085224692554 146085263729340
146085263730237 146085264127662 146085264666234 146085303741534 146085303741555 146085304127667 146085304464378 146085343356588
146085343357458 146085343781067 146085344184732 146085382918827 146085382918848 146085383331132 146085383809830 146085422389023
146085422389272 146085422795415 146085423619782 146085462345978 146085462345999 146085462744954 146085463082691 146085501571479
146085501571662 146085501972084 146085502628586 146085541318998 146085541319034 146085541731246 146085542176386 146085580673439
146085580673715 146085581077785 146085582199842 146085620980011 146085620980032 146085621382098 146085621737316 146085660235293
146085660235533 146085660630774 146085661496118 146085700258698 146085700258719 146085700657563 146085701239083 146085739800441
146085739800786 146085740201316 146085740928150 146085779559546 146085779559582 146085779969949 146085780349002 146085818794371
146085818794632 146085819204519 146085820002630 146085858757545 146085858757566 146085859194375 146085859547343 146085898096440

146078051968824 146078052359070 146078052697371 146078092033929 146078092033950 146078092456413 146078092824291 146078132078475
146078132079072 146078132489178 146078132828415 146078171850591 146078171850612 146078172257817 146078172599994 146078211857010
146078211857586 146078212261692 146078212610769 146078251237530 146078251237566 146078251677519 146078252049816 146078290633089
146078290633398 146078291057940 146078291555007 146078330289027 146078330289048 146078330687787 146078331223488 146078369719719
146078369719935 146078370132210 146078370716676 146078409481533 146078409481554 146078409905781 146078410260867 146078448751782
146078448751815 146078449174980 146078449956663 146078488685991 146078488686027 146078489076879 146078489433975 146078527987341
146078527987764 146078528393034 146078529303339 146078568001053 146078568001074 146078568387543 146078569008696 146078607469140
146078607469869 146078607877707 146078608709367 146078647475529 146078647475550 146078647877421 146078648218473 146078686823148
146078686823850 146078687235465 146078687786658 146078726396796 146078726396832 146078726806164 146078727165963 146078765606022

1284715899451374 1284715899850461 1284715900192389 1284715939485963 1284715939485984 1284715939933416 1284715940289687 1284715979170815
1284715979171988 1284715979614443 1284715980121509 1284716019166275 1284716019166296 1284716019628434 1284716019977157 1284716058831549
1284716058832128 1284716059238529 1284716059872489 1284716098944051 1284716098944072 1284716099343483 1284716099682621 1284716138639769
1284716138640039 1284716139043416 1284716139384954 1284716178333000 1284716178333021 1284716178748125 1284716179084689 1284716217804462
1284716217804882 1284716218215615 1284716218569717 1284716257264536 1284716257264557 1284716257671741 1284716258008188 1284716296551777
1284716296552035 1284716296964112 1284716297307432 1284716336013078 1284716336013114 1284716336406804 1284716336758482 1284716375274966
1284716375275425 1284716375675640 1284716376186450 1284716414968044 1284716414968065 1284716415386241 1284716416021623 1284716454575835
1284716454576090 1284716454987303 1284716455721775 1284716494446579 1284716494446615 1284716494889559 1284716495499432 1284716533990845
1284716533991205 1284716534393583 1284716534860581 1284716573571324 1284716573571345 1284716573971722 1284716574596283 1284716613136896

1284705477387813 1284705477794967 1284705478129056 1284705517461570 1284705517461591 1284705517892697 1284705518263851 1284705557456088
1284705557456304 1284705557872905 1284705558209679 1284705597126843 1284705597126864 1284705597536802 1284705597879021 1284705636953283
1284705636953496 1284705637358601 1284705637695609 1284705676520568 1284705676520589 1284705676917768 1284705677372205 1284705716413557
1284705716413767 1284705716814888 1284705717155907 1284705755753757 1284705755753778 1284705756150429 1284705756775113 1284705795501927
1284705795502311 1284705795900318 1284705796279692 1284705834847458 1284705834847479 1284705835248351 1284705835717275 1284705874433154
1284705874433367 1284705874865784 1284705875202300 1284705913813980 1284705913814016 1284705914221500 1284705914557695 1284705953381994
1284705953382213 1284705953786367 1284705954128520 1284705992758419 1284705992758455 1284705993165063 1284705993521601 1284706032286044
1284706032286350 1284706032697569 1284706033180656 1284706072070868 1284706072070889 1284706072503708 1284706072915356 1284706111833570
1284706111833789 1284706112256288 1284706112603082 1284706151217801 1284706151217822 1284706151609745 1284706152011493 1284706190816802

1284411287218146 1284411287621085 1284411287965653 1284411327291876 1284411327291897 1284411327708750 1284411328061919 1284411367197684
1284411367198593 1284411367615797 1284411367951836 1284411406751916 1284411406751937 1284411407140926 1284411407667642 1284411446617164
1284411446617185 1284411447017373 1284411447497268 1284411486291723 1284411486291744 1284411486730104 1284411487077198 1284411526086537
1284411526086915 1284411526489692 1284411526843455 1284411565526688 1284411565526709 1284411565960797 1284411566318676 1284411605111616
1284411605112048 1284411605563644 1284411605910303 1284411644567088 1284411644567124 1284411644959833 1284411645325011 1284411683814063
1284411683814291 1284411684216222 1284411684812817 1284411723501039 1284411723501075 1284411723909531 1284411724423968 1284411762904893
1284411762905106 1284411763312098 1284411763858974 1284411802511793 1284411802511829 1284411802904553 1284411803702631 1284411842267001
1284411842267217 1284411842665383 1284411843374091 1284411882007059 1284411882007080 1284411882402897 1284411883115859 1284411921631017
1284411921631350 1284411922049328 1284411922490103 1284411961151049 1284411961151085 1284411961578798 1284411962206533 1284412000708713

1311620481814611 1311620482201515 1311620482538823 1311620521983249 1311620521983270 1311620522403243 1311620522748981 1311620561761050
1311620561761683 1311620562167409 1311620562525564 1311620601263856 1311620601263877 1311620601704664 1311620602069998 1311620640681174
1311620640682668 1311620641121001 1311620642037429 1311620680955322 1311620680955343 1311620681354067 1311620681701602 1311620720737272
1311620720737527 1311620721137340 1311620721650976 1311620760427137 1311620760427158 1311620760830778 1311620761414143 1311620800403985
1311620800404240 1311620800814439 1311620801155122 1311620839696701 1311620839696737 1311620840090535 1311620840943873 1311620879661234
1311620879661513 1311620880070719 1311620880634866 1311620919188574 1311620919188595 1311620919582399 1311620920270860 1311620959089420
1311620959089687 1311620959484109 1311620960230197 1311620998771695 1311620998771716 1311620999186742 1311620999715612 1311621038438625
1311621038438877 1311621038849820 1311621039293322 1311621077884551 1311621077884587 1311621078288972 1311621078756099 1311621117477018
1311621117477252 1311621117867129 1311621118344243 1311621156865824 1311621156865860 1311621157263612 1311621157772631 1311621196492371

1284415897903359 1284415898292297 1284415898624568 1284415937965644 1284415937965665 1284415938366399 1284415938782922 1284415977954522
1284415977955524 1284415978395369 1284415978727445 1284416017566081 1284416017566102 1284416017965054 1284416018434656 1284416057443563
1284416057444541 1284416057854062 1284416058216381 1284416097058713 1284416097058734 1284416097450300 1284416098033620 1284416137149204
1284416137149648 1284416137573383 1284416137913604 1284416176645575 1284416176645611 1284416177041854 1284416177489811 1284416216472339
1284416216472561 1284416216883198 1284416217215745 1284416255788875 1284416255788896 1284416256200940 1284416256532566 1284416295295386
1284416295295779 1284416295707961 1284416296304646 1284416334881778 1284416334881814 1284416335278663 1284416335797924 1284416374574298
1284416374574553 1284416375001588 1284416375704629 1284416414278521 1284416414278557 1284416414674590 1284416415413343 1284416454109428
1284416454110004 1284416454533601 1284416455066704 1284416493555006 1284416493555027 1284416493973641 1284416494503051 1284416533206753
1284416533207062 1284416533611327 1284416534084193 1284416572658037 1284416572658073 1284416573044326 1284416573512644 1284416612260419

1284419771410848 1284419771806293 1284419772151470 1284419811736578 1284419811736599 1284419812152285 1284419812490298 1284419851596489
1284419851596786 1284419852009226 1284419852345184 1284419891547018 1284419891547039 1284419891949804 1284419892285702 1284419931300153
1284419931300189 1284419931736119 1284419932085352 1284419971164744 1284419971164765 1284419971553802 1284419971900764 1284420010798932
1284420010798953 1284420011205354 1284420011561049 1284420050598639 1284420050598660 1284420051009066 1284420051348084 1284420090137976
1284420090138174 1284420090542685 1284420090900084 1284420129646641 1284420129646662 1284420130043898 1284420130393878 1284420168936396
1284420168936417 1284420169368882 1284420169707033 1284420208441089 1284420208441110 1284420208886166 1284420209232837 1284420247782171
1284420247782417 1284420248218167 1284420248610411 1284420287130414 1284420287130435 1284420287543130 1284420288278220 1284420327024573
1284420327024864 1284420327421218 1284420328157484 1284420366661740 1284420366661761 1284420367057905 1284420367595472 1284420406356051
1284420406356528 1284420406778847 1284420407231589 1284420445803063 1284420445803084 1284420446208702 1284420446666490 1284420485471022

1284414883012128 1284414883410825 1284414883743870 1284414923137197 1284414923137218 1284414923542662 1284414923886975 1284414963088083
1284414963088929 1284414963481422 1284414963823110 1284415002722325 1284415002722346 1284415003115637 1284415003665159 1284415042721490
1284415042722369 1284415043131707 1284415043472525 1284415082046819 1284415082046840 1284415082461191 1284415083268002 1284415122081846
1284415122082071 1284415122519990 1284415122920784 1284415161454515 1284415161454536 1284415161848988 1284415162727220 1284415201445184
1284415201445415 1284415201833345 1284415202258700 1284415240770309 1284415240770330 1284415241195859 1284415241757564 1284415280445648
1284415280445858 1284415280847876 1284415281349992 1284415319909529 1284415319909550 1284415320319464 1284415320810891 1284415359484854
1284415359485058 1284415359907158 1284415360687020 1284415399206072 1284415399206093 1284415399602903 1284415400383677 1284415439120796
1284415439121006 1284415439517477 1284415440042954 1284415478600250 1284415478600271 1284415479011205 1284415479484659 1284415518155097
1284415518155367 1284415518564771 1284415519068720 1284415557600330 1284415557600363 1284415558006320 1284415558514577 1284415597218705
