16 28
4583829135423438848 47261872013328 1290926611943256 1290926616236844 47261864009744 47261855977488 1290926616236895 1290926620540839
47261986414608 47261978382352 1290926620541070 1290926624812863 47261970378768 47261962346512 1290926624812884 1290926629074969
47262018486288 47262010454032 1290926629075206 1290926633324769 47262002450448 47261994418192 1290926633324802 1290926637577125
47262050557968 47262042525712 1290926637577152 1290926641835463 47262034522128 47262026489872 1290926641835484 1290926646087918
47262082629648 47262074597392 1290926646087939 1290926650321485 47262066593808 47262058561552 1290926650321521 1290926654566992
47262114701328 47262106669072 1290926654567274 1290926658774198 47262098665488 47262090633232 1290926658774423 1290926663010153
47262146773008 47262138740752 1290926663010372 1290926667213837 47262130737168 47262122704912 1290926667214056 1290926671456047
47262178844688 47262170812432 1290926671456086 1290926675661402 47262162808848 47262154776592 1290926675661633 1290926679957042
47262210916368 47262202884112 1290926679957063 1290926684186385 47262194880528 47262186848272 1290926684186421 1290926688413106

47556830691344 47556754505744 145984592761632 145984597045212 47556746502160 47556738469904 145984597045233 145984601314758
47556862763024 47556854730768 145984601315115 145984605552186 47556846727184 47556838694928 145984605552222 145984609808070
47556894834704 47556886802448 145984609808352 145984614032133 47556878798864 47556870766608 145984614032169 145984618291302
47556926906384 47556918874128 145984618291539 145984622475192 47556910870544 47556902838288 145984622475213 145984626702024
47556958978064 47556950945808 145984626702237 145984630875660 47556942942224 47556934909968 145984630875699 145984635101148
47556991049744 47556983017488 145984635101364 145984639315842 47556975013904 47556966981648 145984639315860 145984643529027
47557023121424 47557015089168 145984643529249 145984647734661 47557007085584 47556999053328 145984647734682 145984651951899
47557055193104 47557047160848 145984651952112 145984656148101 47557039157264 47557031125008 145984656148122 145984660335786
47557087264784 47557079232528 145984660336098 145984664552538 47557071228944 47557063196688 145984664552562 145984668746562

47278983467024 47278975434768 1285094907065490 1285094911299039 47278967431184 47278959398928 1285094911299060 1285094915540232
47279083139088 47279075106832 1285094915540571 1285094919707667 47279067103248 47278991470608 1285094919707703 1285094923873731
47279115210768 47279107178512 1285094923874073 1285094928062202 47279099174928 47279091142672 1285094928062223 1285094932241817
47279147282448 47279139250192 1285094932242138 1285094936388804 47279131246608 47279123214352 1285094936388840 1285094940536949
47279179354128 47279171321872 1285094940537267 1285094944691991 47279163318288 47279155286032 1285094944692021 1285094948842641
47279211425808 47279203393552 1285094948842977 1285094952991236 47279195389968 47279187357712 1285094952991260 1285094957122428
47279243497488 47279235465232 1285094957122782 1285094961271833 47279227461648 47279219429392 1285094961271872 1285094965400562
47279275569168 47279267536912 1285094965400886 1285094969555313 47279259533328 47279251501072 1285094969555334 1285094973713001
47279307640848 47279299608592 1285094973713316 1285094977851951 47279291605008 47279283572752 1285094977851987 1285094982016557

47117319647248 47117311614992 1285104976965180 1285104981221820 47117303611408 47117295579152 1285104981222138 1285104985453359
47117425917968 47117417885712 1285104985453425 1285104989646852 47117409882128 47117401849872 1285104989646873 1285104993822129
47117457989648 47117449957392 1285104993822174 1285104997984137 47117441953808 47117433921552 1285104997984455 1285105002117303
47117490061328 47117482029072 1285105002117324 1285105006277550 47117474025488 47117465993232 1285105006277580 1285105010430999
47117522133008 47117514100752 1285105010431032 1285105014570900 47117506097168 47117498064912 1285105014570921 1285105018725363
47117554204688 47117546172432 1285105018725399 1285105022840070 47117538168848 47117530136592 1285105022840139 1285105026977400
47117586276368 47117578244112 1285105026977421 1285105031132442 47117570240528 47117562208272 1285105031132487 1285105035292932
47117618348048 47117610315792 1285105035292983 1285105039425378 47117602312208 47117594279952 1285105039425705 1285105043581026
47117650419728 47117642387472 1285105043581071 1285105047726597 47117634383888 47117626351632 1285105047726618 1285105051886763

47816340668432 47816264183824 1285105549723026 1285105553965641 47816256180240 47816248147984 1285105553965677 1285105558213218
47816372740112 47816364707856 1285105558213572 1285105562400267 47816356704272 47816348672016 1285105562400288 1285105566598989
47816404811792 47816396779536 1285105566599343 1285105570814706 47816388775952 47816380743696 1285105570814727 1285105575027543
47816436883472 47816428851216 1285105575027867 1285105579172709 47816420847632 47816412815376 1285105579172730 1285105583339097
47816468955152 47816460922896 1285105583339427 1285105587470841 47816452919312 47816444887056 1285105587470862 1285105591616853
47816501026832 47816492994576 1285105591617180 1285105595762115 47816484990992 47816476958736 1285105595762148 1285105599888594
47816533098512 47816525066256 1285105599888918 1285105604041065 47816517062672 47816509030416 1285105604041086 1285105608172005
47816565170192 47816557137936 1285105608172356 1285105612324155 47816549134352 47816541102096 1285105612324176 1285105616453331
47816597241872 47816589209616 1285105616453655 1285105620620187 47816581206032 47816573173776 1285105620620208 1285105624752918

47113675116560 47113667084304 1285100731671783 1285100735937909 47113659080720 47113651048464 1285100735937945 1285100740177704
47113777971216 47113699155984 1285100740177740 1285100744372178 47113691152400 47113683120144 1285100744372208 1285100748551058
47113810042896 47113802010640 1285100748551094 1285100752784829 47113794007056 47113785974800 1285100752785141 1285100757000687
47113842114576 47113834082320 1285100757000720 1285100761156488 47113826078736 47113818046480 1285100761156551 1285100765307552
47113874186256 47113866154000 1285100765307615 1285100769440898 47113858150416 47113850118160 1285100769440925 1285100773597737
47113906257936 47113898225680 1285100773597800 1285100777744928 47113890222096 47113882189840 1285100777744958 1285100781911664
47113938329616 47113930297360 1285100781911697 1285100786032224 47113922293776 47113914261520 1285100786032245 1285100790524589
47113970401296 47113962369040 1285100790524640 1285100794662810 47113954365456 47113946333200 1285100794662858 1285100798833971
47114002472976 47113994440720 1285100798834019 1285100802957246 47113986437136 47113978404880 1285100802957282 1285100807122998

47548094099472 47548086067216 1285104264507684 1285104268766859 47548078063632 47548070031376 1285104268766886 1285104273032316
47548197715984 47548189683728 1285104273032337 1285104277224003 47548181680144 47548173647888 1285104277224024 1285104281420598
47548229787664 47548221755408 1285104281420922 1285104285608892 47548213751824 47548205719568 1285104285608934 1285104289785381
47548261859344 47548253827088 1285104289785408 1285104293925015 47548245823504 47548237791248 1285104293925354 1285104298068795
47548293931024 47548285898768 1285104298068843 1285104302209260 47548277895184 47548269862928 1285104302209281 1285104306356934
47548326002704 47548317970448 1285104306356979 1285104310497762 47548309966864 47548301934608 1285104310497804 1285104314650866
47548358074384 47548350042128 1285104314650902 1285104318784320 47548342038544 47548334006288 1285104318784341 1285104322932324
47548390146064 47548382113808 1285104322932381 1285104327089223 47548374110224 47548366077968 1285104327089244 1285104331223112
47548422217744 47548414185488 1285104331223445 1285104335366178 47548406181904 47548398149648 1285104335366220 1285104339492957

47538745270288 47538737238032 145984230665274 145984234941786 47538729234448 47538721202192 145984234941804 145984239235956
47538845515792 47538769309712 145984239236313 145984243485423 47538761306128 47538753273872 145984243485453 145984247759784
47538877587472 47538869555216 145984247760003 145984251975237 47538861551632 47538853519376 145984251975258 145984256175471
47538909659152 47538901626896 145984256175678 145984260397881 47538893623312 47538885591056 145984260397902 145984264592517
47538941730832 47538933698576 145984264592736 145984268792325 47538925694992 47538917662736 145984268792346 145984272966702
47538973802512 47538965770256 145984272966921 145984277191374 47538957766672 47538949734416 145984277191401 145984281403206
47539005874192 47538997841936 145984281403413 145984285613259 47538989838352 47538981806096 145984285613295 145984289813265
47539037945872 47539029913616 145984289813481 145984294018359 47539021910032 47539013877776 145984294018395 145984298215761
47539070017552 47539061985296 145984298215971 145984302424686 47539053981712 47539045949456 145984302424707 145984306626210

47001453768720 47001445736464 145977100600293 145977104869548 47001437732880 47001354649616 145977104869569 145977109172103
47001485840400 47001477808144 145977109172340 145977113429415 47001469804560 47001461772304 145977113429436 145977117678348
47001517912080 47001509879824 145977117678552 145977121893804 47001501876240 47001493843984 145977121893825 145977126079608
47001549983760 47001541951504 145977126079830 145977130302249 47001533947920 47001525915664 145977130302267 145977134506398
47001582055440 47001574023184 145977134506599 145977138718548 47001566019600 47001557987344 145977138718569 145977142948860
47001614127120 47001606094864 145977142949067 145977147144633 47001598091280 47001590059024 145977147144654 145977151366986
47001646198800 47001638166544 145977151367196 145977155556048 47001630162960 47001622130704 145977155556069 145977159770982
47001678270480 47001670238224 145977159771180 145977163956690 47001662234640 47001654202384 145977163956726 145977168185796
47001710342160 47001702309904 145977168186072 145977172371195 47001694306320 47001686274064 145977172371228 145977176613156

47638465228816 47638457196560 1284614946297621 1284614950559226 47638449192976 47638441160720 1284614950559247 1284614954845770
47638569287696 47638489268240 1284614954846034 1284614959051080 47638481264656 47638473232400 1284614959051116 1284614963295432
47638601359376 47638593327120 1284614963295645 1284614967525252 47638585323536 47638577291280 1284614967525273 1284614971791129
47638633431056 47638625398800 1284614971791351 1284614975976651 47638617395216 47638609362960 1284614975976672 1284614980215996
47638665502736 47638657470480 1284614980216209 1284614984421987 47638649466896 47638641434640 1284614984422008 1284614988634080
47638697574416 47638689542160 1284614988634296 1284614992851714 47638681538576 47638673506320 1284614992851765 1284614997036231
47638729646096 47638721613840 1284614997036450 1284615001245675 47638713610256 47638705578000 1284615001245696 1284615005434065
47638761717776 47638753685520 1284615005434278 1284615009644901 47638745681936 47638737649680 1284615009644919 1284615013843638
47638793789456 47638785757200 1284615013843851 1284615018063042 47638777753616 47638769721360 1284615018063081 1284615022275780

47397992042512 47397984010256 1284604524993096 1284604529264367 47397903634448 47397895602192 1284604529264385 1284604533538014
47398024114192 47398016081936 1284604533538371 1284604537763361 47398008078352 47398000046096 1284604537763397 1284604542011211
47398056185872 47398048153616 1284604542011610 1284604546276881 47398040150032 47398032117776 1284604546276902 1284604550510802
47398088257552 47398080225296 1284604550511021 1284604554733458 47398072221712 47398064189456 1284604554733479 1284604558929048
47398120329232 47398112296976 1284604558929270 1284604563158817 47398104293392 47398096261136 1284604563158853 1284604567359369
47398152400912 47398144368656 1284604567359624 1284604571606454 47398136365072 47398128332816 1284604571606490 1284604575826209
47398184472592 47398176440336 1284604575826449 1284604580028957 47398168436752 47398160404496 1284604580028993 1284604584236499
47398216544272 47398208512016 1284604584236745 1284604588442373 47398200508432 47398192476176 1284604588442409 1284604592646585
47398248615952 47398240583696 1284604592646801 1284604596846330 47398232580112 47398224547856 1284604596846351 1284604601056155

47362231021584 47362222989328 1284310334666535 1284310338962856 47362214985744 47362136313872 1284310338963066 1284310343219319
47362263093264 47362255061008 1284310343219385 1284310347491010 47362247057424 47362239025168 1284310347491037 1284310351704750
47362295164944 47362287132688 1284310351704807 1284310356021051 47362279129104 47362271096848 1284310356021078 1284310360260159
47362327236624 47362319204368 1284310360260198 1284310364477127 47362311200784 47362303168528 1284310364477151 1284310368700947
47362359308304 47362351276048 1284310368700980 1284310372904652 47362343272464 47362335240208 1284310372904700 1284310377113124
47362391379984 47362383347728 1284310377113157 1284310381313940 47362375344144 47362367311888 1284310381313973 1284310385525292
47362423451664 47362415419408 1284310385525331 1284310389706596 47362407415824 47362399383568 1284310389706626 1284310393942998
47362455523344 47362447491088 1284310393943019 1284310398173280 47362439487504 47362431455248 1284310398173313 1284310402370439
47362487595024 47362479562768 1284310402370490 1284310406600088 47362471559184 47362463526928 1284310406600118 1284310410784431

47211638730768 47211630698512 1311519529006770 1311519533345502 47211622694928 47211545714704 1311519533345535 1311519537634197
47211670802448 47211662770192 1311519537634425 1311519541896246 47211654766608 47211646734352 1311519541896471 1311519546114600
47211702874128 47211694841872 1311519546114630 1311519550389816 47211686838288 47211678806032 1311519550389873 1311519554641053
47211734945808 47211726913552 1311519554641311 1311519558844236 47211718909968 47211710877712 1311519558844299 1311519563054409
47211767017488 47211758985232 1311519563054442 1311519567262065 47211750981648 47211742949392 1311519567262284 1311519571468101
47211799089168 47211791056912 1311519571468143 1311519575666886 47211783053328 47211775021072 1311519575666922 1311519579884025
47211831160848 47211823128592 1311519579884046 1311519584151045 47211815125008 47211807092752 1311519584151099 1311519588340752
47211863232528 47211855200272 1311519588340782 1311519592562598 47211847196688 47211839164432 1311519592562661 1311519596747823
47211895304208 47211887271952 1311519596747844 1311519600965424 47211879268368 47211871236112 1311519600965457 1311519605151738

47529292431376 47529284399120 1284314944993140 1284314949280269 47529276395536 47529268363280 1284314949280290 1284314953547937
47529399201808 47529391169552 1284314953547973 1284314957809194 47529383165968 47529300434960 1284314957809245 1284314962053882
47529431273488 47529423241232 1284314962054089 1284314966242692 47529415237648 47529407205392 1284314966242728 1284314970465573
47529463345168 47529455312912 1284314970465786 1284314974648668 47529447309328 47529439277072 1284314974648704 1284314978896902
47529495416848 47529487384592 1284314978897130 1284314983081917 47529479381008 47529471348752 1284314983081938 1284314987326503
47529527488528 47529519456272 1284314987326734 1284314991502281 47529511452688 47529503420432 1284314991502317 1284314995733379
47529559560208 47529551527952 1284314995733595 1284314999928654 47529543524368 47529535492112 1284314999928690 1284315004139217
47529591631888 47529583599632 1284315004139442 1284315008343573 47529575596048 47529567563792 1284315008343615 1284315012545418
47529623703568 47529615671312 1284315012545646 1284315016771620 47529607667728 47529599635472 1284315016771641 1284315020962071

47370444951568 47370436919312 1284318818220033 1284318822509409 47370428915728 47370420883472 1284318822509430 1284318826806306
47370544517136 47370536484880 1284318826806720 1284318831047025 47370460987408 47370452955152 1284318831047046 1284318835297791
47370576588816 47370568556560 1284318835298010 1284318839517633 47370560552976 47370552520720 1284318839517669 1284318843757533
47370608660496 47370600628240 1284318843757815 1284318847984125 47370592624656 47370584592400 1284318847984146 1284318852182412
47370640732176 47370632699920 1284318852182631 1284318856412928 47370624696336 47370616664080 1284318856412964 1284318860588418
47370672803856 47370664771600 1284318860588646 1284318864815694 47370656768016 47370648735760 1284318864815715 1284318869005581
47370704875536 47370696843280 1284318869005872 1284318873229758 47370688839696 47370680807440 1284318873229779 1284318877440624
47370736947216 47370728914960 1284318877440645 1284318881643543 47370720911376 47370712879120 1284318881643564 1284318885846633
47370769018896 47370760986640 1284318885846855 1284318890058048 47370752983056 47370744950800 1284318890058069 1284318894267081

47874942742544 47874934710288 1284313929869760 1284313934134116 47874926706704 47874843861008 1284313934134146 1284313938399255
47874974814224 47874966781968 1284313938399306 1284313942661598 47874958778384 47874950746128 1284313942661667 1284313946924418
47875006885904 47874998853648 1284313946924445 1284313951112169 47874990850064 47874982817808 1284313951112190 1284313955334717
47875038957584 47875030925328 1284313955334963 1284313959527199 47875022921744 47875014889488 1284313959527217 1284313963751061
47875071029264 47875062997008 1284313963751094 1284313967941407 47875054993424 47875046961168 1284313967941443 1284313972155132
47875103100944 47875095068688 1284313972155168 1284313976334924 47875087065104 47875079032848 1284313976334984 1284313980561177
47875135172624 47875127140368 1284313980561201 1284313984778346 47875119136784 47875111104528 1284313984778376 1284313988960448
47875167244304 47875159212048 1284313988960475 1284313993161531 47875151208464 47875143176208 1284313993161564 1284313997365245
47875199315984 47875191283728 1284313997365296 1284314001582729 47875183280144 47875175247888 1284314001582750 1284314005788006
