16 267
1291122399016179 1291122400616973 1291122409484313 1291122448624353 1291122400617315 1291122401775519 1291122448633599 1291122487753317
1291122409483518 1291122410561430 1291122487761348 1291122527030673 1291122448632384 1291122449635443 1291122527036631 1291122566479566
1291122487760562 1291122488835363 1291122566484801 1291122605777043 1291122527035833 1291122528029055 1291122605782923 1291122645261795
1291122566484369 1291122567514854 1291122645267255 1291122684554736 1291122605782065 1291122606812292 1291122684560478 1291122724004043
1291122645266706 1291122646305960 1291122724010118 1291122763246920 1291122684559641 1291122685594242 1291122763251987 1291122802530048
1291122724009551 1291122725050821 1291122802535400 1291122841388778 1291122763251159 1291122764289705 1291122841394292 1291122880284594
1291122802534866 1291122803574726 1291122880290213 1291122919257231 1291122841393410 1291122842421642 1291122919262778 1291122958333527
1291122880289850 1291122881332398 1291122958339542 1291122997308318 1291122919261941 1291122920299803 1291122997313670 1291123036210179
1291122958339518 1291122959376675 1291123036215360 1291123074555270 1291122997312872 1291122998349456 1291123074560817 1291123113038478

146180379821922 146180381437794 146180389811355 146180429268510 146180381437980 146180382602136 146180429275392 146180468829099
146180389810500 146180390959416 146180468835009 146180508131199 146180429274852 146180430343131 146180508137397 146180547623934
146180468834391 146180469873942 146180547630105 146180586877194 146180508136620 146180509166232 146180586882825 146180626194390
146180547629538 146180548670700 146180626199655 146180664992457 146180586882195 146180587928178 146180664998193 146180704057905
146180626199052 146180627225580 146180704063473 146180742985128 146180664997623 146180666033475 146180742990873 146180782027692
146180704062615 146180705102031 146180782033722 146180820823473 146180742990450 146180744250162 146180820829542 146180859832683
146180782033083 146180783310504 146180859838083 146180898655791 146180820828966 146180822086350 146180898661626 146180937624849
146180859837486 146180861114250 146180937630846 146180976398874 146180898661035 146180899921527 146180976404256 146181015446901
146180937630243 146180938894212 146181015452109 146181053789115 146180976403638 146180977666230 146181053794584 146181092263779

1285290693348276 1285290694965537 1285290704644278 1285290744252963 1285290694965738 1285290696158679 1285290744260577 1285290783661734
1285290704643534 1285290705796350 1285290783667719 1285290823194672 1285290744259800 1285290745328853 1285290823199937 1285290862574502
1285290783667209 1285290784722690 1285290862581381 1285290901994982 1285290823199196 1285290824238786 1285290902001171 1285290941295828
1285290862580622 1285290863844711 1285290941301375 1285290980467362 1285290902000382 1285290903277695 1285290980473626 1285291019459370
1285290941300712 1285290942563550 1285291019464932 1285291058533863 1285290980472666 1285290981754221 1285291058539398 1285291097419335
1285291019464299 1285291020738441 1285291097424867 1285291136439612 1285291058539086 1285291059811434 1285291136445087 1285291175346237
1285291097424204 1285291098581472 1285291175351451 1285291214474859 1285291136444751 1285291137716052 1285291214481153 1285291253455740
1285291175350719 1285291176634743 1285291253461221 1285291292536698 1285291214480574 1285291215753834 1285291292542119 1285291331332158
1285291253460573 1285291254742260 1285291331338008 1285291370249445 1285291292541552 1285291293805470 1285291370255238 1285291408644906

1285300764752043 1285300766361066 1285300775549835 1285300815050799 1285300766361351 1285300767521580 1285300815058146 1285300854509592
1285300775548944 1285300776695025 1285300854516294 1285300893795183 1285300815056994 1285300816122975 1285300893805083 1285300932969501
1285300854515535 1285300855556796 1285300932978339 1285300972325955 1285300893803649 1285300894803480 1285300972332099 1285301011744521
1285300932977442 1285300934061822 1285301011750509 1285301050766679 1285300972331262 1285300973326662 1285301050772397 1285301089879797
1285301011749933 1285301012789283 1285301089884813 1285301128756458 1285301050772061 1285301051811198 1285301128763067 1285301167794198
1285301089884222 1285301090919735 1285301167798743 1285301206676427 1285301128762257 1285301130017601 1285301206683021 1285301245802031
1285301167798191 1285301169060912 1285301245806672 1285301284733817 1285301206682217 1285301207951868 1285301284741020 1285301323768728
1285301245805919 1285301247079932 1285301323774104 1285301362690287 1285301284740222 1285301286094110 1285301362696683 1285301401685136
1285301323773540 1285301325139620 1285301401691274 1285301440367055 1285301362695915 1285301363960517 1285301440373175 1285301478956859

1285301337632628 1285301339255958 1285301348210211 1285301387897724 1285301339256300 1285301340432531 1285301387904879 1285301427754215
1285301348209044 1285301349364278 1285301427760857 1285301467161513 1285301387903946 1285301388967950 1285301467167810 1285301506808211
1285301427760275 1285301428808895 1285301506814403 1285301546142837 1285301467167066 1285301468222496 1285301546148240 1285301585583459
1285301506814061 1285301508100776 1285301585589885 1285301624548152 1285301546147721 1285301547303855 1285301624554065 1285301663676759
1285301585589258 1285301586879222 1285301663683347 1285301702654589 1285301624553477 1285301625839100 1285301702659992 1285301741824296
1285301663682789 1285301664981456 1285301741830680 1285301780791743 1285301702659374 1285301703930894 1285301780797206 1285301819835303
1285301741830062 1285301743112844 1285301819841702 1285301858800632 1285301780796621 1285301782088856 1285301858807061 1285301898014070
1285301819840991 1285301821128909 1285301898020058 1285301937018078 1285301858806506 1285301860094736 1285301937023301 1285301976113520
1285301898019407 1285301899313547 1285301976119781 1285302014835081 1285301937022548 1285301938389945 1285302014840700 1285302053418414

1285296518843181 1285296520452531 1285296529291563 1285296568970034 1285296520452864 1285296521617776 1285296568978881 1285296608525079
1285296529290567 1285296530477046 1285296608530020 1285296647979786 1285296568977654 1285296570040608 1285296647986227 1285296687223017
1285296608529303 1285296609575823 1285296687228090 1285296726578196 1285296647985816 1285296649026360 1285296726584022 1285296765697800
1285296687227694 1285296688263279 1285296765703725 1285296805070265 1285296726583224 1285296727624608 1285296805076430 1285296844358310
1285296765703323 1285296766964217 1285296844363350 1285296883435773 1285296805075743 1285296806331954 1285296883441458 1285296922375902
1285296844362765 1285296845634984 1285296922381665 1285296961494828 1285296883440807 1285296884804424 1285296961501014 1285297000402728
1285296922381080 1285296923732448 1285297000407795 1285297039453110 1285296961500387 1285296962877930 1285297039459011 1285297078406670
1285297000407195 1285297001781339 1285297078411488 1285297117476789 1285297039458369 1285297040809329 1285297117484451 1285297156293294
1285297078410921 1285297079765052 1285297156302063 1285297194961077 1285297117483455 1285297118812131 1285297194965736 1285297233467889

1285300052462808 1285300054259988 1285300063601682 1285300102984491 1285300054260165 1285300055450880 1285300102992813 1285300142690364
1285300063600803 1285300064684205 1285300142696001 1285300182141084 1285300102991826 1285300104064029 1285300182148938 1285300221742791
1285300142695242 1285300143734814 1285300221747981 1285300261161129 1285300182148152 1285300183193088 1285300261168200 1285300300713618
1285300221747405 1285300222793562 1285300300717917 1285300339728315 1285300261167228 1285300262427531 1285300339734744 1285300378831953
1285300300717377 1285300301992749 1285300378837392 1285300417790364 1285300339733790 1285300341005805 1285300417797150 1285300456923627
1285300378836819 1285300380119694 1285300456928775 1285300495955310 1285300417796349 1285300419068250 1285300495962594 1285300535072433
1285300456928193 1285300458209556 1285300535078097 1285300574102772 1285300495961760 1285300497231054 1285300574109345 1285300613275413
1285300535077563 1285300536351570 1285300613280288 1285300652316699 1285300574108550 1285300575376662 1285300652323149 1285300691406993
1285300613279709 1285300614565383 1285300691411796 1285300730021202 1285300652322345 1285300653598851 1285300730027427 1285300768583676

146180017871262 146180019489504 146180028972996 146180068469436 146180019489831 146180020671105 146180068475625 146180107932222
146180028972267 146180030111961 146180107938066 146180147453841 146180068474761 146180069552466 146180147459202 146180186730804
146180107937361 146180108979849 146180186737437 146180225726478 146180147458320 146180148498357 146180225731767 146180264603502
146180186736858 146180187779148 146180264610213 146180303713662 146180225731062 146180226773490 146180303719305 146180342635068
146180264609460 146180265653391 146180342641107 146180381737305 146180303718423 146180304763752 146180381742918 146180420681856
146180342640573 146180343681561 146180420687904 146180459760636 146180381742270 146180382780966 146180459766150 146180498652657
146180420687367 146180421736761 146180498659269 146180537853024 146180459765493 146180460812439 146180537858217 146180576746842
146180498658744 146180499697533 146180576753091 146180615775057 146180537857560 146180538905196 146180615781216 146180654686413
146180576752551 146180577806847 146180654692320 146180693215041 146180615780535 146180616824070 146180693220321 146180731517580

146172884328513 146172885963624 146172895447782 146172935069961 146172885963660 146172887152455 146172935076807 146172974807418
146172895446999 146172896531202 146172974814990 146173014154239 146172935076279 146172936153723 146173014159912 146173053618579
146172974814183 146172975859959 146173053625932 146173092529092 146173014159471 146173015199595 146173092533937 146173131583173
146173053625314 146173054678086 146173131589836 146173170473934 146173092533487 146173093576572 146173170478539 146173209543999
146173131589176 146173132632378 146173209549894 146173248439278 146173170478098 146173171521702 146173248444885 146173287496488
146173209549153 146173210603026 146173287502830 146173326360558 146173248444363 146173249496118 146173326365937 146173365312141
146173287502188 146173288557699 146173365318633 146173404137268 146173326365295 146173327412511 146173404141897 146173443171282
146173365318039 146173366356543 146173443177714 146173482110727 146173404141309 146173405190586 146173482115860 146173521265566
146173443177069 146173444224681 146173521272775 146173559632518 146173482115260 146173483165275 146173559637498 146173598117679

1284810733492722 1284810735136950 1284810744348927 1284810783775398 1284810735137280 1284810736307937 1284810783781959 1284810823474536
1284810744348057 1284810745433199 1284810823480443 1284810862826445 1284810783781437 1284810784844979 1284810862833138 1284810902344932
1284810823480347 1284810824520132 1284810902350713 1284810941573070 1284810862832343 1284810863879907 1284810941579430 1284810980956935
1284810902350290 1284810903394548 1284810980962032 1284811020190998 1284810941578821 1284810942620535 1284811020196533 1284811059495348
1284810980961636 1284810982004940 1284811059501033 1284811098391341 1284811020195948 1284811021239339 1284811098397020 1284811137417513
1284811059500484 1284811060550850 1284811137422937 1284811176310752 1284811098396408 1284811099446645 1284811176316422 1284811215286581
1284811137422313 1284811138465401 1284811215291816 1284811254184098 1284811176315831 1284811177368516 1284811254189762 1284811293236352
1284811215291213 1284811216331742 1284811293241968 1284811332041532 1284811254189126 1284811255469910 1284811332047070 1284811371159969
1284811293241125 1284811294514463 1284811371165066 1284811409737701 1284811332046440 1284811333319883 1284811409743260 1284811448253174

1284800310682668 1284800312390970 1284800322236562 1284800361782553 1284800312391156 1284800313572472 1284800361789513 1284800401224360
1284800322235824 1284800323314720 1284800401230303 1284800440648608 1284800361789066 1284800362856787 1284800440654896 1284800479901367
1284800401229649 1284800402280465 1284800479908210 1284800519338581 1284800440654080 1284800441689485 1284800519343810 1284800558653998
1284800479907604 1284800481185478 1284800558660373 1284800597699457 1284800519343234 1284800520613131 1284800597704494 1284800636567508
1284800558659755 1284800559915966 1284800636573499 1284800675595780 1284800597703777 1284800598978471 1284800675601060 1284800714471160
1284800636572905 1284800637846750 1284800714477355 1284800753549364 1284800675600469 1284800676874692 1284800753554362 1284800792451300
1284800714476767 1284800715753957 1284800792457204 1284800831493864 1284800753553801 1284800754811005 1284800831499261 1284800870425689
1284800792456580 1284800793729000 1284800870431515 1284800909542893 1284800831498661 1284800832774495 1284800909547552 1284800948440908
1284800870430921 1284800871709590 1284800948447088 1284800987005254 1284800909546988 1284800910817671 1284800987009346 1284801025374840

1284506120936362 1284506122628956 1284506131763361 1284506171227008 1284506122629236 1284506123842251 1284506171233599 1284506210607291
1284506131762455 1284506132845443 1284506210612952 1284506250080805 1284506171232594 1284506172291741 1284506250085737 1284506289444897
1284506210612331 1284506211657780 1284506289450540 1284506328787956 1284506250084930 1284506251127457 1284506328793737 1284506368080096
1284506289449979 1284506290489239 1284506368086420 1284506407370328 1284506328792954 1284506329848885 1284506407375794 1284506446570071
1284506368085676 1284506369130033 1284506446576293 1284506485529592 1284506407374996 1284506408416587 1284506485534650 1284506524213566
1284506446575696 1284506447613471 1284506524220598 1284506563232346 1284506485533888 1284506486591457 1284506563237806 1284506602077375
1284506524219812 1284506525266263 1284506602083090 1284506641116438 1284506563236990 1284506564285727 1284506641122039 1284506679999540
1284506602082472 1284506603129355 1284506680006026 1284506719132326 1284506641121169 1284506642394591 1284506719137882 1284506757897837
1284506680005438 1284506681286711 1284506757903552 1284506796669936 1284506719137066 1284506720402688 1284506796674862 1284506835008271

1311715315622862 1311715317245541 1311715326604848 1311715365982881 1311715317245745 1311715318408647 1311715365989556 1311715405505136
1311715326604059 1311715327756281 1311715405511682 1311715444848264 1311715365988644 1311715367054133 1311715444853415 1311715484302068
1311715405511091 1311715406553507 1311715484308581 1311715523477838 1311715444852857 1311715445889585 1311715523483151 1311715562820012
1311715484307900 1311715485346653 1311715562826390 1311715601902512 1311715523482392 1311715524508851 1311715601907432 1311715641223551
1311715562825829 1311715563867303 1311715641229947 1311715680053091 1311715601906814 1311715603191492 1311715680058608 1311715719042330
1311715641229317 1311715642495626 1311715719049980 1311715758018816 1311715680057663 1311715681329420 1311715758024432 1311715797107646
1311715719049371 1311715720306896 1311715797114105 1311715835999934 1311715758023586 1311715759296270 1311715836005115 1311715874997792
1311715797113478 1311715798388832 1311715875004023 1311715913786700 1311715836004365 1311715837277871 1311715913792307 1311715952777070
1311715875003375 1311715876281489 1311715952784552 1311715991301252 1311715913791572 1311715915055361 1311715991306124 1311716029747113

1284510732083433 1284510733712841 1284510742170822 1284510781762695 1284510733713204 1284510734880396 1284510781771077 1284510821220492
1284510742170111 1284510743326317 1284510821226849 1284510860565672 1284510781769931 1284510782824962 1284510860572548 1284510899820384
1284510821226075 1284510822263454 1284510899826450 1284510939456021 1284510860571972 1284510861610983 1284510939461568 1284510978869091
1284510899825820 1284510900870861 1284510978874836 1284511018222980 1284510939460812 1284510940496541 1284511018228575 1284511057337034
1284510978874236 1284510979908558 1284511057343037 1284511096405404 1284511018227822 1284511019257752 1284511096411641 1284511135263900
1284511057342410 1284511058370729 1284511135270116 1284511174285098 1284511096410912 1284511097448405 1284511174291491 1284511213170327
1284511135269225 1284511136537052 1284511213175646 1284511252276992 1284511174290567 1284511175568243 1284511252282233 1284511291136475
1284511213175013 1284511214440872 1284511291142463 1284511330259160 1284511252281465 1284511253549202 1284511330264593 1284511369128924
1284511291141863 1284511292424210 1284511369134279 1284511407690420 1284511330263843 1284511331541114 1284511407695520 1284511446043368

1284514605876843 1284514607491803 1284514616192586 1284514655743893 1284514607492016 1284514608675411 1284514655753286 1284514695195480
1284514616191758 1284514617276387 1284514695200544 1284514734600999 1284514655752485 1284514656821010 1284514734608106 1284514773934602
1284514695199908 1284514696244769 1284514773938991 1284514813460526 1284514734607254 1284514735645887 1284514813468713 1284514852731426
1284514773938454 1284514774977126 1284514852736280 1284514892061006 1284514813468383 1284514814511459 1284514892067435 1284514931129163
1284514852735719 1284514854008532 1284514931133411 1284514970285940 1284514892066658 1284514893331248 1284514970293041 1284515009230749
1284514931132811 1284514932414060 1284515009235441 1284515048243706 1284514970292528 1284514971566529 1284515048249739 1284515087089326
1284515009234790 1284515010511392 1284515087093982 1284515125710516 1284515048249217 1284515049517677 1284515125716654 1284515164582356
1284515087093427 1284515088253320 1284515164587294 1284515203680549 1284515125715859 1284515126992356 1284515203686915 1284515242592682
1284515164586715 1284515165862450 1284515242597116 1284515281145565 1284515203686423 1284515204957181 1284515281151541 1284515319453423

1284509717001045 1284509718680730 1284509727643638 1284509767200384 1284509718681051 1284509719851954 1284509767207182 1284509806952478
1284509727642765 1284509728736376 1284509806958277 1284509846332131 1284509767206636 1284509768278353 1284509846337786 1284509885848680
1284509806957728 1284509807997234 1284509885854695 1284509925004122 1284509846337030 1284509847383748 1284509925010440 1284509964360357
1284509885854143 1284509886891750 1284509964365436 1284510003215994 1284509925009642 1284509926055289 1284510003222354 1284510042303618
1284509964365076 1284509965395780 1284510042309207 1284510081193527 1284510003221529 1284510004257324 1284510081199500 1284510120297492
1284510042308646 1284510043349646 1284510120303921 1284510159254139 1284510081198711 1284510082242705 1284510159260487 1284510198298458
1284510120303354 1284510121351941 1284510198304410 1284510237261915 1284510159259716 1284510160306353 1284510237268086 1284510276282783
1284510198303849 1284510199344528 1284510276288063 1284510315157902 1284510237267276 1284510238304712 1284510315163788 1284510354154035
1284510276287526 1284510277344219 1284510354159123 1284510392576898 1284510315162969 1284510316203672 1284510392582703 1284510431114139
