16 2745
1291700685284820 1291700685297804 1291700688635217 1291701062179710 1291701062179731 1291701062409768 1291701065641128 1291701440467347
1291701440468550 1291701440506344 1291701451405857 1291701824558433 1291701824558457 1291701824613090 1291701829616787 1291702201507824
1291702201509501 1291702201565559 1291702204094652 1291702577415864 1291702577415885 1291702577469534 1291702581259791 1291702955852820
1291702955854752 1291702955907891 1291702958563401 1291703331759195 1291703331759237 1291703331813951 1291703334615147 1291703708478537
1291703708480415 1291703708534274 1291703714327259 1291704088143519 1291704088143561 1291704088198254 1291704090748719 1291704464682015
1291704464683806 1291704464740218 1291704467248125 1291704888484260 1291704888484284 1291704888538656 1291704911831880 1291705335409272
1291705335411141 1291705335466143 1291705358205378 1291705813327320 1291705813327356 1291705813382256 1291705816070919 1291706270145312
1291706270146893 1291706270201433 1291706272630671 1291706725597302 1291706725597479 1291706725652190 1291706730228678 1291707183191025
1291707183192792 1291707183249195 1291707187246800 1291707641116446 1291707641116509 1291707641149674 1291707643403817 1291708099026993

146758666696044 146758666707552 146758669527003 146759042704701 146759042704722 146759043006099 146759057919966 146759429416647
146759429417829 146759429458266 146759434806117 146759807968116 146759807968134 146759808000525 146759810706210 146760182343657
146760182344689 146760182385678 146760186375789 146760559924782 146760559924803 146760559956990 146760562431435 146760934542603
146760934543605 146760934582281 146760940066158 146761313362800 146761313362821 146761313394825 146761316031405 146761687895766
146761687896909 146761687937736 146761695732255 146762068505598 146762068505619 146762068559715 146762071695402 146762442896337
146762442898410 146762442951651 146762447941773 146762859699714 146762859699915 146762859755499 146762888749002 146763302953875
146763302956257 146763303010518 146763336859191 146763789018690 146763789018711 146763789060306 146763796461519 146764249915722
146764249917693 146764249947945 146764253654070 146764706130810 146764706130831 146764706171319 146764708720296 146765162598906
146765162600451 146765162629539 146765166574134 146765620277205 146765620277226 146765620333029 146765623883112 146766076830990

1285868979674985 1285868979686988 1285868982517644 1285869354367221 1285869354367257 1285869354690030 1285869357554730 1285869730942581
1285869730944165 1285869730980540 1285869746982753 1285870118506980 1285870118507001 1285870118544129 1285870123925793 1285870496903685
1285870496905224 1285870496942277 1285870499746278 1285870871734458 1285870871734479 1285870871772864 1285870876808853 1285871250622827
1285871250624615 1285871250660150 1285871253496149 1285871625181845 1285871625181866 1285871625219036 1285871628417057 1285872001545750
1285872001547013 1285872001583223 1285872007074240 1285872379345755 1285872379345779 1285872379401129 1285872383081286 1285872756692604
1285872756694047 1285872756752925 1285872759614592 1285873198157109 1285873198157157 1285873198215819 1285873201018125 1285873640066340
1285873640068635 1285873640126187 1285873645384563 1285874099056809 1285874099056830 1285874099095923 1285874105963391 1285874557829070
1285874557829907 1285874557876719 1285874564915733 1285875019043322 1285875019043502 1285875019102422 1285875022159767 1285875476869473
1285875476871405 1285875476928477 1285875479369220 1285875931295334 1285875931295355 1285875931333710 1285875935366433 1285876384364103

1285879055729112 1285879055740674 1285879058574699 1285879430572062 1285879430572083 1285879430881635 1285879434536010 1285879807862325
1285879807864293 1285879807905276 1285879824064530 1285880196180048 1285880196180327 1285880196215124 1285880198984157 1285880572387713
1285880572389555 1285880572449447 1285880576310219 1285880948258187 1285880948258208 1285880948290674 1285880950624554 1285881324250584
1285881324252348 1285881324288492 1285881329042262 1285881700982931 1285881700983144 1285881701029827 1285881704208603 1285882077542112
1285882077544317 1285882077581103 1285882084146624 1285882455258861 1285882455258885 1285882455293910 1285882460103789 1285882832692548
1285882832694339 1285882832732403 1285882837006311 1285883275156689 1285883275156743 1285883275216386 1285883279842647 1285883719977489
1285883719979601 1285883720038005 1285883724761955 1285884179424303 1285884179424324 1285884179466255 1285884186138132 1285884638704797
1285884638705742 1285884638739762 1285884642806562 1285885095849537 1285885095849558 1285885095890841 1285885098518865 1285885549938999
1285885549939965 1285885549973334 1285885555324572 1285886008030569 1285886008030605 1285886008089909 1285886013476928 1285886467796922

1285879628789685 1285879628799882 1285879631278650 1285880003337567 1285880003337603 1285880003639151 1285880020031295 1285880393829180
1285880393830392 1285880393872515 1285880396587116 1285880768315817 1285880768315853 1285880768350974 1285880771913825 1285881145341300
1285881145342374 1285881145381704 1285881149166015 1285881522316152 1285881522317229 1285881522375876 1285881525013896 1285881898935495
1285881898937460 1285881898993146 1285881901786665 1285882275253905 1285882275253938 1285882275293925 1285882278090963 1285882650095691
1285882650097710 1285882650129747 1285882654031190 1285883027936559 1285883027936580 1285883027978064 1285883034080871 1285883405732550
1285883405733723 1285883405765943 1285883410796214 1285883851733508 1285883851733709 1285883851775541 1285883853877452 1285884294186801
1285884294188127 1285884294221868 1285884296405613 1285884748432308 1285884748432329 1285884748489836 1285884759335256 1285885211766351
1285885211768112 1285885211825454 1285885216178916 1285885668988611 1285885668988632 1285885669024062 1285885671590469 1285886125519113
1285886125520259 1285886125559739 1285886128852815 1285886582988339 1285886582988360 1285886583047382 1285886586727803 1285887039519828

1285874807946120 1285874807957025 1285874825408319 1285875197331087 1285875197331108 1285875197666436 1285875200147088 1285875573507633
1285875573508476 1285875573544569 1285875575947086 1285875948564726 1285875948564750 1285875948602040 1285875952210827 1285876325836698
1285876325837544 1285876325872626 1285876328649261 1285876700543364 1285876700543385 1285876700579961 1285876704753666 1285877078055378
1285877078056212 1285877078091723 1285877080726551 1285877452573692 1285877452573728 1285877452610397 1285877457314463 1285877830506726
1285877830507581 1285877830541964 1285877836650069 1285878209116452 1285878209116473 1285878209190342 1285878211855197 1285878584553819
1285878584556030 1285878584610276 1285878587890326 1285879026107637 1285879026107853 1285879026164796 1285879032408699 1285879471725960
1285879471727778 1285879471784367 1285879475121897 1285879929242556 1285879929242577 1285879929278628 1285879933063251 1285880385550755
1285880385552240 1285880385589344 1285880392628496 1285880846329743 1285880846329764 1285880846365983 1285880849697123 1285881302142429
1285881302143896 1285881302179863 1285881306224112 1285881760269411 1285881760269432 1285881760305633 1285881764067255 1285882216632405

1285878343015122 1285878343026414 1285878345858861 1285878717948465 1285878717948513 1285878718257660 1285878735060285 1285879108384767
1285879108385838 1285879108426611 1285879112992017 1285879484210079 1285879484210124 1285879484264796 1285879486997853 1285879859605629
1285879859607063 1285879859662527 1285879864329768 1285880237478012 1285880237478033 1285880237517516 1285880240286111 1285880612230314
1285880612231451 1285880612263548 1285880615662053 1285880988837693 1285880988837729 1285880988878151 1285880992140429 1285881363921582
1285881363922593 1285881363953883 1285881370709811 1285881742741812 1285881742741833 1285881742797498 1285881745722666 1285882117193169
1285882117194600 1285882117251780 1285882122417723 1285882540755663 1285882540755699 1285882540812279 1285882563419487 1285882984120866
1285882984122369 1285882984177473 1285883008397766 1285883461114659 1285883461114692 1285883461144773 1285883465753319 1285883919739602
1285883919740724 1285883919782493 1285883922695475 1285884375365106 1285884375365277 1285884375420783 1285884383726394 1285884837768195
1285884837770064 1285884837828510 1285884842630748 1285885296417645 1285885296417666 1285885296457431 1285885298906349 1285885751109933

146758307070684 146758307082015 146758310146962 146758683458334 146758683458355 146758683777771 146758700266392 146759072192016
146759072193282 146759072232867 146759075332098 146759448576033 146759448576054 146759448611835 146759452701093 146759824402833
146759824404279 146759824441170 146759826848391 146760198172248 146760198172269 146760198221208 146760203693925 146760575928441
146760575930259 146760575982297 146760578897085 146760950486982 146760950487177 146760950524041 146760955597851 146761328704155
146761328705232 146761328737212 146761335090255 146761706436831 146761706437038 146761706474754 146761710200451 146762082928221
146762082929412 146762082963996 146762085562323 146762518162185 146762518162221 146762518201284 146762531867796 146762966808000
146762966809155 146762966842884 146762974421640 146763426113082 146763426113115 146763426169668 146763432078390 146763883527543
146763883529418 146763883583673 146763891851508 146764344110328 146764344110352 146764344165486 146764348824648 146764801452051
146764801453767 146764801509777 146764804981587 146765259157584 146765259157638 146765259190260 146765262825447 146765715419688

146751163246665 146751163257903 146751166388535 146751538214223 146751538214244 146751538539534 146751556442193 146751929874519
146751929875215 146751929913390 146751932606607 146752304563950 146752304563998 146752304600538 146752308534771 146752681700748
146752681701495 146752681738839 146752684332012 146753056440525 146753056440546 146753056498833 146753060082552 146753434115253
146753434116897 146753434171134 146753436671295 146753808630801 146753808631008 146753808666576 146753812303719 146754185418867
146754185419953 146754185455809 146754191692362 146754563205585 146754563205642 146754563262939 146754567239754 146754940130832
146754940132509 146754940186353 146754943866576 146755376824338 146755376824359 146755376864001 146755389748869 146755822538385
146755822540257 146755822573794 146755836111372 146756290472367 146756290472388 146756290510239 146756293089810 146756745800232
146756745801390 146756745836292 146756748335025 146757202813194 146757202813215 146757202871514 146757207560520 146757660209106
146757660211005 146757660266397 146757664626831 146758117341099 146758117341126 146758117376082 146758119753192 146758573695426

1285389022578912 1285389022590573 1285389040045794 1285389412029513 1285389412029534 1285389412353723 1285389415082757 1285389788298000
1285389788298894 1285389788340234 1285389792547605 1285390164346272 1285390164346335 1285390164404205 1285390166849355 1285390540524621
1285390540526550 1285390540584414 1285390543967559 1285390917007539 1285390917007560 1285390917046278 1285390919497062 1285391291345454
1285391291346717 1285391291378466 1285391295891231 1285391668951026 1285391668951068 1285391668990173 1285391671951365 1285392043722231
1285392043723755 1285392043755153 1285392050704956 1285392423989799 1285392423989820 1285392424046361 1285392426610356 1285392799842702
1285392799844211 1285392799900233 1285392802528341 1285393239286788 1285393239286827 1285393239345348 1285393244244951 1285393682539032
1285393682540973 1285393682597700 1285393692767523 1285394146398825 1285394146398870 1285394146439166 1285394151265305 1285394603583831
1285394603585532 1285394603616309 1285394606736018 1285395060294033 1285395060294213 1285395060334395 1285395063684732 1285395516253233
1285395516254997 1285395516286212 1285395522310152 1285395976557348 1285395976557501 1285395976597062 1285395979211604 1285396431844386

1285378595453856 1285378595465946 1285378612670760 1285378985542530 1285378985542551 1285378985835978 1285378989346026 1285379363839662
1285379363840757 1285379363883729 1285379365880418 1285379737610463 1285379737610484 1285379737644714 1285379741197674 1285380114440394
1285380114441843 1285380114481143 1285380116824932 1285380487885482 1285380487885503 1285380487916163 1285380492913296 1285380865531422
1285380865532634 1285380865571643 1285380869277666 1285381241205408 1285381241205429 1285381241237877 1285381244770659 1285381618071897
1285381618073076 1285381618111647 1285381623250215 1285381994871606 1285381994871792 1285381994905908 1285381998905400 1285382372222766
1285382372224167 1285382372263044 1285382375240559 1285382813682660 1285382813682681 1285382813738649 1285382816072400 1285383256745130
1285383256746957 1285383256802370 1285383260607039 1285383714311280 1285383714311874 1285383714351939 1285383721968828 1285384173611754
1285384173613065 1285384173646491 1285384179311499 1285384632662991 1285384632663015 1285384632702885 1285384635191187 1285385087133159
1285385087134647 1285385087165664 1285385092200375 1285385543274027 1285385543274048 1285385543331447 1285385551275459 1285386001641960

1285084406333967 1285084406345241 1285084423546431 1285084797583833 1285084797583854 1285084797918270 1285084800221613 1285085172523101
1285085172523767 1285085172559980 1285085176535742 1285085549544939 1285085549544960 1285085549582214 1285085552075115 1285085923760079
1285085923760772 1285085923796316 1285085927433858 1285086300876213 1285086300876234 1285086300913140 1285086303699888 1285086675181557
1285086675182358 1285086675218517 1285086679774818 1285087052702097 1285087052702118 1285087052741580 1285087055620938 1285087427208150
1285087427208957 1285087427244573 1285087434816210 1285087807669971 1285087807670028 1285087807723050 1285087810281063 1285088182220445
1285088182222140 1285088182276602 1285088185825821 1285088623661196 1285088623661217 1285088623716783 1285088630528379 1285089069608322
1285089069610212 1285089069665070 1285089075706200 1285089529015716 1285089529015737 1285089529054941 1285089536094273 1285089987715131
1285089987716217 1285089987752286 1285089990878346 1285090443546999 1285090443547035 1285090443601413 1285090447605261 1285090901083281
1285090901085132 1285090901139678 1285090905127464 1285091358164928 1285091358164949 1285091358203439 1285091363841048 1285091815735392

1312293602690829 1312293602701650 1312293606047256 1312293980461032 1312293980461053 1312293980791824 1312293983042202 1312294355649999
1312294355650866 1312294355704758 1312294372177347 1312294745626557 1312294745626599 1312294745663130 1312294748101041 1312295119931109
1312295119931925 1312295119967415 1312295123809947 1312295495586285 1312295495586306 1312295495642169 1312295498187345 1312295871682335
1312295871684165 1312295871736209 1312295875977873 1312296247588050 1312296247588086 1312296247624080 1312296251675415 1312296624975660
1312296624976872 1312296625010538 1312296631454334 1312297004499438 1312297004499516 1312297004557530 1312297008163392 1312297381874364
1312297381876215 1312297381930509 1312297384507833 1312297827510081 1312297827510318 1312297827568290 1312297829852202 1312298273787024
1312298273788911 1312298273842776 1312298276258382 1312298729567262 1312298729567280 1312298729623146 1312298733485706 1312299185453004
1312299185453769 1312299185489220 1312299189602343 1312299644948091 1312299644948118 1312299645007629 1312299647644449 1312300102354491
1312300102356528 1312300102411383 1312300104891225 1312300556834988 1312300556835024 1312300556873313 1312300560818688 1312301014272921

1285089019402614 1285089019413654 1285089022750608 1285089394867131 1285089394867158 1285089395202396 1285089411167262 1285089785280009
1285089785281677 1285089785327640 1285089787625580 1285090159681641 1285090159681662 1285090159718352 1285090164551322 1285090537942596
1285090537943979 1285090537980693 1285090540727505 1285090913162943 1285090913163189 1285090913199114 1285090916321205 1285091290226310
1285091290227819 1285091290264071 1285091293393617 1285091665439967 1285091665440003 1285091665475103 1285091668758135 1285092041895177
1285092041896641 1285092041934072 1285092047311077 1285092419263131 1285092419263152 1285092419301696 1285092423432219 1285092796466514
1285092796468050 1285092796504101 1285092800079348 1285093239537525 1285093239537546 1285093239574959 1285093246176792 1285093687991658
1285093687993065 1285093688030142 1285093692561474 1285094143032066 1285094143032087 1285094143068447 1285094147215275 1285094598942402
1285094598944067 1285094598981027 1285094604566802 1285095057040272 1285095057040293 1285095057077094 1285095063811347 1285095517014978
1285095517016439 1285095517054746 1285095521613018 1285095973346148 1285095973346202 1285095973404468 1285095976010739 1285096428468063

1285092894885696 1285092894896700 1285092897681846 1285093269885210 1285093269885420 1285093270219134 1285093287393504 1285093661068857
1285093661070177 1285093661103237 1285093665312711 1285094036957790 1285094036957817 1285094036996556 1285094039981415 1285094413137339
1285094413138638 1285094413192959 1285094416225764 1285094789599332 1285094789599368 1285094789654619 1285094792355591 1285095166307640
1285095166309491 1285095166360101 1285095168885561 1285095540588615 1285095540588648 1285095540628836 1285095543730167 1285095917235465
1285095917236719 1285095917268675 1285095922805844 1285096294929342 1285096294929363 1285096294967814 1285096297112208 1285096670210619
1285096670211885 1285096670245698 1285096674713739 1285097093432058 1285097093432088 1285097093472165 1285097119405467 1285097541345069
1285097541346803 1285097541379086 1285097565454785 1285098019866378 1285098019866414 1285098019924899 1285098022893426 1285098477223557
1285098477225381 1285098477277086 1285098479892717 1285098932738508 1285098932738562 1285098932796249 1285098936638574 1285099389790485
1285099389792318 1285099389846537 1285099394704455 1285099847389203 1285099847389224 1285099847428809 1285099852579875 1285100306606505

1285088006095845 1285088006108163 1285088009440755 1285088381399883 1285088381399904 1285088381732286 1285088399828064 1285088773252713
1285088773253721 1285088773287579 1285088775709080 1285089147084450 1285089147084477 1285089147140490 1285089151715994 1285089524051142
1285089524053017 1285089524105475 1285089526676877 1285089899980923 1285089899980959 1285089900014079 1285089902948526 1285090275001146
1285090275002385 1285090275038667 1285090279483161 1285090652740818 1285090652740848 1285090652772909 1285090655088462 1285091026687089
1285091026688244 1285091026725372 1285091033497716 1285091406829683 1285091406829707 1285091406886290 1285091409963846 1285091783219343
1285091783221284 1285091783274231 1285091787389382 1285092228764658 1285092228764679 1285092228820686 1285092233265852 1285092673886973
1285092673889190 1285092673941486 1285092679677888 1285093132345179 1285093132345200 1285093132399047 1285093135388199 1285093586576154
1285093586578035 1285093586630439 1285093591194423 1285094045260233 1285094045260452 1285094045294229 1285094050548081 1285094502641994
1285094502643347 1285094502681012 1285094507715219 1285094961588501 1285094961588522 1285094961621438 1285094963781345 1285095415887645
