16 31
1290914146401315 1290914146524039 1290914147457741 1290914151753591 1290914146524060 1290914146790919 1290914152244661 1290914156532696
1290914151753636 1290914151898953 1290914157024600 1290914161269438 1290914156533047 1290914156680356 1290914161780068 1290914166018585
1290914161269498 1290914161415550 1290914166507597 1290914170802130 1290914166018813 1290914166162354 1290914171297115 1290914175586329
1290914170802349 1290914170948776 1290914176074309 1290914180329668 1290914175586626 1290914175730401 1290914180846949 1290914185092528
1290914180329692 1290914180479500 1290914185579335 1290914189816862 1290914185092822 1290914185234950 1290914190309108 1290914194528128
1290914189816895 1290914189962776 1290914195016756 1290914199236508 1290914194528428 1290914194672986 1290914199752733 1290914203957182
1290914199236535 1290914199381330 1290914204445171 1290914208672369 1290914203957641 1290914204102250 1290914209165545 1290914213398080
1290914208672585 1290914208820230 1290914213883264 1290914218102728 1290914213398395 1290914213540916 1290914218618284 1290914222827302
1290914218102773 1290914218249620 1290914223315237 1290914227527351 1290914222827611 1290914222972724 1290914227555008 1290914231758290

145972127225721 145972127343816 145972128326643 145972132589070 145972127343837 145972127699499 145972133105313 145972137362292
145972132589091 145972132739715 145972137858201 145972142126115 145972137362694 145972137511755 145972142619141 145972146882042
145972142126145 145972142272974 145972147372953 145972151611875 145972146882366 145972147027299 145972152126432 145972156349445
145972151611896 145972151757936 145972156841136 145972161073269 145972156349703 145972156495731 145972161567435 145972165775739
145972161073548 145972161222690 145972166261847 145972170464715 145972165775991 145972165917390 145972170976161 145972175163264
145972170464757 145972170611106 145972175654157 145972179889002 145972175163690 145972175307324 145972180381968 145972184590431
145972179889026 145972180037397 145972185082350 145972189275078 145972184590680 145972184735979 145972189765452 145972193973348
145972189275114 145972189420179 145972194466482 145972198696116 145972193973885 145972194118209 145972199187504 145972203412425
145972198696137 145972198841679 145972203903342 145972208110098 145972203412818 145972203557067 145972208137668 145972212365376

1285082441535792 1285082441654235 1285082442639867 1285082446865859 1285082441654256 1285082442010497 1285082447329752 1285082451576201
1285082446865880 1285082447001825 1285082451748902 1285082455935945 1285082451576885 1285082451716211 1285082456398554 1285082460582513
1285082455935984 1285082456071425 1285082461046379 1285082465230407 1285082460583221 1285082460718419 1285082465693520 1285082469859971
1285082465230728 1285082465364915 1285082470559436 1285082474687880 1285082469860631 1285082469995805 1285082475166620 1285082479323330
1285082474687919 1285082474823459 1285082479807374 1285082483949816 1285082479323705 1285082479461576 1285082484426216 1285082488572879
1285082483949837 1285082484084297 1285082489066343 1285082493206493 1285082488573311 1285082488709310 1285082493684633 1285082497842150
1285082493206517 1285082493344058 1285082498324097 1285082502468321 1285082497842543 1285082497983372 1285082502958644 1285082507093694
1285082502468357 1285082502615972 1285082507573739 1285082511746829 1285082507094084 1285082507232963 1285082512231527 1285082516389929
1285082511747150 1285082511886113 1285082516876868 1285082521001445 1285082516390331 1285082516528487 1285082521111122 1285082525254701

1285092511351656 1285092511469535 1285092512471286 1285092516723852 1285092511469565 1285092511820790 1285092517189029 1285092521453337
1285092516723873 1285092516863439 1285092521918682 1285092526130013 1285092521453988 1285092521591256 1285092526595421 1285092530784195
1285092526130034 1285092526271643 1285092531260268 1285092535412112 1285092530784729 1285092530923836 1285092535801173 1285092539959404
1285092535412133 1285092535553367 1285092540443901 1285092544573146 1285092539959758 1285092540100431 1285092545065584 1285092549201081
1285092544573167 1285092544726191 1285092549682359 1285092553840134 1285092549201405 1285092549339681 1285092554322867 1285092558478152
1285092553840155 1285092553982352 1285092558961230 1285092563080695 1285092558478791 1285092558620682 1285092563571114 1285092567681612
1285092563080716 1285092563223264 1285092568162872 1285092572311338 1285092567682236 1285092567822492 1285092572791965 1285092576917241
1285092572311359 1285092572453187 1285092577406205 1285092581524500 1285092576917898 1285092577064817 1285092582002415 1285092586145127
1285092581524521 1285092581665386 1285092586626597 1285092590790021 1285092586145775 1285092586284531 1285092590907687 1285092595040709

1285093084086444 1285093084206933 1285093085180634 1285093089414588 1285093084206960 1285093084559001 1285093089883110 1285093094124690
1285093089414609 1285093089558774 1285093094589813 1285093098790908 1285093094125230 1285093094263455 1285093099186641 1285093103389320
1285093098790929 1285093098932511 1285093103873364 1285093108059636 1285093103390403 1285093103529627 1285093108559217 1285093112748915
1285093108059672 1285093108203918 1285093113224775 1285093117373301 1285093112749305 1285093112889471 1285093117857171 1285093122002721
1285093117373322 1285093117516356 1285093122487851 1285093126623273 1285093122003120 1285093122144093 1285093127109738 1285093131262299
1285093126623309 1285093126768212 1285093131749289 1285093135894995 1285093131262659 1285093131405825 1285093136379318 1285093140511470
1285093135895016 1285093136038764 1285093141008744 1285093145141250 1285093140512106 1285093140665478 1285093145624403 1285093149771672
1285093145141301 1285093145285688 1285093150257363 1285093154413059 1285093149772038 1285093149914469 1285093154897109 1285093159029936
1285093154413080 1285093154554878 1285093159511445 1285093163658879 1285093159030554 1285093159170291 1285093163778513 1285093167913107

1285088266096467 1285088266214550 1285088267202159 1285088271415029 1285088266214571 1285088266563318 1285088271880767 1285088276134926
1285088271415071 1285088271551448 1285088276603094 1285088280794469 1285088276135586 1285088276277840 1285088281266339 1285088285440122
1285088280794502 1285088280935223 1285088285908746 1285088290105986 1285088285440815 1285088285579616 1285088290572135 1285088294771985
1285088290106034 1285088290245222 1285088295233661 1285088299382697 1285088294772315 1285088294914644 1285088299859967 1285088304014808
1285088299383012 1285088299530186 1285088304482103 1285088308636878 1285088304015435 1285088304153990 1285088309099514 1285088313263172
1285088308636908 1285088308774110 1285088313729516 1285088317854696 1285088313263229 1285088313404427 1285088318022636 1285088322177747
1285088317854759 1285088317991079 1285088322940800 1285088327088576 1285088322177798 1285088322318396 1285088327252235 1285088331410076
1285088327088891 1285088327221764 1285088331876879 1285088336005566 1285088331410394 1285088331548832 1285088336471997 1285088340611610
1285088336005878 1285088336141919 1285088341080294 1285088345211297 1285088340612006 1285088340754206 1285088345558499 1285088349695205

1285091798881650 1285091798999571 1285091799975090 1285091804195832 1285091798999595 1285091799353145 1285091804677581 1285091808912219
1285091804195853 1285091804335521 1285091809379448 1285091813592591 1285091808912954 1285091809054059 1285091814060939 1285091818262745
1285091813592612 1285091813730987 1285091818658169 1285091822841852 1285091818263450 1285091818401723 1285091823325155 1285091827533042
1285091822841873 1285091822982543 1285091828018163 1285091832169269 1285091827533699 1285091827673307 1285091832654924 1285091836790697
1285091832169317 1285091832311643 1285091837283426 1285091841422700 1285091836791102 1285091836941897 1285091841911379 1285091846056629
1285091841422721 1285091841567114 1285091846542599 1285091850697935 1285091846057019 1285091846200413 1285091851184403 1285091855308908
1285091850698253 1285091850839235 1285091855789451 1285091859958239 1285091855309535 1285091855447847 1285091860444941 1285091864599290
1285091859958284 1285091860100127 1285091865079323 1285091869188336 1285091864599653 1285091864738691 1285091869687323 1285091873804052
1285091869188363 1285091869341213 1285091874290481 1285091878444752 1285091873804679 1285091873946096 1285091878554324 1285091882685336

145971765088806 145971765205884 145971766169778 145971770509512 145971765205911 145971765559302 145971770999472 145971775286631
145971770509533 145971770652750 145971775777338 145971780060906 145971775286910 145971775432671 145971780543849 145971784814925
145971780060942 145971780200247 145971785308602 145971789590742 145971784815339 145971784962564 145971790079658 145971794298906
145971789590763 145971789733038 145971794793540 145971799000521 145971794298951 145971794447622 145971799518132 145971803708646
145971799000542 145971799142490 145971804200769 145971808428444 145971803708940 145971803854923 145971808915689 145971813142533
145971808428465 145971808571391 145971813633120 145971817824930 145971813142788 145971813288378 145971818310219 145971822534147
145971817824966 145971817967100 145971823030200 145971827249928 145971822534453 145971822683688 145971827733987 145971831949851
145971827250141 145971827391021 145971832439556 145971836627592 145971831950106 145971832095390 145971837117873 145971841333944
145971836627613 145971836772075 145971841828104 145971846050049 145971841334205 145971841478148 145971846077781 145971850272435

145964635228575 145964635356708 145964636401773 145964640703452 145964635356732 145964635734885 145964641219116 145964645524260
145964640703482 145964640871452 145964646018132 145964650278111 145964645524524 145964645670024 145964650775955 145964655020109
145964650278159 145964650421487 145964655515760 145964659756404 145964655020556 145964655165498 145964660244252 145964664469191
145964659756467 145964659899933 145964664965100 145964669170716 145964664469734 145964664614886 145964669684412 145964673865776
145964669170944 145964669317626 145964674363035 145964678589519 145964673866028 145964674013844 145964679079872 145964683306923
145964678589558 145964678733852 145964683804830 145964688004014 145964683307478 145964683453668 145964688516870 145964692724814
145964688004035 145964688147708 145964693221023 145964697443409 145964692725282 145964692872993 145964697936495 145964702153412
145964697443430 145964697587553 145964702648103 145964706844278 145964702153853 145964702301060 145964707355838 145964711545602
145964706844497 145964706987015 145964712041913 145964716313700 145964711545848 145964711693430 145964716339410 145964720524209

1284602480723154 1284602480857728 1284602481917385 1284602486155983 1284602480857815 1284602481254508 1284602486682828 1284602490931416
1284602486156034 1284602486330817 1284602491103127 1284602495351664 1284602490931770 1284602491075986 1284602496175893 1284602500456320
1284602495351700 1284602495504118 1284602500943220 1284602505270330 1284602500456698 1284602500598256 1284602505766755 1284602510009958
1284602505270351 1284602505418968 1284602510512011 1284602514730920 1284602510010183 1284602510151447 1284602515225887 1284602519449959
1284602514730941 1284602514880578 1284602519932983 1284602524157607 1284602519450226 1284602519590089 1284602524651470 1284602528847828
1284602524157628 1284602524304661 1284602529334056 1284602533561884 1284602528848251 1284602528991648 1284602534058570 1284602538274884
1284602533561905 1284602533710669 1284602538762588 1284602542994943 1284602538275343 1284602538417930 1284602543495667 1284602547686364
1284602542994979 1284602543144088 1284602548176351 1284602552396004 1284602547686805 1284602547832155 1284602552895630 1284602557099248
1284602552396025 1284602552546814 1284602557592844 1284602561782137 1284602557099479 1284602557246641 1284602561836599 1284602566021557

1284592059508227 1284592059634269 1284592060706817 1284592064995134 1284592059634290 1284592060029222 1284592065486276 1284592069791804
1284592064995176 1284592065140280 1284592070283423 1284592074508263 1284592069792098 1284592069938246 1284592074999075 1284592079269392
1284592074508290 1284592074651279 1284592079764125 1284592084017708 1284592079269809 1284592079417289 1284592084506633 1284592088777673
1284592084017777 1284592084159203 1284592089270597 1284592093469547 1284592088778126 1284592088924487 1284592093961535 1284592098194118
1284592093469583 1284592093613358 1284592098686433 1284592102944708 1284592098194328 1284592098340392 1284592103436546 1284592107674145
1284592102944744 1284592103090400 1284592108166676 1284592112351616 1284592107674583 1284592107821319 1284592112848026 1284592117078137
1284592112351808 1284592112497704 1284592117571187 1284592121787441 1284592117078623 1284592117226019 1284592122283026 1284592126501185
1284592121787462 1284592121935302 1284592126993404 1284592131201291 1284592126501596 1284592126647909 1284592131695919 1284592135929807
1284592131201345 1284592131348429 1284592136419734 1284592140649944 1284592135930023 1284592136075910 1284592140679746 1284592144883853

1284297869166546 1284297869290647 1284297870369432 1284297874618629 1284297869290668 1284297869687142 1284297875106546 1284297879392424
1284297874618650 1284297874761321 1284297879573090 1284297883817325 1284297879392685 1284297879542751 1284297884308500 1284297888517047
1284297883817361 1284297883962186 1284297889024311 1284297893263146 1284297888517263 1284297888664218 1284297893751750 1284297897994665
1284297893263167 1284297893406972 1284297898488216 1284297902708313 1284297897994929 1284297898138845 1284297903198153 1284297907392393
1284297902708334 1284297902853042 1284297907883340 1284297912091941 1284297907392702 1284297907537011 1284297912581883 1284297916788801
1284297912091977 1284297912237258 1284297917281515 1284297921494856 1284297916789041 1284297916935270 1284297921988689 1284297926191059
1284297921494892 1284297921640851 1284297926687655 1284297930899145 1284297926191776 1284297926339949 1284297931387287 1284297935591010
1284297930899166 1284297931042137 1284297936086304 1284297940269192 1284297935591283 1284297935740041 1284297940781133 1284297944959866
1284297940269213 1284297940436586 1284297945452505 1284297949662363 1284297944959899 1284297945109995 1284297950018067 1284297954208158

1311507063460314 1311507063585468 1311507064584789 1311507068851407 1311507063585495 1311507063976554 1311507069356745 1311507073631382
1311507068851890 1311507068997795 1311507074141136 1311507078379452 1311507073631652 1311507073776456 1311507078890553 1311507083087334
1311507078379497 1311507078527460 1311507083362086 1311507087606345 1311507083087772 1311507083234409 1311507088351029 1311507092598729
1311507087606366 1311507087752307 1311507093110085 1311507097331970 1311507092598945 1311507092745537 1311507097839687 1311507102025278
1311507097332003 1311507097480047 1311507102549846 1311507106792479 1311507102025758 1311507102170007 1311507107299017 1311507111504660
1311507106792518 1311507106940664 1311507112016358 1311507116236407 1311507111504936 1311507111652092 1311507116748855 1311507120930372
1311507116236434 1311507116387310 1311507121456035 1311507125655432 1311507120930792 1311507121078503 1311507126163215 1311507130383381
1311507125655453 1311507125804157 1311507130889568 1311507135124809 1311507130383798 1311507130528488 1311507135633744 1311507139828902
1311507135124857 1311507135272745 1311507140355810 1311507144551640 1311507139829325 1311507139976082 1311507144654642 1311507148868547

1284302479447482 1284302479572426 1284302480567523 1284302484825927 1284302479572462 1284302479961010 1284302485354827 1284302489644107
1284302484826458 1284302484991950 1284302490148917 1284302494407513 1284302489644170 1284302489788353 1284302494916520 1284302499178968
1284302494407831 1284302494554519 1284302499689058 1284302503858041 1284302499179034 1284302499326214 1284302504365560 1284302508600099
1284302503858062 1284302504004018 1284302509112190 1284302513321679 1284302508600636 1284302508747708 1284302513831958 1284302518062990
1284302513321715 1284302513468343 1284302518574511 1284302522761800 1284302518063305 1284302518209243 1284302523267030 1284302527491660
1284302522761821 1284302522907954 1284302528001555 1284302532217815 1284302527491699 1284302527639500 1284302532726945 1284302536952343
1284302532217836 1284302532364839 1284302537462520 1284302541650802 1284302536952610 1284302537098983 1284302542155675 1284302546372805
1284302541650823 1284302541794481 1284302546882556 1284302551093041 1284302546373285 1284302546518005 1284302551603623 1284302555835261
1284302551093062 1284302551239792 1284302556342426 1284302560538658 1284302555835558 1284302555980047 1284302560646121 1284302564880654

1284306352625058 1284306352752045 1284306353733027 1284306358028079 1284306352752081 1284306353139210 1284306358561629 1284306362831274
1284306358028337 1284306358196670 1284306363356238 1284306367585827 1284306362831511 1284306362974461 1284306368093541 1284306372355179
1284306367586079 1284306367733613 1284306372861678 1284306377073648 1284306372355434 1284306372500343 1284306377585055 1284306381796422
1284306377073678 1284306377222340 1284306382323768 1284306386519337 1284306381796863 1284306381939813 1284306387029460 1284306391256265
1284306386519373 1284306386670429 1284306391758648 1284306395957601 1284306391256514 1284306391399629 1284306396471462 1284306400653012
1284306395957646 1284306396109416 1284306401177868 1284306405358887 1284306400653243 1284306400796313 1284306405626019 1284306409843722
1284306405358944 1284306405508170 1284306410339619 1284306414541494 1284306409843761 1284306409989393 1284306415035339 1284306419226951
1284306414541560 1284306414689670 1284306419704845 1284306423910011 1284306419227404 1284306419367732 1284306424403187 1284306428616639
1284306423910047 1284306424058952 1284306429107460 1284306433309248 1284306428617107 1284306428761110 1284306433660422 1284306437840694

1284301464296658 1284301464422085 1284301465421190 1284301469697618 1284301464422124 1284301464828315 1284301470222012 1284301474516569
1284301469698032 1284301469842494 1284301475023338 1284301479261333 1284301474516848 1284301474663410 1284301479773895 1284301484026332
1284301479261714 1284301479409125 1284301484534643 1284301488725424 1284301484026773 1284301484175270 1284301489250310 1284301493444241
1284301488725508 1284301488873465 1284301493949975 1284301498154835 1284301493444526 1284301493589426 1284301498665297 1284301502883642
1284301498154856 1284301498300758 1284301503389508 1284301507573122 1284301502883675 1284301503029319 1284301508099340 1284301512282477
1284301507573143 1284301507719366 1284301512788091 1284301516977267 1284301512282528 1284301512427716 1284301517246187 1284301521436623
1284301516977303 1284301517126172 1284301521953760 1284301526145111 1284301521436845 1284301521609006 1284301526634225 1284301530860388
1284301526145132 1284301526288688 1284301531347678 1284301535549592 1284301530860841 1284301531002672 1284301536042807 1284301540232148
1284301535549847 1284301535695446 1284301540741623 1284301544930820 1284301540232616 1284301540398234 1284301545267000 1284301549488111
