16 260
4598368407174250496 47942984978448 1291076814134640 1291076853634896 47942912974864 47942840877072 1291076853634920 1291076892946164
47943345278992 47943273181200 1291076892946428 1291076932317279 47943201177616 47943129079824 1291076932317300 1291076971551615
47943633481744 47943561383952 1291076971551837 1291077010917162 47943489380368 47943417282576 1291077010917204 1291077050104578
47943921684496 47943849586704 1291077050104794 1291077089298354 47943777583120 47943705485328 1291077089298375 1291077128341827
47944209887248 47944137789456 1291077128342049 1291077167677044 47944065785872 47943993688080 1291077167677062 1291077206864013
47944498090000 47944425992208 1291077206864220 1291077245854182 47944353988624 47944281890832 1291077245854203 1291077284832021
47944786292752 47944714194960 1291077284832234 1291077323836893 47944642191376 47944570093584 1291077323836929 1291077362643423
47945074495504 47945002397712 1291077362643633 1291077401447970 47944930394128 47944858296336 1291077401448006 1291077440199963
47945362698256 47945290600464 1291077440200260 1291077479041260 47945218596880 47945146499088 1291077479041281 1291077518003247

47635899805712 47635827707920 146134795098813 146134834365219 47635755704336 47635683606544 146134834365246 146134873801233
47636188008464 47636115910672 146134873801302 146134912877925 47636043907088 47635971809296 146134912877952 146134952076555
47636476211216 47636404113424 146134952076582 146134990989711 47636332109840 47636260012048 146134990989732 146135030073411
47636764413968 47636692316176 146135030073447 146135068797165 47636620312592 47636548214800 146135068797201 146135107653999
47637052616720 47636980518928 146135107654212 146135146323636 47636908515344 47636836417552 146135146323825 146135185294146
47637340819472 47637268721680 146135185294353 146135223999945 47637196718096 47637124620304 146135223999975 146135262952386
47637629022224 47637556924432 146135262952422 146135301657594 47637484920848 47637412823056 146135301657642 146135340580905
47637917224976 47637845127184 146135340580941 146135379256092 47637773123600 47637701025808 146135379256113 146135418118833
47638205427728 47638133329936 146135418118920 146135456903334 47638061326352 47637989228560 146135456903538 146135495790354

47024538054672 47024465956880 1285245109143651 1285245148538049 47024393953296 47024321855504 1285245148538070 1285245187769349
47024826257424 47024754159632 1285245187769661 1285245226988061 47024682156048 47024610058256 1285245226988091 1285245266058141
47025114460176 47025042362384 1285245266058330 1285245305200587 47024970358800 47024898261008 1285245305200608 1285245344157741
47025402662928 47025330565136 1285245344157969 1285245383058462 47025258561552 47025186463760 1285245383058495 1285245421776786
47025690865680 47025618767888 1285245421776987 1285245460685736 47025546764304 47025474666512 1285245460685769 1285245499362186
47025979068432 47025906970640 1285245499362408 1285245538148799 47025834967056 47025762869264 1285245538148817 1285245576790962
47026267271184 47026195173392 1285245576791217 1285245615643287 47026123169808 47026051072016 1285245615643308 1285245654284454
47026555473936 47026483376144 1285245654284634 1285245693190215 47026411372560 47026339274768 1285245693190251 1285245731880972
47026843676688 47026771578896 1285245731881221 1285245770739525 47026699575312 47026627477520 1285245770739561 1285245809456838

48009427742736 48009355644944 1285255180228266 1285255219431882 48009283641360 48009211543568 1285255219431903 1285255258810836
48009715945488 48009643847696 1285255258811052 1285255297877370 48009571844112 48009499746320 1285255297877403 1285255337215179
48010004148240 48009932050448 1285255337215587 1285255376159298 48009860046864 48009787949072 1285255376159322 1285255415306313
48010292350992 48010220253200 1285255415306565 1285255454011635 48010148249616 48010076151824 1285255454011656 1285255492899165
48010580553744 48010508455952 1285255492899381 1285255531673169 48010436452368 48010364354576 1285255531673199 1285255570515078
48010868756496 48010796658704 1285255570515288 1285255609223229 48010724655120 48010652557328 1285255609223250 1285255648141746
48011156959248 48011084861456 1285255648141980 1285255686865548 48011012857872 48010940760080 1285255686865602 1285255725887934
48011445162000 48011373064208 1285255725888153 1285255764632991 48011301060624 48011228962832 1285255764633030 1285255803581904
48011733364752 48011661266960 1285255803582114 1285255842235251 48011589263376 48011517165584 1285255842235284 1285255881073404

47785351245840 47785279148048 1285255753044894 1285255792471173 47785207144464 47785135046672 1285255792471218 1285255831666773
47785639448592 47785567350800 1285255831667136 1285255870824693 47785495347216 47785423249424 1285255870824729 1285255909824336
47785927651344 47785855553552 1285255909824549 1285255948954872 47785783549968 47785711452176 1285255948954899 1285255987863162
47786215854096 47786143756304 1285255987863375 1285256026776090 47786071752720 47785999654928 1285256026776150 1285256065555386
47786504056848 47786431959056 1285256065555590 1285256104455168 47786359955472 47786287857680 1285256104455204 1285256143184709
47786792259600 47786720161808 1285256143184919 1285256182035606 47786648158224 47786576060432 1285256182035639 1285256220702630
47787080462352 47787008364560 1285256220702822 1285256259607362 47786936360976 47786864263184 1285256259607383 1285256298301371
47787368665104 47787296567312 1285256298301596 1285256337187257 47787224563728 47787152465936 1285256337187281 1285256375898747
47787656867856 47787584770064 1285256375898942 1285256414774775 47787512766480 47787440668688 1285256414774808 1285256453607885

47355317645328 47355245547536 1285250934449631 1285250973629163 47355173543952 47355101446160 1285250973629184 1285251013007325
47355605848080 47355533750288 1285251013007544 1285251052053327 47355461746704 47355389648912 1285251052053360 1285251091297260
47355894050832 47355821953040 1285251091297506 1285251130210239 47355749949456 47355677851664 1285251130210260 1285251169335393
47356182253584 47356110155792 1285251169335627 1285251208270365 47356038152208 47355966054416 1285251208270389 1285251247451058
47356470456336 47356398358544 1285251247451265 1285251286106622 47356326354960 47356254257168 1285251286106643 1285251324978519
47356758659088 47356686561296 1285251324978747 1285251363666369 47356614557712 47356542459920 1285251363666390 1285251402549483
47357046861840 47356974764048 1285251402549711 1285251441199593 47356902760464 47356830662672 1285251441199614 1285251480193701
47357335064592 47357262966800 1285251480193932 1285251518833860 47357190963216 47357118865424 1285251518833881 1285251557688105
47357623267344 47357551169552 1285251557688318 1285251596402601 47357479165968 47357407068176 1285251596402640 1285251635327241

47492219727888 47492147630096 1285254467721933 1285254506895312 47492075626512 47492003528720 1285254506895351 1285254546204213
47492507930640 47492435832848 1285254546204273 1285254585181515 47492363829264 47492291731472 1285254585181575 1285254624317274
47492796133392 47492724035600 1285254624317295 1285254663326997 47492652032016 47492579934224 1285254663327033 1285254702590226
47493084336144 47493012238352 1285254702590292 1285254741274107 47492940234768 47492868136976 1285254741274308 1285254780186618
47493372538896 47493300441104 1285254780186639 1285254818886357 47493228437520 47493156339728 1285254818886384 1285254857739066
47493660741648 47493588643856 1285254857739105 1285254896437632 47493516640272 47493444542480 1285254896437650 1285254935288418
47493948944400 47493876846608 1285254935288439 1285254973978665 47493804843024 47493732745232 1285254973978692 1285255012845333
47494237147152 47494165049360 1285255012845387 1285255051478715 47494093045776 47494020947984 1285255051478736 1285255090353972
47494525349904 47494453252112 1285255090353999 1285255129064442 47494381248528 47494309150736 1285255129064463 1285255167901686

47272980185104 47272908087312 146134433473917 146134472676858 47272836083728 47272763985936 146134472676915 146134512005664
47273268387856 47273196290064 146134512005928 146134551055008 47273124286480 47273052188688 146134551055062 146134590255870
47273556590608 47273484492816 146134590256092 146134628941746 47273412489232 47273340391440 146134628941785 146134667821278
47273844793360 47273772695568 146134667821488 146134706531169 47273700691984 47273628594192 146134706531220 146134745444379
47274132996112 47274060898320 146134745444610 146134784102910 47273988894736 47273916796944 146134784102958 146134822959822
47274421198864 47274349101072 146134822960005 146134861587372 47274277097488 47274204999696 146134861587420 146134900452006
47274709401616 47274637303824 146134900452222 146134939123089 47274565300240 47274493202448 146134939123110 146134977963570
47274997604368 47274925506576 146134977963762 146135016526134 47274853502992 47274781405200 146135016526155 146135055364638
47275285807120 47275213709328 146135055364863 146135094052125 47275141705744 47275069607952 146135094052182 146135132924103

46956288339984 46956216242192 146127300742635 146127340245159 46956144238608 46956072140816 146127340245180 146127379560570
46956576542736 46956504444944 146127379560669 146127418729500 46956432441360 46956360343568 146127418729527 146127457725387
46956864745488 46956792647696 146127457725417 146127496582725 46956720644112 46956648546320 146127496582950 146127535222461
46957152948240 46957080850448 146127535222512 146127574080819 46957008846864 46956936749072 146127574080843 146127612699597
46957441150992 46957369053200 146127612699813 146127651538824 46957297049616 46957224951824 146127651538845 146127690221409
46957729353744 46957657255952 146127690221433 146127729097449 46957585252368 46957513154576 146127729097479 146127767761335
46958017556496 46957945458704 146127767761368 146127806572413 46957873455120 46957801357328 146127806572434 146127845367021
46958305759248 46958233661456 146127845367426 146127884268216 46958161657872 46958089560080 146127884268261 146127922922460
46958593962000 46958521864208 146127922922481 146127961836048 46958449860624 46958377762832 146127961836069 146128000563915

47452295069712 47452222971920 1284765149080191 1284765188306433 47452150968336 47452078870544 1284765188306478 1284765227677884
47452583272464 47452511174672 1284765227678199 1284765266671425 47452439171088 47452367073296 1284765266671470 1284765305787255
47452871475216 47452799377424 1284765305787480 1284765344835669 47452727373840 47452655276048 1284765344835705 1284765384011394
47453159677968 47453087580176 1284765384011607 1284765422888163 47453015576592 47452943478800 1284765422888232 1284765461936193
47453447880720 47453375782928 1284765461936427 1284765500579484 47453303779344 47453231681552 1284765500579520 1284765539434848
47453736083472 47453663985680 1284765539435061 1284765578137563 47453591982096 47453519884304 1284765578137584 1284765616963569
47454024286224 47453952188432 1284765616963815 1284765655669287 47453880184848 47453808087056 1284765655669308 1284765694548528
47454312488976 47454240391184 1284765694548753 1284765733195464 47454168387600 47454096289808 1284765733195497 1284765772038606
47454600691728 47454528593936 1284765772038843 1284765810696081 47454456590352 47454384492560 1284765810696117 1284765849498588

47417863106576 47417791008784 1284754726647900 1284754766070282 47417719005200 47417646907408 1284754766070318 1284754805280096
47418151309328 47418079211536 1284754805280318 1284754844455230 47418007207952 47417935110160 1284754844455254 1284754883469294
47418439512080 47418367414288 1284754883469510 1284754922514963 47418295410704 47418223312912 1284754922514999 1284754961379501
47418727714832 47418655617040 1284754961379714 1284755000304342 47418583613456 47418511515664 1284755000304384 1284755039036958
47419015917584 47418943819792 1284755039037201 1284755077940400 47418871816208 47418799718416 1284755077940424 1284755116695516
47419304120336 47419232022544 1284755116695774 1284755155545150 47419160018960 47419087921168 1284755155545201 1284755194246746
47419592323088 47419520225296 1284755194246968 1284755233147119 47419448221712 47419376123920 1284755233147140 1284755271866889
47419880525840 47419808428048 1284755271867111 1284755310775245 47419736424464 47419664326672 1284755310775275 1284755349479013
47420168728592 47420096630800 1284755349479217 1284755388362106 47420024627216 47419952529424 1284755388362133 1284755427082947

47022189244432 47022117146640 1284460536542688 1284460575666987 47022045143056 47021973045264 1284460575667005 1284460614945051
47022477447184 47022405349392 1284460614945462 1284460654088280 47022333345808 47022261248016 1284460654088316 1284460693381644
47022765649936 47022693552144 1284460693381848 1284460732413102 47022621548560 47022549450768 1284460732413129 1284460771635339
47023053852688 47022981754896 1284460771635564 1284460810507209 47022909751312 47022837653520 1284460810507227 1284460849570176
47023342055440 47023269957648 1284460849570383 1284460888235370 47023197954064 47023125856272 1284460888235391 1284460927032636
47023630258192 47023558160400 1284460927032855 1284460966003017 47023486156816 47023414059024 1284460966003044 1284461004843084
47023918460944 47023846363152 1284461004843276 1284461043389301 47023774359568 47023702261776 1284461043389358 1284461082308979
47024206663696 47024134565904 1284461082309216 1284461120966610 47024062562320 47023990464528 1284461120966631 1284461159784522
47024494866448 47024422768656 1284461159784762 1284461198520819 47024350765072 47024278667280 1284461198520864 1284461237358102

47174459256848 47174387159056 1311669731275224 1311669770519433 47174315155472 47174243057680 1311669770519454 1311669809884380
47174747459600 47174675361808 1311669809884614 1311669848875290 47174603358224 47174531260432 1311669848875311 1311669888115197
47175035662352 47174963564560 1311669888115467 1311669927177432 47174891560976 47174819463184 1311669927177459 1311669966344493
47175323865104 47175251767312 1311669966344781 1311670005314052 47175179763728 47175107665936 1311670005314073 1311670044394389
47175612067856 47175539970064 1311670044394611 1311670083046725 47175467966480 47175395868688 1311670083046749 1311670121853108
47175900270608 47175828172816 1311670121853318 1311670160550813 47175756169232 47175684071440 1311670160550849 1311670199430036
47176188473360 47176116375568 1311670199430240 1311670238139846 47176044371984 47175972274192 1311670238139882 1311670277019531
47176476676112 47176404578320 1311670277019780 1311670315746672 47176332574736 47176260476944 1311670315746693 1311670354642500
47176764878864 47176692781072 1311670354642725 1311670393329027 47176620777488 47176548679696 1311670393329048 1311670432179195

47227676586000 47227604488208 1284465147400530 1284465186615540 47227532484624 47227460386832 1284465186615561 1284465225969048
47227964788752 47227892690960 1284465225969342 1284465264960390 47227820687376 47227748589584 1284465264960429 1284465304206606
47228252991504 47228180893712 1284465304206819 1284465343179933 47228108890128 47228036792336 1284465343179963 1284465382343055
47228541194256 47228469096464 1284465382343226 1284465421215471 47228397092880 47228324995088 1284465421215507 1284465460307754
47228829397008 47228757299216 1284465460307964 1284465498982515 47228685295632 47228613197840 1284465498982536 1284465537858153
47229117599760 47229045501968 1284465537858426 1284465576629388 47228973498384 47228901400592 1284465576629409 1284465615508665
47229405802512 47229333704720 1284465615508881 1284465654129822 47229261701136 47229189603344 1284465654129843 1284465693075015
47229694005264 47229621907472 1284465693075219 1284465731808636 47229549903888 47229477806096 1284465731808657 1284465770716419
47229982208016 47229910110224 1284465770716671 1284465809408892 47229838106640 47229766008848 1284465809408937 1284465848322426

47218683998224 47218611900432 1284469021053540 1284469060312776 47218539896848 47218467799056 1284469060312812 1284469099629408
47218972200976 47218900103184 1284469099629486 1284469138751982 47218828099600 47218756001808 1284469138752045 1284469178023458
47219260403728 47219188305936 1284469178023479 1284469217115126 47219116302352 47219044204560 1284469217115150 1284469256353443
47219548606480 47219476508688 1284469256353464 1284469295347422 47219404505104 47219332407312 1284469295347443 1284469334447763
47219836809232 47219764711440 1284469334447808 1284469373241240 47219692707856 47219620610064 1284469373241273 1284469412238393
47220125011984 47220052914192 1284469412238432 1284469450909974 47219980910608 47219908812816 1284469450910175 1284469489854525
47220413214736 47220341116944 1284469489854549 1284469528695066 47220269113360 47220197015568 1284469528695102 1284469567865649
47220701417488 47220629319696 1284469567865670 1284469606683747 47220557316112 47220485218320 1284469606683957 1284469645563213
47220989620240 47220917522448 1284469645563243 1284469684304769 47220845518864 47220773421072 1284469684304796 1284469723162611

47526109704208 47526037606416 1284464132619318 1284464171856216 47525965602832 47525893505040 1284464171856261 1284464211259797
47526397906960 47526325809168 1284464211259863 1284464250257850 47526253805584 47526181707792 1284464250258057 1284464289453684
47526686109712 47526614011920 1284464289453723 1284464328252915 47526542008336 47526469910544 1284464328253113 1284464367340818
47526974312464 47526902214672 1284464367340851 1284464405966199 47526830211088 47526758113296 1284464405966235 1284464444747982
47527262515216 47527190417424 1284464444748012 1284464483429037 47527118413840 47527046316048 1284464483429076 1284464522268630
47527550717968 47527478620176 1284464522268669 1284464560944213 47527406616592 47527334518800 1284464560944426 1284464599811148
47527838920720 47527766822928 1284464599811169 1284464638550280 47527694819344 47527622721552 1284464638550316 1284464677430532
47528127123472 47528055025680 1284464677430568 1284464716081251 47527983022096 47527910924304 1284464716081272 1284464754902643
47528415326224 47528343228432 1284464754902691 1284464793585144 47528271224848 47528199127056 1284464793585165 1284464832435690
