16 636
1291201715263044 1291201715286852 1291201761236667 1291201800655872 1291201715286873 1291201715526060 1291201837523928 1291201876915791
1291201800656628 1291201800707169 1291201911771015 1291201950981951 1291201876917024 1291201876952334 1291202010415935 1291202049830220
1291201950982731 1291201951020477 1291202111248632 1291202150443665 1291202049831366 1291202049867135 1291202208508581 1291202247930384
1291202150443686 1291202150483526 1291202308264050 1291202347544451 1291202247931599 1291202247967977 1291202411436504 1291202450758398
1291202347544472 1291202347582596 1291202506593573 1291202545708743 1291202450759562 1291202450795364 1291202606143980 1291202645482833
1291202545708764 1291202545748385 1291202708063838 1291202746906593 1291202645484066 1291202645523129 1291202805064932 1291202844036132
1291202746906629 1291202746959417 1291202904329265 1291202943341478 1291202844038217 1291202844091275 1291203007659927 1291203046561128
1291202943341499 1291202943379185 1291203103485339 1291203142532451 1291203046562505 1291203046602204 1291203204055641 1291203242894175
1291203142532472 1291203142570572 1291203304542165 1291203343514325 1291203242895528 1291203242936448 1291203393678354 1291203432464202

146259696348309 146259696371613 146259741435309 146259780654153 146259696371634 146259696652116 146259813613275 146259852928926
146259780654453 146259780700134 146259889061229 146259928234272 146259852930360 146259852964539 146259986906190 146260026175185
146259928234293 146259928271469 146260081841355 146260120881408 146260026176535 146260026212319 146260178627499 146260217815191
146260120881429 146260120920072 146260283128371 146260321903047 146260217816691 146260217850708 146260377968328 146260416923982
146260321903068 146260321940772 146260476695667 146260515368451 146260416925611 146260416960132 146260573606056 146260612435353
146260515368472 146260515405363 146260673241351 146260711962189 146260612436769 146260612471323 146260771506840 146260810387506
146260711962210 146260712001285 146260873495782 146260912324815 146260810388772 146260810423143 146260967885712 146261006935089
146260912324836 146260912364835 146261066053122 146261104741386 146261006936343 146261006969529 146261170844451 146261209724880
146261104741407 146261104781877 146261267687118 146261306395743 146261209726686 146261209760853 146261356056090 146261394975051

1285370010170508 1285370010188559 1285370055386847 1285370094544734 1285370010188601 1285370010467814 1285370127885318 1285370167183005
1285370094544755 1285370094596469 1285370202223863 1285370241306330 1285370167184424 1285370167224600 1285370298807114 1285370338012092
1285370241306351 1285370241344886 1285370399168457 1285370438164011 1285370338013640 1285370338052040 1285370497217127 1285370536374591
1285370438164032 1285370438202645 1285370596560030 1285370635378695 1285370536375986 1285370536417410 1285370696567961 1285370735531067
1285370635378731 1285370635416741 1285370795185818 1285370833935381 1285370735532378 1285370735574612 1285370892148029 1285370930985972
1285370833935402 1285370833970685 1285370993149074 1285371031855713 1285370930987166 1285370931029535 1285371089401881 1285371128370834
1285371031855734 1285371031893450 1285371188883090 1285371227457222 1285371128372274 1285371128413812 1285371288771984 1285371327680652
1285371227457243 1285371227492619 1285371388031715 1285371426853050 1285371327682041 1285371327722691 1285371485532702 1285371524443875
1285371426853071 1285371426890043 1285371587160966 1285371625846395 1285371524445075 1285371524487942 1285371675424566 1285371714370956

1285380082271004 1285380082295445 1285380126228489 1285380165321765 1285380082295472 1285380082575021 1285380197980038 1285380237365448
1285380165322353 1285380165372777 1285380273957642 1285380312977001 1285380237366474 1285380237405264 1285380372435291 1285380411706785
1285380312977976 1285380313017945 1285380469954356 1285380508924986 1285380411708399 1285380411750627 1285380569132364 1285380608221386
1285380508925007 1285380508965345 1285380669838788 1285380708706608 1285380608222235 1285380608264406 1285380765602760 1285380804580935
1285380708706644 1285380708748926 1285380864956556 1285380903698721 1285380804582729 1285380804617433 1285380967199148 1285381006038693
1285380903698742 1285380903740901 1285381061495676 1285381100293839 1285381006040280 1285381006077009 1285381162642614 1285381201562673
1285381100293860 1285381100336637 1285381262908944 1285381301637942 1285381201563786 1285381201598031 1285381359267834 1285381398162852
1285381301637978 1285381301679351 1285381459066041 1285381497891945 1285381398163953 1285381398200049 1285381561548372 1285381600624944
1285381497891966 1285381497934440 1285381657731276 1285381696475745 1285381600626327 1285381600660767 1285381747136106 1285381786076904

1285380655123587 1285380655142940 1285380701373915 1285380740696247 1285380655142958 1285380655423530 1285380777593133 1285380816957117
1285380740696805 1285380740741736 1285380851628924 1285380890673486 1285380816958392 1285380817003554 1285380950248131 1285380989419809
1285380890673927 1285380890707107 1285381052940363 1285381091935158 1285380989421237 1285380989494731 1285381148146371 1285381187387091
1285381091935179 1285381091973933 1285381248668325 1285381287403236 1285381187388363 1285381187428539 1285381351113129 1285381390061760
1285381287403257 1285381287440469 1285381446468885 1285381485245025 1285381390063377 1285381390105026 1285381545970239 1285381584951045
1285381485245046 1285381485283149 1285381648957644 1285381687926678 1285381584952596 1285381584992214 1285381744905195 1285381783961370
1285381687926714 1285381687979856 1285381844784639 1285381883695269 1285381783962984 1285381784014581 1285381947308787 1285381985982408
1285381883695290 1285381883740104 1285382043370374 1285382082270879 1285381985983734 1285381986019524 1285382144025513 1285382182682322
1285382082270900 1285382082313224 1285382247126789 1285382286051111 1285382182683558 1285382182721529 1285382333536092 1285382372296632

1285375836089220 1285375836105564 1285375881607002 1285375921023924 1285375836105585 1285375836376971 1285375953833022 1285375992987459
1285375921024110 1285375921073103 1285376029288488 1285376068515297 1285375992989022 1285375993027293 1285376127528237 1285376166556398
1285376068515486 1285376068554981 1285376225398620 1285376264553198 1285376166558411 1285376166598041 1285376322068856 1285376361106170
1285376264553372 1285376264594136 1285376422817493 1285376461950636 1285376361108234 1285376361143007 1285376517882045 1285376556870861
1285376461950831 1285376461989270 1285376616396252 1285376655357006 1285376556872661 1285376556908526 1285376717916384 1285376756585973
1285376655357027 1285376655397008 1285376813306052 1285376852197704 1285376756587608 1285376756623719 1285376912231490 1285376950969998
1285376852197740 1285376852237877 1285377013137132 1285377052054344 1285376950971771 1285376951006262 1285377109286313 1285377147951834
1285377052054365 1285377052094697 1285377210878847 1285377249784536 1285377147954060 1285377147989649 1285377311131029 1285377349861365
1285377249784557 1285377249825156 1285377408608508 1285377447565839 1285377349863141 1285377349901121 1285377497467131 1285377536175795

1285379369710764 1285379369732886 1285379415274917 1285379454649494 1285379369732907 1285379370010155 1285379487447882 1285379526654375
1285379454649515 1285379454696657 1285379562960774 1285379602235628 1285379526655575 1285379526693315 1285379660458692 1285379699546883
1285379602235649 1285379602272783 1285379758717887 1285379797858248 1285379699547735 1285379699580261 1285379856729027 1285379895664497
1285379797858269 1285379797892955 1285379956321524 1285379995306701 1285379895665583 1285379895702054 1285380056122602 1285380094989918
1285379995306722 1285379995346052 1285380154709649 1285380193661934 1285380094990800 1285380095027682 1285380251703387 1285380290450058
1285380193661970 1285380193702272 1285380352661679 1285380391599492 1285380290451195 1285380290485698 1285380448959492 1285380487701387
1285380391599528 1285380391638678 1285380548556741 1285380587445360 1285380487702242 1285380487738590 1285380648326922 1285380686987721
1285380587445381 1285380587485440 1285380747553752 1285380786559038 1285380686988474 1285380687024207 1285380845088069 1285380883756968
1285380786559059 1285380786597597 1285380946393155 1285380985409367 1285380883758051 1285380883794300 1285381034921103 1285381073628705

146259335146698 146259335163831 146259379023894 146259418218273 146259335163852 146259335450235 146259450564351 146259489832761
146259418219065 146259418275405 146259526435401 146259565451484 146259489833520 146259489865122 146259624853674 146259664056051
146259565451505 146259565493604 146259720091629 146259758880276 146259664056984 146259664089825 146259821342412 146259860222139
146259758880312 146259758924772 146259922729959 146259961517589 146259860223003 146259860258139 146260018723779 146260057670445
146259961517610 146259961559742 146260117865046 146260156556949 146260057671387 146260057703958 146260217814975 146260256699979
146260156556970 146260156600215 146260314164457 146260352839185 146260256700900 146260256734119 146260414969695 146260453912383
146260352839206 146260352881077 146260515445779 146260554134715 146260453913316 146260453947096 146260612185993 146260651074381
146260554134736 146260554176667 146260712095281 146260750845900 146260651075914 146260651112064 146260814658003 146260853457189
146260750845936 146260750888743 146260910572611 146260949307111 146260853458089 146260853491272 146260999650990 146261038566111

146252200172172 146252200194087 146252246533185 146252285774601 146252200194123 146252200493889 146252322641286 146252362019427
146252285774622 146252285816730 146252396498337 146252435816151 146252362020522 146252362058469 146252494888491 146252534063649
146252435816172 146252435852994 146252598041763 146252636875260 146252534064624 146252534101659 146252693193759 146252732009169
146252636875281 146252636915136 146252793927546 146252832677139 146252732010090 146252732047065 146252895757581 146252934647145
146252832677160 146252832714294 146252991705057 146253030477519 146252934648027 146252934685734 146253092569095 146253131454246
146253030477540 146253030516831 146253194052159 146253232790061 146253131455548 146253131493318 146253289887315 146253328722159
146253232790082 146253232826367 146253389817822 146253428533128 146253328723323 146253328762992 146253492283482 146253531174951
146253428533149 146253428569053 146253588629058 146253627420021 146253531176124 146253531213096 146253689054097 146253728026821
146253627420057 146253627456201 146253792221928 146253830885193 146253728027784 146253728065440 146253878528403 146253917298771

1284890050721682 1284890050742085 1284890096364570 1284890135708781 1284890050742106 1284890051023038 1284890168476515 1284890207598207
1284890135709078 1284890135760528 1284890244109317 1284890283472863 1284890207599176 1284890207633787 1284890342169804 1284890381168820
1284890283472899 1284890283513042 1284890440119768 1284890479314993 1284890381169735 1284890381201607 1284890536704351 1284890575688739
1284890479315014 1284890479361877 1284890637461130 1284890676501396 1284890575690317 1284890575724223 1284890732810532 1284890771807106
1284890676501417 1284890676542238 1284890831032791 1284890869882668 1284890771808714 1284890771840961 1284890932623162 1284890971416768
1284890869882689 1284890869922445 1284891027950607 1284891066783006 1284890971418046 1284890971452387 1284891126977619 1284891165775593
1284891066783027 1284891066825786 1284891227734659 1284891266623260 1284891165777147 1284891165812220 1284891326346702 1284891365004462
1284891266623281 1284891266667585 1284891425519187 1284891464341179 1284891365005764 1284891365042871 1284891525776643 1284891564471306
1284891464341200 1284891464382942 1284891623336130 1284891662178597 1284891564472182 1284891564508035 1284891712111758 1284891750783819

1284879627344958 1284879627368487 1284879672980331 1284879712214457 1284879627368508 1284879627640263 1284879745180557 1284879784635393
1284879712215033 1284879712261824 1284879820713003 1284879859881954 1284879784636479 1284879784674750 1284879918087900 1284879957402663
1284879859882533 1284879859916274 1284880013534412 1284880052467371 1284879957403977 1284879957443760 1284880113711693 1284880152961050
1284880052467392 1284880052503080 1284880212297108 1284880251059556 1284880152962280 1284880153000686 1284880307262705 1284880346227947
1284880251059577 1284880251094518 1284880411373823 1284880450163139 1284880346229096 1284880346268444 1284880508173737 1284880547179464
1284880450163175 1284880450198449 1284880605172713 1284880643852445 1284880547180688 1284880547219502 1284880703666325 1284880742541243
1284880643852481 1284880643910906 1284880804025340 1284880842719946 1284880742542422 1284880742580456 1284880900163799 1284880939029588
1284880842719967 1284880842756033 1284881002432668 1284881041158132 1284880939030881 1284880939072665 1284881101434006 1284881140323462
1284881041158168 1284881041194240 1284881197728762 1284881236441506 1284881140324641 1284881140364340 1284881287791774 1284881326639860

1284585437454984 1284585437473311 1284585480126216 1284585519497073 1284585437473344 1284585437740833 1284585552688722 1284585591741954
1284585519497094 1284585519544110 1284585626769165 1284585666040872 1284585591743394 1284585591782454 1284585720606360 1284585759653889
1284585666040893 1284585666077457 1284585825367404 1284585864634128 1284585759655278 1284585759697200 1284585921805560 1284585960820755
1284585864634149 1284585864671643 1284586018532199 1284586057612806 1284585960821838 1284585960862176 1284586119458559 1284586158367023
1284586057612827 1284586057649481 1284586215072183 1284586254076635 1284586158368052 1284586158408411 1284586318336998 1284586357066395
1284586254076656 1284586254113307 1284586415751132 1284586454754915 1284586357068258 1284586357107063 1284586510136526 1284586548916911
1284586454754951 1284586454793450 1284586609636755 1284586648646910 1284586548918282 1284586548958290 1284586712472894 1284586751230347
1284586648646931 1284586648685403 1284586810366716 1284586849303161 1284586751231751 1284586751269431 1284586908931269 1284586947671013
1284586849303182 1284586849343139 1284587011398588 1284587050333215 1284586947672504 1284586947712014 1284587097812445 1284587136445110

1311794632500234 1311794632517250 1311794674515846 1311794713885155 1311794632517283 1311794632785684 1311794748135045 1311794787566940
1311794713885176 1311794713935864 1311794827308672 1311794866325745 1311794787568164 1311794787602850 1311794923413453 1311794962614426
1311794866325766 1311794866363818 1311795025501473 1311795064565061 1311794962615653 1311794962653699 1311795122478648 1311795161705784
1311795064565097 1311795064603581 1311795218703474 1311795257784588 1311795161707020 1311795161744019 1311795317170125 1311795356261622
1311795257784609 1311795257824584 1311795422265141 1311795460944612 1311795356262795 1311795356299926 1311795520283715 1311795559129272
1311795460944648 1311795460983933 1311795618175200 1311795656906982 1311795559130601 1311795559168200 1311795715765911 1311795754662348
1311795656907003 1311795656944167 1311795816269913 1311795855271650 1311795754663494 1311795754696848 1311795912149415 1311795951040008
1311795855271671 1311795855312825 1311796019993103 1311796058692212 1311795951041007 1311795951073905 1311796113605388 1311796152469626
1311796058692248 1311796058752917 1311796219761585 1311796258530348 1311796152470817 1311796152505362 1311796305161064 1311796344034524

1284590048753763 1284590048773653 1284590090218743 1284590129655996 1284590048773674 1284590049046269 1284590164001340 1284590203125156
1284590129656383 1284590129705898 1284590240346741 1284590279506089 1284590203126953 1284590203163412 1284590336433909 1284590375750532
1284590279506125 1284590279547096 1284590438279622 1284590477552880 1284590375752233 1284590375788326 1284590533863492 1284590573080509
1284590477552901 1284590477590896 1284590631034293 1284590670101187 1284590573082063 1284590573118291 1284590730091662 1284590769069486
1284590670101208 1284590670139623 1284590826821583 1284590865739425 1284590769071250 1284590769107094 1284590927599056 1284590966425911
1284590865739446 1284590865776724 1284591023053368 1284591062102490 1284590966427402 1284590966468514 1284591122409096 1284591161152071
1284591062102526 1284591062139048 1284591217579686 1284591256572618 1284591161153775 1284591161194752 1284591324358998 1284591363192366
1284591256572639 1284591256611309 1284591422202009 1284591461053794 1284591363194076 1284591363235983 1284591517844517 1284591556576374
1284591461053815 1284591461091084 1284591620445480 1284591659401188 1284591556577907 1284591556615908 1284591706239717 1284591744913935

1284593922754848 1284593922774501 1284593965703637 1284594004879572 1284593922774525 1284593923043505 1284594040380294 1284594079801806
1284594004879608 1284594004929639 1284594115147098 1284594154296429 1284594079802922 1284594079838037 1284594210701397 1284594249928482
1284594154296450 1284594154336257 1284594311871456 1284594350952888 1284594249929349 1284594249963849 1284594409816896 1284594449228781
1284594350952909 1284594350993127 1284594509362200 1284594548242680 1284594449229777 1284594449263509 1284594609211992 1284594648319026
1284594548242716 1284594548282139 1284594707790801 1284594746665455 1284594648319977 1284594648384867 1284594804781254 1284594843877248
1284594746665476 1284594746705556 1284594905776350 1284594944454786 1284594843878151 1284594843913743 1284595001972421 1284595040826306
1284594944454807 1284594944494116 1284595101586098 1284595140426339 1284595040827284 1284595040863686 1284595201341546 1284595240264764
1284595140426360 1284595140470847 1284595300642095 1284595339436787 1284595240265889 1284595240300749 1284595398103614 1284595436999787
1284595339436808 1284595339478109 1284595499964861 1284595538727483 1284595437000627 1284595437035124 1284595588014699 1284595626901248

1284589034276226 1284589034296533 1284589078403139 1284589117704378 1284589034296554 1284589034581122 1284589149976839 1284589189275243
1284589117704399 1284589117754241 1284589226370081 1284589265372058 1284589189276575 1284589189313202 1284589324433427 1284589363631700
1284589265372079 1284589265409150 1284589421937795 1284589460756112 1284589363632756 1284589363669875 1284589521137592 1284589560124350
1284589460756133 1284589460794944 1284589621842411 1284589660584627 1284589560125664 1284589560162141 1284589717643592 1284589756571934
1284589660584648 1284589660623789 1284589816964901 1284589855661142 1284589756573206 1284589756611240 1284589919275407 1284589958303775
1284589855661163 1284589855698636 1284590013496551 1284590052139023 1284589958304828 1284589958343783 1284590114824383 1284590153762466
1284590052139059 1284590052173274 1284590214908595 1284590253552330 1284590153763528 1284590153802402 1284590311484949 1284590350354200
1284590253552366 1284590253586623 1284590411065263 1284590449754553 1284590350355223 1284590350393953 1284590513704500 1284590552645457
1284590449754574 1284590449792746 1284590609730897 1284590648393811 1284590552646684 1284590552687991 1284590699133540 1284590738058462
