16 54
1290983956604451 1290983956663794 1290983966589918 1290983970726798 1290983956663815 1290983957018049 1290983972794830 1290983976972348
1290983976974229 1290983977022073 1290983982278736 1290983986459932 1290983977022106 1290983977038576 1290983988660900 1290983992819068
1290983992819854 1290983992860261 1290983998738815 1290984002888961 1290983992860300 1290983992873929 1290984004970706 1290984009110997
1290984009111264 1290984009153093 1290984013675353 1290984017868870 1290984009153114 1290984009167730 1290984020339817 1290984024517227
1290984024517473 1290984024557007 1290984030093042 1290984034220814 1290984024557031 1290984024570837 1290984035660787 1290984039795135
1290984039795429 1290984039835242 1290984044502339 1290984048682194 1290984039835278 1290984039850572 1290984051559860 1290984055682364
1290984055682610 1290984055720872 1290984061494114 1290984065588598 1290984055720893 1290984055733442 1290984067307637 1290984071444880
1290984071445888 1290984071487666 1290984076374996 1290984080537679 1290984071487687 1290984071503599 1290984082975242 1290984087062301
1290984087063105 1290984087102744 1290984091811460 1290984095930748 1290984087102768 1290984087116781 1290984098158485 1290984102272589

146041937478606 146041937529705 146041947286002 146041951457973 146041937529726 146041937864898 146041953321771 146041957468227
146041957469166 146041957511361 146041961898372 146041966059558 146041957511442 146041957525890 146041969115145 146041973267301
146041973268597 146041973306988 146041978110120 146041982297382 146041973307009 146041973321280 146041985253171 146041989381567
146041989381804 146041989420975 146041995354237 146041999449498 146041989421092 146041989434520 146042001010629 146042005114611
146042005114650 146042005153176 146042011099692 146042015189301 146042005153197 146042005165245 146042016630102 146042020716582
146042020717116 146042020756350 146042026548912 146042030745306 146042020756389 146042020770246 146042033485110 146042037577386
146042037577734 146042037619773 146042042175096 146042046298473 146042037619794 146042037633012 146042048692839 146042052778977
146042052779310 146042052815124 146042057666796 146042061795144 146042052815145 146042052828957 146042063862225 146042067958776
146042067959013 146042067997731 146042072851890 146042076947940 146042067997752 146042068011378 146042078999325 146042083075407

1285152251683899 1285152251733537 1285152261410079 1285152265538379 1285152251733558 1285152252047187 1285152267586992 1285152271689867
1285152271690212 1285152271726482 1285152277818273 1285152281949660 1285152271726518 1285152271739874 1285152284243310 1285152288388992
1285152288389304 1285152288427728 1285152293153712 1285152297241785 1285152288427749 1285152288439107 1285152300340416 1285152304436628
1285152304437630 1285152304476015 1285152309475764 1285152313546860 1285152304476051 1285152304489242 1285152315313191 1285152319370202
1285152319370406 1285152319409346 1285152324734934 1285152328816080 1285152319409367 1285152319421700 1285152331833468 1285152335913549
1285152335913876 1285152335952291 1285152340994580 1285152345061362 1285152335952312 1285152335965464 1285152347091495 1285152351157998
1285152351158223 1285152351195573 1285152356239317 1285152360361920 1285152351195594 1285152351209364 1285152362524329 1285152366603717
1285152366603951 1285152366642174 1285152371825103 1285152375890397 1285152366642192 1285152366655395 1285152378060600 1285152382129911
1285152382130160 1285152382171395 1285152386984673 1285152391063416 1285152382171416 1285152382184481 1285152393204747 1285152397272648

1285162322037387 1285162322089605 1285162332018966 1285162336142064 1285162322089644 1285162322400489 1285162338226434 1285162342349238
1285162342349742 1285162342383642 1285162347907212 1285162352003046 1285162342383666 1285162342396830 1285162355144727 1285162359245886
1285162359246438 1285162359285204 1285162364164797 1285162368255399 1285162359285225 1285162359297450 1285162370338350 1285162374477315
1285162374477564 1285162374512745 1285162379289417 1285162383397548 1285162374512772 1285162374526236 1285162385777625 1285162389885015
1285162389885432 1285162389921789 1285162394514435 1285162398630918 1285162389921825 1285162389935019 1285162401175026 1285162405274691
1285162405274940 1285162405312680 1285162411313121 1285162415423184 1285162405312710 1285162405327947 1285162417122405 1285162421232069
1285162421232306 1285162421272722 1285162426283751 1285162430379708 1285162421272740 1285162421284941 1285162432422876 1285162436531361
1285162436531565 1285162436572806 1285162441958187 1285162446114255 1285162436572839 1285162436588046 1285162448034507 1285162452116817
1285162452117027 1285162452154971 1285162457611290 1285162461697500 1285162452155004 1285162452168705 1285162463819928 1285162467909480

1285162894818291 1285162894873551 1285162905467214 1285162909631814 1285162894873632 1285162895216661 1285162911637698 1285162915768581
1285162915769085 1285162915810137 1285162920944337 1285162925102673 1285162915810158 1285162915824423 1285162927172655 1285162931285880
1285162931286390 1285162931324445 1285162937063619 1285162941210459 1285162931324481 1285162931336715 1285162943102904 1285162947211716
1285162947211947 1285162947250539 1285162952061078 1285162956158061 1285162947250578 1285162947263961 1285162958606175 1285162962760599
1285162962761124 1285162962799326 1285162968410127 1285162972527822 1285162962799359 1285162962813045 1285162974192603 1285162978298136
1285162978298616 1285162978336254 1285162983750786 1285162987854228 1285162978336347 1285162978350096 1285162989230376 1285162993305015
1285162993305441 1285162993343592 1285162999047969 1285163003164530 1285162993343610 1285162993356735 1285163005358493 1285163009427648
1285163009427897 1285163009465910 1285163014993839 1285163019112428 1285163009465943 1285163009480799 1285163021203191 1285163025287223
1285163025287664 1285163025329022 1285163029718010 1285163033782530 1285163025329043 1285163025344172 1285163036151450 1285163040285303

1285158076560720 1285158076614912 1285158085853181 1285158090003207 1285158076614948 1285158076958274 1285158092726418 1285158096869556
1285158096869976 1285158096907143 1285158103080768 1285158107271819 1285158096907164 1285158096922341 1285158109276410 1285158113463687
1285158113464086 1285158113505492 1285158118080426 1285158122168505 1285158113505528 1285158113518788 1285158124747467 1285158128854146
1285158128854668 1285158128895360 1285158134311452 1285158138395097 1285158128895381 1285158128908647 1285158140331297 1285158144438939
1285158144439239 1285158144478314 1285158149980560 1285158154095318 1285158144478335 1285158144492189 1285158155854455 1285158159959499
1285158159959754 1285158159998784 1285158165591045 1285158169708161 1285158159998805 1285158160014522 1285158171073836 1285158175206393
1285158175206672 1285158175244232 1285158180751029 1285158184918947 1285158175244253 1285158175257285 1285158187573869 1285158191696805
1285158191697042 1285158191736366 1285158196721844 1285158200860011 1285158191736384 1285158191751564 1285158202893243 1285158207027585
1285158207027858 1285158207067545 1285158211615725 1285158215714253 1285158207067566 1285158207081576 1285158217995969 1285158222109386

1285161609564261 1285161609618006 1285161619686582 1285161623853003 1285161609618027 1285161609952971 1285161626389062 1285161630509601
1285161630510105 1285161630546222 1285161635999826 1285161640209099 1285161630546270 1285161630560841 1285161642363579 1285161646496688
1285161646497171 1285161646531434 1285161651980664 1285161656137434 1285161646531452 1285161646542243 1285161657860430 1285161661980183
1285161661980660 1285161662016237 1285161667055613 1285161671163363 1285161662016267 1285161662029833 1285161673357698 1285161677474535
1285161677474988 1285161677509905 1285161682690590 1285161686782779 1285161677509926 1285161677523813 1285161688751973 1285161692847168
1285161692847663 1285161692883162 1285161698837217 1285161702926835 1285161692883183 1285161692898096 1285161704346531 1285161708421530
1285161708421857 1285161708457431 1285161712750791 1285161716845458 1285161708457452 1285161708470745 1285161719792514 1285161723880521
1285161723880950 1285161723916116 1285161729692328 1285161733816689 1285161723916137 1285161723930684 1285161735912783 1285161740002458
1285161740002833 1285161740037414 1285161744829632 1285161748940874 1285161740037435 1285161740052828 1285161750998502 1285161755094165

146041575569874 146041575621924 146041586336754 146041590471894 146041575621960 146041575964647 146041592388498 146041596524886
146041596525201 146041596564684 146041602062952 146041606199103 146041596564705 146041596578871 146041608033960 146041612166169
146041612167231 146041612207701 146041617824727 146041621919508 146041612207719 146041612238022 146041623800454 146041627882671
146041627883403 146041627922040 146041633114533 146041637249424 146041627922061 146041627935882 146041639090341 146041643178363
146041643178933 146041643220141 146041648163802 146041652263131 146041643220162 146041643233431 146041654770447 146041658880276
146041658881248 146041658921934 146041664367090 146041668483168 146041658921964 146041658936007 146041669910529 146041673990268
146041673990793 146041674027864 146041678654233 146041682778384 146041674027897 146041674042027 146041685071086 146041689182451
146041689182679 146041689222393 146041694871903 146041698990879 146041689222414 146041689236100 146041701155082 146041705245624
146041705245993 146041705286211 146041710322713 146041714444098 146041705286232 146041705299489 146041716688536 146041720794939

146034444485640 146034444540096 146034454817817 146034459063873 146034444540117 146034444871911 146034460932114 146034465103611
146034465104622 146034465146514 146034470383437 146034474549306 146034465146544 146034465160314 146034476779959 146034480949548
146034480950166 146034480989904 146034486613653 146034490715697 146034480989940 146034481002075 146034492708237 146034496795338
146034496795947 146034496835514 146034501981003 146034506159070 146034496835544 146034496849827 146034508499313 146034512588007
146034512588610 146034512633304 146034517214982 146034521318655 146034512633325 146034512646516 146034524265858 146034528361155
146034528362025 146034528403149 146034533791434 146034537887520 146034528403170 146034528417327 146034539871996 146034543968271
146034543968517 146034544010895 146034549281361 146034553376286 146034544010925 146034544023150 146034555020040 146034559119639
146034559120437 146034559159239 146034563670792 146034567777237 146034559159260 146034559193064 146034570515223 146034574597941
146034574598889 146034574640868 146034579563988 146034583698720 146034574640889 146034574654419 146034585907434 146034590021103

1284672291188571 1284672291243309 1284672301854711 1284672305997870 1284672291243330 1284672291581190 1284672308094531 1284672312207909
1284672312208890 1284672312246852 1284672316753086 1284672320909496 1284672312246873 1284672312261411 1284672323924805 1284672328043310
1284672328044093 1284672328079631 1284672333648891 1284672337829025 1284672328079667 1284672328092120 1284672339480873 1284672343592169
1284672343592745 1284672343627863 1284672348201810 1284672352305993 1284672343627899 1284672343641102 1284672355270077 1284672359380662
1284672359381304 1284672359418072 1284672364945191 1284672369047778 1284672359418108 1284672359431701 1284672371779425 1284672375877920
1284672375878598 1284672375915102 1284672380452416 1284672384594606 1284672375915138 1284672375928197 1284672386493294 1284672390563244
1284672390563679 1284672390600093 1284672395620761 1284672399752115 1284672390600129 1284672390612081 1284672402198987 1284672406280217
1284672406280682 1284672406316259 1284672410890449 1284672414991002 1284672406316280 1284672406330428 1284672417308178 1284672421412028
1284672421412247 1284672421449717 1284672425854839 1284672429959445 1284672421449738 1284672421462422 1284672432702201 1284672436806387

1284661869456537 1284661869511197 1284661880247735 1284661884502017 1284661869511233 1284661869856245 1284661886680566 1284661890829749
1284661890830541 1284661890871167 1284661895803914 1284661899945192 1284661890871185 1284661890885762 1284661902180591 1284661906345485
1284661906346004 1284661906385982 1284661911826650 1284661915984854 1284661906386003 1284661906400217 1284661917784314 1284661921930506
1284661921931781 1284661921969761 1284661926931725 1284661931045868 1284661921969782 1284661921982562 1284661933169895 1284661937272197
1284661937272413 1284661937313033 1284661942415898 1284661946527842 1284661937313069 1284661937325483 1284661948787625 1284661952923692
1284661952923950 1284661952962347 1284661958363985 1284661962465765 1284661952962368 1284661952975478 1284661964436219 1284661968567435
1284661968567651 1284661968607134 1284661973472387 1284661977578094 1284661968607170 1284661968619731 1284661980654261 1284661984793037
1284661984793463 1284661984834290 1284661989402669 1284661993530345 1284661984834314 1284661984846389 1284661995571722 1284661999672134
1284661999672599 1284661999714539 1284662004479664 1284662008574079 1284661999714560 1284661999728714 1284662010830946 1284662014950774

1284367679215773 1284367679268828 1284367690045479 1284367694208366 1284367679268846 1284367679615211 1284367696356942 1284367700481489
1284367700481834 1284367700521116 1284367705394904 1284367709637417 1284367700521134 1284367700535504 1284367711972254 1284367716118062
1284367716118440 1284367716155958 1284367721317986 1284367725463662 1284367716155979 1284367716169239 1284367727458272 1284367731623628
1284367731623838 1284367731662766 1284367736756967 1284367740886584 1284367731662787 1284367731677277 1284367743312150 1284367747425408
1284367747425660 1284367747464945 1284367752098271 1284367756224738 1284367747464966 1284367747477974 1284367758438792 1284367762538829
1284367762538877 1284367762577868 1284367767789915 1284367771914672 1284367762577889 1284367762592997 1284367774051620 1284367778145225
1284367778145741 1284367778183190 1284367783516608 1284367787616849 1284367778183211 1284367778194992 1284367789680621 1284367793801385
1284367793801664 1284367793839302 1284367798687368 1284367802788251 1284367793839323 1284367793854275 1284367805098983 1284367809188688
1284367809188709 1284367809227154 1284367814164068 1284367818286236 1284367809227175 1284367809241056 1284367820438295 1284367824534141

1311576873709011 1311576873763311 1311576884781201 1311576888993522 1311576873763332 1311576874111587 1311576890948124 1311576895086015
1311576895086411 1311576895126236 1311576900485391 1311576904659603 1311576895126254 1311576895141764 1311576906852807 1311576910976229
1311576910976841 1311576911017743 1311576916297314 1311576920483733 1311576911017788 1311576911031408 1311576922313082 1311576926470104
1311576926470644 1311576926507451 1311576931941864 1311576936046899 1311576926507646 1311576926522322 1311576938098929 1311576942210912
1311576942211596 1311576942250203 1311576947654475 1311576951761310 1311576942250512 1311576942262929 1311576954184995 1311576958284738
1311576958285284 1311576958322835 1311576963650625 1311576967737318 1311576958323177 1311576958339038 1311576969754755 1311576973829601
1311576973830162 1311576973869495 1311576979651362 1311576983755080 1311576973869516 1311576973883625 1311576985685199 1311576989770950
1311576989771544 1311576989810601 1311576995438769 1311576999590769 1311576989810637 1311576989825262 1311577000878588 1311577004990460
1311577004990988 1311577005032268 1311577009889454 1311577014001149 1311577005032463 1311577005046272 1311577016133222 1311577020239007

1284372289747239 1284372289800417 1284372300219288 1284372304380333 1284372289800438 1284372290137959 1284372306398658 1284372310521090
1284372310521792 1284372310561011 1284372316370364 1284372320558010 1284372310561047 1284372310574868 1284372322556829 1284372326691150
1284372326691438 1284372326730657 1284372332838513 1284372336961449 1284372326730678 1284372326743281 1284372338314740 1284372342415578
1284372342415887 1284372342454404 1284372348743385 1284372352875042 1284372342454422 1284372342469017 1284372354685836 1284372358768452
1284372358768737 1284372358806522 1284372363966687 1284372368061366 1284372358806540 1284372358819329 1284372370348857 1284372374462136
1284372374462496 1284372374498946 1284372380095200 1284372384209967 1284372374498967 1284372374512035 1284372385988343 1284372390100389
1284372390100665 1284372390139218 1284372395690760 1284372399863610 1284372390139239 1284372390152394 1284372401826672 1284372405909510
1284372405909777 1284372405946959 1284372411270282 1284372415401645 1284372405946980 1284372405960108 1284372416790438 1284372420898479
1284372420898728 1284372420937656 1284372425964660 1284372430059171 1284372420937677 1284372420950844 1284372432008715 1284372436109766

1284376163134785 1284376163188341 1284376174846011 1284376179026823 1284376163188386 1284376163533632 1284376180641378 1284376184807211
1284376184807766 1284376184848461 1284376189661247 1284376193824290 1284376184848479 1284376184863431 1284376196466882 1284376200641286
1284376200642213 1284376200680394 1284376206422433 1284376210550943 1284376200680430 1284376200694296 1284376212035715 1284376216158627
1284376216158972 1284376216197576 1284376222104021 1284376226257176 1284376216197597 1284376216212171 1284376227959523 1284376232041299
1284376232041707 1284376232080821 1284376237358574 1284376241482512 1284376232080839 1284376232093682 1284376243742469 1284376247837130
1284376247837151 1284376247874936 1284376253398146 1284376257527775 1284376247874957 1284376247890200 1284376259261061 1284376263391779
1284376263392037 1284376263432171 1284376268203296 1284376272313350 1284376263432204 1284376263445827 1284376274963676 1284376279056075
1284376279056672 1284376279095831 1284376284743796 1284376288844625 1284376279095852 1284376279110330 1284376289985312 1284376294079796
1284376294079817 1284376294121271 1284376298820216 1284376302930999 1284376294121292 1284376294135686 1284376305363132 1284376309466190

1284371274754782 1284371274807825 1284371286463263 1284371290613868 1284371274807843 1284371275145598 1284371292261645 1284371296383243
1284371296383744 1284371296424121 1284371301784473 1284371306006757 1284371296424142 1284371296459203 1284371308017417 1284371312197962
1284371312198307 1284371312234790 1284371318074743 1284371322174081 1284371312234811 1284371312248176 1284371323760325 1284371327846979
1284371327847522 1284371327885043 1284371333017899 1284371337130251 1284371327885103 1284371327897748 1284371339121975 1284371343224910
1284371343225678 1284371343264813 1284371348294565 1284371352388932 1284371343264834 1284371343278640 1284371354531154 1284371358632856
1284371358633327 1284371358669612 1284371364456969 1284371368564935 1284371358669633 1284371358683454 1284371370523791 1284371374603665
1284371374603950 1284371374641366 1284371379810879 1284371383933596 1284371374641402 1284371374655571 1284371386370730 1284371390446002
1284371390446320 1284371390485317 1284371396655045 1284371400755538 1284371390485536 1284371390499282 1284371402039832 1284371406122931
1284371406123420 1284371406160473 1284371410816461 1284371414907849 1284371406160701 1284371406176352 1284371417106075 1284371421222492
