16 3071
1291800880428162 1291800880442250 1291800897941859 1291801271322099 1291800880442271 1291800880610181 1291801284022899 1291801658704011
1291801271322120 1291801271382162 1291801667441541 1291802040254718 1291801658705754 1291801658751093 1291802055384771 1291802427771051
1291802040254739 1291802040298848 1291802551267164 1291802924724837 1291802427772170 1291802427812958 1291803016470348 1291803390905748
1291802924724873 1291802924759868 1291803450890520 1291803823230492 1291803390907575 1291803390952794 1291803913511274 1291804287905613
1291803823230513 1291803823267716 1291804392409719 1291804762945989 1291804287906762 1291804287937476 1291804804190742 1291805178077484
1291804762946025 1291804762985361 1291805286785232 1291805706764967 1291805178078927 1291805178109572 1291805823116559 1291806245259825
1291805706764988 1291805706813015 1291806358860519 1291806813777303 1291806245261979 1291806245318538 1291806835134027 1291807289878593
1291806813777339 1291806813827151 1291807306595514 1291807763780535 1291807289880609 1291807289965566 1291807781474631 1291808238096666
1291807763780556 1291807763835003 1291808256344553 1291808709292863 1291808238098721 1291808238150303 1291808719201086 1291809172803801

146858861863515 146858861877558 146858879989890 146859251253273 146858861877579 146858862151851 146859263228676 146859634634880
146859251253294 146859251288958 146859646983813 146860019607711 146859634635771 146859634669122 146860160501808 146860530825258
146860019607732 146860019657277 146860621447188 146860991334243 146860530827136 146860530874023 146861052511611 146861420549703
146860991334264 146860991369334 146861517882873 146861888912205 146861420550558 146861420585673 146861994449703 146862363516798
146861888912226 146861888945700 146862404871330 146862777272637 146862363517638 146862363551538 146862888079689 146863258933791
146862777272658 146862777308493 146863354670406 146863766212209 146863258934892 146863258974597 146863889752080 146864300104059
146863766212230 146863766245866 146864346951216 146864796754746 146864300105256 146864300141679 146864822356992 146865273367692
146864796754767 146864796786018 146865292142331 146865748101357 146865273369132 146865273404667 146865760155342 146866214201118
146865748101378 146865748155402 146866232253405 146866683605655 146866214203575 146866214254362 146866694008764 146867141385585

1285969174690218 1285969174703538 1285969195476855 1285969565470008 1285969174703559 1285969174983390 1285969617080490 1285969990223118
1285969565470029 1285969565518173 1285970092634412 1285970464580742 1285969990224693 1285969990255428 1285970557506405 1285970928557727
1285970464580763 1285970464635786 1285970985646350 1285971357938790 1285970928559791 1285970928607833 1285971454665570 1285971825383847
1285971357938811 1285971357971571 1285971929848290 1285972299693819 1285971825384873 1285971825418398 1285972344352389 1285972712639076
1285972299693840 1285972299726858 1285972819410132 1285973193189027 1285972712640111 1285972712671599 1285973286541797 1285973659687551
1285973193189063 1285973193240372 1285973754864813 1285974192194262 1285973659689753 1285973659738170 1285974204603798 1285974642940230
1285974192194298 1285974192247209 1285974663923646 1285975116708921 1285974642942831 1285974642996096 1285975133134374 1285975584599007
1285975116708942 1285975116762927 1285975601833248 1285976052852750 1285975584601278 1285975584656994 1285976064390624 1285976515467714
1285976052852771 1285976052906993 1285976538322641 1285976985245820 1285976515469841 1285976515520103 1285977003129840 1285977450425799

1285979251516611 1285979251531341 1285979269556340 1285979641147059 1285979251531362 1285979251819905 1285979652911955 1285980024649809
1285979641147080 1285979641188102 1285980029767035 1285980402613083 1285980024650982 1285980024686301 1285980550298532 1285980919404171
1285980402613104 1285980402654879 1285981012973718 1285981383471243 1285980919405107 1285980919436940 1285981442808066 1285981814628339
1285981383471264 1285981383504429 1285981909494489 1285982279727207 1285981814629704 1285981814664201 1285982384773032 1285982756205069
1285982279727228 1285982279760093 1285982796339585 1285983164762091 1285982756206686 1285982756243667 1285983278418471 1285983648564606
1285983164762112 1285983164795391 1285983747315429 1285984186465059 1285983648566064 1285983648604125 1285984280528802 1285984720103841
1285984186465095 1285984186520508 1285984737047385 1285985184521895 1285984720105848 1285984720157892 1285985207254536 1285985656575405
1285985184521931 1285985184557763 1285985675538723 1285986123758046 1285985656576893 1285985656610850 1285986140264457 1285986588267321
1285986123758067 1285986123796146 1285986616843215 1285987065409977 1285986588268896 1285986588309027 1285987088880945 1285987537816365

1285979824673982 1285979824688865 1285979841240270 1285980211807227 1285979824688901 1285979824971720 1285980227437182 1285980600109806
1285980211807248 1285980211845990 1285980611623173 1285980983561709 1285980600110862 1285980600152358 1285980999587346 1285981372878552
1285980983561745 1285980983592807 1285981380839805 1285981753607133 1285981372879575 1285981372918359 1285981888584216 1285982261294568
1285981753607154 1285981753665654 1285982334494073 1285982705626827 1285982261296494 1285982261350233 1285982779410729 1285983149310084
1285982705626863 1285982705663709 1285983232488537 1285983604761735 1285983149311290 1285983149341668 1285983718058463 1285984091341131
1285983604761756 1285983604814652 1285984124058177 1285984559769552 1285984091343087 1285984091390106 1285984677678036 1285985113678401
1285984559769588 1285984559821860 1285985202512541 1285985650730142 1285985113680396 1285985113732221 1285985761189779 1285986209022249
1285985650730163 1285985650769037 1285986227410074 1285986676400025 1285986209023998 1285986209052729 1285986720256407 1285987168109739
1285986676400061 1285986676439943 1285987195098972 1285987644689781 1285987168111032 1285987168136664 1285987663482846 1285988114234325

1285975003435542 1285975003448991 1285975022422314 1285975394036550 1285975003449012 1285975003745844 1285975406314647 1285975777973490
1285975394036571 1285975394069349 1285975788611067 1285976162028612 1285975777975080 1285975778008506 1285976191596306 1285976563380339
1285976162028648 1285976162067135 1285976686882848 1285977058529760 1285976563381911 1285976563414695 1285977139127955 1285977509213361
1285977058529781 1285977058567341 1285977576895899 1285977948966426 1285977509214951 1285977509248887 1285978035403575 1285978406382390
1285977948966462 1285977949001721 1285978521383046 1285978889943471 1285978406383995 1285978406418402 1285978926749811 1285979294879415
1285978889943492 1285978889978430 1285979410091592 1285979849669229 1285979294881017 1285979294913132 1285979928247647 1285980369165132
1285979849669265 1285979849723802 1285980477733959 1285980925330110 1285980369167244 1285980369223317 1285980961044402 1285981411565727
1285980925330131 1285980925366698 1285981433926818 1285981886320773 1285981411567041 1285981411602798 1285981897807482 1285982347030110
1285981886320794 1285981886351508 1285982366966505 1285982818822002 1285982347031337 1285982347071297 1285982828543394 1285983280201005

1285978538815854 1285978538828049 1285978556035113 1285978926195363 1285978538828070 1285978539100764 1285978940631585 1285979313343143
1285978926195384 1285978926232869 1285979357830104 1285979730165249 1285979313344277 1285979313381903 1285979841194598 1285980214418832
1285979730165270 1285979730200352 1285980299183517 1285980668961972 1285980214420296 1285980214458804 1285980732784080 1285981103939649
1285980668961993 1285980668994081 1285981196407443 1285981565991525 1285981103941557 1285981103977701 1285981677978024 1285982049070068
1285981565991546 1285981566015279 1285982087911890 1285982456748267 1285982049071241 1285982049106920 1285982564638497 1285982934636789
1285982456748303 1285982456777958 1285983035591610 1285983455464749 1285982934638256 1285982934671205 1285983572555295 1285983992321361
1285983455464770 1285983455515863 1285984028666148 1285984480488918 1285983992323416 1285983992371284 1285984496739876 1285984949635596
1285984480488939 1285984480540620 1285984966053699 1285985414052891 1285984949637693 1285984949683416 1285985434699164 1285985882710113
1285985414052912 1285985414088651 1285985903563041 1285986357643353 1285985882711787 1285985882736951 1285986365670495 1285986819968445

146858502553656 146858502565719 146858519663673 146858889865725 146858502565740 146858502865197 146858903228052 146859273254781
146858889865761 146858889899571 146859287134560 146859660530010 146859273256980 146859273299070 146859667586016 146860039583373
146859660530031 146859660585180 146860186105563 146860555662282 146860039585311 146860039634823 146860639604907 146861010741390
146860555662303 146860555699572 146861076048459 146861446423395 146861010742776 146861010772761 146861535770280 146861907919827
146861446423416 146861446462614 146862020530569 146862388572387 146861907921213 146861907951129 146862426466914 146862795759930
146862388572408 146862388614819 146862909230685 146863344076812 146862795761286 146862795791991 146863429691598 146863863909798
146863344076833 146863344134184 146863988068233 146864436366099 146863863911598 146863863961323 146864444526240 146864895658221
146864436366135 146864436397554 146864924342481 146865379688391 146864895659661 146864895696750 146865399448164 146865853746639
146865379688412 146865379738092 146865868361322 146866318423056 146865853749006 146865853801437 146866329348393 146866780541262

146851356983559 146851356997308 146851374425814 146851745075799 146851356997329 146851357289010 146851759749021 146852130714108
146851745075835 146851745111754 146852141955936 146852515770993 146852130714960 146852130746748 146852520737784 146852892545502
146852515771029 146852515811769 146853037513794 146853409833393 146852892546384 146852892576681 146853492785781 146853866157219
146853409833429 146853409884789 146853927829704 146854295439042 146853866159295 146853866209968 146854389900123 146854759775937
146854295439063 146854295471907 146854869943635 146855239779582 146854759777242 146854759809780 146855285591568 146855656320129
146855239779603 146855239833045 146855760010254 146856192917013 146855656322151 146855656371669 146856307456455 146856740305272
146856192917034 146856192974913 146856829382583 146857282236288 146856740306913 146856740358810 146857311612642 146857760301891
146857282236309 146857282275609 146857784565351 146858233221405 146857760302896 146857760331789 146858257990434 146858709210246
146858233221441 146858233254987 146858732606208 146859184567383 146858709211371 146858709242238 146859192235782 146859644717301

1285489218050442 1285489218063129 1285489236439986 1285489608448707 1285489218063174 1285489218346758 1285489621194639 1285489992806133
1285489608448728 1285489608495897 1285490030036010 1285490403569286 1285489992807294 1285489992848022 1285490517988413 1285490887526652
1285490403569307 1285490403606372 1285490975720283 1285491347783802 1285490887527807 1285490887560099 1285491409007934 1285491780798408
1285491347783838 1285491347836596 1285491873001956 1285492241882016 1285491780799989 1285491780850617 1285492353980460 1285492724408931
1285492241882037 1285492241918565 1285492764444393 1285493136689100 1285492724410548 1285492724445945 1285493242296294 1285493615614707
1285493136689121 1285493136726213 1285493714628036 1285494151837281 1285493615616258 1285493615652348 1285494248407434 1285494685820058
1285494151837302 1285494151895463 1285494705879792 1285495158151545 1285494685822119 1285494685869681 1285495178503827 1285495628424441
1285495158151566 1285495158208890 1285495649035821 1285496096011383 1285495628426427 1285495628475972 1285496112244581 1285496562669420
1285496096011404 1285496096043315 1285496582429781 1285497033081069 1285496562670788 1285496562707454 1285497045981783 1285497495735012

1285478790192726 1285478790204252 1285478811156909 1285479184501491 1285478790204282 1285478790493263 1285479232636062 1285479604856415
1285479184501512 1285479184544202 1285479708325437 1285480080699666 1285479604857963 1285479604897026 1285480173058530 1285480542478908
1285480080699687 1285480080735468 1285480601344683 1285480972314576 1285480542479883 1285480542509250 1285481070374622 1285481439722007
1285480972314612 1285480972350528 1285481545535382 1285481917240143 1285481439723171 1285481439754692 1285481959900485 1285482330849807
1285481917240164 1285481917292799 1285482434955099 1285482805766433 1285482330851748 1285482330896364 1285482901979397 1285483273138419
1285482805766454 1285482805801761 1285483370541519 1285483809786423 1285483273139583 1285483273171800 1285483823898516 1285484263284450
1285483809786444 1285483809839388 1285484279992512 1285484728418373 1285484263286217 1285484263341918 1285484743691892 1285485191616111
1285484728418394 1285484728453938 1285485218108919 1285485669146283 1285485191617236 1285485191646285 1285485681727710 1285486133327094
1285485669146304 1285485669199608 1285486151739153 1285486599098205 1285486133329131 1285486133382048 1285486612300326 1285487060236776

1285184601197838 1285184601212433 1285184618975610 1285184990490024 1285184601212469 1285184601485244 1285185002227200 1285185375622011
1285184990490045 1285184990531991 1285185418045281 1285185788850717 1285185375623346 1285185375661575 1285185901376754 1285186271980692
1285185788850753 1285185788895024 1285186359800910 1285186729198629 1285186271981652 1285186272017028 1285186792175562 1285187163947253
1285186729198650 1285186729231221 1285187257329864 1285187625150633 1285187163948441 1285187163982365 1285187737202061 1285188107000340
1285187625150654 1285187625183096 1285188148786632 1285188521698350 1285188107001183 1285188107038887 1285188626023932 1285188999936615
1285188521698371 1285188521750739 1285189095028968 1285189533728961 1285188999938922 1285188999989817 1285189632636219 1285190071205295
1285189533728982 1285189533784881 1285190088946557 1285190535790464 1285190071207167 1285190071256424 1285190552917155 1285191001734567
1285190535790485 1285190535843210 1285191022383438 1285191470832168 1285191001736571 1285191001789296 1285191489470502 1285191939198465
1285191470832189 1285191470872011 1285191965913588 1285192415550441 1285191939199725 1285191939233118 1285192426887261 1285192877505237

1312393797862371 1312393797875049 1312393814894634 1312394188361559 1312393797875073 1312393798167642 1312394201448579 1312394573932572
1312394188361580 1312394188403928 1312394583741477 1312394957676717 1312394573934360 1312394573979069 1312395091573458 1312395461679570
1312394957676738 1312394957710845 1312395554889372 1312395925890438 1312395461680662 1312395461712582 1312395987177918 1312396356590772
1312395925890459 1312395925922802 1312396455579114 1312396828345077 1312396356591891 1312396356617151 1312396924172973 1312397294749629
1312396828345098 1312396828377870 1312397341965588 1312397715294759 1312397294751078 1312397294773566 1312397817777108 1312398190927788
1312397715294780 1312397715347436 1312398288202362 1312398732057162 1312398190929900 1312398190962552 1312398831891444 1312399275978201
1312398732057183 1312398732106632 1312399287329910 1312399739564589 1312399275980076 1312399276028430 1312399754186661 1312400207643336
1312399739564625 1312399739612727 1312400225559540 1312400679745257 1312400207645562 1312400207701341 1312400698952553 1312401153650805
1312400679745278 1312400679795192 1312401173770455 1312401620905026 1312401153652884 1312401153706785 1312401636645213 1312402086641598

1285189214637480 1285189214651211 1285189233292494 1285189606732692 1285189214651250 1285189214945352 1285189652118543 1285190023725312
1285189606732713 1285189606777548 1285190128045845 1285190499162534 1285190023727628 1285190023775583 1285190596242354 1285190965674336
1285190499162555 1285190499197391 1285191020120898 1285191392826198 1285190965675236 1285190965709274 1285191493323189 1285191864722667
1285191392826318 1285191392861682 1285191964282362 1285192336179912 1285191864723726 1285191864758562 1285192382828631 1285192753372332
1285192336179933 1285192336217166 1285192853715462 1285193225387637 1285192753373220 1285192753407114 1285193325171219 1285193695325484
1285193225387658 1285193225422674 1285193793681690 1285194234590928 1285193695326369 1285193695362783 1285194248859885 1285194690320853
1285194234590949 1285194234644937 1285194704664699 1285195156436739 1285194690322971 1285194690376476 1285195175122509 1285195627707456
1285195156436760 1285195156489938 1285195645613694 1285196095111002 1285195627709889 1285195627762071 1285196112937761 1285196560198698
1285196095111023 1285196095146531 1285196585940561 1285197038855454 1285196560199610 1285196560228272 1285197046777494 1285197497075043

1285193090445432 1285193090464446 1285193111251476 1285193525407284 1285193090464467 1285193090722635 1285193532875568 1285193989787163
1285193525407305 1285193525452701 1285194008566185 1285194464023878 1285193989789380 1285193989843977 1285194473303583 1285194882866895
1285194464023899 1285194464056917 1285194901597098 1285195360961085 1285194882869457 1285194882915678 1285195370622024 1285195827070848
1285195360961106 1285195361009976 1285195845794868 1285196250929385 1285195827072771 1285195827125124 1285196260163988 1285196716668261
1285196250929406 1285196250972972 1285196735221392 1285197193010130 1285196716669281 1285196716714104 1285197202299516 1285197659725851
1285197193010151 1285197193041087 1285197670815543 1285198060280010 1285197659726742 1285197659765493 1285198123836408 1285198513339236
1285198060280031 1285198060335864 1285198580342031 1285198974504621 1285198513341321 1285198513386642 1285199048988075 1285199421545295
1285198974504642 1285198974546372 1285199517536217 1285199890373808 1285199421547473 1285199421593136 1285199979417708 1285200352039503
1285199890373829 1285199890424667 1285200445665144 1285200816528834 1285200352041540 1285200352087047 1285200920926989 1285201291159968

1285188201549576 1285188201563016 1285188217654419 1285188589431630 1285188201563037 1285188201848931 1285188642516339 1285189012930686
1285188589431651 1285188589466859 1285189114969872 1285189485945171 1285189012932165 1285189012966518 1285189583193702 1285189952633883
1285189485945192 1285189485978030 1285190007072327 1285190380188483 1285189952635137 1285189952669739 1285190480248854 1285190853422019
1285190380188519 1285190380241241 1285190951239380 1285191319407714 1285190853423954 1285190853474381 1285191369801690 1285191739413915
1285191319407735 1285191319442508 1285191840668121 1285192209102582 1285191739414794 1285191739447080 1285192312100592 1285192682049240
1285192209102603 1285192209136707 1285192780659351 1285193219144814 1285192682050191 1285192682082840 1285193233010997 1285193673447396
1285193219144850 1285193219195151 1285193685266124 1285194134216253 1285193673449043 1285193673502119 1285194154287672 1285194601703781
1285194134216274 1285194134247129 1285194626148309 1285195075535217 1285194601705221 1285194601729566 1285195092467196 1285195540256421
1285195075535253 1285195075572027 1285195576177734 1285196026709580 1285195540257936 1285195540290780 1285196034708906 1285196482277046
