16 36
1290930794067645 1290930794461710 1290930795107577 1290930799515606 1290930799515642 1290930800004402 1290930800664492 1290930804948111
1290930804948561 1290930805461843 1290930806117193 1290930810337362 1290930810337380 1290930810856560 1290930811520766 1290930815753919
1290930815754369 1290930816259257 1290930816922077 1290930821158800 1290930821158821 1290930821669985 1290930822329478 1290930826594971
1290930826595238 1290930827103594 1290930827763054 1290930832007937 1290930832007958 1290930832529757 1290930833182158 1290930837494841
1290930837495276 1290930838015539 1290930838677687 1290930842875617 1290930842875638 1290930843378375 1290930844031094 1290930848245413
1290930848245710 1290930848737461 1290930849393315 1290930853595685 1290930853595706 1290930854097570 1290930854756481 1290930858975654
1290930858976185 1290930859468083 1290930860129034 1290930864325164 1290930864325182 1290930864825549 1290930865484532 1290930869704425
1290930869704677 1290930870215178 1290930870880677 1290930875097012 1290930875097033 1290930875609637 1290930876266139 1290930880481520
1290930880481760 1290930881002377 1290930881662971 1290930885860328 1290930885860361 1290930886366704 1290930887024778 1290930891229971

145988774910414 145988775306999 145988775966258 145988780463246 145988780463267 145988780976345 145988781639060 145988785881528
145988785881996 145988786394735 145988787050283 145988791269291 145988791269309 145988791795575 145988792451972 145988796679812
145988796680328 145988797220709 145988797881705 145988802082065 145988802082086 145988802592389 145988803256355 145988807460534
145988807460786 145988807995068 145988808654690 145988812822047 145988812822068 145988813328045 145988814007437 145988818184982
145988818185222 145988818688250 145988819381592 145988823547692 145988823547710 145988824056057 145988824733919 145988828897685
145988828898432 145988829397542 145988830087476 145988834260530 145988834260551 145988834768277 145988835447234 145988839636581
145988839636989 145988840153160 145988840832585 145988844996450 145988844996486 145988845491633 145988846174616 145988850347694
145988850348138 145988850860829 145988851548918 145988855708700 145988855708718 145988856221724 145988856897615 145988861058060
145988861058345 145988861557431 145988862239511 145988866400463 145988866400481 145988866937478 145988867608305 145988871782277

1285099089193596 1285099089546843 1285099090197477 1285099094658210 1285099094658231 1285099095088104 1285099095747408 1285099099964673
1285099099965792 1285099100395743 1285099101055701 1285099105224363 1285099105224384 1285099105661334 1285099106316435 1285099110474948
1285099110475647 1285099110917688 1285099111746540 1285099115930433 1285099115930454 1285099116373464 1285099117103082 1285099121281371
1285099121281755 1285099121721264 1285099122509508 1285099126645758 1285099126645779 1285099127093655 1285099127845896 1285099131977505
1285099131977913 1285099132415997 1285099133226069 1285099137369927 1285099137369948 1285099137815691 1285099138598520 1285099142741616
1285099142742003 1285099143178728 1285099143931449 1285099148065935 1285099148065956 1285099148502147 1285099149300750 1285099153431903
1285099153432317 1285099153884552 1285099154676375 1285099158803313 1285099158803334 1285099159248891 1285099160010870 1285099164142326
1285099164142719 1285099164577143 1285099165393860 1285099169522103 1285099169522124 1285099169969409 1285099170752496 1285099174880442
1285099174880844 1285099175307837 1285099176094671 1285099180208127 1285099180208148 1285099180653117 1285099181461245 1285099185573015

1285109159140677 1285109159495895 1285109160148437 1285109164605552 1285109164605573 1285109165036379 1285109165723679 1285109169947976
1285109169948789 1285109170397286 1285109171059575 1285109175215175 1285109175215196 1285109175658953 1285109176310265 1285109180499870
1285109180501205 1285109180938926 1285109181596433 1285109185730928 1285109185730949 1285109186169036 1285109186956608 1285109191093365
1285109191093410 1285109191520931 1285109192306277 1285109196454428 1285109196454446 1285109196885516 1285109197669242 1285109201806788
1285109201806818 1285109202241929 1285109203164156 1285109207299659 1285109207299680 1285109207731551 1285109208511230 1285109212639569
1285109212639899 1285109213090739 1285109213877588 1285109218013742 1285109218013760 1285109218450947 1285109219238099 1285109223382053
1285109223382395 1285109223816324 1285109224625961 1285109228747715 1285109228747736 1285109229201390 1285109229980781 1285109234108862
1285109234109276 1285109234555871 1285109235372048 1285109239509975 1285109239510011 1285109239945764 1285109240741274 1285109244867426
1285109244867780 1285109245310628 1285109246163072 1285109250286806 1285109250286827 1285109250714189 1285109251508826 1285109255638518

1285109731879821 1285109732238945 1285109732887626 1285109737324320 1285109737324341 1285109737776759 1285109738445393 1285109742644718
1285109742645102 1285109743093746 1285109743753884 1285109747910315 1285109747910336 1285109748363975 1285109749062501 1285109753225220
1285109753225562 1285109753678400 1285109754478410 1285109758631166 1285109758631187 1285109759083599 1285109759861991 1285109764006674
1285109764006695 1285109764456191 1285109765231358 1285109769351363 1285109769351381 1285109769815646 1285109770614012 1285109774734428
1285109774734773 1285109775185394 1285109775985713 1285109780105358 1285109780105379 1285109780571192 1285109781344175 1285109785457358
1285109785457709 1285109785898064 1285109786749743 1285109790856776 1285109790856797 1285109791287870 1285109792100423 1285109796201993
1285109796202011 1285109796640407 1285109797475646 1285109801592129 1285109801592165 1285109802017616 1285109802822102 1285109806935162
1285109806935813 1285109807370657 1285109808184599 1285109812301886 1285109812301907 1285109812735380 1285109813566698 1285109817677955
1285109817678291 1285109818114764 1285109818968420 1285109823080826 1285109823080847 1285109823530739 1285109824341789 1285109828463270

1285104913833825 1285104914185377 1285104914834520 1285104919275465 1285104919275483 1285104919722495 1285104920388846 1285104924595980
1285104924596370 1285104925037448 1285104925685967 1285104929861814 1285104929861850 1285104930305613 1285104930959571 1285104935131713
1285104935132157 1285104935578395 1285104936233355 1285104940434579 1285104940434615 1285104940872624 1285104941532231 1285104945711411
1285104945711774 1285104946150191 1285104946810470 1285104950943987 1285104950944008 1285104951387330 1285104952072551 1285104956189979
1285104956190000 1285104956633547 1285104957465384 1285104961598727 1285104961598748 1285104962045262 1285104962819958 1285104966952131
1285104966952530 1285104967385298 1285104968172096 1285104972288237 1285104972288258 1285104972729150 1285104973703976 1285104977819646
1285104977820384 1285104978264492 1285104978930663 1285104983061099 1285104983061135 1285104983496540 1285104984307299 1285104988423578
1285104988423953 1285104988867533 1285104989675595 1285104993825876 1285104993825897 1285104994268853 1285104995057838 1285104999200610
1285104999201018 1285104999643590 1285105000397100 1285105004543415 1285105004543436 1285105004993574 1285105005764616 1285105009892517

1285108446665571 1285108447021668 1285108447687137 1285108452125829 1285108452125850 1285108452578979 1285108453250085 1285108457447733
1285108457448186 1285108457892087 1285108458549861 1285108462718121 1285108462718142 1285108463158410 1285108463833446 1285108467987321
1285108467987966 1285108468438431 1285108469092089 1285108473265380 1285108473265401 1285108473701868 1285108474475679 1285108478649177
1285108478649522 1285108479095106 1285108479857619 1285108483974294 1285108483974330 1285108484414805 1285108485222180 1285108489332000
1285108489332642 1285108489764897 1285108490593494 1285108494714198 1285108494714219 1285108495155438 1285108495966935 1285108500090921
1285108500091290 1285108500531339 1285108501346199 1285108505464284 1285108505464302 1285108505903241 1285108506701853 1285108510814925
1285108510815330 1285108511260131 1285108512093456 1285108516210815 1285108516210833 1285108516653540 1285108517465862 1285108521581364
1285108521581712 1285108522018578 1285108522819482 1285108526935053 1285108526935074 1285108527382308 1285108528209423 1285108532317149
1285108532317830 1285108532753322 1285108533560151 1285108537659294 1285108537659312 1285108538092344 1285108538956890 1285108543064115

145988412829701 145988413224210 145988413877982 145988418420987 145988418421008 145988418889701 145988419561233 145988423832309
145988423832684 145988424357237 145988425023582 145988429247549 145988429247570 145988429753220 145988430425943 145988434661139
145988434661415 145988435181543 145988435850900 145988440051737 145988440051758 145988440552680 145988441219844 145988445414927
145988445415380 145988445936333 145988446608411 145988450804844 145988450804865 145988451309777 145988451974619 145988456168130
145988456168394 145988456676915 145988457347187 145988461544208 145988461544229 145988462043912 145988462715843 145988466914448
145988466914949 145988467421088 145988468088693 145988472281856 145988472281877 145988472791052 145988473458144 145988477647059
145988477647338 145988478166158 145988478840684 145988483033097 145988483033133 145988483531259 145988484200436 145988488389495
145988488389765 145988488894971 145988489568501 145988493764901 145988493764922 145988494274313 145988494942932 145988499127734
145988499128043 145988499655461 145988500332945 145988504539977 145988504539998 145988505038511 145988505714876 145988509916244

145981282669455 145981283061510 145981283721057 145981288234386 145981288234407 145981288724199 145981289393016 145981293655185
145981293656511 145981294169136 145981294833009 145981299061140 145981299061158 145981299586842 145981300255182 145981304504904
145981304505816 145981305031995 145981305697764 145981309882521 145981309882539 145981310394021 145981311069648 145981315268253
145981315268514 145981315797153 145981316462226 145981320640587 145981320640623 145981321149033 145981321819005 145981326018492
145981326018798 145981326523803 145981327194702 145981331384943 145981331384964 145981331908752 145981332576198 145981336757421
145981336757709 145981337262024 145981337931765 145981342123785 145981342123806 145981342627383 145981343291166 145981347503613
145981347503913 145981348015485 145981348678791 145981352876517 145981352876553 145981353386754 145981354053447 145981358271309
145981358272161 145981358794368 145981359458445 145981363640958 145981363640979 145981364160117 145981364824209 145981369011552
145981369011807 145981369517238 145981370181195 145981374356727 145981374356748 145981374858993 145981375519833 145981379705199

1284619128458343 1284619128855345 1284619129500291 1284619134009270 1284619134009291 1284619134500124 1284619135162137 1284619139375457
1284619139375982 1284619139869449 1284619140532662 1284619144731078 1284619144731099 1284619145255760 1284619145922225 1284619150106127
1284619150107270 1284619150650477 1284619151310447 1284619155511593 1284619155511614 1284619156030356 1284619156691643 1284619160881194
1284619160881431 1284619161407706 1284619162065669 1284619166240997 1284619166241018 1284619166783511 1284619167449004 1284619171618224
1284619171618515 1284619172118123 1284619172778690 1284619176942597 1284619176942618 1284619177494264 1284619178156316 1284619182310572
1284619182310980 1284619182816918 1284619183483083 1284619187652963 1284619187652984 1284619188180456 1284619188843894 1284619193001153
1284619193001417 1284619193540481 1284619194196497 1284619198365183 1284619198365204 1284619198860207 1284619199547546 1284619203689250
1284619203689499 1284619204202985 1284619204874565 1284619209034245 1284619209034263 1284619209546972 1284619210224615 1284619214388465
1284619214388726 1284619214876136 1284619215581967 1284619219758795 1284619219758816 1284619220285571 1284619220965443 1284619225128627

1284608707108680 1284608707493220 1284608708141532 1284608712660573 1284608712660591 1284608713134012 1284608713801125 1284608718064305
1284608718064776 1284608718589311 1284608719247214 1284608723462466 1284608723462487 1284608723961969 1284608724617379 1284608728841046
1284608728842219 1284608729360547 1284608730018216 1284608734249053 1284608734249074 1284608734769529 1284608735433501 1284608739677787
1284608739678282 1284608740182072 1284608740839297 1284608745014514 1284608745014535 1284608745539691 1284608746201320 1284608750402598
1284608750403030 1284608750914413 1284608751578394 1284608755779255 1284608755779273 1284608756293623 1284608756958087 1284608761154022
1284608761154451 1284608761672509 1284608762331519 1284608766516225 1284608766516246 1284608767026738 1284608767684755 1284608771877330
1284608771877786 1284608772407199 1284608773068825 1284608777248077 1284608777248098 1284608777769048 1284608778429030 1284608782612419
1284608782612851 1284608783116638 1284608783778711 1284608787963468 1284608787963489 1284608788485711 1284608789149794 1284608793343947
1284608793344382 1284608793853155 1284608794514277 1284608798700672 1284608798700705 1284608799187215 1284608799847503 1284608804040699

1284314516802768 1284314517188601 1284314517838752 1284314522346681 1284314522346702 1284314522823768 1284314523505686 1284314527745082
1284314527745865 1284314528248131 1284314528932950 1284314533115178 1284314533115199 1284314533630104 1284314534313324 1284314538509184
1284314538509781 1284314539003527 1284314539683801 1284314543882985 1284314543883006 1284314544412608 1284314545091529 1284314549298081
1284314549298765 1284314549826210 1284314550504708 1284314554686426 1284314554686444 1284314555198262 1284314555878191 1284314560065846
1284314560066428 1284314560592595 1284314561268294 1284314565434718 1284314565434739 1284314565930840 1284314566600089 1284314570753568
1284314570754222 1284314571270696 1284314571927768 1284314576097915 1284314576097951 1284314576606340 1284314577278073 1284314581466055
1284314581467261 1284314581963017 1284314582623296 1284314586797451 1284314586797469 1284314587328781 1284314587999917 1284314592190452
1284314592191133 1284314592699450 1284314593365093 1284314597539851 1284314597539872 1284314598044262 1284314598714516 1284314602911324
1284314602912008 1284314603439435 1284314604102660 1284314608299384 1284314608299405 1284314608798014 1284314609469612 1284314613671589

1311523711137612 1311523711527519 1311523712184135 1311523716685530 1311523716685566 1311523717164771 1311523717872216 1311523722091413
1311523722092280 1311523722604290 1311523723280133 1311523727476542 1311523727476563 1311523728001104 1311523728683412 1311523732872999
1311523732873518 1311523733376888 1311523734060618 1311523738266210 1311523738266246 1311523738733346 1311523739407470 1311523743635310
1311523743635583 1311523744149285 1311523744827567 1311523748993079 1311523748993097 1311523749511344 1311523750183176 1311523754361513
1311523754361759 1311523754889717 1311523755561822 1311523759730025 1311523759730061 1311523760249391 1311523760929203 1311523765108245
1311523765108500 1311523765619469 1311523766294076 1311523770455766 1311523770455787 1311523770971664 1311523771635378 1311523775829033
1311523775829414 1311523776353748 1311523777010841 1311523781196465 1311523781196486 1311523781707152 1311523782368274 1311523786553388
1311523786553649 1311523787072079 1311523787730369 1311523791913242 1311523791913260 1311523792419180 1311523793088456 1311523797287208
1311523797287502 1311523797798246 1311523798460721 1311523802642829 1311523802642850 1311523803155556 1311523803816843 1311523808005269

1284319127144073 1284319127525310 1284319128175902 1284319132690650 1284319132690671 1284319133169381 1284319133848488 1284319138083825
1284319138084380 1284319138583346 1284319139255382 1284319143492909 1284319143493032 1284319143995826 1284319144675755 1284319148900988
1284319148902179 1284319149438345 1284319150109730 1284319154271195 1284319154271213 1284319154775735 1284319155456966 1284319159626399
1284319159626609 1284319160148234 1284319160821428 1284319164985509 1284319164985527 1284319165504044 1284319166182542 1284319170356106
1284319170356139 1284319170861510 1284319171539000 1284319175756679 1284319175756700 1284319176278679 1284319176949173 1284319181119362
1284319181119590 1284319181622333 1284319182296655 1284319186459392 1284319186459413 1284319186956540 1284319187635095 1284319191811908
1284319191812190 1284319192353354 1284319193026875 1284319197195876 1284319197195897 1284319197701388 1284319198370196 1284319202546346
1284319202546562 1284319203054180 1284319203726147 1284319207884267 1284319207884303 1284319208411373 1284319209092211 1284319213274055
1284319213274292 1284319213777962 1284319214459736 1284319218621342 1284319218621363 1284319219157562 1284319219818648 1284319224000711

1284323000366253 1284323000758110 1284323001405741 1284323005951248 1284323005951269 1284323006437641 1284323007097902 1284323011364772
1284323011365327 1284323011885098 1284323012539386 1284323016762222 1284323016762258 1284323017268913 1284323017923117 1284323022154770
1284323022155088 1284323022678033 1284323023332891 1284323027542524 1284323027542545 1284323028063957 1284323028716535 1284323032922991
1284323032923228 1284323033439900 1284323034094149 1284323038277163 1284323038277184 1284323038799016 1284323039451756 1284323043637380
1284323043637683 1284323044138233 1284323044800297 1284323048986626 1284323048986659 1284323049490110 1284323050145106 1284323054333337
1284323054333400 1284323054865546 1284323055522843 1284323059708779 1284323059708800 1284323060218485 1284323060874474 1284323065064907
1284323065065147 1284323065588317 1284323066244456 1284323070399639 1284323070399657 1284323070937494 1284323071594932 1284323075753052
1284323075753301 1284323076277662 1284323076943473 1284323081093349 1284323081093370 1284323081680683 1284323082339252 1284323086514118
1284323086514382 1284323087044722 1284323087709633 1284323091873288 1284323091873309 1284323092430655 1284323093090532 1284323097256899

1284318112030113 1284318112426962 1284318113090397 1284318117619134 1284318117619152 1284318118077726 1284318118760619 1284318123003099
1284318123003564 1284318123545331 1284318124210077 1284318128407905 1284318128407926 1284318128936778 1284318129598488 1284318133796298
1284318133796748 1284318134325312 1284318134987592 1284318139156155 1284318139156176 1284318139665573 1284318140347689 1284318144523653
1284318144523917 1284318145030932 1284318145706940 1284318149872182 1284318149872218 1284318150363651 1284318151047396 1284318155214102
1284318155214372 1284318155751357 1284318156423429 1284318160593366 1284318160593387 1284318161098989 1284318161780538 1284318165950382
1284318165950643 1284318166472844 1284318167149332 1284318171320691 1284318171320709 1284318171820563 1284318172501491 1284318176677917
1284318176678457 1284318177180615 1284318177854307 1284318182011026 1284318182011062 1284318182521404 1284318183191853 1284318187352364
1284318187352667 1284318187863981 1284318188531745 1284318192709803 1284318192709821 1284318193206828 1284318193890111 1284318198062496
1284318198062961 1284318198590148 1284318199260525 1284318203428842 1284318203428878 1284318203923125 1284318204599382 1284318208769619
