16 2807
1291749017687169 1291749017739621 1291749039417744 1291749410850816 1291749017739642 1291749018147978 1291749414805521 1291749788672055
1291749788672856 1291749788718891 1291749806011392 1291750176855636 1291749788718912 1291749788733465 1291750181315442 1291750554574785
1291750554575652 1291750554620448 1291750572188448 1291750944549672 1291750554620469 1291750554637980 1291750949793915 1291751322498948
1291751322500316 1291751322544263 1291751340312735 1291751714205534 1291751322544299 1291751322558237 1291751718759348 1291752092500065
1291752092501874 1291752092551068 1291752109398933 1291752483160215 1291752092551089 1291752092569488 1291752488566545 1291752860874126
1291752860875992 1291752860927343 1291752886406202 1291753309362003 1291752860927364 1291752860941737 1291753336055526 1291753758003561
1291753758005319 1291753758058401 1291753807630980 1291754259500808 1291753758058437 1291753758075891 1291754267111265 1291754720225694
1291754720227542 1291754720281620 1291754740487703 1291755190992645 1291754720281641 1291754720295360 1291755201408837 1291755653068803
1291755653070624 1291755653121612 1291755676755015 1291756132579251 1291755653121633 1291755653140296 1291756140852894 1291756596618759

146806999134996 146806999188591 146807021222751 146807392046940 146806999188636 146806999540320 146807397999450 146807768963313
146807768964327 146807769011802 146807784061353 146808154731534 146807769011847 146807769027354 146808162076644 146808532201185
146808532202133 146808532247793 146808551366064 146808922239072 146808532247814 146808532262310 146808928509816 146809300747794
146809300749459 146809300799460 146809322393832 146809693051338 146809300799481 146809300814943 146809697258163 146810069755752
146810069756790 146810069795136 146810087474931 146810459094672 146810069795172 146810069810295 146810468173983 146810840384745
146810840386641 146810840440020 146810867608656 146811281281911 146810840440041 146810840455308 146811326061789 146811739067436
146811739067700 146811739121109 146811779555394 146812227028851 146811739121130 146811739135317 146812241607159 146812691198655
146812691198841 146812691239227 146812716100812 146813166436167 146812691239263 146812691254143 146813179647834 146813632136763
146813632137021 146813632190784 146813657689935 146814106988964 146813632190820 146813632206945 146814116213652 146814566271300

1285917312010467 1285917312066723 1285917331884777 1285917701357148 1285917312066765 1285917312478947 1285917709349382 1285918081405440
1285918081406817 1285918081449180 1285918099117395 1285918468357371 1285918081449213 1285918081464708 1285918476181269 1285918847668581
1285918847668806 1285918847726010 1285918868160837 1285919240377209 1285918847726031 1285918847742435 1285919245783266 1285919616622746
1285919616622977 1285919616678780 1285919636520537 1285920006379059 1285919616678801 1285919616693909 1285920015287400 1285920386340828
1285920386341050 1285920386397096 1285920404039181 1285920773990874 1285920386397117 1285920386415096 1285920792177723 1285921165726026
1285921165726269 1285921165784160 1285921194062202 1285921631150412 1285921165784181 1285921165798581 1285921642310937 1285922080894641
1285922080894944 1285922080950393 1285922099023731 1285922546653722 1285922080950429 1285922080967793 1285922560909395 1285923009974421
1285923009974649 1285923010017606 1285923032829654 1285923482007468 1285923010017627 1285923010032429 1285923493939893 1285923946879317
1285923946879536 1285923946935054 1285923972523884 1285924418981142 1285923946935075 1285923946953771 1285924427004114 1285924874487798

1285927388465418 1285927388522166 1285927410585219 1285927781877168 1285927388522208 1285927388927520 1285927786169901 1285928157424770
1285928157425712 1285928157469368 1285928174993793 1285928544898521 1285928157469389 1285928157484440 1285928553342822 1285928923657359
1285928923658268 1285928923701267 1285928943956982 1285929315158784 1285928923701309 1285928923717341 1285929318422817 1285929689839176
1285929689839785 1285929689884257 1285929709010886 1285930080256086 1285929689884278 1285929689898975 1285930087207563 1285930459043157
1285930459043433 1285930459089381 1285930478018241 1285930850845155 1285930459089402 1285930459108638 1285930857029907 1285931228693097
1285931228693481 1285931228738556 1285931257124049 1285931696126559 1285931228738577 1285931228753691 1285931716692903 1285932155961486
1285932155961738 1285932156018444 1285932180466125 1285932630349104 1285932156018585 1285932156036231 1285932637529634 1285933087250946
1285933087251237 1285933087295436 1285933114694916 1285933566827421 1285933087295472 1285933087310850 1285933573094643 1285934026354119
1285934026354392 1285934026411401 1285934053404753 1285934501076018 1285934026411452 1285934026430667 1285934512234167 1285934962124301

1285927961557830 1285927961616048 1285927984232118 1285928354440545 1285927961616078 1285927962026625 1285928358688485 1285928731716696
1285928731718226 1285928731769172 1285928749936308 1285929119509065 1285928731769193 1285928731783251 1285929125149644 1285929496658679
1285929496660296 1285929496709649 1285929516040713 1285929889328643 1285929496709685 1285929496727040 1285929892686318 1285930265885100
1285930265886966 1285930265941872 1285930283693742 1285930655029575 1285930265941893 1285930265955768 1285930661966286 1285931032304832
1285931032305645 1285931032343643 1285931053132860 1285931425096143 1285931032343664 1285931032361049 1285931432415228 1285931804843382
1285931804844477 1285931804888493 1285931830401615 1285932270711993 1285931804888514 1285931804902848 1285932276411294 1285932717333369
1285932717335343 1285932717390939 1285932742928247 1285933192003701 1285932717390960 1285932717408333 1285933197545439 1285933647818061
1285933647819111 1285933647862653 1285933683613803 1285934132534112 1285933647862674 1285933647876141 1285934145346272 1285934596984479
1285934596984713 1285934597024568 1285934623097028 1285935072844749 1285934597024589 1285934597043291 1285935084015510 1285935535168596

1285923140547333 1285923140602761 1285923163535205 1285923533130606 1285923140602797 1285923141010674 1285923538318335 1285923910965858
1285923910966320 1285923911012136 1285923926762736 1285924297130109 1285923911012178 1285923911027889 1285924303843527 1285924676291991
1285924676292603 1285924676332401 1285924695386835 1285925067360147 1285924676332431 1285924676349513 1285925072300493 1285925445813723
1285925445815739 1285925445868059 1285925462957385 1285925834316579 1285925445868080 1285925445883209 1285925839148178 1285926209962146
1285926209964015 1285926210014082 1285926226138749 1285926595056156 1285926210014103 1285926210033129 1285926609606231 1285926979830015
1285926979830444 1285926979872960 1285927000755198 1285927438928511 1285926979872987 1285926979888308 1285927454968899 1285927892157678
1285927892159535 1285927892211144 1285927917617655 1285928370167286 1285927892211162 1285927892229174 1285928377214148 1285928829654441
1285928829656277 1285928829711999 1285928854530906 1285929307767330 1285928829712020 1285928829726759 1285929320134860 1285929774357111
1285929774358998 1285929774412242 1285929799876077 1285930252994877 1285929774412263 1285929774431628 1285930258287426 1285930710539949

1285926675737373 1285926675791763 1285926696117783 1285927066080888 1285926675791799 1285926676208088 1285927075458846 1285927447536582
1285927447537932 1285927447580751 1285927464612489 1285927834746063 1285927447580772 1285927447595640 1285927842515625 1285928214513207
1285928214514287 1285928214556794 1285928231325549 1285928602287513 1285928214556830 1285928214573942 1285928607470136 1285928980143279
1285928980144527 1285928980189026 1285929000630918 1285929372685704 1285928980189047 1285928980202829 1285929376064937 1285929749187006
1285929749188794 1285929749241906 1285929767742831 1285930140059886 1285929749241927 1285929749260203 1285930145295978 1285930516687128
1285930516688028 1285930516730829 1285930547507601 1285930967852151 1285930516730850 1285930516745073 1285931006068935 1285931426287011
1285931426288793 1285931426342499 1285931463094005 1285931912018436 1285931426342520 1285931426360133 1285931921609868 1285932376250304
1285932376251675 1285932376311450 1285932399348006 1285932848224845 1285932376311471 1285932376325706 1285932857772606 1285933306739001
1285933306739892 1285933306778754 1285933337735364 1285933787005818 1285933306778775 1285933306797447 1285933794221160 1285934245856100

146806639662465 146806639717938 146806662513501 146807033003154 146806639717959 146806640126952 146807038539360 146807409218727
146807409220248 146807409267792 146807429223240 146807800544892 146807409267813 146807409283731 146807804622930 146808175801161
146808175802490 146808175846878 146808194925798 146808565323018 146808175846899 146808175864224 146808569507709 146808942078531
146808942080172 146808942134676 146808958675923 146809329858003 146808942134697 146808942148941 146809338533922 146809710528129
146809710529917 146809710580077 146809725261003 146810097165072 146809710580098 146809710598200 146810108736474 146810479684158
146810479685877 146810479730472 146810506554315 146810939791221 146810479730493 146810479745577 146810949005793 146811382500834
146811382502718 146811382554819 146811431534763 146811879778080 146811382554840 146811382572564 146811887549913 146812341069156
146812341070236 146812341115959 146812365863388 146812817134869 146812341116001 146812341131286 146812824191544 146813279513076
146813279515014 146813279568345 146813303493609 146813757160140 146813279568366 146813279587473 146813763408237 146814215292429

146799494970153 146799495025101 146799514285974 146799884213544 146799495025137 146799495444810 146799891606078 146800264206465
146800264207491 146800264250103 146800283446938 146800652159556 146800264250124 146800264265361 146800657515453 146801029203174
146801029204206 146801029248123 146801047290165 146801420464137 146801029248156 146801029264005 146801427303906 146801800134600
146801800136553 146801800190193 146801818613463 146802190001169 146801800190229 146801800205466 146802195465108 146802568110909
146802568111932 146802568153665 146802585644289 146802957379068 146802568153698 146802568170591 146802962950443 146803336440081
146803336441890 146803336516743 146803362190245 146803792455423 146803336516764 146803336532040 146803809696009 146804241525762
146804241526053 146804241568350 146804285328849 146804732210646 146804241568368 146804241585309 146804744073117 146805195988374
146805195988671 146805196038114 146805216636276 146805668693478 146805196038336 146805196053450 146805678644472 146806131112713
146806131112962 146806131164898 146806156658310 146806604443044 146806131164958 146806131183039 146806610423472 146807061838233

1285437355160103 1285437355212531 1285437378364533 1285437748866126 1285437355212552 1285437355547037 1285437754133388 1285438126405767
1285438126406928 1285438126453644 1285438142946111 1285438513400667 1285438126453683 1285438126468353 1285438519478337 1285438893636159
1285438893637962 1285438893694026 1285438909868853 1285439279571438 1285438893694047 1285438893709032 1285439287786335 1285439657925168
1285439657925999 1285439657965674 1285439678835165 1285440049984788 1285439657965710 1285439657980305 1285440054001485 1285440424154133
1285440424155099 1285440424196214 1285440442937331 1285440814538568 1285440424196232 1285440424210335 1285440820908522 1285441191164322
1285441191165249 1285441191207222 1285441221547773 1285441660394217 1285441191207258 1285441191221637 1285441663303314 1285442103964905
1285442103966771 1285442104022442 1285442133960333 1285442581580442 1285442104022463 1285442104036905 1285442593491867 1285443043335126
1285443043336536 1285443043379802 1285443071012685 1285443521293212 1285443043379838 1285443043394016 1285443537438546 1285443989667426
1285443989669313 1285443989723766 1285444011231792 1285444459225608 1285443989723802 1285443989738700 1285444472924349 1285444920882585

1285426927653738 1285426927706688 1285426949181690 1285427322579531 1285426927706709 1285426928117184 1285427327609736 1285427699358795
1285427699360157 1285427699404065 1285427715926937 1285428089205342 1285427699404086 1285427699418909 1285428094629012 1285428466506276
1285428466507890 1285428466544910 1285428483489744 1285428855129537 1285428466544931 1285428466561824 1285428864016869 1285429236086691
1285429236088437 1285429236143793 1285429252857195 1285429621390170 1285429236143829 1285429236158307 1285429630870614 1285430002183077
1285430002183950 1285430002228899 1285430019407532 1285430390269620 1285430002228917 1285430002247001 1285430394796329 1285430767912764
1285430767913631 1285430767960986 1285430809751835 1285431248746299 1285430767961022 1285430767974891 1285431252335127 1285431690253947
1285431690256011 1285431690313029 1285431714968505 1285432162038423 1285431690313050 1285431690330513 1285432175805651 1285432625882715
1285432625883831 1285432625930301 1285432649910072 1285433097946536 1285432625930322 1285432625944485 1285433109533709 1285433561596554
1285433561596833 1285433561653101 1285433587663506 1285434036201579 1285433561653122 1285433561671404 1285434045843003 1285434495955449

1285132738623816 1285132738679505 1285132761348435 1285133132816148 1285132738679628 1285132739108307 1285133137545852 1285133510630973
1285133510631822 1285133510677020 1285133528110950 1285133895700116 1285133510677041 1285133510692137 1285133903618052 1285134276060009
1285134276061455 1285134276103026 1285134294815463 1285134665172828 1285134276103062 1285134276119667 1285134668655264 1285135041801051
1285135041802383 1285135041845466 1285135060359471 1285135429839150 1285135041845484 1285135041859596 1285135435901838 1285135807515381
1285135807515645 1285135807572978 1285135829259549 1285136201123607 1285135807572996 1285135807590630 1285136207198919 1285136580242499
1285136580242688 1285136580295755 1285136607352947 1285137045509376 1285136580295791 1285136580310593 1285137048014676 1285137487096788
1285137487097007 1285137487150590 1285137525112359 1285137973124013 1285137487150611 1285137487168311 1285137987869118 1285138438382337
1285138438382547 1285138438430070 1285138465202964 1285138914337983 1285138438430091 1285138438444266 1285138923423954 1285139372293017
1285139372293239 1285139372335398 1285139403431166 1285139851983804 1285139372335419 1285139372355120 1285139862291945 1285140314272821

1312341935106735 1312341935162589 1312341954415245 1312342325470605 1312341935162622 1312341935579862 1312342332408123 1312342705794402
1312342705795887 1312342705840551 1312342724064633 1312343094076596 1312342705840572 1312342705855692 1312343098744713 1312343472285204
1312343472286515 1312343472325164 1312343489178201 1312343862338616 1312343472325185 1312343472341556 1312343867458863 1312344239745867
1312344239746914 1312344239803143 1312344258887166 1312344631069389 1312344239803164 1312344239818059 1312344636172200 1312345007721465
1312345007722275 1312345007765421 1312345027033476 1312345399661724 1312345007765457 1312345007783076 1312345405997049 1312345778126346
1312345778128086 1312345778184417 1312345804921293 1312346251320954 1312345778184453 1312345778199951 1312346259699915 1312346704794321
1312346704796079 1312346704850274 1312346725523208 1312347173591064 1312346704850292 1312346704867431 1312347184517391 1312347632171940
1312347632172798 1312347632218842 1312347658542399 1312348111115901 1312347632218863 1312347632234535 1312348118839500 1312348571813769
1312348571815560 1312348571869005 1312348596932322 1312349043902640 1312348571869026 1312348571886771 1312349058283755 1312349508336963

1285137351875424 1285137351930057 1285137374134599 1285137747065211 1285137351930078 1285137352333812 1285137750808890 1285138121988906
1285138121990328 1285138122041805 1285138139077848 1285138510443621 1285138122041826 1285138122056409 1285138515780726 1285138886403876
1285138886404953 1285138886447076 1285138906566639 1285139280291957 1285138886447097 1285138886464527 1285139286455571 1285139659742610
1285139659744269 1285139659801668 1285139675847930 1285140044979822 1285139659801689 1285139659815045 1285140053639439 1285140424423914
1285140424424142 1285140424466496 1285140439850904 1285140811549839 1285140424466517 1285140424483461 1285140832291875 1285141205238093
1285141205238564 1285141205277387 1285141229849145 1285141665746178 1285141205277408 1285141205291052 1285141675675701 1285142113746546
1285142113746816 1285142113788801 1285142139083316 1285142582416416 1285142113788819 1285142113804857 1285142597854878 1285143043891896
1285143043892904 1285143043933059 1285143064039089 1285143510894126 1285143043933098 1285143043946820 1285143533648724 1285143983787357
1285143983788416 1285143983828085 1285144004253267 1285144455787323 1285143983828106 1285143983846739 1285144475142126 1285144927200744

1285141227484284 1285141227538029 1285141249853091 1285141621687233 1285141227538050 1285141227943194 1285141627445790 1285141999018959
1285141999019700 1285141999067025 1285142016692655 1285142387722545 1285141999067046 1285141999081734 1285142394470034 1285142765396166
1285142765397069 1285142765440119 1285142782602153 1285143158976798 1285142765440329 1285142765458494 1285143163851147 1285143538854798
1285143538856652 1285143538923963 1285143552902115 1285143923851047 1285143538923984 1285143538938798 1285143930758655 1285144300753974
1285144300754895 1285144300797111 1285144319537613 1285144705611651 1285144300797327 1285144300815879 1285144708554327 1285145092246845
1285145092247955 1285145092312440 1285145109601527 1285145531342640 1285145092312641 1285145092329633 1285145552181396 1285145973387048
1285145973388884 1285145973441930 1285146015548934 1285146473494014 1285145973441954 1285145973459546 1285146476403864 1285146903791319
1285146903793458 1285146903857478 1285146949553076 1285147399999695 1285146903857781 1285146903873402 1285147407325989 1285147864814133
1285147864814364 1285147864866147 1285147888891563 1285148343669429 1285147864866204 1285147864886589 1285148351774472 1285148805581310

1285136338666593 1285136338720110 1285136360946909 1285136731948893 1285136338720131 1285136339132748 1285136737596648 1285137110055813
1285137110056839 1285137110100075 1285137128244501 1285137499725867 1285137110100096 1285137110116914 1285137503676303 1285137877600248
1285137877602096 1285137877651950 1285137895247955 1285138265891754 1285137877651971 1285137877669110 1285138274139969 1285138645190781
1285138645192164 1285138645233060 1285138662001773 1285139034653712 1285138645233081 1285138645248735 1285139041544031 1285139412811128
1285139412812514 1285139412848418 1285139428045263 1285139801691756 1285139412848454 1285139412866958 1285139818742196 1285140192161442
1285140192163371 1285140192217608 1285140218406963 1285140655752456 1285140192217629 1285140192232425 1285140664239255 1285141103489886
1285141103491185 1285141103541693 1285141130667705 1285141583355963 1285141103541711 1285141103559411 1285141587941736 1285142041169685
1285142041171560 1285142041227105 1285142064733296 1285142516202933 1285142041227132 1285142041243119 1285142523497829 1285142978798856
1285142978799951 1285142978841822 1285143003508971 1285143451033488 1285142978841840 1285142978859612 1285143461522418 1285143913286166
