16 2839
1291651732349412 1291651732363299 1291651743202470 1291652115773802 1291652115773838 1291652115812289 1291652127583284 1291652499037173
1291652499038970 1291652499079128 1291652509972500 1291652881667148 1291652881667169 1291652881708914 1291652892818169 1291653263073642
1291653263075160 1291653263120580 1291653274314024 1291653648256608 1291653648256629 1291653648315807 1291653659299359 1291654033125237
1291654033126965 1291654033181091 1291654044413712 1291654417432107 1291654417432143 1291654417489677 1291654521718512 1291654895172981
1291654895174847 1291654895230317 1291654907070786 1291655282780055 1291655282780076 1291655282840103 1291655294429841 1291655669424792
1291655669426631 1291655669482914 1291655684540988 1291656107078253 1291656107078289 1291656107138139 1291656144626328 1291656567054045
1291656567055956 1291656567109206 1291656604215708 1291657054891809 1291657054891830 1291657054950330 1291657069941537 1291657521030531
1291657521032457 1291657521086679 1291657536725118 1291657986372843 1291657986372864 1291657986420021 1291658002033779 1291658452329879
1291658452330686 1291658452373568 1291658472911244 1291658925184281 1291658925184302 1291658925242226 1291658944956897 1291659398572341

146709713743044 146709713756214 146709724510962 146710093958772 146710093958793 146710094002086 146710106005536 146710476883173
146710476884169 146710476917214 146710490358528 146710859754489 146710859754525 146710859794221 146710872457866 146711243297799
146711243298825 146711243328132 146711255937021 146711627595891 146711627595927 146711627648958 146711639196108 146712009973482
146712009975180 146712010029732 146712022827363 146712392485737 146712392485773 146712392517705 146712405026859 146712773229678
146712773231145 146712773268936 146712886090416 146713259010645 146713259010666 146713259041635 146713273766982 146713645192371
146713645193724 146713645230741 146713663897380 146714075983404 146714075983425 146714076015705 146714110083723 146714521374486
146714521375908 146714521413678 146714569949484 146715019215810 146715019215831 146715019249092 146715047172534 146715494394228
146715494396397 146715494432151 146715515104887 146715963045894 146715963045915 146715963077064 146715979558860 146716426241451
146716426242834 146716426280904 146716448120061 146716900576506 146716900576542 146716900633941 146716918253997 146717371541721

1285820026792296 1285820026811475 1285820037466071 1285820407406574 1285820407406595 1285820407448280 1285820419945692 1285820790884976
1285820790886086 1285820790922980 1285820803263813 1285821172351443 1285821172351464 1285821172388517 1285821183521853 1285821553610895
1285821553611831 1285821553647714 1285821567990069 1285821939146178 1285821939146214 1285821939183789 1285821952726119 1285822325263563
1285822325264769 1285822325299572 1285822336167315 1285822706051493 1285822706051529 1285822706088591 1285822718960022 1285823089815444
1285823089816383 1285823089852734 1285823179525806 1285823550904371 1285823550904392 1285823550960363 1285823578477824 1285823950574844
1285823950576914 1285823950633587 1285823966583909 1285824402843783 1285824402843804 1285824402900606 1285824426334308 1285824862575609
1285824862577412 1285824862634256 1285824877967790 1285825325289954 1285825325289975 1285825325327652 1285825349447379 1285825797669036
1285825797670524 1285825797706689 1285825829534334 1285826277014070 1285826277014091 1285826277050859 1285826295645957 1285826743878477
1285826743879641 1285826743916463 1285826767681899 1285827214466844 1285827214466880 1285827214503774 1285827239364288 1285827687793830

1285830102461148 1285830102474774 1285830112945707 1285830484576932 1285830484576953 1285830484619412 1285830495644271 1285830865383285
1285830865384251 1285830865422522 1285830878530803 1285831248677193 1285831248677211 1285831248710748 1285831263012468 1285831631314731
1285831631315781 1285831631350869 1285831645935900 1285832015699589 1285832015699610 1285832015734437 1285832028541119 1285832396794197
1285832396795139 1285832396830698 1285832413234743 1285832786130042 1285832786130078 1285832786165667 1285832878532397 1285833249621054
1285833249621990 1285833249653754 1285833274868064 1285833643854621 1285833643854642 1285833643889784 1285833662698488 1285834029705003
1285834029705948 1285834029740133 1285834051574475 1285834489414320 1285834489414341 1285834489486662 1285834504144500 1285834942354320
1285834942356363 1285834942414836 1285834964247453 1285835411539308 1285835411539329 1285835411577471 1285835440568367 1285835888745273
1285835888746581 1285835888783406 1285835908385061 1285836359010168 1285836359010189 1285836359068755 1285836377377395 1285836828951207
1285836828953055 1285836829007403 1285836849382245 1285837301627961 1285837301627982 1285837301684199 1285837316895585 1285837769967690

1285830675499116 1285830675512874 1285830686358099 1285831058265450 1285831058265486 1285831058318988 1285831069818279 1285831439387106
1285831439387880 1285831439415630 1285831453146921 1285831824643437 1285831824643458 1285831824688881 1285831835673624 1285832205331134
1285832205331899 1285832205358479 1285832217536424 1285832589797730 1285832589797748 1285832589843588 1285832602485699 1285832972828916
1285832972829531 1285832972856291 1285832987542218 1285833357918243 1285833357918264 1285833357964197 1285833369128685 1285833737883354
1285833737884251 1285833737911602 1285833849348459 1285834222896186 1285834222896207 1285834222943610 1285834236929457 1285834609276884
1285834609277487 1285834609304694 1285834626940842 1285835066913057 1285835066913078 1285835066971212 1285835082298857 1285835523797580
1285835523799797 1285835523856965 1285835539132944 1285835989786530 1285835989786551 1285835989843815 1285836013094028 1285836464648100
1285836464650194 1285836464706453 1285836479970534 1285836929013060 1285836929013081 1285836929057802 1285836944506839 1285837390853730
1285837390854747 1285837390882179 1285837415987955 1285837865761017 1285837865761053 1285837865806530 1285837886560395 1285838334742215

1285825854847308 1285825854859575 1285825865605350 1285826235658749 1285826235658770 1285826235698565 1285826248121391 1285826619342909
1285826619344724 1285826619384816 1285826630494761 1285827001261155 1285827001261176 1285827001293087 1285827013487658 1285827386044560
1285827386046069 1285827386085390 1285827397338315 1285827766203723 1285827766203744 1285827766235538 1285827779934453 1285828150521690
1285828150523241 1285828150563528 1285828161928236 1285828531453623 1285828531453644 1285828531484583 1285828546477206 1285828917571260
1285828917572784 1285828917611187 1285828928774382 1285829298066174 1285829298066195 1285829298099654 1285829410995351 1285829782099467
1285829782100811 1285829782140468 1285829800105041 1285830239971125 1285830239971146 1285830240028065 1285830258780291 1285830697957344
1285830697959261 1285830698014224 1285830716614368 1285831168168563 1285831168168584 1285831168224828 1285831183957335 1285831635755550
1285831635757491 1285831635812808 1285831657509756 1285832104884363 1285832104884384 1285832104916283 1285832121676668 1285832570742357
1285832570743773 1285832570782392 1285832591055276 1285833043698642 1285833043698663 1285833043755384 1285833059382213 1285833511992903

1285829389759767 1285829389774317 1285829400422718 1285829772020274 1285829772020295 1285829772062091 1285829784803736 1285830154414836
1285830154415709 1285830154446882 1285830166018785 1285830536240058 1285830536240079 1285830536276943 1285830548828145 1285830917879154
1285830917880426 1285830917913945 1285830931433004 1285831304401926 1285831304401947 1285831304439315 1285831315719261 1285831687266234
1285831687267098 1285831687298028 1285831699704210 1285832071456107 1285832071456128 1285832071511277 1285832082831987 1285832454551949
1285832454553863 1285832454607596 1285832465755008 1285832837414088 1285832837414124 1285832837447244 1285832921657856 1285833294958647
1285833294959934 1285833294996642 1285833328362102 1285833749336925 1285833749336946 1285833749390757 1285833784271154 1285834204179807
1285834204181832 1285834204234458 1285834243535931 1285834693047294 1285834693047330 1285834693084872 1285834715404185 1285835162477265
1285835162478747 1285835162510436 1285835182683591 1285835636044485 1285835636044506 1285835636096772 1285835655390489 1285836110096724
1285836110098533 1285836110152182 1285836129550290 1285836578994903 1285836578994924 1285836579051045 1285836600796725 1285837050363879

146709353954178 146709353967057 146709364921455 146709735938226 146709735938247 146709735974619 146709748394610 146710117724088
146710117725288 146710117764387 146710130124459 146710503541488 146710503541509 146710503573798 146710514641770 146710886544906
146710886546106 146710886584518 146710897474815 146711268673581 146711268673602 146711268727899 146711281209156 146711653496940
146711653498551 146711653553598 146711664784587 146712034163100 146712034163121 146712034203297 146712046799430 146712417543222
146712417544350 146712417575367 146712508349817 146712880086774 146712880086795 146712880142310 146712908757684 146713281819396
146713281821367 146713281872520 146713300108212 146713733389908 146713733389929 146713733446488 146713757150376 146714190590703
146714190592536 146714190644034 146714213573556 146714665376328 146714665376346 146714665405875 146714682831675 146715132840432
146715132841581 146715132882840 146715156592605 146715606176091 146715606176112 146715606231264 146715626653605 146716076573745
146716076575704 146716076631087 146716097702958 146716549574370 146716549574391 146716549614852 146716568321598 146717020472508

146702210997264 146702211010341 146702221797258 146702592998997 146702592999018 146702593038945 146702606283093 146702975870091
146702975871114 146702975904582 146702987468091 146703358021611 146703358021632 146703358058487 146703371059581 146703740595318
146703740596419 146703740628876 146703751554234 146704122857709 146704122857730 146704122916161 146704136419587 146704508892600
146704508894280 146704508947362 146704519975398 146704888426311 146704888426347 146704888463349 146704903222788 146705272637964
146705272639314 146705272673445 146705380378068 146705751291579 146705751291615 146705751350169 146705768869749 146706141106863
146706141108309 146706141162195 146706160088355 146706590705565 146706590705586 146706590762226 146706621224439 146707051688904
146707051690650 146707051746126 146707082494530 146707528159728 146707528159749 146707528195488 146707545413265 146707994891802
146707994892825 146707994928555 146708015348553 146708463004521 146708463004542 146708463040506 146708482732152 146708931629613
146708931630834 146708931668106 146708951339595 146709404431176 146709404431197 146709404490468 146709419745066 146709871952748

1285340069474754 1285340069486955 1285340080190859 1285340451860616 1285340451860652 1285340451911442 1285340462980110 1285340832467475
1285340832468282 1285340832502893 1285340846149269 1285341217383792 1285341217383813 1285341217424478 1285341228293040 1285341598080552
1285341598081263 1285341598114047 1285341611982468 1285341983376444 1285341983376465 1285341983417442 1285341994580010 1285342363899198
1285342363899999 1285342363932555 1285342377717618 1285342750389942 1285342750389978 1285342750432335 1285342761342663 1285343132482962
1285343132483616 1285343132516880 1285343143778187 1285343512182504 1285343512182525 1285343512224147 1285343618272596 1285343984865813
1285343984866608 1285343984898633 1285344012197721 1285344450718704 1285344450718740 1285344450778077 1285344466110495 1285344906502206
1285344906504003 1285344906587856 1285344925662819 1285345372353699 1285345372353720 1285345372389486 1285345400066979 1285345849016475
1285345849018149 1285345849057218 1285345864376316 1285346318119974 1285346318119995 1285346318179170 1285346334765309 1285346788449096
1285346788451364 1285346788509156 1285346807688513 1285347257431080 1285347257431101 1285347257489988 1285347274612935 1285347727940496

1285329642706674 1285329642721959 1285329653576499 1285330026484110 1285330026484131 1285330026535083 1285330037745447 1285330408338780
1285330408340295 1285330408380864 1285330419216234 1285330791165195 1285330791165231 1285330791202011 1285330801802586 1285331172063498
1285331172064755 1285331172100548 1285331183089911 1285331554697154 1285331554697175 1285331554754304 1285331568602925 1285331940186864
1285331940188928 1285331940242466 1285331951786364 1285332321620721 1285332321620742 1285332321656910 1285332335214120 1285332707167497
1285332707168823 1285332707203752 1285332718634166 1285333085623674 1285333085623695 1285333085660976 1285333096831905 1285333465360944
1285333465362276 1285333465397091 1285333571759739 1285334011328097 1285334011328118 1285334011389924 1285334039393037 1285334478517392
1285334478519996 1285334478571671 1285334494458375 1285334946566214 1285334946566235 1285334946625719 1285334966066757 1285335418285665
1285335418287789 1285335418345341 1285335445497789 1285335893666556 1285335893666577 1285335893702046 1285335914311557 1285336360538757
1285336360540149 1285336360577802 1285336382490906 1285336833383610 1285336833383631 1285336833442332 1285336849828788 1285337301121662

1285035453512301 1285035453529125 1285035464521134 1285035836810565 1285035836810601 1285035836884203 1285035847945227 1285036218618555
1285036218619713 1285036218657294 1285036229720475 1285036599894243 1285036599894264 1285036599931518 1285036614227145 1285036982902251
1285036982903376 1285036982937126 1285036997039559 1285037369342988 1285037369343009 1285037369380074 1285037380756908 1285037752030329
1285037752031286 1285037752064976 1285037764354593 1285038135207135 1285038135207156 1285038135242724 1285038146307306 1285038515742546
1285038515743626 1285038515780175 1285038527726793 1285038899266104 1285038899266125 1285038899323929 1285039002269844 1285039373169441
1285039373171373 1285039373226318 1285039396217298 1285039836668583 1285039836668619 1285039836727203 1285039852992393 1285040292489279
1285040292490896 1285040292548595 1285040315195916 1285040762552196 1285040762552217 1285040762589525 1285040791619799 1285041237726495
1285041237727461 1285041237763563 1285041259436826 1285041710908833 1285041710908854 1285041710965353 1285041728415861 1285042178615901
1285042178617833 1285042178672949 1285042200312666 1285042646784303 1285042646784324 1285042646820651 1285042666288380 1285043114516469

1312244649728826 1312244649743088 1312244660511525 1312245033727758 1312245033727779 1312245033778494 1312245045020331 1312245415472427
1312245415473543 1312245415509621 1312245427318638 1312245798536910 1312245798536931 1312245798575307 1312245810292722 1312246180045212
1312246180046292 1312246180081227 1312246191708405 1312246560266421 1312246560266442 1312246560306435 1312246576650759 1312246947170529
1312246947171888 1312246947211953 1312246961810598 1312247331203613 1312247331203634 1312247331238770 1312247437377162 1312247808703095
1312247808704241 1312247808741567 1312247824471152 1312248195973512 1312248195973548 1312248196032117 1312248211915104 1312248584307837
1312248584309496 1312248584364189 1312248601955019 1312249045375227 1312249045375263 1312249045433307 1312249062010680 1312249505963586
1312249505965380 1312249506022251 1312249521598617 1312249969436967 1312249969436988 1312249969475841 1312249987342584 1312250434254957
1312250434256196 1312250434291368 1312250454294945 1312250902529145 1312250902529166 1312250902566246 1312250922619866 1312251369448443
1312251369449766 1312251369482979 1312251390465276 1312251840745254 1312251840745290 1312251840801813 1312251859244490 1312252309611453

1285040066450154 1285040066464251 1285040077191666 1285040447832330 1285040447832351 1285040447886432 1285040459930592 1285040831645394
1285040831646327 1285040831685471 1285040843079441 1285041212650188 1285041212650209 1285041212684880 1285041225240360 1285041595804473
1285041595805379 1285041595841934 1285041606936399 1285041977328495 1285041977328513 1285041977362962 1285041991526850 1285042363160661
1285042363161627 1285042363195647 1285042373947086 1285042745525754 1285042745525775 1285042745560071 1285042758280140 1285043131204194
1285043131205115 1285043131239627 1285043234623236 1285043605602399 1285043605602420 1285043605638030 1285043621156916 1285043993837001
1285043993837964 1285043993872884 1285044014268822 1285044448903731 1285044448903767 1285044448957530 1285044473054796 1285044910162590
1285044910164453 1285044910221264 1285044934271295 1285045382147943 1285045382147964 1285045382182731 1285045398565599 1285045845587394
1285045845588879 1285045845624420 1285045866264651 1285046314916895 1285046314916916 1285046314951908 1285046333157957 1285046780092932
1285046780095053 1285046780130639 1285046805112935 1285047254978274 1285047254978295 1285047255033885 1285047270963399 1285047719351454

1285043941734957 1285043941747530 1285043952621861 1285044322657746 1285044322657767 1285044322705971 1285044336582798 1285044707468262
1285044707469309 1285044707503320 1285044718266327 1285045087848030 1285045087848051 1285045087888719 1285045100860272 1285045472150610
1285045472151645 1285045472184984 1285045482941337 1285045855136301 1285045855136322 1285045855193487 1285045866160041 1285046238454443
1285046238456351 1285046238509235 1285046251136841 1285046622655617 1285046622655653 1285046622712749 1285046633789583 1285047005936847
1285047005938614 1285047005994042 1285047017540661 1285047388152528 1285047388152549 1285047388191993 1285047489577359 1285047860759100
1285047860760207 1285047860791365 1285047880672809 1285048302053262 1285048302053283 1285048302108234 1285048338767154 1285048759311999
1285048759313949 1285048759365357 1285048801079805 1285049254031772 1285049254031808 1285049254084161 1285049278764876 1285049730544107
1285049730546030 1285049730597258 1285049746301862 1285050194222478 1285050194222514 1285050194262870 1285050216342909 1285050664965258
1285050664966620 1285050664999122 1285050686751153 1285051133546097 1285051133546118 1285051133588376 1285051151253750 1285051600251222

1285039052979141 1285039052991894 1285039063995633 1285039435314078 1285039435314114 1285039435360230 1285039447376835 1285039816596552
1285039816597983 1285039816635207 1285039829199906 1285040201235729 1285040201235750 1285040201289582 1285040212506783 1285040583975099
1285040583976962 1285040584031319 1285040595175191 1285040965209897 1285040965209918 1285040965246203 1285040980000329 1285041351425289
1285041351426582 1285041351458829 1285041362452173 1285041730742973 1285041730742994 1285041730776849 1285041745799826 1285042115981223
1285042115982057 1285042116015315 1285042221191082 1285042593269982 1285042593270018 1285042593320523 1285042607865075 1285042980178641
1285042980180597 1285042980234303 1285043000925861 1285043441025729 1285043441025750 1285043441078421 1285043461598466 1285043901684486
1285043901686499 1285043901740886 1285043922568002 1285044375731532 1285044375731553 1285044375786024 1285044391118565 1285044843352665
1285044843354534 1285044843407856 1285044858939105 1285045312804164 1285045312804185 1285045312860921 1285045327919334 1285045781531616
1285045781533524 1285045781581149 1285045799874099 1285046247403539 1285046247403575 1285046247442638 1285046267406333 1285046716117959
