16 28
4583821645000474624 46954105720848 1290963673344711 1290963677628573 46954097717264 46954089685008 1290963677628609 1290963681947991
46954217160720 46954209128464 1290963681948216 1290963686176803 46954201124880 46954193092624 1290963686176824 1290963690446400
46954249232400 46954241200144 1290963690446685 1290963694683270 46954233196560 46954225164304 1290963694683306 1290963698957373
46954281304080 46954273271824 1290963698957601 1290963703214403 46954265268240 46954257235984 1290963703214439 1290963707474727
46954313375760 46954305343504 1290963707474937 1290963711701649 46954297339920 46954289307664 1290963711701682 1290963715928244
46954345447440 46954337415184 1290963715928265 1290963720155559 46954329411600 46954321379344 1290963720155586 1290963724363797
46954377519120 46954369486864 1290963724363818 1290963728603232 46954361483280 46954353451024 1290963728603253 1290963732862440
46954409590800 46954401558544 1290963732862647 1290963737061813 46954393554960 46954385522704 1290963737061834 1290963741301698
46954441662480 46954433630224 1290963741301734 1290963745510407 46954425626640 46954417594384 1290963745510428 1290963749753535

47311516647440 47311508615184 146021654196516 146021658507840 47311500611600 47311492579344 146021658507879 146021662783260
47311622934544 47311614902288 146021662783380 146021667062895 47311532683280 47311524651024 146021667062949 146021671288053
47311655006224 47311646973968 146021671288152 146021675535333 47311638970384 47311630938128 146021675535354 146021679756081
47311687077904 47311679045648 146021679756114 146021683988310 47311671042064 47311663009808 146021683988331 146021688187011
47311719149584 47311711117328 146021688187254 146021692399998 47311703113744 47311695081488 146021692400019 146021696599527
47311751221264 47311743189008 146021696599563 146021700790689 47311735185424 47311727153168 146021700790911 146021704988685
47311783292944 47311775260688 146021704988910 146021709199035 47311767257104 47311759224848 146021709199056 146021713419786
47311815364624 47311807332368 146021713419807 146021717615331 47311799328784 47311791296528 146021717615385 146021721827097
47311847436304 47311839404048 146021721827118 146021726045541 47311831400464 47311823368208 146021726045562 146021730234564

47003735470096 47003727437840 1285131968429685 1285131972683280 47003719434256 47003638935568 1285131972683307 1285131976930842
47003767541776 47003759509520 1285131976930911 1285131981101007 47003751505936 47003743473680 1285131981101028 1285131985276731
47003799613456 47003791581200 1285131985277067 1285131989459913 47003783577616 47003775545360 1285131989459976 1285131993651054
47003831685136 47003823652880 1285131993651099 1285131997781424 47003815649296 47003807617040 1285131997781445 1285132001942460
47003863756816 47003855724560 1285132001942529 1285132006090356 47003847720976 47003839688720 1285132006090383 1285132010212455
47003895828496 47003887796240 1285132010212491 1285132014365061 47003879792656 47003871760400 1285132014365097 1285132018493709
47003927900176 47003919867920 1285132018493745 1285132022661108 47003911864336 47003903832080 1285132022661162 1285132026779127
47003959971856 47003951939600 1285132026779163 1285132030925757 47003943936016 47003935903760 1285132030925820 1285132035045810
47003992043536 47003984011280 1285132035045831 1285132039215279 47003976007696 47003967975440 1285132039215315 1285132043344110

47573615939600 47573607907344 1285142038621158 1285142042856264 47573532516368 47573524484112 1285142042856285 1285142047102290
47573648011280 47573639979024 1285142047102629 1285142051291598 47573631975440 47573623943184 1285142051291634 1285142055473205
47573680082960 47573672050704 1285142055473241 1285142059617108 47573664047120 47573656014864 1285142059617129 1285142063759781
47573712154640 47573704122384 1285142063760099 1285142067906333 47573696118800 47573688086544 1285142067906354 1285142072046453
47573744226320 47573736194064 1285142072046795 1285142076178359 47573728190480 47573720158224 1285142076178380 1285142080306386
47573776298000 47573768265744 1285142080306701 1285142084461740 47573760262160 47573752229904 1285142084461773 1285142088599148
47573808369680 47573800337424 1285142088599469 1285142092752678 47573792333840 47573784301584 1285142092752711 1285142096903775
47573840441360 47573832409104 1285142096904087 1285142101075071 47573824405520 47573816373264 1285142101075104 1285142105233209
47573872513040 47573864480784 1285142105233548 1285142109370905 47573856477200 47573848444944 1285142109370926 1285142113533573

47745637109776 47745629077520 1285142611386387 1285142615677098 47745621073936 47745613041680 1285142615677140 1285142619954108
47745669181456 47745661149200 1285142619954129 1285142624234637 47745653145616 47745645113360 1285142624234658 1285142628502422
47745701253136 47745693220880 1285142628502443 1285142632717464 47745685217296 47745677185040 1285142632717497 1285142636954994
47745733324816 47745725292560 1285142636955030 1285142641145826 47745717288976 47745709256720 1285142641146033 1285142645364102
47745765396496 47745757364240 1285142645364138 1285142649539379 47745749360656 47745741328400 1285142649539415 1285142653753362
47745797468176 47745789435920 1285142653753383 1285142657942703 47745781432336 47745773400080 1285142657942907 1285142662163238
47745829539856 47745821507600 1285142662163259 1285142666378328 47745813504016 47745805471760 1285142666378364 1285142670590928
47745861611536 47745853579280 1285142670590949 1285142674796115 47745845575696 47745837543440 1285142674796139 1285142678998251
47745893683216 47745885650960 1285142678998272 1285142683199520 47745877647376 47745869615120 1285142683199556 1285142687399475

47988794195984 47988786163728 1285137793209201 1285137797449218 47988778160144 47988770127888 1285137797449245 1285137801693174
47988893593616 47988885561360 1285137801693510 1285137805857657 47988877557776 47988802199568 1285137805857720 1285137810039396
47988925665296 47988917633040 1285137810039426 1285137814261599 47988909629456 47988901597200 1285137814261656 1285137818429328
47988957736976 47988949704720 1285137818429643 1285137822596544 47988941701136 47988933668880 1285137822596568 1285137826728402
47988989808656 47988981776400 1285137826728432 1285137830886750 47988973772816 47988965740560 1285137830886771 1285137835016076
47989021880336 47989013848080 1285137835016133 1285137839164173 47989005844496 47988997812240 1285137839164194 1285137843288303
47989053952016 47989045919760 1285137843288357 1285137847431783 47989037916176 47989029883920 1285137847431804 1285137851560350
47989086023696 47989077991440 1285137851560371 1285137855716358 47989069987856 47989061955600 1285137855716391 1285137859837194
47989118095376 47989110063120 1285137859837542 1285137863994849 47989102059536 47989094027280 1285137863995152 1285137868130844

47087830908944 47087822876688 1285141326149178 1285141330439433 47087814873104 47087806840848 1285141330439472 1285141334705619
47087862980624 47087854948368 1285141334705865 1285141338967956 47087846944784 47087838912528 1285141338967986 1285141343203533
47087895052304 47087887020048 1285141343203749 1285141347459669 47087879016464 47087870984208 1285141347459711 1285141351715859
47087927123984 47087919091728 1285141351715907 1285141355907522 47087911088144 47087903055888 1285141355907555 1285141360119309
47087959195664 47087951163408 1285141360119342 1285141364319213 47087943159824 47087935127568 1285141364319237 1285141368556482
47087991267344 47087983235088 1285141368556515 1285141372750431 47087975231504 47087967199248 1285141372750452 1285141376985420
47088023339024 47088015306768 1285141376985474 1285141381159785 47088007303184 47087999270928 1285141381159815 1285141385379150
47088055410704 47088047378448 1285141385379204 1285141389592497 47088039374864 47088031342608 1285141389592530 1285141393787481
47088087482384 47088079450128 1285141393787712 1285141398002040 47088071446544 47088063414288 1285141398002061 1285141402199685

47775361220624 47775353188368 146021292209172 146021296491279 47775345184784 47775337152528 146021296491300 146021300793834
47775393292304 47775385260048 146021300793870 146021305032219 47775377256464 47775369224208 146021305032249 146021309306118
47775425363984 47775417331728 146021309306139 146021313490611 47775409328144 47775401295888 146021313490674 146021317770036
47775457435664 47775449403408 146021317770072 146021321961684 47775441399824 47775433367568 146021321961714 146021326191204
47775489507344 47775481475088 146021326191225 146021330413971 47775473471504 47775465439248 146021330414001 146021334623403
47775521579024 47775513546768 146021334623424 146021338836588 47775505543184 47775497510928 146021338836621 146021343027429
47775553650704 47775545618448 146021343027450 146021347239228 47775537614864 47775529582608 146021347239264 146021351437929
47775585722384 47775577690128 146021351437950 146021355659091 47775569686544 47775561654288 146021355659124 146021359837983
47775617794064 47775609761808 146021359838019 146021364043692 47775601758224 47775593725968 146021364043740 146021368266021

47104023740432 47104015708176 146014161502743 146014165788618 47104007704592 47103999672336 146014165788639 146014170103500
47104130330640 47104122298384 146014170103878 146014174336023 47104114294800 47104031744016 146014174336077 146014178613498
47104162402320 47104154370064 146014178613519 146014182792801 47104146366480 47104138334224 146014182792822 146014187018355
47104194474000 47104186441744 146014187018763 146014191228330 47104178438160 47104170405904 146014191228357 146014195437657
47104226545680 47104218513424 146014195437897 146014199646501 47104210509840 47104202477584 146014199646522 146014203859365
47104258617360 47104250585104 146014203859584 146014208076621 47104242581520 47104234549264 146014208076657 146014212266172
47104290689040 47104282656784 146014212266418 146014216490124 47104274653200 47104266620944 146014216490145 146014220672289
47104322760720 47104314728464 146014220672541 146014224883983 47104306724880 47104298692624 146014224884004 146014229113512
47104354832400 47104346800144 146014229113761 146014233288792 47104338796560 47104330764304 146014233288828 146014237557666

47459538874384 47459530842128 1284652007846232 1284652012112469 47459522838544 47459440484368 1284652012112520 1284652016376723
47459570946064 47459562913808 1284652016376795 1284652020629337 47459554910224 47459546877968 1284652020629358 1284652024847571
47459603017744 47459594985488 1284652024847820 1284652029097248 47459586981904 47459578949648 1284652029097269 1284652033354503
47459635089424 47459627057168 1284652033354554 1284652037571636 47459619053584 47459611021328 1284652037571672 1284652041807057
47459667161104 47459659128848 1284652041807120 1284652046000751 47459651125264 47459643093008 1284652046000973 1284652050228096
47459699232784 47459691200528 1284652050228117 1284652054414209 47459683196944 47459675164688 1284652054414242 1284652058643342
47459731304464 47459723272208 1284652058643372 1284652062838701 47459715268624 47459707236368 1284652062838734 1284652067038872
47459763376144 47459755343888 1284652067038926 1284652071231963 47459747340304 47459739308048 1284652071231993 1284652075433940
47459795447824 47459787415568 1284652075434012 1284652079629164 47459779411984 47459771379728 1284652079629185 1284652083824634

47930710208528 47930702176272 1284641586256020 1284641590545303 47930694172688 47930616856592 1284641590545348 1284641594810430
47930742280208 47930734247952 1284641594810493 1284641599046709 47930726244368 47930718212112 1284641599046952 1284641603288976
47930774351888 47930766319632 1284641603289018 1284641607529821 47930758316048 47930750283792 1284641607530040 1284641611796109
47930806423568 47930798391312 1284641611796130 1284641615983338 47930790387728 47930782355472 1284641615983359 1284641620199937
47930838495248 47930830462992 1284641620200189 1284641624422626 47930822459408 47930814427152 1284641624422671 1284641628617007
47930870566928 47930862534672 1284641628617037 1284641632839330 47930854531088 47930846498832 1284641632839369 1284641637033039
47930902638608 47930894606352 1284641637033075 1284641641259913 47930886602768 47930878570512 1284641641259934 1284641645452239
47930934710288 47930926678032 1284641645452272 1284641649722130 47930918674448 47930910642192 1284641649722151 1284641653912095
47930966781968 47930958749712 1284641653912116 1284641658144090 47930950746128 47930942713872 1284641658144120 1284641662356624

47494060498960 47494052466704 1284347395985307 1284347400264123 47494044463120 47494036430864 1284347400264174 1284347404550247
47494167048208 47494159015952 1284347404550304 1284347408787690 47494151012368 47494068502544 1284347408787753 1284347413024182
47494199119888 47494191087632 1284347413024548 1284347417269857 47494183084048 47494175051792 1284347417269878 1284347421508185
47494231191568 47494223159312 1284347421508404 1284347425731552 47494215155728 47494207123472 1284347425731585 1284347429947686
47494263263248 47494255230992 1284347429947719 1284347434141398 47494247227408 47494239195152 1284347434141455 1284347438358996
47494295334928 47494287302672 1284347438359026 1284347442551493 47494279299088 47494271266832 1284347442551514 1284347446768662
47494327406608 47494319374352 1284347446768884 1284347450968596 47494311370768 47494303338512 1284347450968650 1284347455174218
47494359478288 47494351446032 1284347455174239 1284347459361510 47494343442448 47494335410192 1284347459361567 1284347463601050
47494391549968 47494383517712 1284347463601086 1284347467785666 47494375514128 47494367481872 1284347467785687 1284347472021558

47304593305616 47304585273360 1311556590417816 1311556594727781 47304577269776 47304569237520 1311556594727802 1311556599035595
47304625377296 47304617345040 1311556599035664 1311556603297344 47304609341456 47304601309200 1311556603297365 1311556607519199
47304657448976 47304649416720 1311556607519220 1311556611780003 47304641413136 47304633380880 1311556611780024 1311556616006139
47304689520656 47304681488400 1311556616006340 1311556620241173 47304673484816 47304665452560 1311556620241209 1311556624435413
47304721592336 47304713560080 1311556624435626 1311556628682222 47304705556496 47304697524240 1311556628682252 1311556632891924
47304753664016 47304745631760 1311556632892134 1311556637094681 47304737628176 47304729595920 1311556637094717 1311556641341241
47304785735696 47304777703440 1311556641341472 1311556645549260 47304769699856 47304761667600 1311556645549305 1311556649756862
47304817807376 47304809775120 1311556649757078 1311556653949482 47304801771536 47304793739280 1311556653949518 1311556658159598
47304849879056 47304841846800 1311556658159802 1311556662353901 47304833843216 47304825810960 1311556662353919 1311556666576359

46981424103440 46981416071184 1284352006442304 1284352010755641 46981408067600 46981400035344 1284352010755662 1284352015035705
46981530468368 46981522436112 1284352015035741 1284352019309085 46981514432528 46981506400272 1284352019309106 1284352023560433
46981562540048 46981554507792 1284352023560670 1284352027796424 46981546504208 46981538471952 1284352027796445 1284352031982771
46981594611728 46981586579472 1284352031983020 1284352036212066 46981578575888 46981570543632 1284352036212093 1284352040393667
46981626683408 46981618651152 1284352040393901 1284352044622479 46981610647568 46981602615312 1284352044622509 1284352048824975
46981658755088 46981650722832 1284352048825221 1284352053030006 46981642719248 46981634686992 1284352053030042 1284352057227459
46981690826768 46981682794512 1284352057227705 1284352061431998 46981674790928 46981666758672 1284352061432016 1284352065642108
46981722898448 46981714866192 1284352065642339 1284352069838409 46981706862608 46981698830352 1284352069838430 1284352074065889
46981754970128 46981746937872 1284352074065910 1284352078278276 46981738934288 46981730902032 1284352078278294 1284352082469360

47129040867344 47129032835088 1284355879769277 1284355884055785 47129024831504 47129016799248 1284355884055821 1284355888322202
47129072939024 47129064906768 1284355888322514 1284355892583900 47129056903184 47129048870928 1284355892583936 1284355896853290
47129105010704 47129096978448 1284355896853548 1284355901060496 47129088974864 47129080942608 1284355901060532 1284355905305586
47129137082384 47129129050128 1284355905305799 1284355909499793 47129121046544 47129113014288 1284355909499814 1284355913726226
47129169154064 47129161121808 1284355913726421 1284355917914907 47129153118224 47129145085968 1284355917914928 1284355922130939
47129201225744 47129193193488 1284355922131182 1284355926336909 47129185189904 47129177157648 1284355926336930 1284355930535796
47129233297424 47129225265168 1284355930536021 1284355934736690 47129217261584 47129209229328 1284355934736711 1284355938944016
47129265369104 47129257336848 1284355938944226 1284355943152620 47129249333264 47129241301008 1284355943152638 1284355947353241
47129297440784 47129289408528 1284355947353481 1284355951570545 47129281404944 47129273372688 1284355951570566 1284355955760954

47509481017360 47509472985104 1284350991398796 1284350995707039 47509464981520 47509456949264 1284350995707060 1284350999980584
47509513089040 47509505056784 1284350999980842 1284351004255935 47509497053200 47509489020944 1284351004255971 1284351008503575
47509545160720 47509537128464 1284351008504052 1284351012725082 47509529124880 47509521092624 1284351012725118 1284351016903704
47509577232400 47509569200144 1284351016903920 1284351021128184 47509561196560 47509553164304 1284351021128205 1284351025332786
47509609304080 47509601271824 1284351025332822 1284351029544336 47509593268240 47509585235984 1284351029544357 1284351033745500
47509641375760 47509633343504 1284351033745722 1284351037947621 47509625339920 47509617307664 1284351037947657 1284351042168459
47509673447440 47509665415184 1284351042168690 1284351046345005 47509657411600 47509649379344 1284351046345026 1284351050550111
47509705519120 47509697486864 1284351050550330 1284351054755520 47509689483280 47509681451024 1284351054755541 1284351058993461
47509737590800 47509729558544 1284351058993710 1284351063254358 47509721554960 47509713522704 1284351063254388 1284351067448424
