16 54
1291004376198387 1291004376259368 1291004380794678 1291004384934387 1291004376266280 1291004377674729 1291004388749670 1291004392899615
1291004384940297 1291004384994183 1291004396674875 1291004400788076 1291004392905594 1291004394325281 1291004404454196 1291004408586180
1291004400793308 1291004400949011 1291004411891472 1291004416032972 1291004408593158 1291004410118445 1291004419549017 1291004423695866
1291004416039968 1291004416459764 1291004428253145 1291004432402946 1291004423702670 1291004423752389 1291004435583726 1291004439721458
1291004432407017 1291004434039500 1291004443372689 1291004447432550 1291004439728766 1291004439777021 1291004450664072 1291004454723225
1291004447438295 1291004447483880 1291004458957875 1291004463026196 1291004454730272 1291004454779682 1291004466811953 1291004470875834
1291004463030180 1291004464079832 1291004474554539 1291004478723243 1291004470882278 1291004470942638 1291004482147290 1291004486225130
1291004478727641 1291004480631897 1291004489609433 1291004493749532 1291004486231730 1291004486848980 1291004497684659 1291004501782371
1291004493754005 1291004493793110 1291004505010752 1291004509090389 1291004501788605 1291004501840559 1291004511421164 1291004515520037

146062356972174 146062357031964 146062361854713 146062366006842 146062357039506 146062358283795 146062370297622 146062374445800
146062366014585 146062366577817 146062377565002 146062381718475 146062374452793 146062374511575 146062385472882 146062389587598
146062381724574 146062381767648 146062392796572 146062396926534 146062389594588 146062389652005 146062400272236 146062404395439
146062396932579 146062396980675 146062407976353 146062412067615 146062404402714 146062404441456 146062415653419 146062419740028
146062412072883 146062412123679 146062424906874 146062428980589 146062419746901 146062420736463 146062431923577 146062436011134
146062428985656 146062431039402 146062440354453 146062444447980 146062436018292 146062436056329 146062447486479 146062451556681
146062444453662 146062446424569 146062454901351 146062458965493 146062451563932 146062452397905 146062462984308 146062467062700
146062458970794 146062459578087 146062470688221 146062474772352 146062467069249 146062467118173 146062478526039 146062482606726
146062474777857 146062475514567 146062485009711 146062489100121 146062482613014 146062482651951 146062493940174 146062498037085

1285172670843645 1285172670902214 1285172675708112 1285172679814110 1285172670911793 1285172671030689 1285172684122191 1285172688238596
1285172679820356 1285172679961263 1285172691415731 1285172695567032 1285172688245685 1285172689786266 1285172699409360 1285172703559560
1285172695572462 1285172695626396 1285172707310985 1285172711415750 1285172703566202 1285172703604500 1285172714318175 1285172718401604
1285172711421252 1285172712545649 1285172722142640 1285172726223336 1285172718407670 1285172718449289 1285172729777733 1285172733843054
1285172726228781 1285172726617161 1285172738108010 1285172742192033 1285172733849405 1285172733906090 1285172745919389 1285172749997595
1285172742196653 1285172743127913 1285172754240543 1285172758331517 1285172750004732 1285172751447330 1285172761531209 1285172765623947
1285172758336194 1285172759748153 1285172769283365 1285172773382610 1285172765630895 1285172766689565 1285172776872987 1285172780963058
1285172773388229 1285172774781093 1285172784293442 1285172788365186 1285172780969892 1285172781031050 1285172792461770 1285172796543882
1285172788369056 1285172788421340 1285172800294977 1285172804376600 1285172796550818 1285172797365156 1285172807310303 1285172811387873

1285182741545616 1285182741605382 1285182746510304 1285182750648972 1285182741612309 1285182745107282 1285182754166472 1285182758290149
1285182750655473 1285182752016609 1285182762059556 1285182766174185 1285182758297964 1285182760460553 1285182769802253 1285182773940759
1285182766180338 1285182766223859 1285182778036008 1285182782178240 1285182773948049 1285182776006031 1285182785202096 1285182789352746
1285182782184663 1285182782234940 1285182793697250 1285182797797095 1285182789359637 1285182789429030 1285182800968146 1285182805075011
1285182797802417 1285182797848653 1285182808789467 1285182812869014 1285182805081167 1285182805132452 1285182816067476 1285182820133496
1285182812873571 1285182814486860 1285182823548261 1285182827633484 1285182820140402 1285182820204458 1285182831317796 1285182835414635
1285182827638557 1285182828999828 1285182839503179 1285182843671733 1285182835422192 1285182835472421 1285182847491759 1285182851600547
1285182843677592 1285182843725811 1285182855390825 1285182859472511 1285182851608458 1285182852028776 1285182863529444 1285182867618804
1285182859477836 1285182859526346 1285182870338859 1285182874415331 1285182867626631 1285182867905073 1285182877986864 1285182882059586

1285183314358794 1285183314418845 1285183318889556 1285183323080226 1285183314426054 1285183315466622 1285183327083549 1285183331282673
1285183323088407 1285183325075724 1285183334874558 1285183339032534 1285183331289201 1285183331337969 1285183342999812 1285183347131712
1285183339038180 1285183340212680 1285183349691570 1285183353812196 1285183347138651 1285183347192024 1285183357517118 1285183361626701
1285183353818808 1285183354971384 1285183365638604 1285183369730028 1285183361632446 1285183362471192 1285183373203950 1285183377299865
1285183369735755 1285183369790313 1285183381123491 1285183385220615 1285183377305682 1285183378960581 1285183388592681 1285183392703830
1285183385226021 1285183385292789 1285183396134354 1285183400237010 1285183392709644 1285183392757779 1285183404994905 1285183409094288
1285183400243349 1285183401341985 1285183412111895 1285183416182592 1285183409100078 1285183409439150 1285183420362423 1285183424437758
1285183416188349 1285183417546347 1285183427909943 1285183432022796 1285183424444250 1285183424500404 1285183436057934 1285183440124389
1285183432028703 1285183433776842 1285183443425196 1285183447539555 1285183440130344 1285183440885240 1285183451595222 1285183455692166

1285178496035574 1285178496092322 1285178500266471 1285178504402052 1285178496111315 1285178497182906 1285178508634230 1285178512770756
1285178504407779 1285178506252191 1285178516856780 1285178521007376 1285178512776273 1285178513912397 1285178524441506 1285178528577717
1285178521013448 1285178521374099 1285178531600187 1285178535712872 1285178528582760 1285178530112694 1285178539520856 1285178543602299
1285178535717777 1285178536464060 1285178547619224 1285178551744242 1285178543607993 1285178544305622 1285178555856651 1285178559977595
1285178551750290 1285178552392824 1285178562670977 1285178566784238 1285178559982605 1285178560030950 1285178570557671 1285178574644265
1285178566788912 1285178567610132 1285178579711121 1285178583839061 1285178574649167 1285178575586283 1285178587021344 1285178591100219
1285178583844110 1285178584524687 1285178594776479 1285178598861543 1285178591105271 1285178592152223 1285178602194465 1285178606263938
1285178598867123 1285178601191949 1285178610107124 1285178614218708 1285178606269668 1285178606318955 1285178617966923 1285178622070413
1285178614224126 1285178615159589 1285178626487367 1285178630621337 1285178622076542 1285178622746940 1285178633080548 1285178637170196

1285182028958559 1285182029019540 1285182033342711 1285182037535718 1285182029026452 1285182032398896 1285182041433306 1285182045592491
1285182037541490 1285182038403963 1285182048727038 1285182052883481 1285182045597669 1285182045649104 1285182056876520 1285182061041915
1285182052890312 1285182054035748 1285182064028358 1285182068149149 1285182061047522 1285182062185086 1285182072036120 1285182076166901
1285182068155017 1285182068856498 1285182079765170 1285182083859030 1285182076172109 1285182076939677 1285182087751014 1285182091827003
1285182083864493 1285182083908824 1285182096001608 1285182100106070 1285182091831842 1285182091884822 1285182103330551 1285182107425611
1285182100110450 1285182100151196 1285182110888334 1285182115052100 1285182107431116 1285182107485365 1285182119818281 1285182123914814
1285182115058298 1285182115593525 1285182127595691 1285182131670936 1285182123920391 1285182123963486 1285182135580281 1285182139642968
1285182131676339 1285182132676515 1285182142574502 1285182146661000 1285182139648239 1285182140912244 1285182150250512 1285182154335639
1285182146667588 1285182146727939 1285182158439720 1285182162550296 1285182154340676 1285182155503656 1285182166035291 1285182170116965

146061995036775 146061995095839 146061999559662 146062003702566 146061995103096 146061996149271 146062007409606 146062011557346
146062003710489 146062006625202 146062015407153 146062019579349 146062011563487 146062012200165 146062023460035 146062027623627
146062019586459 146062021298241 146062031416641 146062035524664 146062027629573 146062027674615 146062038396915 146062042462206
146062035531582 146062037549973 146062046681547 146062050762009 146062042467795 146062042514430 146062054211685 146062058300745
146062050768522 146062051436169 146062061603637 146062065695916 146062058306643 146062058721819 146062068865494 146062072963923
146062065702723 146062067072652 146062076904162 146062081009869 146062072969830 146062073523051 146062084590276 146062088665140
146062081015317 146062081072197 146062091910354 146062095980454 146062088670132 146062088714412 146062101354774 146062105451670
146062095986847 146062096038795 146062108761468 146062112834892 146062105457085 146062105504695 146062116422193 146062120515864
146062112840397 146062112930466 146062123927575 146062128012153 146062120521768 146062121020938 146062130765865 146062134850755

146054863011339 146054863070451 146054867665902 146054871841827 146054863082949 146054863196571 146054877531807 146054881722774
146054871848535 146054872827990 146054884659858 146054888801106 146054881727805 146054883027177 146054891964705 146054896116210
146054888808342 146054889932202 146054899779288 146054903881119 146054896121238 146054897135658 146054908408065 146054912510688
146054903886852 146054903940201 146054915896686 146054920002654 146054912515515 146054913783273 146054923368462 146054927473476
146054920008900 146054921334138 146054931253758 146054935334730 146054927477934 146054927539200 146054938846374 146054942915067
146054935340910 146054936175768 146054946482061 146054950581660 146054942921595 146054943577629 146054955001845 146054959085913
146054950588386 146054950632558 146054962293264 146054966387625 146054959090941 146054961043614 146054970950286 146054975024814
146054966393607 146054967028677 146054978119896 146054982242373 146054975029770 146054975071710 146054986536930 146054990619474
146054982248481 146054982302016 146054994695604 146054998793604 146054990625372 146054991349500 146055001060371 146055005120847

1284692710636914 1284692710695456 1284692716107864 1284692720267193 1284692710702716 1284692712129396 1284692724298224 1284692728438476
1284692720273757 1284692721764850 1284692732295537 1284692736403986 1284692728446435 1284692729909160 1284692740258959 1284692744377668
1284692736410010 1284692737812759 1284692747627079 1284692751785514 1284692744383857 1284692746042422 1284692755640586 1284692759772633
1284692751791790 1284692751847188 1284692763262812 1284692767356624 1284692759778849 1284692759834871 1284692771032689 1284692775112221
1284692767362906 1284692767415169 1284692778492603 1284692782573074 1284692775117861 1284692775156138 1284692785830585 1284692789926437
1284692782578369 1284692784173496 1284692794505532 1284692798590380 1284692789932968 1284692789978286 1284692801203008 1284692805292410
1284692798596260 1284692800911552 1284692811207276 1284692815269621 1284692805298914 1284692805348465 1284692818036572 1284692822118123
1284692815274898 1284692817498372 1284692825732343 1284692829823146 1284692822124888 1284692822179752 1284692833799247 1284692837895414
1284692829828261 1284692829878388 1284692841591666 1284692845700946 1284692837901195 1284692837941812 1284692848076100 1284692852149281

1284682288788081 1284682288846446 1284682294051389 1284682298278614 1284682288853442 1284682288972158 1284682302544383 1284682306692894
1284682298285745 1284682299594075 1284682310542083 1284682314693882 1284682306697649 1284682306761261 1284682318430775 1284682322556432
1284682314701082 1284682314741396 1284682326085032 1284682330224120 1284682322561460 1284682324081608 1284682333027461 1284682337208807
1284682330231338 1284682330282740 1284682341372588 1284682345464915 1284682337214963 1284682337255868 1284682349322213 1284682353436164
1284682345471182 1284682345625907 1284682357072698 1284682361166822 1284682353440517 1284682354443063 1284682363725321 1284682367810181
1284682361173101 1284682362536313 1284682372691880 1284682376772927 1284682367815668 1284682368389193 1284682380722856 1284682384887039
1284682376778531 1284682378416660 1284682389053496 1284682393144515 1284682384892592 1284682384938282 1284682395949227 1284682400059980
1284682393151388 1284682393199316 1284682403328894 1284682407422367 1284682400064372 1284682401635328 1284682411164564 1284682415249904
1284682407429024 1284682408942662 1284682419097566 1284682423193001 1284682415254191 1284682415887080 1284682425787878 1284682429844610

1284388098524802 1284388098582504 1284388103864352 1284388108019688 1284388098589755 1284388101353301 1284388112675838 1284388116830679
1284388108026138 1284388108468047 1284388119486831 1284388123587354 1284388116836178 1284388116879423 1284388127961084 1284388132089042
1284388123594269 1284388125130539 1284388135587573 1284388139723931 1284388132095633 1284388132556097 1284388143591969 1284388147721511
1284388139730693 1284388140231144 1284388151010210 1284388155118623 1284388147727205 1284388147779267 1284388158887322 1284388162978542
1284388155123777 1284388155177438 1284388166514129 1284388170592401 1284388162984716 1284388163026134 1284388173829146 1284388177913544
1284388170598728 1284388170642870 1284388181418354 1284388185485652 1284388177919067 1284388177959972 1284388189853190 1284388193955030
1284388185490776 1284388186483413 1284388197795468 1284388201874043 1284388193960328 1284388194007170 1284388205481405 1284388209555159
1284388201878990 1284388201924935 1284388213439700 1284388217508084 1284388209560784 1284388210103175 1284388220564955 1284388224697146
1284388217513538 1284388217689086 1284388228426836 1284388232533083 1284388224703617 1284388225650747 1284388235208057 1284388239277287

1311597293199615 1311597293286909 1311597299118234 1311597303269268 1311597293334516 1311597294484953 1311597306156945 1311597310315887
1311597303274980 1311597304842798 1311597314472693 1311597318611007 1311597310322769 1311597312147801 1311597321967089 1311597326068272
1311597318616821 1311597320570832 1311597329914893 1311597334041345 1311597326075136 1311597326706858 1311597338122023 1311597342245019
1311597334046130 1311597334934451 1311597345312078 1311597349392675 1311597342252111 1311597342293925 1311597354289308 1311597358368789
1311597349397742 1311597350172477 1311597362118399 1311597366185763 1311597358375767 1311597358412820 1311597368990757 1311597373073235
1311597366189750 1311597367377174 1311597377562918 1311597381637824 1311597373079202 1311597373116096 1311597384738720 1311597388840860
1311597381643113 1311597381695373 1311597392315880 1311597396400527 1311597388847604 1311597388895658 1311597399618708 1311597403708026
1311597396404865 1311597397630224 1311597407859492 1311597411950049 1311597403714290 1311597403767606 1311597415888863 1311597419958285
1311597411954075 1311597413452710 1311597423549345 1311597427637286 1311597419964588 1311597421778250 1311597430008465 1311597434068161

1284392709148134 1284392709207333 1284392715027261 1284392719170765 1284392709214401 1284392709322458 1284392722511373 1284392726637768
1284392719177347 1284392720987217 1284392730769770 1284392734930566 1284392726644062 1284392726697081 1284392738763090 1284392742912990
1284392734936899 1284392735654130 1284392746723464 1284392750824932 1284392742919215 1284392742963597 1284392754333984 1284392758439727
1284392750830473 1284392752486857 1284392761952496 1284392766010806 1284392758445925 1284392759828418 1284392770081743 1284392774148288
1284392766016956 1284392766070152 1284392777530338 1284392781614373 1284392774153631 1284392774804976 1284392784564324 1284392788660350
1284392781620073 1284392781672267 1284392793467835 1284392797584651 1284392788665492 1284392788726842 1284392800526580 1284392804626650
1284392797590954 1284392797636884 1284392808213300 1284392812290480 1284392804634783 1284392806146099 1284392816051931 1284392820118212
1284392812296159 1284392812350015 1284392824007844 1284392828092230 1284392820125040 1284392821469157 1284392832128631 1284392836214382
1284392828097552 1284392828873061 1284392839755363 1284392843829039 1284392836219665 1284392837144592 1284392845883688 1284392849966337

1284396582805026 1284396582867159 1284396587760873 1284396591905847 1284396582873771 1284396583495206 1284396595601334 1284396599760648
1284396591912558 1284396592580262 1284396603980265 1284396608110452 1284396599766345 1284396600028419 1284396612019425 1284396616168959
1284396608116995 1284396609187413 1284396619891896 1284396624014598 1284396616174629 1284396616213131 1284396628146072 1284396632255682
1284396624020910 1284396624068319 1284396635384265 1284396639480513 1284396632260374 1284396632297517 1284396643660305 1284396647769816
1284396639486681 1284396639874296 1284396651109449 1284396655210476 1284396647775432 1284396649104537 1284396658126392 1284396662211870
1284396655216533 1284396655267608 1284396666880443 1284396670963164 1284396662215902 1284396662266473 1284396674387877 1284396678473355
1284396670968927 1284396671015241 1284396682789437 1284396686862054 1284396678477948 1284396678523491 1284396689777598 1284396693851751
1284396686868321 1284396686923140 1284396697407426 1284396701493357 1284396693856980 1284396695689059 1284396705196443 1284396709301403
1284396701499567 1284396701846121 1284396712442631 1284396716510895 1284396709305933 1284396711929601 1284396719620389 1284396723702444

1284391694068893 1284391694126811 1284391699012023 1284391703176710 1284391694133492 1284391694256945 1284391706642181 1284391710789099
1284391703182158 1284391703959290 1284391714953210 1284391719080859 1284391710809127 1284391711553949 1284391723133670 1284391727262399
1284391719085914 1284391719144279 1284391730748957 1284391734823593 1284391727267349 1284391727923851 1284391739592330 1284391743689049
1284391734829101 1284391734883803 1284391746957270 1284391751038284 1284391743694014 1284391743873246 1284391755584124 1284391759686282
1284391751044566 1284391752130539 1284391763099967 1284391767169701 1284391759692009 1284391761387102 1284391769966859 1284391774052829
1284391767175137 1284391768513653 1284391777073229 1284391781161860 1284391774058355 1284391774102614 1284391785445632 1284391789536483
1284391781165937 1284391782688653 1284391793464449 1284391797557946 1284391789541856 1284391790550513 1284391801400472 1284391805493816
1284391797562599 1284391798105821 1284391808778192 1284391812845958 1284391805499504 1284391806583986 1284391816961796 1284391821038793
1284391812851064 1284391814607513 1284391824403365 1284391828476237 1284391821044481 1284391822362912 1284391831248102 1284391835348412
