16 295
1291084999865004 1291085000935920 1291085004848031 1291085044242792 1291085044242828 1291085045479242 1291085049888081 1291085089281036
1291085089282326 1291085090492253 1291085094703602 1291085133673701 1291085133673719 1291085134880187 1291085139011811 1291085178109206
1291085178110571 1291085179318581 1291085183244114 1291085222326266 1291085222326287 1291085223543198 1291085227636893 1291085266811304
1291085266812606 1291085268016539 1291085271780810 1291085310774588 1291085310774609 1291085311999629 1291085316052329 1291085355279969
1291085355281283 1291085356500108 1291085360424405 1291085399421243 1291085399421279 1291085400517884 1291085404725249 1291085443747797
1291085443749069 1291085444851917 1291085448691833 1291085487472041 1291085487472062 1291085488681641 1291085493042750 1291085531883285
1291085531884641 1291085533105611 1291085537078493 1291085575834284 1291085575834320 1291085577049953 1291085581369977 1291085620173339
1291085620174719 1291085621385873 1291085625447435 1291085664003378 1291085664003399 1291085665230141 1291085669722278 1291085708457216
1291085708458521 1291085709678570 1291085714094192 1291085752758921 1291085752758954 1291085753972574 1291085758564908 1291085797377969

146142980815371 146142981837945 146142986057583 146143025526804 146143025526825 146143026750468 146143030785759 146143069776294
146143069777956 146143070966712 146143075092951 146143114157262 146143114157283 146143115342808 146143119445089 146143158310086
146143158311331 146143159498782 146143163867397 146143202861376 146143202861397 146143204052184 146143208380239 146143247219511
146143247220828 146143248434799 146143252642581 146143291428111 146143291428147 146143292489292 146143297099317 146143335657603
146143335658908 146143336864371 146143341416850 146143380142212 146143380142233 146143381338447 146143385741091 146143424289240
146143424290941 146143425496038 146143430073762 146143468756992 146143468757013 146143469952267 146143474131096 146143512667575
146143512668922 146143513868754 146143518342798 146143557102339 146143557102375 146143558303935 146143562658762 146143601180187
146143601181582 146143602280338 146143606775088 146143645505184 146143645505205 146143646688948 146143650941373 146143689526914
146143689528192 146143690752222 146143694606976 146143733391441 146143733391477 146143734603123 146143738818522 146143777385808

1285253294868648 1285253295917217 1285253300058975 1285253339477394 1285253339477415 1285253340695622 1285253344984896 1285253384350056
1285253384350956 1285253385567990 1285253389474680 1285253428367847 1285253428367868 1285253429565588 1285253433890100 1285253472919923
1285253472920811 1285253474114439 1285253478187695 1285253517057006 1285253517057027 1285253518245192 1285253522744784 1285253561738454
1285253561739351 1285253562942270 1285253567148681 1285253605717461 1285253605717482 1285253606931540 1285253611275132 1285253650039281
1285253650040166 1285253651244579 1285253655539994 1285253694064404 1285253694064425 1285253695273020 1285253699446227 1285253738137845
1285253738138751 1285253739335784 1285253743638186 1285253782276377 1285253782276398 1285253783472525 1285253787751968 1285253826500829
1285253826501699 1285253827718238 1285253831840994 1285253870535762 1285253870535783 1285253871741993 1285253876097102 1285253914813113
1285253914814031 1285253916022485 1285253920362942 1285253958905856 1285253958905877 1285253960114568 1285253964627705 1285254003298236
1285254003299148 1285254004371498 1285254008447976 1285254047046936 1285254047046957 1285254048127512 1285254052526379 1285254091242090

1285263366001803 1285263367040445 1285263370958280 1285263410469192 1285263410469228 1285263411685119 1285263415860861 1285263454934580
1285263454935504 1285263456149658 1285263460441008 1285263499505649 1285263499505670 1285263500699763 1285263504986367 1285263543858468
1285263543859425 1285263545066499 1285263549346575 1285263588399444 1285263588399465 1285263589611579 1285263593875017 1285263632824221
1285263632825139 1285263634035159 1285263638228412 1285263677061495 1285263677061516 1285263678261687 1285263682420437 1285263720999600
1285263721000587 1285263722095680 1285263726391704 1285263765149613 1285263765149649 1285263766360239 1285263770555793 1285263809174955
1285263809175879 1285263810382998 1285263814596549 1285263853405374 1285263853405410 1285263854611845 1285263858748062 1285263897285450
1285263897286608 1285263898503060 1285263902660415 1285263941401083 1285263941401104 1285263942606726 1285263946897332 1285263985482876
1285263985484028 1285263986683611 1285263991012833 1285264029758472 1285264029758496 1285264030975131 1285264035121059 1285264073724267
1285264073725419 1285264074929292 1285264079022225 1285264117860912 1285264117860948 1285264119057177 1285264123134156 1285264161678369

1285263938836197 1285263939864315 1285263943960491 1285263983605002 1285263983605023 1285263984831168 1285263989025759 1285264028212770
1285264028214114 1285264029410265 1285264033818552 1285264072938444 1285264072938462 1285264074131835 1285264078189002 1285264117057017
1285264117058052 1285264118253735 1285264122412107 1285264161380850 1285264161380871 1285264162601577 1285264166657211 1285264205504271
1285264205505690 1285264206715389 1285264210738590 1285264249511688 1285264249511724 1285264250718162 1285264254987702 1285264293602598
1285264293603909 1285264294826889 1285264299394890 1285264338157740 1285264338157761 1285264339369932 1285264343718891 1285264382244378
1285264382245695 1285264383465645 1285264387838394 1285264426715697 1285264426715715 1285264427932515 1285264432214478 1285264470776337
1285264470777195 1285264471994178 1285264476158808 1285264514898339 1285264514898360 1285264516124907 1285264520475855 1285264559089122
1285264559090286 1285264560174738 1285264564588503 1285264603421859 1285264603421880 1285264604641101 1285264608865335 1285264647604467
1285264647605808 1285264648828845 1285264653276270 1285264692114891 1285264692114912 1285264693324818 1285264697721039 1285264736407818

1285259120191698 1285259121248055 1285259125462002 1285259164944639 1285259164944675 1285259166171234 1285259170353720 1285259209439100
1285259209440150 1285259210634456 1285259214643965 1285259253748923 1285259253748944 1285259254821084 1285259258849526 1285259297720241
1285259297721153 1285259298933240 1285259303451135 1285259342452206 1285259342452227 1285259343653025 1285259347966725 1285259386732503
1285259386733514 1285259387936739 1285259392222719 1285259431266060 1285259431266081 1285259432469750 1285259436508644 1285259475418344
1285259475419304 1285259476620000 1285259480966268 1285259519776713 1285259519776734 1285259520976866 1285259525334279 1285259563937865
1285259563938885 1285259565148161 1285259569478727 1285259608257279 1285259608257315 1285259609459412 1285259613705705 1285259652303792
1285259652304728 1285259653511451 1285259657919273 1285259696743020 1285259696743041 1285259697938769 1285259702068287 1285259740665258
1285259740666077 1285259741881545 1285259746182288 1285259784924099 1285259784924120 1285259786128107 1285259790528636 1285259829072327
1285259829073191 1285259830277136 1285259834165337 1285259872914315 1285259872914336 1285259874111204 1285259878156770 1285259916796827

1285262653508016 1285262654539779 1285262658700092 1285262698132293 1285262698132314 1285262699360487 1285262703603231 1285262742614535
1285262742615618 1285262743818156 1285262748095193 1285262787173694 1285262787173730 1285262788374579 1285262792565993 1285262831588709
1285262831589921 1285262832779799 1285262836971669 1285262875993641 1285262875993662 1285262877198909 1285262881534740 1285262920302840
1285262920303641 1285262921516442 1285262925773418 1285262964513450 1285262964513471 1285262965706241 1285262969828871 1285263008369469
1285263008370510 1285263009597540 1285263014166777 1285263052928847 1285263052928868 1285263054011220 1285263058236993 1285263096896016
1285263096897231 1285263098095962 1285263102346131 1285263141066582 1285263141066618 1285263142162560 1285263146556429 1285263185127147
1285263185128185 1285263186347478 1285263190672206 1285263229396608 1285263229396644 1285263230596821 1285263234858192 1285263273363219
1285263273364314 1285263274588329 1285263279005634 1285263317781927 1285263317781948 1285263318868689 1285263323304471 1285263361959336
1285263361960368 1285263363179796 1285263367469550 1285263406237809 1285263406237830 1285263407435082 1285263411205383 1285263449813025

146142619222977 146142620139720 146142624209922 146142663542103 146142663542124 146142664751124 146142669064500 146142708201942
146142708203826 146142709412097 146142713644422 146142752548608 146142752548629 146142753769443 146142758190309 146142797237997
146142797239509 146142798437958 146142802362948 146142840873222 146142840873243 146142842082543 146142847074339 146142885850206
146142885852048 146142887055204 146142891424404 146142929970216 146142929970237 146142931190478 146142935623632 146142974390706
146142974392575 146142975602070 146142979593870 146143018101522 146143018101540 146143019293443 146143023758406 146143062450927
146143062452214 146143063662300 146143067589231 146143106079042 146143106079063 146143107300483 146143111950714 146143150653792
146143150655682 146143151856774 146143155977109 146143194641745 146143194641766 146143195863846 146143200097809 146143238892018
146143238893755 146143240095243 146143244211174 146143282735230 146143282735266 146143283944560 146143288317177 146143326969924
146143326971256 146143328183292 146143332093357 146143370528832 146143370528853 146143371735036 146143376327619 146143414975671

146135486360274 146135487393885 146135491485516 146135530868871 146135530868907 146135532084939 146135536548636 146135575790676
146135575792023 146135576994750 146135581341879 146135620223751 146135620223787 146135621417571 146135625716550 146135664761253
146135664762672 146135665973553 146135669954772 146135708472075 146135708472096 146135709698157 146135714177388 146135752880337
146135752881654 146135754089475 146135758263285 146135796756582 146135796756603 146135797963425 146135802576696 146135841300771
146135841302058 146135842495638 146135846755191 146135885301291 146135885301312 146135886503019 146135891241738 146135929998105
146135929999413 146135931195747 146135935353429 146135973881286 146135973881307 146135974961568 146135979732792 146136018429843
146136018431082 146136019649064 146136023678220 146136062159679 146136062159700 146136063374283 146136067992978 146136106688721
146136106690107 146136107883153 146136112101897 146136150605145 146136150605166 146136151697664 146136156376185 146136195102222
146136195103506 146136196302234 146136200790906 146136239270454 146136239270475 146136240465756 146136245228916 146136283889226

1284773334821409 1284773335853283 1284773340099732 1284773379586338 1284773379586359 1284773380816251 1284773384992191 1284773424001944
1284773424002964 1284773425192509 1284773429279907 1284773468425548 1284773468425584 1284773469634410 1284773473569438 1284773512511526
1284773512512570 1284773513713017 1284773518090242 1284773557084719 1284773557084755 1284773558315397 1284773562605637 1284773601444234
1284773601445452 1284773602638807 1284773606862777 1284773645851647 1284773645851683 1284773647047684 1284773651146320 1284773689976985
1284773689978227 1284773691194697 1284773695600905 1284773734377756 1284773734377777 1284773735582838 1284773739967209 1284773778487893
1284773778488910 1284773779701132 1284773784119415 1284773822808324 1284773822808345 1284773824022739 1284773828343585 1284773866838784
1284773866839915 1284773868045081 1284773872554642 1284773911257765 1284773911257786 1284773912356038 1284773916706056 1284773955236427
1284773955237762 1284773956433520 1284773960823234 1284773999535558 1284773999535579 1284774000736278 1284774005168349 1284774043673238
1284774043674405 1284774044880633 1284774048871017 1284774087625860 1284774087625881 1284774088825260 1284774092841816 1284774131323059

1284762912351693 1284762913392573 1284762917550024 1284762957096603 1284762957096624 1284762958313097 1284762962252811 1284763001238144
1284763001239506 1284763002451614 1284763006769529 1284763045930749 1284763045930770 1284763047117402 1284763051414419 1284763090404522
1284763090405872 1284763091622027 1284763095816846 1284763134848361 1284763134848397 1284763136060436 1284763140382425 1284763179247773
1284763179249129 1284763180447632 1284763184506218 1284763223282634 1284763223282655 1284763224487470 1284763228789710 1284763267367589
1284763267368990 1284763268567847 1284763272763242 1284763311481518 1284763311481554 1284763312678122 1284763317078147 1284763355618244
1284763355619675 1284763356819237 1284763361192877 1284763399951212 1284763399951248 1284763401154746 1284763405402332 1284763443911655
1284763443913005 1284763445118579 1284763449518520 1284763488223023 1284763488223059 1284763489426218 1284763493704509 1284763532247870
1284763532249268 1284763533442434 1284763537850787 1284763576600134 1284763576600155 1284763577827212 1284763582147671 1284763620744258
1284763620745863 1284763621949973 1284763626309015 1284763665041961 1284763665041979 1284763666245117 1284763670052546 1284763708597965

1284468722242629 1284468723274869 1284468727242852 1284468766764525 1284468766764546 1284468767983332 1284468772046868 1284468811099824
1284468811100877 1284468812310492 1284468816394236 1284468855661242 1284468855661260 1284468856848393 1284468860888670 1284468899888244
1284468899889150 1284468901093998 1284468905591520 1284468944627454 1284468944627475 1284468945835635 1284468949836699 1284468988664718
1284468988665678 1284468989871156 1284468994116414 1284469033068531 1284469033068552 1284469034277795 1284469038354843 1284469077185253
1284469077186192 1284469078385712 1284469082648100 1284469121351610 1284469121351631 1284469122585957 1284469126420302 1284469164925611
1284469164927072 1284469166133075 1284469170828588 1284469209562344 1284469209562365 1284469210768728 1284469214663235 1284469253314443
1284469253315667 1284469254409077 1284469259001849 1284469297754841 1284469297754862 1284469298957313 1284469302890475 1284469341486048
1284469341486981 1284469342693125 1284469347138084 1284469385788449 1284469385788470 1284469387003248 1284469391046609 1284469429535946
1284469429536870 1284469430757240 1284469435278819 1284469473944556 1284469473944577 1284469475145849 1284469479157446 1284469517679342

1311677917011885 1311677918057649 1311677922030810 1311677961510195 1311677961510213 1311677962713297 1311677966726331 1311678005754036
1311678005755230 1311678006979362 1311678011615262 1311678050564997 1311678050565018 1311678051752175 1311678056075355 1311678094841196
1311678094842396 1311678096063795 1311678100625508 1311678139657680 1311678139657716 1311678140860056 1311678144826092 1311678183716730
1311678183717891 1311678184932879 1311678188947431 1311678227917212 1311678227917248 1311678229120275 1311678233236233 1311678272065938
1311678272067474 1311678273292857 1311678277588440 1311678316306623 1311678316306644 1311678317521032 1311678321720666 1311678360262539
1311678360263727 1311678361492683 1311678365851041 1311678404563950 1311678404563971 1311678405763593 1311678409820526 1311678448433940
1311678448434996 1311678449544180 1311678454256004 1311678493008009 1311678493008030 1311678494225262 1311678498206097 1311678536887620
1311678536888826 1311678538106754 1311678542563218 1311678581249601 1311678581249637 1311678582384321 1311678586368036 1311678624950340
1311678624951402 1311678626166771 1311678630820827 1311678669480429 1311678669480450 1311678670703952 1311678674995362 1311678713505765

1284473333123817 1284473334179535 1284473338190793 1284473377814250 1284473377814286 1284473379044973 1284473383132359 1284473422176729
1284473422178178 1284473423373147 1284473427458418 1284473466550434 1284473466550455 1284473467745925 1284473471886204 1284473510758608
1284473510759877 1284473511958308 1284473516084796 1284473555134680 1284473555134701 1284473556339468 1284473560544166 1284473599369701
1284473599371216 1284473600583990 1284473604953688 1284473643959493 1284473643959514 1284473645159358 1284473649315726 1284473688114732
1284473688116106 1284473689332348 1284473693562162 1284473732267568 1284473732267586 1284473733498516 1284473737717482 1284473776255689
1284473776257204 1284473777456859 1284473782028763 1284473820711261 1284473820711297 1284473821929426 1284473826364716 1284473864946042
1284473864947500 1284473866163643 1284473870329203 1284473909039259 1284473909039277 1284473910257544 1284473914587015 1284473953156860
1284473953158123 1284473954466678 1284473958761625 1284473997759243 1284473997759264 1284473998968138 1284474003070329 1284474041781078
1284474041782569 1284474042988437 1284474047186202 1284474085927545 1284474085927581 1284474087141558 1284474091141032 1284474129706860

1284477206820309 1284477207851907 1284477211953399 1284477251395710 1284477251395746 1284477252629226 1284477256949574 1284477295961118
1284477295962237 1284477297172005 1284477301444224 1284477340435158 1284477340435179 1284477341639436 1284477345638100 1284477384561480
1284477384562581 1284477385769328 1284477390156447 1284477429246654 1284477429246675 1284477430452099 1284477434499879 1284477473423688
1284477473424903 1284477474622890 1284477479118639 1284477518083470 1284477518083491 1284477519282408 1284477523264476 1284477562108731
1284477562109610 1284477563320257 1284477567512874 1284477606296064 1284477606296100 1284477607500621 1284477611431692 1284477650075937
1284477650077116 1284477651301317 1284477655605279 1284477694446192 1284477694446228 1284477695646438 1284477699737352 1284477738287754
1284477738288834 1284477739498902 1284477743809131 1284477782541498 1284477782541519 1284477783755817 1284477788070366 1284477826601346
1284477826602132 1284477827803833 1284477832273056 1284477871028238 1284477871028256 1284477872230428 1284477876322308 1284477914933640
1284477914934750 1284477916153983 1284477920412957 1284477959129382 1284477959129403 1284477960199758 1284477964543968 1284478003051656

1284472318369383 1284472319404167 1284472323353499 1284472362662262 1284472362662298 1284472363759515 1284472368242079 1284472407399747
1284472407401076 1284472408604400 1284472412823327 1284472451684274 1284472451684295 1284472452880092 1284472457367381 1284472496475051
1284472496476146 1284472497682800 1284472501719354 1284472540406589 1284472540406625 1284472541601645 1284472546249977 1284472585146144
1284472585147146 1284472586360151 1284472590606042 1284472629125685 1284472629125706 1284472630325505 1284472634800089 1284472673517594
1284472673518677 1284472674735027 1284472678783851 1284472717354638 1284472717354659 1284472718572569 1284472722936042 1284472761741786
1284472761743118 1284472762944498 1284472766960154 1284472805508807 1284472805508828 1284472806720516 1284472811127843 1284472849842516
1284472849843635 1284472851075804 1284472855051290 1284472893686844 1284472893686865 1284472894884810 1284472899276516 1284472937977428
1284472937978562 1284472939187793 1284472943393661 1284472981920879 1284472981920900 1284472983131154 1284472987497078 1284473026270674
1284473026271769 1284473027479965 1284473031411996 1284473069987166 1284473069987187 1284473071183419 1284473075512872 1284473114242797
