16 35
1290997404260259 1290997404315993 1290997410375939 1290997414895013 1290997404316278 1290997404335328 1290997414901031 1290997419428787
1290997410375045 1290997410397194 1290997419704421 1290997424241294 1290997414900716 1290997414913253 1290997424246649 1290997428758571
1290997419703869 1290997419712617 1290997428762516 1290997433226537 1290997424246007 1290997424254944 1290997433303997 1290997437791454
1290997428761925 1290997428771069 1290997437795579 1290997442262468 1290997433303412 1290997433314056 1290997442267631 1290997446768426
1290997437795066 1290997437803742 1290997447165089 1290997451583432 1290997442266779 1290997442276886 1290997452185484 1290997456639008
1290997447164555 1290997447174833 1290997457340552 1290997461743040 1290997452184836 1290997452194034 1290997461747741 1290997466179851
1290997457339835 1290997457349288 1290997466188923 1290997470595857 1290997461747114 1290997461756237 1290997470620397 1290997475077647
1290997466188401 1290997466197743 1290997475768745 1290997480178133 1290997470619827 1290997470628182 1290997480183257 1290997484597046
1290997475768010 1290997475777694 1290997485183159 1290997489414281 1290997480182609 1290997480206903 1290997489418754 1290997493644149

146055385097274 146055385150467 146055391958742 146055396383259 146055385150737 146055385168833 146055396823050 146055401267208
146055391958061 146055391978116 146055401271849 146055405773775 146055396822111 146055396829737 146055405779103 146055410250696
146055401271327 146055401279745 146055410256252 146055414752175 146055405778143 146055405787812 146055414946416 146055419441412
146055410255730 146055410264583 146055419446443 146055423917532 146055414945597 146055414954537 146055424339278 146055428741577
146055419445795 146055419454564 146055428746557 146055433183005 146055424338495 146055424347018 146055433188399 146055437627559
146055428746008 146055428768370 146055438422727 146055442868010 146055433187499 146055433197222 146055442873305 146055447311031
146055438422187 146055438431256 146055447385962 146055451801365 146055442872270 146055442879932 146055451806615 146055456194907
146055447385425 146055447393186 146055456401673 146055460815213 146055451805565 146055451814187 146055460820070 146055465219885
146055456401124 146055456410049 146055465600708 146055469882602 146055460819167 146055460829589 146055469887438 146055474057843

1285165699591677 1285165699648896 1285165705990815 1285165710440898 1285165699649232 1285165699668153 1285165710558726 1285165714995999
1285165705989948 1285165706011638 1285165715418408 1285165719787506 1285165710557790 1285165710568224 1285165720019658 1285165724368935
1285165715417886 1285165715439156 1285165724373303 1285165728693840 1285165720018719 1285165720028361 1285165728698832 1285165733037810
1285165724372778 1285165724383617 1285165733172315 1285165737478023 1285165728697968 1285165728709128 1285165738378140 1285165742733651
1285165733171790 1285165733181096 1285165742738430 1285165747028784 1285165738377462 1285165738389660 1285165747033335 1285165751352954
1285165742737911 1285165742746968 1285165752369123 1285165756683318 1285165747032390 1285165747043127 1285165756688067 1285165761031485
1285165752368763 1285165752378660 1285165761036192 1285165765319562 1285165756687476 1285165756697499 1285165765324833 1285165769704518
1285165761035859 1285165761045177 1285165770041757 1285165774419105 1285165765324176 1285165765333239 1285165774567404 1285165778893629
1285165770041226 1285165770048429 1285165778897667 1285165783166463 1285165774566750 1285165774575285 1285165783171326 1285165787350710

1285175769241344 1285175769296253 1285175775948297 1285175780418399 1285175769296598 1285175769316197 1285175780878119 1285175785414854
1285175775947430 1285175775971934 1285175785420398 1285175789824818 1285175780877630 1285175780888451 1285175789830023 1285175794331046
1285175785419927 1285175785431312 1285175794335903 1285175798889690 1285175789829474 1285175789839890 1285175799018555 1285175803515603
1285175794334967 1285175794344405 1285175803520373 1285175807948985 1285175799017991 1285175799041769 1285175807954397 1285175812414533
1285175803519758 1285175803530393 1285175812600527 1285175817011430 1285175807953680 1285175807962746 1285175817503052 1285175821929804
1285175812599927 1285175812609623 1285175822266536 1285175826676251 1285175817502290 1285175817512073 1285175826680913 1285175831142204
1285175822265942 1285175822275140 1285175831529672 1285175835980577 1285175826680142 1285175826689463 1285175835985665 1285175840415660
1285175831529075 1285175831536977 1285175840420628 1285175844870312 1285175835984876 1285175835993528 1285175844875118 1285175849284287
1285175840420025 1285175840428620 1285175850181266 1285175854433610 1285175844874392 1285175844882525 1285175854437921 1285175858649813

1285176342158448 1285176342215796 1285176348546069 1285176353070366 1285176342216129 1285176342235029 1285176353076726 1285176357615183
1285176348545232 1285176348566880 1285176358059258 1285176362546868 1285176353075883 1285176353087010 1285176362551407 1285176367029780
1285176358058709 1285176358068708 1285176367035378 1285176371490294 1285176362551128 1285176362559831 1285176371624361 1285176376104588
1285176367034772 1285176367056696 1285176376109994 1285176380426895 1285176371623422 1285176371632758 1285176380851167 1285176385152786
1285176376109490 1285176376119567 1285176385405824 1285176389728641 1285176380850366 1285176380860668 1285176390054192 1285176394372206
1285176385405146 1285176385415001 1285176394693224 1285176399020577 1285176390053361 1285176390063327 1285176399271089 1285176403577496
1285176394692687 1285176394701924 1285176403929081 1285176408271824 1285176399270363 1285176399280806 1285176410111745 1285176414406701
1285176403928499 1285176403936239 1285176414411795 1285176418735224 1285176410110707 1285176410121465 1285176419387430 1285176423674223
1285176414411045 1285176414421848 1285176424025628 1285176428257626 1285176419386602 1285176419395095 1285176428262018 1285176432478236

1285171523807595 1285171523862567 1285171530151563 1285171534617711 1285171523862912 1285171523881866 1285171534624476 1285171539121470
1285171530150663 1285171530174189 1285171540838040 1285171545346809 1285171534623792 1285171534634184 1285171545537099 1285171550042070
1285171540837452 1285171540844424 1285171550047950 1285171554447093 1285171545536304 1285171545544065 1285171555127769 1285171559546736
1285171550047005 1285171550056866 1285171560354759 1285171564799565 1285171555127202 1285171555137051 1285171564804698 1285171569298479
1285171560353934 1285171560377202 1285171569303756 1285171573730775 1285171564803711 1285171564813197 1285171573736214 1285171578174612
1285171569303021 1285171569312063 1285171578727665 1285171583173053 1285171573735374 1285171573745490 1285171583650629 1285171588106502
1285171578726945 1285171578736599 1285171588112373 1285171592545818 1285171583649498 1285171583658873 1285171592619021 1285171597059039
1285171588111773 1285171588121991 1285171597064637 1285171601499798 1285171592618277 1285171592626362 1285171601876193 1285171606325559
1285171597063911 1285171597075905 1285171606330923 1285171610622759 1285171601875443 1285171601884830 1285171610627175 1285171614798012

1285175057087688 1285175057141121 1285175063724294 1285175068267875 1285175057141460 1285175057159289 1285175068274853 1285175072779257
1285175063723364 1285175063743752 1285175074012698 1285175078497326 1285175068274016 1285175068283112 1285175078503374 1285175082992859
1285175074011825 1285175074021821 1285175083013937 1285175087476137 1285175078502795 1285175078523990 1285175087793537 1285175092214682
1285175083013364 1285175083022883 1285175093138424 1285175097576792 1285175087792613 1285175087803998 1285175097582105 1285175102013978
1285175093137605 1285175093166072 1285175102304852 1285175106742950 1285175097581325 1285175097592791 1285175106843717 1285175111231565
1285175102304246 1285175102315727 1285175111953233 1285175116387626 1285175106842994 1285175106851877 1285175116392684 1285175120828316
1285175111950680 1285175111963427 1285175120833389 1285175125150206 1285175116391967 1285175116402398 1285175125811535 1285175130225810
1285175120832762 1285175120840226 1285175130230802 1285175134663815 1285175125810791 1285175125821327 1285175134670289 1285175139090042
1285175130230025 1285175130240141 1285175139128934 1285175143347588 1285175134669539 1285175134679406 1285175143353102 1285175147556906

146055022773678 146055022838664 146055028499643 146055033000144 146055022839030 146055022856139 146055033007929 146055037544019
146055028498806 146055028516071 146055038526777 146055043030554 146055033006885 146055033019674 146055043035300 146055047529501
146055038526228 146055038536497 146055047860026 146055052264713 146055043034499 146055043045398 146055052269714 146055056732940
146055047859510 146055047868588 146055057091644 146055061570476 146055052268823 146055052279359 146055061659366 146055066085716
146055057091122 146055057099759 146055066302052 146055070754631 146055061658427 146055061668696 146055070759326 146055075174411
146055066301548 146055066310494 146055075178962 146055079612929 146055070758519 146055070766949 146055079790883 146055084208659
146055075178437 146055075187026 146055084213123 146055088650825 146055079789749 146055079797210 146055088655073 146055093099186
146055084212376 146055084218805 146055093544425 146055097960692 146055088654230 146055088660845 146055098271786 146055102656544
146055093543738 146055093552285 146055102661062 146055106974807 146055098270613 146055098278758 146055106979355 146055111156417

146047891344156 146047891399440 146047897401585 146047901950539 146047891400136 146047891417788 146047901956569 146047906470282
146047897400739 146047897421379 146047906474875 146047911018549 146047901955693 146047901965524 146047911110175 146047915595088
146047906474218 146047906481334 146047915600572 146047920047934 146047911109428 146047911119061 146047920908364 146047925361321
146047915599957 146047915608735 146047925365851 146047929809496 146047920907635 146047920917490 146047930524357 146047934923149
146047925365233 146047925374302 146047935366753 146047939788999 146047930523619 146047930532727 146047939988499 146047944431595
146047935365958 146047935375432 146047944557205 146047948974234 146047939987740 146047939998381 146047949413323 146047953852255
146047944556566 146047944565020 146047953856356 146047958274813 146047949412579 146047949436576 146047959071361 146047963494111
146047953855747 146047953864918 146047963563174 146047968038262 146047959070536 146047959078801 146047968051078 146047972451031
146047963562550 146047963572039 146047972455798 146047976687184 146047968050343 146047968059880 146047976692161 146047980898677

1284685738387716 1284685738441224 1284685744770495 1284685749146529 1284685738441251 1284685738459191 1284685749152931 1284685753648029
1284685744769544 1284685744794606 1284685753734564 1284685758331569 1284685749152241 1284685749163356 1284685759166856 1284685763698191
1284685753733916 1284685753742049 1284685763759967 1284685768253619 1284685759166274 1284685759175112 1284685768825875 1284685773332958
1284685763759367 1284685763780040 1284685773625575 1284685778078790 1284685768825236 1284685768833567 1284685778196546 1284685782661815
1284685773624810 1284685773633900 1284685782665868 1284685787093496 1284685778195922 1284685778204340 1284685787135403 1284685791597906
1284685782665316 1284685782672891 1284685791834978 1284685796270130 1284685787134788 1284685787141649 1284685796274873 1284685800707907
1284685791834408 1284685791845589 1284685800986763 1284685805413920 1284685796274066 1284685796283774 1284685806198582 1284685810635858
1284685800986154 1284685800995151 1284685810639638 1284685815088464 1284685806197772 1284685806205989 1284685815093315 1284685819513878
1284685810639059 1284685810647591 1284685820032905 1284685824295305 1284685815092709 1284685815100785 1284685824299859 1284685828496790

1284675316470456 1284675316528119 1284675324058623 1284675328544832 1284675316528461 1284675316546170 1284675328551105 1284675333098970
1284675324058035 1284675324079518 1284675333105438 1284675337583802 1284675328550322 1284675328561392 1284675337588512 1284675342111954
1284675333105081 1284675333115095 1284675342705330 1284675347214981 1284675337588353 1284675337597026 1284675347348532 1284675351867534
1284675342705000 1284675342725109 1284675352064874 1284675356469519 1284675347347794 1284675347358735 1284675356672214 1284675361120845
1284675352063836 1284675352073160 1284675361125405 1284675365564523 1284675356671623 1284675356681007 1284675366318759 1284675370769067
1284675361124865 1284675361134018 1284675370817094 1284675375220623 1284675366318222 1284675366327414 1284675375224805 1284675379671729
1284675370816356 1284675370826346 1284675379862784 1284675384304482 1284675375223983 1284675375234006 1284675384379620 1284675388781700
1284675379862247 1284675379872003 1284675388787457 1284675393250644 1284675384378951 1284675384387513 1284675393410292 1284675397875951
1284675388786938 1284675388796280 1284675397881795 1284675402124620 1284675393409698 1284675393417762 1284675402129462 1284675406350480

1284381126404655 1284381126458568 1284381133521378 1284381138079821 1284381126458760 1284381126476304 1284381138085992 1284381142645968
1284381133520745 1284381133541850 1284381142689090 1284381147177222 1284381138084942 1284381138096078 1284381147181884 1284381151666878
1284381142688571 1284381142697907 1284381151984041 1284381156485796 1284381147181029 1284381147189612 1284381156895254 1284381161415369
1284381151983558 1284381151994400 1284381161620155 1284381166089303 1284381156894528 1284381156916737 1284381166208382 1284381170609085
1284381161619642 1284381161631165 1284381170784174 1284381175205985 1284381166207632 1284381166218375 1284381175754184 1284381180174024
1284381170783703 1284381170795070 1284381180350187 1284381184745142 1284381175753350 1284381175764273 1284381184749543 1284381189159588
1284381180349689 1284381180360402 1284381189406611 1284381193845981 1284381184748712 1284381184759998 1284381193877274 1284381198266613
1284381189406077 1284381189416163 1284381198630651 1284381203058525 1284381193876308 1284381193885578 1284381203251047 1284381207656055
1284381198629958 1284381198640461 1284381207660951 1284381211925175 1284381203250303 1284381203260785 1284381211929279 1284381216106308

1311590320991220 1311590321045181 1311590327903271 1311590332398081 1311590321045370 1311590321063733 1311590332406400 1311590336901435
1311590327902473 1311590327921505 1311590337226569 1311590341734360 1311590332405533 1311590332414749 1311590341739613 1311590346224496
1311590337225996 1311590337243702 1311590346229515 1311590350703349 1311590341738836 1311590341746828 1311590350708149 1311590355207426
1311590346229035 1311590346236208 1311590355523260 1311590359932987 1311590350707612 1311590350717362 1311590360419332 1311590364852327
1311590355522687 1311590355532212 1311590364856893 1311590369302290 1311590360418435 1311590360428806 1311590369307177 1311590373739194
1311590364856095 1311590364865371 1311590373743322 1311590378170920 1311590369306583 1311590369315958 1311590378395413 1311590382812496
1311590373742722 1311590373751785 1311590382818373 1311590387220966 1311590378394852 1311590378405103 1311590387225532 1311590391676080
1311590382817779 1311590382825558 1311590392181148 1311590396634363 1311590387224773 1311590387233551 1311590397196806 1311590401645002
1311590392180383 1311590392190184 1311590402323086 1311590406534684 1311590397196194 1311590397205269 1311590406539685 1311590410721544

1284385736892036 1284385736948175 1284385743487326 1284385747975965 1284385736948499 1284385736967285 1284385747982358 1284385752482904
1284385743486480 1284385743507093 1284385752772524 1284385757278980 1284385747981275 1284385747991070 1284385757430096 1284385761968622
1284385752772179 1284385752781545 1284385762537569 1284385766979897 1284385757429274 1284385757437890 1284385767029148 1284385771493775
1284385762537026 1284385762544712 1284385771742754 1284385776155430 1284385767028311 1284385767037410 1284385776482907 1284385780905255
1284385771742205 1284385771750128 1284385781087235 1284385785548949 1284385776482145 1284385776491838 1284385785968337 1284385790409762
1284385781086860 1284385781094804 1284385790589438 1284385795011432 1284385785967323 1284385785977784 1284385795605249 1284385800037923
1284385790588823 1284385790598810 1284385800043335 1284385804477914 1284385795604454 1284385795614516 1284385804607007 1284385809059076
1284385800042819 1284385800052509 1284385809064392 1284385813461375 1284385804606218 1284385804616025 1284385813830204 1284385818267765
1284385809063855 1284385809072015 1284385818626958 1284385822884066 1284385813829565 1284385813854300 1284385822888791 1284385827064080

1284389610812610 1284389610866973 1284389617319412 1284389621832249 1284389610867108 1284389610885132 1284389621837004 1284389626381767
1284389617318728 1284389617339554 1284389626642950 1284389631119883 1284389621836677 1284389621847183 1284389631337740 1284389635846533
1284389626642395 1284389626653795 1284389635953450 1284389640418197 1284389631337152 1284389631347370 1284389640521322 1284389645017335
1284389635952937 1284389635962864 1284389645022735 1284389649433695 1284389640520500 1284389640531246 1284389649939873 1284389654391426
1284389645022204 1284389645032485 1284389654763960 1284389659170468 1284389649939060 1284389649950490 1284389659633569 1284389664061923
1284389654763261 1284389654772888 1284389664144990 1284389668597224 1284389659632816 1284389659657260 1284389669162382 1284389673624303
1284389664144468 1284389664153192 1284389673628740 1284389678027808 1284389669161608 1284389669173629 1284389678031888 1284389682458367
1284389673628230 1284389673637584 1284389682463338 1284389686889706 1284389678031099 1284389678040957 1284389687150418 1284389691572214
1284389682462810 1284389682470580 1284389691660912 1284389695930149 1284389687149647 1284389687158986 1284389695933929 1284389700116985

1284384721982535 1284384722084460 1284384729087369 1284384733588650 1284384722084901 1284384722136993 1284384733593951 1284384738112509
1284384729086640 1284384729109200 1284384738599697 1284384743057313 1284384733593108 1284384733604352 1284384743285175 1284384747770715
1284384738599196 1284384738609462 1284384747775203 1284384752175027 1284384743284395 1284384743305878 1284384752308656 1284384756729141
1284384747774678 1284384747783939 1284384756734301 1284384761182953 1284384752307903 1284384752318121 1284384761361333 1284384765773121
1284384756733548 1284384756744756 1284384765935952 1284384770390133 1284384761360535 1284384761370138 1284384770628552 1284384775083237
1284384765935247 1284384765946008 1284384775087410 1284384779503488 1284384770627763 1284384770639085 1284384779747613 1284384784220508
1284384775087086 1284384775096941 1284384784224534 1284384788695920 1284384779746860 1284384779755815 1284384788700807 1284384793125291
1284384784223958 1284384784233216 1284384793751160 1284384798165810 1284384788700048 1284384788709063 1284384798462321 1284384802902201
1284384793750650 1284384793759851 1284384803452734 1284384807679476 1284384798461562 1284384798471198 1284384807683958 1284384811870755
