16 3214
1292104417039911 1292104417096353 1292104477927719 1292104853263800 1292104417096389 1292104417516023 1292104895883588 1292105266553088
1292105266553316 1292105266599645 1292105330045166 1292105705804454 1292105266599678 1292105266614294 1292105745661797 1292106120153861
1292106120154071 1292106120207996 1292106177583053 1292106552079725 1292106120208047 1292106120224943 1292106620693691 1292106995034786
1292106995035023 1292106995089551 1292107081535127 1292107455991662 1292106995089587 1292106995102670 1292107524172803 1292107896704859
1292107896705084 1292107896758109 1292107982425698 1292108355167046 1292107896758130 1292107896775347 1292108427554550 1292108801659113
1292108801659362 1292108801714001 1292108894730990 1292109317397954 1292108801714022 1292108801729016 1292109410034078 1292109833100261
1292109833100543 1292109833154345 1292109948784932 1292110404249330 1292109833154366 1292109833171859 1292110482307506 1292110937344557
1292110937344800 1292110937400822 1292111031342384 1292111482382751 1292110937400843 1292110937414694 1292111561900061 1292112014738649
1292112014738922 1292112014791005 1292112109669704 1292112561550266 1292112014791026 1292112014808879 1292112643142349 1292113093903110

147162398660421 147162398714061 147162459912477 147162832155258 147162398714097 147162399107769 147162875706753 147163246762101
147163246763403 147163246806717 147163310495247 147163682269410 147163246806738 147163246819974 147163726946499 147164098288932
147164098290291 147164098330446 147164157160545 147164528965515 147164098330479 147164098347252 147164599149126 147164970196374
147164970198108 147164970243261 147165054377814 147165425885205 147164970243282 147164970255444 147165500154369 147165871212867
147165871214586 147165871254549 147165958292496 147166329075807 147165871254570 147165871271379 147166403713842 147166775956734
147166775958057 147166775996784 147166869983598 147167284748439 147166775996805 147166776009267 147167383880820 147167798509257
147167798511156 147167798562618 147167922170769 147168374361321 147167798562639 147167798579421 147168450455934 147168901634283
147168901635981 147168901692117 147168997967577 147169447819503 147168901692138 147168901706733 147169528788537 147169975707972
147169975708956 147169975748508 147170077046871 147170530051611 147169975748529 147169975765029 147170609134269 147171061325139

1286272710962778 1286272711017201 1286272772472564 1286273144972673 1286272711017222 1286272711423491 1286273188007370 1286273559795471
1286273559796437 1286273559846675 1286273619554418 1286273991281811 1286273559846711 1286273559861573 1286274035267229 1286274405559866
1286274405560874 1286274405604266 1286274471884289 1286274843537459 1286274405604287 1286274405622674 1286274915217890 1286275286217666
1286275286217915 1286275286277639 1286275371751485 1286275745130255 1286275286277678 1286275286292834 1286275815654843 1286276185460832
1286276185461135 1286276185502619 1286276272914573 1286276645905497 1286276185502640 1286276185519191 1286276716825248 1286277084484494
1286277084484515 1286277084524361 1286277184812999 1286277625593639 1286277084524388 1286277084538581 1286277697927935 1286278137609771
1286278137610029 1286278137665412 1286278235414457 1286278686835197 1286278137665433 1286278137683127 1286278764478722 1286279214114786
1286279214115062 1286279214164322 1286279313562947 1286279765575317 1286279214164358 1286279214179895 1286279842866543 1286280292246185
1286280292246446 1286280292290909 1286280395208414 1286280847809174 1286280292290930 1286280292309671 1286280927552180 1286281380568776

1286282790224001 1286282790277122 1286282851957551 1286283224989356 1286282790277158 1286282790699324 1286283268300986 1286283638417421
1286283638417652 1286283638463264 1286283700077570 1286284073212278 1286283638463300 1286283638478636 1286284117751115 1286284487570775
1286284487571051 1286284487613921 1286284546734771 1286284920839451 1286284487614146 1286284487632119 1286284991545722 1286285365729422
1286285365729674 1286285365786950 1286285454475725 1286285826311076 1286285365786986 1286285365801044 1286285896595799 1286286269060760
1286286269060781 1286286269101704 1286286356891016 1286286728871267 1286286269101722 1286286269117013 1286286798481899 1286287169924763
1286287169924787 1286287169964684 1286287264624602 1286287703365020 1286287169964723 1286287169979381 1286287775796678 1286288211991125
1286288211991383 1286288212031136 1286288317036638 1286288769774432 1286288212031157 1286288212047156 1286288843547966 1286289293542764
1286289293543208 1286289293584272 1286289401281305 1286289854240517 1286289293584326 1286289293596701 1286289931679163 1286290384002798
1286290384003032 1286290384057161 1286290484441775 1286290936419903 1286290384057197 1286290384075077 1286291013822810 1286291463401739

1286283363477378 1286283363534027 1286283423555378 1286283795474834 1286283363534063 1286283363963519 1286283841239267 1286284212494589
1286284212495540 1286284212540366 1286284273806669 1286284645738188 1286284212540387 1286284212556152 1286284691148822 1286285063209926
1286285063210997 1286285063255481 1286285123951556 1286285497011441 1286285063255502 1286285063272779 1286285566183512 1286285937379548
1286285937381273 1286285937439665 1286286027765834 1286286401148687 1286285937439686 1286285937453657 1286286470551551 1286286841304301
1286286841305570 1286286841341078 1286286929454999 1286287302877608 1286286841341102 1286286841357731 1286287374053331 1286287746701580
1286287746703401 1286287746763758 1286287839951789 1286288277324603 1286287746763779 1286287746779379 1286288357174316 1286288795333991
1286288795336187 1286288795389350 1286288891953056 1286289344903007 1286288795389371 1286288795405979 1286289421358499 1286289869463453
1286289869464464 1286289869506842 1286289976212810 1286290427806845 1286289869506863 1286289869520621 1286290507279590 1286290959684144
1286290959685986 1286290959739794 1286291056842573 1286291509275858 1286290959739815 1286290959757488 1286291590154370 1286292037863090

1286278541157306 1286278541212521 1286278602887016 1286278975490184 1286278541212542 1286278541570031 1286279021845806 1286279391655467
1286279391657003 1286279391698976 1286279453748645 1286279826847533 1286279391698997 1286279391713436 1286279869714413 1286280239261499
1286280239263053 1286280239304807 1286280299764473 1286280671462556 1286280239304843 1286280239320074 1286280741645540 1286281109606274
1286281109607870 1286281109648964 1286281200780207 1286281573855050 1286281109649000 1286281109662428 1286281644628464 1286282015101080
1286282015102907 1286282015145579 1286282101073385 1286282474917209 1286282015145597 1286282015158539 1286282546584833 1286282919334554
1286282919334824 1286282919391005 1286283010964493 1286283449154921 1286282919391041 1286282919406386 1286283526989651 1286283966684144
1286283966686199 1286283966742773 1286284065293958 1286284518436368 1286283966742794 1286283966755820 1286284593158496 1286285041773504
1286285041775127 1286285041814814 1286285140249959 1286285593395198 1286285041814850 1286285041829160 1286285670790623 1286286121954119
1286286121955880 1286286122011281 1286286216756999 1286286663906312 1286286122011317 1286286122026269 1286286751971879 1286287200407406

1286282077400334 1286282077452630 1286282139133434 1286282510708724 1286282077452651 1286282077798095 1286282556516078 1286282927651832
1286282927653065 1286282927695920 1286282991536544 1286283363326451 1286282927695941 1286282927711484 1286283410667564 1286283782628687
1286283782629596 1286283782673198 1286283840709044 1286284211534991 1286283782673216 1286283782687856 1286284284496668 1286284655695803
1286284655696049 1286284655738286 1286284743886752 1286285115371211 1286284655738322 1286284655751867 1286285183837937 1286285555237961
1286285555238435 1286285555281776 1286285640924246 1286286012017976 1286285555281830 1286285555295444 1286286083234760 1286286455155239
1286286455155542 1286286455208834 1286286551063946 1286286973076280 1286286455208855 1286286455225790 1286287064336640 1286287480673919
1286287480674000 1286287480713012 1286287602649335 1286288056279905 1286287480713048 1286287480726362 1286288130971595 1286288578697034
1286288578697115 1286288578737393 1286288680214448 1286289134940549 1286288578737429 1286288578751373 1286289212659620 1286289665716719
1286289665716947 1286289665771628 1286289764320947 1286290217626536 1286289665771664 1286289665786379 1286290295324172 1286290742966028

147162040315893 147162040371180 147162101625420 147162474179985 147162040371216 147162040783044 147162519917466 147162889163997
147162889165269 147162889210185 147162952851858 147163326120657 147162889210206 147162889225113 147163370653692 147163741796517
147163741798101 147163741840584 147163801824129 147164174485347 147163741840617 147163741857675 147164243747895 147164614352472
147164614353723 147164614399365 147164705566470 147165078697914 147164614399386 147164614413279 147165146678535 147165515533692
147165515534907 147165515576880 147165607381023 147165980751441 147165515576901 147165515593527 147166048572393 147166420203168
147166420203606 147166420248099 147166515720186 147166949841738 147166420248120 147166420262448 147167028859101 147167462780268
147167462780460 147167462835537 147167567650953 147168018119919 147167462835558 147167462853480 147168099739875 147168553536459
147168553536711 147168553593498 147168652170258 147169103652384 147168553593519 147168553608714 147169181589354 147169632052542
147169632052758 147169632109287 147169734639837 147170186061984 147169632109308 147169632128403 147170263897440 147170709798285

147154889347047 147154889401701 147154950792621 147155321466873 147154889401731 147154889808282 147155366613933 147155738074983
147155738075811 147155738122965 147155800418091 147156171053076 147155738123001 147155738136657 147156216656586 147156587717919
147156587718717 147156587763981 147156647526126 147157016735784 147156587764020 147156587779494 147157088624556 147157458555735
147157458555987 147157458602649 147157549212393 147157921080963 147157458602670 147157458615402 147157995756915 147158368372692
147158368373079 147158368421250 147158455515570 147158827226877 147158368421286 147158368438770 147158899842819 147159271746834
147159271747053 147159271792395 147159366005181 147159799270851 147159271792416 147159271806438 147159882939015 147160315323936
147160315324230 147160315379181 147160421105616 147160873853004 147160315379214 147160315396737 147160953871536 147161406918495
147161406918720 147161406978126 147161502046710 147161949420879 147161406978147 147161406993072 147162032967300 147162479500830
147162479500851 147162479544714 147162577732452 147163030443393 147162479544768 147162479562927 147163115851920 147163568595900

1285792755779127 1285792755834411 1285792817512824 1285793190796137 1285792755834432 1285792756176468 1285793236464399 1285793606139855
1285793606140836 1285793606181144 1285793668639740 1285794040180440 1285793606181363 1285793606197845 1285794084721239 1285794453094098
1285794453095109 1285794453135465 1285794512531976 1285794884388450 1285794453135483 1285794453151080 1285794956575341 1285795329236769
1285795329239235 1285795329289917 1285795416259476 1285795787539464 1285795329289935 1285795329305133 1285795859264265 1285796229616959
1285796229618360 1285796229658155 1285796315716839 1285796686801884 1285796229658194 1285796229672627 1285796761221573 1285797133731114
1285797133732374 1285797133772016 1285797227771151 1285797667710375 1285797133772328 1285797133786371 1285797741624573 1285798180221765
1285798180223613 1285798180274892 1285798276877805 1285798729804725 1285798180274913 1285798180288896 1285798808719608 1285799255775048
1285799255776125 1285799255815959 1285799353244472 1285799804140956 1285799255815980 1285799255831148 1285799885377107 1285800331489488
1285800331490604 1285800331531830 1285800432896229 1285800886343835 1285800331531851 1285800331547415 1285800965882946 1285801412745465

1285782325632267 1285782325686126 1285782388190082 1285782761171097 1285782325686147 1285782326095047 1285782805276353 1285783178937738
1285783178940054 1285783178995728 1285783240406706 1285783612801509 1285783178995749 1285783179012690 1285783658917824 1285784030504847
1285784030506599 1285784030586807 1285784088821139 1285784461918827 1285784030586828 1285784030605797 1285784532777150 1285784905727208
1285784905729146 1285784905784157 1285784991858096 1285785365425290 1285784905784178 1285784905800312 1285785432025389 1285785803869362
1285785803870718 1285785803910804 1285785889097157 1285786262994534 1285785803910825 1285785803926632 1285786331599725 1285786701820320
1285786701821859 1285786701863292 1285786794581382 1285787233204422 1285786701863313 1285786701877776 1285787305758795 1285787742781998
1285787742783426 1285787742835308 1285787833711773 1285788282497523 1285787742835329 1285787742851208 1285788372369339 1285788818625645
1285788818627157 1285788818668068 1285788925594062 1285789380511632 1285788818668089 1285788818681562 1285789460829123 1285789915246740
1285789915248579 1285789915301844 1285790014217673 1285790464334559 1285789915301865 1285789915319454 1285790543477400 1285790991311913

1285488137135898 1285488137191080 1285488197433828 1285488570968283 1285488137191140 1285488137599305 1285488616721289 1285488986190627
1285488986191857 1285488986237742 1285489049443281 1285489421073021 1285488986237763 1285488986252754 1285489467451074 1285489837007634
1285489837007877 1285489837048770 1285489894158294 1285490266788918 1285489837048794 1285489837066524 1285490340536952 1285490713334883
1285490713335144 1285490713392702 1285490798925129 1285491170603115 1285490713392735 1285490713408083 1285491241031292 1285491611955507
1285491611955936 1285491611996949 1285491697830696 1285492068769215 1285491611996970 1285491612013359 1285492138997880 1285492508885715
1285492508886177 1285492508925984 1285492612533066 1285493052159954 1285492508926020 1285492508939892 1285493126341920 1285493566168524
1285493566168758 1285493566222248 1285493664945387 1285494117091041 1285493566222269 1285493566238595 1285494196510800 1285494643203429
1285494643203669 1285494643245720 1285494745452300 1285495194459504 1285494643245756 1285494643260204 1285495273712967 1285495718169807
1285495718170071 1285495718209920 1285495828066713 1285496279393844 1285495718209938 1285495718228460 1285496356763283 1285496808299982

1312697334558741 1312697334614487 1312697395442202 1312697768366340 1312697334614520 1312697335026387 1312697813379894 1312698185894418
1312698185895498 1312698185939076 1312698247640334 1312698618216078 1312698185939097 1312698185953821 1312698663173535 1312699033922832
1312699033924185 1312699033961991 1312699097452176 1312699468288527 1312699033962027 1312699033977951 1312699538208108 1312699908527601
1312699908528807 1312699908568314 1312699999664097 1312700371873098 1312699908568539 1312699908581106 1312700441690901 1312700814339450
1312700814340452 1312700814377601 1312700900227632 1312701271535511 1312700814377850 1312700814392922 1312701341800899 1312701710450808
1312701710452626 1312701710510790 1312701809040216 1312702254580893 1312701710510811 1312701710526426 1312702324805892 1312702771022874
1312702771024653 1312702771077615 1312702866117225 1312703319853518 1312702771077636 1312702771094394 1312703399810403 1312703853145455
1312703853147708 1312703853204696 1312703947378209 1312704397728990 1312703853204732 1312703853220005 1312704479399142 1312704925678248
1312704925679442 1312704925721124 1312705027305384 1312705480370619 1312704925721145 1312704925738440 1312705560663252 1312706007809061

1285492751634555 1285492751686749 1285492813474986 1285493187106992 1285492751686770 1285492752091911 1285493231768346 1285493602552893
1285493602553997 1285493602600233 1285493661023214 1285494033758751 1285493602600269 1285493602615521 1285494080583690 1285494450082164
1285494450084147 1285494450136392 1285494508732818 1285494880108578 1285494450136413 1285494450155289 1285494952435263 1285495323998568
1285495324000062 1285495324039299 1285495411134891 1285495782983040 1285495324039320 1285495324053564 1285495853012586 1285496224572369
1285496224573722 1285496224610760 1285496307630972 1285496681277633 1285496224610781 1285496224627014 1285496751516108 1285497125188071
1285497125189961 1285497125245557 1285497221878746 1285497662703111 1285497125245578 1285497125261370 1285497735400080 1285498175727564
1285498175727828 1285498175783841 1285498274846550 1285498726022133 1285498175783859 1285498175800680 1285498804567863 1285499252841192
1285499252841480 1285499252898339 1285499353888962 1285499807794734 1285499252898360 1285499252913231 1285499883595041 1285500335574567
1285500335575032 1285500335630571 1285500428410002 1285500878444166 1285500335630607 1285500335649039 1285500962085645 1285501410825048

1285496628338724 1285496628392427 1285496691094620 1285497062735133 1285496628392481 1285496628757449 1285497107990394 1285497479267892
1285497479268870 1285497479308038 1285497543284721 1285497914865495 1285497479308074 1285497479322783 1285497961646820 1285498333233207
1285498333235019 1285498333290195 1285498391478765 1285498763110014 1285498333290216 1285498333305957 1285498835474796 1285499205195726
1285499205196671 1285499205240921 1285499294740836 1285499668027896 1285499205240954 1285499205253638 1285499734699989 1285500104033070
1285500104034183 1285500104076864 1285500192252867 1285500565112985 1285500104076885 1285500104090016 1285500634342026 1285501007183052
1285501007184891 1285501007240220 1285501102783725 1285501523261805 1285501007240241 1285501007256345 1285501615323003 1285502035940220
1285502035942695 1285502035995864 1285502152948353 1285502606772090 1285502035995900 1285502036009565 1285502681840340 1285503128318673
1285503128319699 1285503128363859 1285503231805116 1285503685583223 1285503128363889 1285503128377350 1285503759526809 1285504211663808
1285504211665674 1285504211718966 1285504314823140 1285504768139193 1285504211718987 1285504211733681 1285504840676067 1285505294457357

1285491739265985 1285491739319013 1285491801002217 1285492174360113 1285491739319034 1285491739714272 1285492218470583 1285492588067412
1285492588068786 1285492588113912 1285492649940015 1285493022923781 1285492588113933 1285492588129524 1285493067417843 1285493437451025
1285493437452162 1285493437497900 1285493496706860 1285493869045923 1285493437497921 1285493437514715 1285493939002413 1285494308523663
1285494308524794 1285494308568966 1285494403775220 1285494775581906 1285494308568987 1285494308582679 1285494844692657 1285495213361292
1285495213362051 1285495213406844 1285495306068555 1285495679588529 1285495213406865 1285495213422519 1285495747468878 1285496120508456
1285496120510220 1285496120566782 1285496214768423 1285496655118350 1285496120566803 1285496120581908 1285496728508571 1285497168273444
1285497168275637 1285497168328089 1285497267111345 1285497718823049 1285497168328110 1285497168344538 1285497798612963 1285498248538173
1285498248539181 1285498248577677 1285498348312674 1285498799963079 1285498248577893 1285498248590985 1285498880761464 1285499330274765
1285499330275821 1285499330310825 1285499433587643 1285499885132712 1285499330310873 1285499330328705 1285499962788612 1285500414433935
