16 2716
4613300103644446720 47086598881296 1291259638472472 1291260013032786 47087247171600 47088543465488 1291260013032807 1291260389176587
47090487762960 47089191469072 1291260389176863 1291260764607978 47089839759376 47091136053264 1291260764607999 1291261140643074
47093080350736 47091784056848 1291261140644109 1291261516341285 47092432347152 47093728641040 1291261516341321 1291261891276167
47095672938512 47094376644624 1291261891276407 1291262265590205 47095024934928 47096321228816 1291262265590241 1291262638554567
47098265526288 47096969232400 1291262638554774 1291263013450602 47097617522704 47098913816592 1291263013450623 1291263386691759
47100858114064 47099561820176 1291263386691978 1291263808571883 47100210110480 47101506404368 1291263808571904 1291264233585723
47103450701840 47102154407952 1291264233585942 1291264690540269 47102802698256 47104098992144 1291264690540290 1291265149971321
47106043289616 47104746995728 1291265149971543 1291265604280335 47105395286032 47106691579920 1291265604280356 1291266060793023
47108635877392 47107339583504 1291266060793284 1291266513112269 47107987873808 47109284167696 1291266513112305 1291266965217513

47340358721552 47339062427664 146317619610642 146317993804329 47339710717968 47341007011856 146317993804365 146318366351787
47342951309328 47341655015440 146318366352015 146318740093284 47342303305744 47343599599632 146318740093320 146319112563342
47345543897104 47344247603216 146319112563369 146319486078966 47344895893520 47346192187408 146319486078987 146319859704657
47348136484880 47346840190992 146319859705716 146320232087352 47347488481296 47348784775184 146320232087373 146320606373733
47350729072656 47349432778768 146320606373886 146320978854507 47350081069072 47351377362960 146320978854528 146321352642024
47353321660432 47352025366544 146321352642429 146321766789051 47352673656848 47353969950736 146321766789072 146322183593682
47355914248208 47354617954320 146322183593868 146322636444903 47355266244624 47356562538512 146322636444924 146323091115165
47358506835984 47357210542096 146323091115402 146323543321305 47357858832400 47359155126288 146323543321326 146323998394119
47361099423760 47359803129872 146323998394344 146324451444375 47360451420176 47361747714064 146324451444396 146324904736389

47307542487056 47306246193168 1285427933311758 1285428307164834 47306894483472 47308190777360 1285428307164870 1285428679562844
47310135074832 47308838780944 1285428679563204 1285429052526540 47309487071248 47310783365136 1285429052526561 1285429424210112
47312727662608 47311431368720 1285429424210826 1285429797771909 47312079659024 47313375952912 1285429797771930 1285430169755706
47315320250384 47314023956496 1285430169755916 1285430543026440 47314672246800 47315968540688 1285430543026461 1285430914902837
47317912838160 47316616544272 1285430914903032 1285431287553942 47317264834576 47318561128464 1285431287553963 1285431658590270
47320505425936 47319209132048 1285431658590468 1285432096154598 47319857422352 47321153716240 1285432096154619 1285432535470422
47323098013712 47321801719824 1285432535470632 1285432989531510 47322450010128 47323746304016 1285432989531546 1285433441031474
47325690601488 47324394307600 1285433441031660 1285433895677076 47325042597904 47326338891792 1285433895677097 1285434348548652
47328283189264 47326986895376 1285434348548841 1285434801202638 47327635185680 47328931479568 1285434801202659 1285435254716136

47204127727632 47202831433744 1285438005878439 1285438378088226 47203479724048 47204776017936 1285438378088247 1285438751645496
47206720315408 47205424021520 1285438751645883 1285439123485362 47206072311824 47207368605712 1285439123485383 1285439496999654
47209312903184 47208016609296 1285439496999828 1285439870246178 47208664899600 47209961193488 1285439870246199 1285440243200214
47211905490960 47210609197072 1285440243200424 1285440616674249 47211257487376 47212553781264 1285440616674270 1285440988999458
47214498078736 47213201784848 1285440988999485 1285441362649032 47213850075152 47215146369040 1285441362649053 1285441734487659
47217090666512 47215794372624 1285441734487698 1285442173095747 47216442662928 47217738956816 1285442173095783 1285442613663897
47219683254288 47218386960400 1285442613664104 1285443065855655 47219035250704 47220331544592 1285443065855676 1285443517961466
47222275842064 47220979548176 1285443517961631 1285443972587505 47221627838480 47222924132368 1285443972587526 1285444425431943
47224868429840 47223572135952 1285444425431967 1285444878167841 47224220426256 47225516720144 1285444878167862 1285445330984892

47069104693264 47067808399376 1285438578744948 1285438950540957 47068456689680 47069752983568 1285438950540978 1285439323928460
47071697281040 47070400987152 1285439323929150 1285439696732739 47071049277456 47072345571344 1285439696732760 1285440070437150
47074289868816 47072993574928 1285440070438086 1285440444140436 47073641865232 47074938159120 1285440444140457 1285440815911653
47076882456592 47075586162704 1285440815911701 1285441189399959 47076234453008 47077530746896 1285441189399980 1285441561115886
47079475044368 47078178750480 1285441561115916 1285441934930520 47078827040784 47080123334672 1285441934930541 1285442308343532
47082067632144 47080771338256 1285442308343766 1285442747635491 47081419628560 47082715922448 1285442747635512 1285443186090144
47084660219920 47083363926032 1285443186090363 1285443640808910 47084012216336 47085308510224 1285443640808931 1285444093534755
47087252807696 47085956513808 1285444093534983 1285444549538016 47086604804112 47087901098000 1285444549538052 1285445005152474
47089845395472 47088549101584 1285445005152696 1285445458358415 47089197391888 47090493685776 1285445458358436 1285445911513941

47658723172368 47657426878480 1285433759516742 1285434133262427 47658075168784 47659371462672 1285434133262448 1285434505409562
47661315760144 47660019466256 1285434505409946 1285434878171151 47660667756560 47661964050448 1285434878171172 1285435250078322
47663908347920 47662612054032 1285435250079243 1285435622185686 47663260344336 47664556638224 1285435622185722 1285435995545160
47666500935696 47665204641808 1285435995545862 1285436367369915 47665852932112 47667149226000 1285436367369951 1285436740635573
47669093523472 47667797229584 1285436740635594 1285437113955360 47668445519888 47669741813776 1285437113955381 1285437488230923
47671686111248 47670389817360 1285437488231139 1285437928947423 47671038107664 47672334401552 1285437928947459 1285438369437693
47674278699024 47672982405136 1285438369437909 1285438825131027 47673630695440 47674926989328 1285438825131048 1285439280355530
47676871286800 47675574992912 1285439280355791 1285439733116934 47676223283216 47677519577104 1285439733116955 1285440187114443
47679463874576 47678167580688 1285440187114665 1285440641245002 47678815870992 47680112164880 1285440641245023 1285441094674728

47851191394320 47849895100432 1285437293286003 1285437666615945 47850543390736 47851839684624 1285437666615966 1285438038429861
47853783982096 47852487688208 1285438038430584 1285438411638441 47853135978512 47854432272400 1285438411638462 1285438783411701
47856376569872 47855080275984 1285438783412184 1285439157208890 47855728566288 47857024860176 1285439157208908 1285439529569793
47858969157648 47857672863760 1285439529569832 1285439902767354 47858321154064 47859617447952 1285439902767387 1285440274441833
47861561745424 47860265451536 1285440274441863 1285440647295201 47860913741840 47862210035728 1285440647295222 1285441019526054
47864154333200 47862858039312 1285441019526345 1285441438475259 47863506329616 47864802623504 1285441438475280 1285441858720020
47866746920976 47865450627088 1285441858720224 1285442310491343 47866098917392 47867395211280 1285442310491364 1285442762541465
47869339508752 47868043214864 1285442762541672 1285443215429325 47868691505168 47869987799056 1285443215429361 1285443669828174
47871932096528 47870635802640 1285443669828381 1285444121974137 47871284092944 47872580386832 1285444121974158 1285444575960588

47248016924688 47246720630800 146317258576362 146317630899477 47247368921104 47248665214992 146317630899498 146318004138114
47250609512464 47249313218576 146318004138696 146318375728053 47249961508880 47251257802768 146318375728074 146318748848628
47253202100240 47251905806352 146318748849063 146319120712824 47252554096656 47253850390544 146319120712845 146319493878387
47255794688016 47254498394128 146319493878558 146319865548819 47255146684432 47256442978320 146319865548840 146320238732460
47258387275792 47257090981904 146320238732676 146320611883755 47257739272208 47259035566096 146320611883791 146320983586341
47260979863568 47259683569680 146320983586560 146321415524466 47260331859984 47261628153872 146321415524487 146321849230128
47263572451344 47262276157456 146321849230344 146322303199218 47262924447760 47264220741648 146322303199239 146322755392971
47266165039120 47264868745232 146322755393127 146323210734852 47265517035536 47266813329424 146323210734888 146323665286491
47268757626896 47267461333008 146323665286692 146324117752410 47268109623312 47269405917200 146324117752431 146324571487218

47208562028560 47207265734672 146310122569488 146310495386922 47207914024976 47209210318864 146310495386943 146310868653453
47211154616336 47209858322448 146310868653669 146311240312788 47210506612752 47211802906640 146311240312809 146311613352759
47213747204112 47212450910224 146311613353047 146311986037035 47213099200528 47214395494416 146311986037056 146312359859721
47216339791888 47215043498000 146312359859772 146312731799823 47215691788304 47216988082192 146312731799844 146313102425589
47218932379664 47217636085776 146313102425805 146313475580376 47218284376080 47219580669968 146313475580397 146313847350003
47221524967440 47220228673552 146313847350207 146314280318292 47220876963856 47222173257744 146314280318313 146314713260412
47224117555216 47222821261328 146314713260613 146315167192986 47223469551632 47224765845520 146315167193007 146315619807696
47226710142992 47225413849104 146315619807960 146316073630041 47226062139408 47227358433296 146316073630077 146316525830952
47229302730768 47228006436880 146316525831177 146316976986780 47228654727184 47229951021072 146316976986798 146317428817155

47762272149520 47760975855632 1284947974148346 1284948346083603 47761624145936 47762920439824 1284948346083624 1284948718620915
47764864737296 47763568443408 1284948718622010 1284949090299537 47764216733712 47765513027600 1284949090299573 1284949463697099
47767457325072 47766161031184 1284949463697357 1284949835540292 47766809321488 47768105615376 1284949835540313 1284950206923186
47770049912848 47768753618960 1284950206923390 1284950580282405 47769401909264 47770698203152 1284950580282426 1284950951895741
47772642500624 47771346206736 1284950951895798 1284951325094928 47771994497040 47773290790928 1284951325094964 1284951697056792
47775235088400 47773938794512 1284951697057026 1284952133617770 47774587084816 47775883378704 1284952133617791 1284952570667622
47777827676176 47776531382288 1284952570667790 1284953022590916 47777179672592 47778475966480 1284953022590937 1284953476291407
47780420263952 47779123970064 1284953476291635 1284953928921432 47779772260368 47781068554256 1284953928921453 1284954383693511
47783012851728 47781716557840 1284954383693760 1284954837448611 47782364848144 47783661142032 1284954837448632 1284955289208960

47497326354448 47496030060560 1284937550314464 1284937923826902 47496678350864 47497974644752 1284937923826938 1284938296351641
47499918942224 47498622648336 1284938296352025 1284938669698926 47499270938640 47500567232528 1284938669698947 1284939041412504
47502511530000 47501215236112 1284939041412801 1284939414853857 47501863526416 47503159820304 1284939414853893 1284939786665640
47505104117776 47503807823888 1284939786666558 1284940160040027 47504456114192 47505752408080 1284940160040063 1284940531710279
47507696705552 47506400411664 1284940531710684 1284940904866416 47507048701968 47508344995856 1284940904866434 1284941276948919
47510289293328 47508992999440 1284941276949162 1284941716171296 47509641289744 47510937583632 1284941716171317 1284942154769604
47512881881104 47511585587216 1284942154769850 1284942608079336 47512233877520 47513530171408 1284942608079357 1284943060135035
47515474468880 47514178174992 1284943060135233 1284943513795047 47514826465296 47516122759184 1284943513795068 1284943965841836
47518067056656 47516770762768 1284943965841857 1284944415788205 47517419053072 47518715346960 1284944415788226 1284944866216689

47946754416656 47945458122768 1284643360521834 1284643734104151 47946106413072 47947402706960 1284643734104172 1284644105951025
47949347004432 47948050710544 1284644105951397 1284644478836685 47948699000848 47949995294736 1284644478836706 1284644850404835
47951939592208 47950643298320 1284644850404868 1284645223114308 47951291588624 47952587882512 1284645223114344 1284645594401091
47954532179984 47953235886096 1284645594401133 1284645967312932 47953884176400 47955180470288 1284645967312968 1284646339025172
47957124767760 47955828473872 1284646339025217 1284646711033377 47956476764176 47957773058064 1284646711033398 1284647082508827
47959717355536 47958421061648 1284647082509037 1284647520802980 47959069351952 47960365645840 1284647520803016 1284647959954719
47962309943312 47961013649424 1284647959954944 1284648413135448 47961661939728 47962958233616 1284648413135469 1284648864931188
47964902531088 47963606237200 1284648864931410 1284649316755365 47964254527504 47965550821392 1284649316755386 1284649768037052
47967495118864 47966198824976 1284649768037277 1284650220911517 47966847115280 47968143409168 1284650220911553 1284650675472459

47348411785232 47347115491344 1311852555707700 1311852927878322 47347763781648 47349060075536 1311852927878343 1311853301583021
47351004373008 47349708079120 1311853301583750 1311853673302407 47350356369424 47351652663312 1311853673302428 1311854046445542
47353596960784 47352300666896 1311854046446259 1311854418396066 47352948957200 47354245251088 1311854418396102 1311854791791591
47356189548560 47354893254672 1311854791791627 1311855163492890 47355541544976 47356837838864 1311855163492911 1311855537243156
47358782136336 47357485842448 1311855537243348 1311855909049206 47358134132752 47359430426640 1311855909049242 1311856281523329
47361374724112 47360078430224 1311856281523578 1311856724901744 47360726720528 47362023014416 1311856724901780 1311857169730488
47363967311888 47362671018000 1311857169731757 1311857622352731 47363319308304 47364615602192 1311857622352752 1311858077093382
47366559899664 47365263605776 1311858077093418 1311858530514147 47365911896080 47367208189968 1311858530514168 1311858985219044
47369152487440 47367856193552 1311858985219314 1311859437105375 47368504483856 47369800777744 1311859437105396 1311859890544737

47410823028752 47409526734864 1284647972026146 1284648345404496 47410175025168 47411471319056 1284648345404517 1284648717511335
47413415616528 47412119322640 1284648717512253 1284649090560516 47412767612944 47414063906832 1284649090560552 1284649462852530
47416008204304 47414711910416 1284649462853463 1284649834535037 47415360200720 47416656494608 1284649834535073 1284650207738202
47418600792080 47417304498192 1284650207738547 1284650579513244 47417952788496 47419249082384 1284650579513265 1284650952636453
47421193379856 47419897085968 1284650952636663 1284651323907558 47420545376272 47421841670160 1284651323907579 1284651695912418
47423785967632 47422489673744 1284651695912811 1284652135595199 47423137964048 47424434257936 1284652135595220 1284652577516328
47426378555408 47425082261520 1284652577516529 1284653029524615 47425730551824 47427026845712 1284653029524636 1284653482897971
47428971143184 47427674849296 1284653482898187 1284653937228780 47428323139600 47429619433488 1284653937228816 1284654391762539
47431563730960 47430267437072 1284654391762743 1284654844639524 47430915727376 47432212021264 1284654844639545 1284655296480441

47236809744400 47235513450512 1284651846177003 1284652219721334 47236161740816 47237458034704 1284652219721355 1284652592020470
47239402332176 47238106038288 1284652592020863 1284652965348282 47238754328592 47240050622480 1284652965348318 1284653337776589
47241994919952 47240698626064 1284653337776778 1284653710939782 47241346916368 47242643210256 1284653710939818 1284654082679730
47244587507728 47243291213840 1284654082679763 1284654455468934 47243939504144 47245235798032 1284654455468955 1284654828205602
47247180095504 47245883801616 1284654828205884 1284655199778678 47246532091920 47247828385808 1284655199778699 1284655572881865
47249772683280 47248476389392 1284655572903999 1284655991997462 47249124679696 47250420973584 1284655991997483 1284656414121609
47252365271056 47251068977168 1284656414121789 1284656866132086 47251717267472 47253013561360 1284656866132107 1284657320242980
47254957858832 47253661564944 1284657320243172 1284657775904877 47254309855248 47255606149136 1284657775904898 1284658233523209
47257550446608 47256254152720 1284658233523431 1284658685565837 47256902443024 47258198736912 1284658685565858 1284659139772704

47329084432400 47327788138512 1284646957681302 1284647329503537 47328436428816 47329732722704 1284647329503558 1284647702477040
47331677020176 47330380726288 1284647702477613 1284648074235804 47331029016592 47332325310480 1284648074235825 1284648447143187
47334269607952 47332973314064 1284648447143685 1284648818903883 47333621604368 47334917898256 1284648818903904 1284649192027803
47336862195728 47335565901840 1284649192028055 1284649563546741 47336214192144 47337510486032 1284649563546762 1284649936430928
47339454783504 47338158489616 1284649936430979 1284650308544010 47338806779920 47340103073808 1284650308544028 1284650681597001
47342047371280 47340751077392 1284650681597229 1284651121423596 47341399367696 47342695661584 1284651121423617 1284651563499612
47344639959056 47343343665168 1284651563499825 1284652016459640 47343991955472 47345288249360 1284652016459676 1284652470415773
47347232546832 47345936252944 1284652470415803 1284652925640165 47346584543248 47347880837136 1284652925640186 1284653380998906
47349825134608 47348528840720 1284653380999113 1284653835074685 47349177131024 47350473424912 1284653835074703 1284654287605071
