16 2660
1291505004536016 1291505006537121 1291505011655367 1291505381873289 1291505006537358 1291505008417659 1291505381882469 1291505752519962
1291505011654731 1291505013541956 1291505752529547 1291506123256344 1291505381881539 1291505383865862 1291506123266391 1291506493517112
1291505752528554 1291505754557388 1291506493525578 1291506864955257 1291506123265359 1291506125176647 1291506864965568 1291507236083268
1291506493524546 1291506495504747 1291507236092412 1291507605719613 1291506864964647 1291506866964252 1291507605728547 1291507975795413
1291507236091722 1291507238107785 1291507975804854 1291508348369103 1291507605727605 1291507607743494 1291508348378226 1291508721133113
1291507975804152 1291507977691101 1291508721141450 1291509120196803 1291508348377305 1291508350212555 1291509120206415 1291509519584481
1291508721140745 1291508722628172 1291509519592581 1291509938120115 1291509120205485 1291509121698777 1291509938128794 1291510356266274
1291509519591897 1291509521180814 1291510356275136 1291510772779116 1291509938127936 1291509939714204 1291510772788095 1291511187309651
1291510356274407 1291510357859928 1291511187318099 1291511603448273 1291510772787432 1291510774304706 1291511603456880 1291512018074442

146562985371807 146562987349110 146562992935650 146563363828566 146562987349332 146562989202477 146563363835085 146563733455365
146562992934870 146562994845240 146563733462028 146564104466223 146563363833969 146563365824199 146564104471887 146564474281749
146563733461383 146563735479234 146564474289072 146564845815708 146564104471071 146564106476865 146564845822902 146565216552660
146564474288532 146564476286322 146565216561840 146565586674642 146564845822689 146564847755781 146565586681188 146565957328584
146565216561075 146565218591688 146565957333519 146566327438158 146565586680738 146565588644742 146566327445934 146566697947206
146565957332904 146565959269956 146566697953461 146567091769704 146566327446288 146566329365382 146567091777876 146567485929114
146566697952759 146566699445961 146567485936929 146567905584639 146567091776424 146567093217984 146567905591995 146568324817041
146567485935399 146567487443262 146568324825156 146568741797280 146567905590981 146567907161718 146568741804543 146569159167537
146568324824499 146568326421807 146569159171872 146569577219292 146568741803793 146568743364897 146569577226456 146569994294064

1285673298181326 1285673300158779 1285673305676517 1285673676399129 1285673300158968 1285673302013394 1285673676406125 1285674047862690
1285673305676187 1285673307612168 1285674047870148 1285674418140771 1285673676405225 1285673678393931 1285674418147401 1285674789286926
1285674047869539 1285674049862373 1285674789293577 1285675160307663 1285674418146600 1285674420186210 1285675160316627 1285675530997434
1285674789293142 1285674791277438 1285675531007535 1285675902419361 1285675160315715 1285675162249647 1285675902426345 1285676272347327
1285675531006899 1285675533022941 1285676272352970 1285676643600675 1285675902425670 1285675904374086 1285676643608925 1285677013413543
1285676272352382 1285676274028635 1285677013419117 1285677422997837 1285676643608679 1285676645327931 1285677423007056 1285677832899504
1285677013418607 1285677014914506 1285677832907847 1285678250622684 1285677423006111 1285677424489029 1285678250629785 1285678666939386
1285677832907106 1285677834443751 1285678666945200 1285679083950660 1285678250629158 1285678252144494 1285679083957830 1285679499336924
1285678666944672 1285678668496716 1285679499342291 1285679916699915 1285679083957185 1285679085479433 1285679916707160 1285680332837499

1285683373174782 1285683375160413 1285683380800572 1285683752303637 1285683375160449 1285683376977762 1285683752311830 1285684122515826
1285683380800134 1285683382709868 1285684122522078 1285684494455409 1285683752311167 1285683754292397 1285684494462855 1285684864623855
1285684122521922 1285684124581005 1285684864630338 1285685236886535 1285684494462177 1285684496461839 1285685236895928 1285685607384624
1285684864629822 1285684866648936 1285685607391755 1285685979187143 1285685236894908 1285685238856617 1285685979192603 1285686349352268
1285685607390933 1285685609321031 1285686349358556 1285686721096554 1285685979191940 1285685981150745 1285686721102500 1285687091112942
1285686349357620 1285686351006246 1285687091119518 1285687500302898 1285686721101738 1285686722707353 1285687500311862 1285687910145042
1285687091119029 1285687092549519 1285687910153076 1285688327166930 1285687500311124 1285687501795563 1285688327173278 1285688744949354
1285687910152251 1285687911623160 1285688744955459 1285689164644437 1285688327172783 1285688328687147 1285689164653317 1285689584622885
1285688744954997 1285688746502331 1285689584632446 1285690002556212 1285689164652309 1285689166118508 1285690002561966 1285690418806764

1285683945645840 1285683947624955 1285683953192745 1285684324822017 1285683947625306 1285683949506219 1285684324830312 1285684695016797
1285683953192127 1285683955043163 1285684695022419 1285685066477733 1285684324829034 1285684326817956 1285685066485860 1285685436588408
1285684695021594 1285684697015340 1285685436593724 1285685805311562 1285685066484876 1285685068448373 1285685805319188 1285686174589410
1285685436593172 1285685438597262 1285686174599373 1285686544993905 1285685805318150 1285685807343249 1285686544998921 1285686915942384
1285686174598830 1285686176624166 1285686915949728 1285687287348801 1285686544998159 1285686547013508 1285687287357621 1285687658901561
1285686915948756 1285686917619054 1285687658909439 1285688069438904 1285687287356604 1285687288911609 1285688069445177 1285688479053810
1285687658908563 1285687660377522 1285688479058748 1285688897224689 1285688069444316 1285688070929226 1285688897232222 1285689313857588
1285688479058187 1285688480610528 1285689313862601 1285689732890859 1285688897231190 1285688898778692 1285689732899292 1285690151949429
1285689313862004 1285689315407625 1285690151957355 1285690570067085 1285689732898260 1285689734425899 1285690570074792 1285690986499026

1285679125623208 1285679127665892 1285679133324963 1285679504697180 1285679127666114 1285679129568972 1285679504704575 1285679874630975
1285679133324357 1285679135207256 1285679874637734 1285680246072807 1285679504703693 1285679506700199 1285680246078771 1285680616120761
1285679874637140 1285679876643525 1285680616127865 1285680986336157 1285680246077790 1285680248073021 1285680986344548 1285681357157484
1285680616127379 1285680618121524 1285681357165719 1285681727577423 1285680986343630 1285680988357800 1285681727585370 1285682098681941
1285681357165026 1285681359215028 1285682098687161 1285682468665191 1285681727584677 1285681729587828 1285682468673951 1285682837556684
1285682098686585 1285682100315675 1285682837565531 1285683247823268 1285682468673192 1285682470310985 1285683247832541 1285683658587345
1285682837564790 1285682839055409 1285683658596333 1285684076884743 1285683247831122 1285683249321084 1285684076890566 1285684493851809
1285683658595616 1285683660162978 1285684493858352 1285684912935468 1285684076889858 1285684078373856 1285684912944798 1285685331902790
1285684493857887 1285684495419951 1285685331912231 1285685749610877 1285684912943703 1285684914498120 1285685749615791 1285686165691410

1285682660699727 1285682662693299 1285682668318173 1285683038958369 1285682662693539 1285682664567975 1285683038966103 1285683410497719
1285682668317396 1285682670269598 1285683410505321 1285683780925602 1285683038965194 1285683040962723 1285683780931347 1285684152055719
1285683410504568 1285683412537104 1285684152062637 1285684523526144 1285683780930708 1285683782947566 1285684523532363 1285684895712102
1285684152062106 1285684154000325 1285684895719272 1285685266182147 1285684523531706 1285684525527315 1285685266188387 1285685637404250
1285684895718843 1285684897716654 1285685637410871 1285686007705632 1285685266187568 1285685268188967 1285686007711137 1285686378637305
1285685637410316 1285685639276004 1285686378643968 1285686777667959 1285686007710333 1285686009577665 1285686777676233 1285687175875194
1285686378643401 1285686380121867 1285687175886990 1285687593173100 1285686777675270 1285686779148630 1285687593178440 1285688010804954
1285687175885937 1285687177451661 1285688010811509 1285688429657640 1285687593177780 1285687594678053 1285688429666004 1285688847941931
1285688010810960 1285688012323095 1285688847950892 1285689265461294 1285688429665035 1285688431199193 1285689265468497 1285689681984723

146562626340159 146562627852297 146562632382624 146563050330606 146562627852624 146562629317215 146563050339726 146563468935276
146562632381079 146562633890967 146563468940307 146563890331722 146563050338508 146563051855827 146563890339081 146564312500731
146563468940199 146563470552234 146564312505582 146564733656058 146563890338169 146563891902117 146564733664626 146565154302819
146564312505003 146564314083693 146565154311630 146565573316857 146564733663591 146564735182299 146565573322335 146565991442853
146565154310616 146565155839449 146565991450905 146566410942198 146565573321516 146565574792662 146566410946491 146566829504955
146565991450299 146565992981901 146566829511762 146567208036705 146566410945705 146566412472075 146567208045243 146567586442767
146566829511405 146566831383339 146567586451419 146567956733490 146567208044178 146567209915977 146567956740513 146568327571458
146567586450669 146567588375412 146568327576096 146568697431084 146567956739976 146567958724500 146568697438860 146569066813287
146568327575316 146568329552592 146569066825614 146569434807027 146568697437765 146568699466878 146569434819246 146569803079227

146555488074699 146555490057048 146555495282112 146555866435311 146555490057243 146555491953783 146555866444716 146556236646204
146555495281617 146555497232319 146556236653794 146556608515275 146555866443720 146555868383994 146556608525457 146556979463355
146556236652870 146556238642032 146556979472457 146557350403389 146556608524257 146556610440750 146557350412152 146557721659368
146556979471680 146556981422730 146557721668575 146558092015611 146557350411498 146557352269506 146558092020807 146558462991072
146557721667840 146557723556862 146558462998209 146558833274547 146558092020126 146558094020142 146558833284315 146559203953455
146558462997702 146558464706082 146559203962128 146559610797654 146558833283415 146558834944119 146559610805046 146560016230281
146559203961369 146559205447317 146560016235726 146560435108008 146559610804308 146559612294360 146560435117407 146560853080317
146560016235204 146560017772659 146560853089683 146561269924755 146560435116420 146560436665848 146561269930086 146561687547237
146560853088861 146560854647436 146561687554182 146562106146057 146561269929384 146561271444633 146562106157691 146562524445399

1285193340157131 1285193342137662 1285193347187886 1285193718298296 1285193342137926 1285193343982140 1285193718304272 1285194088123179
1285193347187085 1285193349055725 1285194088130841 1285194459145743 1285193718303264 1285193720236284 1285194459150804 1285194828875292
1285194088130244 1285194090094551 1285194828882384 1285195202079372 1285194459150027 1285194461107728 1285195202104290 1285195573449063
1285194828881850 1285194830825433 1285195573458246 1285195944476439 1285195202102961 1285195204090107 1285195944485523 1285196314205322
1285195573457349 1285195575484572 1285196314212441 1285196685299172 1285195944485646 1285195946467773 1285196685304179 1285197055094124
1285196314212078 1285196315865804 1285197055101444 1285197465740712 1285196685303453 1285196686920933 1285197465750009 1285197875355744
1285197055100763 1285197056599332 1285197875364180 1285198294890825 1285197465748971 1285197467218896 1285198294900146 1285198714098630
1285197875363403 1285197876856512 1285198714107279 1285199131012662 1285198294899042 1285198296403143 1285199131019550 1285199548213563
1285198714106349 1285198715684760 1285199548217997 1285199964680352 1285199131018749 1285199132503248 1285199964688719 1285200380755926

1285182914471505 1285182916565061 1285182922492926 1285183293751692 1285182916565309 1285182918539841 1285183293760170 1285183665761049
1285182922492125 1285182924375546 1285183665766680 1285184036382336 1285183293759258 1285183295713863 1285184036391843 1285184407754382
1285183665766428 1285183667779401 1285184407763253 1285184779101945 1285184036390955 1285184038300011 1285184779107111 1285185149094594
1285184407762731 1285184409751542 1285185149101002 1285185520247400 1285184779106565 1285184781030102 1285185520252776 1285185890140341
1285185149100246 1285185151082604 1285185890146212 1285186260765678 1285185520252242 1285185522214347 1285186260770250 1285186630177530
1285185890145885 1285185891722604 1285186630185081 1285187038445655 1285186260769710 1285186262339292 1285187038455303 1285187447135649
1285186630185048 1285186631640441 1285187447142456 1285187866337733 1285187038454427 1285187039955915 1285187866345761 1285188285038430
1285187447141697 1285187448663588 1285188285046062 1285188700293489 1285187866344579 1285187867815959 1285188700298727 1285189114220406
1285188285045249 1285188286610205 1285189114226526 1285189529681340 1285188700298130 1285188701754693 1285189529697468 1285189943828583

1284888725116178 1284888727186167 1284888732243333 1284889104182931 1284888727186416 1284888729036012 1284889104191367 1284889474648995
1284888732242844 1284888734091954 1284889474655490 1284889846023099 1284889104190020 1284889106160501 1284889846029726 1284890215991859
1284889474654950 1284889476598182 1284890215998273 1284890586558063 1284889846028859 1284889847974680 1284890586567009 1284890956670370
1284890215997988 1284890217919239 1284890956680306 1284891326623215 1284890586566046 1284890588446875 1284891326629323 1284891697330641
1284890956679748 1284890958659757 1284891697337604 1284892067476137 1284891326628882 1284891328553571 1284892067482137 1284892438350381
1284891697337034 1284891698953368 1284892438357833 1284892847441844 1284892067481402 1284892069091607 1284892847451411 1284893257794903
1284892438357215 1284892439805030 1284893257804401 1284893675455239 1284892847450466 1284892848913137 1284893675462280 1284894091441986
1284893257803378 1284893259365373 1284894091447833 1284894508951209 1284893675461503 1284893676967116 1284894508959915 1284894926321031
1284894091447512 1284894092970090 1284894926329290 1284895343937837 1284894508959207 1284894510472065 1284895343947515 1284895760715891

1312097920977951 1312097922932814 1312097928038865 1312098299120466 1312097922933012 1312097924775915 1312098299128323 1312098670957653
1312097928038283 1312097929869801 1312098670962996 1312099041466272 1312098299126985 1312098301043109 1312099041485628 1312099412567025
1312098670962759 1312098672926211 1312099412572614 1312099783424637 1312099041472560 1312099043352051 1312099783434174 1312100154283575
1312099412572122 1312099414508967 1312100154292479 1312100525268306 1312099783433181 1312099785313524 1312100525273460 1312100895005688
1312100154291573 1312100156249646 1312100895012720 1312101265954416 1312100525272779 1312100527146261 1312101265959885 1312101635659452
1312100895012174 1312100896555614 1312101635666097 1312102047895464 1312101265959159 1312101267507645 1312102047904248 1312102460391615
1312101635665680 1312101637110975 1312102460400144 1312102876223397 1312102047903333 1312102049384592 1312102876231035 1312103292834024
1312102460399448 1312102461872649 1312103292840072 1312103709447102 1312102876230642 1312102877773104 1312103709454188 1312104126496305
1312103292839568 1312103294346060 1312104126500784 1312104542652699 1312103709453498 1312103710988082 1312104542661315 1312104958524807

1284893337918666 1284893339874303 1284893344975023 1284893716635978 1284893339874498 1284893341751808 1284893716645266 1284894086964594
1284893344974594 1284893346938805 1284894086970090 1284894458669478 1284893716643940 1284893718604299 1284894458676645 1284894828808902
1284894086969373 1284894089019864 1284894828813762 1284895200632514 1284894458675901 1284894460612881 1284895200639537 1284895570921722
1284894828813231 1284894830780739 1284895570927488 1284895942325817 1284895200639240 1284895202603256 1284895942333149 1284896312058615
1284895570927044 1284895572882834 1284896312063376 1284896682679296 1284895942332390 1284895944295680 1284896682687612 1284897052215090
1284896312062863 1284896313661671 1284897052223625 1284897463833864 1284896682686886 1284896684269374 1284897463842546 1284897875402793
1284897052222902 1284897053669535 1284897875412282 1284898291638417 1284897463841376 1284897465354687 1284898291645911 1284898708737855
1284897875411535 1284897876947085 1284898708744602 1284899128051047 1284898291645065 1284898293160272 1284899128060014 1284899547272361
1284898708744110 1284898710295905 1284899547282570 1284899961105285 1284899128059150 1284899129510037 1284899961113439 1284900375568191

1284897213160424 1284897215295584 1284897220713420 1284897592075623 1284897215295928 1284897217284236 1284897592084449 1284897962121684
1284897220713264 1284897222671876 1284897962126496 1284898333156020 1284897592083105 1284897594056010 1284898333163406 1284898702921074
1284897962126166 1284897964025505 1284898702925541 1284899073277029 1284898333162644 1284898335086523 1284899073286695 1284899442287178
1284898702925079 1284898704825228 1284899442296289 1284899812317447 1284899073285906 1284899075154663 1284899812321806 1284900182873793
1284899442295644 1284899444201361 1284900182881296 1284900553028790 1284899812321296 1284899814173403 1284900553033218 1284900923798904
1284900182880852 1284900184623111 1284900923805561 1284901322523228 1284900553032507 1284900554835486 1284901322527677 1284901722171321
1284900923805108 1284900925213635 1284901722179289 1284902138664972 1284901322526936 1284901323931479 1284902138669913 1284902556128520
1284901722178776 1284901723629423 1284902556136641 1284902972592597 1284902138669163 1284902140088829 1284902972607009 1284903387652008
1284902556136374 1284902557579536 1284903387660888 1284903805046595 1284902972606115 1284902974094529 1284903805054326 1284904221081399

1284892323649077 1284892325614260 1284892330727784 1284892700926671 1284892325614491 1284892327498278 1284892700934342 1284893072032995
1284892330727061 1284892332527196 1284893072039262 1284893442239418 1284892700933610 1284892702802229 1284893442246066 1284893812998378
1284893072038629 1284893073975231 1284893813004051 1284894182803674 1284893442245013 1284893444169918 1284894182813346 1284894551798523
1284893813003442 1284893814881721 1284894551806851 1284894921503433 1284894182812287 1284894184685085 1284894921512385 1284895290994218
1284894551806077 1284894553672092 1284895291002651 1284895661069919 1284894921511314 1284894923460849 1284895661075517 1284896031721698
1284895291001781 1284895292582019 1284896031727506 1284896442559089 1284895661074752 1284895662670740 1284896442567321 1284896852551626
1284896031726948 1284896033184279 1284896852560062 1284897270180333 1284896442566220 1284896444074650 1284897270186105 1284897686851839
1284896852559189 1284896854055847 1284897686858196 1284898106099430 1284897270185337 1284897271679295 1284898106108127 1284898524044079
1284897686857497 1284897688397892 1284898524052047 1284898940594064 1284898106107065 1284898107607524 1284898940599599 1284899361101073
