16 50
1290977239234269 1290977239246482 1290977242249224 1290977246519514 1290977246519535 1290977246758605 1290977249770944 1290977254029945
1290977254031394 1290977254084710 1290977257193484 1290977261411991 1290977261412228 1290977261447235 1290977264501610 1290977268755517
1290977268756594 1290977268786585 1290977271925023 1290977276183274 1290977276183298 1290977276216862 1290977279196162 1290977283444078
1290977283444663 1290977283473319 1290977286370233 1290977290612764 1290977290612782 1290977290647174 1290977293704999 1290977297960574
1290977297961474 1290977297992218 1290977304302265 1290977308503792 1290977308503810 1290977308540251 1290977311277847 1290977315486913
1290977315487948 1290977315518335 1290977318854506 1290977323046343 1290977323046379 1290977323080849 1290977326064076 1290977330283717
1290977330285031 1290977330314551 1290977333505318 1290977337704943 1290977337704964 1290977337752706 1290977340683940 1290977344886085
1290977344886949 1290977344917693 1290977348302041 1290977352506736 1290977352506757 1290977352540642 1290977355944544 1290977360172147
1290977360173188 1290977360202972 1290977363025627 1290977367221766 1290977367221796 1290977367257055 1290977370015522 1290977374238100

146035220113452 146035220124945 146035223137572 146035227386211 146035227386442 146035227684768 146035230756129 146035235018973
146035235020554 146035235057100 146035238701047 146035242950985 146035242951006 146035242980022 146035245757512 146035250000880
146035250001780 146035250037246 146035253172471 146035257399144 146035257399183 146035257427608 146035260413328 146035264645812
146035264646730 146035264682013 146035267647822 146035271865327 146035271865345 146035271893518 146035274874891 146035279048569
146035279049490 146035279085910 146035285555653 146035289727246 146035289727300 146035289758143 146035292656944 146035296847935
146035296848919 146035296885204 146035299748287 146035303971213 146035303971279 146035304001681 146035307275281 146035311455019
146035311455919 146035311492603 146035314648096 146035318835334 146035318835589 146035318864449 146035321630293 146035325844918
146035325845827 146035325878692 146035328843010 146035333014132 146035333014183 146035333042194 146035336131369 146035340326278
146035340327358 146035340364006 146035343516124 146035347733518 146035347733539 146035347761892 146035350694917 146035354864881

1285145534317830 1285145534327424 1285145537503020 1285145541722916 1285145541722934 1285145541991527 1285145545287045 1285145549514375
1285145549516619 1285145549545629 1285145552933007 1285145557130286 1285145557130322 1285145557162275 1285145560216251 1285145564385954
1285145564386863 1285145564415741 1285145567500437 1285145571689970 1285145571690003 1285145571721335 1285145574773688 1285145578970997
1285145578971495 1285145579000295 1285145582000658 1285145586138183 1285145586138252 1285145586173562 1285145589121641 1285145593275876
1285145593277085 1285145593306791 1285145599386351 1285145603538036 1285145603538072 1285145603571093 1285145606503971 1285145610643122
1285145610643578 1285145610672555 1285145613866349 1285145618003976 1285145618004036 1285145618035968 1285145621188581 1285145625343521
1285145625344496 1285145625375048 1285145628808938 1285145632951866 1285145632951941 1285145632984254 1285145635825764 1285145639969466
1285145639970042 1285145639998917 1285145642689143 1285145646839655 1285145646839691 1285145646872079 1285145650104504 1285145654255352
1285145654256234 1285145654285790 1285145657336640 1285145661468930 1285145661468972 1285145661500160 1285145664663711 1285145668817778

1285155604618824 1285155604629693 1285155607655304 1285155611934417 1285155611934438 1285155612229191 1285155615157833 1285155619423683
1285155619424478 1285155619456557 1285155622998225 1285155627228669 1285155627228714 1285155627261534 1285155630378903 1285155634590405
1285155634591458 1285155634623183 1285155637809432 1285155642060342 1285155642060399 1285155642093672 1285155644901819 1285155649146654
1285155649147665 1285155649177578 1285155652177653 1285155656352756 1285155656352978 1285155656410578 1285155659412294 1285155663595056
1285155663596070 1285155663627645 1285155669551556 1285155673747647 1285155673747668 1285155673781127 1285155676779684 1285155680971308
1285155680972571 1285155681004356 1285155683931474 1285155688112532 1285155688112562 1285155688144818 1285155691498836 1285155695681817
1285155695682873 1285155695713062 1285155698553147 1285155702771069 1285155702771105 1285155702804591 1285155705729567 1285155709905798
1285155709906863 1285155709936896 1285155713071848 1285155717287700 1285155717287736 1285155717322263 1285155720536250 1285155724720800
1285155724721850 1285155724751172 1285155728328903 1285155732561429 1285155732561474 1285155732595365 1285155735737331 1285155739919520

1285156177402662 1285156177414278 1285156180584213 1285156184826000 1285156184826021 1285156185142536 1285156188031536 1285156192281453
1285156192282623 1285156192316529 1285156195236423 1285156199471463 1285156199471499 1285156199504787 1285156202820018 1285156207080672
1285156207082013 1285156207114452 1285156210118067 1285156214317740 1285156214317761 1285156214347569 1285156217413398 1285156221639534
1285156221641208 1285156221673887 1285156224282702 1285156228476465 1285156228476486 1285156228509207 1285156231605531 1285156235788230
1285156235789556 1285156235822295 1285156242316071 1285156246503912 1285156246503930 1285156246537980 1285156249269132 1285156253490486
1285156253491929 1285156253525925 1285156256481294 1285156260680022 1285156260680055 1285156260713388 1285156264233903 1285156268430660
1285156268431815 1285156268463174 1285156271372343 1285156275570162 1285156275570183 1285156275601791 1285156278627660 1285156282835607
1285156282836732 1285156282867857 1285156286169201 1285156290380316 1285156290380337 1285156290411867 1285156293458913 1285156297660266
1285156297661541 1285156297694517 1285156301182341 1285156305364872 1285156305364908 1285156305397572 1285156308172692 1285156312386933

1285151359176495 1285151359187655 1285151362304295 1285151366596395 1285151366597199 1285151366903427 1285151370009447 1285151374274976
1285151374276335 1285151374302027 1285151377293984 1285151381542554 1285151381542575 1285151381578845 1285151384820264 1285151389022181
1285151389023213 1285151389048866 1285151392213494 1285151396408361 1285151396408397 1285151396445276 1285151399558508 1285151403753786
1285151403755268 1285151403781581 1285151406841785 1285151411055390 1285151411055600 1285151411091906 1285151413937037 1285151418108960
1285151418110361 1285151418137268 1285151422984236 1285151427172815 1285151427172851 1285151427210231 1285151431258173 1285151435439417
1285151435440263 1285151435467710 1285151438718012 1285151442901152 1285151442901173 1285151442939801 1285151446033998 1285151450224968
1285151450226072 1285151450252382 1285151453638302 1285151457851400 1285151457851619 1285151457886740 1285151460925404 1285151465134971
1285151465136855 1285151465162076 1285151468032245 1285151472233880 1285151472234105 1285151472268872 1285151475316305 1285151479515285
1285151479516584 1285151479542027 1285151482513656 1285151486725422 1285151486725443 1285151486762616 1285151489929065 1285151494099920

1285154892145923 1285154892157830 1285154894977968 1285154899235769 1285154899235805 1285154899557174 1285154902750047 1285154906999484
1285154907000354 1285154907031995 1285154910674748 1285154914894314 1285154914894335 1285154914929045 1285154918037501 1285154922282339
1285154922283011 1285154922314556 1285154925256944 1285154929482363 1285154929482579 1285154929513728 1285154932601109 1285154936815035
1285154936815683 1285154936848626 1285154939828376 1285154944047747 1285154944047768 1285154944076532 1285154946949905 1285154951140347
1285154951141055 1285154951173395 1285154957423610 1285154961592065 1285154961592272 1285154961626079 1285154964375720 1285154968579365
1285154968580025 1285154968611216 1285154971318692 1285154975495730 1285154975495748 1285154975528733 1285154978976036 1285154983147854
1285154983148220 1285154983178670 1285154986116189 1285154990305524 1285154990305545 1285154990338974 1285154993573409 1285154997804840
1285154997805515 1285154997838683 1285155000736077 1285155004915818 1285155004915854 1285155004946949 1285155008029746 1285155012221526
1285155012222186 1285155012253686 1285155015226233 1285155019421997 1285155019422243 1285155019453542 1285155022484400 1285155026677929

146034858170652 146034858182121 146034860946009 146034865239177 146034865239195 146034865531935 146034868680972 146034872921709
146034872923671 146034872960445 146034876259398 146034880490742 146034880490763 146034880519575 146034883973511 146034888200724
146034888201738 146034888238785 146034891220530 146034895427229 146034895427250 146034895455096 146034898375143 146034902547753
146034902548764 146034902584668 146034905747559 146034909931320 146034909931341 146034909958776 146034912876321 146034917067798
146034917068845 146034917104737 146034923458743 146034927677157 146034927677199 146034927707385 146034930745866 146034934934343
146034934935408 146034934971651 146034937478451 146034941692656 146034941692692 146034941722341 146034944583351 146034948783489
146034948784479 146034948818562 146034952100889 146034956297586 146034956297607 146034956325690 146034959454672 146034963664044
146034963665115 146034963700632 146034966541665 146034970743024 146034970743054 146034970772754 146034973869156 146034978053652
146034978054879 146034978090108 146034981421254 146034985604724 146034985604745 146034985633224 146034989024484 146034993224610

146027727197154 146027727207930 146027730435387 146027734761591 146027734761612 146027735055795 146027738010048 146027742299751
146027742300969 146027742334302 146027745076365 146027749302087 146027749302108 146027749333329 146027752517268 146027756776617
146027756778348 146027756811984 146027759538180 146027763740430 146027763740451 146027763771588 146027767264875 146027771451150
146027771452512 146027771485407 146027774188668 146027778378960 146027778378981 146027778411096 146027781692919 146027785884573
146027785885929 146027785920231 146027792587530 146027796783834 146027796783855 146027796815451 146027799677172 146027803858152
146027803859538 146027803894224 146027806803591 146027811000954 146027811000975 146027811033360 146027814069615 146027818284474
146027818285866 146027818318995 146027821319199 146027825498385 146027825498421 146027825528790 146027828951916 146027833144482
146027833145877 146027833178508 146027836424772 146027840618001 146027840618241 146027840649114 146027844105243 146027848318050
146027848319292 146027848351023 146027850972591 146027855161170 146027855161191 146027855192580 146027858293131 146027862481722

1284665573793741 1284665573805075 1284665577030885 1284665581266414 1284665581266432 1284665581608591 1284665584706058 1284665588919261
1284665588920164 1284665588949177 1284665591685672 1284665595926673 1284665595926709 1284665595961860 1284665599269843 1284665603482902
1284665603484381 1284665603515044 1284665606560305 1284665610778743 1284665610778764 1284665610813609 1284665613886500 1284665618096460
1284665618097810 1284665618127996 1284665620949919 1284665625175344 1284665625175365 1284665625211365 1284665628350355 1284665632528191
1284665632528833 1284665632558176 1284665638809168 1284665643005763 1284665643005826 1284665643042846 1284665646410007 1284665650587939
1284665650588941 1284665650618014 1284665653401537 1284665657619618 1284665657619657 1284665657654478 1284665660940426 1284665665121706
1284665665123011 1284665665151709 1284665668116168 1284665672317038 1284665672317059 1284665672351670 1284665675569053 1284665679810255
1284665679812136 1284665679842307 1284665682901647 1284665687106462 1284665687106495 1284665687140920 1284665690061342 1284665694243213
1284665694243864 1284665694270225 1284665697612492 1284665701792848 1284665701792869 1284665701829976 1284665704735662 1284665708936598

1284655152092133 1284655152104127 1284655154943258 1284655159203444 1284655159203657 1284655159504797 1284655162887627 1284655167077427
1284655167077910 1284655167118908 1284655169960163 1284655174199694 1284655174199715 1284655174230027 1284655177170516 1284655181378208
1284655181378865 1284655181410248 1284655185140604 1284655189390353 1284655189390575 1284655189423482 1284655192309791 1284655196532219
1284655196532942 1284655196565207 1284655199658687 1284655203839271 1284655203839301 1284655203870423 1284655206822612 1284655211006019
1284655211006754 1284655211039184 1284655216507167 1284655220699310 1284655220699346 1284655220733018 1284655224323097 1284655228492065
1284655228492764 1284655228525296 1284655231514856 1284655235727819 1284655235728059 1284655235760459 1284655238736135 1284655242932934
1284655242933630 1284655242965823 1284655246333083 1284655250518764 1284655250518989 1284655250552229 1284655253184111 1284655257385812
1284655257386538 1284655257419502 1284655261147593 1284655265366865 1284655265367102 1284655265399079 1284655268253876 1284655272470124
1284655272470817 1284655272503892 1284655275500709 1284655279696170 1284655279696377 1284655279730061 1284655282835055 1284655287031293

1284360961852335 1284360961863009 1284360964624368 1284360968904642 1284360968904663 1284360969203574 1284360972647295 1284360976928940
1284360976929696 1284360976961307 1284360980022840 1284360984236481 1284360984236532 1284360984269472 1284360987480864 1284360991687230
1284360991687998 1284360991720182 1284360994706538 1284360998945913 1284360998945979 1284360998977083 1284361002070941 1284361006332498
1284361006333797 1284361006364016 1284361009391529 1284361013578083 1284361013578104 1284361013609817 1284361016506905 1284361020707727
1284361020709530 1284361020742143 1284361027259103 1284361031442654 1284361031442879 1284361031474325 1284361034436930 1284361038627663
1284361038628410 1284361038660588 1284361041574011 1284361045747347 1284361045747365 1284361045780293 1284361048710669 1284361052911998
1284361052913339 1284361052946324 1284361055978994 1284361060179252 1284361060179291 1284361060211223 1284361062904644 1284361067068881
1284361067070180 1284361067100798 1284361070685462 1284361074858885 1284361074858936 1284361074889686 1284361078203417 1284361082410848
1284361082412324 1284361082443500 1284361085644722 1284361089848970 1284361089849477 1284361089880626 1284361092789306 1284361096966806

1311570156326484 1311570156336855 1311570159471447 1311570163745007 1311570163745028 1311570164043555 1311570167139477 1311570171390243
1311570171390786 1311570171420897 1311570174634344 1311570178902936 1311570178902957 1311570178934544 1311570181748667 1311570185986632
1311570185987241 1311570186018471 1311570189032310 1311570193291920 1311570193291953 1311570193323417 1311570196167171 1311570200399103
1311570200400543 1311570200431509 1311570203626500 1311570207806397 1311570207806448 1311570207835848 1311570210848886 1311570215044236
1311570215045445 1311570215076189 1311570221339886 1311570225540081 1311570225540102 1311570225572955 1311570228802173 1311570233011275
1311570233011806 1311570233041971 1311570236019849 1311570240190956 1311570240191193 1311570240222564 1311570243235380 1311570247413090
1311570247413624 1311570247442562 1311570250949136 1311570255160404 1311570255160440 1311570255189396 1311570258141744 1311570262347453
1311570262347849 1311570262378479 1311570265628370 1311570269812791 1311570269812827 1311570269844495 1311570273238215 1311570277415664
1311570277416234 1311570277446294 1311570280192365 1311570284409930 1311570284409966 1311570284439873 1311570287584287 1311570291775332

1284365572365660 1284365572375800 1284365575565244 1284365579783229 1284365579783250 1284365580051441 1284365583413478 1284365587629915
1284365587630926 1284365587663104 1284365590577970 1284365594763486 1284365594763507 1284365594794872 1284365597940867 1284365602121214
1284365602122618 1284365602153212 1284365605230486 1284365609355441 1284365609355462 1284365609384883 1284365612399058 1284365616552870
1284365616553926 1284365616583659 1284365619505704 1284365623645053 1284365623645086 1284365623675464 1284365626960008 1284365631098631
1284365631099576 1284365631129567 1284365637813924 1284365641945284 1284365641945305 1284365641975872 1284365644985490 1284365649137517
1284365649138558 1284365649168753 1284365651991630 1284365656118094 1284365656118115 1284365656148271 1284365659606497 1284365663726676
1284365663727744 1284365663758191 1284365666998926 1284365671144299 1284365671145169 1284365671174257 1284365674131693 1284365678283777
1284365678284665 1284365678313444 1284365681672856 1284365685799299 1284365685799320 1284365685829494 1284365689227096 1284365693356854
1284365693357703 1284365693386752 1284365696242461 1284365700381066 1284365700381108 1284365700411633 1284365703537501 1284365707688187

1284369445722438 1284369445732836 1284369448900329 1284369453168666 1284369453168702 1284369453474552 1284369456769968 1284369461019012
1284369461020056 1284369461050644 1284369464329089 1284369468557355 1284369468557376 1284369468590643 1284369471598749 1284369475855656
1284369475856760 1284369475886556 1284369478581228 1284369482806533 1284369482806560 1284369482841339 1284369485636274 1284369489852063
1284369489852825 1284369489881748 1284369493129899 1284369497334003 1284369497334024 1284369497368818 1284369500153406 1284369504356550
1284369504357180 1284369504386058 1284369509718183 1284369513888315 1284369513888336 1284369513925536 1284369517693791 1284369521896350
1284369521897631 1284369521927352 1284369524972289 1284369529171242 1284369529171263 1284369529206543 1284369532957461 1284369537171822
1284369537173118 1284369537201078 1284369540230838 1284369544400559 1284369544400580 1284369544435641 1284369547167627 1284369551385273
1284369551386038 1284369551414115 1284369554450397 1284369558659748 1284369558659769 1284369558694212 1284369561626475 1284369565801605
1284369565802331 1284369565830012 1284369569203725 1284369573392433 1284369573392454 1284369573427092 1284369576602643 1284369580810032

1284364557354303 1284364557365070 1284364560283506 1284364564553283 1284364564553304 1284364564860624 1284364568334657 1284364572594093
1284364572594816 1284364572624681 1284364575668820 1284364579912470 1284364579912491 1284364579944147 1284364582952616 1284364587202518
1284364587203184 1284364587233856 1284364589975670 1284364594153839 1284364594153878 1284364594184493 1284364597624062 1284364601824680
1284364601826123 1284364601857131 1284364604762484 1284364608960750 1284364608960768 1284364608992148 1284364611789012 1284364615979241
1284364615980045 1284364616010342 1284364621203438 1284364625395059 1284364625395080 1284364625427426 1284364629467424 1284364633665171
1284364633665921 1284364633695417 1284364637074785 1284364641251934 1284364641251955 1284364641285630 1284364643896953 1284364648088706
1284364648089558 1284364648120029 1284364651431066 1284364655622984 1284364655623197 1284364655655135 1284364659177003 1284364663383444
1284364663384728 1284364663416348 1284364666591170 1284364670790531 1284364670790552 1284364670822841 1284364674085095 1284364678279866
1284364678280706 1284364678309758 1284364681220691 1284364685422773 1284364685422980 1284364685455527 1284364688623731 1284364692824763
