16 2742
1291452960092952 1291452961720752 1291452966475881 1291453339993209 1291452961720809 1291452963493137 1291453343403216 1291453717280736
1291453339994715 1291453341757812 1291453720635228 1291454095804581 1291453717281165 1291453719014385 1291454099196393 1291454474557248
1291454095806084 1291454097549189 1291454477959974 1291454852234841 1291454474557527 1291454476305768 1291454855559927 1291455231225318
1291454852234862 1291454853961833 1291455234535242 1291455608629812 1291455231225588 1291455232910484 1291455612100656 1291455986437833
1291455608629848 1291455610369626 1291455989861535 1291456364201232 1291455986438109 1291455988136703 1291456368190854 1291456743432759
1291456364201253 1291456366061883 1291456747474755 1291457168743587 1291456743433056 1291456745297148 1291457184596583 1291457606678616
1291457168743608 1291457171067147 1291457611268376 1291458068520633 1291457606678853 1291457608886346 1291458073069377 1291458530750601
1291458068520654 1291458070788495 1291458535306803 1291458990088623 1291458530750895 1291458533088132 1291458994498659 1291459447636803
1291458990088644 1291458992357775 1291459452158847 1291459905950781 1291459447637067 1291459449967596 1291459906073649 1291460359898493

146510941350039 146510942859507 146510947390392 146511312324474 146510942859543 146510944565118 146511321963399 146511690055677
146511312324510 146511313910832 146511692477982 146512059829512 146511690055875 146511691732719 146512063004967 146512430941044
146512059829533 146512061430219 146512434088437 146512801250025 146512430941476 146512432543845 146512804441629 146513170600479
146512801250046 146512802852850 146513173793880 146513538644472 146513170600743 146513172230670 146513541749037 146513907573531
146513538644508 146513540238123 146513910696507 146514278264466 146513907573762 146513909174202 146514281431512 146514649475706
146514278264487 146514279881898 146514653032275 146515045764888 146514649477158 146514651113406 146515049839437 146515441672512
146515045764909 146515047890529 146515445683377 146515860362622 146515441672731 146515443724053 146515864366797 146516279615661
146515860362643 146515862435586 146516283594576 146516697923472 146516279616102 146516281660407 146516701966191 146517115418211
146516697923493 146516700010581 146517119403912 146517533363085 146517115418433 146517117453525 146517535315158 146517948474699

1285621254746460 1285621256364306 1285621261257486 1285621631998014 1285621256364336 1285621258238028 1285621635324096 1285622007043608
1285621631998035 1285621633704714 1285622010345702 1285622383652997 1285622007043968 1285622008783017 1285622386990092 1285622758845504
1285622383653033 1285622385403017 1285622762137365 1285623135402624 1285622758845525 1285622760556521 1285623138778380 1285623511814409
1285623135402645 1285623137168529 1285623515165652 1285623887072448 1285623511814694 1285623513566355 1285623890384952 1285624263486870
1285623887072469 1285623888731928 1285624266780819 1285624638662685 1285624263487152 1285624265149746 1285624642750233 1285625016252318
1285624638662706 1285624640693037 1285625020326291 1285625459771556 1285625016252726 1285625018241339 1285625464299672 1285625905539348
1285625459771577 1285625462094999 1285625910150369 1285626361392861 1285625905539798 1285625907892740 1285626365919288 1285626817394040
1285626361392882 1285626363708696 1285626821915394 1285627274041053 1285626817394643 1285626819696993 1285627278424503 1285627731991362
1285627274041089 1285627276318416 1285627736510379 1285628190052938 1285627731991605 1285627734317673 1285628190187593 1285628642997816

1285631328831249 1285631330471439 1285631335566822 1285631706901842 1285631330471505 1285631332348464 1285631709789876 1285632081776805
1285631706901863 1285631708605683 1285632085621446 1285632457201623 1285632081777096 1285632083502039 1285632461076456 1285632831448218
1285632457201644 1285632458939382 1285632833997279 1285633205845485 1285632831448470 1285632833158449 1285633209158733 1285633579438761
1285633205845506 1285633207597731 1285633582774293 1285633955200620 1285633579438986 1285633581138747 1285633958594412 1285634330671974
1285633955200641 1285633956917079 1285634334070959 1285634705562543 1285634330672304 1285634332385997 1285634709176055 1285635081880596
1285634705562564 1285634707571718 1285635085971960 1285635525127575 1285635081880818 1285635083895753 1285635529633242 1285635969016263
1285635525127596 1285635527446761 1285635973561437 1285636425227769 1285635969016689 1285635971322396 1285636429948803 1285636881924669
1285636425227790 1285636427580093 1285636886558955 1285637337454500 1285636881924906 1285636884258921 1285637341953843 1285637793426774
1285637337454521 1285637339740959 1285637797969167 1285638248656125 1285637793427041 1285637795744085 1285638250830492 1285638702205248

1285631901789327 1285631903418534 1285631907889686 1285632277407342 1285631903418570 1285631905278501 1285632281351955 1285632653473098
1285632277407711 1285632279062118 1285632656798664 1285633029040356 1285632653473419 1285632655195263 1285633032334920 1285633405527522
1285633029040734 1285633030717968 1285633408838028 1285633781405901 1285633405527765 1285633407253161 1285633784832642 1285634157624948
1285633781406807 1285633783185102 1285634161034655 1285634533238514 1285634157625212 1285634159354853 1285634536578909 1285634910011580
1285634533238550 1285634534886669 1285634913338013 1285635285397212 1285634910011775 1285634911684485 1285635289585881 1285635662650140
1285635285397233 1285635287463315 1285635666855000 1285636106873061 1285635662650392 1285635664686771 1285636111574472 1285636551497340
1285636106873082 1285636109238594 1285636556165538 1285637009177382 1285636551497811 1285636553786058 1285637013899778 1285637466888270
1285637009177403 1285637011602324 1285637471515227 1285637926983327 1285637466888510 1285637469209532 1285637931598815 1285638386154219
1285637926983363 1285637929279332 1285638390790935 1285638843865194 1285638386154462 1285638388476327 1285638843951306 1285639297707093

1285627081846305 1285627083472164 1285627088357418 1285627458274251 1285627083472191 1285627085331027 1285627461566142 1285627834845684
1285627458274272 1285627459993668 1285627838171328 1285628210334573 1285627834845957 1285627836595452 1285628213631234 1285628586863787
1285628210334594 1285628212058088 1285628590173444 1285628961806838 1285628586864033 1285628588610522 1285628965086264 1285629338070243
1285628961806859 1285628963524851 1285629341402685 1285629714064137 1285629338070510 1285629339811056 1285629717497436 1285630090518663
1285629714064158 1285629715855971 1285630093876008 1285630467418080 1285630090519170 1285630092265626 1285630471541676 1285630843423254
1285630467418101 1285630469485665 1285630847477136 1285631288008002 1285630843423431 1285630845421149 1285631292612630 1285631732674227
1285631288008038 1285631290390176 1285631737239168 1285632190209066 1285631732674455 1285631735022504 1285632194700636 1285632648768147
1285632190209087 1285632192539925 1285632653295072 1285633106013204 1285632648768399 1285632651107994 1285633110537132 1285633564604784
1285633106013225 1285633108350828 1285633569189960 1285634021715168 1285633564604988 1285633566966951 1285634021820627 1285634475957777

1285630616197956 1285630617828030 1285630622274960 1285630991657637 1285630617828051 1285630619677542 1285630995693534 1285631367889557
1285630991657673 1285630993322253 1285631370789684 1285631742449130 1285631367889857 1285631369563623 1285631746336083 1285632117415353
1285631742449166 1285631744163615 1285632121299819 1285632490447890 1285632117415383 1285632119123574 1285632498525570 1285632869223540
1285632490447911 1285632492104544 1285632871885989 1285633243651563 1285632869223603 1285632870829641 1285633246997610 1285633620615399
1285633243651584 1285633245364692 1285633624543377 1285633994778486 1285633620615642 1285633622289501 1285633999218966 1285634370069579
1285633994778507 1285633996600899 1285634374508619 1285634791894761 1285634370069840 1285634371907637 1285634814153591 1285635233117046
1285634791894782 1285634794211970 1285635238270089 1285635690712113 1285635233117082 1285635235456785 1285635696339774 1285636150973796
1285635690712134 1285635692995815 1285636156631310 1285636608403686 1285636150974069 1285636153290849 1285636613397174 1285637063108811
1285636608403707 1285636610682378 1285637068158549 1285637520057201 1285637063109057 1285637065445553 1285637521192467 1285637971437444

146510580940242 146510582414163 146510586551670 146510950453029 146510582414184 146510584083867 146510953005825 146511316966890
146510950453050 146510951903970 146511320052249 146511688508097 146511316967256 146511318549408 146511691651044 146512058940843
146511688508118 146511690121236 146512062055962 146512429434609 146512058941197 146512060520238 146512432597140 146512799371032
146512429434630 146512431057495 146512802586684 146513169756888 146512799371404 146512801011885 146513172788685 146513541158097
146513169756909 146513171329203 146513544309303 146513909929395 146513541158469 146513542790412 146513912984193 146514279489066
146513909929416 146513911486857 146514282878631 146514670009671 146514279489354 146514281051745 146514673835394 146515061906406
146514670009707 146514671986494 146515065754125 146515482090453 146515061906748 146515063874553 146515486171041 146515902826743
146515482090474 146515484135862 146515906912278 146516322520326 146515902827127 146515904891250 146516326470831 146516741079546
146516322520347 146516324540040 146516744988615 146517156556101 146516741079861 146516743070442 146517158494851 146517568791132

146503441511946 146503442998638 146503447722693 146503814235549 146503442998665 146503444672575 146503822836906 146504189796816
146503814236032 146503815790746 146504191432620 146504559609990 146504189797179 146504191376565 146504562780435 146504927852004
146504559610011 146504561170125 146504930987631 146505298246419 146504927852406 146504929405887 146505301499769 146505668074821
146505298246440 146505299807808 146505671346162 146506038656622 146505668075124 146505669702594 146506074596949 146506442670198
146506038657921 146506040189859 146506451377974 146506818780702 146506442670219 146506444249737 146506821916983 146507190215565
146506818780738 146506820340804 146507216838669 146507603243118 146507190215898 146507191754013 146507605223220 146507994269652
146507603244180 146507605100454 146508093464739 146508511129230 146507994270033 146507996094591 146508515198997 146508933159279
146508511130613 146508513147792 146509008868656 146509425431727 146508933159630 146508935151393 146509468922391 146509884518439
146509425432315 146509427394027 146509886647383 146510302914585 146509884518763 146509886483640 146510304994113 146510721652818

1285141296478488 1285141298119914 1285141302983397 1285141672493562 1285141298119935 1285141299989757 1285141677179202 1285142050982943
1285141672493598 1285141674153159 1285142054341380 1285142426156790 1285142050983213 1285142052727521 1285142429437413 1285142802450066
1285142426156811 1285142427823836 1285142805789606 1285143178274028 1285142802450552 1285142804190519 1285143181563609 1285143555644937
1285143178274049 1285143179962416 1285143558966966 1285143930972882 1285143555645135 1285143557348049 1285143934270320 1285144307608839
1285143930972903 1285143932582913 1285144310914191 1285144682782461 1285144307609097 1285144309241268 1285144686894195 1285145060032542
1285144682782482 1285144684739958 1285145064124992 1285145503788747 1285145060032788 1285145062037334 1285145508338874 1285145948937054
1285145503788768 1285145506072890 1285145953424388 1285146405355293 1285145948937267 1285145951184249 1285146409893888 1285146863243982
1285146405355314 1285146407654451 1285146867783648 1285147320324321 1285146863244408 1285146865559127 1285147324872261 1285147778148126
1285147320324342 1285147322604711 1285147782701535 1285148236393008 1285147778148390 1285147780424994 1285148236519377 1285148689128228

1285130871212913 1285130872833669 1285130877834489 1285131250198962 1285130872833696 1285130874713322 1285131253555848 1285131625803261
1285131250198983 1285131251910819 1285131629168826 1285132001866350 1285131625803516 1285131627593076 1285132005212373 1285132376223432
1285132001866386 1285132003630701 1285132378057359 1285132751814237 1285132376223456 1285132377917760 1285132756651464 1285133126070720
1285132751814258 1285132753482456 1285133127873711 1285133501290581 1285133126070741 1285133127733392 1285133504628225 1285133876456529
1285133501290602 1285133502913833 1285133879767491 1285134250658853 1285133876456847 1285133878125738 1285134254308389 1285134623697297
1285134250658874 1285134252658809 1285134627807510 1285135066765836 1285134623697567 1285134625670220 1285135071471129 1285135510920201
1285135066765872 1285135069071999 1285135515656340 1285135965051480 1285135510920426 1285135513323843 1285135969572378 1285136420231769
1285135965051501 1285135967350200 1285136424784227 1285136876981115 1285136420231967 1285136422560405 1285136881537566 1285137334557561
1285136876981136 1285136879257017 1285137339172194 1285137789816528 1285137334557723 1285137336881010 1285137791949159 1285138241067129

1284836681705199 1284836683324830 1284836688144756 1284837060556341 1284836683324872 1284836685129135 1284837063891048 1284837436023000
1284837060556362 1284837062271294 1284837439364301 1284837812965818 1284837436023318 1284837437673768 1284837816312741 1284838188150036
1284837812965839 1284837814705164 1284838191473073 1284838565288703 1284838188150057 1284838189869000 1284838568650674 1284838941060198
1284838565288724 1284838567024218 1284838944377310 1284839317355772 1284838941060243 1284838942770942 1284839320658559 1284839692104444
1284839317355793 1284839319069657 1284839695422072 1284840068391714 1284839692104879 1284839693820723 1284840072484359 1284840444250404
1284840068391735 1284840070392090 1284840448370436 1284840889159263 1284840444250674 1284840446220438 1284840893732967 1284841333563180
1284840889159284 1284840891442524 1284841338148479 1284841790353302 1284841333563630 1284841335910647 1284841794811539 1284842247647847
1284841790353323 1284841792654362 1284842252168883 1284842702727990 1284842247648123 1284842249958435 1284842707253229 1284843158989281
1284842702728011 1284842705058483 1284843163478121 1284843614709063 1284843158989539 1284843161294073 1284843614842407 1284844065838881

1312045877404719 1312045879025346 1312045883626167 1312046256985608 1312045879025367 1312045880897502 1312046260718433 1312046632896147
1312046256985629 1312046258636346 1312046636601096 1312047010670661 1312046632896363 1312046634514824 1312047014031678 1312047385835037
1312047010670697 1312047012350046 1312047389218002 1312047762424164 1312047385835214 1312047387491049 1312047766408092 1312048138974582
1312047762424185 1312047764040930 1312048142980284 1312048515067134 1312048138974825 1312048140609072 1312048527747924 1312048901058459
1312048515067170 1312048516728204 1312048905508284 1312049275033533 1312048901058783 1312048902705114 1312049277158919 1312049650714521
1312049275033569 1312049277028875 1312049655021306 1312050099620565 1312049650714722 1312049652702060 1312050105730320 1312050549431133
1312050099620601 1312050101836557 1312050555123687 1312051005652368 1312050549431340 1312050551697366 1312051010670114 1312051459688466
1312051005652389 1312051007970906 1312051464689337 1312051915738269 1312051459688682 1312051461986949 1312051920761319 1312052370422172
1312051915738290 1312051918074609 1312052375521584 1312052826060963 1312052370422406 1312052372646069 1312052828926356 1312053280144683

1284841293891447 1284841295520813 1284841300022784 1284841672662066 1284841295520837 1284841297403691 1284841675689813 1284842046708756
1284841672662987 1284841674464424 1284842050026114 1284842421113889 1284842046709008 1284842048349819 1284842424428646 1284842794704252
1284842421114630 1284842422758858 1284842797980747 1284843169734483 1284842794704477 1284842796361401 1284843173151612 1284843545499969
1284843169734504 1284843171382899 1284843548928672 1284843918634488 1284843545499990 1284843547136946 1284843930079737 1284844300837407
1284843918634524 1284843920311710 1284844306725072 1284844679538981 1284844300837428 1284844302494508 1284844682830059 1284845056304718
1284844679539002 1284844681557411 1284845060575392 1284845500666341 1284845056304961 1284845058280635 1284845505287838 1284845945470002
1284845500666377 1284845502860718 1284845949988125 1284846399584775 1284845945470236 1284845947621485 1284846404360388 1284846855068079
1284846399584796 1284846401779503 1284846859514853 1284847314642948 1284846855068100 1284846857262162 1284847319309703 1284847774237959
1284847314642969 1284847316924214 1284847778783319 1284848228342358 1284847774238259 1284847776496317 1284848243481588 1284848694050526

1284845168636484 1284845170266279 1284845174747208 1284845546058102 1284845170266312 1284845172143166 1284845548630134 1284845919231039
1284845546058123 1284845547595215 1284845924057634 1284846296161215 1284845919231264 1284845920740399 1284846300483639 1284846671098779
1284846296161236 1284846297702459 1284846673307061 1284847043810568 1284846671098995 1284846672659859 1284847047151389 1284847418751438
1284847043810589 1284847045356339 1284847422371934 1284847792400799 1284847418751639 1284847420271457 1284847802690835 1284848173560453
1284847792400820 1284847793959998 1284848179479714 1284848549024184 1284848173560735 1284848175159789 1284848550912912 1284848922543279
1284848549024205 1284848550776319 1284848926670019 1284849347365851 1284848922543690 1284848924190906 1284849378238359 1284849799283562
1284849347365872 1284849349499832 1284849823979376 1284850276301283 1284849799283796 1284849801463410 1284850280986101 1284850732209537
1284850276301304 1284850278545451 1284850738350786 1284851193033834 1284850732209939 1284850734516954 1284851206487757 1284851661535572
1284851193033855 1284851195217570 1284851665760745 1284852117773364 1284851661535815 1284851663826495 1284852119789172 1284852568726692

1284840280002672 1284840281633553 1284840286116555 1284840655795431 1284840281633598 1284840283502142 1284840659824248 1284841032238797
1284840655795467 1284840657294870 1284841037586450 1284841408134486 1284841032239091 1284841033754946 1284841410709962 1284841782518220
1284841408134507 1284841409777970 1284841785852144 1284842155949649 1284841782518442 1284841784034792 1284842167132944 1284842538499935
1284842155949670 1284842157519885 1284842543683803 1284842913586590 1284842538500187 1284842540135166 1284842916276381 1284843287519301
1284842913586611 1284842915236950 1284843290861688 1284843660264054 1284843287519607 1284843289141488 1284843663877140 1284844034465313
1284843660264075 1284843662171397 1284844044583404 1284844485809889 1284844034465556 1284844036315935 1284844504986045 1284844945365177
1284844485809910 1284844488015537 1284844955925369 1284845405305347 1284844945365618 1284844947659862 1284845408725221 1284845859463602
1284845405305368 1284845407531437 1284845863992915 1284846314041554 1284845859463800 1284845861710104 1284846318536643 1284846769547829
1284846314041575 1284846316270803 1284846777284415 1284847229914881 1284846769548048 1284846771730227 1284847232104044 1284847684015695
