16 266
1291052326406730 1291052326801842 1291052328016173 1291052367222903 1291052326801872 1291052327330997 1291052367665565 1291052407221765
1291052367222939 1291052367618444 1291052408328393 1291052447437527 1291052407222539 1291052407635333 1291052448092217 1291052487462621
1291052447437548 1291052447859402 1291052488420611 1291052527506321 1291052487462669 1291052487871935 1291052528267871 1291052567664105
1291052527506345 1291052527913406 1291052568410532 1291052607488892 1291052567664510 1291052568062589 1291052608245687 1291052647576836
1291052607488913 1291052607892788 1291052648332449 1291052687355852 1291052647577223 1291052647978938 1291052688134880 1291052727350412
1291052687355888 1291052687766069 1291052728107894 1291052766950610 1291052727350787 1291052727753111 1291052767711467 1291052806733877
1291052766950646 1291052767356207 1291052807501094 1291052846351739 1291052806734750 1291052807129274 1291052847126753 1291052886126585
1291052846351760 1291052846754489 1291052886884247 1291052925685713 1291052886126963 1291052886524055 1291052926448100 1291052965509309
1291052925685749 1291052926095801 1291052966287701 1291053005380905 1291052965509723 1291052965921578 1291053005448045 1291053044573958

146110307359803 146110307749569 146110309123728 146110348334709 146110307749590 146110308404850 146110349125368 146110388317170
146110348334751 146110348743147 146110389077853 146110428329916 146110388317425 146110388726592 146110429101588 146110468157952
146110428329958 146110428740295 146110468798482 146110507900524 146110468158216 146110468564680 146110508724633 146110547593968
146110507900575 146110508329881 146110548378444 146110587202758 146110547594220 146110547992389 146110588015239 146110626604989
146110587202779 146110587607122 146110627215627 146110666037130 146110626605265 146110627028262 146110666817385 146110705440711
146110666037328 146110666462560 146110706199891 146110745011440 146110705441014 146110705839348 146110745764698 146110784375850
146110745011461 146110745394099 146110785129195 146110823966565 146110784376117 146110784775666 146110824773940 146110863373146
146110823966586 146110824414354 146110864149915 146110902954420 146110863373419 146110863784929 146110903707777 146110942282764
146110902954447 146110903361766 146110943055111 146110981829970 146110942282995 146110942680987 146110982206359 146111020709223

1285220621443650 1285220621847537 1285220623172415 1285220662429659 1285220621847579 1285220622498369 1285220663204799 1285220702430312
1285220662430151 1285220662856457 1285220703203607 1285220742443295 1285220702430525 1285220702843025 1285220743208082 1285220782253832
1285220742443628 1285220742860778 1285220783024541 1285220822139021 1285220782254096 1285220782658541 1285220822895249 1285220861813250
1285220822139579 1285220822539506 1285220862587475 1285220901488094 1285220861813319 1285220862219453 1285220902270896 1285220941047234
1285220901488658 1285220901921723 1285220941813329 1285220980781616 1285220941047513 1285220941453071 1285220981529051 1285221020272758
1285220980782207 1285220981180943 1285221021045600 1285221059891001 1285221020273034 1285221020689788 1285221060642984 1285221099333414
1285221059891598 1285221060292419 1285221100100988 1285221138975900 1285221099333702 1285221099748920 1285221139753035 1285221178433490
1285221138976533 1285221139394898 1285221179188005 1285221218066340 1285221178433784 1285221178840167 1285221218825511 1285221257506242
1285221218066910 1285221218473806 1285221258276024 1285221297107376 1285221257506554 1285221257909001 1285221297158220 1285221335749440

1285230692345946 1285230692723562 1285230694153014 1285230733656642 1285230692723589 1285230693386928 1285230734453775 1285230773644707
1285230733657077 1285230734072190 1285230774401796 1285230813651108 1285230773644968 1285230774057948 1285230814421202 1285230853485867
1285230813651483 1285230814065024 1285230854247429 1285230893311023 1285230853486056 1285230853896846 1285230894097071 1285230932994981
1285230893311365 1285230893750355 1285230933644163 1285230972622896 1285230932995215 1285230933402909 1285230973410084 1285231012050615
1285230972623274 1285230973019334 1285231012865391 1285231051663791 1285231012050846 1285231012468023 1285231052464992 1285231091086809
1285231051664175 1285231052066295 1285231091877147 1285231130694891 1285231091087076 1285231091495955 1285231131540735 1285231170162843
1285231130695314 1285231131123876 1285231170954267 1285231209778299 1285231170163332 1285231170563838 1285231210587345 1285231249197783
1285231209778677 1285231210180206 1285231250018148 1285231288839975 1285231249198056 1285231249609536 1285231289637681 1285231328244225
1285231288840380 1285231289244534 1285231329055347 1285231367892303 1285231328244474 1285231328673129 1285231368104160 1285231406717676

1285231265143635 1285231265521521 1285231266877476 1285231306010733 1285231265521587 1285231266204381 1285231306781481 1285231346230845
1285231306010754 1285231306426188 1285231347041175 1285231386141426 1285231346231298 1285231346682411 1285231386901200 1285231426242999
1285231386141459 1285231386542652 1285231427014155 1285231466075877 1285231426243257 1285231426660035 1285231466830518 1285231506059304
1285231466075907 1285231466476908 1285231506818031 1285231545538062 1285231506059775 1285231506460905 1285231546275030 1285231585198296
1285231545538098 1285231545939270 1285231585967472 1285231624703526 1285231585198770 1285231585605861 1285231625467653 1285231664353266
1285231624703571 1285231625113773 1285231665123888 1285231703905926 1285231664353536 1285231664764974 1285231704664884 1285231743616821
1285231703905947 1285231704312312 1285231744397001 1285231783108140 1285231743617109 1285231744041195 1285231783882137 1285231822884339
1285231783108161 1285231783522377 1285231823642412 1285231862343261 1285231822884804 1285231823297742 1285231863099354 1285231901971635
1285231862343297 1285231862738277 1285231902746871 1285231941446853 1285231901971911 1285231902388902 1285231941515433 1285231980419697

1285226446650492 1285226447031081 1285226448365562 1285226487656898 1285226447031102 1285226447689539 1285226488425675 1285226527742592
1285226487657495 1285226488073445 1285226528499141 1285226567753040 1285226527742877 1285226528151420 1285226568510321 1285226607591057
1285226567753685 1285226568158670 1285226608349505 1285226647498665 1285226607591285 1285226607993558 1285226648273961 1285226687249811
1285226647498686 1285226647897188 1285226687888502 1285226727033543 1285226687250033 1285226687649183 1285226727964086 1285226766813876
1285226727033591 1285226727440541 1285226767581657 1285226806446675 1285226766814116 1285226767220178 1285226807223867 1285226845963509
1285226806446696 1285226806863045 1285226846714724 1285226885609916 1285226845963755 1285226846364207 1285226886369774 1285226925099009
1285226885609937 1285226886010743 1285226925855663 1285226964759513 1285226925099351 1285226925503265 1285226965524633 1285227004248816
1285226964759549 1285226965163373 1285227005025273 1285227043930368 1285227004249074 1285227004671696 1285227044703879 1285227083497704
1285227043930401 1285227044335752 1285227084261600 1285227123185856 1285227083497920 1285227083906799 1285227123235536 1285227161930202

1285229979848094 1285229980231761 1285229981615028 1285230020807151 1285229980231779 1285229980894977 1285230021595758 1285230060763818
1285230020807172 1285230021237903 1285230061522746 1285230100821777 1285230060764133 1285230061168761 1285230101567289 1285230140640018
1285230100821798 1285230101210463 1285230141416913 1285230180613560 1285230140640453 1285230141061212 1285230181363578 1285230220403487
1285230180613581 1285230181007889 1285230221178891 1285230260036694 1285230220403781 1285230220810947 1285230260808333 1285230299506479
1285230260036715 1285230260446257 1285230300151110 1285230339029565 1285230299506899 1285230299907387 1285230339831192 1285230378519459
1285230339029589 1285230339418284 1285230379327425 1285230418155405 1285230378519714 1285230378940347 1285230418952052 1285230457566201
1285230418155423 1285230418558017 1285230458365224 1285230497148519 1285230457566549 1285230457967340 1285230497929833 1285230536535300
1285230497148540 1285230497540760 1285230537325296 1285230576168333 1285230536535720 1285230536940906 1285230576960222 1285230615602595
1285230576168354 1285230576572118 1285230616400673 1285230655188525 1285230615602889 1285230616010157 1285230655384485 1285230694157445

146109945673371 146109946067886 146109947473614 146109986674623 146109946067907 146109946721739 146109987434547 146110026579375
146109986674695 146109987086247 146110027009653 146110066210374 146110026579630 146110026970818 146110067327052 146110106296008
146110066210395 146110066613955 146110106737362 146110145679786 146110106296311 146110106701269 146110146446265 146110185049002
146110145679819 146110146087735 146110185820272 146110224626709 146110185049254 146110185441162 146110225369062 146110263946341
146110224626745 146110225014513 146110264738152 146110303581906 146110263946575 146110264375332 146110304330922 146110342917027
146110303581936 146110303976052 146110343695545 146110382416893 146110342917252 146110343324010 146110383183264 146110421735997
146110382416935 146110382827524 146110422511677 146110461292425 146110421736252 146110422141537 146110462055190 146110500569013
146110461292443 146110461692421 146110501333371 146110540066341 146110500569298 146110500974814 146110540838790 146110579364526
146110540066377 146110540474479 146110580165088 146110618992642 146110579364772 146110579781154 146110619373453 146110657954362

146102813347119 146102813728947 146102815163931 146102854276182 146102813728968 146102814410376 146102855043684 146102894488278
146102854276203 146102854683306 146102895246819 146102934280155 146102894488479 146102894899605 146102935069593 146102974236060
146102934280176 146102934712932 146102975016081 146103013736160 146102974236243 146102974643277 146103014482857 146103053399631
146103013736211 146103014136087 146103053826981 146103092518800 146103053399892 146103053794860 146103093298842 146103132132912
146103092518836 146103092920665 146103132922794 146103171488718 146103132133149 146103132554667 146103172260966 146103211049712
146103171488922 146103171884718 146103211810665 146103250450776 146103211049928 146103211453044 146103251210583 146103289977669
146103250450824 146103250849434 146103290758689 146103329355447 146103289977891 146103290381862 146103330146085 146103368915160
146103329355495 146103329776290 146103369710631 146103408210183 146103368915427 146103369348618 146103408968046 146103447651156
146103408210219 146103408605142 146103448410405 146103487030890 146103447651363 146103448050156 146103487417758 146103526233012

1284740661266727 1284740661651327 1284740663021448 1284740702093964 1284740661651348 1284740662338654 1284740702872668 1284740742236715
1284740702093985 1284740702520399 1284740743030320 1284740782174203 1284740742236988 1284740742657924 1284740782924875 1284740822210418
1284740782174245 1284740782578738 1284740822964558 1284740861971044 1284740822210697 1284740822609730 1284740862708816 1284740901875754
1284740861971077 1284740862359991 1284740902642080 1284740941557039 1284740901876378 1284740902285470 1284740942320479 1284740981460174
1284740941557090 1284740941964136 1284740982243882 1284741020956590 1284740981460195 1284740981888385 1284741021703587 1284741060632289
1284741020956632 1284741021352518 1284741061386597 1284741100100853 1284741060632601 1284741061033743 1284741100843044 1284741139751607
1284741100100874 1284741100499544 1284741140514348 1284741179166726 1284741139751895 1284741140165004 1284741179938893 1284741218797071
1284741179166747 1284741179584536 1284741219563940 1284741258240633 1284741218797320 1284741219202098 1284741259009170 1284741297951159
1284741258240666 1284741258644496 1284741298708986 1284741337428108 1284741297951396 1284741298342890 1284741337470078 1284741376319538

1284730239014757 1284730239384009 1284730240746678 1284730279865100 1284730239384066 1284730240034760 1284730280631495 1284730320011859
1284730279865139 1284730280274282 1284730320762612 1284730359881844 1284730320012129 1284730320409011 1284730360673295 1284730400077317
1284730359881865 1284730360308495 1284730400858322 1284730439601477 1284730400077599 1284730400487087 1284730440356724 1284730479506937
1284730439601498 1284730440011859 1284730480262538 1284730518973695 1284730479507231 1284730479909906 1284730519429575 1284730558350537
1284730518973716 1284730519381194 1284730559101158 1284730597734582 1284730558350846 1284730558745919 1284730598507793 1284730637300742
1284730597734618 1284730598141913 1284730638071607 1284730676712969 1284730637301018 1284730637705229 1284730677480819 1284730716290223
1284730676712987 1284730677118953 1284730717064226 1284730755694416 1284730716290475 1284730716702417 1284730756450302 1284730795290738
1284730755694452 1284730756096896 1284730796055285 1284730834696503 1284730795291032 1284730795690425 1284730835464083 1284730874270058
1284730834696524 1284730835095974 1284730875037722 1284730913693283 1284730874270325 1284730874670531 1284730914080439 1284730952890266

1284436048884552 1284436049278671 1284436050622803 1284436089772707 1284436049278707 1284436049938713 1284436090534374 1284436129695012
1284436089772728 1284436090184160 1284436130148192 1284436169439447 1284436129695345 1284436130099337 1284436170513162 1284436209538017
1284436169439465 1284436169834517 1284436210014744 1284436249237392 1284436209538290 1284436209966228 1284436250351634 1284436289209128
1284436249237416 1284436249648908 1284436289961738 1284436329147042 1284436289209377 1284436289608803 1284436329901371 1284436368855882
1284436329147063 1284436329547191 1284436369629402 1284436408559826 1284436368856116 1284436369272672 1284436409316315 1284436448030103
1284436408559847 1284436408962507 1284436448804199 1284436487625945 1284436448030376 1284436448445033 1284436488437667 1284436527112764
1284436487626593 1284436488067185 1284436527868740 1284436566737949 1284436527113073 1284436527517449 1284436567492470 1284436606154757
1284436566737979 1284436567144272 1284436606929897 1284436645760220 1284436606155048 1284436606560753 1284436646532645 1284436685229195
1284436645760241 1284436646182128 1284436686002379 1284436724831748 1284436685229429 1284436685641161 1284436724881080 1284436763578881

1311645243545124 1311645243927903 1311645245178993 1311645284185806 1311645243927924 1311645244596789 1311645285023436 1311645324262818
1311645284185866 1311645284622873 1311645325064115 1311645364083954 1311645324263064 1311645324676518 1311645364886289 1311645404004660
1311645364083975 1311645364490793 1311645404817744 1311645443833896 1311645404004933 1311645404428251 1311645444622998 1311645483817620
1311645443833932 1311645444237567 1311645484597608 1311645523523241 1311645483817860 1311645484217295 1311645524327568 1311645563462043
1311645523523271 1311645523941687 1311645564280722 1311645602945277 1311645563462301 1311645563892912 1311645603746112 1311645642559110
1311645602945310 1311645603355905 1311645643363644 1311645682036314 1311645642559509 1311645642959907 1311645682853760 1311645721649814
1311645682036359 1311645682452396 1311645722435919 1311645761100369 1311645721650234 1311645722052477 1311645761930349 1311645800759925
1311645761100402 1311645761525595 1311645801574365 1311645840131796 1311645800760168 1311645801163005 1311645840927048 1311645879720348
1311645840131838 1311645840546117 1311645880509732 1311645919215849 1311645879720813 1311645880123266 1311645919411881 1311645958467717

1284440659658496 1284440660043711 1284440661266856 1284440700356616 1284440660043738 1284440660681787 1284440701162347 1284440740436049
1284440700357636 1284440700769317 1284440741249343 1284440780236551 1284440740436367 1284440740856430 1284440781035451 1284440820157263
1284440780237202 1284440780649423 1284440820978438 1284440859936834 1284440820158532 1284440820590238 1284440860734639 1284440899840809
1284440859937362 1284440860338912 1284440900417151 1284440939448495 1284440899841100 1284440900239695 1284440940434130 1284440979588570
1284440939448963 1284440939862819 1284440980384314 1284441018978732 1284440979588828 1284440980003323 1284441019582215 1284441058368282
1284441018979263 1284441019385760 1284441059105559 1284441097723176 1284441058368867 1284441058770525 1284441098500050 1284441137287572
1284441097723710 1284441098133906 1284441138048939 1284441176665596 1284441137287827 1284441137691753 1284441177431121 1284441216215220
1284441176666073 1284441177078714 1284441216983895 1284441255641313 1284441216215478 1284441216624447 1284441256389408 1284441295171326
1284441255641349 1284441256042305 1284441295952892 1284441334559643 1284441295171554 1284441295602558 1284441334919193 1284441373666554

1284444533238366 1284444533640501 1284444534869181 1284444574129239 1284444533640549 1284444534306042 1284444575010384 1284444614184651
1284444574129278 1284444574618314 1284444615013374 1284444654214680 1284444614184936 1284444614617845 1284444655006752 1284444693963534
1284444654214707 1284444654615105 1284444694771293 1284444733973901 1284444693963828 1284444694379766 1284444734762214 1284444773769813
1284444733973922 1284444734379567 1284444774573660 1284444813606402 1284444773770257 1284444774172128 1284444814410681 1284444853286100
1284444813606423 1284444814008699 1284444854071200 1284444892945788 1284444853286535 1284444853685643 1284444893734158 1284444932364342
1284444892945809 1284444893341716 1284444933189654 1284444971964444 1284444932364600 1284444932775393 1284444972744534 1284445011365214
1284444971964468 1284444972361533 1284445012173363 1284445050949314 1284445011365517 1284445011775131 1284445051743414 1284445090372302
1284445050949572 1284445051351665 1284445091160576 1284445129921956 1284445090372599 1284445090767378 1284445130734554 1284445169268846
1284445129921977 1284445130354991 1284445170071826 1284445208925558 1284445169269299 1284445169682375 1284445209097899 1284445247705520

1284439644825084 1284439645222251 1284439646512182 1284439685687772 1284439645222272 1284439645899414 1284439686488883 1284439725537207
1284439685687808 1284439686081303 1284439726333683 1284439765463562 1284439725537468 1284439725940116 1284439766236668 1284439805199099
1284439765463793 1284439765858134 1284439806018552 1284439844896518 1284439805199324 1284439805606376 1284439845498642 1284439884211443
1284439844896731 1284439845295800 1284439884962376 1284439923746364 1284439884211686 1284439884618009 1284439924516089 1284439963140462
1284439923746385 1284439924162581 1284439963915062 1284440002719819 1284439963140711 1284439963553289 1284440003467071 1284440042085057
1284440002719855 1284440003108706 1284440042867325 1284440081606844 1284440042085312 1284440042492334 1284440082360804 1284440120978688
1284440081606916 1284440082012180 1284440121750612 1284440160485973 1284440120979093 1284440121398007 1284440161228767 1284440199838842
1284440160486006 1284440160877698 1284440200592211 1284440239379358 1284440199839277 1284440200238028 1284440240151546 1284440278754115
1284440239379385 1284440239778571 1284440279511213 1284440318377623 1284440278754352 1284440279154240 1284440318752713 1284440357270214
