16 262
1291035847029636 1291035847114851 1291035847171956 1291035886616973 1291035886616994 1291035886907148 1291035886971117 1291035926598582
1291035926598852 1291035926705124 1291035926770512 1291035965928123 1291035965928144 1291035966015675 1291035966074217 1291036005402462
1291036005402933 1291036005500073 1291036005567654 1291036044767244 1291036044767271 1291036044866922 1291036044931284 1291036084321848
1291036084322310 1291036084420389 1291036084489227 1291036123681980 1291036123682007 1291036123776699 1291036123838112 1291036163165208
1291036163165490 1291036163251800 1291036163315184 1291036202395338 1291036202395386 1291036202477949 1291036202542248 1291036241813574
1291036241813793 1291036241910591 1291036241974944 1291036280796744 1291036280796780 1291036280896635 1291036280959680 1291036319961288
1291036319961591 1291036320055056 1291036320120039 1291036358940426 1291036358940459 1291036359029868 1291036359094761 1291036398158166
1291036398158469 1291036398249843 1291036398312306 1291036437105567 1291036437105612 1291036437194136 1291036437257460 1291036476262566
1291036476262809 1291036476358773 1291036476429444 1291036515288831 1291036515288870 1291036515387276 1291036515448827 1291036554467877

146093827974732 146093828058927 146093828118006 146093867479290 146093867479311 146093867851200 146093867920422 146093907093135
146093907093915 146093907192492 146093907662376 146093946899376 146093946899397 146093947001205 146093947062294 146093986089525
146093986090320 146093986191240 146093986458822 146094025560918 146094025560939 146094025663791 146094025825983 146094064695993
146094064696881 146094064794972 146094065379060 146094104218755 146094104218776 146094104301828 146094104733153 146094143446650
146094143447079 146094143550393 146094144211263 146094183127302 146094183127323 146094183219456 146094183434559 146094222163530
146094222163743 146094222262887 146094222869088 146094261763185 146094261763206 146094261849693 146094261914016 146094300664074
146094300664359 146094300758298 146094301013832 146094339843849 146094339843885 146094339936531 146094339996852 146094378709035
146094378710124 146094378816330 146094379208910 146094418101996 146094418102035 146094418196706 146094418261653 146094456931287
146094456931515 146094457038822 146094457316301 146094496139715 146094496139757 146094496232946 146094496341264 146094534979584

1285204142079612 1285204142158200 1285204142220627 1285204181448729 1285204181449008 1285204181806575 1285204181877414 1285204221205482
1285204221205773 1285204221310707 1285204221543084 1285204260587361 1285204260587397 1285204260694713 1285204261115565 1285204300336608
1285204300336860 1285204300433397 1285204300494003 1285204339449597 1285204339449633 1285204339536756 1285204339777368 1285204378882608
1285204378882851 1285204378964820 1285204379133273 1285204417835196 1285204417835409 1285204417926297 1285204418416356 1285204457277369
1285204457277741 1285204457380095 1285204458202551 1285204496902902 1285204496902953 1285204497007959 1285204497340446 1285204536203073
1285204536203337 1285204536291525 1285204536490605 1285204575328842 1285204575328920 1285204575413037 1285204575963702 1285204614820698
1285204614821016 1285204614911358 1285204614968832 1285204653642597 1285204653642618 1285204653746838 1285204654051182 1285204692890052
1285204692890439 1285204692988521 1285204693066443 1285204731777798 1285204731777819 1285204731870681 1285204732309299 1285204771149249
1285204771149531 1285204771233714 1285204771296765 1285204810067703 1285204810067757 1285204810151433 1285204810345470 1285204849199316

1285214212856991 1285214212940499 1285214212990515 1285214252327481 1285214252327532 1285214252702673 1285214252767713 1285214292214509
1285214292215268 1285214292322248 1285214292526764 1285214331556650 1285214331556680 1285214331655137 1285214331844905 1285214371042890
1285214371043676 1285214371125102 1285214371323396 1285214410258866 1285214410259073 1285214410363404 1285214410689036 1285214449806966
1285214449807431 1285214449916994 1285214450244156 1285214488984128 1285214488984176 1285214489081616 1285214489600025 1285214528884701
1285214528884971 1285214528988243 1285214529074733 1285214567795430 1285214567795454 1285214567888214 1285214568302847 1285214607190089
1285214607190449 1285214607273252 1285214607736320 1285214646425556 1285214646425586 1285214646521427 1285214646720327 1285214685573642
1285214685574128 1285214685670926 1285214685881988 1285214724626685 1285214724626709 1285214724721365 1285214724924555 1285214763760620
1285214763761094 1285214763854844 1285214764078068 1285214802811245 1285214802811314 1285214802893439 1285214803023246 1285214841872412
1285214841872673 1285214841969570 1285214842187175 1285214880935727 1285214880935754 1285214881033272 1285214881215963 1285214920090857

1285214785640319 1285214785722927 1285214785781301 1285214824743804 1285214824743840 1285214825115210 1285214825317050 1285214864435814
1285214864436693 1285214864542107 1285214865281343 1285214904369192 1285214904369237 1285214904465513 1285214904600699 1285214943921567
1285214943922410 1285214944019316 1285214944082907 1285214983028397 1285214983028433 1285214983115973 1285214983452363 1285215022607151
1285215022607472 1285215022703265 1285215023007468 1285215061671501 1285215061671552 1285215061766082 1285215062362023 1285215101246013
1285215101246337 1285215101350353 1285215101839698 1285215140496234 1285215140496255 1285215140587686 1285215141068295 1285215179939247
1285215179939613 1285215180038205 1285215180498813 1285215219279189 1285215219279219 1285215219363276 1285215219480522 1285215258379794
1285215258380265 1285215258484827 1285215258642393 1285215297331026 1285215297331050 1285215297425124 1285215297618300 1285215336501891
1285215336502467 1285215336601374 1285215336837621 1285215375527781 1285215375527817 1285215375616245 1285215375785739 1285215414697269
1285215414697533 1285215414798546 1285215414950634 1285215453610758 1285215453610818 1285215453699036 1285215453972198 1285215492936567

1285209967213608 1285209967290318 1285209967346991 1285210006778595 1285210006778616 1285210007157897 1285210007230185 1285210046573292
1285210046573856 1285210046665158 1285210046722290 1285210085956023 1285210085956044 1285210086060756 1285210086203559 1285210125259401
1285210125260016 1285210125362259 1285210125598206 1285210164702810 1285210164702831 1285210164830823 1285210164895557 1285210203825120
1285210203825552 1285210203913692 1285210204281696 1285210243316718 1285210243316748 1285210243414500 1285210243513404 1285210282358406
1285210282358631 1285210282453815 1285210282931205 1285210321837047 1285210321837068 1285210321937085 1285210322426901 1285210361119260
1285210361119560 1285210361218833 1285210361613558 1285210400466276 1285210400466462 1285210400563710 1285210401060414 1285210439729469
1285210439729757 1285210439818263 1285210440063648 1285210478922246 1285210478922282 1285210479016917 1285210479145974 1285210517879694
1285210517880000 1285210517971386 1285210518178485 1285210557051243 1285210557051267 1285210557149937 1285210557407775 1285210596041514
1285210596041772 1285210596127053 1285210596374502 1285210635328683 1285210635328704 1285210635423168 1285210635485784 1285210674145998

1285213500352092 1285213500429969 1285213500485007 1285213539655638 1285213539655671 1285213540032108 1285213540097889 1285213579438530
1285213579439556 1285213579531215 1285213579818027 1285213618900497 1285213618900518 1285213619003160 1285213619209011 1285213658400276
1285213658400984 1285213658492799 1285213658679231 1285213697531376 1285213697531412 1285213697632284 1285213697978550 1285213736976069
1285213736976309 1285213737065691 1285213737216915 1285213775915724 1285213775915760 1285213776011229 1285213776563343 1285213815405693
1285213815405945 1285213815500967 1285213815622947 1285213854401538 1285213854401571 1285213854494886 1285213855247013 1285213894228740
1285213894229061 1285213894321032 1285213894541796 1285213933219509 1285213933219530 1285213933318347 1285213933711317 1285213972594914
1285213972595637 1285213972694295 1285213973163081 1285214011808916 1285214011808946 1285214011917972 1285214012167761 1285214051065011
1285214051065266 1285214051160795 1285214051233584 1285214089909008 1285214089909029 1285214089996653 1285214090296305 1285214129147028
1285214129147277 1285214129237229 1285214129488137 1285214168155683 1285214168155902 1285214168239224 1285214168574126 1285214207444829

146093466232845 146093466316176 146093466370875 146093505587037 146093505587058 146093505972216 146093506038801 146093545407498
146093545408128 146093545511940 146093545666464 146093584705560 146093584705581 146093584796496 146093585054742 146093624255709
146093624256345 146093624343855 146093624598651 146093663267088 146093663267166 146093663355261 146093663704344 146093702669520
146093702669778 146093702763738 146093703285558 146093741993802 146093741993838 146093742092931 146093742425127 146093781339258
146093781339531 146093781425544 146093782331685 146093820992886 146093820992922 146093821088229 146093821236495 146093860124604
146093860124820 146093860217694 146093860632690 146093899219992 146093899220043 146093899315242 146093899941615 146093938697295
146093938697496 146093938794387 146093939063097 146093977779570 146093977779591 146093977891020 146093978065059 146094016991697
146094016992000 146094017082915 146094017199459 146094055792494 146094055792515 146094055893687 146094056240481 146094095071107
146094095071317 146094095161023 146094095376660 146094134071869 146094134071890 146094134170674 146094134375571 146094173271957

146086334207415 146086334288337 146086334342967 146086373717994 146086373718030 146086374088575 146086374156981 146086413656127
146086413657312 146086413755073 146086413816342 146086452734856 146086452734877 146086452819870 146086453085532 146086492194294
146086492195497 146086492301649 146086492554984 146086531240818 146086531240839 146086531335867 146086531906116 146086570778994
146086570779378 146086570878831 146086571238177 146086609917960 146086609917981 146086610004687 146086610746614 146086649625162
146086649625477 146086649722200 146086649981340 146086688668083 146086688668284 146086688759580 146086689317859 146086728192171
146086728192450 146086728287874 146086728565140 146086767275289 146086767275337 146086767389898 146086767954528 146086806844482
146086806844758 146086806943839 146086807009068 146086845741642 146086845741702 146086845830316 146086846099791 146086884989370
146086884989661 146086885093950 146086885159368 146086923829539 146086923829572 146086923934104 146086924333485 146086963175019
146086963175379 146086963273557 146086963336818 146087001945198 146087001945219 146087002037439 146087002403868 146087041210644

1284724181844003 1284724181925513 1284724181977860 1284724221120726 1284724221120747 1284724221486342 1284724221593394 1284724260890328
1284724260891267 1284724261001424 1284724261408686 1284724300535577 1284724300535784 1284724300637484 1284724300699746 1284724339962159
1284724339963206 1284724340057838 1284724340123709 1284724379034906 1284724379034927 1284724379123352 1284724379429835 1284724418490801
1284724418490903 1284724418581812 1284724418647902 1284724457663664 1284724457663685 1284724457743122 1284724458020634 1284724497103194
1284724497103464 1284724497239277 1284724497393198 1284724536046965 1284724536047001 1284724536151782 1284724536623208 1284724575461775
1284724575462078 1284724575587451 1284724575942468 1284724614592776 1284724614592812 1284724614682410 1284724615167303 1284724654023249
1284724654023675 1284724654109679 1284724654597326 1284724693263525 1284724693263546 1284724693358235 1284724693623666 1284724732489398
1284724732489626 1284724732587159 1284724732752471 1284724771421907 1284724771421928 1284724771516440 1284724771754262 1284724810673418
1284724810673688 1284724810770282 1284724810930593 1284724849620480 1284724849620504 1284724849703511 1284724850031915 1284724888931358

1284713759706228 1284713759778288 1284713759837691 1284713799207678 1284713799207699 1284713799573246 1284713799641835 1284713838802593
1284713838803376 1284713838906210 1284713838965298 1284713878245303 1284713878245345 1284713878345824 1284713878564149 1284713917670319
1284713917671126 1284713917759677 1284713917926831 1284713957008284 1284713957008305 1284713957101905 1284713957160798 1284713996074071
1284713996074314 1284713996165613 1284713996464818 1284714035311056 1284714035311104 1284714035413542 1284714035616315 1284714074378328
1284714074378793 1284714074469636 1284714075107604 1284714113988222 1284714113988255 1284714114085131 1284714114148860 1284714152901774
1284714152902194 1284714152990919 1284714153721254 1284714192630915 1284714192630960 1284714192729144 1284714192798549 1284714231606909
1284714231607347 1284714231700365 1284714232019127 1284714270924585 1284714270924642 1284714271030398 1284714271407438 1284714310103307
1284714310103934 1284714310194045 1284714310481928 1284714349394973 1284714349395009 1284714349490550 1284714349558077 1284714388285503
1284714388285770 1284714388367085 1284714388635390 1284714427493637 1284714427493676 1284714427589847 1284714427786032 1284714466504377

1284419569559667 1284419569650879 1284419569711356 1284419608965369 1284419608965585 1284419609344746 1284419609413944 1284419648539773
1284419648540424 1284419648645841 1284419649101733 1284419688331146 1284419688331188 1284419688419109 1284419688483504 1284419727611232
1284419727611931 1284419727696675 1284419727761256 1284419766895392 1284419766895413 1284419766991236 1284419767076838 1284419806078512
1284419806078530 1284419806173942 1284419806235586 1284419845318977 1284419845319019 1284419845451400 1284419845512312 1284419884426377
1284419884426401 1284419884516692 1284419885069901 1284419923910553 1284419923910580 1284419924004120 1284419924498259 1284419963174514
1284419963174781 1284419963263029 1284419963632497 1284420002548401 1284420002548437 1284420002653215 1284420002878872 1284420041577744
1284420041577840 1284420041675148 1284420042290535 1284420081160674 1284420081160704 1284420081257055 1284420081326193 1284420119963103
1284420119963148 1284420120050499 1284420120439680 1284420159316269 1284420159316455 1284420159405306 1284420159470784 1284420198175893
1284420198175917 1284420198277917 1284420198620895 1284420237532965 1284420237533001 1284420237637200 1284420237702435 1284420276367155

1311628764170664 1311628764248391 1311628764300723 1311628803692805 1311628803693009 1311628804068204 1311628804136859 1311628843323303
1311628843323921 1311628843427901 1311628843782723 1311628882930026 1311628882930083 1311628883022150 1311628883105178 1311628922061846
1311628922062419 1311628922156403 1311628922580201 1311628961817468 1311628961817504 1311628961909907 1311628961969856 1311629000983335
1311629000983374 1311629001067242 1311629001505344 1311629040662181 1311629040662367 1311629040750195 1311629040863046 1311629079891510
1311629079891915 1311629079993681 1311629080341849 1311629119228146 1311629119228173 1311629119330377 1311629119570098 1311629158210359
1311629158210812 1311629158308009 1311629158996617 1311629197866912 1311629197867092 1311629197966746 1311629198027445 1311629236720443
1311629236720722 1311629236811991 1311629237142513 1311629276011494 1311629276011536 1311629276109939 1311629276171445 1311629314860138
1311629314860435 1311629314959804 1311629315346342 1311629354252283 1311629354252304 1311629354344911 1311629354407914 1311629393136330
1311629393136573 1311629393223288 1311629393446209 1311629432322111 1311629432322132 1311629432414862 1311629432476332 1311629471149917

1284424180274904 1284424180352730 1284424180407939 1284424219966641 1284424219966662 1284424220338152 1284424220406960 1284424259763720
1284424259764161 1284424259860764 1284424259918346 1284424299047991 1284424299048012 1284424299148437 1284424299235815 1284424338203385
1284424338203823 1284424338305028 1284424338503208 1284424377695325 1284424377695370 1284424377782781 1284424378024122 1284424417015101
1284424417015356 1284424417098588 1284424417176660 1284424456279221 1284424456279251 1284424456369113 1284424456862445 1284424495758558
1284424495758960 1284424495868820 1284424496105685 1284424535000826 1284424535000862 1284424535096286 1284424535464764 1284424574119458
1284424574119755 1284424574209446 1284424574501466 1284424613445843 1284424613445864 1284424613534313 1284424614096639 1284424652790843
1284424652791077 1284424652882976 1284424653003300 1284424691887530 1284424691887560 1284424691985570 1284424692223971 1284424730947242
1284424730947533 1284424731047832 1284424731108273 1284424769753451 1284424769753472 1284424769866026 1284424770459183 1284424809264852
1284424809266220 1284424809370701 1284424809443004 1284424848150363 1284424848150393 1284424848243267 1284424848528030 1284424887350463

1284428053796100 1284428053876371 1284428053928616 1284428093069643 1284428093069664 1284428093463948 1284428093592840 1284428132917302
1284428132918229 1284428133025734 1284428133391686 1284428172504633 1284428172504654 1284428172612144 1284428172678042 1284428211934695
1284428211935664 1284428212031070 1284428212096590 1284428251130436 1284428251130457 1284428251230702 1284428251312410 1284428290492266
1284428290492488 1284428290587213 1284428290651203 1284428329537119 1284428329537146 1284428329636197 1284428329898454 1284428368930437
1284428368930692 1284428369022135 1284428369399724 1284428408120457 1284428408120646 1284428408216694 1284428408772948 1284428447767422
1284428447767797 1284428447857221 1284428447960154 1284428486637069 1284428486637090 1284428486731563 1284428487161439 1284428526051783
1284428526051879 1284428526142884 1284428526579489 1284428565310629 1284428565310680 1284428565405732 1284428565516630 1284428604394587
1284428604394881 1284428604493809 1284428604655308 1284428643349698 1284428643349731 1284428643433413 1284428643676086 1284428682541251
1284428682541539 1284428682641229 1284428682915972 1284428721598131 1284428721598173 1284428721688869 1284428721834915 1284428760733632

1284423165402468 1284423165489021 1284423165543801 1284423204865599 1284423204865620 1284423205236435 1284423205306389 1284423244522614
1284423244523097 1284423244624368 1284423244809042 1284423283970988 1284423283971024 1284423284060886 1284423284256405 1284423323284200
1284423323284860 1284423323374188 1284423323644854 1284423362602269 1284423362602332 1284423362698548 1284423363134520 1284423401910546
1284423401910648 1284423402007452 1284423402396012 1284423441251349 1284423441251379 1284423441346563 1284423441976194 1284423480649500
1284423480649800 1284423480745332 1284423481474584 1284423520295514 1284423520295538 1284423520383420 1284423520556616 1284423559197351
1284423559197420 1284423559298325 1284423559772958 1284423598677204 1284423598677417 1284423598773558 1284423599191491 1284423637856523
1284423637856958 1284423637954584 1284423638160084 1284423676984785 1284423676984824 1284423677077059 1284423677333625 1284423716036844
1284423716037273 1284423716146014 1284423716350149 1284423755198868 1284423755198889 1284423755286735 1284423755568990 1284423794243454
1284423794243964 1284423794341044 1284423794458383 1284423833348568 1284423833348604 1284423833442744 1284423833641107 1284423872318991
