16 260
4598370799471034368 47538385637392 1291014012637311 1291014052030632 47538313633808 47538241536016 1291014052030668 1291014091529991
47538745937936 47538673840144 1291014091530444 1291014130746240 47538601836560 47538529738768 1291014130746261 1291014170100864
47539034140688 47538962042896 1291014170101422 1291014209350008 47538890039312 47538817941520 1291014209350044 1291014248736270
47539322343440 47539250245648 1291014248736471 1291014287800077 47539178242064 47539106144272 1291014287800098 1291014327087441
47539610546192 47539538448400 1291014327087669 1291014366167373 47539466444816 47539394347024 1291014366167394 1291014405416325
47539898748944 47539826651152 1291014405416532 1291014444209475 47539754647568 47539682549776 1291014444209496 1291014483305178
47540186951696 47540114853904 1291014483305379 1291014522159780 47540042850320 47539970752528 1291014522159801 1291014561182520
47540475154448 47540403056656 1291014561182748 1291014599969904 47540331053072 47540258955280 1291014599969925 1291014638997066
47540763357200 47540691259408 1291014638997297 1291014677806143 47540619255824 47540547158032 1291014677806164 1291014716863194

46914076864528 46914004766736 146071993541358 146072032838712 46913932763152 46913860665360 146072032838748 146072072195574
46914365067280 46914292969488 146072072195613 146072111237295 46914220965904 46914148868112 146072111237316 146072150471838
46914653270032 46914581172240 146072150471880 146072189372184 46914509168656 46914437070864 146072189372220 146072228423805
46914941472784 46914869374992 146072228424012 146072267109354 46914797371408 46914725273616 146072267109375 146072305941111
46915229675536 46915157577744 146072305941156 146072344598967 46915085574160 46915013476368 146072344599003 146072383505364
46915517878288 46915445780496 146072383505409 146072422198845 46915373776912 46915301679120 146072422198866 146072461206453
46915806081040 46915733983248 146072461206498 146072499955857 46915661979664 46915589881872 146072499955878 146072538916290
46916094283792 46916022186000 146072538916323 146072577608094 46915950182416 46915878084624 146072577608130 146072616480528
46916382486544 46916310388752 146072616480573 146072655222369 46916238385168 46916166287376 146072655222390 146072694097971

47523895111696 47523823013904 1285182307697346 1285182346968666 47523751010320 47523678912528 1285182346968687 1285182386406492
47524183314448 47524111216656 1285182386406990 1285182425469969 47524039213072 47523967115280 1285182425469990 1285182464646204
47524471517200 47524399419408 1285182464646744 1285182503568303 47524327415824 47524255318032 1285182503568324 1285182542630517
47524759719952 47524687622160 1285182542630547 1285182581428482 47524615618576 47524543520784 1285182581428518 1285182620299230
47525047922704 47524975824912 1285182620299251 1285182658977879 47524903821328 47524831723536 1285182658977915 1285182697856130
47525336125456 47525264027664 1285182697856157 1285182736537194 47525192024080 47525119926288 1285182736537215 1285182775369470
47525624328208 47525552230416 1285182775369491 1285182814078518 47525480226832 47525408129040 1285182814078554 1285182852916680
47525912530960 47525840433168 1285182852916713 1285182891591732 47525768429584 47525696331792 1285182891592011 1285182930473250
47526200733712 47526128635920 1285182930473292 1285182969172416 47526056632336 47525984534544 1285182969172437 1285183008050877

47766963417104 47766891319312 1285192378285101 1285192417669788 47766819315728 47766747217936 1285192417669809 1285192456873035
47767251619856 47767179522064 1285192456873305 1285192496103342 47767107518480 47767035420688 1285192496103363 1285192535176047
47767539822608 47767467724816 1285192535176323 1285192574230536 47767395721232 47767323623440 1285192574230557 1285192613064207
47767828025360 47767755927568 1285192613064618 1285192652047896 47767683923984 47767611826192 1285192652047914 1285192690807920
47768116228112 47768044130320 1285192690808139 1285192729722519 47767972126736 47767900028944 1285192729722555 1285192768432455
47768404430864 47768332333072 1285192768432641 1285192807279884 47768260329488 47768188231696 1285192807279902 1285192846043100
47768692633616 47768620535824 1285192846043349 1285192884908670 47768548532240 47768476434448 1285192884908691 1285192923568398
47768980836368 47768908738576 1285192923568569 1285192962431307 47768836734992 47768764637200 1285192962431343 1285193001115779
47769269039120 47769196941328 1285193001115989 1285193039981862 47769124937744 47769052839952 1285193039981883 1285193078715705

47136609857552 47136537759760 1285192951073058 1285192990532298 47136465756176 47136393658384 1285192990532319 1285193029833000
47136898060304 47136825962512 1285193029834005 1285193069125923 47136753958928 47136681861136 1285193069125944 1285193108240496
47137186263056 47137114165264 1285193108241021 1285193147412234 47137042161680 47136970063888 1285193147412255 1285193186423340
47137474465808 47137402368016 1285193186423364 1285193225289930 47137330364432 47137258266640 1285193225289951 1285193263986852
47137762668560 47137690570768 1285193263986882 1285193302853034 47137618567184 47137546469392 1285193302853055 1285193341583679
47138050871312 47137978773520 1285193341583700 1285193380500477 47137906769936 47137834672144 1285193380500498 1285193419192743
47138339074064 47138266976272 1285193419192941 1285193458089198 47138194972688 47138122874896 1285193458089219 1285193496789408
47138627276816 47138555179024 1285193496789432 1285193535687765 47138483175440 47138411077648 1285193535687786 1285193574360360
47138915479568 47138843381776 1285193574360381 1285193613271140 47138771378192 47138699280400 1285193613271161 1285193651927526

47386389049360 47386316951568 1285188132702999 1285188171974829 47386244947984 47386172850192 1285188171974850 1285188211433088
47386677252112 47386605154320 1285188211433439 1285188250497039 47386533150736 47386461052944 1285188250497075 1285188289788132
47386965454864 47386893357072 1285188289788378 1285188328750359 47386821353488 47386749255696 1285188328750377 1285188367934670
47387253657616 47387181559824 1285188367934880 1285188406785444 47387109556240 47387037458448 1285188406785465 1285188445839321
47387541860368 47387469762576 1285188445839564 1285188484538283 47387397758992 47387325661200 1285188484538304 1285188523460010
47387830063120 47387757965328 1285188523460229 1285188562110243 47387685961744 47387613863952 1285188562110264 1285188601038102
47388118265872 47388046168080 1285188601038480 1285188639753699 47387974164496 47387902066704 1285188639753720 1285188678697545
47388406468624 47388334370832 1285188678697764 1285188717369204 47388262367248 47388190269456 1285188717369225 1285188756222357
47388694671376 47388622573584 1285188756222579 1285188794911425 47388550570000 47388478472208 1285188794911461 1285188833808336

46972936454160 46972864356368 1285191665794677 1285191705038022 46972792352784 46972720254992 1285191705038040 1285191744444357
46973224656912 46973152559120 1285191744444672 1285191783446031 46973080555536 46973008457744 1285191783446052 1285191822629625
46973512859664 46973440761872 1285191822630384 1285191861576519 46973368758288 46973296660496 1285191861576540 1285191900659658
46973801062416 46973728964624 1285191900659850 1285191939326040 46973656961040 46973584863248 1285191939326061 1285191978201279
46974089265168 46974017167376 1285191978201489 1285192016876682 46973945163792 46973873066000 1285192016876703 1285192055726145
46974377467920 46974305370128 1285192055726331 1285192094395275 46974233366544 46974161268752 1285192094395311 1285192133239227
46974665670672 46974593572880 1285192133239404 1285192171902846 46974521569296 46974449471504 1285192171902867 1285192210739508
46974953873424 46974881775632 1285192210739832 1285192249488444 46974809772048 46974737674256 1285192249488480 1285192288313457
46975242076176 46975169978384 1285192288313658 1285192327009932 46975097974800 46975025877008 1285192327009953 1285192365903351

47067957489680 47067885391888 146071631720880 146071671148842 47067813388304 47067741290512 146071671148863 146071710501057
47068245692432 47068173594640 146071710501768 146071749773097 47068101591056 47068029493264 146071749773133 146071788769722
47068533895184 47068461797392 146071788770256 146071827652701 47068389793808 47068317696016 146071827652719 146071866329202
47068822097936 47068750000144 146071866329223 146071905178008 47068677996560 47068605898768 146071905178029 146071943849922
47069110300688 47069038202896 146071943850126 146071982730921 47068966199312 47068894101520 146071982730957 146072021393091
47069398503440 47069326405648 146072021393127 146072060287602 47069254402064 47069182304272 146072060287623 146072099068893
47069686706192 47069614608400 146072099068914 146072138045934 47069542604816 47069470507024 146072138045970 146072176779324
47069974908944 47069902811152 146072176779360 146072215610271 47069830807568 47069758709776 146072215610292 146072254297881
47070263111696 47070191013904 146072254297905 146072293084965 47070119010320 47070046912528 146072293084986 146072331679080

47756024672272 47755952574480 146064500098527 146064539473812 47755880570896 47755808473104 146064539473833 146064578636391
47756312875024 47756240777232 146064578636667 146064617737977 47756168773648 47756096675856 146064617737998 146064656680236
47756601077776 47756528979984 146064656680848 146064695653398 47756456976400 47756384878608 146064695654451 146064734418669
47756889280528 47756817182736 146064734418981 146064773259363 47756745179152 47756673081360 146064773259384 146064811948272
47757177483280 47757105385488 146064811948563 146064850811850 47757033381904 47756961284112 146064850811886 146064889482327
47757465686032 47757393588240 146064889482546 146064928302864 47757321584656 47757249486864 146064928302885 146064966962376
47757753888784 47757681790992 146064966962592 146065005836520 47757609787408 47757537689616 146065005836538 146065044601272
47758042091536 47757969993744 146065044601479 146065083439716 47757897990160 47757825892368 146065083439737 146065122123564
47758330294288 47758258196496 146065122123798 146065161076713 47758186192912 47758114095120 146065161076734 146065199830773

47947486261264 47947414163472 1284702347329746 1284702386512638 47947342159888 47947270062096 1284702386512674 1284702425875509
47947774464016 47947702366224 1284702425875779 1284702464987781 47947630362640 47947558264848 1284702464987799 1284702504209724
47948062666768 47947990568976 1284702504210030 1284702543223239 47947918565392 47947846467600 1284702543223275 1284702582372864
47948350869520 47948278771728 1284702582372900 1284702621334941 47948206768144 47948134670352 1284702621334959 1284702660492486
47948639072272 47948566974480 1284702660492507 1284702699153693 47948494970896 47948422873104 1284702699153714 1284702737979777
47948927275024 47948855177232 1284702737980008 1284702776737209 47948783173648 47948711075856 1284702776737230 1284702815605458
47949215477776 47949143379984 1284702815605677 1284702854255211 47949071376400 47948999278608 1284702854255232 1284702893079021
47949503680528 47949431582736 1284702893079243 1284702931796619 47949359579152 47949287481360 1284702931796640 1284702970632411
47949791883280 47949719785488 1284702970632615 1284703009307211 47949647781904 47949575684112 1284703009307232 1284703048162080

47626907217936 47626835120144 1284691925373765 1284691964884812 47626763116560 47626691018768 1284691964884848 1284692004166659
47627195420688 47627123322896 1284692004167424 1284692043395292 47627051319312 47626979221520 1284692043395313 1284692082406239
47627483623440 47627411525648 1284692082406731 1284692121497331 47627339522064 47627267424272 1284692121497367 1284692160435621
47627771826192 47627699728400 1284692160435852 1284692199259473 47627627724816 47627555627024 1284692199259494 1284692237997234
47628060028944 47627987931152 1284692237997468 1284692276870823 47627915927568 47627843829776 1284692276870844 1284692315565765
47628348231696 47628276133904 1284692315565999 1284692354442804 47628204130320 47628132032528 1284692354442825 1284692393213292
47628636434448 47628564336656 1284692393213838 1284692432120718 47628492333072 47628420235280 1284692432120739 1284692470879995
47628924637200 47628852539408 1284692470880199 1284692509754613 47628780535824 47628708438032 1284692509754634 1284692548528962
47629212839952 47629140742160 1284692548529175 1284692587394679 47629068738576 47628996640784 1284692587394700 1284692626262958

47519868649488 47519796551696 1284397735174596 1284397774511406 47519724548112 47519652450320 1284397774511442 1284397813593711
47520156852240 47520084754448 1284397813594215 1284397852721712 47520012750864 47519940653072 1284397852721733 1284397891688577
47520445054992 47520372957200 1284397891689171 1284397930940289 47520300953616 47520228855824 1284397930940310 1284397970004129
47520733257744 47520661159952 1284397970004171 1284398009024907 47520589156368 47520517058576 1284398009024928 1284398047880130
47521021460496 47520949362704 1284398047880166 1284398086716918 47520877359120 47520805261328 1284398086716939 1284398125329477
47521309663248 47521237565456 1284398125329582 1284398164160751 47521165561872 47521093464080 1284398164160772 1284398202849717
47521597866000 47521525768208 1284398202850236 1284398241718524 47521453764624 47521381666832 1284398241718545 1284398280382083
47521886068752 47521813970960 1284398280382104 1284398319268950 47521741967376 47521669869584 1284398319268971 1284398357917524
47522174271504 47522102173712 1284398357917545 1284398396805279 47522030170128 47521958072336 1284398396805300 1284398435545116

47482221342736 47482149244944 1311606929742081 1311606969120024 47482077241360 47482005143568 1311606969120045 1311607008308568
47482509545488 47482437447696 1311607008308898 1311607047491391 47482365444112 47482293346320 1311607047491412 1311607086505875
47482797748240 47482725650448 1311607086506298 1311607125652125 47482653646864 47482581549072 1311607125652161 1311607164622947
47483085950992 47483013853200 1311607164623391 1311607203831435 47482941849616 47482869751824 1311607203831456 1311607242790497
47483374153744 47483302055952 1311607242790701 1311607281685431 47483230052368 47483157954576 1311607281685452 1311607320386643
47483662356496 47483590258704 1311607320386856 1311607359237645 47483518255120 47483446157328 1311607359237666 1311607398000837
47483950559248 47483878461456 1311607398001029 1311607436868999 47483806457872 47483734360080 1311607436869020 1311607475639514
47484238762000 47484166664208 1311607475639829 1311607514541000 47484094660624 47484022562832 1311607514541018 1311607553221302
47484526964752 47484454866960 1311607553221518 1311607592080110 47484382863376 47484310765584 1311607592080131 1311607630757298

47779848318992 47779776221200 1284402345805275 1284402385266246 47779704217616 47779632119824 1284402385266282 1284402424485777
47780136521744 47780064423952 1284402424486191 1284402463591506 47779992420368 47779920322576 1284402463591527 1284402502529118
47780424724496 47780352626704 1284402502529457 1284402541702386 47780280623120 47780208525328 1284402541702407 1284402580647906
47780712927248 47780640829456 1284402580648266 1284402619853007 47780568825872 47780496728080 1284402619853028 1284402658859835
47781001130000 47780929032208 1284402658859889 1284402697747227 47780857028624 47780784930832 1284402697747248 1284402736421874
47781289332752 47781217234960 1284402736421928 1284402775355544 47781145231376 47781073133584 1284402775355580 1284402814166577
47781577535504 47781505437712 1284402814166607 1284402853050594 47781433434128 47781361336336 1284402853050615 1284402891760053
47781865738256 47781793640464 1284402891760086 1284402930710502 47781721636880 47781649539088 1284402930710523 1284402969399627
47782153941008 47782081843216 1284402969399648 1284403008314871 47782009839632 47781937741840 1284403008314892 1284403046942448

47237675806736 47237603708944 1284406219279350 1284406258659414 47237531705360 47237459607568 1284406258659435 1284406297838190
47237964009488 47237891911696 1284406297838382 1284406337073417 47237819908112 47237747810320 1284406337073438 1284406376108775
47238252212240 47238180114448 1284406376108871 1284406415397261 47238108110864 47238036013072 1284406415397282 1284406454473428
47238540414992 47238468317200 1284406454473482 1284406493561226 47238396313616 47238324215824 1284406493561262 1284406532524740
47238828617744 47238756519952 1284406532524758 1284406571428563 47238684516368 47238612418576 1284406571428599 1284406610126649
47239116820496 47239044722704 1284406610126694 1284406648959372 47238972719120 47238900621328 1284406648959393 1284406687642518
47239405023248 47239332925456 1284406687642584 1284406726510947 47239260921872 47239188824080 1284406726510983 1284406765150176
47239693226000 47239621128208 1284406765150419 1284406803963696 47239549124624 47239477026832 1284406803963732 1284406842666402
47239981428752 47239909330960 1284406842666423 1284406881535746 47239837327376 47239765229584 1284406881535767 1284406920209421

47880108961808 47880036864016 1284401330882847 1284401370238302 47879964860432 47879892762640 1284401370238323 1284401409416979
47880397164560 47880325066768 1284401409417105 1284401448651363 47880253063184 47880180965392 1284401448651384 1284401487729063
47880685367312 47880613269520 1284401487729222 1284401526664101 47880541265936 47880469168144 1284401526664122 1284401565434262
47880973570064 47880901472272 1284401565434283 1284401604372381 47880829468688 47880757370896 1284401604372417 1284401643089565
47881261772816 47881189675024 1284401643089739 1284401681966151 47881117671440 47881045573648 1284401681966172 1284401720601375
47881549975568 47881477877776 1284401720601402 1284401759439462 47881405874192 47881333776400 1284401759439480 1284401798173719
47881838178320 47881766080528 1284401798173773 1284401837034669 47881694076944 47881621979152 1284401837034690 1284401875705827
47882126381072 47882054283280 1284401875706049 1284401914541619 47881982279696 47881910181904 1284401914541640 1284401953202595
47882414583824 47882342486032 1284401953202631 1284401992056072 47882270482448 47882198384656 1284401992056093 1284402030749355
