16 260
1291060527405420 1291060527869721 1291060529158500 1291060568075271 1291060527870027 1291060528273455 1291060568081664 1291060607142564
1291060529157645 1291060529585487 1291060607148984 1291060645938198 1291060568080902 1291060568523114 1291060645943640 1291060684827750
1291060607148195 1291060607555316 1291060684834575 1291060723599033 1291060645942632 1291060646355330 1291060723603311 1291060762489686
1291060684834098 1291060685237607 1291060762495215 1291060801194021 1291060723603131 1291060724019651 1291060801199607 1291060839996663
1291060762494756 1291060762924986 1291060840002135 1291060878589710 1291060801199070 1291060801602321 1291060878594927 1291060917361908
1291060840001619 1291060840390959 1291060917367722 1291060955651229 1291060878594285 1291060879009047 1291060955655660 1291060994080176
1291060917367404 1291060917779625 1291060994086275 1291061032633578 1291060955655045 1291060956068868 1291061032641003 1291061071270374
1291060994085756 1291060994498541 1291061071276305 1291061109772059 1291061032640007 1291061033040699 1291061109777537 1291061148022176
1291061071276035 1291061071700226 1291061148026889 1291061186471670 1291061109777003 1291061110199205 1291061186477190 1291061224755429

146118508122418 146118508621378 146118510005181 146118549104805 146118508621686 146118509076594 146118549110766 146118588068133
146118510004102 146118510446522 146118588074865 146118627024306 146118549109812 146118549535629 146118627029322 146118665801103
146118588073908 146118588495309 146118665807328 146118704499516 146118627028719 146118627445242 146118704504844 146118743094861
146118665806605 146118666201573 146118743100351 146118781537818 146118704504220 146118704909613 146118781542984 146118819867756
146118743100021 146118743502669 146118819873561 146118858250071 146118781542189 146118781939035 146118858254898 146118896509545
146118819873219 146118820270137 146118896515647 146118934980963 146118858253947 146118858661209 146118934985772 146118973329591
146118896515116 146118896941314 146118973335201 146119011794673 146118934985133 146118935383353 146119011799299 146119050125490
146118973334640 146118973758858 146119050130458 146119088561511 146119011798750 146119012202460 146119088566794 146119126901391
146119050129906 146119050541497 146119126906950 146119165433034 146119088566008 146119088977713 146119165441287 146119203760179

1285228821984509 1285228822487889 1285228823914737 1285228862909196 1285228822488101 1285228822922409 1285228862916312 1285228902071253
1285228823914011 1285228824337617 1285228902077655 1285228940809164 1285228862915151 1285228863346494 1285228940814507 1285228979663490
1285228902076899 1285228902501084 1285228979669997 1285229018384823 1285228940814081 1285228941231468 1285229018389752 1285229057215374
1285228979669475 1285228980093306 1285229057221887 1285229095652433 1285229018388702 1285229018803641 1285229095656960 1285229134238883
1285229057221248 1285229057624991 1285229134244931 1285229172591858 1285229095656057 1285229096076744 1285229172596928 1285229211033255
1285229134244595 1285229134650024 1285229211039051 1285229249371113 1285229172595938 1285229172995361 1285229249375910 1285229287876962
1285229211038628 1285229211426495 1285229287883469 1285229326213530 1285229249374836 1285229249775879 1285229326218492 1285229364647247
1285229287883130 1285229288290800 1285229364653010 1285229402978286 1285229326217580 1285229326635561 1285229402984022 1285229441426607
1285229364652671 1285229365062837 1285229441432535 1285229479759425 1285229402983071 1285229403385449 1285229479764120 1285229518211394

1285238893022118 1285238893531659 1285238894793276 1285238933819496 1285238893531977 1285238893935597 1285238933828718 1285238972821965
1285238894792412 1285238895238380 1285238972826978 1285239011825988 1285238933826975 1285238934263175 1285239011832306 1285239050699628
1285238972826468 1285238973260532 1285239050704566 1285239089524206 1285239011831643 1285239012262827 1285239089530071 1285239128186700
1285239050704008 1285239051126639 1285239128191557 1285239166731114 1285239089529375 1285239089942922 1285239166737756 1285239205088793
1285239128190990 1285239128609403 1285239205093404 1285239243589323 1285239166736991 1285239167155275 1285239243595875 1285239281918016
1285239205092819 1285239205505484 1285239281922483 1285239320431041 1285239243595107 1285239244003842 1285239320437143 1285239358752402
1285239281921889 1285239282340518 1285239358757382 1285239397253667 1285239320436405 1285239320853093 1285239397260108 1285239435605028
1285239358756767 1285239359177505 1285239435609873 1285239474069219 1285239397259343 1285239397658223 1285239474074934 1285239512416905
1285239435609324 1285239436011948 1285239512422017 1285239550890006 1285239474074409 1285239474489681 1285239550895415 1285239589216911

1285239465641838 1285239466090404 1285239467422617 1285239506472225 1285239466090707 1285239466490946 1285239506479908 1285239545467479
1285239467421858 1285239467844495 1285239545474130 1285239584351130 1285239506478714 1285239506914647 1285239584357562 1285239623093433
1285239545473695 1285239545893140 1285239623099493 1285239661909398 1285239584356701 1285239584769813 1285239661915806 1285239700630833
1285239623098908 1285239623513358 1285239700636248 1285239739120332 1285239661914975 1285239662318121 1285239739126035 1285239777466203
1285239700636155 1285239701047242 1285239777471957 1285239815979654 1285239739125363 1285239739539369 1285239815985558 1285239854334798
1285239777471594 1285239777882048 1285239854340282 1285239892832952 1285239815984562 1285239816407784 1285239892838604 1285239931122369
1285239854339901 1285239854746116 1285239931127850 1285239969617400 1285239892837920 1285239893258664 1285239969622692 1285240007960355
1285239931127457 1285239931526448 1285240007965845 1285240046484558 1285239969622302 1285239970026570 1285240046490135 1285240084839729
1285240007965437 1285240008383889 1285240084846095 1285240123296294 1285240046489457 1285240046903004 1285240123302234 1285240161649014

1285234647078426 1285234647531129 1285234648816947 1285234687782996 1285234647531318 1285234647952107 1285234687789698 1285234726957899
1285234648816098 1285234649252310 1285234726962921 1285234765772859 1285234687789080 1285234688242851 1285234765777011 1285234804756932
1285234726962276 1285234727373570 1285234804762884 1285234843407711 1285234765776603 1285234766179875 1285234843412343 1285234882157079
1285234804762263 1285234805185428 1285234882162713 1285234920842769 1285234843411947 1285234843828287 1285234920847530 1285234959654375
1285234882162047 1285234882562184 1285234959659610 1285234998027183 1285234920846912 1285234921252116 1285234998031926 1285235036520168
1285234959659283 1285234960041690 1285235036525358 1285235074899399 1285234998031311 1285234998430938 1285235074904196 1285235113438224
1285235036524767 1285235036943153 1285235113444245 1285235151793014 1285235074903605 1285235075322429 1285235151797304 1285235190315939
1285235113443654 1285235113853925 1285235190321612 1285235228699688 1285235151796851 1285235152203468 1285235228705865 1285235267253705
1285235190320979 1285235190738192 1285235267259090 1285235305617003 1285235228705268 1285235229107925 1285235305622652 1285235344124916

1285238180831328 1285238181386823 1285238182723569 1285238221894656 1285238181387156 1285238181818184 1285238221901223 1285238260949985
1285238182722792 1285238183164155 1285238260956276 1285238299918503 1285238221900383 1285238222344761 1285238299925376 1285238338698483
1285238260955646 1285238261401698 1285238338704567 1285238377525119 1285238299924485 1285238300337120 1285238377530744 1285238416184967
1285238338704000 1285238339105424 1285238416190007 1285238454675174 1285238377529571 1285238377956897 1285238454680268 1285238493035826
1285238416189377 1285238416593915 1285238493041760 1285238531529192 1285238454679698 1285238455088424 1285238531534223 1285238569878783
1285238493041088 1285238493465573 1285238569884372 1285238608406364 1285238531533617 1285238531941533 1285238608411512 1285238646784659
1285238569883733 1285238570281455 1285238646790617 1285238685269616 1285238608411113 1285238608824681 1285238685274602 1285238723648985
1285238646789999 1285238647204005 1285238723655984 1285238762163612 1285238685274002 1285238685681501 1285238762168523 1285238800509414
1285238723655444 1285238724079374 1285238800515045 1285238838984429 1285238762167920 1285238762569497 1285238838989310 1285238877365040

146118146066565 146118146543424 146118147659856 146118186619242 146118146543604 146118146944038 146118186625824 146118225746049
146118147658983 146118148104060 146118225751755 146118264519561 146118186624894 146118187055877 146118264524568 146118303432807
146118225750882 146118226185891 146118303437751 146118341734917 146118264523851 146118264947202 146118341739423 146118380267346
146118303437130 146118303838890 146118380272461 146118418594770 146118341739069 146118342136170 146118418599447 146118457099305
146118380271846 146118380693754 146118457104375 146118495399045 146118418599027 146118419009280 146118495404664 146118533837787
146118457103736 146118457508193 146118533842863 146118572129127 146118495403962 146118495805926 146118572134080 146118610591296
146118533842239 146118534266025 146118610595628 146118648877731 146118572133507 146118572535072 146118648881595 146118687337293
146118610595736 146118611004039 146118687341700 146118725651577 146118648881025 146118649281207 146118725656716 146118764173830
146118687341163 146118687760728 146118764179605 146118802414287 146118725656101 146118726054051 146118802420725 146118840757815

146111013619860 146111014087623 146111015374380 146111054324805 146111014087941 146111014496103 146111054331546 146111093446656
146111015373372 146111015800581 146111093452464 146111132214420 146111054331108 146111054770824 146111132220630 146111171081247
146111093451633 146111093886972 146111171086353 146111209442067 146111132219994 146111132628498 146111209448274 146111247989535
146111171085792 146111171513220 146111247994749 146111286366999 146111209447632 146111209852965 146111286372333 146111324882982
146111247994137 146111248404837 146111324887473 146111363225877 146111286371793 146111286784467 146111363231907 146111401802604
146111324887356 146111325311070 146111401807614 146111440165272 146111363231274 146111363660844 146111440170936 146111478710463
146111401806990 146111402209446 146111478715152 146111517067068 146111440170522 146111440577661 146111517073554 146111555630178
146111478714972 146111479149564 146111555635476 146111593976928 146111517072954 146111517481776 146111593983057 146111632508790
146111555634756 146111556052005 146111632514034 146111670819360 146111593982493 146111594397762 146111670825186 146111709330402

1284748861831548 1284748862278698 1284748863542055 1284748902658014 1284748862278743 1284748862678796 1284748902664914 1284748941684495
1284748863541329 1284748863967827 1284748941689838 1284748980674526 1284748902664152 1284748903098966 1284748980681387 1284749019519096
1284748941689223 1284748942132824 1284749019524589 1284749058430203 1284748980680478 1284748981102524 1284749058434928 1284749097217050
1284749019523986 1284749019924132 1284749097222339 1284749136058884 1284749058434538 1284749058840147 1284749136065049 1284749174799645
1284749097221748 1284749097657585 1284749174804532 1284749213296878 1284749136065019 1284749136485166 1284749213302938 1284749251581105
1284749174803929 1284749175216732 1284749251585605 1284749290042305 1284749213302344 1284749213703132 1284749290047981 1284749328362280
1284749251585011 1284749251992264 1284749328367530 1284749366858646 1284749290047267 1284749290446384 1284749366865363 1284749405217981
1284749328366903 1284749328792996 1284749405223681 1284749443668975 1284749366864808 1284749367265782 1284749443674543 1284749482010007
1284749405223090 1284749405637351 1284749482015587 1284749520457752 1284749443673976 1284749444088579 1284749520463374 1284749558821293

1284738439327338 1284738439785711 1284738441096924 1284738480119454 1284738439786080 1284738440185878 1284738480125475 1284738519089049
1284738441096162 1284738441520626 1284738519095718 1284738558110244 1284738480124689 1284738480573213 1284738558115428 1284738596973321
1284738519095490 1284738519545691 1284738596978481 1284738635771835 1284738558114786 1284738558537165 1284738635777079 1284738674469471
1284738596977944 1284738597392043 1284738674474373 1284738712992684 1284738635776095 1284738636183465 1284738712997601 1284738751357386
1284738674473785 1284738674891076 1284738751363068 1284738789885717 1284738712996956 1284738713409771 1284738789891606 1284738828267579
1284738751362432 1284738751784145 1284738828273519 1284738866744388 1284738789890970 1284738790301799 1284738866749416 1284738905110305
1284738828272886 1284738828693600 1284738905116338 1284738943626804 1284738866748804 1284738867174936 1284738943633224 1284738981997662
1284738905115732 1284738905529279 1284738982003563 1284739020451098 1284738943632576 1284738944045148 1284739020456126 1284739058819844
1284738982002888 1284738982413861 1284739058825910 1284739097296938 1284739020455268 1284739020847281 1284739097302413 1284739135621608

1284444249392937 1284444249841206 1284444251134164 1284444290089446 1284444249841533 1284444250267308 1284444290095989 1284444328987092
1284444251133285 1284444251557905 1284444328992450 1284444367912368 1284444290095185 1284444290544786 1284444367919301 1284444406738074
1284444328992150 1284444329422992 1284444406743195 1284444445634682 1284444367918497 1284444368325528 1284444445641099 1284444484417251
1284444406742598 1284444407168355 1284444484422171 1284444523135554 1284444445640097 1284444446043282 1284444523141956 1284444561683475
1284444484421559 1284444484824900 1284444561688431 1284444600193611 1284444523141065 1284444523560942 1284444600199971 1284444638549715
1284444561688554 1284444562090383 1284444638554266 1284444677063520 1284444600199089 1284444600597147 1284444677069403 1284444715406073
1284444638554179 1284444638992554 1284444715411275 1284444753853704 1284444677069049 1284444677467509 1284444753859761 1284444792157080
1284444715410534 1284444715826550 1284444792161775 1284444830575164 1284444753858945 1284444754264464 1284444830581026 1284444868883418
1284444792161610 1284444792555810 1284444868888749 1284444907343016 1284444830580306 1284444830987292 1284444907347999 1284444945629190

1311653444031105 1311653444491941 1311653445653952 1311653484703830 1311653444491983 1311653444925549 1311653484710052 1311653523735702
1311653445653199 1311653446085214 1311653523741252 1311653562560481 1311653484709029 1311653485159167 1311653562566187 1311653601289185
1311653523740577 1311653524167210 1311653601294468 1311653640140589 1311653562565419 1311653562965142 1311653640145818 1311653678884998
1311653601293889 1311653601699462 1311653678890332 1311653717685600 1311653640145188 1311653640542415 1311653717691276 1311653756357487
1311653678889789 1311653679299946 1311653756362770 1311653794808139 1311653717690625 1311653718104121 1311653794814037 1311653833112457
1311653756362206 1311653756765124 1311653833118286 1311653871621075 1311653794813392 1311653795212023 1311653871626064 1311653909980926
1311653833117935 1311653833544421 1311653909987160 1311653948447289 1311653871625464 1311653872019073 1311653948452668 1311653986761582
1311653909986599 1311653910389952 1311653986766871 1311654025244499 1311653948452014 1311653948874600 1311654025249371 1311654063624576
1311653986766325 1311653987164422 1311654063629913 1311654102036045 1311654025248756 1311654025664091 1311654102041337 1311654140319432

1284448860371616 1284448860845115 1284448861965627 1284448901092764 1284448860845469 1284448861248387 1284448901098554 1284448940123106
1284448861964811 1284448862405187 1284448940128569 1284448978993455 1284448901097666 1284448901547942 1284448979000097 1284449017729995
1284448940128113 1284448940563374 1284449017736043 1284449056565481 1284448978998237 1284448979414943 1284449056570365 1284449095307265
1284449017735458 1284449018138550 1284449095313211 1284449134144110 1284449056569585 1284449056978926 1284449134149249 1284449172781857
1284449095312431 1284449095727043 1284449172787485 1284449211252987 1284449134148475 1284449134551984 1284449211257748 1284449249577399
1284449172786849 1284449173192293 1284449249582646 1284449288061696 1284449211256935 1284449211684189 1284449288066463 1284449326342263
1284449249582535 1284449249987832 1284449326348044 1284449364811572 1284449288065692 1284449288476623 1284449364815811 1284449403120594
1284449326347408 1284449326748724 1284449403126201 1284449441615151 1284449364815055 1284449365224387 1284449441619852 1284449479940142
1284449403125430 1284449403534915 1284449479946127 1284449518419549 1284449441619297 1284449442034053 1284449518424214 1284449556735909

1284452734076277 1284452734526841 1284452735642448 1284452774651262 1284452734527180 1284452734937121 1284452774656371 1284452813758440
1284452735641671 1284452736080649 1284452813764299 1284452852490057 1284452774655789 1284452775090282 1284452852494785 1284452891317263
1284452813763777 1284452814195657 1284452891322729 1284452930147004 1284452852493975 1284452852902992 1284452930152602 1284452969147202
1284452891322162 1284452891739567 1284452969153169 1284453007866963 1284452930151804 1284452930568042 1284453007871796 1284453046737627
1284452969152629 1284452969564265 1284453046743222 1284453085158399 1284453007870983 1284453008274345 1284453085163475 1284453123695859
1284453046742655 1284453047140575 1284453123701373 1284453162027150 1284453085162710 1284453085564209 1284453162032058 1284453200496909
1284453123701019 1284453124114821 1284453200502735 1284453238841376 1284453162031275 1284453162456378 1284453238845972 1284453277299075
1284453200502177 1284453200909430 1284453277305333 1284453315717084 1284453238845375 1284453239245185 1284453315721458 1284453354170958
1284453277304967 1284453277708218 1284453354176289 1284453392470881 1284453315721128 1284453316137006 1284453392475672 1284453430903656

1284447845261907 1284447845740866 1284447846906144 1284447885875652 1284447845741166 1284447846139098 1284447885881145 1284447925026585
1284447846905427 1284447847349604 1284447925033848 1284447963815781 1284447885880362 1284447886326858 1284447963820125 1284448002695607
1284447925033254 1284447925485582 1284448002702912 1284448041192789 1284447963819264 1284447964221378 1284448041197388 1284448079823243
1284448002702168 1284448003105965 1284448079829927 1284448118169810 1284448041196503 1284448041614580 1284448118174244 1284448156676676
1284448079829123 1284448080235323 1284448156684062 1284448194979479 1284448118173365 1284448118591784 1284448194983967 1284448233438315
1284448156683450 1284448157085618 1284448233444993 1284448271793330 1284448194983064 1284448195403742 1284448271797836 1284448310360862
1284448233444639 1284448233857865 1284448310367612 1284448348733889 1284448271796978 1284448272223632 1284448348738758 1284448387180218
1284448310367600 1284448310789433 1284448387185846 1284448425495330 1284448348737960 1284448349143590 1284448425499956 1284448463988807
1284448387185261 1284448387601847 1284448463995671 1284448502365194 1284448425499116 1284448425912693 1284448502369832 1284448540806564
