16 52
1290970325505255 1290970325518941 1290970329102741 1290970333450221 1290970333450242 1290970333481622 1290970337568651 1290970341709782
1290970341710253 1290970341743481 1290970345015629 1290970349155857 1290970349155878 1290970349181825 1290970352750670 1290970356885828
1290970356886263 1290970356919362 1290970360520865 1290970364719785 1290970364719806 1290970364748093 1290970368046962 1290970372213050
1290970372213707 1290970372248894 1290970375828377 1290970379999268 1290970379999286 1290970380028026 1290970383541074 1290970387687626
1290970387688154 1290970387721418 1290970391266224 1290970395356661 1290970395356679 1290970395385095 1290970398912075 1290970403057343
1290970403057868 1290970403093019 1290970406618292 1290970410733155 1290970410733173 1290970410757299 1290970414699776 1290970418800866
1290970418801286 1290970418836095 1290970422205704 1290970426336767 1290970426336785 1290970426364244 1290970430222937 1290970434363576
1290970434364017 1290970434396303 1290970437939366 1290970442032509 1290970442032530 1290970442057700 1290970445501055 1290970449587886
1290970449588294 1290970449623433 1290970453655388 1290970457753340 1290970457753361 1290970457779092 1290970461149331 1290970465257144

146028306388464 146028306402084 146028310394820 146028314798757 146028314798778 146028314837292 146028318412410 146028322607103
146028322608087 146028322636500 146028325976619 146028330127599 146028330127620 146028330158325 146028333793869 146028337954527
146028337955967 146028337984116 146028341404941 146028345535020 146028345535041 146028345564318 146028348953385 146028353083701
146028353084895 146028353112975 146028356725065 146028360813027 146028360813048 146028360844722 146028364420773 146028368525658
146028368526813 146028368556162 146028372069351 146028376179051 146028376179072 146028376209666 146028379929720 146028384030285
146028384031455 146028384060285 146028387633045 146028391708467 146028391708488 146028391741869 146028395629203 146028399710415
146028399711009 146028399740670 146028403349010 146028407430675 146028407430711 146028407461224 146028411157680 146028415244460
146028415245435 146028415275069 146028418910358 146028422994309 146028422994327 146028423026439 146028426844533 146028430951812
146028430952805 146028430981647 146028434593842 146028438693492 146028438693513 146028438727041 146028442436196 146028446540376

1285138620601824 1285138620611751 1285138624600377 1285138628932116 1285138628932149 1285138628966346 1285138632727671 1285138636810755
1285138636811619 1285138636841523 1285138640394498 1285138644466041 1285138644466062 1285138644496491 1285138648012593 1285138652088753
1285138652089482 1285138652115453 1285138655627817 1285138659709746 1285138659709764 1285138659739755 1285138663224960 1285138667327610
1285138667328315 1285138667356122 1285138671066039 1285138675111569 1285138675111590 1285138675141182 1285138678842942 1285138682884785
1285138682885619 1285138682913321 1285138686290682 1285138690336203 1285138690336224 1285138690365207 1285138694059767 1285138698112281
1285138698113055 1285138698141792 1285138702000659 1285138706049789 1285138706049810 1285138706076672 1285138709821155 1285138713882975
1285138713883839 1285138713911376 1285138717766478 1285138721807019 1285138721807037 1285138721836188 1285138725438186 1285138729495410
1285138729496238 1285138729525674 1285138733097351 1285138737171378 1285138737171399 1285138737202497 1285138740975270 1285138745051304
1285138745052102 1285138745080614 1285138748817498 1285138752869319 1285138752869340 1285138752899160 1285138756538313 1285138760582370

1285148690855223 1285148690865984 1285148694877728 1285148699228649 1285148699228685 1285148699263725 1285148702817600 1285148706928155
1285148706929331 1285148706958974 1285148710531482 1285148714614365 1285148714614383 1285148714644197 1285148718279735 1285148722358589
1285148722359726 1285148722388547 1285148725875543 1285148729919960 1285148729919981 1285148729949024 1285148733588030 1285148737639581
1285148737640757 1285148737669173 1285148741320023 1285148745380814 1285148745380835 1285148745410427 1285148749085292 1285148753144610
1285148753145780 1285148753173542 1285148756598045 1285148760659547 1285148760659583 1285148760688761 1285148764403565 1285148768437962
1285148768439105 1285148768467077 1285148772171690 1285148776207701 1285148776207737 1285148776238973 1285148780039589 1285148784085098
1285148784086283 1285148784115908 1285148787795039 1285148791838094 1285148791838130 1285148791870353 1285148795679960 1285148799737262
1285148799738369 1285148799767835 1285148803278156 1285148807341194 1285148807341230 1285148807370057 1285148811320184 1285148815372824
1285148815373880 1285148815403184 1285148819083188 1285148823148812 1285148823148833 1285148823178674 1285148826693303 1285148830718193

1285149263606988 1285149263617506 1285149267232806 1285149271648182 1285149271648203 1285149271677114 1285149275205237 1285149279364179
1285149279364752 1285149279400101 1285149283096299 1285149287240763 1285149287240799 1285149287268735 1285149290864916 1285149295036845
1285149295037457 1285149295070178 1285149298565205 1285149302667888 1285149302667909 1285149302696451 1285149306094587 1285149310200729
1285149310201266 1285149310236558 1285149313836045 1285149317925957 1285149317925993 1285149317953275 1285149321539001 1285149325652019
1285149325652958 1285149325689894 1285149329316465 1285149333411495 1285149333411513 1285149333438387 1285149336986736 1285149341117013
1285149341117877 1285149341152602 1285149344564457 1285149348660852 1285149348660873 1285149348687402 1285149352305594 1285149356392869
1285149356393430 1285149356430615 1285149360217290 1285149364299477 1285149364299513 1285149364326654 1285149367938192 1285149372045930
1285149372046785 1285149372083214 1285149375569694 1285149379664220 1285149379664241 1285149379692381 1285149383439948 1285149387559662
1285149387560202 1285149387595095 1285149391317312 1285149395389161 1285149395389179 1285149395414352 1285149399037473 1285149403151484

1285144445417391 1285144445430252 1285144448965938 1285144453409994 1285144453410027 1285144453448265 1285144456745112 1285144460875242
1285144460875848 1285144460900403 1285144464887586 1285144469024097 1285144469024133 1285144469057577 1285144472687643 1285144476805128
1285144476805719 1285144476829377 1285144480158435 1285144484277642 1285144484277663 1285144484310195 1285144487865585 1285144491978087
1285144491978687 1285144492006221 1285144495281717 1285144499414814 1285144499414835 1285144499449374 1285144503266742 1285144507373883
1285144507374486 1285144507402710 1285144511016468 1285144515107253 1285144515107274 1285144515138708 1285144518849018 1285144522938459
1285144522939092 1285144522964601 1285144526437917 1285144530540498 1285144530540519 1285144530573150 1285144534069224 1285144538157027
1285144538157594 1285144538182233 1285144542390558 1285144546498053 1285144546498089 1285144546529199 1285144549815315 1285144553893311
1285144553893899 1285144553920668 1285144557506736 1285144561626540 1285144561626561 1285144561662150 1285144565234934 1285144569312399
1285144569312981 1285144569352692 1285144573457157 1285144577563137 1285144577563158 1285144577596794 1285144580828466 1285144584909132

1285147978363773 1285147978375671 1285147982029854 1285147986448152 1285147986448173 1285147986489921 1285147990084248 1285147994235729
1285147994236488 1285147994264262 1285147997750643 1285148001913806 1285148001913827 1285148001951267 1285148005649691 1285148009805393
1285148009805969 1285148009834856 1285148013182499 1285148017298280 1285148017298301 1285148017332516 1285148020861350 1285148024965377
1285148024966187 1285148024994528 1285148028557379 1285148032644402 1285148032644423 1285148032679988 1285148036253087 1285148040366384
1285148040367203 1285148040393501 1285148044047984 1285148048159841 1285148048159862 1285148048196993 1285148051869935 1285148055967128
1285148055967905 1285148055995370 1285148059471536 1285148063560614 1285148063560635 1285148063595405 1285148067046584 1285148071136949
1285148071137939 1285148071164495 1285148074854657 1285148078922516 1285148078922537 1285148078957823 1285148082932670 1285148087014224
1285148087014995 1285148087043381 1285148090452782 1285148094548532 1285148094548568 1285148094582582 1285148097954642 1285148102057067
1285148102057808 1285148102087478 1285148106123609 1285148110217577 1285148110217598 1285148110252008 1285148113836123 1285148117933724

146027944421628 146027944431726 146027948092080 146027952495765 146027952495786 146027952531261 146027956159788 146027960332845
146027960333628 146027960363802 146027963920356 146027968065330 146027968065351 146027968099728 146027971615050 146027975766942
146027975767806 146027975797611 146027979390768 146027983491774 146027983491795 146027983525119 146027986909272 146027991024525
146027991025377 146027991054975 146027994701157 146027998776345 146027998776366 146027998808061 146028002344305 146028006433197
146028006434043 146028006464733 146028009740193 146028013815471 146028013815489 146028013846527 146028017624124 146028021713388
146028021714225 146028021744966 146028025493784 146028029601303 146028029601324 146028029633682 146028033124611 146028037245879
146028037246638 146028037276476 146028040767309 146028044836209 146028044836242 146028044868453 146028048814047 146028052903035
146028052903836 146028052933302 146028056523624 146028060589278 146028060589299 146028060620523 146028064256778 146028068342160
146028068342898 146028068371731 146028072314112 146028076395429 146028076395450 146028076429749 146028079691157 146028083803407

146020813560189 146020813572816 146020817587854 146020821989106 146020821989127 146020822023909 146020825733130 146020829891076
146020829891625 146020829921946 146020833570780 146020837682031 146020837682052 146020837712625 146020841223387 146020845367095
146020845367971 146020845399330 146020849129752 146020853211006 146020853211024 146020853240781 146020856561796 146020860694821
146020860695358 146020860729705 146020864265643 146020868369535 146020868369556 146020868400963 146020871927667 146020876049526
146020876050042 146020876082919 146020879700406 146020883772810 146020883772831 146020883803977 146020887248610 146020891336611
146020891337166 146020891372227 146020895019942 146020899107871 146020899107907 146020899138876 146020902847161 146020906945944
146020906946583 146020906979427 146020910788428 146020914884547 146020914884898 146020914915399 146020918360332 146020922464176
146020922464704 146020922496324 146020926107505 146020930218867 146020930218888 146020930247778 146020933676064 146020937777664
146020937778288 146020937809083 146020941650340 146020945743654 146020945743990 146020945774542 146020949476113 146020953550653

1284658660043013 1284658660054419 1284658664151990 1284658668543642 1284658668543678 1284658668579024 1284658672195644 1284658676347509
1284658676348121 1284658676384451 1284658679808213 1284658683986955 1284658683986976 1284658684017123 1284658687704690 1284658691862288
1284658691863053 1284658691896197 1284658695152490 1284658699298367 1284658699298388 1284658699328283 1284658703097606 1284658707227307
1284658707227907 1284658707260976 1284658710755028 1284658714844583 1284658714844604 1284658714875123 1284658718468133 1284658722577575
1284658722577968 1284658722611484 1284658726051884 1284658730141745 1284658730141781 1284658730172915 1284658733644617 1284658737751374
1284658737752001 1284658737786129 1284658741414401 1284658745513298 1284658745513319 1284658745543055 1284658749448275 1284658753573593
1284658753574220 1284658753608063 1284658757174259 1284658761262083 1284658761262119 1284658761292179 1284658764931149 1284658769027355
1284658769027961 1284658769061087 1284658772600814 1284658776687699 1284658776687735 1284658776714015 1284658780202226 1284658784312232
1284658784312841 1284658784346183 1284658788200208 1284658792284861 1284658792284882 1284658792315545 1284658795690920 1284658799805555

1284648238394574 1284648238407444 1284648242598264 1284648247036407 1284648247036428 1284648247070604 1284648250558740 1284648254747238
1284648254747877 1284648254775972 1284648258288105 1284648262398501 1284648262398537 1284648262429602 1284648266079816 1284648270191292
1284648270191841 1284648270221859 1284648273543492 1284648277706874 1284648277706892 1284648277734102 1284648281231643 1284648285379401
1284648285379944 1284648285407856 1284648288833649 1284648292936695 1284648292936728 1284648292968291 1284648296648445 1284648300725505
1284648300726048 1284648300755655 1284648304400265 1284648308481579 1284648308481600 1284648308513526 1284648312097518 1284648316181400
1284648316181937 1284648316209852 1284648319867425 1284648323975991 1284648323976012 1284648324008433 1284648327579159 1284648331684644
1284648331685247 1284648331716153 1284648335407761 1284648339524631 1284648339524652 1284648339557691 1284648342744648 1284648346828212
1284648346828746 1284648346859637 1284648350918769 1284648355006608 1284648355006644 1284648355037661 1284648358633095 1284648362710848
1284648362711385 1284648362742057 1284648366398238 1284648370496925 1284648370496943 1284648370531050 1284648373914699 1284648378006000

1284354048145383 1284354048155592 1284354052051998 1284354056481111 1284354056481132 1284354056519754 1284354060291006 1284354064445286
1284354064445856 1284354064475289 1284354068078046 1284354072230943 1284354072230964 1284354072262953 1284354075824316 1284354079938747
1284354079939338 1284354079968786 1284354083488539 1284354087621270 1284354087621291 1284354087654624 1284354091219227 1284354095348100
1284354095348661 1284354095376264 1284354098497638 1284354102622257 1284354102622278 1284354102655890 1284354106583730 1284354110703975
1284354110704566 1284354110734389 1284354114293919 1284354118394898 1284354118394919 1284354118426785 1284354121867080 1284354125944935
1284354125945502 1284354125974311 1284354129600039 1284354133683720 1284354133683741 1284354133716702 1284354137416539 1284354141514608
1284354141515166 1284354141546795 1284354145104981 1284354149181993 1284354149182014 1284354149212986 1284354152812368 1284354156889932
1284354156890463 1284354156920505 1284354160417080 1284354164528877 1284354164528895 1284354164562726 1284354168462939 1284354172544163
1284354172544739 1284354172574253 1284354176310954 1284354180409395 1284354180409416 1284354180443571 1284354184017447 1284354188107485

1311563242577517 1311563242588887 1311563246611572 1311563251025616 1311563251025637 1311563251058469 1311563254591185 1311563258757339
1311563258757924 1311563258790120 1311563262255993 1311563266387860 1311563266387896 1311563266418283 1311563270053845 1311563274183303
1311563274184488 1311563274216315 1311563278152708 1311563282274909 1311563282274930 1311563282303598 1311563285876592 1311563290002702
1311563290003332 1311563290035417 1311563293380618 1311563297479032 1311563297479053 1311563297511510 1311563301043212 1311563305156605
1311563305157799 1311563305189065 1311563308645230 1311563312725356 1311563312725377 1311563312755971 1311563316371355 1311563320538799
1311563320539954 1311563320571934 1311563324309658 1311563328384318 1311563328384339 1311563328414333 1311563332213851 1311563336297988
1311563336298561 1311563336330652 1311563339649072 1311563343728997 1311563343729018 1311563343760626 1311563347615413 1311563351696541
1311563351697735 1311563351727069 1311563355242247 1311563359344171 1311563359344192 1311563359373121 1311563363198571 1311563367316788
1311563367317151 1311563367344634 1311563371084884 1311563375175879 1311563375175900 1311563375205957 1311563378481078 1311563382584442

1284358658624643 1284358658637603 1284358662288042 1284358666731849 1284358666731870 1284358666769991 1284358670711391 1284358674866199
1284358674866784 1284358674896919 1284358678392198 1284358682570853 1284358682570889 1284358682601171 1284358686096552 1284358690222614
1284358690223226 1284358690253823 1284358694097687 1284358698171180 1284358698171216 1284358698202875 1284358701690672 1284358705776042
1284358705776627 1284358705806738 1284358709402727 1284358713492840 1284358713492861 1284358713524568 1284358717037568 1284358721148273
1284358721148981 1284358721179635 1284358724664471 1284358728780009 1284358728780045 1284358728814110 1284358732463646 1284358736562711
1284358736563662 1284358736593395 1284358740353280 1284358744475934 1284358744475970 1284358744506549 1284358748258430 1284358752341718
1284358752342456 1284358752371223 1284358755919593 1284358760017302 1284358760017323 1284358760049186 1284358763577234 1284358767674166
1284358767675156 1284358767706191 1284358771274955 1284358775374527 1284358775374545 1284358775405943 1284358779237981 1284358783312392
1284358783313193 1284358783344174 1284358787046588 1284358791165963 1284358791165984 1284358791196650 1284358794770292 1284358798875816

1284362531954562 1284362531966184 1284362535567246 1284362540021469 1284362540021490 1284362540060961 1284362543854134 1284362547993270
1284362547993846 1284362548022205 1284362551397685 1284362555551071 1284362555551107 1284362555580723 1284362559437349 1284362563600638
1284362563601184 1284362563630488 1284362566920531 1284362571072738 1284362571072759 1284362571107310 1284362574724557 1284362578857378
1284362578857960 1284362578885941 1284362582587263 1284362586685197 1284362586685218 1284362586719616 1284362590470942 1284362594563089
1284362594563680 1284362594591976 1284362598036792 1284362602184328 1284362602184349 1284362602218099 1284362605837527 1284362609959431
1284362609960004 1284362609987964 1284362613604758 1284362617702008 1284362617702029 1284362617734768 1284362621608140 1284362625720753
1284362625721437 1284362625751530 1284362629278477 1284362633378253 1284362633378271 1284362633411634 1284362636794041 1284362640882579
1284362640883149 1284362640912330 1284362644601442 1284362648691174 1284362648691195 1284362648723169 1284362652584841 1284362656674243
1284362656674810 1284362656701561 1284362660437140 1284362664511035 1284362664511071 1284362664543369 1284362668219602 1284362672302164

1284357643596036 1284357643606884 1284357647529588 1284357651964902 1284357651964923 1284357652003536 1284357655445571 1284357659604846
1284357659605209 1284357659635017 1284357663122409 1284357667277493 1284357667277511 1284357667307655 1284357670888422 1284357675013362
1284357675013701 1284357675041658 1284357678951219 1284357683031864 1284357683031885 1284357683063487 1284357686815824 1284357690916725
1284357690917052 1284357690946416 1284357694444074 1284357698526912 1284357698526933 1284357698558712 1284357702177477 1284357706253010
1284357706253364 1284357706284624 1284357709646163 1284357713765154 1284357713765175 1284357713795181 1284357717471798 1284357721569345
1284357721569840 1284357721598595 1284357725337561 1284357729447237 1284357729447258 1284357729478344 1284357733139367 1284357737229345
1284357737229864 1284357737276871 1284357740813442 1284357744893208 1284357744893226 1284357744927537 1284357748635459 1284357752724408
1284357752724921 1284357752754630 1284357756262167 1284357760335681 1284357760335714 1284357760368990 1284357763836960 1284357767922141
1284357767922501 1284357767951289 1284357772054995 1284357776166552 1284357776166570 1284357776197506 1284357779863446 1284357783967992
