16 2735
1291356351923253 1291356352078929 1291356352228740 1291356728281539 1291356728281575 1291356728756433 1291356728961414 1291357103909898
1291357103910276 1291357104140958 1291357104304065 1291357479939354 1291357479939405 1291357480176732 1291357480357641 1291357854639294
1291357854639726 1291357854886254 1291357855061793 1291358230203780 1291358230203801 1291358230444977 1291358230627869 1291358606518719
1291358606518935 1291358606776887 1291358606967687 1291358980973592 1291358980973613 1291358981209677 1291358981377191 1291359357206049
1291359357206259 1291359357436644 1291359357614868 1291359732090900 1291359732090918 1291359732356184 1291359732541077 1291360108395567
1291360108395819 1291360108647303 1291360108879605 1291360531048857 1291360531048878 1291360531316100 1291360554136560 1291360977111780
1291360977112095 1291360977400587 1291360999516455 1291361455628883 1291361455629357 1291361455892907 1291361456136492 1291361911338765
1291361911338996 1291361911618398 1291361911860339 1291362368380818 1291362368380839 1291362368628369 1291362368863584 1291362823118433
1291362823118871 1291362823419720 1291362825399015 1291363279229529 1291363279229550 1291363279532529 1291363280801991 1291363736397450

146414333120871 146414333268300 146414333427399 146414705672217 146414705672253 146414706155184 146414709688956 146415083627361
146415083628114 146415083853729 146415085356909 146415457217745 146415457217781 146415457451451 146415461384136 146415834783261
146415834784197 146415834983607 146415836095506 146416210228665 146416210228686 146416210485552 146416211652888 146416585754469
146416585754757 146416585990536 146416587984981 146416962070602 146416962070623 146416962305835 146416962472128 146417334877977
146417334878223 146417335110117 146417338648824 146417713059651 146417713059702 146417713285956 146417713562064 146418086015835
146418086016102 146418086244582 146418089859435 146418504889680 146418504889701 146418505133844 146418528280749 146418943998867
146418943999119 146418944313714 146418976933305 146419430188032 146419430188053 146419430433147 146419437127581 146419891929516
146419891929798 146419892207403 146419892839170 146420347558017 146420347558038 146420347833378 146420349857715 146420806359354
146420806359846 146420806655028 146420806914375 146421261792825 146421261792861 146421262053195 146421262271187 146421715622097

1285524646676859 1285524646820829 1285524646962111 1285525018835922 1285525018836141 1285525019336184 1285525020434001 1285525393901169
1285525393901367 1285525394133438 1285525397420949 1285525769349081 1285525769349105 1285525769595921 1285525771384251 1285526144684748
1285526144685000 1285526144932047 1285526148553596 1285526521047270 1285526521047318 1285526521300356 1285526524049769 1285526896163976
1285526896164477 1285526896432914 1285526899554549 1285527272628177 1285527272628201 1285527272855511 1285527275889900 1285527647568537
1285527647568795 1285527647817708 1285527648674400 1285528022847306 1285528022847339 1285528023099954 1285528026860601 1285528398621633
1285528398621912 1285528398853230 1285528399824189 1285528838385831 1285528838385870 1285528838658243 1285528841637453 1285529281842405
1285529281842684 1285529282168871 1285529282441364 1285529735986947 1285529735986968 1285529736252114 1285529744636733 1285530196430889
1285530196431216 1285530196708665 1285530205784952 1285530659647419 1285530659647461 1285530659932119 1285530662565885 1285531115161908
1285531115162148 1285531115422341 1285531120232847 1285531573800534 1285531573800561 1285531574087967 1285531575624678 1285532027829747

1285534719996309 1285534720141776 1285534720296513 1285535093592945 1285535093592966 1285535094076149 1285535096513277 1285535468651301
1285535468651619 1285535468889819 1285535472180360 1285535844528933 1285535844529116 1285535844763599 1285535848217334 1285536220098480
1285536220098822 1285536220377789 1285536222920784 1285536594981492 1285536594981513 1285536595228242 1285536598486635 1285536970695327
1285536970695576 1285536970969506 1285536974811408 1285537348054035 1285537348054056 1285537348285185 1285537349260269 1285537721274582
1285537721274933 1285537721507031 1285537725483132 1285538098606752 1285538098606776 1285538098825236 1285538100398940 1285538472493092
1285538472493464 1285538472720246 1285538476697055 1285538914773258 1285538914773294 1285538915049342 1285538915303571 1285539355217058
1285539355217547 1285539355497654 1285539362566092 1285539813541815 1285539813541851 1285539813822177 1285539823954656 1285540273252020
1285540273252311 1285540273508913 1285540279672182 1285540735700601 1285540735700673 1285540735995693 1285540736699289 1285541192992494
1285541192992716 1285541193286803 1285541193548691 1285541646175224 1285541646175278 1285541646451137 1285541648061990 1285542102476454

1285535292913977 1285535293065465 1285535293219008 1285535665131504 1285535665131525 1285535665621848 1285535669398362 1285536042720762
1285536042721707 1285536042951519 1285536045058608 1285536416829603 1285536416829639 1285536417049818 1285536421089552 1285536794531925
1285536794532495 1285536794755074 1285536795796890 1285537167322101 1285537167322122 1285537167548946 1285537171360227 1285537544451234
1285537544451522 1285537544686434 1285537547680371 1285537919592006 1285537919592030 1285537919803776 1285537922166798 1285538295470640
1285538295470874 1285538295707199 1285538298355161 1285538671053642 1285538671053690 1285538671312035 1285538673270171 1285539046885551
1285539046885863 1285539047155962 1285539049566123 1285539488797284 1285539488797305 1285539489051387 1285539489296964 1285539930467688
1285539930467937 1285539930749301 1285539931002333 1285540383177921 1285540383177942 1285540383450360 1285540396825968 1285540850961654
1285540850961903 1285540851257082 1285540852541835 1285541306673822 1285541306673855 1285541307007011 1285541309582790 1285541764993968
1285541764994304 1285541765291787 1285541765546175 1285542218331756 1285542218331780 1285542218585526 1285542221197239 1285542675088464

1285530473319552 1285530473467077 1285530473620629 1285530845648094 1285530845648328 1285530846130251 1285530846296196 1285531219675758
1285531219676091 1285531219903866 1285531223974884 1285531595767785 1285531595767806 1285531596015522 1285531597562433 1285531970838696
1285531970838924 1285531971065220 1285531975167297 1285532347814883 1285532347814904 1285532348091114 1285532350591113 1285532722894002
1285532722894371 1285532723184477 1285532726106408 1285533098853702 1285533098853720 1285533099106617 1285533102424728 1285533474782400
1285533474782727 1285533475026045 1285533476113647 1285533847470636 1285533847470705 1285533847718757 1285533853409709 1285534226018136
1285534226018451 1285534226279457 1285534227557847 1285534668250965 1285534668251805 1285534668476124 1285534669469637 1285535109542121
1285535109542304 1285535109851973 1285535111148228 1285535565795624 1285535565795645 1285535566098984 1285535570567634 1285536023431515
1285536023431941 1285536023709225 1285536032320104 1285536487012557 1285536487012593 1285536487310829 1285536487952643 1285536941016546
1285536941016945 1285536941314017 1285536946762338 1285537399533072 1285537399533129 1285537399840626 1285537402174695 1285537855120698

1285534007392155 1285534007542299 1285534007693880 1285534379445543 1285534379445579 1285534379948973 1285534380984885 1285534754239047
1285534754239365 1285534754464107 1285534755919548 1285535127762486 1285535127762522 1285535128000698 1285535130836784 1285535504101779
1285535504101815 1285535504321871 1285535505560406 1285535877620916 1285535877620937 1285535877846312 1285535883223938 1285536256514004
1285536256514055 1285536256744170 1285536257266542 1285536629220330 1285536629220351 1285536629446086 1285536633501177 1285537007001216
1285537007001237 1285537007221131 1285537009113504 1285537380344310 1285537380344379 1285537380586977 1285537383746082 1285537756207482
1285537756207749 1285537756441350 1285537760384757 1285538178527451 1285538178527472 1285538178825672 1285538202589029 1285538622579606
1285538622579933 1285538622890235 1285538643954705 1285539096938718 1285539096938919 1285539097209537 1285539100198017 1285539554460381
1285539554460639 1285539554748078 1285539559443390 1285540012679478 1285540012679499 1285540012967004 1285540021419759 1285540475997315
1285540475997606 1285540476339447 1285540476566544 1285540929209145 1285540929209166 1285540929529548 1285540935592425 1285541388149778

146413972400775 146413972559412 146413972715922 146414345831052 146414345831073 146414346326448 146414346724293 146414718628197
146414718628839 146414718873978 146414722389642 146415095665551 146415095665572 146415095888235 146415097073847 146415468812484
146415468813081 146415469045293 146415474193095 146415848057790 146415848057811 146415848281722 146415848464440 146416220998848
146416220998869 146416221244647 146416224117417 146416597298610 146416597298631 146416597541700 146416600584558 146416972204953
146416972205187 146416972437963 146416975138140 146417348006694 146417348006721 146417348242371 146417351132814 146417722705029
146417722705269 146417722913979 146417726565006 146418156648999 146418156649203 146418156929463 146418168469629 146418600638589
146418600638877 146418600951675 146418610153722 146419062307269 146419062307305 146419062618984 146419067654631 146419519344903
146419519345143 146419519664892 146419530656820 146419982945067 146419982945094 146419983181293 146419988259420 146420438189616
146420438189886 146420438471130 146420445559521 146420900347734 146420900347770 146420900646540 146420900903928 146421355110012

146406834684912 146406834836913 146406834991611 146407208244132 146407208244153 146407208756931 146407209143085 146407581428247
146407581428526 146407581653271 146407585471569 146407958105412 146407958105433 146407958334165 146407958913279 146408329879779
146408329880004 146408330091729 146408336409078 146408709610584 146408709610605 146408709868077 146408710410180 146409082156242
146409082156491 146409082395042 146409086311785 146409459311232 146409459311256 146409459577605 146409462602583 146409835426176
146409835426407 146409835720230 146409837315801 146410209058287 146410209058308 146410209287418 146410214134551 146410587565179
146410587565584 146410587804558 146410588734165 146411020432773 146411020432800 146411020694718 146411036786934 146411469110271
146411469110544 146411469406671 146411482151214 146411933937582 146411933937615 146411934223812 146411936065944 146412388460580
146412388460829 146412388794438 146412392784768 146412848592333 146412848592375 146412848916561 146412849153621 146413304881872
146413304882118 146413305202548 146413306804128 146413761071841 146413761071880 146413761342294 146413761569037 146414214225870

1285044687952749 1285044688100916 1285044688254735 1285045059834189 1285045059834210 1285045060342119 1285045062077295 1285045435058220
1285045435058529 1285045435280277 1285045436574948 1285045807989840 1285045807989861 1285045808255064 1285045812547896 1285046185573188
1285046185573488 1285046185797813 1285046185967928 1285046557320093 1285046557320114 1285046557588269 1285046563181172 1285046934325227
1285046934325491 1285046934568119 1285046937706032 1285047310976817 1285047310976838 1285047311205786 1285047313637835 1285047685410120
1285047685410576 1285047685638846 1285047690232641 1285048063297500 1285048063297521 1285048063520733 1285048063688613 1285048435343004
1285048435343298 1285048435578468 1285048441158924 1285048881271887 1285048881271908 1285048881528441 1285048883079927 1285049323173993
1285049323174287 1285049323544358 1285049331717312 1285049783806599 1285049783806620 1285049784057600 1285049790300081 1285050243249138
1285050243249375 1285050243528807 1285050243766575 1285050695897922 1285050695897943 1285050696170085 1285050702302616 1285051156038576
1285051156038837 1285051156311288 1285051158605559 1285051610104197 1285051610104218 1285051610450274 1285051614748068 1285052066064855

1285034263411878 1285034263560294 1285034263709964 1285034636295561 1285034636295582 1285034636799768 1285034637824727 1285035011844684
1285035011844942 1285035012071643 1285035012239709 1285035384006063 1285035384006084 1285035384249015 1285035385258416 1285035759032859
1285035759033381 1285035759281454 1285035761500752 1285036133118171 1285036133118234 1285036133331786 1285036134064410 1285036507254759
1285036507255086 1285036507504116 1285036512852111 1285036884556545 1285036884556566 1285036884774948 1285036886653875 1285037260028685
1285037260028919 1285037260268736 1285037263124853 1285037636309328 1285037636309364 1285037636563344 1285037638963830 1285038012491565
1285038012491817 1285038012756966 1285038012970017 1285038450683658 1285038450683679 1285038450962880 1285038456987963 1285038895323840
1285038895324113 1285038895635252 1285038898974834 1285039351322616 1285039351322637 1285039351593231 1285039361290326 1285039815310950
1285039815311199 1285039815574878 1285039818968808 1285040273712081 1285040273712108 1285040274014829 1285040275415364 1285040730948999
1285040730949281 1285040731253664 1285040732147553 1285041184005009 1285041184005030 1285041184285956 1285041186608877 1285041639916917

1284740073754737 1284740073904170 1284740074054488 1284740448012825 1284740448012846 1284740448487725 1284740448658260 1284740822051181
1284740822051454 1284740822303802 1284740822489085 1284741195433548 1284741195433584 1284741195636816 1284741197656503 1284741569178033
1284741569178306 1284741569419947 1284741570339306 1284741944242581 1284741944242626 1284741944452581 1284741949537998 1284742321926150
1284742321926405 1284742322160825 1284742322492277 1284742695569826 1284742695569847 1284742695816060 1284742698786093 1284743070291291
1284743070291561 1284743070515025 1284743075050635 1284743448117369 1284743448117390 1284743448342051 1284743449493379 1284743821119255
1284743821119492 1284743821342131 1284743826871380 1284744266500380 1284744266500419 1284744266782680 1284744267040215 1284744706668285
1284744706668528 1284744706955865 1284744716214645 1284745168885242 1284745168885263 1284745169163477 1284745175286345 1284745626914220
1284745626914451 1284745627186557 1284745628370639 1284746081373528 1284746081373564 1284746081643513 1284746087992302 1284746539504233
1284746539504518 1284746539796049 1284746544290652 1284746996002125 1284746996002146 1284746996250999 1284747001856553 1284747455124978

1311949269203202 1311949269358995 1311949269504636 1311949642406631 1311949642406649 1311949642918599 1311949645646661 1311950019925056
1311950019925302 1311950020152888 1311950021294547 1311950393360793 1311950393360829 1311950393614152 1311950397316113 1311950770830129
1311950770830150 1311950771032515 1311950772025497 1311951144792099 1311951144792120 1311951145065489 1311951147596820 1311951519797391
1311951519797685 1311951520042317 1311951523977948 1311951897082296 1311951897082317 1311951897304170 1311951898355337 1311952270180863
1311952270181139 1311952270416549 1311952274578953 1311952648621938 1311952648621959 1311952648858032 1311952649483811 1311953021286510
1311953021286711 1311953021523579 1311953025778881 1311953471278212 1311953471278242 1311953471514423 1311953471770806 1311953916632082
1311953916632310 1311953916927309 1311953917183662 1311954370566132 1311954370566159 1311954370830987 1311954373017660 1311954825333561
1311954825334050 1311954825613266 1311954828724833 1311955282469637 1311955282469658 1311955282804746 1311955285775310 1311955739183181
1311955739183373 1311955739492763 1311955740522846 1311956192816163 1311956192816199 1311956193141939 1311956196632352 1311956648534625

1284744685598022 1284744685748046 1284744685895676 1284745059641460 1284745059641481 1284745060176759 1284745060361442 1284745432594581
1284745432594818 1284745432836384 1284745436563098 1284745810114002 1284745810114023 1284745810351500 1284745810525389 1284746182575258
1284746182575480 1284746182792005 1284746187443301 1284746558213385 1284746558213412 1284746558478000 1284746562820785 1284746935170645
1284746935170873 1284746935447932 1284746938338252 1284747310171989 1284747310172010 1284747310400712 1284747314653029 1284747687793164
1284747687793206 1284747688023942 1284747688199583 1284748059963054 1284748059963087 1284748060213116 1284748065639348 1284748438434390
1284748438434726 1284748438693272 1284748438904424 1284748880630880 1284748880630910 1284748880856612 1284748887945267 1284749329259865
1284749329260096 1284749329545192 1284749333342883 1284749787825858 1284749787825894 1284749788109466 1284749788357371 1284750240755580
1284750240755799 1284750241082943 1284750244524921 1284750696704505 1284750696704541 1284750696965211 1284750700159410 1284751153389846
1284751153390278 1284751153662072 1284751158965607 1284751610925528 1284751610925549 1284751611211431 1284751614378594 1284752067927216

1284748560055224 1284748560216294 1284748560366105 1284748932333312 1284748932333498 1284748932837840 1284748934348712 1284749307687720
1284749307687990 1284749307913446 1284749308637442 1284749680508118 1284749680508139 1284749680746051 1284749684820363 1284750058076043
1284750058076073 1284750058303491 1284750058464660 1284750430574652 1284750430574673 1284750430831836 1284750434543247 1284750805209138
1284750805209393 1284750805466946 1284750809914593 1284751181649987 1284751181650023 1284751181864310 1284751186114566 1284751559394918
1284751559395386 1284751559609472 1284751562498523 1284751934328543 1284751934328564 1284751934605584 1284751936362336 1284752308849122
1284752308849404 1284752309105715 1284752313182130 1284752732647698 1284752732647761 1284752732928057 1284752755359783 1284753175938099
1284753175938531 1284753176240241 1284753204045036 1284753657887355 1284753657887412 1284753658168161 1284753662605551 1284754114974849
1284754114975089 1284754115254746 1284754115565336 1284754572013053 1284754572013074 1284754572326925 1284754573169547 1284755028023286
1284755028023532 1284755028290037 1284755029000131 1284755483219562 1284755483219619 1284755483491059 1284755487323997 1284755940456726

1284743671483134 1284743671642623 1284743671795074 1284744044891742 1284744044891763 1284744045389022 1284744045858573 1284744417629328
1284744417630006 1284744417876504 1284744422391531 1284744795321126 1284744795321147 1284744795545229 1284744796116333 1284745167947691
1284745167948351 1284745168176708 1284745173276975 1284745544232219 1284745544232240 1284745544483943 1284745547321511 1284745919230125
1284745919230362 1284745919483376 1284745922312769 1284746294177610 1284746294177631 1284746294421009 1284746299618986 1284746672728818
1284746672729163 1284746672943969 1284746673109665 1284747044608449 1284747044608479 1284747044872794 1284747051096570 1284747424283145
1284747424283379 1284747424539804 1284747424801977 1284747863484051 1284747863484078 1284747863772171 1284747873757932 1284748313865570
1284748313865825 1284748314182088 1284748319157987 1284748772960316 1284748772960343 1284748773232188 1284748773467661 1284749226041304
1284749226041526 1284749226311721 1284749227853388 1284749682255801 1284749682255855 1284749682541671 1284749687283297 1284750140178594
1284750140178834 1284750140490261 1284750144579756 1284750597107913 1284750597107955 1284750597359442 1284750597754296 1284751051387782
