16 2865
1291903305197094 1291903305343575 1291903320060540 1291903689030969 1291903305350220 1291903316380398 1291903700291184 1291904067687078
1291903689040338 1291903689076413 1291904082352257 1291904451411468 1291904067695850 1291904067732864 1291904486686905 1291904855998002
1291904451424623 1291904455410909 1291904929279665 1291905294315621 1291904856011880 1291904856048924 1291905351985659 1291905716124063
1291905294323823 1291905294363642 1291905778629945 1291906147417329 1291905716131821 1291905716166477 1291906212278175 1291906580272665
1291906147427112 1291906147461825 1291906644528072 1291907014623525 1291906580281755 1291906582261443 1291907075523120 1291907445702342
1291907014635441 1291907014678950 1291907500865388 1291907897263950 1291907445714927 1291907445733107 1291907980357803 1291908376994826
1291907897275878 1291907899991205 1291908440258901 1291908854336160 1291908377007243 1291908377051940 1291908874259586 1291909288294758
1291908854343288 1291908854378757 1291909312629540 1291909729832997 1291909288302816 1291909290441183 1291909742651151 1291910160504024
1291909729845348 1291909729874376 1291910178166926 1291910594802033 1291910160517374 1291910160539496 1291910615868789 1291911031849914

146961286701006 146961286757955 146961301612563 146961669645819 146961286764804 146961301649364 146961677675481 146962044926883
146961669653595 146961676667805 146962106237838 146962473306585 146962044933102 146962044976080 146962531507659 146962899505254
146962473316083 146962473355110 146962962137949 146963330672958 146962899515598 146962902546855 146963386671510 146963754147432
146963330682417 146963330719788 146963819235486 146964185916459 146963754156765 146963755762290 146964250453347 146964615895401
146964185926020 146964185947083 146964679639524 146965048246224 146964615904701 146964615949920 146965105943325 146965475674194
146965048255422 146965048275540 146965545372675 146965939458978 146965475683722 146965475726787 146966002012242 146966396117547
146965939469361 146965939532301 146966438783751 146966851824702 146966396127762 146966396172111 146966863211592 146967280440312
146966851830411 146966855931543 146967294499281 146967710358690 146967280447473 146967280499628 146967723301737 146968139252901
146967710369013 146967710415558 146968164427101 146968579359912 146968139262378 146968151011686 146968593645759 146969006547531

1286071598592621 1286071598651010 1286071614215235 1286071981108131 1286071598674920 1286071598774925 1286072045751861 1286072414849778
1286071981117452 1286071981165824 1286072467245468 1286072835733149 1286072414855931 1286072418572319 1286072899724988 1286073269377344
1286072835744222 1286072835784584 1286073322920189 1286073691165518 1286073269390394 1286073275308083 1286073756923256 1286074124200638
1286073691172304 1286073699484635 1286074187425905 1286074554936987 1286074124208630 1286074133356608 1286074617449103 1286074984048440
1286074554943188 1286074563343200 1286075041303080 1286075411573742 1286074984056432 1286074984093656 1286075474510922 1286075844727062
1286075411584002 1286075419113981 1286075902659972 1286076308450874 1286075844738465 1286075844784923 1286076319402155 1286076727367283
1286076308457801 1286076308492946 1286076746153685 1286077159322175 1286076727373271 1286076746133414 1286077175402634 1286077590160260
1286077159329327 1286077165559640 1286077602247962 1286078022610413 1286077590167193 1286077590204105 1286078050395675 1286078471370060
1286078022621216 1286078022666987 1286078482305198 1286078898928422 1286078471380914 1286078478222258 1286078912312256 1286079325436505

1286081676470346 1286081676529470 1286081689350345 1286082056331669 1286081676567831 1286081689374621 1286082075735597 1286082444217764
1286082056340696 1286082056372736 1286082489792954 1286082857230443 1286082444225006 1286082449195751 1286082926232840 1286083293653223
1286082857239344 1286082858933198 1286083350139044 1286083717895103 1286083293659892 1286083296151632 1286083776991029 1286084145581652
1286083717903395 1286083717945062 1286084210304258 1286084576783757 1286084145588162 1286084145632748 1286084640773154 1286085008200794
1286084576791965 1286084580612471 1286085069326634 1286085437432214 1286085008210532 1286085011124762 1286085494693916 1286085863971020
1286085437440110 1286085437479719 1286085933589959 1286086343606151 1286085863977011 1286085864021933 1286086394622330 1286086805120472
1286086343618781 1286086343677563 1286086820147934 1286087234547951 1286086805131131 1286086805149218 1286087253879600 1286087667047286
1286087234554242 1286087234591679 1286087692009956 1286088107297898 1286087667054627 1286087668132041 1286088119104782 1286088535962768
1286088107307837 1286088107350377 1286088552837909 1286088968123574 1286088535973235 1286088536022501 1286088986804823 1286089401087861

1286082249423081 1286082249478707 1286082264822405 1286082631982358 1286082249507324 1286082253983573 1286082644386086 1286083013054748
1286082631990191 1286082632035713 1286083025418627 1286083392243684 1286083013063679 1286083017055917 1286083406983245 1286083775134575
1286083392250521 1286083394525700 1286083804438434 1286084174648001 1286083775143167 1286083775191770 1286084252346324 1286084622490644
1286084174658087 1286084176255107 1286084680838673 1286085048751167 1286084622501069 1286084622546894 1286085100781931 1286085467764416
1286085048760056 1286085050247267 1286085537144288 1286085907199889 1286085467770071 1286085469941954 1286085963479970 1286086333517307
1286085907210335 1286085907254387 1286086405038207 1286086811893200 1286086333527279 1286086333545855 1286086863648855 1286087272127853
1286086811899479 1286086811934522 1286087338559007 1286087752058511 1286087272136115 1286087275854657 1286087804514795 1286088219307308
1286087752064625 1286087752105515 1286088250225428 1286088664352139 1286088219317721 1286088223158486 1286088679108509 1286089094158251
1286088664357776 1286088666384957 1286089116876075 1286089537065837 1286089094166825 1286089094217111 1286089555783137 1286089975308561

1286077428047679 1286077428104595 1286077442269278 1286077810375842 1286077428127059 1286077428266415 1286077828382127 1286078195975403
1286077810383036 1286077819512492 1286078208359172 1286078575736871 1286078195982615 1286078196029265 1286078587201131 1286078953863579
1286078575743582 1286078577806790 1286079054631386 1286079424272735 1286078953870704 1286078955757647 1286079483916239 1286079853767402
1286079424282899 1286079425245998 1286079903869490 1286080271639466 1286079853777293 1286079854671926 1286080339951044 1286080706709075
1286080271645952 1286080271685864 1286080767777114 1286081136069861 1286080706716335 1286080708643964 1286081200928175 1286081568352386
1286081136076524 1286081138380644 1286081628210777 1286082036023295 1286081568360702 1286081568399150 1286082098620110 1286082504950184
1286082036030276 1286082036073815 1286082557563170 1286082972150579 1286082504957564 1286082508979691 1286083005507360 1286083419408279
1286082972157125 1286082976398471 1286083432764558 1286083849287993 1286083419415413 1286083419450219 1286083877627757 1286084291350359
1286083849294176 1286083849332726 1286084308858476 1286084726678835 1286084291358384 1286084291395080 1286084739189801 1286085156788643

1286080964260094 1286080964317658 1286080977889836 1286081346296763 1286080964348858 1286080977841812 1286081364207636 1286081732191644
1286081346302790 1286081348052636 1286081785186161 1286082156001248 1286081732201004 1286081732251068 1286082213803712 1286082583297227
1286082156009741 1286082156535803 1286082641322309 1286083011347319 1286082583304505 1286082589397769 1286083065434013 1286083434293676
1286083011354072 1286083011399147 1286083499404836 1286083868149062 1286083434300231 1286083434336219 1286083929098412 1286084296195422
1286083868154603 1286083875493956 1286084359807848 1286084729438700 1286084296202253 1286084296240668 1286084785094403 1286085154566711
1286084729448180 1286084729490963 1286085224873439 1286085623270859 1286085154576266 1286085164343642 1286085683816658 1286086082658051
1286085623280768 1286085634430904 1286086111532160 1286086529327607 1286086082668146 1286086082710950 1286086544448276 1286086962351855
1286086529337732 1286086529358468 1286086978690923 1286087399097756 1286086962361944 1286086972703976 1286087415387231 1286087835286068
1286087399107761 1286087399140857 1286087847261066 1286088263764947 1286087835296331 1286087835342162 1286088277484319 1286088694511193

146960926747950 146960926805220 146960940017094 146961306514413 146960926832349 146960926920093 146961326454726 146961694622709
146961306521457 146961306566553 146961705127365 146962073444682 146961694630185 146961694665240 146962111029738 146962480581534
146962073451936 146962074920418 146962553774337 146962920731424 146962480587765 146962482553107 146962983023565 146963350957677
146962920738834 146962920789375 146963402612985 146963769035700 146963350963707 146963352518463 146963839105176 146964206619759
146963769042681 146963772429156 146964266925816 146964634173792 146964206625651 146964208547988 146964700731849 146965068971364
146964634180668 146964635079477 146965128305706 146965535181846 146965068978279 146965069029870 146965598033868 146966004708588
146965535192532 146965535238753 146966056733301 146966469471921 146966004718998 146966011442094 146966502566214 146966916696348
146966469479571 146966480279001 146966934764526 146967346470666 146966916702741 146966916756210 146967374506926 146967786672879
146967346477683 146967347627919 146967806976705 146968224429033 146967786679503 146967791899041 146968238180589 146968656891174

146953779851745 146953779910992 146953795222500 146954162286390 146953779949953 146953795244319 146954179370610 146954547988920
146954162293260 146954162329191 146954554266744 146954923342281 146954547996657 146954553640992 146954970154743 146955340080297
146954923348908 146954923397922 146955397318086 146955764316435 146955340087761 146955340779021 146955830598360 146956198571256
146955764322156 146955767449617 146956250461800 146956617474795 146956198578882 146956198624905 146956690769070 146957058710949
146956617479841 146956617517197 146957115525285 146957483585064 146957058719115 146957059696689 146957552015550 146957919774225
146957483595420 146957487315252 146957976955461 146958384035454 146957919784863 146957921990046 146958447910707 146958853856523
146958384046209 146958384093036 146958921200928 146959333396890 146958853866612 146958859605177 146959350736761 146959763923044
146959333403448 146959333451244 146959776259170 146960191839066 146959763930580 146959766275878 146960225632620 146960641751472
146960191849332 146960193726978 146960664724965 146961076626375 146960641760538 146960641806207 146961093542094 146961505647582

1285591642532917 1285591642594113 1285591657069764 1285592024997714 1285591642626801 1285591647498870 1285592042737188 1285592410493322
1285592025005910 1285592028261291 1285592422952715 1285592793452358 1285592410502013 1285592410551669 1285592892545985 1285593260181378
1285592793462801 1285592796540891 1285593317439528 1285593686172498 1285593260191692 1285593260237490 1285593739246968 1285594106967276
1285593686178150 1285593688042761 1285594174387008 1285594541571711 1285594106974230 1285594108650963 1285594604787252 1285594973315376
1285594541577735 1285594545413034 1285595033185683 1285595401906749 1285594973322762 1285594973364138 1285595461648812 1285595830117431
1285595401916289 1285595401960839 1285595899583649 1285596307845900 1285595830129698 1285595834137524 1285596366470616 1285596775090626
1285596307856166 1285596309737079 1285596791514207 1285597203713274 1285596775101000 1285596775135425 1285597219014414 1285597632401352
1285597203719151 1285597203755940 1285597647528924 1285598060370432 1285597632409044 1285597637465484 1285598079039561 1285598493280248
1285598060376216 1285598075248548 1285598520518931 1285598939064663 1285598493287766 1285598493319788 1285598950448295 1285599369109065

1285581213888435 1285581213944844 1285581229745733 1285581598745208 1285581213968877 1285581227824020 1285581660819591 1285582031167698
1285581598756209 1285581602185578 1285582082601228 1285582449226422 1285582031180856 1285582032212463 1285582514998179 1285582881812094
1285582449235341 1285582449270762 1285582938190983 1285583305214475 1285582881822183 1285582887466812 1285583372212329 1285583739594246
1285583305224318 1285583306284638 1285583802695433 1285584169408107 1285583739605652 1285583739663621 1285584232711473 1285584600670443
1285584169415202 1285584169449702 1285584656573088 1285585024689621 1285584600678795 1285584606522972 1285585089845430 1285585459019826
1285585024697403 1285585033714752 1285585517870139 1285585928297121 1285585459028742 1285585459059975 1285585938706032 1285586349505425
1285585928310531 1285585930946322 1285586365624731 1285586779642026 1285586349519075 1285586349574833 1285586794719612 1285587208054614
1285586779651026 1285586792008956 1285587228952980 1285587643222920 1285587208061595 1285587208096791 1285587665656227 1285588079052375
1285587643237731 1285587646286400 1285588097466096 1285588510231578 1285588079065392 1285588079110869 1285588527745440 1285588942405839

1285287024952326 1285287025011462 1285287039088272 1285287407365506 1285287025057299 1285287030175671 1285287420997188 1285287789001473
1285287407373207 1285287409930842 1285287845862465 1285288213293027 1285287789011793 1285287789049857 1285288270013664 1285288635914760
1285288213303215 1285288213324512 1285288699526514 1285289067425094 1285288635925380 1285288635972216 1285289123802996 1285289492591736
1285289067432561 1285289067479757 1285289559916461 1285289927248278 1285289492596719 1285289493678894 1285289988665910 1285290356089374
1285289927255961 1285289927306037 1285290418236786 1285290786997575 1285290356094081 1285290356136489 1285290844089753 1285291212795942
1285290787007427 1285290787052640 1285291277596230 1285291684142667 1285291212806358 1285291212852303 1285291746896655 1285292152821063
1285291684148445 1285291692117207 1285292174037933 1285292587724736 1285292152828386 1285292157146829 1285292602577991 1285293016170927
1285292587734846 1285292589869544 1285293040366359 1285293457058802 1285293016180854 1285293019698882 1285293467372460 1285293884548959
1285293457068657 1285293465778572 1285293906528369 1285294320709938 1285293884560188 1285293884577888 1285294334992614 1285294747353594

1312496221889901 1312496221947501 1312496238159036 1312496606674506 1312496221974429 1312496234666307 1312496621707452 1312496991980751
1312496606684463 1312496606721468 1312496999819544 1312497368914473 1312496991991149 1312496995301190 1312497472550928 1312497841586457
1312497368920728 1312497368958471 1312497895982571 1312498262405130 1312497841596168 1312497843511653 1312498320109596 1312498687819287
1312498262411439 1312498262454267 1312498750234932 1312499118805545 1312498687826559 1312498692407439 1312499184902826 1312499554499832
1312499118811944 1312499118850500 1312499615628900 1312499985423486 1312499554507818 1312499554552992 1312500039968667 1312500409914552
1312499985434265 1312499987229588 1312500475314750 1312500886383339 1312500409926129 1312500409968603 1312500941039364 1312501350809292
1312500886391742 1312500886428195 1312501368427161 1312501786859745 1312501350815019 1312501350852531 1312501803472050 1312502222320845
1312501786870956 1312501787084925 1312502234379579 1312502654634828 1312502222332851 1312502222381277 1312502668058448 1312503088073088
1312502654645415 1312502654690829 1312503107154669 1312503523663509 1312503088084293 1312503099847254 1312503535984626 1312503952789665

1285291639237803 1285291639297005 1285291654730550 1285292023336134 1285291639319388 1285291639457952 1285292082622632 1285292451409683
1285292023344858 1285292023383852 1285292512449762 1285292879044881 1285292451419610 1285292453342634 1285292936932038 1285293304598925
1285292879051409 1285292879098938 1285293359247663 1285293727144131 1285293304605462 1285293304650930 1285293792991227 1285294162083747
1285293727150695 1285293727199040 1285294222895283 1285294592159058 1285294162090593 1285294170222351 1285294654258737 1285295023116783
1285294592169180 1285294592204757 1285295078906037 1285295445018240 1285295023125897 1285295027534091 1285295511469836 1285295875316265
1285295445025272 1285295454035703 1285295942232117 1285296353428359 1285295875322847 1285295875363890 1285296362524719 1285296773379084
1285296353438634 1285296356328912 1285296791616447 1285297204234731 1285296773389011 1285296773435904 1285297216593558 1285297630670067
1285297204242099 1285297214357745 1285297647990609 1285298061973002 1285297630676958 1285297630728786 1285298082899241 1285298497664610
1285298061983274 1285298068538268 1285298522051271 1285298935998855 1285298497674744 1285298497719891 1285298949327834 1285299362549391

1285295515549188 1285295515584621 1285295530824000 1285295945816538 1285295515609428 1285295530763295 1285295962049145 1285296377937066
1285295945824455 1285295961992616 1285296390311271 1285296801227064 1285296377944917 1285296377989407 1285296816081933 1285297227188352
1285296801233706 1285296801284436 1285297239280563 1285297657305318 1285297227195102 1285297227241476 1285297673295912 1285298091447606
1285297657314825 1285297657359990 1285298103785709 1285298517730560 1285298091457956 1285298103759759 1285298533805295 1285298946730359
1285298517736302 1285298517795156 1285298957673990 1285299374631621 1285298946736545 1285298946774060 1285299390967743 1285299808197999
1285299374641008 1285299390924099 1285299818972607 1285300193936412 1285299808208226 1285299808252848 1285300239248277 1285300613337327
1285300193946345 1285300193989803 1285300666846788 1285301036388681 1285300613346882 1285300613390322 1285301093872173 1285301463093879
1285301036398338 1285301036789388 1285301527702242 1285301897092956 1285301463103410 1285301463905898 1285301953334226 1285302323496873
1285301897102643 1285301897991945 1285302395748090 1285302766000683 1285302323507016 1285302323553453 1285302821917698 1285303192251432

1285290625871307 1285290625933080 1285290640609413 1285291011166047 1285290625989102 1285290626104200 1285291069830579 1285291436782032
1285291011174951 1285291014081831 1285291500536616 1285291869573690 1285291436790564 1285291436828502 1285291924115808 1285292292332997
1285291869583305 1285291871145885 1285292348209080 1285292715841896 1285292292342987 1285292292399549 1285292780169354 1285293148655784
1285292715851853 1285292715889248 1285293212827227 1285293582310608 1285293148665429 1285293156334794 1285293641442081 1285294011369900
1285293582320757 1285293582361266 1285294066487646 1285294436423637 1285294011379743 1285294018763052 1285294501589814 1285294871623422
1285294436431326 1285294441348143 1285294926981336 1285295337526050 1285294871628333 1285294871680815 1285295349388638 1285295759856711
1285295337535932 1285295337572202 1285295772582363 1285296192784683 1285295759866770 1285295759909016 1285296207086421 1285296626781846
1285296192794622 1285296192834579 1285296641676381 1285297059163560 1285296626792253 1285296629394177 1285297070162958 1285297487482845
1285297059171531 1285297059216384 1285297509410268 1285297928717877 1285297487488491 1285297503380217 1285297938862476 1285298357777508
