16 426
1291211082721902 1291211082779412 1291211133593508 1291211177796753 1291211082779760 1291211082799125 1291211177803851 1291211221584141
1291211133592746 1291211133635886 1291211221592733 1291211266255995 1291211177803584 1291211177823885 1291211287573767 1291211332300824
1291211221592037 1291211221615218 1291211357634096 1291211402015157 1291211287573671 1291211287659060 1291211417820624 1291211462403453
1291211357633514 1291211357701851 1291211485309611 1291211529995874 1291211417820141 1291211417862009 1291211552860299 1291211597198334
1291211485309287 1291211485354080 1291211614736223 1291211659363779 1291211552860176 1291211552882667 1291211680599072 1291211724658068
1291211614735656 1291211614760628 1291211748711549 1291211793039270 1291211680598874 1291211680622628 1291211808546165 1291211852896722
1291211748711033 1291211748735756 1291211875587876 1291211920090542 1291211808546312 1291211808583176 1291211943130290 1291211987177979
1291211875587519 1291211875612974 1291212004592403 1291212048709191 1291211943129984 1291211943155844 1291212070256328 1291212114532131
1291212004592040 1291212004615653 1291212139598028 1291212182247267 1291212070256439 1291212070279839 1291212189807720 1291212228169137

146269063512561 146269063570887 146269115858334 146269159267131 146269063571208 146269063588794 146269159277877 146269203470769
146269115857557 146269115900481 146269203477489 146269247608803 146269159277121 146269159300824 146269269471228 146269314008574
146269203476898 146269203495033 146269329850323 146269374759759 146269269470310 146269269493557 146269393203732 146269437565305
146269329849099 146269329883308 146269458977139 146269503326118 146269393203345 146269393226619 146269519302084 146269563668877
146269458976356 146269459011717 146269582454358 146269626676170 146269519301574 146269519367481 146269649739144 146269693214991
146269582453440 146269582487910 146269709027346 146269753570977 146269649738211 146269649778420 146269772788962 146269817150607
146269709026785 146269709047680 146269838721996 146269883045490 146269772788278 146269772813295 146269899472191 146269943754540
146269838721474 146269838743281 146269962811023 146270006859342 146269899471489 146269899495057 146270028406692 146270072719434
146269962810054 146269962844398 146270089396287 146270132296176 146270028405915 146270028431625 146270140520217 146270178878988

1285379376960777 1285379377018800 1285379428462653 1285379471848821 1285379377018995 1285379377038579 1285379471855442 1285379515819365
1285379428462407 1285379428549359 1285379515828134 1285379560566810 1285379471854947 1285379471878449 1285379579071794 1285379623640220
1285379515827309 1285379515849032 1285379643558024 1285379688196794 1285379579071341 1285379579167494 1285379708731755 1285379753042439
1285379643557178 1285379643597030 1285379774521053 1285379818811331 1285379708731227 1285379708804628 1285379840313915 1285379884263081
1285379774520426 1285379774542914 1285379904155328 1285379948200905 1285379840313399 1285379840337915 1285379970501609 1285380014486478
1285379904154512 1285379904174687 1285380036327585 1285380080458308 1285379970501159 1285379970544683 1285380099746184 1285380143643186
1285380036321588 1285380036359730 1285380166936608 1285380211210227 1285380099746151 1285380099769026 1285380232626447 1285380276523167
1285380166935753 1285380166973328 1285380296360211 1285380340379997 1285380232626090 1285380232647732 1285380363161121 1285380407100561
1285380296359686 1285380296381241 1285380428971917 1285380473661558 1285380363160431 1285380363203721 1285380482293320 1285380520685745

1285389449184555 1285389449241768 1285389498655506 1285389542236599 1285389449242152 1285389449260899 1285389542246142 1285389586207635
1285389498655011 1285389498696630 1285389586213512 1285389630774708 1285389542246058 1285389542270616 1285389652434249 1285389697007538
1285389586212741 1285389586233633 1285389717065259 1285389761558763 1285389652433880 1285389652473351 1285389781605144 1285389826027266
1285389717064671 1285389717085971 1285389847486857 1285389891665466 1285389781605279 1285389781629423 1285389911614557 1285389955804767
1285389847486446 1285389847508328 1285389976851309 1285390020707781 1285389911614545 1285389911637525 1285390042529787 1285390086680799
1285389976850601 1285389976872351 1285390108049955 1285390152124026 1285390042529625 1285390042570962 1285390172931651 1285390217049819
1285390108049175 1285390108085688 1285390240384947 1285390284337521 1285390172932056 1285390172972763 1285390304601846 1285390348651539
1285390240384608 1285390240405779 1285390370031192 1285390413945228 1285390304601885 1285390304641881 1285390436712126 1285390480723521
1285390370030040 1285390370099217 1285390502219625 1285390546853007 1285390436711976 1285390436752620 1285390554728985 1285390593320196

1285390021975806 1285390022033127 1285390073671137 1285390118311437 1285390022033478 1285390022053197 1285390118321901 1285390162522329
1285390073670696 1285390073736567 1285390162529121 1285390207114974 1285390118321619 1285390118343903 1285390228723836 1285390273248066
1285390162528395 1285390162549734 1285390299204042 1285390343948043 1285390228723263 1285390228785687 1285390359063945 1285390403648367
1285390299203616 1285390299223542 1285390425648165 1285390470117765 1285390359063657 1285390359122262 1285390493735586 1285390538115993
1285390425647610 1285390425669150 1285390555222674 1285390599576507 1285390493734788 1285390493774793 1285390622026470 1285390666302867
1285390555222020 1285390555244109 1285390691476965 1285390735863237 1285390622025777 1285390622049084 1285390750926339 1285390794969675
1285390691476200 1285390691513388 1285390818472242 1285390862868933 1285390750925625 1285390750987620 1285390886504640 1285390930610208
1285390818471438 1285390818507960 1285390948722363 1285390993192587 1285390886504481 1285390886546214 1285391014200831 1285391058398967
1285390948721865 1285390948783815 1285391084279925 1285391129267082 1285391014200090 1285391014239231 1285391131622187 1285391170096080

1285385202827670 1285385202900450 1285385255565156 1285385299616775 1285385202900828 1285385202948462 1285385299625394 1285385344083906
1285385255564976 1285385255657667 1285385344093428 1285385388769836 1285385299624818 1285385299647492 1285385410645065 1285385455371363
1285385344092471 1285385344116027 1285385472319404 1285385517089172 1285385410644558 1285385410682259 1285385536552539 1285385581483314
1285385472318573 1285385472360891 1285385603963007 1285385648750703 1285385536551654 1285385536590570 1285385663806992 1285385708644380
1285385603962383 1285385603985987 1285385727491436 1285385771886690 1285385663806533 1285385663861208 1285385795382192 1285385839784532
1285385727490830 1285385727531978 1285385854961514 1285385899396278 1285385795381871 1285385795450190 1285385920346142 1285385964761952
1285385854960557 1285385855029221 1285385988209415 1285386032634045 1285385920345443 1285385920368426 1285386048188676 1285386092657166
1285385988208536 1285385988231087 1285386112550586 1285386156948246 1285386048187866 1285386048226017 1285386181394724 1285386225928506
1285386112549797 1285386112573362 1285386242522256 1285386287219643 1285386181393977 1285386181454250 1285386288488694 1285386327085428

1285388736886719 1285388736943155 1285388788330725 1285388832128031 1285388736943485 1285388736961458 1285388832135597 1285388876218524
1285388788330431 1285388788417416 1285388876227374 1285388921017794 1285388832135537 1285388832159336 1285388940418668 1285388985170979
1285388876226786 1285388876248752 1285389003447522 1285389048140496 1285388940418443 1285388940489651 1285389068910696 1285389113506632
1285389003446550 1285389003489939 1285389134139042 1285389178639431 1285389068910345 1285389068977758 1285389200188629 1285389244038828
1285389134138481 1285389134162376 1285389263778474 1285389307937004 1285389200187459 1285389200213715 1285389329603124 1285389373807299
1285389263777907 1285389263799606 1285389396020601 1285389440405082 1285389329602332 1285389329626884 1285389459345273 1285389503476716
1285389396019968 1285389396088011 1285389526814460 1285389570979359 1285389459344652 1285389459369747 1285389592422069 1285389636523779
1285389526813533 1285389526883961 1285389655964289 1285389700215246 1285389592421379 1285389592446090 1285389723005172 1285389767210541
1285389655963506 1285389655987014 1285389788881545 1285389833002629 1285389723004893 1285389723044277 1285389841919223 1285389880318179

146268702016605 146268702075033 146268751410135 146268795476415 146268702075351 146268702094023 146268795484221 146268839964321
146268751409820 146268751480011 146268839973102 146268884396238 146268795483786 146268795506652 146268905300895 146268949923186
146268839972151 146268839992482 146268970087551 146269014078978 146268905300199 146268905353176 146269034678748 146269078804737
146268970086690 146268970153212 146269100715729 146269144749633 146269034678361 146269034701881 146269164514245 146269208810280
146269100715057 146269100752920 146269230154641 146269274295807 146269164513753 146269164610431 146269295421048 146269339104915
146269230154263 146269230176271 146269360886532 146269405078983 146269295420436 146269295458875 146269425934380 146269470257040
146269360885713 146269360939815 146269493649417 146269537856745 146269425933414 146269425978846 146269557455688 146269601647089
146269493648811 146269493671869 146269623085113 146269666486329 146269557455274 146269557526062 146269689489888 146269733567049
146269623084462 146269623149514 146269755365328 146269797037260 146269689489330 146269689516567 146269807578411 146269846034859

146261566900014 146261566960446 146261618691663 146261662742304 146261566960834 146261566981026 146261662751301 146261706676455
146261618691000 146261618733972 146261706682755 146261751189357 146261662750455 146261662787010 146261773523544 146261818088763
146261706682224 146261706708666 146261844461559 146261888734029 146261773522989 146261773545753 146261903909073 146261948080749
146261844460773 146261844534513 146261970924282 146262015051603 146261903908692 146261903935041 146262038733645 146262082658766
146261970923823 146261970966024 146262100304001 146262144442260 146262038733342 146262038755719 146262166893477 146262210213375
146262100303899 146262100326327 146262236739768 146262280924869 146262166893099 146262166961622 146262295780722 146262339703041
146262236739198 146262236798682 146262363367155 146262407379297 146262295780455 146262295804356 146262431332323 146262475120170
146262363366537 146262363406389 146262493568817 146262537408123 146262431331855 146262431358009 146262559024323 146262603245868
146262493567731 146262493637739 146262629401803 146262670604598 146262559023591 146262559050144 146262676451448 146262714899046

1284899417553783 1284899417609469 1284899470410660 1284899513871735 1284899417609673 1284899417627721 1284899513879814 1284899558499645
1284899470409865 1284899470458726 1284899558507841 1284899603206563 1284899513879502 1284899513897310 1284899625460686 1284899670358359
1284899558507043 1284899558533557 1284899686697571 1284899731450221 1284899625460170 1284899625548412 1284899751248412 1284899796207396
1284899686696548 1284899686739406 1284899818696629 1284899863201293 1284899751247257 1284899751281826 1284899878785741 1284899923273182
1284899818695597 1284899818756662 1284899942307108 1284899986640787 1284899878785144 1284899878808103 1284900010500894 1284900054455556
1284899942306142 1284899942345301 1284900069642519 1284900114069975 1284900010500420 1284900010562577 1284900135262590 1284900179596719
1284900069641943 1284900069702762 1284900203083101 1284900247347345 1284900135261795 1284900135329970 1284900263070999 1284900307486818
1284900203082510 1284900203109762 1284900327238134 1284900371125398 1284900263070738 1284900263091009 1284900396293391 1284900440715345
1284900327236763 1284900327276840 1284900456884220 1284900500818863 1284900396292953 1284900396348240 1284900503122467 1284900541611522

1284888993989034 1284888994048848 1284889046027535 1284889089712950 1284888994049046 1284888994068210 1284889089720423 1284889134031440
1284889046026854 1284889046076105 1284889134039933 1284889178936283 1284889089719739 1284889089739911 1284889197931392 1284889242808239
1284889134039225 1284889134059841 1284889258926774 1284889303710480 1284889197931419 1284889197953835 1284889321760385 1284889366277613
1284889258926219 1284889258945539 1284889387895556 1284889432395780 1284889321760058 1284889321798218 1284889447542357 1284889491782514
1284889387894722 1284889387917651 1284889510736418 1284889555215033 1284889447541826 1284889447563300 1284889573238175 1284889617483711
1284889510735659 1284889510771506 1284889637306916 1284889681699560 1284889573237230 1284889573276317 1284889697794029 1284889738488666
1284889637305923 1284889637374272 1284889763332455 1284889807908951 1284889697793615 1284889697854947 1284889827222177 1284889871300757
1284889763332350 1284889763379987 1284889887204480 1284889931311146 1284889827221634 1284889827244176 1284889953841710 1284889998066600
1284889887203769 1284889887242433 1284890016549090 1284890060624592 1284889953841092 1284889953863982 1284890065768503 1284890104160637

1284594804250497 1284594804309924 1284594852103215 1284594895936410 1284594804310266 1284594804328617 1284594895944243 1284594940015293
1284594852102840 1284594852202485 1284594940022313 1284594984716787 1284594895943499 1284594895964535 1284594998369916 1284595042767801
1284594940021761 1284594940041339 1284595062850677 1284595107254427 1284594998370006 1284594998390949 1284595124339517 1284595168914261
1284595062849846 1284595062869604 1284595185402366 1284595229741730 1284595124339466 1284595124402727 1284595245837672 1284595290398820
1284595185401604 1284595185439062 1284595308462168 1284595352938842 1284595245837342 1284595245895551 1284595370541726 1284595415082417
1284595308461421 1284595308528108 1284595431905790 1284595475998578 1284595370541309 1284595370563644 1284595495576341 1284595540067250
1284595431904911 1284595431927807 1284595558061937 1284595602558888 1284595495576011 1284595495598388 1284595621071066 1284595665726459
1284595558061238 1284595558101990 1284595680236469 1284595724856441 1284595621070175 1284595621139304 1284595739144997 1284595783578288
1284595680235563 1284595680269988 1284595806870696 1284595851669957 1284595739144598 1284595739164893 1284595860174591 1284595898683644

1311803999305386 1311803999362044 1311804045573666 1311804089392803 1311803999362383 1311803999381166 1311804089400057 1311804133126023
1311804045573345 1311804045672585 1311804133133844 1311804177833310 1311804089399478 1311804089420772 1311804196344831 1311804241120725
1311804133133292 1311804133154460 1311804259346334 1311804304030620 1311804196344126 1311804196413000 1311804319062642 1311804363638031
1311804259345692 1311804259384365 1311804379154070 1311804423285495 1311804319062078 1311804319120359 1311804438856056 1311804483582198
1311804379153125 1311804379193175 1311804500567802 1311804544866249 1311804438855741 1311804438924564 1311804564222345 1311804608601687
1311804500567148 1311804500637858 1311804623666070 1311804668030259 1311804564221772 1311804564261255 1311804688184973 1311804732574683
1311804623665404 1311804623706219 1311804749317239 1311804793677426 1311804688184631 1311804688208283 1311804809531307 1311804854067885
1311804749316513 1311804749339886 1311804870385515 1311804915022194 1311804809530611 1311804809551239 1311804928207914 1311804972554763
1311804870384957 1311804870408075 1311804989486181 1311805034264589 1311804928207170 1311804928271439 1311805051747107 1311805090289664

1284599416113864 1284599416172919 1284599463485376 1284599507393745 1284599416173255 1284599416192335 1284599507402739 1284599551869915
1284599463484638 1284599463531057 1284599551878123 1284599596319949 1284599507402691 1284599507424045 1284599614150092 1284599658553758
1284599551877418 1284599551899246 1284599676025122 1284599720497401 1284599614149573 1284599614204881 1284599737309581 1284599781615126
1284599676024225 1284599676059991 1284599798460531 1284599842816896 1284599737308726 1284599737370274 1284599859432543 1284599903735331
1284599798459856 1284599798528130 1284599921329509 1284599965344342 1284599859432444 1284599859504147 1284599982511737 1284600026395167
1284599921328612 1284599921365980 1284600044069229 1284600088282686 1284599982544137 1284599982585348 1284600109834626 1284600153903138
1284600044068236 1284600044109834 1284600172868718 1284600216701760 1284600109833549 1284600109871655 1284600237682137 1284600281855904
1284600172867857 1284600172907529 1284600300618975 1284600344726472 1284600237681501 1284600237751611 1284600360153693 1284600404413206
1284600300617790 1284600300656967 1284600427501440 1284600471274074 1284600360153075 1284600360180339 1284600478865049 1284600517242855

1284603290065482 1284603290123436 1284603337766058 1284603380907435 1284603290124498 1284603290145666 1284603380917425 1284603425160369
1284603337765476 1284603337857852 1284603425166315 1284603469594911 1284603380916993 1284603380937777 1284603491133888 1284603535808514
1284603425165568 1284603425185956 1284603556234206 1284603600456105 1284603491133462 1284603491153271 1284603621499362 1284603666151419
1284603556233546 1284603556324683 1284603687393996 1284603731642907 1284603621499071 1284603621523380 1284603753177852 1284603797253123
1284603687393267 1284603687412776 1284603816914802 1284603861081354 1284603753177108 1284603753219984 1284603883307010 1284603927513783
1284603816914064 1284603816936363 1284603949363356 1284603993304101 1284603883305975 1284603883348104 1284604012385118 1284604056436155
1284603949362645 1284603949384383 1284604079585001 1284604123407201 1284604012384707 1284604012409499 1284604145223372 1284604189065435
1284604079584167 1284604079609277 1284604208991813 1284604252972488 1284604145222913 1284604145246721 1284604274882019 1284604318520448
1284604208991171 1284604209061131 1284604341233313 1284604383734931 1284604274881542 1284604274904930 1284604394585376 1284604433110371

1284598401229434 1284598401285744 1284598450823892 1284598493532054 1284598401286080 1284598401304713 1284598493541375 1284598537753005
1284598450823535 1284598450865577 1284598537759041 1284598582261107 1284598493541096 1284598493559726 1284598601665113 1284598646374989
1284598537758552 1284598537783506 1284598666983540 1284598711391463 1284598601665065 1284598601751969 1284598732330947 1284598776964587
1284598666982385 1284598667045286 1284598798921611 1284598843147104 1284598732330446 1284598732353318 1284598863602622 1284598907729019
1284598798921326 1284598798943151 1284598928973624 1284598973104344 1284598863602157 1284598863623877 1284598994536407 1284599038321743
1284598928973177 1284598928999172 1284599060417727 1284599104566051 1284598994535801 1284598994609247 1284599125040922 1284599169020271
1284599060416962 1284599060441349 1284599192662551 1284599236509228 1284599125040478 1284599125063974 1284599256514737 1284599300732472
1284599192661876 1284599192689455 1284599322270300 1284599366111256 1284599256514020 1284599256535806 1284599388676539 1284599432958450
1284599322269898 1284599322295869 1284599454311226 1284599495705037 1284599388675966 1284599388697878 1284599506681227 1284599545236297
