16 265
1291068658568004 1291068659042823 1291068660379017 1291068699199053 1291068659049669 1291068659579403 1291068699856893 1291068738829698
1291068699206427 1291068699716055 1291068739836075 1291068778580364 1291068738835254 1291068739371165 1291068779577816 1291068818472843
1291068778586463 1291068779116035 1291068819439827 1291068858123150 1291068818478771 1291068818979402 1291068859057248 1291068897908286
1291068858129057 1291068858627576 1291068898941195 1291068937565034 1291068897914571 1291068898449630 1291068938730378 1291068977503266
1291068937570983 1291068938075661 1291068978647217 1291069017151074 1291068977509881 1291068978023295 1291069018101567 1291069056855054
1291069017157113 1291069017664770 1291069057818315 1291069096127757 1291069056861117 1291069057358949 1291069097091918 1291069135538718
1291069096133700 1291069096653342 1291069136526720 1291069174848951 1291069135545405 1291069136073207 1291069175786715 1291069214255949
1291069174855227 1291069175344152 1291069215232623 1291069253517810 1291069214262783 1291069214767119 1291069254459567 1291069292922804
1291069253524095 1291069254022122 1291069293879711 1291069332148935 1291069292929314 1291069293429468 1291069332202983 1291069370630799

146126639646747 146126640138839 146126641479252 146126680438461 146126640146455 146126641499136 146126681660223 146126720514177
146126680446360 146126680980783 146126721517341 146126760457911 146126720520258 146126721046254 146126761434738 146126800292199
146126760465510 146126760987615 146126801254839 146126839994832 146126800297689 146126800800378 146126840962824 146126879593053
146126840001768 146126840510457 146126880555153 146126919004221 146126879598705 146126880103761 146126919961413 146126958273846
146126919011019 146126919510594 146126958921711 146126997357402 146126958279333 146126958777036 146126998330665 146127036541926
146126997364473 146126997875652 146127037512060 146127075917520 146127036547971 146127037038921 146127076875156 146127115126932
146127075924141 146127076427847 146127116098149 146127154461234 146127115132434 146127115651107 146127155418945 146127193687356
146127154468479 146127154969575 146127194645931 146127233016828 146127193693131 146127194202795 146127233978346 146127272238849
146127233024646 146127233523834 146127273208986 146127311714661 146127272244633 146127272757666 146127312107898 146127350679798

1285236953594697 1285236954055341 1285236955383660 1285236994442634 1285236954062661 1285236954581508 1285236995410395 1285237034491725
1285236994450725 1285236994958787 1285237035475836 1285237074457248 1285237034499075 1285237035022182 1285237075452282 1285237114327080
1285237074465093 1285237074996771 1285237115311344 1285237154166429 1285237114334085 1285237114859325 1285237155107754 1285237193836452
1285237154172807 1285237154650971 1285237194801372 1285237233342801 1285237193842506 1285237194343005 1285237234330395 1285237272762120
1285237233349911 1285237233873879 1285237273740756 1285237312243077 1285237272768315 1285237273282038 1285237313214453 1285237351553499
1285237312249599 1285237312764795 1285237352523141 1285237390991808 1285237351559505 1285237352060904 1285237391956407 1285237430311917
1285237390998087 1285237391505618 1285237431295848 1285237469789748 1285237430318661 1285237430843910 1285237470738582 1285237509101088
1285237469796264 1285237470287148 1285237510056540 1285237548522831 1285237509106968 1285237509595218 1285237549481337 1285237587841806
1285237548529230 1285237549025628 1285237588795149 1285237627243890 1285237587848451 1285237588341291 1285237627300515 1285237665697719

1285247024731260 1285247025287868 1285247026694763 1285247065686579 1285247025294936 1285247025816333 1285247066675589 1285247105634474
1285247065693245 1285247066203386 1285247106608580 1285247145533022 1285247105641251 1285247106157398 1285247146513386 1285247185313328
1285247145539853 1285247146056825 1285247186272434 1285247225117943 1285247185319460 1285247185817535 1285247226085866 1285247264772768
1285247225123844 1285247225624895 1285247265736926 1285247304315735 1285247264778861 1285247265281184 1285247305281513 1285247343697503
1285247304321408 1285247304832104 1285247344656771 1285247383150413 1285247343703557 1285247344191252 1285247384106009 1285247422457088
1285247383155930 1285247383659171 1285247423125725 1285247461619643 1285247422464111 1285247422982265 1285247462892588 1285247501174664
1285247461625379 1285247462116581 1285247501856153 1285247540324964 1285247501180784 1285247501712102 1285247541631176 1285247579890185
1285247540330574 1285247540829138 1285247580544662 1285247619018492 1285247579896401 1285247580399654 1285247620307847 1285247658531219
1285247619024279 1285247619519021 1285247659182057 1285247697706743 1285247658537273 1285247659040535 1285247698079607 1285247736412983

1285247597496168 1285247597974620 1285247599323822 1285247638246848 1285247597981550 1285247598482847 1285247639206668 1285247678154495
1285247638254216 1285247638750026 1285247679172773 1285247718178110 1285247678160612 1285247678709954 1285247719193355 1285247758090011
1285247718185265 1285247718725499 1285247759056053 1285247797875315 1285247758096407 1285247758614153 1285247798845575 1285247837511825
1285247797881432 1285247798394648 1285247838494313 1285247876975646 1285247837517744 1285247838037320 1285247877932550 1285247916312774
1285247876981940 1285247877481290 1285247917290447 1285247955747306 1285247916318678 1285247916821766 1285247956716099 1285247995059132
1285247955753612 1285247956268799 1285247996034879 1285248034525065 1285247995065372 1285247995578942 1285248035497779 1285248073887681
1285248034531659 1285248035033382 1285248074849895 1285248113347725 1285248073893672 1285248074391165 1285248113448885 1285248151835676
1285248113354475 1285248113865039 1285248153106569 1285248191454348 1285248151841595 1285248152320599 1285248192424788 1285248230781471
1285248191462127 1285248191969973 1285248231737238 1285248270244713 1285248230787600 1285248231291606 1285248270321828 1285248308694378

1285242778407603 1285242778874994 1285242780193563 1285242819146526 1285242778882998 1285242779396184 1285242819754995 1285242859016205
1285242819152937 1285242819655548 1285242860021391 1285242898632072 1285242859023558 1285242859541250 1285242899600649 1285242938398506
1285242898638198 1285242899167695 1285242939379737 1285242978038148 1285242938405400 1285242938928438 1285242979010169 1285243017777477
1285242978043629 1285242978549351 1285243018731981 1285243057294422 1285243017784434 1285243018285725 1285243058252013 1285243096977882
1285243057299513 1285243057797237 1285243097949930 1285243136236665 1285243096984983 1285243097472603 1285243137195558 1285243175642142
1285243136241972 1285243136748216 1285243176608772 1285243214862798 1285243175649228 1285243176161475 1285243215827346 1285243254275139
1285243214868465 1285243215379575 1285243255250172 1285243293518112 1285243254282465 1285243254801009 1285243294488936 1285243332913065
1285243293523515 1285243294035093 1285243334079477 1285243372323174 1285243332920463 1285243333418265 1285243373169609 1285243411635561
1285243372328439 1285243373190429 1285243412620974 1285243450839282 1285243411643103 1285243412161470 1285243451218752 1285243489623006

1285246312078271 1285246312595179 1285246313943678 1285246352847909 1285246312603947 1285246313141643 1285246353752844 1285246392912582
1285246352854551 1285246353773511 1285246394068905 1285246432779522 1285246392918915 1285246393440837 1285246433752998 1285246472771736
1285246432786635 1285246433310063 1285246473741780 1285246512467802 1285246472777751 1285246473301446 1285246513426506 1285246552333791
1285246512474600 1285246512975474 1285246553326398 1285246591640922 1285246552339833 1285246552856085 1285246592617884 1285246631125173
1285246591647684 1285246592165427 1285246632108963 1285246670465205 1285246631135925 1285246631664303 1285246671411486 1285246709966832
1285246670472486 1285246670966724 1285246710908136 1285246749246642 1285246709972760 1285246710454476 1285246750210989 1285246788737817
1285246749253404 1285246749752280 1285246789723176 1285246828056405 1285246788743673 1285246789263489 1285246829047752 1285246867555488
1285246828063311 1285246828594035 1285246868506083 1285246906894602 1285246867561902 1285246868052834 1285246907840511 1285246946389953
1285246906901622 1285246907399925 1285246947383868 1285246985728650 1285246946395761 1285246946917122 1285246985790447 1285247024269785

146126277794637 146126278257543 146126279554074 146126318539113 146126278264935 146126278765275 146126319507237 146126358487203
146126318546715 146126319050526 146126359455099 146126398322304 146126358493638 146126359007247 146126399017275 146126437792425
146126398329321 146126398863033 146126438756172 146126477204772 146126437799001 146126438301150 146126478163626 146126516445027
146126477211390 146126477722527 146126517394194 146126555817540 146126516451201 146126516943489 146126556774891 146126595070173
146126555824002 146126556328410 146126596033473 146126634392355 146126595076149 146126595573072 146126635367742 146126673595317
146126634399183 146126634904707 146126674564083 146126713000599 146126673601113 146126674101264 146126713957293 146126752258149
146126713006869 146126713497399 146126753237844 146126791537050 146126752264008 146126752782315 146126792515053 146126830708509
146126791543638 146126792060787 146126831686164 146126870075286 146126830714779 146126831224953 146126871037722 146126909324805
146126870081511 146126870580927 146126910293265 146126948646213 146126909330946 146126909835882 146126949048999 146126987258070

146119144831005 146119145301435 146119146615204 146119185700074 146119145308542 146119145805207 146119186661022 146119225700871
146119185706659 146119186206708 146119226693274 146119265577999 146119225707894 146119226239551 146119266587541 146119305359481
146119265583660 146119266140853 146119306321572 146119344844554 146119305366462 146119305860376 146119345470429 146119383847497
146119344849834 146119345343445 146119384844691 146119423275090 146119383854385 146119384379847 146119424262510 146119462506207
146119423280391 146119423812441 146119463487702 146119501927770 146119462513455 146119463018922 146119502884452 146119541209074
146119501933692 146119502437197 146119542176274 146119580601240 146119541215845 146119541721858 146119581585324 146119619897553
146119580607000 146119581129888 146119620866220 146119659305544 146119619904213 146119620407163 146119660289058 146119698579315
146119659311025 146119659835902 146119699546767 146119737929976 146119698586869 146119699078464 146119738906392 146119777186137
146119737935373 146119738435539 146119778154738 146119816558890 146119777193325 146119777693128 146119816968384 146119855260807

1284756993110076 1284756993562539 1284756994900179 1284757033867263 1284756993569064 1284756994097349 1284757034871399 1284757073852859
1284757033873680 1284757034407749 1284757074819354 1284757113804309 1284757073858565 1284757074370407 1284757114773288 1284757153619091
1284757113810141 1284757114328166 1284757154567622 1284757193460645 1284757153625412 1284757154115291 1284757194441795 1284757233215805
1284757193466039 1284757193980617 1284757234169172 1284757273045116 1284757233222066 1284757233723249 1284757273996956 1284757312743510
1284757273051089 1284757273542510 1284757313686698 1284757352137458 1284757312750203 1284757313235687 1284757353106902 1284757391426814
1284757352143548 1284757352627877 1284757392382620 1284757430880564 1284757391432955 1284757391931741 1284757431864600 1284757470209487
1284757430886522 1284757431402480 1284757471167279 1284757509669561 1284757470215745 1284757470720864 1284757510630161 1284757548954318
1284757509675978 1284757510174206 1284757549919253 1284757588413762 1284757548961254 1284757549462998 1284757589370570 1284757627696968
1284757588419771 1284757588918437 1284757628664333 1284757667130414 1284757627703340 1284757628202219 1284757667194353 1284757705484514

1284746570943009 1284746571413241 1284746572722744 1284746611612932 1284746571420948 1284746571916686 1284746612582145 1284746651650008
1284746611620729 1284746612129325 1284746652640602 1284746691490650 1284746651656191 1284746652189954 1284746692467099 1284746731428627
1284746691499008 1284746692002915 1284746732427687 1284746771073468 1284746731434864 1284746731963074 1284746772038580 1284746810802567
1284746771079945 1284746771589306 1284746811791730 1284746850189033 1284746810808444 1284746811334629 1284746850838248 1284746889411771
1284746850196728 1284746850693918 1284746890381494 1284746928632808 1284746889417801 1284746889921186 1284746929590969 1284746968015011
1284746928639525 1284746929126119 1284746968947459 1284747007219785 1284746968020966 1284746968510614 1284747008200092 1284747046625454
1284747007227102 1284747007729851 1284747047608119 1284747085873236 1284747046631355 1284747047161779 1284747086829402 1284747125239089
1284747085880295 1284747086381562 1284747126196125 1284747164480688 1284747125245248 1284747125744832 1284747165463302 1284747203925462
1284747164487423 1284747165001932 1284747204874749 1284747243124062 1284747203932206 1284747204420900 1284747243513294 1284747281900184

1284452380934661 1284452381386548 1284452382711876 1284452421513513 1284452381393874 1284452381893590 1284452422498053 1284452461401447
1284452421521397 1284452422049487 1284452462387709 1284452501369598 1284452461408047 1284452461938972 1284452502341979 1284452541140742
1284452501377179 1284452501886039 1284452542144461 1284452580988110 1284452541148125 1284452541688569 1284452581927302 1284452620661802
1284452580994107 1284452581471455 1284452621607897 1284452660349063 1284452620668252 1284452621164716 1284452661306558 1284452699962038
1284452660355330 1284452660852799 1284452700957036 1284452739377349 1284452699968518 1284452700487794 1284452740366659 1284452778673350
1284452739383403 1284452739904110 1284452779649055 1284452818091508 1284452778679674 1284452779188351 1284452819064360 1284452857376859
1284452818098072 1284452818594008 1284452858366496 1284452896759191 1284452857383849 1284452857906656 1284452897724264 1284452936029134
1284452896765443 1284452897275695 1284452936997606 1284452975405307 1284452936035548 1284452936538930 1284452976388005 1284453014723919
1284452975411820 1284452975927415 1284453015669897 1284453054098544 1284453014731158 1284453015221829 1284453054157059 1284453092490348

1311661575724506 1311661576173375 1311661577415399 1311661616259654 1311661576181049 1311661576686012 1311661617281181 1311661656059574
1311661616266791 1311661616776881 1311661657099131 1311661696050288 1311661656066942 1311661656603957 1311661697066532 1311661735861482
1311661696056552 1311661696585668 1311661736847720 1311661775635365 1311661735868646 1311661736370693 1311661776627108 1311661815307656
1311661775640942 1311661776141099 1311661816300416 1311661854920070 1311661815314562 1311661815811764 1311661855901841 1311661894408602
1311661854925638 1311661855420494 1311661895234814 1311661933601460 1311661894415439 1311661894923015 1311661934790393 1311661973007432
1311661933606923 1311661934119122 1311661973798907 1311662012203266 1311661973013894 1311661973515065 1311662013188211 1311662051399163
1311662012208753 1311662012729790 1311662052370401 1311662090731068 1311662051405820 1311662051909226 1311662091678066 1311662129966592
1311662090736594 1311662091226329 1311662130914529 1311662169219864 1311662129973150 1311662130456048 1311662170176066 1311662208344931
1311662169225294 1311662169726237 1311662209332681 1311662247717483 1311662208351564 1311662208880017 1311662248082580 1311662286296997

1284456991834254 1284456992308758 1284456993499080 1284457032442188 1284456992316939 1284456992800899 1284457033529538 1284457072416444
1284457032450093 1284457033014309 1284457073431632 1284457112295789 1284457072422843 1284457072939260 1284457113324840 1284457152037710
1284457112302221 1284457112836656 1284457153037175 1284457191867000 1284457152044091 1284457152562080 1284457192899285 1284457231548393
1284457191873810 1284457192394517 1284457232544426 1284457271324511 1284457231555197 1284457232053887 1284457272300018 1284457310916912
1284457271331234 1284457271819082 1284457311772899 1284457350164553 1284457310923221 1284457311796473 1284457351339620 1284457389574428
1284457350171279 1284457350688938 1284457390562193 1284457428959031 1284457389580476 1284457390085607 1284457429945083 1284457468212195
1284457428965043 1284457429460067 1284457469220186 1284457507605354 1284457468218171 1284457468719981 1284457508604912 1284457546876452
1284457507611810 1284457508123346 1284457547877360 1284457586313618 1284457546883202 1284457547399451 1284457587303261 1284457625559522
1284457586319453 1284457586800347 1284457626547932 1284457664955825 1284457625566560 1284457626058578 1284457665145527 1284457703442513

1284460865626719 1284460866091926 1284460867269714 1284460906258596 1284460866099291 1284460866588357 1284460907241111 1284460946190651
1284460906265493 1284460906776750 1284460947213834 1284460986036168 1284460946196717 1284460946733135 1284460987048302 1284461025765972
1284460986042618 1284460986570021 1284461026760544 1284461065628619 1284461025772098 1284461026277739 1284461066626044 1284461105299614
1284461065635234 1284461066138166 1284461106277179 1284461144944959 1284461105306148 1284461105803848 1284461145928125 1284461184482994
1284461144951478 1284461145446991 1284461185467471 1284461223938760 1284461184489039 1284461184979452 1284461224937361 1284461263301433
1284461223945099 1284461224446063 1284461264287386 1284461302695243 1284461263307550 1284461263811472 1284461303698413 1284461341962849
1284461302701255 1284461303208174 1284461342957250 1284461381354379 1284461341968873 1284461342471844 1284461382345225 1284461420595342
1284461381360829 1284461381863296 1284461421586320 1284461459950284 1284461420601393 1284461421115866 1284461460958668 1284461499203070
1284461459957196 1284461460474921 1284461500228143 1284461538587874 1284461499209307 1284461499728808 1284461538781929 1284461577016251

1284455976958242 1284455977423743 1284455978631525 1284456017456280 1284455977431060 1284455977948980 1284456018456225 1284456057434499
1284456017463819 1284456017958831 1284456058439706 1284456097148832 1284456057440334 1284456057945432 1284456097933089 1284456136791444
1284456097156368 1284456097663065 1284456137975919 1284456176356578 1284456136797423 1284456137299740 1284456177133914 1284456215691189
1284456176362668 1284456176861826 1284456216630141 1284456254890023 1284456215696937 1284456216181614 1284456255850470 1284456294262956
1284456254895915 1284456255408531 1284456295198245 1284456333484236 1284456294269421 1284456294761769 1284456334449567 1284456372876282
1284456333490257 1284456333991446 1284456373810368 1284456412069362 1284456372883269 1284456373363281 1284456413032869 1284456451449942
1284456412074840 1284456412586790 1284456452436393 1284456490712733 1284456451455747 1284456451979127 1284456491678271 1284456530094861
1284456490719075 1284456491216790 1284456531052386 1284456569295693 1284456530100996 1284456530605902 1284456570249114 1284456608661669
1284456569301675 1284456569789481 1284456609631146 1284456647892798 1284456608667534 1284456609181089 1284456648275715 1284456686694198
