16 36
1290939093541794 1290939094356876 1290939096825333 1290939101075226 1290939094356897 1290939095236380 1290939101199870 1290939105456888
1290939105457611 1290939106031451 1290939107866581 1290939112102455 1290939106031472 1290939106501560 1290939112197225 1290939116434776
1290939116435265 1290939117008937 1290939118574418 1290939122811222 1290939117008958 1290939117503781 1290939123172830 1290939127401435
1290939127402008 1290939127929960 1290939129486711 1290939133748805 1290939127929981 1290939128417835 1290939134112888 1290939138367950
1290939138367977 1290939138903129 1290939140458200 1290939144655932 1290939138903147 1290939139412994 1290939145017348 1290939149196420
1290939149196699 1290939149743374 1290939151281084 1290939155492529 1290939149743395 1290939150224097 1290939155849937 1290939160041549
1290939160041810 1290939160609587 1290939162142986 1290939166373655 1290939160609608 1290939161093616 1290939166738722 1290939170928813
1290939170929068 1290939171486471 1290939173029077 1290939177239262 1290939171486492 1290939171968496 1290939177605379 1290939181807971
1290939181808253 1290939182359485 1290939183889959 1290939188104434 1290939182359506 1290939182857023 1290939188465304 1290939192653232

145997074406673 145997075258130 145997077733235 145997081989404 145997075258151 145997076155823 145997082089742 145997086362672
145997086363050 145997086925733 145997088771348 145997092997586 145997086925769 145997087420235 145997093094726 145997097340035
145997097340734 145997097888813 145997099429259 145997103643764 145997097888849 145997098360734 145997104005105 145997108229459
145997108229669 145997108787018 145997110314639 145997114496762 145997108787039 145997109246693 145997114860419 145997119065396
145997119065594 145997119614306 145997121171084 145997125353303 145997119614396 145997120077041 145997125714785 145997129896980
145997129897247 145997130430854 145997131996557 145997136190239 145997130430875 145997130911106 145997136555507 145997140754259
145997140754304 145997141309403 145997142873465 145997147060856 145997141309424 145997141802528 145997147424546 145997151627564
145997151627822 145997152182975 145997153718186 145997157887760 145997152182996 145997152656540 145997158251057 145997162432061
145997162432382 145997162981013 145997164541943 145997168716863 145997162981034 145997163469578 145997169076836 145997173272798

1285107388660059 1285107389390169 1285107391729167 1285107395924022 1285107389390190 1285107390198522 1285107396049833 1285107400264392
1285107400264839 1285107400758120 1285107402487713 1285107406632534 1285107400758156 1285107401151726 1285107406737192 1285107410930592
1285107410930631 1285107411419010 1285107413125035 1285107417278382 1285107411419046 1285107411806034 1285107417395019 1285107421596162
1285107421596609 1285107422090667 1285107423514524 1285107427619730 1285107422090688 1285107422469216 1285107428012754 1285107432164457
1285107432164772 1285107432625302 1285107434129475 1285107438247866 1285107432625323 1285107432984909 1285107438576081 1285107442718664
1285107442718976 1285107443173971 1285107444936762 1285107449044050 1285107443173992 1285107443544741 1285107449372976 1285107453521955
1285107453522267 1285107453999369 1285107455814435 1285107459930648 1285107453999390 1285107454362984 1285107460239489 1285107464377737
1285107464377779 1285107464862159 1285107466689657 1285107470811417 1285107464862195 1285107465232380 1285107471122970 1285107475268046
1285107475268682 1285107475740930 1285107477480438 1285107481583811 1285107475740951 1285107476108343 1285107481900293 1285107486050619

1285117458682812 1285117459413180 1285117461774480 1285117465990218 1285117459413225 1285117460229618 1285117466098200 1285117470322824
1285117470323163 1285117470854523 1285117472564526 1285117476739008 1285117470854544 1285117471246095 1285117476870459 1285117481057001
1285117481057022 1285117481572257 1285117483277802 1285117487415915 1285117481572290 1285117481959026 1285117487722881 1285117491865647
1285117491865668 1285117492361652 1285117494044667 1285117498188891 1285117492361673 1285117492762488 1285117498564944 1285117502711955
1285117502712273 1285117503222507 1285117504924983 1285117509050823 1285117503222543 1285117503621303 1285117509424191 1285117513561836
1285117513562187 1285117514078439 1285117515760773 1285117519893690 1285117514078460 1285117514470008 1285117520246763 1285117524372840
1285117524373185 1285117524903033 1285117526601951 1285117530735729 1285117524903066 1285117525295862 1285117531119240 1285117535266824
1285117535267235 1285117535763807 1285117537454655 1285117541582712 1285117535763828 1285117536165258 1285117541953800 1285117546087539
1285117546087902 1285117546583706 1285117548268557 1285117552408167 1285117546583727 1285117546978362 1285117552525347 1285117556667660

1285118031405945 1285118032137270 1285118034480540 1285118038667403 1285118032137288 1285118032930911 1285118038768806 1285118042994798
1285118042995398 1285118043477840 1285118045204451 1285118049362655 1285118043477861 1285118043868194 1285118049464208 1285118053679520
1285118053679964 1285118054167419 1285118055878628 1285118060067468 1285118054167437 1285118054552457 1285118060168790 1285118064385359
1285118064385740 1285118064870354 1285118066585955 1285118070720477 1285118064870375 1285118065259568 1285118070821022 1285118074982238
1285118074983066 1285118075469153 1285118076827598 1285118080951065 1285118075469174 1285118075856465 1285118081410554 1285118085549702
1285118085550026 1285118086034460 1285118087637537 1285118091765603 1285118086034481 1285118086414134 1285118092221138 1285118096351661
1285118096352054 1285118096847309 1285118098458069 1285118102577123 1285118096847330 1285118097228024 1285118103028734 1285118107146987
1285118107147362 1285118107628838 1285118109273318 1285118113406442 1285118107628859 1285118108007333 1285118113861425 1285118117993769
1285118117994153 1285118118489303 1285118120126499 1285118124247491 1285118118489324 1285118118878271 1285118124702594 1285118128824963

1285113213344832 1285113214077492 1285113216422229 1285113220628514 1285113214077513 1285113214900635 1285113220730250 1285113224939949
1285113224940669 1285113225434499 1285113227173785 1285113231329226 1285113225434520 1285113225849201 1285113231433686 1285113235612272
1285113235613043 1285113236104980 1285113237832176 1285113242001276 1285113236105016 1285113236509983 1285113242099604 1285113246298755
1285113246299106 1285113246797913 1285113248517066 1285113252655008 1285113246797934 1285113247194312 1285113252753396 1285113256894923
1285113256895733 1285113257386365 1285113259112313 1285113263215875 1285113257386386 1285113257770200 1285113263327178 1285113267460938
1285113267461037 1285113267958692 1285113269677527 1285113273787482 1285113267958713 1285113268349775 1285113273907797 1285113278075220
1285113278075286 1285113278553708 1285113280201752 1285113284319123 1285113278553729 1285113278925513 1285113284483442 1285113288650979
1285113288651336 1285113289139034 1285113290781792 1285113294900546 1285113289139070 1285113289510365 1285113295069779 1285113299227092
1285113299227452 1285113299715330 1285113301549479 1285113305663433 1285113299715351 1285113300104685 1285113305836593 1285113309994872

1285116746184411 1285116746933937 1285116749293674 1285116753509400 1285116746933958 1285116747743718 1285116753601788 1285116757838217
1285116757838559 1285116758328243 1285116760070673 1285116764263398 1285116758328264 1285116758723145 1285116764348127 1285116768571455
1285116768571818 1285116769064844 1285116770782590 1285116774977010 1285116769064865 1285116769450455 1285116775073784 1285116779297892
1285116779298240 1285116779782137 1285116781492503 1285116785625693 1285116779782158 1285116780168438 1285116785727342 1285116789870963
1285116789871044 1285116790359249 1285116792066717 1285116796198470 1285116790359270 1285116790746132 1285116796302507 1285116800445003
1285116800445321 1285116800937501 1285116802332978 1285116806459778 1285116800937522 1285116801303405 1285116806856594 1285116810979794
1285116810980112 1285116811443879 1285116813093468 1285116817216770 1285116811443900 1285116811831704 1285116817595334 1285116821721324
1285116821721702 1285116822193239 1285116823877193 1285116827999622 1285116822193275 1285116822594624 1285116828381867 1285116832500588
1285116832500942 1285116832959201 1285116834757917 1285116838896714 1285116832959219 1285116833357820 1285116839273259 1285116843408126

145996712339736 145996713165027 145996715658927 145996719896376 145996713165048 145996714047567 145996720003338 145996724269350
145996724269653 145996724856966 145996726700784 145996730913435 145996724857002 145996725303822 145996731013548 145996735229802
145996735230261 145996735794741 145996737372057 145996741542054 145996735794762 145996736267568 145996741909737 145996746093633
145996746093978 145996746646026 145996748226165 145996752408048 145996746646047 145996747117614 145996752772962 145996756957566
145996756957791 145996757505636 145996758802083 145996762965849 145996757505657 145996757983002 145996763605431 145996767772146
145996767772416 145996768311426 145996769623884 145996773790983 145996768311621 145996768797507 145996774434078 145996778603157
145996778603376 145996779138882 145996780439205 145996784609109 145996779139008 145996779619368 145996785252906 145996789425258
145996789425486 145996789958871 145996791256908 145996795424994 145996789958892 145996790437677 145996796067468 145996800246627
145996800246876 145996800778104 145996802087340 145996806261504 145996800778125 145996801260447 145996806898896 145996811077695

145989582019767 145989582839112 145989585325359 145989589580502 145989582839133 145989583715316 145989589659375 145989593914920
145989593915484 145989594486027 145989596350074 145989600571569 145989594486063 145989594957309 145989600653502 145989604909566
145989604910295 145989605475111 145989607074912 145989611245434 145989605475165 145989605962050 145989611586297 145989615764433
145989615765303 145989616302609 145989618145620 145989622332711 145989616302630 145989616769217 145989622411320 145989626588943
145989626589180 145989627164223 145989629015058 145989633197184 145989627164541 145989627656751 145989633295176 145989637484469
145989637484712 145989638042571 145989639895314 145989644081841 145989638042592 145989638540619 145989644182932 145989648373095
145989648373335 145989648966795 145989650799324 145989654980241 145989648966828 145989649445367 145989655076475 145989659265033
145989659265273 145989659852571 145989661677606 145989665857845 145989659852592 145989660314235 145989665957007 145989670143672
145989670143909 145989670728054 145989672543483 145989676725738 145989670728072 145989671186718 145989676825626 145989680999796

1284627427966845 1284627428796012 1284627431274078 1284627435481803 1284627428796048 1284627429666066 1284627435556470 1284627439812993
1284627439813569 1284627440363196 1284627442218738 1284627446390148 1284627440363217 1284627440824938 1284627446461905 1284627450710397
1284627450710949 1284627451276098 1284627453124524 1284627457324359 1284627451276134 1284627451728120 1284627457394703 1284627461660412
1284627461660460 1284627462240354 1284627464071086 1284627468241479 1284627462240375 1284627462666588 1284627468312894 1284627472551342
1284627472551600 1284627473118750 1284627474705624 1284627478866198 1284627473118771 1284627473562669 1284627479205204 1284627483416766
1284627483416970 1284627483941541 1284627485796885 1284627489957684 1284627483941562 1284627484403016 1284627490048359 1284627494269983
1284627494270202 1284627494815209 1284627496654035 1284627500811105 1284627494815230 1284627495275049 1284627500906172 1284627505133040
1284627505133295 1284627505701378 1284627507524331 1284627511680300 1284627505701399 1284627506161110 1284627511773543 1284627516007854
1284627516008115 1284627516565872 1284627518387775 1284627522550887 1284627516565893 1284627517038396 1284627522647889 1284627526875201

1284617006537583 1284617007357441 1284617009860764 1284617014097667 1284617007357462 1284617008262823 1284617014174962 1284617018447382
1284617018448561 1284617018993688 1284617020847901 1284617025046614 1284617018993724 1284617019443874 1284617025122589 1284617029370748
1284617029372116 1284617029941399 1284617031771156 1284617036012193 1284617029941420 1284617030378664 1284617036084859 1284617040334104
1284617040334818 1284617040888273 1284617042740740 1284617046927063 1284617040888294 1284617041336059 1284617047002837 1284617051183772
1284617051183823 1284617051736111 1284617053605483 1284617057801346 1284617051736132 1284617052218415 1284617057877324 1284617062074018
1284617062074276 1284617062665495 1284617064472350 1284617068662135 1284617062665519 1284617063155962 1284617068773909 1284617072958354
1284617072958642 1284617073536979 1284617075355054 1284617079552210 1284617073537000 1284617074015908 1284617079649194 1284617083840863
1284617083841088 1284617084407578 1284617086230144 1284617090432103 1284617084407614 1284617084897463 1284617090535045 1284617094726501
1284617094726759 1284617095271511 1284617097132234 1284617101327278 1284617095271547 1284617095793865 1284617101425705 1284617105608593

1284322816255875 1284322817104281 1284322819610619 1284322823866998 1284322817104332 1284322818008310 1284322823967273 1284322828206201
1284322828206486 1284322828806690 1284322830608301 1284322834874430 1284322828806711 1284322829238711 1284322834981575 1284322839221034
1284322839221082 1284322839776979 1284322841613615 1284322845850299 1284322839777003 1284322840214067 1284322845929133 1284322850171856
1284322850171886 1284322850715627 1284322852549827 1284322856771802 1284322850715648 1284322851172977 1284322856847237 1284322861062528
1284322861062801 1284322861608312 1284322863441699 1284322867635525 1284322861608333 1284322862055363 1284322867714017 1284322871912754
1284322871913120 1284322872494289 1284322874327709 1284322878508521 1284322872494307 1284322872935607 1284322878582456 1284322882792644
1284322882792932 1284322883355351 1284322885201389 1284322889374818 1284322883355387 1284322883801499 1284322889451126 1284322893643080
1284322893643362 1284322894182768 1284322896039858 1284322900216455 1284322894182786 1284322894646580 1284322900285860 1284322904485446
1284322904485734 1284322905045969 1284322906902213 1284322911077991 1284322905046005 1284322905502323 1284322911147891 1284322915351467

1311532010592735 1311532011423120 1311532013572470 1311532017844074 1311532011423156 1311532012316811 1311532018201056 1311532022446101
1311532022446599 1311532023025566 1311532024558842 1311532028784528 1311532023025602 1311532023459006 1311532029140628 1311532033338618
1311532033339131 1311532033905972 1311532035443577 1311532039669155 1311532033905993 1311532034340027 1311532040024394 1311532044241818
1311532044242034 1311532044813081 1311532046365173 1311532050567576 1311532044813102 1311532045255788 1311532050912342 1311532055088636
1311532055088990 1311532055662437 1311532057201179 1311532061403936 1311532055662458 1311532056117108 1311532061755620 1311532065934452
1311532065934806 1311532066484262 1311532068011271 1311532072213449 1311532066484283 1311532066914423 1311532072571376 1311532076757288
1311532076757504 1311532077301269 1311532078842075 1311532083030114 1311532077301290 1311532077753834 1311532083386211 1311532087576080
1311532087576380 1311532088113011 1311532089649881 1311532093829223 1311532088113119 1311532088553843 1311532094174592 1311532098367734
1311532098367974 1311532098895512 1311532100440125 1311532104639348 1311532098895536 1311532099346421 1311532104999003 1311532109201736

1284327426623358 1284327427449324 1284327429516507 1284327433768647 1284327427449345 1284327428350815 1284327434124012 1284327438371223
1284327438371580 1284327438937290 1284327440469594 1284327444710334 1284327438937311 1284327439394925 1284327445055757 1284327449269989
1284327449270307 1284327449843469 1284327451352244 1284327455539152 1284327449843490 1284327450277035 1284327455888493 1284327460070316
1284327460070874 1284327460668534 1284327462163224 1284327466357323 1284327460668555 1284327461075337 1284327466707588 1284327470874420
1284327470874942 1284327471450588 1284327472960011 1284327477154725 1284327471450792 1284327471884514 1284327477507855 1284327481723704
1284327481724127 1284327482269695 1284327483788073 1284327487976946 1284327482269719 1284327482726061 1284327488327958 1284327492522120
1284327492522528 1284327493054779 1284327494571588 1284327498760323 1284327493054800 1284327493488690 1284327499104585 1284327503303766
1284327503304195 1284327503874696 1284327505387767 1284327509559858 1284327503874717 1284327504283548 1284327509908410 1284327514110093
1284327514110525 1284327514661562 1284327516169812 1284327520407336 1284327514661598 1284327515089260 1284327520756302 1284327524970423

1284331299852207 1284331300682370 1284331302698115 1284331306940328 1284331300682391 1284331301563614 1284331307343885 1284331311614820
1284331311615399 1284331312169916 1284331313644749 1284331317861582 1284331312169937 1284331312584465 1284331318251759 1284331322506920
1284331322507379 1284331323058107 1284331324287288 1284331328483451 1284331323058143 1284331323473634 1284331329138714 1284331333372518
1284331333372758 1284331333914780 1284331335412164 1284331339572675 1284331333914801 1284331334337837 1284331339942029 1284331344148941
1284331344149487 1284331344676038 1284331346184327 1284331350350223 1284331344676338 1284331345121421 1284331350737727 1284331354945794
1284331354946334 1284331355483346 1284331356969741 1284331361143422 1284331355483556 1284331355910798 1284331361525916 1284331365729126
1284331365729390 1284331366281462 1284331367526234 1284331371695337 1284331366281483 1284331366713633 1284331372329078 1284331376543013
1284331376543325 1284331377101499 1284331378581921 1284331382756967 1284331377101673 1284331377523881 1284331383132351 1284331387332402
1284331387332645 1284331387865073 1284331389388551 1284331393551405 1284331387865094 1284331388315052 1284331393918038 1284331398107142

1284326411524572 1284326412361311 1284326414493879 1284326418743823 1284326412361347 1284326413248798 1284326419116045 1284326423385351
1284326423385897 1284326423930319 1284326425439745 1284326429667552 1284326423930340 1284326424343095 1284326430038742 1284326434284426
1284326434285014 1284326434817604 1284326436325434 1284326440511880 1284326434817625 1284326435235759 1284326440890960 1284326445090870
1284326445091599 1284326445625890 1284326447162757 1284326451354558 1284326445625911 1284326446055688 1284326451731898 1284326455935630
1284326455935687 1284326456495817 1284326458034445 1284326462218893 1284326456495838 1284326456928018 1284326462592822 1284326466793518
1284326466793803 1284326467351530 1284326468857338 1284326473036608 1284326467351551 1284326467764909 1284326473413669 1284326477622147
1284326477622951 1284326478154545 1284326479677051 1284326483904258 1284326478154677 1284326478573945 1284326484280713 1284326488490022
1284326488490262 1284326489011062 1284326490551550 1284326494743318 1284326489011098 1284326489442639 1284326495117067 1284326499345957
1284326499346305 1284326499899577 1284326501447352 1284326505624465 1284326499899598 1284326500326525 1284326505952656 1284326510154813
