16 51
1290990654715752 1290990654730923 1290990660065886 1290990664241925 1290990654730944 1290990654900195 1290990667903989 1290990672061383
1290990664242300 1290990664270632 1290990675522897 1290990679657722 1290990672061764 1290990672087366 1290990682738644 1290990686880318
1290990679657758 1290990679681533 1290990690340929 1290990694523688 1290990686880756 1290990686907267 1290990697844697 1290990701981313
1290990694523709 1290990694550241 1290990705939321 1290990710097639 1290990701981874 1290990702009342 1290990713563686 1290990717721839
1290990710097660 1290990710121237 1290990721577733 1290990725699619 1290990717722442 1290990717747612 1290990728728011 1290990732838782
1290990725699640 1290990725727510 1290990736404546 1290990740551659 1290990732839379 1290990732865956 1290990743879904 1290990747983025
1290990740551680 1290990740571771 1290990751834134 1290990755922513 1290990747983604 1290990748010826 1290990759310095 1290990763407759
1290990755922534 1290990755945751 1290990766329120 1290990770483877 1290990763408338 1290990763433157 1290990774353985 1290990778472085
1290990770483913 1290990770513562 1290990781756989 1290990785867517 1290990778472625 1290990778491042 1290990788105721 1290990792204594

146048635613109 146048635628256 146048641146735 146048645323374 146048635628277 146048635890468 146048648415219 146048652577062
146048645323410 146048645348277 146048656220328 146048660347680 146048652578409 146048652606882 146048663517117 146048667643032
146048660347701 146048660374599 146048671404555 146048675546772 146048667643857 146048667666966 146048678985087 146048683153659
146048675546793 146048675567910 146048686850115 146048690961507 146048683154418 146048683173078 146048693643861 146048697732099
146048690961528 146048690984001 146048701685070 146048705775426 146048697733902 146048697753546 146048708801988 146048712926706
146048705775447 146048705795271 146048716058670 146048720186646 146048712928020 146048712951969 146048723797167 146048727881493
146048720186682 146048720205429 146048731294410 146048735379420 146048727882357 146048727899526 146048739827805 146048743929714
146048735379441 146048735405388 146048747393985 146048751485985 146048743930557 146048743950339 146048755214070 146048759306535
146048751486006 146048751505875 146048761891065 146048765987529 146048759307810 146048759336853 146048768757102 146048772854832

1285158949801224 1285158949810890 1285158955226427 1285158959345499 1285158949810926 1285158950065305 1285158962097606 1285158966227103
1285158959345520 1285158959369289 1285158970012848 1285158974156139 1285158966227646 1285158966248712 1285158977360838 1285158981490896
1285158974156160 1285158974179029 1285158984947697 1285158989029758 1285158981491316 1285158981513423 1285158992247174 1285158996316923
1285158989029779 1285158989047887 1285159000939557 1285159005014676 1285158996317442 1285158996338940 1285159007665794 1285159011734475
1285159005014697 1285159005034953 1285159016167944 1285159020245229 1285159011735186 1285159011756213 1285159023096768 1285159027182426
1285159020245265 1285159020264393 1285159031245002 1285159035343356 1285159027182957 1285159027203534 1285159038480924 1285159042544223
1285159035343392 1285159035361275 1285159045907310 1285159049971836 1285159042544598 1285159042565214 1285159053331683 1285159057402899
1285159049971857 1285159049992188 1285159061815647 1285159065889800 1285159057403277 1285159057424859 1285159068897063 1285159072949430
1285159065889821 1285159065916155 1285159076838177 1285159080898101 1285159072950147 1285159072971444 1285159083057855 1285159087133412

1285169020213473 1285169020224177 1285169025583440 1285169029742442 1285169020224201 1285169020486470 1285169033422221 1285169037577239
1285169029742478 1285169029770615 1285169040988572 1285169045114274 1285169037578106 1285169037601968 1285169048086164 1285169052230718
1285169045114295 1285169045140680 1285169056028223 1285169060170050 1285169052231342 1285169052255672 1285169063524179 1285169067688872
1285169060170071 1285169060194416 1285169071727226 1285169075824521 1285169067689763 1285169067712479 1285169079170301 1285169083255389
1285169075824542 1285169075855319 1285169087020482 1285169091114660 1285169083256142 1285169083281630 1285169094492990 1285169098592910
1285169091114681 1285169091138153 1285169101956828 1285169106062475 1285169098594005 1285169098617912 1285169109520452 1285169113619655
1285169106062496 1285169106094899 1285169117116815 1285169121226140 1285169113620273 1285169113648938 1285169125008933 1285169129101506
1285169121226161 1285169121258297 1285169132442921 1285169136535656 1285169129102256 1285169129129226 1285169139580821 1285169143694961
1285169136535692 1285169136567690 1285169147090091 1285169151180234 1285169143695597 1285169143722486 1285169153618601 1285169157709005

1285169592986496 1285169592999711 1285169599746405 1285169603931408 1285169592999732 1285169593264398 1285169606727264 1285169610865404
1285169603931429 1285169603961009 1285169614382076 1285169618549730 1285169610865968 1285169610888762 1285169621918163 1285169626077423
1285169618549751 1285169618578590 1285169629769178 1285169633907501 1285169626078008 1285169626100130 1285169637221205 1285169641316091
1285169633907522 1285169633937762 1285169645422914 1285169649521127 1285169641316646 1285169641341942 1285169652860082 1285169656958727
1285169649521163 1285169649555717 1285169659723125 1285169663873160 1285169656959381 1285169656982556 1285169667537411 1285169671667004
1285169663873181 1285169663906517 1285169675054379 1285169679163248 1285169671667712 1285169671691082 1285169682146574 1285169686238721
1285169679163269 1285169679194289 1285169690241570 1285169694363351 1285169686239276 1285169686262511 1285169698372941 1285169702524287
1285169694363372 1285169694394794 1285169705985498 1285169710116231 1285169702524977 1285169702546556 1285169713613733 1285169717733378
1285169710116252 1285169710149330 1285169721284214 1285169725416045 1285169717733924 1285169717756973 1285169727207432 1285169731335528

1285164774713931 1285164774725694 1285164779897484 1285164784070118 1285164774725715 1285164775001001 1285164788164842 1285164792346812
1285164784070139 1285164784098942 1285164796226208 1285164800375460 1285164792347385 1285164792375090 1285164803869950 1285164808026213
1285164800375481 1285164800401782 1285164811381098 1285164815476545 1285164808026735 1285164808045953 1285164819353094 1285164823466178
1285164815476566 1285164815499546 1285164827327868 1285164831433593 1285164823466721 1285164823486560 1285164834370836 1285164838514430
1285164831433614 1285164831455922 1285164841982082 1285164846088569 1285164838515015 1285164838543587 1285164849427029 1285164853528296
1285164846088590 1285164846112005 1285164857342829 1285164861434628 1285164853528785 1285164853556382 1285164864685185 1285164868817274
1285164861434649 1285164861462738 1285164872361810 1285164876450426 1285164868818081 1285164868837773 1285164879915792 1285164884036016
1285164876450462 1285164876474837 1285164887435955 1285164891525927 1285164884036559 1285164884066217 1285164895123881 1285164899231964
1285164891525948 1285164891554895 1285164902739651 1285164906832914 1285164899232468 1285164899262192 1285164909021297 1285164913108071

1285168307736177 1285168307745858 1285168314357795 1285168318496151 1285168307745879 1285168308021885 1285168321949769 1285168326090420
1285168318496460 1285168318526403 1285168329452796 1285168333598943 1285168326091260 1285168326108525 1285168337178909 1285168341354630
1285168333599522 1285168333625547 1285168344680127 1285168348811547 1285168341355686 1285168341374547 1285168352002752 1285168356121950
1285168348812096 1285168348834212 1285168360128222 1285168364225676 1285168356123048 1285168356154053 1285168367684001 1285168371771798
1285168364225697 1285168364251254 1285168375114107 1285168379220819 1285168371772908 1285168371799074 1285168382552457 1285168386683088
1285168379220855 1285168379246424 1285168390554441 1285168394651553 1285168386684063 1285168386713817 1285168397461035 1285168401556368
1285168394651574 1285168394683182 1285168405205655 1285168409315667 1285168401557835 1285168401585135 1285168412621718 1285168416736797
1285168409315688 1285168409341098 1285168420630902 1285168424749227 1285168416737931 1285168416765390 1285168428270240 1285168432416141
1285168424749263 1285168424775903 1285168435451046 1285168439551797 1285168432416900 1285168432445595 1285168441816161 1285168445933370

146048273725989 146048273736864 146048280336285 146048284514220 146048273736885 146048274014343 146048287780827 146048291959602
146048284514781 146048284549683 146048295673776 146048299847004 146048291960592 146048291985750 146048302982013 146048307146241
146048299847538 146048299865379 146048310363669 146048314482381 146048307147249 146048307177042 146048318317479 146048322410697
146048314482417 146048314509927 146048325858600 146048329985184 146048322411219 146048322430251 146048333432766 146048337526677
146048329985205 146048330011539 146048340936495 146048345039103 146048337527868 146048337558693 146048348139906 146048352249027
146048345039124 146048345062398 146048355903642 146048360005914 146048352250983 146048352281214 146048363578962 146048367679818
146048360005935 146048360031024 146048371057269 146048375154990 146048367680823 146048367709722 146048378793066 146048382897273
146048375155011 146048375185746 146048386312149 146048390403402 146048382898323 146048382927540 146048393821134 146048397905106
146048390403423 146048390432022 146048401661721 146048405786727 146048397906534 146048397934074 146048407731969 146048411842491

146041142503785 146041142514243 146041147973124 146041152134253 146041142514264 146041142804982 146041155237408 146041159376880
146041152134274 146041152161625 146041163059323 146041167204468 146041159377705 146041159399785 146041171068531 146041175234583
146041167204489 146041167232041 146041178634750 146041182750927 146041175235435 146041175263137 146041186480197 146041190597025
146041182750948 146041182778674 146041194125088 146041198230234 146041190598114 146041190621463 146041202519313 146041206621705
146041198230255 146041198274877 146041209680316 146041213775448 146041206623103 146041206647730 146041217247516 146041221339816
146041213775469 146041213804383 146041224979788 146041229105055 146041221341004 146041221368052 146041232838483 146041236951219
146041229105076 146041229130288 146041239996918 146041244087532 146041236952401 146041236972843 146041248002322 146041252093032
146041244087553 146041244112594 146041255556604 146041259646960 146041252094517 146041252119300 146041263054366 146041267153011
146041259647083 146041259664168 146041270669296 146041274786919 146041267153779 146041267176909 146041277098479 146041281192258

1284678989342382 1284678989353008 1284678995314806 1284678999472854 1284678989353056 1284678989633442 1284679002562557 1284679006721856
1284678999473118 1284678999501948 1284679010401356 1284679014551037 1284679006722411 1284679006747572 1284679018089216 1284679022225163
1284679014551397 1284679014582678 1284679025202756 1284679029351690 1284679022225766 1284679022247270 1284679033109112 1284679037240343
1284679029351726 1284679029377826 1284679040825361 1284679044929685 1284679037240829 1284679037256591 1284679049179047 1284679053276456
1284679044929706 1284679044953160 1284679056708477 1284679060822665 1284679053277011 1284679053300465 1284679064265897 1284679068376500
1284679060822686 1284679060852971 1284679071628074 1284679075737720 1284679068377040 1284679068402012 1284679079327820 1284679083416166
1284679075737756 1284679075773114 1284679086546558 1284679090662105 1284679083416685 1284679083440730 1284679094562147 1284679098664944
1284679090662141 1284679090694541 1284679101810729 1284679105940712 1284679098665490 1284679098687663 1284679109549679 1284679113651408
1284679105940733 1284679105972020 1284679117774629 1284679121910699 1284679113651921 1284679113676005 1284679123672098 1284679127778504

1284668567542647 1284668567552475 1284668573417253 1284668577624384 1284668567552511 1284668567810661 1284668580739485 1284668584873947
1284668577624660 1284668577684945 1284668588417079 1284668592558330 1284668584874496 1284668584898355 1284668595894570 1284668600052924
1284668592558633 1284668592578835 1284668603337864 1284668607513297 1284668600053518 1284668600074989 1284668610969759 1284668615102499
1284668607513609 1284668607537816 1284668619185778 1284668623282188 1284668615103027 1284668615130708 1284668627424960 1284668631511599
1284668623282593 1284668623299435 1284668634487758 1284668638578297 1284668631512064 1284668631540681 1284668642295378 1284668646415023
1284668638578333 1284668638604334 1284668649902895 1284668654037252 1284668646415533 1284668646439050 1284668657494470 1284668661620268
1284668654037273 1284668654063382 1284668664600303 1284668668701723 1284668661620769 1284668661651120 1284668672622090 1284668676724662
1284668668701744 1284668668731609 1284668680378539 1284668684462766 1284668676725166 1284668676751347 1284668687998272 1284668692112859
1284668684462787 1284668684491767 1284668695917267 1284668700034653 1284668692113387 1284668692143339 1284668701883391 1284668705977113

1284374377324164 1284374377336929 1284374382836952 1284374387004591 1284374377336956 1284374377602897 1284374390085780 1284374394220452
1284374387004840 1284374387031873 1284374397991221 1284374402115849 1284374394221571 1284374394246951 1284374405663862 1284374409797118
1284374402116809 1284374402136492 1284374413420368 1284374417551548 1284374409798747 1284374409825096 1284374420793444 1284374424958938
1284374417551584 1284374417577981 1284374428711017 1284374432840913 1284374424959844 1284374424990174 1284374436981495 1284374441126445
1284374432840934 1284374432870295 1284374444472111 1284374448588867 1284374441127243 1284374441156424 1284374452207878 1284374456319786
1284374448588903 1284374448614139 1284374459675061 1284374463770421 1284374456321328 1284374456350020 1284374467508223 1284374471597763
1284374463770442 1284374463801762 1284374475026496 1284374479134327 1284374471598537 1284374471630058 1284374482634133 1284374486757363
1284374479134348 1284374479161126 1284374490177522 1284374494264848 1284374486758464 1284374486791230 1284374497953366 1284374502046608
1284374494264869 1284374494295613 1284374505682512 1284374509765341 1284374502047517 1284374502079149 1284374511835047 1284374515928079

1311583571820570 1311583571830818 1311583577522277 1311583581663642 1311583571830854 1311583572095793 1311583585135683 1311583589299185
1311583581664260 1311583581703059 1311583592670012 1311583596816075 1311583589299779 1311583589317020 1311583600357992 1311583604504415
1311583596816315 1311583596843990 1311583608271290 1311583612406961 1311583604505303 1311583604528817 1311583615913391 1311583620076578
1311583612406997 1311583612434246 1311583623530451 1311583627651107 1311583620077112 1311583620093963 1311583631990817 1311583636120362
1311583627651143 1311583627680954 1311583639028079 1311583643194608 1311583636120920 1311583636147683 1311583647139488 1311583651264806
1311583643194629 1311583643223690 1311583655223636 1311583659339852 1311583651265424 1311583651282746 1311583662883617 1311583666978113
1311583659339888 1311583659367581 1311583670475786 1311583674584316 1311583666978656 1311583667002629 1311583678267146 1311583682384304
1311583674584337 1311583674606015 1311583685735550 1311583689836967 1311583682385111 1311583682401632 1311583693177386 1311583697308692
1311583689836988 1311583689858957 1311583701193887 1311583705307250 1311583697309217 1311583697331111 1311583707141885 1311583711255728

1284378987872220 1284378987884058 1284378993525585 1284378997709184 1284378987884094 1284378988160511 1284379001012781 1284379005169101
1284378997709247 1284378997738353 1284379009051752 1284379013230455 1284379005169821 1284379005196803 1284379016789649 1284379020952386
1284379013230518 1284379013250927 1284379024628052 1284379028722065 1284379020953166 1284379020976158 1284379032313584 1284379036408290
1284379028722140 1284379028749659 1284379039703292 1284379043827263 1284379036409007 1284379036434108 1284379047891453 1284379052003865
1284379043827299 1284379043861571 1284379055358444 1284379059488526 1284379052004909 1284379052030973 1284379063353663 1284379067471094
1284379059488547 1284379059517368 1284379071101817 1284379075239723 1284379067471844 1284379067495796 1284379079098302 1284379083257322
1284379075239744 1284379075267422 1284379086770589 1284379090865784 1284379083258066 1284379083278214 1284379093525929 1284379097625798
1284379090865805 1284379090884885 1284379101611331 1284379105736811 1284379097626539 1284379097650356 1284379109377599 1284379113499311
1284379105736832 1284379105760439 1284379116789513 1284379120878963 1284379113499713 1284379113516036 1284379122969603 1284379127074065

1284382861277889 1284382861288992 1284382866941679 1284382871082636 1284382861289013 1284382861563255 1284382874647674 1284382878794334
1284382871082693 1284382871115045 1284382882287945 1284382886496039 1284382878795279 1284382878815235 1284382890337407 1284382894543893
1284382886496108 1284382886518599 1284382898153523 1284382902300366 1284382894544988 1284382894568730 1284382905742404 1284382909889919
1284382902300387 1284382902320949 1284382913521356 1284382917613230 1284382909891116 1284382909921629 1284382921417143 1284382925523474
1284382917613251 1284382917635037 1284382929118362 1284382933207929 1284382925524506 1284382925558277 1284382936886688 1284382940974038
1284382933207950 1284382933230909 1284382944202980 1284382948306296 1284382940975226 1284382940998041 1284382951966797 1284382956078489
1284382948306317 1284382948339179 1284382959486603 1284382963563885 1284382956079560 1284382956108936 1284382967048091 1284382971132210
1284382963563921 1284382963603935 1284382974540567 1284382978635258 1284382971133239 1284382971161814 1284382982677059 1284382986786432
1284382978635294 1284382978660074 1284382990619208 1284382994715861 1284382986787440 1284382986815013 1284382996598421 1284383000670291

1284377972895972 1284377972905590 1284377978142807 1284377982336156 1284377972905611 1284377973182499 1284377985773844 1284377989970889
1284377982336177 1284377982364404 1284377993907759 1284377998085310 1284377989971678 1284377989998036 1284378001332741 1284378005478366
1284377998085766 1284377998115754 1284378009435936 1284378013542198 1284378005479611 1284378005510496 1284378017498010 1284378021594432
1284378013542219 1284378013569510 1284378024913731 1284378029006661 1284378021595515 1284378021618309 1284378032782623 1284378036894702
1284378029006682 1284378029038302 1284378040319700 1284378044431674 1284378036895959 1284378036919314 1284378048070344 1284378052203246
1284378044431695 1284378044459964 1284378056045244 1284378060171303 1284378052204587 1284378052229061 1284378063757671 1284378067866342
1284378060171324 1284378060196431 1284378070699536 1284378074798550 1284378067867137 1284378067890249 1284378079198929 1284378083283243
1284378074798571 1284378074827545 1284378086554923 1284378090666870 1284378083284473 1284378083305668 1284378094068825 1284378098201448
1284378090666891 1284378090686550 1284378102055020 1284378106164216 1284378098202159 1284378098228238 1284378108272214 1284378112367367
