16 46
1290956918530839 1290956919188340 1290956921275632 1290956925504687 1290956919195597 1290956919856077 1290956926748865 1290956930982333
1290956925511410 1290956926146648 1290956932487091 1290956936664138 1290956930987637 1290956931678549 1290956938178421 1290956942367129
1290956936670432 1290956937320142 1290956944708530 1290956948927469 1290956942372649 1290956943004200 1290956951038638 1290956955239196
1290956948933919 1290956949522891 1290956956653816 1290956960844333 1290956955244350 1290956955853824 1290956963844780 1290956968077396
1290956960850120 1290956961450006 1290956969517558 1290956973676602 1290956968082586 1290956968671861 1290956976103266 1290956980272213
1290956973682224 1290956974272327 1290956982773781 1290956986945149 1290956980278555 1290956980864302 1290956988662259 1290956992828743
1290956986950894 1290956987667933 1290956995317840 1290956999482809 1290956992834239 1290956993439897 1290957001551867 1290957005712843
1290956999488950 1290957000139530 1290957007387194 1290957011552637 1290957005718273 1290957006375753 1290957013706919 1290957017875443
1290957011558577 1290957012145998 1290957019972077 1290957024140352 1290957017880702 1290957018529686 1290957026264814 1290957030422073

146014899337386 146014899990723 146014902231879 146014906472430 146014899997926 146014900722150 146014907651385 146014911901728
146014906478154 146014907135637 146014913383107 146014917602457 146014911906417 146014912604991 146014919028768 146014923253800
146014917607512 146014918261947 146014924674360 146014928855721 146014923258972 146014923920910 146014930020603 146014934218866
146014928860857 146014929525126 146014935659178 146014939820949 146014934224014 146014934863629 146014941215880 146014945383804
146014939826184 146014940459436 146014947460509 146014951629606 146014945388061 146014945973832 146014953810891 146014957993971
146014951635096 146014952210070 146014959863778 146014964027952 146014957999578 146014958594724 146014966460757 146014970655762
146014964033463 146014964605530 146014972634598 146014976798538 146014970660916 146014971323163 146014978850244 146014983025176
146014976804106 146014977449499 146014985006412 146014989166329 146014983031146 146014983669405 146014991179413 146014995379965
146014989171807 146014989831933 146014997317602 146015001505788 146014995385503 146014996026084 146015003502465 146015007671214

1285125213783195 1285125214149417 1285125218017002 1285125222805425 1285125215732853 1285125216102804 1285125224264415 1285125229061418
1285125222811947 1285125223240527 1285125230219682 1285125235132257 1285125229066509 1285125230240568 1285125236748489 1285125241670745
1285125235138239 1285125236765640 1285125243310497 1285125248208714 1285125241677804 1285125243331320 1285125250058298 1285125254919264
1285125248215149 1285125248638581 1285125256400679 1285125261177951 1285125254925096 1285125255346977 1285125262748628 1285125267527442
1285125261184299 1285125261612516 1285125268737672 1285125273563400 1285125267533520 1285125268757895 1285125275410554 1285125280170513
1285125273569412 1285125273993930 1285125281562144 1285125286353837 1285125280176219 1285125280582731 1285125287753874 1285125292565349
1285125286360080 1285125286757979 1285125293955438 1285125298726584 1285125292571202 1285125292974393 1285125300116577 1285125304900728
1285125298732932 1285125299127699 1285125306284334 1285125311038470 1285125304906023 1285125305301255 1285125312441492 1285125317226825
1285125311044956 1285125311438802 1285125318744231 1285125323525964 1285125317231553 1285125317629257 1285125323642703 1285125328440678

1285135283243151 1285135283605338 1285135287648684 1285135292421687 1285135285219893 1285135285572903 1285135293116859 1285135297919067
1285135292427390 1285135293136356 1285135299586122 1285135304501919 1285135297925649 1285135299608211 1285135306658406 1285135311569412
1285135304507691 1285135306691616 1285135313165325 1285135317983310 1285135311576732 1285135312013100 1285135319595471 1285135324431243
1285135317988782 1285135319611395 1285135326126702 1285135330923444 1285135324437894 1285135326147159 1285135332533766 1285135337349228
1285135330929063 1285135332550686 1285135338970179 1285135343788860 1285135337355663 1285135338987261 1285135345243164 1285135350018093
1285135343795172 1285135344199569 1285135351809030 1285135356593124 1285135350024297 1285135350443490 1285135357747611 1285135362558291
1285135356599112 1285135357766895 1285135364170203 1285135368976632 1285135362565137 1285135364189691 1285135370468763 1285135375234086
1285135368982599 1285135369436919 1285135376819667 1285135381628010 1285135375241493 1285135376837850 1285135383073365 1285135387851945
1285135381633572 1285135382062098 1285135389452625 1285135394274867 1285135387859022 1285135389470475 1285135394754240 1285135399512117

1285135857705981 1285135858096278 1285135864702254 1285135869495195 1285135862327547 1285135862720988 1285135870282866 1285135875143220
1285135869501645 1285135870324446 1285135877714274 1285135882632126 1285135875150768 1285135875582441 1285135884016986 1285135888964799
1285135882638588 1285135883027541 1285135889622015 1285135894537785 1285135888971420 1285135889633379 1285135896850125 1285135901768994
1285135894545030 1285135894930881 1285135902377991 1285135907216250 1285135901775783 1285135902388206 1285135909135317 1285135913970723
1285135907223087 1285135909145412 1285135915874913 1285135920696042 1285135913976780 1285135914350910 1285135921771320 1285135926588870
1285135920702699 1285135921781481 1285135928426526 1285135933248963 1285135926594873 1285135926987606 1285135934617371 1285135939478214
1285135933255872 1285135933628007 1285135940470599 1285135945305591 1285135939484937 1285135940480856 1285135946789967 1285135951628988
1285135945311561 1285135945681779 1285135953067428 1285135957896888 1285135951635771 1285135953077403 1285135959349098 1285135964192295
1285135957903080 1285135958299524 1285135965634512 1285135970465547 1285135964198541 1285135964571864 1285135970981961 1285135975820814

1285131038090100 1285131038457192 1285131040411863 1285131045185589 1285131038463447 1285131038799684 1285131046752801 1285131051553755
1285131045192282 1285131045579390 1285131052720119 1285131057615234 1285131051559362 1285131052742436 1285131059206920 1285131064078296
1285131057621228 1285131058041402 1285131065726760 1285131070643577 1285131064083792 1285131065746950 1285131072191685 1285131077083911
1285131070649814 1285131071085567 1285131078789684 1285131083601765 1285131077089497 1285131078811854 1285131085060395 1285131089844480
1285131083608065 1285131084041790 1285131091478445 1285131096280794 1285131089849502 1285131091501098 1285131098180421 1285131102979644
1285131096287169 1285131096696411 1285131104136348 1285131108945870 1285131102984573 1285131104154639 1285131110649705 1285131115457901
1285131108952926 1285131110669784 1285131117106941 1285131121922667 1285131115463565 1285131117124224 1285131123540894 1285131128369793
1285131121929189 1285131123562086 1285131130337853 1285131135113940 1285131128375055 1285131128762469 1285131136235481 1285131141048927
1285131135120315 1285131136256622 1285131143026473 1285131147815778 1285131141054333 1285131143047041 1285131148787781 1285131153557529

1285134571106337 1285134571761057 1285134573866226 1285134578108808 1285134571767771 1285134572470047 1285134579543447 1285134583797534
1285134578116062 1285134578736321 1285134585299016 1285134589544415 1285134583804239 1285134584514441 1285134590724333 1285134594978552
1285134589550253 1285134590214231 1285134596213700 1285134600428361 1285134594983904 1285134595621554 1285134601860432 1285134606058512
1285134600434151 1285134601045218 1285134607553481 1285134611707092 1285134606063477 1285134606691089 1285134613184190 1285134617337738
1285134611712612 1285134612302412 1285134618973251 1285134623140368 1285134617342781 1285134617943021 1285134625322862 1285134629511165
1285134623146134 1285134623740374 1285134631357854 1285134635529243 1285134629517219 1285134630101886 1285134637961538 1285134642107205
1285134635535132 1285134636131598 1285134644143503 1285134648319008 1285134642111957 1285134642695988 1285134650360358 1285134654522564
1285134648324558 1285134648900057 1285134656518422 1285134660682743 1285134654527463 1285134655105875 1285134662690466 1285134666880827
1285134660688524 1285134661377168 1285134668830368 1285134672981252 1285134666886395 1285134667558428 1285134675249852 1285134679388775

146014537061028 146014537727811 146014539556791 146014543821780 146014537735149 146014538427402 146014545298590 146014549538295
146014543827546 146014544421228 146014551119427 146014555326519 146014549544052 146014550252733 146014557710217 146014561957236
146014555332030 146014555934472 146014563988827 146014568163516 146014561962243 146014562586774 146014570347597 146014574493672
146014568168865 146014568755125 146014576469433 146014580631081 146014574499309 146014575101622 146014583156118 146014587289074
146014580636316 146014581278940 146014589097357 146014593257448 146014587294369 146014587892590 146014595321391 146014599499395
146014593262983 146014593893457 146014602081210 146014606242753 146014599503901 146014600177296 146014607962317 146014612098750
146014606247796 146014606898448 146014614599325 146014618793931 146014612103805 146014612696740 146014620861087 146014625032620
146014618799607 146014619458956 146014626655764 146014630799853 146014625038737 146014625697402 146014633010187 146014637178258
146014630804806 146014631391594 146014639270656 146014643452824 146014637183595 146014637834289 146014645542657 146014649703108

146007406167558 146007406824177 146007409084500 146007413313411 146007406831305 146007407506044 146007414972708 146007419218341
146007413319783 146007413932734 146007420703293 146007424899486 146007419223795 146007419875221 146007427976757 146007432197214
146007424906200 146007425546313 146007434268279 146007438429819 146007432203106 146007432830313 146007439876341 146007444072294
146007438434868 146007439061634 146007447094704 146007451249200 146007444078162 146007444688869 146007452713395 146007456887070
146007451255005 146007451867101 146007459375426 146007463555092 146007456892836 146007457515780 146007466199475 146007470354700
146007463561530 146007464630946 146007472150908 146007476319132 146007470361285 146007471880002 146007478674474 146007482874939
146007476325273 146007476907498 146007484935303 146007489098487 146007482881362 146007483935010 146007490713561 146007494886741
146007489104073 146007490166154 146007497060196 146007501266982 146007494892954 146007495452925 146007503307765 146007507500433
146007501272535 146007502235691 146007509584089 146007513750270 146007507507039 146007508141092 146007515887464 146007520074567

1284645252546393 1284645253200822 1284645255384666 1284645259604253 1284645253208436 1284645253942083 1284645261055368 1284645265276896
1284645259610352 1284645260257800 1284645266763018 1284645270971811 1284645265281609 1284645265922637 1284645272471988 1284645276655110
1284645270977712 1284645271614585 1284645277792269 1284645282030261 1284645276660414 1284645277269036 1284645283503687 1284645287705289
1284645282035283 1284645282657537 1284645289210575 1284645293385111 1284645287710200 1284645288333603 1284645293971959 1284645298202640
1284645293390193 1284645294591903 1284645300191823 1284645304346652 1284645298206213 1284645298768917 1284645306103485 1284645310270116
1284645304351995 1284645305502252 1284645312801816 1284645316973022 1284645310274847 1284645310899765 1284645318738738 1284645322893795
1284645316977663 1284645317607627 1284645325273266 1284645329443698 1284645322898457 1284645323499525 1284645331710045 1284645335871072
1284645329448531 1284645330177642 1284645338169822 1284645342330795 1284645335875917 1284645336572607 1284645344965506 1284645349143360
1284645342335145 1284645343008969 1284645350912646 1284645355085391 1284645349148796 1284645350337759 1284645357623487 1284645361791858

1284634831126206 1284634831787706 1284634833891030 1284634838121183 1284634831794879 1284634832466687 1284634839589311 1284634843815870
1284634838127531 1284634838745006 1284634844006445 1284634848259098 1284634843820775 1284634844667390 1284634849653672 1284634853888748
1284634848264447 1284634848796605 1284634855399302 1284634859631309 1284634853894025 1284634854505239 1284634861688463 1284634865890014
1284634859637543 1284634860263457 1284634867356327 1284634871524050 1284634865894775 1284634866518187 1284634872720171 1284634876875747
1284634871530581 1284634872150714 1284634878619416 1284634882791966 1284634876880241 1284634877491572 1284634884269196 1284634888457691
1284634882798083 1284634883416590 1284634889957880 1284634894148871 1284634888462671 1284634889159940 1284634895286717 1284634899483735
1284634894154346 1284634894828239 1284634900934730 1284634905105420 1284634899488397 1284634900145001 1284634906557009 1284634910735097
1284634905111234 1284634905770475 1284634911888408 1284634916062920 1284634910740365 1284634911394977 1284634917511197 1284634921696299
1284634916068602 1284634916729736 1284634923172608 1284634927318155 1284634921701951 1284634922357070 1284634928529675 1284634932678126

1284340640795160 1284340641464154 1284340643713572 1284340647929967 1284340641471591 1284340642141746 1284340649385873 1284340653629022
1284340647936444 1284340648583517 1284340655124324 1284340659324996 1284340653634353 1284340654327551 1284340660771689 1284340664974056
1284340659331659 1284340659999660 1284340666166088 1284340670387607 1284340664980587 1284340665654429 1284340671772905 1284340675984533
1284340670393652 1284340671050346 1284340677424512 1284340681619832 1284340675990167 1284340676646609 1284340683050376 1284340687246515
1284340681625562 1284340682271945 1284340688721450 1284340692888891 1284340687251804 1284340687920258 1284340694343648 1284340698500652
1284340692895587 1284340693543782 1284340699967193 1284340704124344 1284340698506283 1284340699152729 1284340705541478 1284340709693100
1284340704131745 1284340704984489 1284340711386939 1284340715553603 1284340709698605 1284340710693207 1284340717912491 1284340722084495
1284340715559780 1284340716061392 1284340724161539 1284340728312651 1284340722089382 1284340722603498 1284340729933335 1284340734084030
1284340728317727 1284340729165911 1284340736291964 1284340740458769 1284340734089286 1284340734851985 1284340742577264 1284340746734583

1311549835434699 1311549836087667 1311549837969189 1311549842183562 1311549836095443 1311549836751411 1311549843695739 1311549847934712
1311549842190717 1311549842761095 1311549849441498 1311549853625436 1311549847940520 1311549848536185 1311549855094956 1311549859284054
1311549853631406 1311549854242143 1311549860736432 1311549864963651 1311549859288659 1311549859870479 1311549866462934 1311549870684627
1311549864969333 1311549865609197 1311549872084505 1311549876262944 1311549870689874 1311549871338774 1311549877765650 1311549881914005
1311549876269088 1311549876872895 1311549883400373 1311549887556093 1311549881918172 1311549882501159 1311549888150621 1311549892354068
1311549887561850 1311549888744804 1311549893833629 1311549897989910 1311549892357902 1311549892920825 1311549899744262 1311549903902364
1311549897996240 1311549898615206 1311549906609303 1311549910788138 1311549903906561 1311549904526580 1311549912285036 1311549916462899
1311549910794153 1311549911473956 1311549918054339 1311549922200483 1311549916467426 1311549917122170 1311549925183311 1311549929344641
1311549922206009 1311549922830039 1311549930802485 1311549934967118 1311549929348574 1311549929990073 1311549936440649 1311549940597749

1284345251323761 1284345251978940 1284345253566102 1284345257805888 1284345251985333 1284345253596006 1284345259650027 1284345263866722
1284345257812761 1284345258336153 1284345264377397 1284345268604535 1284345263871783 1284345264967875 1284345269508747 1284345273737529
1284345268609833 1284345270107484 1284345275100552 1284345279241536 1284345273741666 1284345274262745 1284345280178823 1284345284372850
1284345279247779 1284345280759461 1284345285731928 1284345289886772 1284345284377491 1284345284882985 1284345290825769 1284345295010550
1284345289892235 1284345291403278 1284345296406816 1284345300563901 1284345295014741 1284345295528989 1284345301451478 1284345305639811
1284345300569577 1284345302036946 1284345307040649 1284345311206917 1284345305644128 1284345306204129 1284345312678411 1284345316844415
1284345311212188 1284345311786619 1284345318296715 1284345322448463 1284345316849341 1284345317494866 1284345324388833 1284345328562742
1284345322454265 1284345323147490 1284345330543093 1284345334721136 1284345328568736 1284345329188797 1284345336904455 1284345341064150
1284345334726242 1284345335371332 1284345342963492 1284345347113206 1284345341068992 1284345341674593 1284345349109325 1284345353286369

1284349125044442 1284349125706155 1284349127273934 1284349131513342 1284349125713001 1284349126391481 1284349133432535 1284349137658941
1284349131520029 1284349132448388 1284349139219877 1284349143429771 1284349137663510 1284349138394373 1284349144901724 1284349149103449
1284349143436371 1284349144064475 1284349150476768 1284349154661537 1284349149108099 1284349149673704 1284349156124364 1284349160331417
1284349154667324 1284349155244302 1284349161834861 1284349165984980 1284349160335743 1284349160892879 1284349167794826 1284349171969602
1284349165991448 1284349166556273 1284349174060692 1284349178226120 1284349171974153 1284349172577198 1284349180171473 1284349184332326
1284349178232684 1284349178853489 1284349186713294 1284349190911935 1284349184337852 1284349185357684 1284349192895820 1284349197079686
1284349190918496 1284349191957762 1284349199082675 1284349203235161 1284349197083970 1284349198085853 1284349205405811 1284349209586968
1284349203241278 1284349203863853 1284349211465406 1284349215646632 1284349209591930 1284349210230981 1284349217603673 1284349221791793
1284349215653874 1284349216267182 1284349223743806 1284349227930732 1284349221796065 1284349222439916 1284349229980167 1284349234170213

1284344236298451 1284344236968537 1284344238822642 1284344243070645 1284344236976418 1284344237678148 1284344244572496 1284344248806600
1284344243078142 1284344243599875 1284344249391837 1284344253634335 1284344248811160 1284344249942013 1284344254621773 1284344258857509
1284344253639816 1284344255238708 1284344260342653 1284344264485257 1284344258861559 1284344259402855 1284344266179879 1284344270336493
1284344264491983 1284344265003435 1284344272488534 1284344276673963 1284344270341302 1284344270865564 1284344278913763 1284344283065226
1284344276680035 1284344277758769 1284344285318883 1284344289511731 1284344283070767 1284344283698313 1284344291760984 1284344295930492
1284344289518373 1284344290167186 1284344298065346 1284344302227072 1284344295935676 1284344296582491 1284344304619179 1284344308809291
1284344302233384 1284344302851207 1284344310526344 1284344314696125 1284344308814529 1284344309429031 1284344316985119 1284344321148618
1284344314702134 1284344315322675 1284344323267752 1284344327467416 1284344321154402 1284344321766033 1284344329603080 1284344333763993
1284344327473521 1284344328086997 1284344335882341 1284344340052797 1284344333769186 1284344334394515 1284344342220663 1284344346406236
