16 675
1291219895312121 1291219895370594 1291219938740268 1291219977666129 1291219895429973 1291219895571243 1291220032116408 1291220070896355
1291219977675933 1291220005434156 1291220136975492 1291220176040772 1291220070904797 1291220071383222 1291220237733657 1291220276595585
1291220176051050 1291220176090491 1291220339643615 1291220378534949 1291220276604285 1291220276657181 1291220439859821 1291220478654060
1291220378543628 1291220430913053 1291220542026804 1291220580818913 1291220478660474 1291220481833775 1291220646972753 1291220685624228
1291220580827853 1291220580876195 1291220752344192 1291220791196262 1291220685632487 1291220685674055 1291220850688113 1291220889344805
1291220791206303 1291220791253661 1291220957354589 1291220995948434 1291220889353430 1291220889512298 1291221057930741 1291221096422091
1291220995958379 1291220998034463 1291221161501940 1291221200040564 1291221096430725 1291221137373885 1291221264449994 1291221302726604
1291221200051091 1291221215647539 1291221365101317 1291221403598628 1291221302735160 1291221302783451 1291221492821769 1291221531066732
1291221403608669 1291221417808377 1291221584189709 1291221622667271 1291221531075690 1291221584212176 1291221676627176 1291221714800790

146277876638124 146277876700554 146277919369494 146277958261074 146277876724197 146277876774849 146277990011922 146278029003492
146277958269258 146277958311504 146278084112460 146278122933966 146278029012045 146278029073119 146278164605616 146278203495219
146278122942057 146278124263809 146278282999671 146278321724775 146278203503817 146278206817164 146278383075630 146278421957100
146278321732290 146278321775361 146278482683754 146278520917998 146278421966478 146278471956642 146278582385580 146278620902727
146278520925228 146278565198028 146278692645372 146278730990760 146278620910779 146278621392705 146278779305340 146278817732142
146278730998842 146278731050721 146278879576140 146278917939924 146278817740209 146278817782329 146278970797686 146279009263653
146278917947952 146278942543638 146279098547664 146279136806520 146279009271285 146279011446045 146279194623246 146279232994533
146279136815283 146279137860657 146279291087556 146279329337922 146279233003134 146279233045698 146279401579998 146279439980766
146279329345674 146279329384995 146279498339745 146279536695696 146279439989211 146279440025880 146279611301388 146279649570255

1285388190061416 1285388190120147 1285388234978898 1285388273850846 1285388190127353 1285388190169506 1285388329035972 1285388368062015
1285388273860167 1285388304738237 1285388416111194 1285388454954558 1285388368070598 1285388368669656 1285388513704512 1285388552667837
1285388454962859 1285388455127436 1285388611077825 1285388649743418 1285388552676801 1285388556677244 1285388715890550 1285388754692958
1285388649752292 1285388649799446 1285388813290158 1285388851834962 1285388754702624 1285388754739035 1285388907151536 1285388945721954
1285388851842426 1285388854788456 1285389006418539 1285389044798613 1285388945731815 1285388947013724 1285389104004345 1285389142450110
1285389044806953 1285389044855628 1285389202558407 1285389240847059 1285389142458948 1285389142506753 1285389301539165 1285389339989454
1285389240854901 1285389240896244 1285389401661357 1285389439946790 1285389339997383 1285389397198134 1285389501917037 1285389540378459
1285389439955598 1285389439995882 1285389603415605 1285389641749167 1285389540387960 1285389540441720 1285389699994467 1285389738518409
1285389641757309 1285389641796132 1285389798549132 1285389836843445 1285389738527352 1285389738572415 1285389911305506 1285389949713057

1285398262265052 1285398262327299 1285398306225666 1285398345314145 1285398262349616 1285398306298902 1285398377513745 1285398416352978
1285398345321774 1285398345357711 1285398478557579 1285398517429677 1285398416361366 1285398417572844 1285398577758705 1285398616532712
1285398517437690 1285398518013525 1285398670081248 1285398708856683 1285398616542273 1285398617775084 1285398767645397 1285398806218725
1285398708864327 1285398709348257 1285398866066166 1285398904631580 1285398806226957 1285398866120823 1285398967386660 1285399005718107
1285398904637787 1285398958497759 1285399070490270 1285399108930755 1285399005724812 1285399005781566 1285399169512266 1285399207820049
1285399108938399 1285399109470689 1285399262052174 1285399300449393 1285399207828488 1285399207870215 1285399358265342 1285399396529628
1285399300455486 1285399300498995 1285399469260101 1285399507542069 1285399396537155 1285399396584717 1285399571713878 1285399609958613
1285399507548927 1285399527994026 1285399669274019 1285399707648993 1285399609967154 1285399610013153 1285399756882107 1285399795176204
1285399707655764 1285399707697917 1285399853337690 1285399891721769 1285399795183788 1285399795234092 1285399997833755 1285400035973952

1285398835196391 1285398835256403 1285398878911845 1285398917758368 1285398835262805 1285398878745906 1285398975417804 1285399014569211
1285398917764617 1285398917804307 1285399076967498 1285399115744691 1285399014579072 1285399050336360 1285399178150286 1285399217042247
1285399115750811 1285399178125092 1285399279978176 1285399318609305 1285399217050689 1285399217100183 1285399380530985 1285399419262392
1285399318614879 1285399341161073 1285399482476334 1285399520764308 1285399419270276 1285399482505866 1285399586851674 1285399625233218
1285399520770476 1285399560138120 1285399692296025 1285399730503356 1285399625241660 1285399646262864 1285399790685576 1285399829101545
1285399730512269 1285399790785461 1285399897505397 1285399935674664 1285399829110656 1285399869602139 1285399998222354 1285400036571093
1285399935680250 1285399936176363 1285400102494290 1285400140819728 1285400036579778 1285400036625996 1285400205599376 1285400244002955
1285400140826835 1285400204922699 1285400310069762 1285400348413737 1285400244011868 1285400246746212 1285400432827539 1285400471343471
1285400348421513 1285400348812005 1285400524189917 1285400562521094 1285400471352861 1285400502141327 1285400616624549 1285400655132510

1285394015555505 1285394015620077 1285394059848177 1285394098803198 1285394015641281 1285394015718987 1285394130584694 1285394169640461
1285394098812030 1285394129973891 1285394206449531 1285394245132644 1285394169647853 1285394169706197 1285394307296298 1285394346088404
1285394245140315 1285394299832322 1285394417510904 1285394455978557 1285394346094494 1285394346150357 1285394520710277 1285394559441174
1285394455985601 1285394497398117 1285394628275928 1285394666849805 1285394559448746 1285394560786818 1285394733364512 1285394772036150
1285394666857695 1285394668864641 1285394840798451 1285394879004207 1285394772043107 1285394772098688 1285394925611628 1285394963958318
1285394879011938 1285394883408108 1285395035789835 1285395074066460 1285394963963547 1285394965606206 1285395138320355 1285395176760927
1285395074074629 1285395074125842 1285395238496313 1285395276699933 1285395176767875 1285395176831655 1285395334419702 1285395372818277
1285395276708327 1285395276745638 1285395443825913 1285395482113773 1285395372825363 1285395372880065 1285395541595715 1285395580001997
1285395482121906 1285395482158203 1285395637936974 1285395676281267 1285395580009341 1285395580050891 1285395722263323 1285395760636899

1285397549905999 1285397549970327 1285397595089856 1285397633947272 1285397549977571 1285397587536813 1285397688713868 1285397727725649
1285397633957418 1285397634241491 1285397776011390 1285397814724305 1285397727735051 1285397727791952 1285397873624616 1285397912437785
1285397814733356 1285397838910215 1285397970788856 1285398009403218 1285397912447412 1285397954919054 1285398075587436 1285398114364371
1285398009409953 1285398009447189 1285398172960026 1285398211279626 1285398114372975 1285398127220787 1285398267755844 1285398306232902
1285398211288566 1285398211337289 1285398366075735 1285398404394870 1285398306241032 1285398306338928 1285398463729293 1285398502249035
1285398404403204 1285398463763664 1285398564369315 1285398602649561 1285398502256052 1285398502457913 1285398661047810 1285398699475257
1285398602658297 1285398602706405 1285398761379603 1285398799658886 1285398699484173 1285398699563886 1285398861570339 1285398900019167
1285398799668783 1285398799707054 1285398958691250 1285398997052370 1285398900027591 1285398900079197 1285399060133658 1285399098654597
1285398997061172 1285399052231481 1285399183561905 1285399221864588 1285399098662523 1285399098700626 1285399271013330 1285399309488729

146277515198802 146277515258721 146277559198737 146277598270947 146277515264856 146277515411088 146277654021735 146277692881584
146277598278774 146277617074893 146277731502210 146277770481087 146277692889564 146277709930710 146277830783610 146277869602569
146277770490030 146277770537652 146277923344167 146277961774002 146277869610288 146277906742926 146278020535671 146278058797641
146277961780755 146277961811889 146278121049987 146278159427550 146278058804634 146278061716194 146278231850931 146278269993198
146278159434648 146278159474644 146278321062063 146278359451521 146278270001715 146278270050486 146278415796774 146278453930797
146278359459519 146278396352988 146278530448056 146278568746878 146278453937616 146278496284704 146278626843609 146278665057789
146278568755161 146278568797803 146278725208278 146278763510982 146278665065541 146278699151442 146278823023602 146278861178937
146278763519883 146278763571948 146278938967212 146278977262980 146278861185549 146278888198650 146278990731402 146279028868431
146278977271572 146278979980725 146279124689994 146279163123519 146279028874332 146279029367340 146279216547537 146279254738317

146270379769611 146270379834633 146270423661852 146270462755140 146270379841839 146270379935154 146270520424305 146270559455475
146270462765076 146270462811414 146270594910219 146270633873433 146270559464127 146270559509808 146270722810350 146270761641216
146270633883651 146270636348481 146270824637562 146270863063281 146270761650405 146270812562487 146270925187770 146270963367537
146270863070400 146270918136735 146271027125382 146271065425491 146270963373798 146270965790349 146271143958552 146271182359743
146271065432652 146271065463927 146271236962632 146271275428023 146271182369112 146271198080709 146271335262222 146271373578849
146271275438037 146271327789654 146271442153323 146271480610344 146271373585917 146271389785272 146271542878302 146271581183538
146271480618690 146271529110132 146271647335632 146271685764822 146271581191098 146271581232492 146271750243177 146271788549439
146271685774293 146271697813683 146271854703597 146271893116920 146271788558316 146271788615094 146271950483166 146271988854285
146271893125899 146271894449193 146272046679204 146272085141178 146271988862799 146271988916463 146272161224103 146272199551641

1284908230691118 1284908230751073 1284908274544941 1284908313637620 1284908230757556 1284908230810758 1284908345224116 1284908384110836
1284908313647007 1284908313693192 1284908414848497 1284908453659371 1284908384119419 1284908411265201 1284908540062365 1284908578815270
1284908453666124 1284908455717371 1284908637453138 1284908676415800 1284908578822308 1284908578877070 1284908733197544 1284908771917047
1284908676423969 1284908676469413 1284908837432085 1284908876151273 1284908771923392 1284908796729963 1284908960676915 1284908999356425
1284908876157900 1284908876194236 1284909055869297 1284909094284531 1284908999364315 1284908999403522 1284909152501844 1284909190844811
1284909094293390 1284909094331514 1284909250414011 1284909288808209 1284909190850640 1284909190887837 1284909346280583 1284909384719700
1284909288816006 1284909288855888 1284909450402603 1284909488694909 1284909384725862 1284909384764799 1284909545299950 1284909583517664
1284909488703153 1284909514387527 1284909645605886 1284909684002922 1284909583524981 1284909583562445 1284909742939365 1284909781125399
1284909684011574 1284909721834374 1284909840132843 1284909878441964 1284909781132656 1284909781182351 1284909925460334 1284909963580167

1284897807103002 1284897807164925 1284897852626175 1284897891582825 1284897807173340 1284897807278166 1284897946001424 1284897985024833
1284897891593193 1284897921385293 1284898023750804 1284898062723264 1284897985033365 1284898013992785 1284898127838957 1284898166864811
1284898062731178 1284898062771720 1284898221141006 1284898259835954 1284898166873766 1284898166931270 1284898316942790 1284898355872698
1284898259844378 1284898259883663 1284898415078115 1284898453425756 1284898355880171 1284898405458573 1284898525218243 1284898563821196
1284898453434918 1284898455459846 1284898621086294 1284898659396495 1284898563828552 1284898563882630 1284898721292261 1284898759794405
1284898659407109 1284898713423948 1284898821813594 1284898860193563 1284898759800777 1284898759841541 1284898918461225 1284898956889671
1284898860202989 1284898879297269 1284899018823348 1284899057139564 1284898956897075 1284898956937734 1284899114491551 1284899152994058
1284899057149308 1284899057185842 1284899215621050 1284899254060545 1284899153001291 1284899188010328 1284899317286841 1284899355801792
1284899254069773 1284899254680465 1284899440998372 1284899479285821 1284899355808962 1284899356648683 1284899528450118 1284899566902342

1284603617454484 1284603617520088 1284603660329265 1284603699315429 1284603617526956 1284603627767379 1284603756219945 1284603795124029
1284603699324654 1284603699435735 1284603827948322 1284603866812644 1284603795133674 1284603803509983 1284603930444156 1284603969140670
1284603866822058 1284603867585744 1284604020386469 1284604059290823 1284603969150354 1284604019741151 1284604125285078 1284604163920944
1284604059297321 1284604114732776 1284604235604153 1284604274305323 1284604163929038 1284604201076841 1284604319185929 1284604357709448
1284604274312391 1284604274357607 1284604412487615 1284604450849530 1284604357717104 1284604405923978 1284604512665526 1284604550838831
1284604450857102 1284604450906698 1284604617715017 1284604656067419 1284604550845473 1284604592448987 1284604729285167 1284604767610041
1284604656075045 1284604656111513 1284604824530745 1284604862878314 1284604767617706 1284604767653925 1284604918659759 1284604956905427
1284604862885928 1284604894880136 1284605012281032 1284605050618350 1284604956912621 1284604956948492 1284605116506858 1284605154882291
1284605050625028 1284605052134967 1284605229298674 1284605267690511 1284605154890184 1284605176971870 1284605318727558 1284605356962108

1311812812418952 1311812812481067 1311812854602228 1311812893581459 1311812812488093 1311812832338388 1311812952809076 1311812991838392
1311812893590732 1311812893630866 1311813022860756 1311813061668408 1311812991848400 1311812993832354 1311813124547463 1311813163470060
1311813061677978 1311813063186291 1311813244819926 1311813283589538 1311813163478361 1311813163538010 1311813351041142 1311813389960277
1311813283597257 1311813284803974 1311813451187520 1311813489819594 1311813389967948 1311813390408129 1311813576549501 1311813615320205
1311813489828231 1311813493744833 1311813662383152 1311813700774503 1311813615327657 1311813616479453 1311813760451829 1311813798826179
1311813700781634 1311813700822710 1311813862966125 1311813901235181 1311813798833412 1311813798870108 1311813961636662 1311814000162428
1311813901243665 1311813901277433 1311814068563115 1311814106798511 1311814000170096 1311814000264632 1311814167032514 1311814205502324
1311814106806755 1311814106844405 1311814282235313 1311814320504513 1311814205510172 1311814206658539 1311814383076512 1311814421516637
1311814320513504 1311814320556365 1311814473024903 1311814511316018 1311814421524185 1311814421725725 1311814551775923 1311814590129645

1284608228680020 1284608228742192 1284608270401029 1284608309528496 1284608228749470 1284608228898588 1284608342103699 1284608381035011
1284608309537535 1284608337309684 1284608436411996 1284608475254748 1284608381043006 1284608381089221 1284608538044397 1284608576787252
1284608475263817 1284608475313434 1284608635371954 1284608674317576 1284608576795802 1284608576846823 1284608731069251 1284608769893799
1284608674325688 1284608674396341 1284608825597652 1284608864363208 1284608769900942 1284608818412001 1284608958644904 1284608997349800
1284608864370876 1284608864406345 1284609053842185 1284609092287284 1284608997358905 1284608997400062 1284609150300906 1284609188622792
1284609092295924 1284609092344068 1284609243532626 1284609282033663 1284609188632512 1284609188684187 1284609343702905 1284609381985008
1284609282041475 1284609283691994 1284609439215450 1284609477683502 1284609381993978 1284609383339787 1284609542281470 1284609580626888
1284609477691464 1284609479592069 1284609638752245 1284609677221842 1284609580635684 1284609583791891 1284609740924643 1284609779197479
1284609677230194 1284609677276358 1284609829570842 1284609868053342 1284609779204961 1284609780865413 1284609921433284 1284609959515260

1284612102788004 1284612102847638 1284612145960041 1284612184916688 1284612102856584 1284612102912822 1284612219891327 1284612258891621
1284612184925538 1284612184974993 1284612319201140 1284612358023399 1284612258900753 1284612258941304 1284612423387591 1284612462250665
1284612358032174 1284612358074960 1284612516789021 1284612555611694 1284612462259659 1284612462297231 1284612612580227 1284612651514956
1284612555619998 1284612555660594 1284612702053004 1284612740729175 1284612651523692 1284612658914960 1284612801709338 1284612840403530
1284612740737431 1284612740779707 1284612919097406 1284612957515502 1284612840412569 1284612853691781 1284613015948704 1284613054573779
1284612957523188 1284612957555330 1284613115267124 1284613153578306 1284613054582200 1284613054628583 1284613211583360 1284613250096946
1284613153586010 1284613153625445 1284613311820131 1284613350113115 1284613250105547 1284613251207327 1284613414821864 1284613453243554
1284613350121221 1284613394654250 1284613516089945 1284613554405756 1284613453252035 1284613463381625 1284613612773264 1284613651251165
1284613554414642 1284613554452919 1284613711356555 1284613749756588 1284613651259652 1284613651314723 1284613786431684 1284613824868563

1284607214286960 1284607214348448 1284607258297398 1284607297430751 1284607214354985 1284607214479137 1284607349552253 1284607388501862
1284607297439448 1284607324231461 1284607425495654 1284607464496914 1284607388511588 1284607390290003 1284607522635270 1284607561425732
1284607464505494 1284607508908950 1284607619529174 1284607658210187 1284607561434219 1284607561474845 1284607715406660 1284607753981707
1284607658217687 1284607658250507 1284607818115503 1284607856586882 1284607753989543 1284607754031747 1284607908742167 1284607947005040
1284607856594082 1284607856630016 1284608022880356 1284608061428442 1284607947013395 1284607947064086 1284608123162994 1284608161344213
1284608061435456 1284608061471642 1284608217800658 1284608256099057 1284608161352286 1284608161392750 1284608326216494 1284608364483675
1284608256106047 1284608256140724 1284608421477363 1284608459846283 1284608364491868 1284608420995662 1284608516933052 1284608555241906
1284608459852196 1284608514500973 1284608621211729 1284608659662357 1284608555248686 1284608555284560 1284608713445463 1284608751701187
1284608659670316 1284608707797186 1284608822664339 1284608861099970 1284608751708648 1284608751745716 1284608919907971 1284608958030861
