16 36
1290943232137608 1290943232523294 1290943234021713 1290943238289129 1290943232523315 1290943232974497 1290943239154632 1290943243435881
1290943238289522 1290943238758542 1290943245269574 1290943249509519 1290943243436136 1290943243960227 1290943250703645 1290943254971184
1290943249509984 1290943250007462 1290943256201514 1290943260455754 1290943254971205 1290943255510785 1290943261668306 1290943265948628
1290943260455775 1290943260989700 1290943267196568 1290943271456541 1290943265948841 1290943266483897 1290943272686871 1290943276950060
1290943271456562 1290943271999883 1290943278201663 1290943282402797 1290943276950294 1290943277489643 1290943283638599 1290943287848505
1290943282402818 1290943282925286 1290943289140359 1290943293341550 1290943287849342 1290943288404348 1290943294591842 1290943298789502
1290943293341571 1290943293883287 1290943300034097 1290943304226438 1290943298789811 1290943299325023 1290943305452238 1290943309656894
1290943304226459 1290943304749173 1290943310913321 1290943315112580 1290943309657137 1290943310196312 1290943316358852 1290943320560418
1290943315112616 1290943315649472 1290943321829562 1290943326029628 1290943320560835 1290943321095672 1290943326098082 1290943330340097

146001212993880 146001213393105 146001215386389 146001219688935 146001213393126 146001213985638 146001220875813 146001225175962
146001219689472 146001220164468 146001226395483 146001230647653 146001225176826 146001225716073 146001231877257 146001236125509
146001230647896 146001231190704 146001237336489 146001241598172 146001236125776 146001236650392 146001242836779 146001247066728
146001241598193 146001242148141 146001248291307 146001252505929 146001247066962 146001247604712 146001253715262 146001257923467
146001252505965 146001253027380 146001259169289 146001263401941 146001257923695 146001258482301 146001264633072 146001268846383
146001263401977 146001263935140 146001270078333 146001274293777 146001268846608 146001269397591 146001275527632 146001279739638
146001274293798 146001274828962 146001280951449 146001285187506 146001279739962 146001280266315 146001286427106 146001290641086
146001285187527 146001285732063 146001291858780 146001296072253 146001290641311 146001291174246 146001297323421 146001301526982
146001296072289 146001296621907 146001302779335 146001306998250 146001301527204 146001302083743 146001307063398 146001311245836

1285111527256554 1285111527611874 1285111529187771 1285111533401961 1285111527611898 1285111528149192 1285111534769160 1285111538988165
1285111533402714 1285111533820155 1285111539845883 1285111544037024 1285111538988501 1285111539442944 1285111545174597 1285111549349121
1285111544037069 1285111544506716 1285111550206902 1285111554390672 1285111549349451 1285111549815168 1285111555806507 1285111559992266
1285111554390693 1285111554832455 1285111561108386 1285111565251647 1285111559992335 1285111560446028 1285111566383565 1285111570528695
1285111565251683 1285111565697783 1285111571654034 1285111575790257 1285111570529028 1285111570981410 1285111576928328 1285111581073461
1285111575790278 1285111576237755 1285111582204776 1285111586338953 1285111581073842 1285111581539943 1285111587457689 1285111591566660
1285111586338974 1285111586782173 1285111592704659 1285111596835869 1285111591567017 1285111592032446 1285111597977402 1285111602090012
1285111596835890 1285111597292616 1285111603226859 1285111607340795 1285111602090378 1285111602557538 1285111608488439 1285111612605570
1285111607340816 1285111607786871 1285111613743044 1285111617877590 1285111612605897 1285111613066271 1285111618237776 1285111622396136

1285121597299944 1285121597654400 1285121599691931 1285121603881734 1285121597654448 1285121598180915 1285121605010028 1285121609227695
1285121603882085 1285121604312252 1285121610390501 1285121614585065 1285121609228046 1285121609690046 1285121615727807 1285121619925305
1285121614585419 1285121615047902 1285121621072202 1285121625211116 1285121619925668 1285121620389051 1285121626342926 1285121630471922
1285121625211137 1285121625665673 1285121631344880 1285121635506645 1285121630471991 1285121630940636 1285121636598225 1285121640753528
1285121635506666 1285121635971999 1285121641879713 1285121646037143 1285121640753903 1285121641208385 1285121647176384 1285121651333289
1285121646037164 1285121646495432 1285121652473544 1285121656607496 1285121651333637 1285121651788914 1285121657736381 1285121661889617
1285121656607517 1285121657054499 1285121663027094 1285121667161088 1285121661889959 1285121662348662 1285121668294410 1285121672440731
1285121667161109 1285121667616440 1285121673576543 1285121677716324 1285121672441064 1285121672900019 1285121678853234 1285121682991689
1285121677716360 1285121678172570 1285121684122227 1285121688265422 1285121682992010 1285121683442790 1285121688675012 1285121692803864

1285122170046744 1285122170400843 1285122172254948 1285122176478837 1285122170400885 1285122170940606 1285122177581427 1285122181818129
1285122176479950 1285122176899425 1285122182949573 1285122187132680 1285122181818507 1285122182277147 1285122188006631 1285122192182544
1285122187133691 1285122187592697 1285122193351206 1285122197504589 1285122192182913 1285122192661743 1285122198641421 1285122202802586
1285122197504610 1285122197959413 1285122203895087 1285122208022742 1285122202802970 1285122203269107 1285122209159463 1285122213286452
1285122208022763 1285122208466277 1285122214440600 1285122218555493 1285122213286488 1285122213740013 1285122219713577 1285122223846188
1285122218555514 1285122219017307 1285122224998773 1285122229123548 1285122223846566 1285122224304120 1285122230272356 1285122234409038
1285122229123569 1285122229574478 1285122235561185 1285122239693949 1285122234409395 1285122234863235 1285122240821484 1285122244972971
1285122239693970 1285122240139395 1285122246116523 1285122250231668 1285122244973604 1285122245432163 1285122251350731 1285122255480375
1285122250231689 1285122250667343 1285122256615902 1285122260764350 1285122255480729 1285122255933555 1285122261170697 1285122265321299

1285117351955247 1285117352308458 1285117353906387 1285117358112189 1285117352308503 1285117352850621 1285117359477324 1285117363685640
1285117358112252 1285117358489931 1285117364208132 1285117368390264 1285117363686003 1285117364134389 1285117370154273 1285117374319080
1285117368390348 1285117368850305 1285117375451655 1285117379623833 1285117374319101 1285117374760458 1285117380779427 1285117384968144
1285117379624205 1285117380079572 1285117386061941 1285117390207548 1285117384968513 1285117385436444 1285117391351862 1285117395506898
1285117390207584 1285117390674273 1285117396649937 1285117400800398 1285117395506973 1285117395967743 1285117401938094 1285117406105919
1285117400800419 1285117401253071 1285117407258777 1285117411411689 1285117406106294 1285117406580471 1285117412558520 1285117416691932
1285117411411710 1285117411879518 1285117417837950 1285117421981871 1285117416692292 1285117417162299 1285117423107876 1285117427254857
1285117421981892 1285117422436974 1285117428393495 1285117432540191 1285117427255391 1285117427712966 1285117433672205 1285117437839262
1285117432540212 1285117432994682 1285117438996197 1285117443142380 1285117437839616 1285117438314258 1285117443283590 1285117447425498

1285120884824448 1285120885172940 1285120887190062 1285120891476657 1285120885173048 1285120885697571 1285120892582343 1285120896826662
1285120891476711 1285120891898859 1285120897962789 1285120902154839 1285120896827016 1285120897290231 1285120903309644 1285120907501952
1285120902154905 1285120902625524 1285120908630561 1285120912846887 1285120907502267 1285120907960424 1285120913993058 1285120918178355
1285120912846923 1285120913311338 1285120919319264 1285120923446070 1285120918178376 1285120918650543 1285120924342827 1285120928472612
1285120923446091 1285120923923565 1285120929631083 1285120933764243 1285120928472645 1285120928934780 1285120934917620 1285120939048548
1285120933764264 1285120934216604 1285120940189382 1285120944326235 1285120939048920 1285120939500927 1285120945471938 1285120949598090
1285120944326256 1285120944775134 1285120950731289 1285120954867182 1285120949598714 1285120950048213 1285120956011886 1285120960140288
1285120954867203 1285120955313861 1285120961261766 1285120965402462 1285120960140624 1285120960584153 1285120966549926 1285120970697249
1285120965402483 1285120965863970 1285120971829389 1285120975983894 1285120970697576 1285120971153093 1285120976336892 1285120980478596

146000850952998 146000851357671 146000853278502 146000857538487 146000851357692 146000851944234 146000858682783 146000862958887
146000857538748 146000857988568 146000864195958 146000868440664 146000862959124 146000863501380 146000869663266 146000873903454
146000868441303 146000868972150 146000875142778 146000879353953 146000873903748 146000874442467 146000880574674 146000884783116
146000879353974 146000879886633 146000886023241 146000890253019 146000884783137 146000885329914 146000891498688 146000895678762
146000890253814 146000890784373 146000896933401 146000901125040 146000895679020 146000896213854 146000902364682 146000906562735
146000901125061 146000901647841 146000907819324 146000912023437 146000906562852 146000907107253 146000913258966 146000917456482
146000912023458 146000912544792 146000918683335 146000922881856 146000917456782 146000917976262 146000924126451 146000928313467
146000922881877 146000923413186 146000929570275 146000933775345 146000928313890 146000928846825 146000935043172 146000939239218
146000933775366 146000934305604 146000940508845 146000944690704 146000939239623 146000939782956 146000944769535 146000948971071

145993720572129 145993720963650 145993722889767 145993727162442 145993720963683 145993721559816 145993728347388 145993732642185
145993727162484 145993727630262 145993733893977 145993738133442 145993732642446 145993733160189 145993739372181 145993743608325
145993738133517 145993738647159 145993744855671 145993749056172 145993743608595 145993744114260 145993750312923 145993754519769
145993749056193 145993749581421 145993755764772 145993759954227 145993754520033 145993755057075 145993761191046 145993765378242
145993759954248 145993760480793 145993766630916 145993770833007 145993765378518 145993765918365 145993772094111 145993776285810
145993770833028 145993771379034 145993777542741 145993781720931 145993776286107 145993776843060 145993782982602 145993787148123
145993781720952 145993782256326 145993788387849 145993792570512 145993787148384 145993787675046 145993793833242 145993798006725
145993792570548 145993793113110 145993799252037 145993803454404 145993798007847 145993798543740 145993804720473 145993808900589
145993803454425 145993803991149 145993810156344 145993814335893 145993808900802 145993809460347 145993814406255 145993818622248

1284631566579228 1284631566966822 1284631568888469 1284631573122243 1284631566966843 1284631567574448 1284631574292141 1284631578600948
1284631573122264 1284631573577415 1284631579838022 1284631584072918 1284631578601182 1284631579127103 1284631585306542 1284631589526900
1284631584072939 1284631584591621 1284631590746034 1284631595018757 1284631589526921 1284631590018309 1284631596252951 1284631600511862
1284631595018793 1284631595549673 1284631601752722 1284631605978549 1284631600511898 1284631601039895 1284631607176485 1284631611384534
1284631605978570 1284631606488687 1284631612635723 1284631616858664 1284631611384621 1284631611933444 1284631618086435 1284631622292852
1284631616858685 1284631617383484 1284631623519462 1284631627726692 1284631622292888 1284631622829258 1284631628980227 1284631633176846
1284631627726713 1284631628280084 1284631634380635 1284631638587511 1284631633176924 1284631633707462 1284631639819041 1284631644032898
1284631638587532 1284631639131561 1284631645261554 1284631649487375 1284631644033114 1284631644571380 1284631650713685 1284631654924032
1284631649487411 1284631650010125 1284631656177480 1284631660410708 1284631654924053 1284631655478390 1284631660478322 1284631664674983

1284621145137642 1284621145535997 1284621147516300 1284621151776984 1284621145536018 1284621146124072 1284621152972031 1284621157237056
1284621151777005 1284621152204109 1284621158491092 1284621162749595 1284621157237281 1284621157772142 1284621163991235 1284621168225825
1284621162749631 1284621163275276 1284621169486113 1284621173735880 1284621168226059 1284621168748014 1284621174960435 1284621179178057
1284621173735901 1284621174242748 1284621180433953 1284621184635570 1284621179178339 1284621179709252 1284621185877462 1284621190063866
1284621184635591 1284621185167575 1284621191323752 1284621195524961 1284621190064292 1284621190607280 1284621196795665 1284621200991096
1284621195524982 1284621196070334 1284621202228665 1284621206431281 1284621200991372 1284621201530193 1284621207695799 1284621211884750
1284621206431317 1284621206984955 1284621213134943 1284621217331163 1284621211885017 1284621212431146 1284621218563938 1284621222749301
1284621217331184 1284621217863117 1284621224009199 1284621228209091 1284621222749571 1284621223301001 1284621229467063 1284621233662767
1284621228209112 1284621228741249 1284621234919725 1284621239111685 1284621233663340 1284621234209955 1284621239176761 1284621243398682

1284326954850300 1284326955241107 1284326957154474 1284326961384480 1284326955241134 1284326955838455 1284326962542045 1284326966789235
1284326961384621 1284326961802770 1284326968055490 1284326972258610 1284326966789523 1284326967276135 1284326973509988 1284326977730415
1284326972258631 1284326972723517 1284326979016797 1284326983247400 1284326977730703 1284326978248308 1284326984495463 1284326988727527
1284326983247421 1284326983742595 1284326990008758 1284326994208557 1284326988727764 1284326989227006 1284326995466190 1284326999674503
1284326994208593 1284326994765498 1284327000929763 1284327005102457 1284326999674764 1284327000181056 1284327006372975 1284327010556499
1284327005102478 1284327005653644 1284327011805615 1284327015988248 1284327010556790 1284327011096175 1284327017189718 1284327021363705
1284327015988269 1284327016491624 1284327022670634 1284327026869341 1284327021363957 1284327021882153 1284327028085649 1284327032298138
1284327026869362 1284327027373911 1284327033535377 1284327037745196 1284327032298387 1284327032825349 1284327038973138 1284327043176240
1284327037745232 1284327038267778 1284327044412435 1284327048611235 1284327043176477 1284327043658511 1284327048701400 1284327052885482

1311536149217013 1311536149610340 1311536151273486 1311536155509687 1311536149610358 1311536150196798 1311536156709231 1311536160964830
1311536155509996 1311536155880004 1311536162198538 1311536166421191 1311536160965067 1311536161403013 1311536167649910 1311536171880339
1311536166421443 1311536166826482 1311536173124391 1311536177329932 1311536171880597 1311536172287430 1311536178583536 1311536182801161
1311536177330196 1311536177739390 1311536184049539 1311536188223064 1311536182801380 1311536183209413 1311536189472504 1311536193653010
1311536188223085 1311536188625766 1311536194866267 1311536199037644 1311536193653244 1311536194059813 1311536200293273 1311536204466405
1311536199037665 1311536199447444 1311536205718875 1311536209903665 1311536204466822 1311536204867919 1311536211151248 1311536215337484
1311536209903686 1311536210314878 1311536216609424 1311536220800826 1311536215337811 1311536215769901 1311536222071029 1311536226249546
1311536220800847 1311536221219263 1311536227517181 1311536231694681 1311536226250002 1311536226680187 1311536232953154 1311536237138370
1311536231694702 1311536232124326 1311536238374589 1311536242557522 1311536237138826 1311536237566029 1311536242929924 1311536247112893

1284331565235648 1284331565623512 1284331567283775 1284331571525451 1284331565623533 1284331566206043 1284331572707991 1284331576953066
1284331571525517 1284331571905668 1284331578348717 1284331582584774 1284331576953309 1284331577490249 1284331583834394 1284331588072839
1284331582584867 1284331583009475 1284331589305719 1284331593488880 1284331588073262 1284331588500759 1284331594735047 1284331598930544
1284331593488916 1284331593911628 1284331600190352 1284331604364588 1284331598930790 1284331599373212 1284331605605607 1284331609773564
1284331604364624 1284331604784048 1284331611032898 1284331615201557 1284331609773804 1284331610211690 1284331616411787 1284331620589374
1284331615201578 1284331615607865 1284331621842324 1284331626020547 1284331620589644 1284331621012890 1284331627233432 1284331631412204
1284331626020583 1284331626440379 1284331632663606 1284331636836891 1284331631412225 1284331631828397 1284331638043965 1284331642225599
1284331636836912 1284331637251062 1284331643472144 1284331647653349 1284331642225884 1284331642658643 1284331648863906 1284331653038385
1284331647653370 1284331648062468 1284331654288164 1284331658481411 1284331653038661 1284331653469101 1284331658864844 1284331663060581

1284335438494197 1284335438891766 1284335440530126 1284335444793663 1284335438891787 1284335439486540 1284335445985344 1284335450258073
1284335444793699 1284335445097515 1284335451649173 1284335455901622 1284335450258943 1284335450667456 1284335457150909 1284335461396845
1284335455901643 1284335456281230 1284335462595255 1284335466814875 1284335461397403 1284335461765650 1284335468116443 1284335472343491
1284335466814911 1284335467152267 1284335473554876 1284335477759130 1284335472344187 1284335472743808 1284335479020810 1284335483216538
1284335477759151 1284335478160626 1284335484448752 1284335488664406 1284335483217297 1284335483652345 1284335489918862 1284335494106637
1284335488664427 1284335489113623 1284335495334297 1284335499542334 1284335494107414 1284335494538652 1284335500771257 1284335504974029
1284335499542370 1284335499984015 1284335506206501 1284335510410071 1284335504974779 1284335505404997 1284335511636105 1284335515836768
1284335510410092 1284335510847591 1284335517087444 1284335521286298 1284335515837545 1284335516284857 1284335522512263 1284335526697347
1284335521286334 1284335521719537 1284335527959429 1284335532157974 1284335526698121 1284335527149174 1284335532474126 1284335536667325

1284330550148535 1284330550544463 1284330552289905 1284330556528647 1284330550544493 1284330551142834 1284330557796900 1284330562042461
1284330556528695 1284330556821084 1284330563361297 1284330567572727 1284330562043100 1284330562454298 1284330568814853 1284330573056202
1284330567573459 1284330567914703 1284330574309149 1284330578506446 1284330573056829 1284330573399234 1284330579728649 1284330583933470
1284330578506506 1284330578920632 1284330585151929 1284330589357062 1284330583934262 1284330584283603 1284330590593884 1284330594793644
1284330589357083 1284330589728438 1284330596025630 1284330600248241 1284330594794658 1284330595180674 1284330601371435 1284330605575644
1284330600248262 1284330600619959 1284330606822348 1284330610999452 1284330605576355 1284330605967420 1284330612209229 1284330616397448
1284330610999473 1284330611389140 1284330617638110 1284330621817821 1284330616398336 1284330616794843 1284330623052891 1284330627250692
1284330621817857 1284330622213266 1284330628499751 1284330632683680 1284330627251382 1284330627639984 1284330633926391 1284330638114256
1284330632683701 1284330633080997 1284330639305259 1284330643511247 1284330638115063 1284330638497605 1284330643905777 1284330648111549
