16 3140
1292055070254363 1292055070267443 1292055091451865 1292055464659308 1292055464659329 1292055464925756 1292055485489532 1292055860331603
1292055860332620 1292055860390457 1292055944372388 1292056318996872 1292056318996893 1292056319046453 1292056413491118 1292056788987135
1292056788988488 1292056789029492 1292056887210447 1292057260123866 1292057260123887 1292057260161627 1292057358037929 1292057732493954
1292057732494914 1292057732526750 1292057827754841 1292058200763684 1292058200763705 1292058200819802 1292058295515750 1292058667710006
1292058667712103 1292058667766277 1292058765510528 1292059141932639 1292059141932681 1292059141990158 1292059236785628 1292059611669291
1292059611671409 1292059611725049 1292059706495712 1292060129495343 1292060129495364 1292060129552727 1292060256794676 1292060679272733
1292060679274767 1292060679328461 1292060714741973 1292061168848877 1292061168848898 1292061168901782 1292061192013365 1292061644996655
1292061644998590 1292061645051678 1292061666605757 1292062121399499 1292062121399538 1292062121456976 1292062141416048 1292062597220394
1292062597222404 1292062597278996 1292062618171068 1292063072321169 1292063072321202 1292063072374410 1292063094237561 1292063546985696

147113051855763 147113051868810 147113072014731 147113443616805 147113443616826 147113443931646 147113467809261 147113840909310
147113840910360 147113840941434 147113863413945 147114235930752 147114235930782 147114235985406 147114318197154 147114690910845
147114690912669 147114690964749 147114784274646 147115157365842 147115157365911 147115157398632 147115258903212 147115630597749
147115630598706 147115630634748 147115724469213 147116097600927 147116097600969 147116097632979 147116198643411 147116570244510
147116570245431 147116570282922 147116665875852 147117039497352 147117039497595 147117039554646 147117139234446 147117512433264
147117512435022 147117512488803 147117607322823 147118020277344 147118020277365 147118020333420 147118139874015 147118554190569
147118554192363 147118554246294 147118692819543 147119142934818 147119142934839 147119142988920 147119171188326 147119623336326
147119623337883 147119623391367 147119645069190 147120098058141 147120098058177 147120098114781 147120123015402 147120576657696
147120576659526 147120576712329 147120597277755 147121051144074 147121051144095 147121051176819 147121075389180 147121527655149

1286223364225917 1286223364238004 1286223385571730 1286223757243911 1286223757243932 1286223757573071 1286223778977867 1286224152074937
1286224152076434 1286224152114003 1286224240957692 1286224614272235 1286224614272439 1286224614333999 1286224711233861 1286225084583648
1286225084585562 1286225084643528 1286225181853269 1286225554896666 1286225554896687 1286225554957743 1286225650469442 1286226023534109
1286226023536035 1286226023592036 1286226120965511 1286226492789540 1286226492789561 1286226492828414 1286226592305594 1286226965484888
1286226965485896 1286226965523522 1286227061899380 1286227434074397 1286227434074439 1286227434136395 1286227532524857 1286227905957234
1286227905959088 1286227906018107 1286228000780460 1286228439469836 1286228439469863 1286228439533835 1286228539325640 1286228978094327
1286228978096163 1286228978155221 1286229001832520 1286229455038410 1286229455038650 1286229455077479 1286229480540078 1286229933051762
1286229933052758 1286229933089541 1286229955768590 1286230412323491 1286230412323527 1286230412382219 1286230434392490 1286230889421255
1286230889423112 1286230889478270 1286230909642326 1286231362972536 1286231362972557 1286231363013366 1286231388451626 1286231840542227

1286233443106452 1286233443119514 1286233464452364 1286233836293316 1286233836293337 1286233836647856 1286233925421939 1286234298694311
1286234298695829 1286234298730188 1286234400341145 1286234772956058 1286234772956079 1286234772995355 1286234874434052 1286235248424360
1286235248425743 1286235248460045 1286235342908004 1286235714653727 1286235714653748 1286235714692709 1286235805927407 1286236179226908
1286236179228288 1286236179263391 1286236282051518 1286236653711282 1286236653711303 1286236653749088 1286236755009732 1286237128154097
1286237128155459 1286237128190769 1286237223728217 1286237596151670 1286237596151691 1286237596211829 1286237693844696 1286238066611064
1286238066613155 1286238066670119 1286238163124421 1286238601798203 1286238601798224 1286238601857126 1286238625535643 1286239064777493
1286239064779578 1286239064837367 1286239082619468 1286239535453169 1286239535453190 1286239535492121 1286239560477912 1286240014833048
1286240014834437 1286240014870359 1286240034701262 1286240488118916 1286240488118937 1286240488178577 1286240512029150 1286240967594279
1286240967596856 1286240967656541 1286240990890038 1286241444154785 1286241444154806 1286241444234636 1286241467390322 1286241920795067

1286234016325062 1286234016338169 1286234036203602 1286234408049543 1286234408049564 1286234408397117 1286234431421112 1286234804896266
1286234804897112 1286234804942214 1286234827553445 1286235199396920 1286235199396971 1286235199430895 1286235276857337 1286235650029662
1286235650030571 1286235650098878 1286235747422940 1286236119834174 1286236119834195 1286236119901485 1286236219661214 1286236593436773
1286236593438384 1286236593491247 1286236690468158 1286237062112448 1286237062112478 1286237062145979 1286237158614480 1286237531723997
1286237531724891 1286237531768142 1286237631130563 1286238002916567 1286238002916744 1286238002949714 1286238097578003 1286238470762988
1286238470763909 1286238470807109 1286238571693488 1286239010630715 1286239010630745 1286239010689938 1286239097269605 1286239537028784
1286239537030650 1286239537088748 1286239640065548 1286240094042339 1286240094042360 1286240094085044 1286240133553836 1286240585798130
1286240585799801 1286240585831187 1286240614990404 1286241067302537 1286241067302558 1286241067360557 1286241087560256 1286241541264056
1286241541265880 1286241541323438 1286241564296508 1286242019547198 1286242019547219 1286242019605692 1286242039665642 1286242492047789

1286229194187015 1286229194199747 1286229214433667 1286229586383210 1286229586383231 1286229586723884 1286229609951771 1286229983494422
1286229983495442 1286229983555916 1286230005867726 1286230377473574 1286230377473595 1286230377506610 1286230393266216 1286230766574264
1286230766575266 1286230766613639 1286230843370652 1286231216200020 1286231216200041 1286231216254650 1286231316490356 1286231689477308
1286231689479117 1286231689534647 1286231786622480 1286232160388028 1286232160388058 1286232160425903 1286232258184512 1286232629933574
1286232629934864 1286232629969124 1286232726666486 1286233100008731 1286233100008908 1286233100048970 1286233198781238 1286233570853151
1286233570854513 1286233570889445 1286233664407584 1286234103921687 1286234103921714 1286234103978651 1286234197205481 1286234637673494
1286234637675249 1286234637733506 1286234729138397 1286235183266916 1286235183266937 1286235183305661 1286235296196516 1286235748463742
1286235748465134 1286235748499199 1286235779693805 1286236229928501 1286236229928522 1286236229987130 1286236256999937 1286236707819882
1286236707821724 1286236707878190 1286236739356263 1286237191998114 1286237191998135 1286237192055186 1286237217298290 1286237670145713

1286232730277178 1286232730287822 1286232749708472 1286233123037859 1286233123037880 1286233123366119 1286233145472417 1286233517512698
1286233517513808 1286233517551083 1286233541958036 1286233915036269 1286233915036290 1286233915074651 1286233993184466 1286234364831846
1286234364832986 1286234364867201 1286234462537880 1286234836006143 1286234836006167 1286234836064217 1286234935733436 1286235308947206
1286235308949078 1286235309003477 1286235403045179 1286235775180416 1286235775180596 1286235775216104 1286235873428286 1286236246758552
1286236246759638 1286236246795002 1286236343248920 1286236715888442 1286236715888484 1286236715945940 1286236814645502 1286237186775078
1286237186776506 1286237186831652 1286237283877392 1286237704840257 1286237704840299 1286237704899582 1286237820068955 1286238240283134
1286238240284946 1286238240340272 1286238359607312 1286238811554111 1286238811554132 1286238811613166 1286238840939255 1286239293137583
1286239293139413 1286239293193968 1286239317061362 1286239769560893 1286239769560914 1286239769597214 1286239799747601 1286240253365058
1286240253366105 1286240253401445 1286240274970800 1286240727392001 1286240727392022 1286240727449664 1286240752251621 1286241205316772

147112693338786 147112693350345 147112712809701 147113084468610 147113084468646 147113084791161 147113107066620 147113480259603
147113480261418 147113480295405 147113568978099 147113940214077 147113940214275 147113940292143 147114039819162 147114412184010
147114412185969 147114412240611 147114512099595 147114885166773 147114885166947 147114885202161 147114980720499 147115352608962
147115352610129 147115352645751 147115447275819 147115820381109 147115820381130 147115820416041 147115920163554 147116292017412
147116292018723 147116292057099 147116391024015 147116763984033 147116763984054 147116764040847 147116862163818 147117234100263
147117234102837 147117234155988 147117329313333 147117762080661 147117762080682 147117762137079 147117869954223 147118303407924
147118303410018 147118303462809 147118331730507 147118785850005 147118785850041 147118785907947 147118809455823 147119261643147
147119261645199 147119261698524 147119283533802 147119736649683 147119736649704 147119736684993 147119763533004 147120215334351
147120215335548 147120215372148 147120237685221 147120691592319 147120691592340 147120691628268 147120716656926 147121168864965

147105543240357 147105543253197 147105564179538 147105936796146 147105936796194 147105937185648 147105960201879 147106333585215
147106333586607 147106333643463 147106419247575 147106791716721 147106791716931 147106791774159 147106890481290 147107261551473
147107261553357 147107261609730 147107360011335 147107731854861 147107731855074 147107731891428 147107830238361 147108203398431
147108203399439 147108203436831 147108301486743 147108673048611 147108673048632 147108673083309 147108771821145 147109144714203
147109144715217 147109144753572 147109239481095 147109611976314 147109611976335 147109612012275 147109711889355 147110084933778
147110084935083 147110084973732 147110178468084 147110611743897 147110611743933 147110611802247 147110720365266 147111153489300
147111153490956 147111153545973 147111190203966 147111645809556 147111645809577 147111645868590 147111667542486 147112123121280
147112123122744 147112123178994 147112142436630 147112594951413 147112594951434 147112594987290 147112615802154 147113069653671
147113069654745 147113069693121 147113090020524 147113541640287 147113541640512 147113541676599 147113566233132 147114019527948

1285743408810453 1285743408821682 1285743429191571 1285743801018321 1285743801018363 1285743801352809 1285743824568117 1285744197703602
1285744197704952 1285744197743217 1285744218892620 1285744590617088 1285744590617109 1285744590651009 1285744674349929 1285745047434732
1285745047436061 1285745047473276 1285745141840139 1285745514012189 1285745514012225 1285745514068838 1285745615762922 1285745989355892
1285745989357647 1285745989412133 1285746081782562 1285746454573743 1285746454573944 1285746454632342 1285746553992951 1285746926978733
1285746926980578 1285746927035013 1285747023343701 1285747396407342 1285747396407540 1285747396444314 1285747495121790 1285747866780411
1285747866782253 1285747866831198 1285747963900842 1285748404415007 1285748404415028 1285748404454052 1285748499493722 1285748938322598
1285748938323699 1285748938358682 1285749043561080 1285749492818085 1285749492818106 1285749492854490 1285749527252010 1285749979823565
1285749979824663 1285749979861380 1285750005714372 1285750457843340 1285750457843364 1285750457877732 1285750481033127 1285750934795016
1285750934796396 1285750934833974 1285750955645871 1285751406702912 1285751406702933 1285751406761775 1285751428649283 1285751881147248

1285732979020938 1285732979032806 1285732998532689 1285733372370051 1285733372370072 1285733372729925 1285733394204567 1285733766663924
1285733766665271 1285733766702987 1285733854263042 1285734227863716 1285734227863734 1285734227904960 1285734327131715 1285734698761320
1285734698762463 1285734698796300 1285734797134134 1285735170276231 1285735170276252 1285735170311994 1285735266855969 1285735638778545
1285735638779670 1285735638812727 1285735736458125 1285736109626499 1285736109626520 1285736109663327 1285736208245334 1285736579980164
1285736579981190 1285736580015864 1285736675613414 1285737048530592 1285737048530622 1285737048568383 1285737147222651 1285737519231381
1285737519232530 1285737519265164 1285737617934984 1285738056841704 1285738056841746 1285738056896862 1285738156682697 1285738595235069
1285738595237013 1285738595289651 1285738618633173 1285739070236673 1285739070236697 1285739070273360 1285739096018214 1285739546077305
1285739546078505 1285739546112942 1285739568189930 1285740023009232 1285740023009253 1285740023066898 1285740047250756 1285740500841906
1285740500843691 1285740500898009 1285740521757603 1285740973622274 1285740973622295 1285740973681023 1285740997106130 1285741449317781

1285438790449470 1285438790461791 1285438810585638 1285439182904820 1285439182904841 1285439183257938 1285439279132010 1285439653077396
1285439653078461 1285439653116330 1285439750036796 1285440123168834 1285440123168864 1285440123225963 1285440222861402 1285440596118021
1285440596119902 1285440596175825 1285440691384683 1285441064343867 1285441064343888 1285441064374986 1285441160373663 1285441531925025
1285441531926084 1285441531963161 1285441631613480 1285442004958137 1285442004958158 1285442004988671 1285442102793483 1285442474590479
1285442474591544 1285442474631162 1285442572143879 1285442944412370 1285442944412412 1285442944469811 1285443042141315 1285443414301698
1285443414303552 1285443414359472 1285443512036544 1285443950924331 1285443950924352 1285443950982678 1285443973894791 1285444412586477
1285444412587752 1285444412644047 1285444430081295 1285444883204601 1285444883204622 1285444883261154 1285444911508962 1285445363977308
1285445363979261 1285445364034692 1285445389383519 1285445842477557 1285445842477578 1285445842535544 1285445860611846 1285446314137608
1285446314139465 1285446314196921 1285446335903121 1285446788483604 1285446788483625 1285446788514987 1285446812929149 1285447263788385

1312647987736650 1312647987748995 1312648008733293 1312648382914638 1312648382914659 1312648383245298 1312648479089751 1312648851495525
1312648851497130 1312648851535467 1312648947864891 1312649321178966 1312649321178993 1312649321237409 1312649417662398 1312649789677785
1312649789679447 1312649789735370 1312649888877471 1312650260436795 1312650260436816 1312650260471133 1312650359558769 1312650732761694
1312650732762696 1312650732797814 1312650829459746 1312651201293783 1312651201293804 1312651201326558 1312651297322643 1312651670843496
1312651670844519 1312651670878998 1312651769638776 1312652142922188 1312652142922209 1312652142978033 1312652236957407 1312652609794656
1312652609796525 1312652609850381 1312652709941967 1312653155487816 1312653155487858 1312653155546088 1312653174300150 1312653619017957
1312653619019934 1312653619074081 1312653636345543 1312654089665271 1312654089665289 1312654089701646 1312654112141754 1312654564199436
1312654564201065 1312654564234551 1312654587028308 1312655038826637 1312655038826841 1312655038884855 1312655060400108 1312655512182468
1312655512184331 1312655512237620 1312655534625792 1312655988377844 1312655988377865 1312655988433689 1312656010015167 1312656463924659

1285443404771349 1285443404783283 1285443425768967 1285443799290837 1285443799290858 1285443799628907 1285443821115348 1285444193216265
1285444193218053 1285444193263527 1285444281988122 1285444655406741 1285444655406762 1285444655443752 1285444754715963 1285445126774430
1285445126775372 1285445126811006 1285445221688325 1285445592715821 1285445592715857 1285445592773484 1285445692379139 1285446064486689
1285446064488633 1285446064544208 1285446163128513 1285446534657435 1285446534657459 1285446534694293 1285446632904102 1285447005977109
1285447005978657 1285447006013619 1285447101998607 1285447473703074 1285447473703110 1285447473738465 1285447574609214 1285447947861048
1285447947862122 1285447947897555 1285448043188580 1285448484973878 1285448484973899 1285448485031487 1285448589601641 1285449030414789
1285449030416757 1285449030471864 1285449053007045 1285449503196612 1285449503196633 1285449503254302 1285449528242397 1285449979596270
1285449979598058 1285449979653771 1285450001979651 1285450454842551 1285450454842587 1285450454880099 1285450477050141 1285450928447421
1285450928448438 1285450928483865 1285450949257863 1285451401249452 1285451401249656 1285451401307910 1285451427058053 1285451878972443

1285447281315579 1285447281327345 1285447301618580 1285447675191018 1285447675191054 1285447675528668 1285447772937519 1285448144890890
1285448144891820 1285448144929806 1285448241637512 1285448614877004 1285448614877025 1285448614910478 1285448713889634 1285449085543866
1285449085544739 1285449085582998 1285449182120937 1285449553882290 1285449553882506 1285449553938174 1285449653405361 1285450026333378
1285450026335301 1285450026389811 1285450123239369 1285450494106305 1285450494106338 1285450494143457 1285450593156237 1285450965633768
1285450965635283 1285450965668073 1285451063039526 1285451435520408 1285451435520624 1285451435574786 1285451533197051 1285451906792607
1285451906794506 1285451906848962 1285452003706680 1285452423056733 1285452423056763 1285452423111441 1285452439985502 1285452860070816
1285452860072760 1285452860127102 1285452919877721 1285453373663499 1285453373663520 1285453373696952 1285453399589757 1285453851163710
1285453851164859 1285453851203709 1285453873350621 1285454322749646 1285454322749856 1285454322805833 1285454351212791 1285454802234987
1285454802236943 1285454802291249 1285454823464463 1285455278253549 1285455278253585 1285455278311380 1285455305299779 1285455759859281

1285442392281396 1285442392300554 1285442412966849 1285442866628376 1285442866628397 1285442866972581 1285442883909126 1285443336389406
1285443336391206 1285443336443880 1285443352602594 1285443806561157 1285443806561217 1285443806591460 1285443824854452 1285444277051172
1285444277052420 1285444277091837 1285444293429972 1285444747670415 1285444747670517 1285444747721397 1285444764375204 1285445217978654
1285445217980472 1285445218030509 1285445234203479 1285445686439007 1285445686439055 1285445686478055 1285445704646475 1285446157975806
1285446157976769 1285446158004570 1285446174198123 1285446626000571 1285446626000592 1285446626040114 1285446644158896 1285447098259842
1285447098260709 1285447098288927 1285447114667958 1285447520507259 1285447520507295 1285447520558337 1285447578388773 1285447985610597
1285447985612388 1285447985665713 1285448040912231 1285448413052718 1285448413052739 1285448413092306 1285448506614402 1285448880027702
1285448880028626 1285448880057792 1285448984397912 1285449357023658 1285449357023679 1285449357075402 1285449461696187 1285449835540728
1285449835542585 1285449835592934 1285449933739542 1285450306400313 1285450306400343 1285450306453164 1285450413651429 1285450787671800
