This is pdfeTeX, Version 3.141592-1.21a-2.2 (Web2C 7.5.4) (format=pdflatex 2007.12.5)  9 MAR 2008 18:50
entering extended mode
**chapter
(./chapter.tex
LaTeX2e <2003/12/01>
Babel <v3.8d> and hyphenation patterns for american, french, german, ngerman, b
ahasa, basque, bulgarian, catalan, croatian, czech, danish, dutch, esperanto, e
stonian, finnish, greek, icelandic, irish, italian, latin, magyar, norsk, polis
h, portuges, romanian, russian, serbian, slovak, slovene, spanish, swedish, tur
kish, ukrainian, nohyphenation, loaded.
(/sw/share/texmf-dist/tex/latex/ntgclass/artikel3.cls
Document Class: artikel3 2004/06/07 v2.1a NTG LaTeX document class
(/sw/share/texmf-dist/tex/latex/ntgclass/ntg10.clo
File: ntg10.clo 2004/06/07 v2.1a NTG LaTeX file (size option)
)
\unitindent=\dimen102
\othermargin=\dimen103
\c@part=\count79
\c@section=\count80
\c@subsection=\count81
\c@subsubsection=\count82
\c@paragraph=\count83
\c@subparagraph=\count84
\c@figure=\count85
\c@table=\count86
\abovecaptionskip=\skip41
\belowcaptionskip=\skip42
LaTeX Info: Redefining \em on input line 745.
\bibindent=\dimen104
)
(/sw/share/texmf-dist/tex/latex/base/fleqn.sty

LaTeX Warning: inputting `fleqn.clo' instead of obsolete `fleqn.sty'.

(/sw/share/texmf-dist/tex/latex/base/fleqn.clo
File: fleqn.clo 1998/08/17 v1.1c Standard LaTeX option (flush left equations)
\mathindent=\dimen105
))
(/sw/share/texmf-dist/tex/latex/tools/verbatim.sty
Package: verbatim 2003/08/22 v1.5q LaTeX2e package for verbatim enhancements
\every@verbatim=\toks14
\verbatim@line=\toks15
\verbatim@in@stream=\read1
) (./comment.sty
\CommentStream=\write3

Excluding comment 'comment') (/Users/victor/Software/TeX/macros/outliner.sty
\c@leveldepth=\count87
\c@baselevel=\count88
\c@aimlevel=\count89
\c@pagebreaklevel=\count90
)
(/sw/share/texmf-dist/tex/latex/psnfss/times.sty
Package: times 2004/09/15 PSNFSS-v9.2 (SPQR) 
)
(/sw/share/texmf-dist/tex/latex/tools/multicol.sty
Package: multicol 2004/02/14 v1.6e multicolumn formatting (FMi)
\c@tracingmulticols=\count91
\mult@box=\box26
\multicol@leftmargin=\dimen106
\c@unbalance=\count92
\c@collectmore=\count93
\doublecol@number=\count94
\multicoltolerance=\count95
\multicolpretolerance=\count96
\full@width=\dimen107
\page@free=\dimen108
\premulticols=\dimen109
\postmulticols=\dimen110
\multicolsep=\skip43
\multicolbaselineskip=\skip44
\partial@page=\box27
\last@line=\box28
\mult@rightbox=\box29
\mult@grightbox=\box30
\mult@gfirstbox=\box31
\mult@firstbox=\box32
\@tempa=\box33
\@tempa=\box34
\@tempa=\box35
\@tempa=\box36
\@tempa=\box37
\@tempa=\box38
\@tempa=\box39
\@tempa=\box40
\@tempa=\box41
\@tempa=\box42
\@tempa=\box43
\@tempa=\box44
\@tempa=\box45
\@tempa=\box46
\@tempa=\box47
\@tempa=\box48
\@tempa=\box49
\c@columnbadness=\count97
\c@finalcolumnbadness=\count98
\last@try=\dimen111
\multicolovershoot=\dimen112
\multicolundershoot=\dimen113
\mult@nat@firstbox=\box50
\colbreak@box=\box51
)
(/sw/share/texmf-dist/tex/latex/graphics/graphicx.sty
Package: graphicx 1999/02/16 v1.0f Enhanced LaTeX Graphics (DPC,SPQR)

(/sw/share/texmf-dist/tex/latex/graphics/keyval.sty
Package: keyval 1999/03/16 v1.13 key=value parser (DPC)
\KV@toks@=\toks16
)
(/sw/share/texmf-dist/tex/latex/graphics/graphics.sty
Package: graphics 2001/07/07 v1.0n Standard LaTeX Graphics (DPC,SPQR)

(/sw/share/texmf-dist/tex/latex/graphics/trig.sty
Package: trig 1999/03/16 v1.09 sin cos tan (DPC)
)
(/sw/share/texmf-dist/tex/latex/graphics/graphics.cfg
File: graphics.cfg 2005/02/03 v1.3 graphics configuration of teTeX/TeXLive
)
Package graphics Info: Driver file: pdftex.def on input line 80.

(/sw/share/texmf-dist/tex/latex/graphics/pdftex.def
File: pdftex.def 2002/06/19 v0.03k graphics/color for pdftex
\Gread@gobject=\count99
))
\Gin@req@height=\dimen114
\Gin@req@width=\dimen115
)
(/sw/share/texmf-dist/tex/latex/eepic/epic.sty
Enhancements to Picture Environment. Version 1.2 - Released June 1, 1986
\@@multicnt=\count100
\d@lta=\count101
\@delta=\dimen116
\@@delta=\dimen117
\@gridcnt=\count102
\@joinkind=\count103
\@dotgap=\dimen118
\@ddotgap=\dimen119
\@x@diff=\count104
\@y@diff=\count105
\x@diff=\dimen120
\y@diff=\dimen121
\@dotbox=\box52
\num@segments=\count106
\num@segmentsi=\count107
\@datafile=\read2
) (/sw/share/texmf-dist/tex/latex/amsfonts/amssymb.sty
Package: amssymb 2002/01/22 v2.2d

(/sw/share/texmf-dist/tex/latex/amsfonts/amsfonts.sty
Package: amsfonts 2001/10/25 v2.2f
\@emptytoks=\toks17
\symAMSa=\mathgroup4
\symAMSb=\mathgroup5
LaTeX Font Info:    Overwriting math alphabet `\mathfrak' in version `bold'
(Font)                  U/euf/m/n --> U/euf/b/n on input line 132.
))
(/Users/victor/Software/TeX/LaTeX/qtree.sty
Package: 2002/11/05 v.2.21 Qtree: tree-drawing for linguistics
Package: qtree 2002/11/05 v.2.21 Qtree: tree-drawing for linguistics
\c@treecount=\count108
\c@branchcount=\count109
\parentbox=\box53
\treebox=\box54
\treeboxone=\box55
\treeboxtwo=\box56
\treeboxthree=\box57
\treeboxfour=\box58
\treeboxfive=\box59
\treeboxsix=\box60
\treeboxseven=\box61
\treeboxeight=\box62
\treeboxnine=\box63
\treeboxten=\box64
\treeboxeleven=\box65
\treeboxtwelve=\box66
\treeboxthirteen=\box67
\treeboxfourteen=\box68
\treeboxfifteen=\box69
\treeboxsixteen=\box70
\treeboxseventeen=\box71
\treeboxeighteen=\box72
\treeboxnineteen=\box73
\treeboxtwenty=\box74
\treeoffsetone=\skip45
\treeoffsettwo=\skip46
\treeoffsetthree=\skip47
\treeoffsetfour=\skip48
\treeoffsetfive=\skip49
\treeoffsetsix=\skip50
\treeoffsetseven=\skip51
\treeoffseteight=\skip52
\treeoffsetnine=\skip53
\treeoffsetten=\skip54
\treeoffseteleven=\skip55
\treeoffsettwelve=\skip56
\treeoffsetthirteen=\skip57
\treeoffsetfourteen=\skip58
\treeoffsetfifteen=\skip59
\treeoffsetsixteen=\skip60
\treeoffsetseventeen=\skip61
\treeoffseteighteen=\skip62
\treeoffsetnineteen=\skip63
\treeoffsettwenty=\skip64
\treeshiftone=\skip65
\treeshifttwo=\skip66
\treeshiftthree=\skip67
\treeshiftfour=\skip68
\treeshiftfive=\skip69
\treeshiftsix=\skip70
\treeshiftseven=\skip71
\treeshifteight=\skip72
\treeshiftnine=\skip73
\treeshiftten=\skip74
\treeshifteleven=\skip75
\treeshifttwelve=\skip76
\treeshiftthirteen=\skip77
\treeshiftfourteen=\skip78
\treeshiftfifteen=\skip79
\treeshiftsixteen=\skip80
\treeshiftseventeen=\skip81
\treeshifteighteen=\skip82
\treeshiftnineteen=\skip83
\treeshifttwenty=\skip84
\treewidthone=\skip85
\treewidthtwo=\skip86
\treewidththree=\skip87
\treewidthfour=\skip88
\treewidthfive=\skip89
\treewidthsix=\skip90
\treewidthseven=\skip91
\treewidtheight=\skip92
\treewidthnine=\skip93
\treewidthten=\skip94
\treewidtheleven=\skip95
\treewidthtwelve=\skip96
\treewidththirteen=\skip97
\treewidthfourteen=\skip98
\treewidthfifteen=\skip99
\treewidthsixteen=\skip100
\treewidthseventeen=\skip101
\treewidtheighteen=\skip102
\treewidthnineteen=\skip103
\treewidthtwenty=\skip104
\daughteroffsetone=\skip105
\daughteroffsettwo=\skip106
\daughteroffsetthree=\skip107
\daughteroffsetfour=\skip108
\branchwidthone=\skip109
\branchwidthtwo=\skip110
\branchwidththree=\skip111
\branchwidthfour=\skip112
\parentoffset=\skip113
\treeoffset=\skip114
\daughteroffset=\skip115
\branchwidth=\skip116
\parentwidth=\skip117
\treewidth=\skip118
\qbog=\dimen122
\qta=\toks18
\qtb=\toks19
\nbranches=\count110
\qroofx=\count111
\qroofy=\count112
\@qrscratchbox=\box75
) (/sw/share/texmf-dist/tex/latex/hyperref/hyperref.sty
Package: hyperref 2003/11/30 v6.74m Hypertext links for LaTeX
\@linkdim=\dimen123
\Hy@linkcounter=\count113
\Hy@pagecounter=\count114

(/sw/share/texmf-dist/tex/latex/hyperref/pd1enc.def
File: pd1enc.def 2003/11/30 v6.74m Hyperref: PDFDocEncoding definition (HO)
)
(/sw/share/texmf-dist/tex/latex/hyperref/hyperref.cfg
File: hyperref.cfg 2002/06/06 v1.2 hyperref configuration of TeXLive and teTeX
)
Package hyperref Info: Hyper figures OFF on input line 1880.
Package hyperref Info: Link nesting OFF on input line 1885.
Package hyperref Info: Hyper index ON on input line 1888.
Package hyperref Info: Plain pages ON on input line 1893.
Package hyperref Info: Backreferencing OFF on input line 1900.

Implicit mode ON; LaTeX internals redefined
Package hyperref Info: Bookmarks ON on input line 2004.
(/sw/share/texmf-dist/tex/latex/url/url.sty
\Urlmuskip=\muskip10
Package: url 2004/03/15  ver 3.1  Verb mode for urls, etc.
)
LaTeX Info: Redefining \url on input line 2143.
\Fld@menulength=\count115
\Field@Width=\dimen124
\Fld@charsize=\dimen125
\Choice@toks=\toks20
\Field@toks=\toks21
Package hyperref Info: Hyper figures OFF on input line 2618.
Package hyperref Info: Link nesting OFF on input line 2623.
Package hyperref Info: Hyper index ON on input line 2626.
Package hyperref Info: backreferencing OFF on input line 2633.
Package hyperref Info: Link coloring OFF on input line 2638.
\c@Item=\count116
\c@Hfootnote=\count117
)
*hyperref using driver hpdftex*
(/sw/share/texmf-dist/tex/latex/hyperref/hpdftex.def
File: hpdftex.def 2003/11/30 v6.74m Hyperref driver for pdfTeX

(/sw/share/texmf-dist/tex/latex/psnfss/pifont.sty
Package: pifont 2004/09/15 PSNFSS-v9.2 Pi font support (SPQR) 
LaTeX Font Info:    Try loading font information for U+pzd on input line 63.

(/sw/share/texmf-dist/tex/latex/psnfss/upzd.fd
File: upzd.fd 2001/06/04 font definitions for U/pzd.
)
LaTeX Font Info:    Try loading font information for U+psy on input line 64.

(/sw/share/texmf-dist/tex/latex/psnfss/upsy.fd
File: upsy.fd 2001/06/04 font definitions for U/psy.
))
\Fld@listcount=\count118
\@outlinefile=\write4
)
Excluding comment 'instructor' (../tex-course/lecture-notes/exmacs.tex
Excluding comment 'quiz'
\c@excounter=\count119
 General comment '594exercise'
General comment 'answer'
\nx=\read3
) Excluding comment '594exercise'
\c@theorem=\count120
\c@lemma=\count121

Excluding comment 'problem'
\c@chapter=\count122

\chaptername=encoding
No file chapter.aux.
\openout1 = `chapter.aux'.

LaTeX Font Info:    Checking defaults for OML/cmm/m/it on input line 33.
LaTeX Font Info:    ... okay on input line 33.
LaTeX Font Info:    Checking defaults for T1/cmr/m/n on input line 33.
LaTeX Font Info:    ... okay on input line 33.
LaTeX Font Info:    Checking defaults for OT1/cmr/m/n on input line 33.
LaTeX Font Info:    ... okay on input line 33.
LaTeX Font Info:    Checking defaults for OMS/cmsy/m/n on input line 33.
LaTeX Font Info:    ... okay on input line 33.
LaTeX Font Info:    Checking defaults for OMX/cmex/m/n on input line 33.
LaTeX Font Info:    ... okay on input line 33.
LaTeX Font Info:    Checking defaults for U/cmr/m/n on input line 33.
LaTeX Font Info:    ... okay on input line 33.
LaTeX Font Info:    Checking defaults for PD1/pdf/m/n on input line 33.
LaTeX Font Info:    ... okay on input line 33.
LaTeX Font Info:    Try loading font information for OT1+ptm on input line 33.
(/sw/share/texmf-dist/tex/latex/psnfss/ot1ptm.fd
File: ot1ptm.fd 2001/06/04 font definitions for OT1/ptm.
)
(/sw/share/texmf-dist/tex/context/base/supp-pdf.tex
(/sw/share/texmf-dist/tex/context/base/supp-mis.tex
loading : Context Support Macros / Miscellaneous (2004.10.26)
\protectiondepth=\count123
\scratchcounter=\count124
\scratchtoks=\toks22
\scratchdimen=\dimen126
\scratchskip=\skip119
\scratchmuskip=\muskip11
\scratchbox=\box76
\scratchread=\read4
\scratchwrite=\write5
\zeropoint=\dimen127
\onepoint=\dimen128
\onebasepoint=\dimen129
\minusone=\count125
\thousandpoint=\dimen130
\onerealpoint=\dimen131
\emptytoks=\toks23
\nextbox=\box77
\nextdepth=\dimen132
\everyline=\toks24
\!!counta=\count126
\!!countb=\count127
\recursecounter=\count128
)
loading : Context Support Macros / PDF (2004.03.26)
\nofMPsegments=\count129
\nofMParguments=\count130
\MPscratchCnt=\count131
\MPscratchDim=\dimen133
\MPnumerator=\count132
\everyMPtoPDFconversion=\toks25
)
Package hyperref Info: Link coloring OFF on input line 33.
 (/sw/share/texmf-dist/tex/latex/hyperref/nameref.sty
Package: nameref 2003/12/03 v2.21 Cross-referencing by name of section
\c@section@level=\count133
)
LaTeX Info: Redefining \ref on input line 33.
LaTeX Info: Redefining \pageref on input line 33.

(../tex-course/lecture-notes/chapter.out)
(../tex-course/lecture-notes/chapter.out)
\openout4 = `chapter.out'.

LaTeX Font Info:    Font shape `OT1/ptm/bx/n' in size <17.28> not available
(Font)              Font shape `OT1/ptm/b/n' tried instead on input line 39.

! Undefined control sequence.
\@title ->\chaptertitle 
                        
l.39 
     
? 
! Emergency stop.
\@title ->\chaptertitle 
                        
l.39 
     
End of file on the terminal!

 
Here is how much of TeX's memory you used:
 3498 strings out of 94500
 46457 string characters out of 1176114
 100080 words of memory out of 1500000
 6610 multiletter control sequences out of 10000+50000
 5863 words of font info for 19 fonts, out of 1200000 for 2000
 580 hyphenation exceptions out of 8191
 27i,1n,24p,219b,100s stack positions out of 5000i,500n,6000p,200000b,5000s
PDF statistics:
 170 PDF objects out of 65536
 41 named destinations out of 20000
 345 words of extra memory for PDF output out of 65536
No pages of output.
