16 3198
670484986701258 670484986759976 670484986949418 670485437927348 670485437927420 670485438066818 670485447869602 670485896055944
670485896057250 670485896152352 670486013433180 670486462046032 670486462046324 670486462151578 670486556225494 670487004485558
670487004486894 670487004626902 670487008043758 670487456306384 670487456306608 670487456441292 670487457740358 670487905369356
670487905371256 670487905514648 670487908912108 670488356930890 670488356930914 670488357060568 670488358408732 670488806015602
670488806016420 670488806115126 670488808817144 670489256618812 670489256619078 670489256759810 670489258464168 670489706243564
670489706245448 670489706404980 670489707489352 670490155513346 670490155513572 670490155613954 670490156494164 670490604733836
670490604735196 670490604854620 670490605802582 670491053331084 670491053331294 670491053446314 670491055457600 670491504230352
670491504231314 670491504343960 670491504688508 670491952384580 670491952384812 670491952480854 670491955278086 670492404276246
670492404277608 670492404410418 670492404538400 670492853095834 670492853096058 670492853204604 670492854039396 670493302030452

670481432494708 670481432576280 670481432784800 670481893354404 670481893354424 670481893505288 670482008161066 670482452669920
670482452675354 670482452795544 670482550609102 670482994883750 670482994883796 670482995005500 670483000144742 670483442295640
670483442301496 670483442436562 670483450441918 670483893840578 670483893840600 670483893958120 670483902239212 670484344024142
670484344029620 670484344138236 670484351299318 670484795103024 670484795103036 670484795245010 670484803448632 670485245851948
670485245861766 670485245980698 670485251918690 670485696152860 670485696152872 670485696288268 670485702840264 670486145167674
670486145173484 670486145284142 670486152186632 670486595799762 670486595799774 670486595918440 670486601389590 670487043470384
670487043473950 670487043597372 670487050628998 670487495076452 670487495076474 670487495200536 670487500199778 670487942801318
670487942810892 670487942928850 670487950128166 670488393777998 670488393778010 670488393918996 670488398946268 670488840758332
670488840764268 670488840875488 670488850187198 670489293816644 670489293816666 670489293936074 670489298974452 670489742072914

670476707497022 670476707563338 670476707772366 670477158882298 670477158882324 670477159040814 670477169017510 670477617765764
670477617770550 670477617879992 670477731354574 670478179204264 670478179204310 670478179348530 670478272199644 670478720064004
670478720068832 670478720186478 670478721061358 670479168508540 670479168508764 670479168626040 670479174391516 670479622425070
670479622429838 670479622563002 670479625976370 670480074226320 670480074226354 670480074342484 670480076469656 670480523728664
670480523733344 670480523837980 670480527419734 670480975196782 670480975197046 670480975372304 670480978250186 670481425518860
670481425529860 670481425677658 670481426410752 670481874731982 670481874732244 670481874839168 670481876482800 670482324178996
670482324188420 670482324338928 670482324522788 670482773763256 670482773763570 670482773879050 670482776163836 670483224712902
670483224722274 670483224834578 670483225095522 670483673799496 670483673799754 670483673939634 670483676027054 670484123549722
670484123550148 670484123655322 670484124308562 670484572290414 670484572290636 670484572404218 670484574008470 670485021728260

670485457891258 670485457955584 670485458136944 670485910676630 670485910676700 670485910839376 670485921593054 670486371993062
670486371998258 670486372154648 670486372286928 670486821900070 670486821903622 670486822070488 670486934890950 670487384356380
670487384363384 670487384549344 670487475965398 670487924458468 670487924458858 670487924627674 670487928076014 670488376054764
670488376058408 670488376219052 670488376914162 670488826575026 670488826575324 670488826728458 670488829205530 670489277499984
670489277507586 670489277640224 670489278591210 670489728354868 670489728358396 670489728488718 670489728621300 670490176518854
670490176524076 670490176656688 670490177632822 670490626562616 670490626562960 670490626693968 670490626849704 670491074659128
670491074664412 670491074783270 670491076058144 670491526247096 670491526250696 670491526405690 670491526533506 670491974342922
670491974346460 670491974462022 670491975712512 670492425688048 670492425691576 670492425824194 670492426368834 670492874409710
670492874414992 670492874547910 670492875626622 670493324095840 670493324099366 670493324216780 670493324393172 670493772481332

670479847097072 670479847163816 670479847361988 670480302146092 670480302146158 670480302310162 670480311041110 670480761188980
670480761195626 670480761322190 670480762341454 670481211218918 670481211222518 670481211396398 670481323066098 670481774313278
670481774320562 670481774515146 670481865097896 670482312007606 670482312011178 670482312170514 670482316924722 670482765870806
670482765878194 670482766057800 670482766202846 670483213953364 670483213953430 670483214084276 670483217505774 670483666834116
670483666840692 670483666970886 670483667110458 670484115880576 670484115884120 670484116057846 670484117201070 670484565650298
670484565658514 670484565855508 670484566858488 670485015198406 670485015201948 670485015328278 670485016070438 670485464390538
670485464395756 670485464530066 670485465309748 670485914697616 670485914701196 670485914840506 670485914966292 670486363340310
670486363345548 670486363469400 670486364808082 670486813989176 670486813992716 670486814136564 670486814610162 670487262706352
670487262711626 670487262834336 670487264828340 670487714085496 670487714085886 670487714224340 670487714353690 670488162351528

670479351363652 670479351451702 670479351615708 670479814980994 670479814981040 670479815141150 670479815273498 670480266327652
670480266332648 670480266458602 670480376364406 670480827043646 670480827043658 670480827175236 670480918352832 670481367616428
670481367622320 670481367784612 670481367914882 670481814989264 670481814992794 670481815169526 670481816874058 670482263364872
670482263371104 670482263544044 670482270363356 670482717196676 670482717200182 670482717334758 670482719743480 670483167151706
670483167157260 670483167288470 670483171285556 670483618804960 670483618808498 670483618960996 670483620369878 670484066995306
670484067000818 670484067118968 670484070159348 670484517505316 670484517508848 670484517641736 670484519625426 670484965973782
670484965978542 670484966113892 670484968849574 670485415586502 670485415586888 670485415711862 670485419147094 670485866406086
670485866411622 670485866540536 670485867785474 670486314857816 670486314861374 670486315014986 670486318436674 670486765693030
670486765698558 670486765818750 670486767145856 670487213898384 670487213901920 670487214021274 670487218519640 670487665004748

670477348793972 670477348859916 670477349072294 670477810063972 670477810063996 670477810236836 670477812792948 670478263980382
670478263986694 670478264115648 670478264244660 670478714975544 670478714975556 670478715125534 670478824782406 670479275791198
670479275797134 670479275937420 670479365382790 670479813361176 670479813364700 670479813519118 670479813657094 670480262843136
670480262850580 670480263027366 670480263944668 670480713091566 670480713091886 670480713211388 670480715742752 670481164565826
670481164571394 670481164701062 670481165220304 670481613574308 670481613577830 670481613710578 670481616766520 670482065444210
670482065449766 670482065576822 670482067083476 670482515670086 670482515673608 670482515793862 670482516239482 670482965291344
670482965299052 670482965443480 670482965741200 670483415210068 670483415213554 670483415334864 670483415481500 670483864522726
670483864530420 670483864659594 670483866351602 670484314598872 670484314602406 670484314734986 670484315329576 670484763731318
670484763739006 670484763862322 670484765075510 670485214057636 670485214061158 670485214176174 670485214322512 670485663973302

670477774780724 670477774846796 670477775032714 670478238185092 670478238185288 670478238359908 670478238507128 670478687137144
670478687143174 670478687280242 670478690159206 670479137179372 670479137179576 670479137291308 670479141122322 670479588610822
670479588619996 670479588763096 670479702215254 670480148072056 670480148072258 670480148219114 670480241588440 670480687334616
670480687340482 670480687485456 670480693825410 670481139899384 670481139899578 670481140020502 670481143668532 670481590491862
670481590498186 670481590622028 670481594709846 670482040832828 670482040833038 670482040985618 670482045458050 670482491173264
670482491183416 670482491355950 670482493619616 670482940028186 670482940028388 670482940135278 670482943628248 670483389599166
670483389603432 670483389708080 670483392281668 670483838779016 670483838779058 670483838913720 670483843343248 670484290275808
670484290280248 670484290401658 670484291391616 670484738724400 670484738724424 670484738864900 670484742869618 670485188654602
670485188658900 670485188763830 670485191476056 670485638265122 670485638265144 670485638381796 670485641975046 670486088080932

670477718861052 670477718919800 670477719139146 670478169071892 670478169072104 670478169289134 670478179106820 670478619363584
670478619373354 670478619535934 670478745516954 670479186695330 670479186695566 670479186855624 670479288346382 670479728386180
670479728392466 670479728573580 670479740150044 670480179038278 670480179038504 670480179188654 670480189838748 670480629312218
670480629322916 670480629480696 670480640996218 670481080795424 670481080795642 670481080942004 670481090521174 670481529483918
670481529487704 670481529599928 670481540946222 670481980799984 670481980800212 670481980969212 670481990561254 670482429038434
670482429046936 670482429203588 670482439548688 670482879728652 670482879728664 670482879842268 670482888578172 670483328646040
670483328655598 670483328773980 670483337871060 670483779071706 670483779071768 670483779215728 670483787553024 670484227224734
670484227234248 670484227339900 670484236792570 670484677487258 670484677487270 670484677631096 670484686819798 670485126189694
670485126194234 670485126298608 670485135884796 670485576266158 670485576266170 670485576395668 670485586088666 670486026184420

670476128537376 670476128619528 670476128829094 670476588399258 670476588399270 670476588603486 670476704168284 670477153253544
670477153259730 670477153405950 670477246663202 670477695267054 670477695267076 670477695401262 670477696213666 670478144271700
670478144276276 670478144411756 670478146244894 670478593810124 670478593810144 670478593924294 670478597463052 670479045470586
670479045476634 670479045591094 670479047131442 670479496659900 670479496659912 670479496809158 670479499507544 670479947596676
670479947602696 670479947721452 670479947974254 670480396250782 670480396250966 670480396411370 670480398892086 670480846216994
670480846223088 670480846386408 670480847505552 670481295061726 670481295061738 670481295178098 670481297310092 670481745750692
670481745756574 670481745881534 670481746038718 670482195111302 670482195111328 670482195235406 670482196242700 670482644674164
670482644680154 670482644799806 670482645283020 670483093232118 670483093232130 670483093374684 670483094895890 670483542352618
670483542357236 670483542466660 670483543277742 670483991611144 670483991611164 670483991739634 670483994312166 670484442940300

670474391513154 670474391569700 670474391813808 670474848575298 670474848575564 670474848738038 670474853060666 670475297974442
670475297983270 670475298105460 670475416581162 670475858224646 670475858224858 670475858356006 670475958554372 670476400214774
670476400223212 670476400337944 670476407551824 670476848700758 670476848700982 670476848849206 670476857080548 670477297755100
670477297761092 670477297922126 670477308890260 670477751862282 670477751862538 670477751977238 670477759951128 670478201480328
670478201491162 670478201610024 670478210874882 670478654262470 670478654262540 670478654405142 670478659582232 670479100949396
670479100953780 670479101058616 670479109538802 670479551483834 670479551483846 670479551597726 670479558613344 670479999637838
670479999642248 670479999772532 670480009052136 670480452423480 670480452423492 670480452549654 670480458410904 670480899521546
670480899525948 670480899631786 670480907958184 670481351052966 670481351052978 670481351195858 670481357545276 670481798803776
670481798808234 670481798916774 670481806691720 670482248721162 670482248721232 670482248841722 670482257001568 670482698804162

670482654726878 670482654809932 670482654991458 670483104199566 670483104199594 670483104347450 670483118389116 670483562713940
670483562720798 670483562856738 670483567298064 670484008460470 670484008460516 670484008597020 670484131697506 670484573659284
670484573665216 670484573825574 670484672761142 670485111957868 670485111961400 670485112127292 670485124888162 670485565585470
670485565585856 670485565747838 670485573721600 670486013297280 670486013297338 670486013442250 670486026013254 670486467019794
670486467027704 670486467166944 670486475394070 670486914806032 670486914809524 670486914985366 670486925002456 670487363973814
670487363980798 670487364176160 670487373648886 670487813665550 670487813669038 670487813799608 670487823108452 670488261733060
670488261736792 670488261856902 670488272293080 670488712089530 670488712093058 670488712289204 670488721834124 670489161659200
670489161666142 670489161847872 670489172548926 670489611795032 670489611795078 670489611918772 670489621370114 670490062086176
670490062092858 670490062244378 670490070945662 670490509597024 670490509597054 670490509721724 670490519628668 670490959709894

670478753149842 670478753208850 670478753434330 670479212938586 670479212942116 670479213158372 670479328846814 670479779587914
670479779595092 670479779738914 670479871383490 670480322451436 670480322451448 670480322565788 670480322693466 670480774222550
670480774228796 670480774367274 670480774493382 670481223904226 670481223907772 670481224052346 670481224195538 670481675038860
670481675045804 670481675209548 670481675352944 670482124612354 670482124612418 670482124748194 670482124873978 670482575017486
670482575023420 670482575137358 670482575273580 670483024632058 670483024632412 670483024777994 670483024914370 670483473591654
670483473596946 670483473768252 670483473907210 670483922650768 670483922654302 670483922775950 670483922909718 670484371950506
670484371956650 670484372083032 670484372215862 670484821639874 670484821643398 670484821761850 670484821902490 670485270854904
670485270858620 670485270976340 670485271112662 670485720902314 670485720905842 670485721045920 670485721485290 670486169990538
670486169996362 670486170108238 670486170946084 670486619775012 670486619778522 670486619899612 670486620030352 670487069262322

670475186880708 670475186962382 670475187171276 670475762239084 670475762239288 670475762401106 670475762539362 670476304739196
670476304746958 670476304868728 670476305020506 670476754340712 670476754340922 670476754449714 670476756336834 670477204322134
670477204329898 670477204476226 670477208099800 670477655573016 670477655573222 670477655685622 670477657810050 670478105231458
670478105235974 670478105377772 670478108960206 670478557619408 670478557619482 670478557728084 670478558497924 670479006065106
670479006072812 670479006191996 670479008902760 670479456938806 670479456938896 670479457117404 670479458550920 670479905540500
670479905549998 670479905701740 670479907512876 670480355424074 670480355424344 670480355536562 670480356526362 670480803209896
670480803214540 670480803342882 670480805821524 670481254357012 670481254357274 670481254467400 670481255535414 670481703359514
670481703366708 670481703485758 670481704713276 670482153003008 670482153003270 670482153130114 670482154783168 670482601400170
670482601400552 670482601502710 670482603833930 670483052416936 670483052417168 670483052537498 670483053638320 670483500802328

670472700772036 670472700841194 670472701108462 670473161170140 670473161170458 670473161336122 670473276505564 670473724366642
670473724373974 670473724510214 670473818966204 670474265224630 670474265228166 670474265373004 670474268515898 670474714080250
670474714087904 670474714217684 670474718901854 670475164350470 670475164354000 670475164518768 670475170980570 670475617856216
670475617862968 670475618062648 670475619823986 670476065536498 670476065536572 670476065667818 670476072119692 670476518546618
670476518552766 670476518674420 670476521494718 670476967333478 670476967333494 670476967485302 670476971190554 670477417576406
670477417581294 670477417707154 670477419796570 670477865593456 670477865593502 670477865738838 670477869607806 670478315793418
670478315799554 670478315941318 670478318387862 670478764199834 670478764199898 670478764335206 670478768538906 670479215059706
670479215065842 670479215189894 670479218618364 670479665669422 670479665669434 670479665834362 670479667455644 670480113777964
670480113781600 670480113899748 670480117088278 670480562493746 670480562493776 670480562637906 670480566605820 670481012418428

670482431772774 670482431830624 670482432035106 670482885670434 670482885670648 670482885886736 670482892388362 670483340679422
670483340685366 670483340826530 670483458418076 670483908512002 670483908512268 670483908671270 670484001244942 670484449559696
670484449565706 670484449735026 670484453063572 670484901684334 670484901684590 670484901826282 670484902765980 670485350531896
670485350537892 670485350681146 670485353922820 670485802853050 670485802853062 670485802981382 670485803443684 670486252230356
670486252235900 670486252358098 670486253843290 670486701802538 670486701802760 670486701963082 670486703463180 670487150454560
670487150454984 670487150614726 670487152467370 670487599970244 670487599970464 670487600080858 670487601444300 670488049125536
670488049132798 670488049254088 670488050768108 670488498679786 670488498679920 670488498789916 670488500454944 670488949323614
670488949331750 670488949462296 670488949683346 670489398197544 670489398197754 670489398332614 670489400055654 670489847787252
670489847795424 670489847903070 670489848796946 670490296473076 670490296473318 670490296588542 670490298561604 670490746284182
