16 41
669906527144648 669906530869834 669906535023076 669906539128956 669906539128968 669906539481332 669906541578304 669906545297884
669906545298092 669906545594154 669906546822731 669906550851554 669906550851566 669906551146528 669906551676924 669906555418432
669906555418716 669906555710252 669906556899756 669906560968700 669906560968746 669906561264044 669906562761016 669906566527296
669906566527342 669906566822230 669906568425026 669906572149914 669906572149926 669906572436682 669906574014362 669906577830906
669906577831417 669906578158745 669906579749542 669906583494914 669906583494926 669906583789232 669906585274226 669906589262736
669906589263050 669906589560894 669906591026150 669906594783930 669906594783942 669906595081308 669906596520878 669906600590078
669906600590384 669906600888470 669906602219980 669906605972818 669906605972830 669906606266160 669906607745774 669906611889886
669906611890186 669906612184082 669906613498240 669906617235898 669906617235910 669906617527440 669906619042366 669906623193670
669906623194248 669906623489972 669906624785074 669906628543604 669906628543616 669906628836890 669906630270010 669906634026108

669902974310026 669902977220091 669902981520786 669902985275704 669902985275716 669902985575062 669902987820714 669902991536316
669902991536524 669902991836280 669902992722612 669902996449770 669902996449782 669902996745166 669902998275178 669903002010160
669903002010438 669903002305078 669903003690082 669903007422914 669903007422926 669903007715620 669903008614880 669903012335068
669903012335310 669903012631344 669903014098174 669903017828570 669903017828582 669903018123374 669903019588628 669903023335234
669903023335384 669903023634116 669903025277766 669903029007802 669903029007814 669903029304210 669903030982894 669903034746670
669903034746982 669903035043752 669903036663786 669903040399268 669903040399280 669903040690244 669903042183484 669903045932584
669903045932698 669903046230456 669903047990852 669903051728188 669903051728200 669903052021682 669903053365220 669903057149784
669903057149924 669903057445726 669903059285444 669903063030680 669903063030692 669903063320048 669903064630508 669903068729760
669903068729950 669903069021448 669903070596766 669903074340874 669903074340886 669903074627294 669903075948174 669903079677308

669898250926524 669898252448958 669898258861100 669898262571700 669898262571712 669898262870392 669898263143420 669898266884976
669898266885100 669898267186394 669898270385310 669898274130466 669898274130478 669898274424576 669898276317926 669898280056270
669898280056414 669898280343740 669898281263822 669898284976462 669898284976508 669898285268230 669898286481806 669898290479784
669898290480242 669898290772442 669898292163242 669898295898728 669898295898740 669898296184954 669898297632018 669898301363730
669898301363850 669898301660548 669898303519952 669898307284106 669898307284118 669898307579706 669898308926406 669898312667358
669898312667548 669898312959538 669898314436944 669898318186106 669898318186118 669898318481152 669898320090048 669898323802548
669898323802678 669898324093312 669898325694222 669898329461058 669898329461070 669898329749762 669898331343560 669898335077262
669898335077274 669898335370776 669898336966858 669898340724822 669898340724834 669898341015864 669898342678266 669898346412854
669898346412972 669898346706082 669898348233076 669898351969176 669898351969188 669898352261506 669898353844838 669898357577572

669907001090392 669907007368682 669907008883650 669907012636842 669907012636854 669907012949336 669907014707472 669907018413190
669907018413388 669907018717688 669907020144766 669907023887528 669907023887540 669907024176960 669907026121802 669907029839336
669907029839598 669907030136046 669907031614666 669907035330360 669907035330372 669907035625106 669907037227494 669907040933148
669907040933376 669907041228176 669907042719650 669907046760862 669907046760874 669907047059976 669907048708166 669907052439894
669907052439994 669907052739510 669907054063936 669907057790058 669907057790070 669907058086614 669907059612122 669907063460648
669907063460844 669907063813332 669907065244736 669907068955268 669907068955280 669907069253234 669907070855456 669907074601028
669907074601218 669907074900826 669907076499410 669907080235618 669907080235630 669907080530582 669907082128718 669907085865786
669907085865978 669907086154590 669907087763436 669907091473768 669907091473780 669907091766018 669907093380188 669907097118864
669907097118986 669907097416670 669907099039850 669907102750706 669907102750718 669907103049504 669907104621326 669907108344864

669901393343082 669901398696002 669901400924288 669901404668024 669901404668036 669901404963920 669901407986280 669901411972870
669901411973016 669901412273444 669901412717944 669901416447930 669901416447942 669901416741730 669901418611748 669901422620658
669901422620916 669901422918402 669901424132918 669901427856394 669901427856406 669901428145440 669901429742233 669901433853268
669901433853442 669901434146832 669901435446854 669901439175478 669901439175524 669901439492844 669901441141140 669901444869588
669901444869770 669901445161660 669901446711000 669901450439786 669901450439798 669901450729234 669901452217400 669901455938416
669901455938600 669901456232778 669901457866300 669901461676027 669901461676045 669901462001184 669901463419902 669901467143550
669901467143836 669901467439652 669901469083028 669901472987296 669901472987308 669901473289732 669901474707998 669901478426956
669901478427142 669901478727084 669901480369886 669901484357620 669901484357632 669901484656290 669901486121394 669901489837184
669901489837314 669901490135984 669901491587102 669901495592776 669901495592822 669901495890072 669901497368876 669901501087590

669900896547184 669900903624391 669900903937946 669900907928808 669900907928820 669900908230130 669900910748594 669900914437998
669900914438176 669900914736458 669900915903734 669900919599266 669900919599278 669900919884024 669900921841076 669900925518456
669900925518630 669900925802800 669900926782548 669900930485030 669900930485042 669900930772706 669900932003248 669900935689402
669900935689540 669900935977744 669900937559118 669900941424364 669900941424376 669900941719288 669900943150746 669900946823012
669900946823184 669900947113586 669900949037900 669900952749196 669900952749208 669900953040042 669900954444318 669900958131102
669900958131300 669900958425116 669900959955916 669900963648670 669900963648716 669900963933730 669900965609586 669900969295974
669900969296164 669900969584664 669900971212798 669900974905000 669900974905046 669900975196494 669900976861194 669900980527824
669900980528232 669900980818746 669900982486034 669900986150150 669900986150162 669900986436100 669900988199382 669900991864880
669900991865054 669900992155558 669900993744860 669900997421174 669900997421186 669900997710388 669900999363372 669901003052702

669898893344668 669898897726754 669898900829048 669898905147724 669898905147736 669898905462320 669898908100954 669898912410412
669898912410576 669898912720808 669898913961310 669898918283080 669898918283126 669898918632857 669898918930629 669898923293428
669898923293450 669898923600872 669898924193594 669898928508568 669898928508614 669898928822028 669898929781398 669898934098638
669898934098764 669898934404626 669898935270928 669898939665634 669898939665646 669898939971138 669898941201758 669898945548238
669898945548408 669898945859898 669898946627022 669898950963366 669898950963378 669898951267476 669898952160770 669898956473864
669898956474032 669898956775242 669898957787578 669898962126678 669898962126724 669898962430202 669898963409172 669898967725082
669898967725194 669898968035100 669898969049304 669898973381212 669898973381224 669898973683412 669898974681206 669898979001260
669898979001380 669898979305704 669898980336096 669898984713660 669898984713672 669898985018848 669898985932550 669898990260966
669898990261052 669898990567918 669898991560634 669898995883366 669898995883378 669898996182596 669898997180476 669899001522604

669899321075372 669899323407340 669899329953982 669899333729786 669899333729798 669899334030158 669899335985782 669899339741914
669899339742038 669899340043454 669899341704316 669899345722432 669899345722444 669899346021150 669899347497082 669899351218664
669899351218676 669899351514624 669899353071486 669899356832846 669899356832858 669899357130620 669899358600264 669899362323262
669899362323274 669899362625374 669899364236772 669899368241336 669899368241348 669899368538094 669899369940072 669899373672838
669899373672850 669899373968150 669899375479470 669899379215132 669899379215144 669899379506988 669899381099088 669899384843626
669899384843960 669899385135778 669899386738566 669899390461416 669899390461462 669899390758624 669899392343138 669899396094450
669899396094622 669899396395758 669899398017090 669899401737304 669899401737350 669899402033852 669899403629626 669899407363018
669899407363162 669899407666698 669899409255348 669899412984656 669899412984668 669899413276704 669899414889080 669899418608066
669899418608238 669899418902276 669899420494740 669899424226250 669899424226262 669899424523036 669899425027734 669899429082606

669899263655110 669899267823422 669899272774444 669899276565602 669899276565648 669899276875208 669899278806436 669899282552430
669899282552526 669899282856216 669899284516400 669899288261832 669899288261844 669899288562828 669899290141740 669899293942390
669899293942530 669899294237684 669899295925048 669899299679608 669899299679654 669899299978600 669899301503346 669899305282544
669899305282662 669899305585008 669899307133658 669899310867284 669899310867296 669899311164072 669899312791062 669899316553596
669899316553778 669899316848504 669899318432784 669899322159728 669899322159774 669899322456630 669899324060184 669899327812618
669899327812792 669899328105602 669899329638042 669899333362064 669899333362076 669899333658240 669899335295028 669899339029624
669899339029754 669899339322710 669899340918300 669899344654160 669899344654172 669899344946506 669899346585372 669899350317892
669899350317990 669899350608610 669899352208744 669899355950468 669899355950514 669899356258502 669899357789076 669899361526500
669899361526814 669899361827342 669899363450392 669899367209364 669899367209376 669899367509328 669899367916752 669899371654140

669897672928414 669897675638672 669897680102332 669897683864934 669897683864946 669897684169670 669897687411854 669897691160398
669897691160518 669897691451642 669897693323514 669897697052158 669897697052204 669897697349142 669897697850132 669897701562184
669897701562322 669897701853410 669897703450312 669897707187988 669897707188000 669897707484702 669897709221930 669897712957252
669897712957264 669897713250472 669897714806486 669897718513482 669897718513494 669897718804446 669897720405022 669897724124142
669897724124154 669897724419844 669897726070718 669897729794054 669897729794066 669897730086474 669897731699614 669897735414082
669897735414636 669897735714970 669897737346538 669897741075674 669897741075720 669897741364334 669897742902376 669897746635076
669897746635302 669897746925972 669897748563636 669897752274966 669897752274978 669897752565974 669897754188878 669897757933496
669897757933624 669897758226834 669897759849946 669897763566406 669897763566452 669897763855412 669897765479368 669897769209308
669897769209838 669897769500830 669897771070364 669897774785048 669897774785060 669897775074688 669897776728902 669897780459092

669895934997776 669895936979828 669895944219636 669895947928182 669895947928194 669895948224942 669895950210948 669895953881640
669895953881766 669895954176674 669895955714846 669895959399674 669895959399686 669895959688190 669895961371326 669895965032554
669895965032748 669895965319168 669895967099112 669895970766270 669895970766282 669895971052948 669895972763880 669895976417220
669895976418024 669895976729790 669895978400194 669895982059082 669895982059094 669895982338570 669895983942438 669895987620626
669895987620798 669895987911184 669895989653378 669895993307818 669895993307830 669895993591680 669895995272894 669895998931542
669895998931722 669895999217222 669896000901700 669896004567174 669896004567186 669896004854194 669896006518632 669896010204998
669896010205056 669896010492472 669896012181468 669896015848710 669896015848722 669896016138610 669896017804442 669896021510524
669896021510576 669896021797368 669896023431040 669896027090062 669896027090074 669896027376552 669896029053564 669896032708964
669896032709142 669896032998078 669896034672270 669896038338816 669896038338862 669896038625034 669896039195029 669896043206890

669904196690998 669904204115190 669904205762034 669904209929652 669904209929664 669904210239148 669904211759738 669904215537938
669904215538336 669904215838818 669904217410024 669904221177882 669904221177894 669904221517814 669904223113922 669904226910792
669904226910980 669904227209052 669904228807214 669904232554024 669904232554036 669904232854178 669904234392114 669904238155686
669904238156152 669904238487520 669904240026494 669904243771666 669904243771678 669904244101322 669904245673426 669904249430126
669904249430292 669904249730376 669904251316784 669904255069478 669904255069490 669904255366134 669904256940232 669904260691146
669904260691544 669904260988666 669904262531264 669904266275814 669904266275826 669904266606312 669904268176708 669904271963998
669904271964194 669904272262560 669904273812198 669904277552510 669904277552522 669904277881508 669904279466358 669904283216126
669904283216916 669904283520666 669904285092022 669904288831522 669904288831534 669904289138524 669904290682428 669904294428840
669904294429038 669904294754358 669904296334320 669904300191088 669904300191108 669904300531734 669904300804430 669904304549266

669900297101794 669900302666458 669900304608002 669900309008404 669900309008416 669900309331632 669900311822857 669900316291360
669900316291522 669900316600842 669900316900144 669900321248566 669900321248578 669900321556770 669900322129756 669900326471772
669900326471918 669900326782202 669900327883872 669900332231614 669900332231626 669900332538400 669900333625532 669900337994348
669900337994368 669900338305652 669900339239660 669900343584342 669900343584354 669900343894100 669900344935918 669900349313706
669900349313856 669900349631122 669900350502512 669900354844348 669900354844360 669900355153806 669900356102932 669900360499544
669900360499752 669900360802478 669900361750276 669900366097224 669900366097236 669900366401456 669900367307914 669900371694624
669900371694636 669900371998194 669900372968960 669900377320622 669900377320634 669900377624050 669900378592660 669900382961686
669900382961856 669900383274714 669900384253586 669900388610608 669900388610620 669900388919504 669900389913790 669900394251048
669900394251162 669900394560144 669900395475080 669900399821210 669900399821222 669900400148086 669900401162680 669900405506994

669896732161484 669896738952256 669896739474946 669896743244672 669896743244684 669896743553028 669896745571454 669896749299400
669896749299766 669896749601772 669896751614468 669896755667528 669896755667540 669896755969136 669896756706834 669896760439158
669896760439372 669896760734018 669896761818740 669896765594028 669896765594040 669896765888500 669896767554560 669896771284584
669896771285020 669896771575220 669896773343284 669896777073274 669896777073286 669896777363174 669896778932804 669896782667320
669896782667332 669896782960906 669896784668710 669896788387714 669896788387726 669896788676918 669896790190868 669896793913996
669896793914602 669896794213106 669896795817098 669896799556618 669896799556630 669896799849394 669896801438238 669896805224390
669896805224578 669896805523526 669896807009766 669896810738806 669896810738818 669896811041646 669896812660210 669896816414266
669896816414410 669896816706622 669896818288798 669896822017238 669896822017250 669896822301734 669896823958936 669896827712306
669896827712608 669896828012632 669896829579938 669896833323648 669896833323660 669896833623334 669896835185320 669896838938292

669894245768668 669894250579589 669894253164778 669894256867680 669894256867692 669894257161802 669894260358340 669894264043056
669894264043236 669894264336850 669894266273236 669894269946574 669894269946586 669894270241562 669894270786828 669894274442090
669894274442102 669894274733136 669894276364146 669894280049822 669894280049868 669894280342152 669894281990244 669894285629474
669894285629588 669894285914988 669894287586160 669894291310322 669894291310368 669894291593504 669894293503038 669894297177420
669894297177522 669894297469872 669894298940014 669894302639244 669894302639290 669894302927208 669894304492076 669894308172512
669894308172664 669894308460926 669894310086626 669894313767408 669894313767420 669894314054990 669894315749264 669894319402652
669894319402846 669894319690748 669894321342086 669894325014592 669894325014604 669894325298128 669894326997058 669894330671038
669894330671168 669894330954786 669894332645710 669894336323392 669894336323438 669894336605384 669894338234384 669894341941754
669894341941834 669894342226076 669894343955722 669894347635008 669894347635020 669894347919130 669894349488848 669894353352116

669903975911458 669903981694963 669903984759630 669903988505354 669903988505400 669903988807414 669903990794172 669903994538646
669903994539006 669903994843110 669903996515542 669904000259298 669904000259310 669904000550070 669904002169156 669904005888816
669904005888962 669904006186438 669904007772958 669904011507952 669904011507964 669904011808688 669904013406130 669904017116012
669904017116024 669904017406234 669904019041714 669904023061434 669904023061480 669904023363390 669904024735266 669904028452874
669904028453214 669904028751784 669904030283382 669904034024032 669904034024044 669904034316358 669904035906210 669904039617304
669904039617378 669904039908174 669904041545028 669904045279992 669904045280038 669904045574188 669904047148766 669904050867080
669904050867190 669904051162542 669904052827858 669904056529948 669904056529960 669904056825204 669904058435056 669904062151088
669904062151272 669904062450588 669904064061876 669904067768828 669904067768840 669904068060990 669904069700342 669904073467372
669904073467690 669904073764082 669904075299688 669904079017064 669904079017076 669904079312434 669904079834786 669904083651402
