16 90
670022168421784 670022175911742 670022198628646 670022203311156 670022175911776 670022184450702 670022203316548 670022207991518
670022198626316 670022200368176 670022219793872 670022224506976 670022203315656 670022210226118 670022224511222 670022229313746
670022219793116 670022221548828 670022241386174 670022246110526 670022224510728 670022226017276 670022246114636 670022250870312
670022241385462 670022242897632 670022262743148 670022267573032 670022246114222 670022249512320 670022269643604 670022274431654
670022262742260 670022264267162 670022280251246 670022285017762 670022269642276 670022271153420 670022285021138 670022289831942
670022280250568 670022281754516 670022296825816 670022301642288 670022285020724 670022288028968 670022309676694 670022314430220
670022296824866 670022298416574 670022318906014 670022323681560 670022309674880 670022314114556 670022323685930 670022328451218
670022318905092 670022320629862 670022341753012 670022346566886 670022323685434 670022325208246 670022347920862 670022352744658
670022341752166 670022343324648 670022357641402 670022362422502 670022347920016 670022349437444 670022364683952 670022369422208

670018618983178 670018627915124 670018644495014 670018648657988 670018627915226 670018636847586 670018648664136 670018652733688
670018644492702 670018646021416 670018668728128 670018672828132 670018648663392 670018657587872 670018675606560 670018679707532
670018668727078 670018675600370 670018690376630 670018694540212 670018675605754 670018683874654 670018694546056 670018698682192
670018690375000 670018693528706 670018707565128 670018711672828 670018694545408 670018701171966 670018716504722 670018720621966
670018707564096 670018716494392 670018727419616 670018731576578 670018716500496 670018723169240 670018731960406 670018736208440
670018727418524 670018730197776 670018745448316 670018749582118 670018731959058 670018742638432 670018757181136 670018761337842
670018745447272 670018754167648 670018767087996 670018771196532 670018757179622 670018760407152 670018772707964 670018776824152
670018767086630 670018772683488 670018788487976 670018792652732 670018772707046 670018782115782 670018792657368 670018796792876
670018788486804 670018790022994 670018807304276 670018811368050 670018792656590 670018799889598 670018811373976 670018815441118

670013895177542 670013900615262 670013922442872 670013927175446 670013900615358 670013909177586 670013927181150 670013931844780
670013922441658 670013923986228 670013942405564 670013947142966 670013927180804 670013930599540 670013947149622 670013951851182
670013942404472 670013943900264 670013964300680 670013969041352 670013947149032 670013956433524 670013969047170 670013973832944
670013964299660 670013965836714 670013981327770 670013986069680 670013969046852 670013970535170 670013993258784 670013997952126
670013981326778 670013982816982 670014004759850 670014009490610 670013993257860 670014000468990 670014009496016 670014014243678
670014004758300 670014006276898 670014025526014 670014030230786 670014009495594 670014012983406 670014032888724 670014037607910
670014025524982 670014027254804 670014050887382 670014055631406 670014032887996 670014037992432 670014057000288 670014061728566
670014050886412 670014056084696 670014071646008 670014076451678 670014056999234 670014062360224 670014076457854 670014081317478
670014071644732 670014073170114 670014086840398 670014091541366 670014076457214 670014077967492 670014091545634 670014096249376

670022643752857 670022653437694 670022673002810 670022677699626 670022653437792 670022663065802 670022677705854 670022682403900
670022673000822 670022675132120 670022693408294 670022698117364 670022677705436 670022685131762 670022698125780 670022702849682
670022693406858 670022695167080 670022719431604 670022724208860 670022698124918 670022705896860 670022727297468 670022732165264
670022719427118 670022725608478 670022743202686 670022747983970 670022727295990 670022740151344 670022747991594 670022752795354
670022743200696 670022744740306 670022758573356 670022763426716 670022747989916 670022751027458 670022763432470 670022768168070
670022758571482 670022762147002 670022781281260 670022786221466 670022763431634 670022771097450 670022786229358 670022790974378
670022781277582 670022784566396 670022795593440 670022800339320 670022786228310 670022792280392 670022814912952 670022819691016
670022795591876 670022797097572 670022819696776 670022824385224 670022814911960 670022818181918 670022831503564 670022836264884
670022819695606 670022828177334 670022838365528 670022843046846 670022831502048 670022836277810 670022843052276 670022847739144

670017038244226 670017043601518 670017063360118 670017067653344 670017043601614 670017052907534 670017067657722 670017071824346
670017063358816 670017064907050 670017083346956 670017087502276 670017067657260 670017070543964 670017087506428 670017091703618
670017083346054 670017084877264 670017111973044 670017116144402 670017087505766 670017090326932 670017116147922 670017120284312
670017111971990 670017113543510 670017130600554 670017134804670 670017116147434 670017125693728 670017134809120 670017138993552
670017130599620 670017132159686 670017150102456 670017154298454 670017134808266 670017140622224 670017154303716 670017158482382
670017150101498 670017151640922 670017173825862 670017177988730 670017154302896 670017161579442 670017177992570 670017182322894
670017173824712 670017175357166 670017193211512 670017197399744 670017177991862 670017183649902 670017197403546 670017201550724
670017193210912 670017194737854 670017209397616 670017213582668 670017197403092 670017204678176 670017218608476 670017222796382
670017209396846 670017210931798 670017230727382 670017234851430 670017218607096 670017221904662 670017234858580 670017239001472

670016536931066 670016542733278 670016571564516 670016576257730 670016542733344 670016551554842 670016576264260 670016580991244
670016571562426 670016574418940 670016589877408 670016594636880 670016576263884 670016583828462 670016594640500 670016599426522
670016589876678 670016591688316 670016611538368 670016616305494 670016594640282 670016599227950 670016616311610 670016621064520
670016611537280 670016614598162 670016631670380 670016636448446 670016616310932 670016621520714 670016636453530 670016641292018
670016631669190 670016633440276 670016647725244 670016652524530 670016636452762 670016638000794 670016652529240 670016657294922
670016647721586 670016649255118 670016666630362 670016671379604 670016652528262 670016654057360 670016671384280 670016676156740
670016666629596 670016668151640 670016693359946 670016698094832 670016671383642 670016672897268 670016698100568 670016702998762
670016693359266 670016694877734 670016716430652 670016721176492 670016698099664 670016699612470 670016721180362 670016725952486
670016716426674 670016717937352 670016731026410 670016735739958 670016721180084 670016728567280 670016737207664 670016741902948

670014538144364 670014547344598 670014569009740 670014573722388 670014547344690 670014555916780 670014573728356 670014578456064
670014569007830 670014572080716 670014589970298 670014594721062 670014573727624 670014577121880 670014594724390 670014599510446
670014589968406 670014591864576 670014611929290 670014616775027 670014594723980 670014598102850 670014616873636 670014621714942
670014611927154 670014614773034 670014631015624 670014635808826 670014616872266 670014626065104 670014636272278 670014641098498
670014631014496 670014635573526 670014651072178 670014655844622 670014636271560 670014639709188 670014655848934 670014660844156
670014651072024 670014652597976 670014676516534 670014681284408 670014655848346 670014662104076 670014681289418 670014686058144
670014676512880 670014679326568 670014699630664 670014704416418 670014681288670 670014689760098 670014704421090 670014709189668
670014699629750 670014701427818 670014715654766 670014720442086 670014704420758 670014712832774 670014730023592 670014734855220
670014715653862 670014717178974 670014741187378 670014745925848 670014730020064 670014732846348 670014745930734 670014750625568

670014963405330 670014968445338 670014995273198 670014999959980 670014968445436 670014977465890 670014999964880 670015004669572
670014995270900 670014997046806 670015019662112 670015024398690 670014999964516 670015007159706 670015024403726 670015029136860
670015019661536 670015021208630 670015041462948 670015046275144 670015024403110 670015034869354 670015046279716 670015051055658
670015041461378 670015043227210 670015061597116 670015066454116 670015046279192 670015052938580 670015066458608 670015071209708
670015061596256 670015064847938 670015083753066 670015088516388 670015066458078 670015075105128 670015088521894 670015093293918
670015083752114 670015085308380 670015108830974 670015113630814 670015088520868 670015097236490 670015113640676 670015118495808
670015108830058 670015111878928 670015129428548 670015134188180 670015113639944 670015118282428 670015137121940 670015141882802
670015129427386 670015135682016 670015146663828 670015151426512 670015137120456 670015145301184 670015158324408 670015163168304
670015146662690 670015156987920 670015166201912 670015170959662 670015158322970 670015159863676 670015170964658 670015175673126

670014904606331 670014914257516 670014935308664 670014939454250 670014914257612 670014923125402 670014939460152 670014943663828
670014935306368 670014937280826 670014959957576 670014964220996 670014939459590 670014947396694 670014964226208 670014968407198
670014959954876 670014962924614 670014979731730 670014983994920 670014964225658 670014967603618 670014984000610 670014988206480
670014979730420 670014981254188 670014998652764 670015002849586 670014984000192 670014987096024 670015002855446 670015007100400
670014998652182 670015000192666 670015025005556 670015029172186 670015002854872 670015004545280 670015029178374 670015033340450
670015025004356 670015026532952 670015049106604 670015053278506 670015029177858 670015036248954 670015053285334 670015057459472
670015049105910 670015051948480 670015066319620 670015070577410 670015053284374 670015063505482 670015073235670 670015077422514
670015066318094 670015069168146 670015087017102 670015091209900 670015073234792 670015075040782 670015092048140 670015096221612
670015087016512 670015089838598 670015108963114 670015113081906 670015092047262 670015095209288 670015113087388 670015117199472

670013315006708 670013320081012 670013338605660 670013343346864 670013320081118 670013329342646 670013343352376 670013348004398
670013338603610 670013341615148 670013366039144 670013370793454 670013343351872 670013344921166 670013370799080 670013375509060
670013366038366 670013367943350 670013382731756 670013387483894 670013370797362 670013378445808 670013389189974 670013393898138
670013382731094 670013385535998 670013410205454 670013414975282 670013389188716 670013395439692 670013414979890 670013419748938
670013410204596 670013411724962 670013431164456 670013435937478 670013414979244 670013417799898 670013435943198 670013440660496
670013431163164 670013432677304 670013456602944 670013461318882 670013435942174 670013442878294 670013461323518 670013466061574
670013456602046 670013458108350 670013479843200 670013484532910 670013461322868 670013464758076 670013485426040 670013490166144
670013479842032 670013484393606 670013492749034 670013497472050 670013485424778 670013490515086 670013497477352 670013502239108
670013492747810 670013494260412 670013521368952 670013526032970 670013497476796 670013498999162 670013526037714 670013530707444

670011578929820 670011584970706 670011608362732 670011613076020 670011584970808 670011594455738 670011613082304 670011617773038
670011608360354 670011611560426 670011635344130 670011640159138 670011613080138 670011624127130 670011640575908 670011645345520
670011635343628 670011636905948 670011653941620 670011658899566 670011640574658 670011648127868 670011658905060 670011663671378
670011653940422 670011655727928 670011676345554 670011681160662 670011658903926 670011670118930 670011682898340 670011687709176
670011676344400 670011682892528 670011698938932 670011703742370 670011682897306 670011692620310 670011703747784 670011708528934
670011698937974 670011700514488 670011723979606 670011728789650 670011703746828 670011716247632 670011728794678 670011733576836
670011723978696 670011726799652 670011746071604 670011750888868 670011728794304 670011741206472 670011750895098 670011755712376
670011746070668 670011748892514 670011762366350 670011767153378 670011750893644 670011753968334 670011767160648 670011771963674
670011762365812 670011763894194 670011786016986 670011790764566 670011767159614 670011779116260 670011790771982 670011795551194

670019842669312 670019848550398 670019870477892 670019875161018 670019848550436 670019857920058 670019881404848 670019886111078
670019870476504 670019881397956 670019897497938 670019902248392 670019881404116 670019889049550 670019902779672 670019907474192
670019897496968 670019902773274 670019916956940 670019921759104 670019902778786 670019910425602 670019925516648 670019930236274
670019916956226 670019924183712 670019936702132 670019941432180 670019925515384 670019933056838 670019946430314 670019951151390
670019936701348 670019946424006 670019961179382 670019965922694 670019946429092 670019955947242 670019968729980 670019973451786
670019961178866 670019968723966 670019986638204 670019991354464 670019968728754 670019978196194 670019998144438 670020002925090
670019986637662 670019995949926 670020008401086 670020013137154 670019998143248 670020005521462 670020020515772 670020025356840
670020008400506 670020019575828 670020025532904 670020030291256 670020020514402 670020023951902 670020030296736 670020035038352
670020025532086 670020028296132 670020046610190 670020051291736 670020030296198 670020041764450 670020051299678 670020056014112

670015939097250 670015945449626 670015965774184 670015969894818 670015945449720 670015955343876 670015969899942 670015974003440
670015965771798 670015967280918 670015987423118 670015991611616 670015969898794 670015975759808 670015991616506 670015995789364
670015987421938 670015988976900 670016005575454 670016009745660 670015991616046 670016001455550 670016009750380 670016013917298
670016005574354 670016007637878 670016025493770 670016029667506 670016009749862 670016017062456 670016029672666 670016033825706
670016025492438 670016027812980 670016041137466 670016045300092 670016029672466 670016037011802 670016045306540 670016049481220
670016041136296 670016042934440 670016071150932 670016075633812 670016045304958 670016052717134 670016075637910 670016079844792
670016071149344 670016072786004 670016097694364 670016101976426 670016075637276 670016079432256 670016111674430 670016115851632
670016097689740 670016102030258 670016117915698 670016122168940 670016111673166 670016116613666 670016122173526 670016126321242
670016117913972 670016121010082 670016129914862 670016134042412 670016122173138 670016127458792 670016134047020 670016138146688

670012373157110 670012378359778 670012403557322 670012408271130 670012378359868 670012387354964 670012408277240 670012412971810
670012403555066 670012405098048 670012423080218 670012427881340 670012408276516 670012417416270 670012427885708 670012432757814
670012423079456 670012424596736 670012444606982 670012449462712 670012427885500 670012429400056 670012449468714 670012454277792
670012444604962 670012446136758 670012461632260 670012466472758 670012449467670 670012451467512 670012466478132 670012471258612
670012461631874 670012463195060 670012482113118 670012486898104 670012466477706 670012467991460 670012486903754 670012491693960
670012482109248 670012483636674 670012506624360 670012511393262 670012486903224 670012488446676 670012511398862 670012516238544
670012506623724 670012508148902 670012531870328 670012536637376 670012511398140 670012512941164 670012536641934 670012541418068
670012531865066 670012533385644 670012545407720 670012550195860 670012536641630 670012538141868 670012552257176 670012557045288
670012545404162 670012546897816 670012566773848 670012571487506 670012552256502 670012553746322 670012571492784 670012576187832

670009891562090 670009896654590 670009917748510 670009922488318 670009896654690 670009906067222 670009922492560 670009927281516
670009917746330 670009919553088 670009938528026 670009943305434 670009922492126 670009925340466 670009943387812 670009948131056
670009938526972 670009940038156 670009954512602 670009959288708 670009943387276 670009944894774 670009960712142 670009965436852
670009954507934 670009957751670 670009982697936 670009987477056 670009960711592 670009966209454 670009990264384 670009995060236
670009982696416 670009988855682 670010003679394 670010008442866 670009990262604 670009995311596 670010008447376 670010013189530
670010003677788 670010005205848 670010029120500 670010033903372 670010008447194 670010019781410 670010033907842 670010038635412
670010029119248 670010031029120 670010052240044 670010057073432 670010033907362 670010045014860 670010059861396 670010064692360
670010052238908 670010053746410 670010066167640 670010070915710 670010059860220 670010063240872 670010070919038 670010075697520
670010066166584 670010067930084 670010093799200 670010098493022 670010070918240 670010080165408 670010098496882 670010103174360

670019619065440 670019624577960 670019646931828 670019651695346 670019624578028 670019633352946 670019651700802 670019656486450
670019646929542 670019648520402 670019671815488 670019676636002 670019651700222 670019653268114 670019676640478 670019681465140
670019671814920 670019673404588 670019691614272 670019696381590 670019676639682 670019678171816 670019696387182 670019701263514
670019691613818 670019693137460 670019703592480 670019708355940 670019696386834 670019697925666 670019719632192 670019724431788
670019703591322 670019705140890 670019736965678 670019741805440 670019719631004 670019722452780 670019741811802 670019746595250
670019736964826 670019740087380 670019760967100 670019765780786 670019741810714 670019748720950 670019776249584 670019781050070
670019760965954 670019762522070 670019781056148 670019785959368 670019776247712 670019777789714 670019791991048 670019796819362
670019781055676 670019789236962 670019798897266 670019803706562 670019791989722 670019793843358 670019805462144 670019810258622
670019798896276 670019802002752 670019820820976 670019825540076 670019805460376 670019810464120 670019825546334 670019830240976
