16 270
670173587202202 670173587315416 670173587864982 670173628580248 670173628580320 670173628722858 670173630110416 670173664994780
670173664995400 670173665136206 670173669023688 670173703805814 670173703805826 670173703918166 670173709154888 670173743923320
670173743924450 670173744045220 670173747599298 670173782353614 670173782353818 670173782488066 670173786930222 670173822088438
670173822089598 670173822224392 670173824331112 670173859156022 670173859156034 670173859267404 670173863836688 670173898646502
670173898647112 670173898776500 670173901912512 670173936682404 670173936682598 670173936806202 670173940263474 670173975079834
670173975080468 670173975196880 670173979256562 670174014057598 670174014057806 670174014189780 670174018057664 670174052886082
670174052886698 670174053008174 670174056498420 670174091389104 670174091389150 670174091505228 670174095091032 670174129964362
670174129964990 670174130101208 670174133875152 670174168732770 670174168732816 670174168850892 670174172591360 670174207446552
670174207447162 670174207567800 670174210805822 670174246421244 670174246421256 670174246559880 670174249484164 670174284370432

670170033331668 670170033409778 670170033944832 670170071441456 670170071441474 670170071600860 670170079942014 670170114798432
670170114803560 670170114955882 670170119298766 670170154264800 670170154264812 670170154390568 670170158428596 670170193387470
670170193393376 670170193531576 670170197268382 670170232490924 670170232491148 670170232667796 670170235323264 670170269849878
670170269857168 670170270018574 670170274223410 670170309839970 670170309840170 670170310002610 670170313043796 670170347945148
670170347950800 670170348080506 670170351218494 670170386276994 670170386277200 670170386415000 670170390212672 670170425268992
670170425274024 670170425415082 670170429081984 670170464064476 670170464064674 670170464193964 670170467588458 670170502515502
670170502521202 670170502650818 670170506181098 670170541028624 670170541028794 670170541175894 670170544983656 670170579812942
670170579818894 670170579945550 670170583556530 670170618415044 670170618415264 670170618548780 670170621799416 670170656689224
670170656696132 670170656845990 670170660470504 670170695303492 670170695303712 670170695437862 670170699179676 670170734436710

670165309596602 670165309701022 670165310320444 670165355458734 670165355458784 670165355617646 670165356171124 670165394818356
670165394824564 670165394972704 670165395499136 670165433942312 670165433942342 670165434071192 670165434627856 670165472768298
670165472773534 670165472929283 670165473488499 670165510888810 670165510889070 670165511032086 670165511754984 670165549843324
670165549849694 670165549974978 670165550434964 670165588477278 670165588477330 670165588608274 670165589117576 670165626718434
670165626719129 670165626854433 670165627598948 670165665682388 670165665683222 670165665822888 670165666344756 670165704542198
670165704548550 670165704688918 670165705148544 670165743047900 670165743048098 670165743171128 670165743670023 670165781583942
670165781590154 670165781720388 670165782265852 670165820388418 670165820388430 670165820531128 670165821051550 670165859029338
670165859034700 670165859157202 670165859691922 670165897281699 670165897281732 670165897410831 670165897960275 670165935940812
670165935946964 670165936095366 670165936603656 670165974635730 670165974635988 670165974771636 670165975310018 670166013032308

670174059531470 670174059618038 670174060194384 670174102232196 670174102232242 670174102395142 670174106212272 670174141235818
670174141241864 670174141384008 670174145561146 670174181368648 670174181368912 670174181492828 670174184756710 670174219772208
670174219779444 670174219906892 670174223595364 670174259086562 670174259086794 670174259276090 670174261587654 670174296554154
670174296557966 670174296707870 670174300555572 670174335458274 670174335458286 670174335585892 670174339037960 670174374012288
670174374016034 670174374149822 670174377381584 670174412254170 670174412254216 670174412407326 670174416331232 670174451232094
670174451235864 670174451353232 670174455098002 670174489964794 670174489965026 670174490115096 670174493627726 670174528565324
670174528569062 670174528690968 670174532236656 670174567172862 670174567172874 670174567305954 670174571039698 670174606041376
670174606045332 670174606181594 670174609818688 670174644696104 670174644696132 670174644828436 670174648062890 670174682981920
670174682985802 670174683104154 670174686736846 670174721679504 670174721679516 670174721826896 670174725440560 670174761109178

670168450725960 670168450838262 670168451394300 670168491616468 670168491616480 670168491776670 670168492544284 670168527634210
670168527642300 670168527787238 670168531288040 670168566685176 670168566685898 670168566853732 670168571251876 670168605929250
670168605935192 670168606085756 670168610576132 670168645592716 670168645592932 670168645742848 670168649977988 670168684767488
670168684771234 670168684895300 670168687997798 670168722908950 670168722909142 670168723028896 670168727198012 670168762115772
670168762120350 670168762259762 670168766298358 670168801890644 670168801890822 670168802029232 670168804364578 670168839786062
670168839790076 670168839932614 670168841896130 670168876793846 670168876794030 670168876936642 670168881589574 670168916493224
670168916496864 670168916620618 670168920527298 670168955373444 670168955373622 670168955498528 670168958015670 670168992949948
670168992953590 670168993089298 670168997889446 670169032791932 670169032792164 670169032919792 670169035286374 670169070212510
670169070216672 670169070343112 670169073948310 670169108869234 670169108869432 670169109017918 670169111832192 670169146789646

670167954015344 670167954087514 670167954692144 670167992343074 670167992343086 670167992503852 670167999382550 670168034442186
670168034448000 670168034595076 670168039439410 670168074317878 670168074318082 670168074450032 670168078690940 670168113590586
670168113596780 670168113724322 670168117621184 670168152499466 670168152499478 670168152638830 670168156220808 670168191130856
670168191137042 670168191264312 670168194878200 670168230423868 670168230424080 670168230553456 670168233631190 670168268570534
670168268576332 670168268699238 670168272139396 670168306919602 670168306919806 670168307049570 670168310132360 670168344971002
670168344977256 670168345119700 670168349481778 670168384369518 670168384369734 670168384491030 670168388100920 670168423688282
670168423694654 670168423829450 670168426313450 670168461180598 670168461180810 670168461323052 670168465130640 670168501089340
670168501095508 670168501221718 670168503554806 670168538430014 670168538430026 670168538551928 670168542089564 670168576989476
670168576995390 670168577139126 670168579970148 670168615115174 670168615115400 670168615243408 670168619162550 670168654036142

670165951464926 670165951582876 670165952166400 670165996073326 670165996073594 670165996232302 670165998078140 670166036144910
670166036151092 670166036308736 670166037406218 670166075453160 670166075453388 670166075589710 670166076534788 670166114376248
670166114380408 670166114515350 670166115395080 670166152940270 670166152940338 670166153086784 670166153654703 670166191647824
670166191652452 670166191783950 670166192342394 670166230324600 670166230324850 670166230462650 670166231023248 670166268772234
670166268776850 670166268975206 670166269499576 670166306889240 670166306889470 670166307036772 670166308250738 670166346297502
670166346302110 670166346445838 670166347056110 670166384921630 670166384921876 670166385063102 670166385576860 670166423013306
670166423018342 670166423165170 670166424173295 670166461866550 670166461866562 670166462027280 670166462957106 670166500262958
670166500266914 670166500392506 670166501597694 670166538815052 670166538815070 670166538973944 670166539865762 670166576728736
670166576733352 670166576882044 670166578511010 670166615831542 670166615831856 670166615975996 670166617215428 670166654364058

670166378072148 670166378148590 670166378799738 670166416042730 670166416042752 670166416207784 670166423377068 670166458422252
670166458427760 670166458575920 670166463432294 670166498498146 670166498498192 670166498631542 670166502805300 670166537832364
670166537837778 670166537959114 670166541747270 670166577185628 670166577186096 670166577375854 670166580424752 670166615138292
670166615143178 670166615295654 670166618865956 670166653851822 670166653852030 670166653974396 670166657564530 670166693498394
670166693504454 670166693666996 670166696273068 670166731544106 670166731544310 670166731678574 670166734249160 670166769153150
670166769158188 670166769285024 670166773611502 670166808652832 670166808653052 670166808792848 670166812289222 670166847281734
670166847283222 670166847404714 670166850303256 670166885202644 670166885202850 670166885327248 670166889119272 670166924019748
670166924025964 670166924170450 670166927545434 670166962544108 670166962544350 670166962668944 670166966203588 670167001188556
670167001194570 670167001337292 670167004088672 670167038968204 670167038968434 670167039095506 670167043159512 670167078059958

670166321698500 670166321809610 670166322359136 670166362551594 670166362551788 670166362774026 670166363165416 670166397864282
670166397870116 670166398032898 670166401320818 670166436944656 670166436944870 670166437078184 670166440453140 670166475312784
670166475317634 670166475444436 670166479841470 670166514865318 670166514865518 670166515009670 670166519108446 670166554066488
670166554071420 670166554195324 670166558947622 670166593829740 670166593830026 670166593952520 670166597703588 670166632601360
670166632606450 670166632752452 670166636000864 670166670964554 670166670964724 670166671098986 670166675281448 670166710866212
670166710874770 670166711007546 670166714091914 670166748956458 670166748956642 670166749102120 670166752744950 670166787608992
670166787612922 670166787729682 670166790614436 670166825558342 670166825563780 670166825687524 670166830159284 670166865121064
670166865126094 670166865261280 670166868739680 670166903598824 670166903599014 670166903732352 670166907070948 670166941962238
670166941967534 670166942091158 670166945687216 670166981312700 670166981312892 670166981459882 670166984448906 670167019275482

670164730757684 670164730837470 670164731324782 670164770619698 670164770619904 670164770842994 670164772403350 670164810290872
670164810297164 670164810485748 670164811630870 670164849469394 670164849469594 670164849600746 670164851502908 670164888866276
670164888866394 670164889000190 670164890818696 670164928126372 670164928126564 670164928272468 670164929815656 670164967879122
670164967883174 670164968012570 670164968571474 670165006626388 670165006626584 670165006755176 670165007504986 670165044974040
670165044977890 670165045111818 670165045747880 670165083885334 670165083885590 670165084027288 670165084797362 670165122803352
670165122807188 670165122953660 670165123529300 670165161472092 670165161472292 670165161602928 670165162186720 670165199572302
670165199578220 670165199705292 670165200806804 670165239019284 670165239019488 670165239172190 670165239670550 670165277582210
670165277588426 670165277724560 670165278261722 670165315781462 670165315781728 670165315942795 670165316589400 670165354469364
670165354475300 670165354623832 670165355129164 670165393225194 670165393225394 670165393357692 670165393892118 670165431780416

670162993644848 670162993751794 670162994413608 670163030594286 670163030594320 670163030755010 670163038636404 670163073766640
670163073773976 670163073929298 670163078689692 670163113643410 670163113643422 670163113775472 670163117989034 670163152898012
670163152903728 670163153053230 670163156943048 670163192029646 670163192029672 670163192159862 670163195679348 670163230742608
670163230748670 670163230872924 670163234326420 670163269241050 670163269241096 670163269386706 670163272940914 670163307816460
670163307821292 670163307939826 670163311447934 670163346264456 670163346264684 670163346418406 670163349439998 670163384935710
670163384944550 670163385117546 670163388995152 670163423891416 670163423891668 670163424017088 670163427552544 670163462421592
670163462425196 670163462553298 670163465566958 670163501005666 670163501005926 670163501155472 670163504573860 670163539384656
670163539388996 670163539516838 670163542803440 670163577708464 670163577708730 670163577839454 670163581393036 670163616265008
670163616270890 670163616412914 670163619275478 670163654208574 670163654208840 670163654339820 670163658418136 670163693986362

670171255700044 670171255785850 670171256511942 670171294910226 670171294910272 670171295072266 670171297247618 670171332270662
670171332275948 670171332423590 670171336435874 670171371744122 670171371744328 670171371925342 670171376426242 670171410895784
670171410901910 670171411065648 670171415777962 670171450670824 670171450671090 670171450819956 670171455165776 670171489950834
670171489955522 670171490078564 670171493394328 670171528313036 670171528313242 670171528440542 670171531962090 670171566707934
670171566713778 670171566857524 670171571503374 670171607064526 670171607064748 670171607219916 670171609554850 670171644407604
670171644412168 670171644536888 670171647571094 670171683238918 670171683239126 670171683397444 670171686855028 670171721709578
670171721714356 670171721840808 670171725302246 670171760239352 670171760239576 670171760380580 670171763723288 670171798636696
670171798641466 670171798786848 670171802043006 670171836946894 670171836947150 670171837090106 670171840495548 670171875304372
670171875310410 670171875435586 670171879119154 670171914105640 670171914105830 670171914248716 670171916943056 670171951824512

670167355535058 670167355656772 670167356207302 670167394724686 670167394724698 670167394883086 670167397291268 670167431703198
670167431709228 670167431851188 670167434257012 670167469039332 670167469039560 670167469208498 670167473860972 670167507878340
670167507884664 670167508048376 670167512680848 670167547041632 670167547041846 670167547181598 670167550964908 670167585228512
670167585234440 670167585354376 670167590711288 670167625075836 670167625076112 670167625201234 670167627925816 670167662299808
670167662305530 670167662440432 670167667858812 670167702272656 670167702272918 670167702406458 670167705262950 670167740349554
670167740351324 670167740481896 670167745113320 670167779503560 670167779503768 670167779649036 670167783100358 670167817440650
670167817446100 670167817567838 670167821847856 670167856202066 670167856202290 670167856324422 670167859971046 670167894315306
670167894320700 670167894459108 670167899332382 670167933610976 670167933611194 670167933738328 670167937761154 670167971986020
670167971991568 670167972117722 670167976218196 670168010588964 670168010589192 670168010724384 670168015528744 670168049860202

670163789585454 670163789666668 670163790411634 670163828627300 670163828627588 670163828780692 670163833617010 670163868117736
670163868123348 670163868262840 670163871807674 670163906902156 670163906902376 670163907067114 670163911790990 670163946111784
670163946117830 670163946270318 670163950052574 670163984571514 670163984571530 670163984717158 670163989127950 670164023655740
670164023661458 670164023778776 670164027181882 670164061583654 670164061583666 670164061724436 670164066386146 670164101894378
670164101896510 670164102019428 670164104634330 670164139106574 670164139106586 670164139234604 670164143484554 670164177967962
670164177975412 670164178105972 670164182153450 670164216557330 670164216557342 670164216690378 670164220849200 670164255300250
670164255307674 670164255428324 670164259241356 670164293765720 670164293765782 670164293909324 670164298376958 670164332938026
670164332945512 670164333061484 670164336806740 670164371259304 670164371259316 670164371388370 670164375267830 670164409728514
670164409733404 670164409868504 670164413752306 670164448286742 670164448286754 670164448415158 670164452518500 670164487817132

670161303680986 670161303801826 670161304481830 670161347038378 670161347038436 670161347207874 670161350241676 670161385299190
670161385304728 670161385458680 670161389565198 670161425286984 670161425286996 670161425430720 670161428633960 670161463548626
670161463548886 670161463692238 670161467462940 670161502414864 670161502414882 670161502575726 670161505381136 670161540234796
670161540240596 670161540374448 670161544428608 670161579425310 670161579425322 670161579580874 670161583040842 670161617961804
670161617967388 670161618096758 670161621210612 670161656889402 670161656889418 670161657040058 670161660408772 670161695403902
670161695409656 670161695558558 670161699114004 670161734185614 670161734185626 670161734322938 670161737620204 670161772616718
670161772622488 670161772749746 670161776234068 670161811144462 670161811144474 670161811293338 670161815040092 670161849891152
670161849896944 670161850028020 670161853610670 670161888547018 670161888547030 670161888683248 670161891855532 670161926763054
670161926768802 670161926914892 670161930521520 670161965443252 670161965443264 670161965580938 670161969231248 670162004083196

670171033900796 670171033980212 670171034756786 670171073848248 670171073848294 670171074014102 670171077994358 670171112567594
670171112571496 670171112715922 670171116191518 670171151435562 670171151435780 670171151594984 670171156168668 670171190601918
670171190607802 670171190765508 670171194538124 670171229053356 670171229053562 670171229198122 670171233795968 670171268568426
670171268569932 670171268706792 670171271238552 670171305751562 670171305751802 670171305869314 670171310318012 670171344817330
670171344823832 670171344967148 670171348747758 670171383203080 670171383203310 670171383329560 670171387741212 670171422206598
670171422215982 670171422341694 670171426219060 670171460707866 670171460708124 670171460844372 670171464941048 670171499398930
670171499408216 670171499530186 670171503456178 670171538037856 670171538038086 670171538162466 670171542067482 670171576669984
670171576676444 670171576824576 670171580800370 670171615259502 670171615259714 670171615384856 670171619530674 670171653999808
670171654005320 670171654141696 670171657681766 670171692248318 670171692248540 670171692367626 670171696408150 670171730939642
