16 43
669889000427556 669889000647996 669889001212948 669889006152978 669889000653480 669889000818638 669889006324684 669889011211724
669889006157558 669889006334442 669889011835100 669889016973684 669889011216294 669889011362020 669889017137912 669889022115450
669889016979056 669889017125356 669889022623528 669889027671544 669889022119784 669889022262978 669889027841948 669889032902416
669889027677082 669889027853994 669889033468524 669889038485444 669889032907033 669889033150194 669889038646318 669889043666360
669889038490666 669889038654992 669889044176340 669889049216890 669889043669430 669889043812678 669889049387760 669889054437056
669889049223134 669889049373940 669889054939504 669889059984952 669889054440170 669889054582204 669889060150414 669889065199432
669889059991334 669889060159344 669889065685720 669889070709950 669889065202468 669889065345668 669889070871396 669889075904272
669889070715694 669889070879986 669889076406758 669889081462666 669889075907552 669889076049402 669889081623008 669889086667418
669889081469364 669889081631604 669889087152274 669889092146624 669889086670404 669889086815456 669889092159430 669889097231806

669885446464720 669885446612846 669885447702264 669885452632962 669885446651202 669885446828612 669885452870242 669885457753240
669885452637540 669885452880372 669885458249390 669885463246114 669885457757062 669885457907000 669885463632058 669885468612984
669885463249802 669885463550754 669885468872504 669885473999772 669885468616426 669885468764380 669885474472520 669885479414950
669885474003742 669885474150668 669885479685978 669885484710530 669885479418402 669885479769922 669885485023452 669885489948544
669885484714144 669885485106002 669885490374643 669885495299816 669885489952912 669885490100704 669885495547176 669885500457884
669885495303946 669885495556234 669885500924454 669885505864504 669885500461076 669885500602668 669885506140990 669885511131832
669885505869028 669885506225534 669885511513571 669885516531108 669885511135348 669885511282796 669885516801508 669885521814022
669885516534906 669885516882834 669885522118754 669885527085222 669885521817394 669885522200844 669885527346176 669885532359512
669885527089090 669885527354786 669885532842022 669885537807008 669885532363094 669885532508206 669885537884536 669885542940830

669880723455600 669880723713110 669880724361966 669880729071648 669880723744434 669880723965486 669880729233242 669880734033898
669880729076618 669880729220434 669880734411632 669880739292546 669880734037488 669880734186524 669880739642486 669880744563264
669880739298214 669880739660002 669880744898554 669880749804352 669880744567546 669880744710784 669880750155052 669880755013198
669880749809016 669880749951644 669880755328512 669880760169064 669880755016762 669880755153796 669880760535468 669880765423368
669880760172920 669880760511040 669880765755440 669880770603590 669880765427754 669880765570674 669880770929018 669880775820848
669880770607558 669880770749158 669880776143350 669880780963348 669880775824770 669880775963510 669880781290114 669880786146602
669880780967556 669880781107918 669880786472836 669880791275814 669880786150988 669880786293602 669880791602116 669880796451322
669880791279866 669880791609584 669880796776594 669880801609860 669880796455640 669880796786064 669880801960004 669880806805566
669880801614076 669880801781690 669880807131006 669880811919360 669880806809602 669880806949876 669880812102810 669880816953704

669889473441838 669889473575438 669889474544884 669889479469700 669889473580972 669889473783970 669889479727346 669889484596954
669889479475626 669889479738404 669889485107666 669889490074200 669889484600716 669889484761090 669889490434784 669889495368492
669889490079722 669889490224520 669889495624280 669889500634658 669889495372188 669889495516972 669889501101308 669889506103022
669889500639700 669889501113410 669889506488398 669889511485750 669889506107198 669889506497372 669889511877336 669889516858344
669889511490842 669889511633106 669889517237616 669889522220688 669889516861340 669889517006066 669889522476472 669889527457898
669889522226038 669889522372684 669889527926018 669889532919526 669889527461282 669889527605568 669889533283780 669889538240438
669889532925038 669889533292574 669889538607512 669889543607452 669889538243808 669889538383830 669889544011032 669889548988566
669889543611466 669889543904130 669889549266376 669889554245176 669889548991712 669889549155940 669889554707114 669889559687098
669889554248978 669889554411426 669889560117348 669889565090820 669889559691220 669889559846390 669889565151784 669889570098228

669883866528058 669883866764434 669883867475858 669883872344818 669883866771982 669883867057410 669883872519030 669883877434510
669883872350822 669883872503454 669883877998986 669883882930490 669883877438776 669883877594312 669883883097400 669883888011174
669883882936630 669883883111730 669883888533276 669883893504080 669883888014734 669883888159278 669883893703550 669883898702590
669883893509854 669883893657864 669883899145108 669883904096544 669883898706744 669883899231610 669883904344184 669883909918618
669883904101860 669883904246232 669883910396880 669883915354702 669883909923280 669883910072248 669883915515870 669883920573410
669883915359948 669883915529026 669883921059478 669883926002826 669883920576154 669883921143106 669883926175074 669883931159740
669883926007072 669883926159098 669883931652280 669883936588852 669883931162576 669883931306924 669883936751520 669883941710448
669883936594900 669883936760114 669883942208506 669883947152150 669883941713550 669883941858524 669883947334796 669883952359778
669883947157532 669883947344082 669883952870072 669883957793416 669883952362774 669883952525930 669883957819626 669883962795444

669883368592190 669883368730754 669883369781297 669883374673772 669883368803862 669883369011828 669883374922970 669883379871755
669883374678502 669883374841304 669883380407348 669883385354508 669883379875502 669883380021290 669883385734116 669883390773306
669883385357666 669883385651104 669883391035156 669883396016650 669883390777418 669883391044956 669883396510144 669883401617752
669883396020442 669883396185812 669883402013038 669883407002692 669883401622344 669883401765234 669883407161376 669883412186704
669883407006890 669883407170504 669883412673770 669883417650364 669883412191436 669883412341668 669883418008430 669883423035740
669883417654632 669883417802744 669883423255902 669883428228996 669883423038852 669883423178840 669883428597262 669883433633608
669883428231992 669883428725684 669883433912014 669883438902976 669883433637494 669883433996898 669883439183370 669883444203748
669883438906094 669883439268230 669883444647970 669883449630500 669883444207434 669883444351450 669883449869096 669883454885214
669883449633650 669883449779224 669883455322038 669883460297772 669883454888126 669883455029902 669883460371832 669883465380882

669881365663090 669881365798340 669881366564814 669881371442846 669881365804630 669881366011554 669881371705732 669881376622254
669881371447950 669881371600756 669881376998124 669881381945894 669881376626204 669881376776320 669881382287306 669881387261308
669881381950062 669881382097862 669881387590792 669881392551276 669881387264680 669881387602480 669881392901796 669881397976338
669881392555384 669881392703470 669881398304236 669881403297382 669881397980236 669881398314290 669881403682160 669881408691458
669881403302222 669881403515522 669881409025776 669881413973280 669881408695350 669881408842306 669881414289548 669881419272848
669881413976648 669881414297734 669881419646818 669881424576732 669881419275880 669881419441130 669881424911262 669881429887382
669881424581048 669881424919014 669881430053584 669881435022366 669881429891084 669881430206198 669881435357266 669881440357688
669881435026682 669881435167108 669881440688700 669881445660096 669881440361242 669881440509234 669881445991452 669881450994588
669881445663610 669881446000226 669881451332834 669881456275376 669881450998408 669881451340342 669881456424840 669881461406946

669881793981898 669881794134992 669881794758688 669881799637220 669881794169764 669881794346432 669881799694054 669881804594416
669881799641676 669881799809356 669881805096118 669881810054586 669881804598126 669881804745056 669881810300890 669881815269728
669881810058986 669881810207028 669881815784260 669881820785530 669881815273392 669881815675584 669881820975038 669881825974566
669881820789856 669881820937024 669881826442796 669881831417450 669881825978474 669881826532782 669881831738398 669881836690148
669881831422040 669881831747348 669881837024050 669881841992920 669881836694114 669881837031490 669881842329626 669881847289006
669881841997064 669881842138892 669881847657222 669881852703422 669881847292382 669881847696006 669881852944078 669881857890122
669881852707176 669881852952594 669881858331058 669881863330040 669881857893556 669881858038546 669881863695732 669881868648832
669881863334804 669881863704640 669881869000250 669881873977554 669881868651970 669881868794514 669881874322110 669881879293620
669881873982114 669881874330514 669881879652976 669881884632340 669881879296784 669881879438904 669881884713372 669881889638374

669881736462396 669881736620362 669881737335472 669881742275080 669881736695358 669881736897672 669881742538728 669881747429420
669881742281036 669881742430104 669881747933328 669881752929774 669881747434104 669881747580874 669881753337046 669881758270150
669881752934456 669881753097416 669881758519866 669881763580714 669881758273286 669881758420566 669881764010884 669881768947056
669881763585104 669881764104344 669881769230882 669881774244472 669881768950340 669881769316862 669881774645266 669881779587298
669881774248742 669881774391626 669881779943800 669881784936526 669881779591000 669881779874722 669881785219164 669881790161554
669881784940204 669881785308418 669881790543268 669881795560520 669881790165542 669881790311274 669881795816376 669881800779136
669881795565282 669881795898946 669881801161626 669881806167620 669881800782046 669881800930232 669881806423660 669881811367784
669881806172386 669881806432498 669881811824590 669881816822734 669881811370404 669881811513498 669881817070828 669881822093500
669881816827300 669881817211350 669881822378058 669881827361840 669881822096842 669881822460432 669881827462540 669881832419664

669880145353502 669880145489212 669880146105756 669880151035676 669880145516444 669880145710024 669880151303820 669880156171662
669880151040450 669880151193530 669880156540402 669880161527190 669880156175522 669880156552876 669880161857414 669880166818116
669880161531866 669880161676200 669880167153592 669880172170690 669880166821994 669880167164074 669880172629610 669880177612422
669880172176746 669880172324632 669880177877868 669880182870002 669880177615988 669880177951770 669880183162236 669880188094076
669880182873816 669880183019398 669880188525888 669880193497486 669880188097220 669880188242904 669880193766598 669880198711148
669880193502300 669880193776338 669880199063924 669880204037330 669880198714936 669880199137804 669880204412962 669880209376556
669880204042552 669880204188302 669880209734502 669880214674208 669880209379554 669880209518810 669880214938498 669880219875222
669880214678154 669880215011560 669880220240840 669880225215960 669880219878150 669880220019230 669880225566370 669880230506718
669880225220010 669880225368834 669880230855274 669880235809104 669880230509660 669880230650130 669880235901822 669880240833354

669878408154674 669878408291570 669878408842774 669878413693852 669878408311194 669878408477944 669878413960168 669878418728262
669878413699150 669878413852662 669878419224392 669878424121530 669878418731912 669878419236286 669878424471672 669878429302890
669878424126052 669878424481308 669878429524404 669878434484294 669878429306166 669878429448948 669878434980704 669878439866826
669878434487862 669878434667328 669878440243584 669878445229034 669878439870684 669878440040066 669878445621920 669878450460414
669878445232758 669878445546630 669878450821210 669878455744236 669878450463580 669878450608734 669878456006012 669878460856480
669878455747924 669878455892768 669878461305750 669878466204698 669878460859532 669878461000442 669878466456654 669878471283306
669878466208874 669878466353370 669878471602306 669878476500992 669878471286518 669878471430978 669878476870522 669878481694980
669878476506324 669878476822084 669878482018636 669878486925980 669878481698246 669878481841582 669878487256340 669878492097024
669878486930340 669878487264810 669878492424626 669878497295872 669878492100700 669878492242574 669878497458766 669878502271048

669886669943678 669886670088152 669886670797208 669886675752602 669886670180164 669886670370068 669886675921282 669886680808084
669886675757672 669886675906342 669886681362822 669886686350370 669886680812426 669886680957884 669886686516480 669886691468520
669886686355930 669886686525992 669886691980418 669886697008110 669886691472822 669886691616220 669886697167822 669886702159066
669886697013858 669886697155162 669886702694624 669886707703424 669886702162014 669886702315364 669886707869106 669886712823534
669886707709478 669886707882338 669886713350476 669886718362372 669886712826726 669886712971620 669886718524590 669886723489068
669886718367818 669886718511480 669886724012778 669886729001150 669886723492042 669886723631316 669886729169282 669886734133362
669886729007048 669886729152514 669886734671154 669886739669064 669886734137592 669886734566254 669886739837392 669886744793116
669886739674776 669886739821152 669886745305046 669886750270406 669886744796430 669886744934520 669886750433808 669886755396142
669886750275600 669886750442782 669886755884654 669886760854138 669886755399654 669886755541366 669886760868194 669886765822468

669882770264434 669882770399448 669882771021886 669882775814384 669882770444992 669882770617918 669882775980806 669882780758120
669882775819160 669882775990186 669882781249096 669882786180320 669882780761386 669882780903718 669882786418476 669882791234788
669882786184354 669882786329910 669882791586078 669882796548280 669882791238654 669882791520984 669882796909372 669882801787078
669882796553268 669882796734734 669882802160898 669882807226674 669882801791864 669882801933284 669882807581064 669882812418668
669882807230400 669882807373544 669882812762264 669882817704434 669882812422008 669882812772020 669882818028930 669882822860552
669882817708840 669882817854126 669882823255464 669882828725786 669882822864114 669882823005336 669882829050258 669882833894684
669882828730050 669882829059504 669882834217904 669882839150612 669882833899624 669882834225284 669882839481194 669882844310954
669882839155170 669882839298086 669882844633302 669882849555394 669882844315964 669882844454530 669882849880700 669882854734202
669882849559426 669882849889730 669882855058146 669882859954166 669882854738864 669882855066158 669882860123966 669882864944392

669879204671866 669879204928644 669879205717878 669879210698454 669879204935052 669879205130804 669879210872558 669879215749738
669879210705008 669879210885286 669879216323066 669879221304708 669879215753544 669879215909868 669879221466094 669879226455390
669879221310458 669879221454808 669879226964750 669879231992338 669879226459004 669879226600624 669879232158866 669879237176360
669879231998372 669879232142512 669879237710366 669879242729074 669879237179828 669879237321402 669879242895784 669879247875724
669879242733100 669879242877266 669879248425794 669879253459944 669879247878958 669879248336490 669879253624066 669879258601052
669879253464218 669879253632636 669879259187502 669879264183048 669879258604038 669879258745252 669879264344914 669879269308624
669879264187452 669879264353898 669879269809956 669879274799996 669879269312730 669879269451874 669879274967718 669879279935706
669879274804500 669879274976726 669879280452924 669879285462616 669879279939426 669879280082206 669879285627572 669879290603830
669879285467126 669879285610514 669879291083390 669879296083216 669879290606930 669879290745316 669879296094726 669879301058876

669876718330112 669876718602474 669876719219464 669876724091420 669876718656766 669876718856270 669876724428800 669876729322628
669876724096260 669876724265582 669876729702634 669876734639740 669876729326792 669876729474042 669876734969950 669876739953866
669876734644202 669876734791102 669876740289544 669876745272966 669876739956814 669876740100532 669876745591956 669876750565476
669876745276534 669876745423152 669876750924766 669876755886232 669876750568752 669876750716216 669876756259334 669876761253026
669876755890446 669876756108310 669876761584238 669876766542356 669876761257050 669876761403168 669876766855412 669876771831056
669876766546360 669876766864588 669876772180090 669876777155422 669876771834894 669876771976152 669876777495190 669876782511434
669876777160206 669876777306344 669876782834140 669876787809968 669876782515170 669876782655534 669876788148384 669876793124418
669876787814556 669876788156962 669876793443526 669876798400854 669876793128474 669876793272290 669876798750236 669876803716128
669876798405416 669876798552378 669876804043288 669876809026864 669876803719318 669876803864520 669876809180454 669876814137868

669886448958892 669886449110548 669886449854758 669886454698954 669886449207773 669886449531326 669886454870220 669886459776170
669886454705050 669886454853644 669886460346892 669886465291146 669886459779692 669886459952888 669886465487922 669886470474286
669886465295046 669886465497768 669886470941676 669886475915812 669886470477450 669886471026898 669886476086632 669886481096428
669886475920948 669886476069242 669886481608238 669886486609474 669886481099532 669886481241816 669886486816792 669886491816120
669886486613918 669886486830032 669886492306060 669886497257606 669886491820354 669886491966878 669886497428274 669886502427690
669886497263288 669886497409808 669886502932476 669886507907452 669886502430424 669886502572408 669886508080826 669886513068304
669886507912510 669886508060710 669886513567518 669886518519096 669886513071204 669886513214590 669886518687530 669886523682864
669886518523804 669886518669530 669886524181560 669886529126852 669886523685244 669886523825198 669886529317484 669886534288416
669886529130958 669886529275336 669886534918996 669886540309984 669886534291872 669886534434042 669886540325888 669886545256550
