16 297
670197956597908 670197966168652 670197982476266 670198017260390 670197966168740 670197972103834 670198018265548 670198053272980
670198017260402 670198018258720 670198066627848 670198101504982 670198053274072 670198054208688 670198103737984 670198139328530
670198101504994 670198103700012 670198150542230 670198185427036 670198139329534 670198141722480 670198186374566 670198221213568
670198185427048 670198186341634 670198231740152 670198266607166 670198221214564 670198223685710 670198267648838 670198302655140
670198266607178 670198267616496 670198315888372 670198350792752 670198302656168 670198305089762 670198351766634 670198386746634
670198350792764 670198351693442 670198404402250 670198439731982 670198386747646 670198387802032 670198440669796 670198475645818
670198439731994 670198440644586 670198482232632 670198517159200 670198475646772 670198476570800 670198533336922 670198568260626
670198517159246 670198518077518 670198571112084 670198605983380 670198568261526 670198569211198 670198613118846 670198648044542
670198605983392 670198606897524 670198656981484 670198691832576 670198648045538 670198648963588 670198691857880 670198726739144

670194402829206 670194415525858 670194429853516 670194464332918 670194415525926 670194421628446 670194467970656 670194502529636
670194464332930 670194466576250 670194513514348 670194547940428 670194502536216 670194509165752 670194549055744 670194583534238
670194547940440 670194548845562 670194591061394 670194625404064 670194583540362 670194586027794 670194626682334 670194661083070
670194625404076 670194626311098 670194681030156 670194715442694 670194661088846 670194661993752 670194718001718 670194752447772
670194715442706 670194717961284 670194768593134 670194803025284 670194752453488 670194759156290 670194804071330 670194838549894
670194803025296 670194804032630 670194857380876 670194891814412 670194838553314 670194839461038 670194893413470 670194927896922
670194891814424 670194892760234 670194940061736 670194974606342 670194927902992 670194932104010 670194975736700 670195010284242
670194974606354 670194975639696 670195018721246 670195053254244 670195010290272 670195015748338 670195060188126 670195094716370
670195053254256 670195054166354 670195100778926 670195135321620 670195094722492 670195097312636 670195135340446 670195169922330

670189678865190 670189693318168 670189705990588 670189740701716 670189693318250 670189699422340 670189741799512 670189776526824
670189740701728 670189741674220 670189790647688 670189825735896 670189776534704 670189783607750 670189828900452 670189863960312
670189825735942 670189826802564 670189875764152 670189910766590 670189863965202 670189870634610 670189912072830 670189947037420
670189910766602 670189911694660 670189957963316 670189992921508 670189947043260 670189952483974 670189994056440 670190029073750
670189992921554 670189994050620 670190045433758 670190080385766 670190029078750 670190035784844 670190087561250 670190122597132
670190080385778 670190081453330 670190129317260 670190164392410 670190122603054 670190127852350 670190166434560 670190201440876
670190164392422 670190165337602 670190212080296 670190246999330 670190201441304 670190204086604 670190247951600 670190282879962
670190246999376 670190247917804 670190294097190 670190328983338 670190282885352 670190286802808 670190331749314 670190366728288
670190328983350 670190331703982 670190376315100 670190411304320 670190366733330 670190373417442 670190411456034 670190446417420

670198428971038 670198439949434 670198455514764 670198490673000 670198439949524 670198446051490 670198491657888 670198526985336
670198490673012 670198491587288 670198540643792 670198575949602 670198526991278 670198527914630 670198577201112 670198612496026
670198575949614 670198577162102 670198623555710 670198658745778 670198612500798 670198619214244 670198659933230 670198695131296
670198658745790 670198659664084 670198706053670 670198741283908 670198695137014 670198699052102 670198742410558 670198777707286
670198741283920 670198742204004 670198795431486 670198830542734 670198777712176 670198783045012 670198833245410 670198868464464
670198830542746 670198831478734 670198877778196 670198912942340 670198868470210 670198873786970 670198916317776 670198951506258
670198912942352 670198913873376 670198953778388 670198989042572 670198951511880 670198952535974 670198990302958 670199025529010
670198989042584 670198989950420 670199038852774 670199074130496 670199025533766 670199026444132 670199083101034 670199118315914
670199074130508 670199080753016 670199125536770 670199160792436 670199118320612 670199119219208 670199160914734 670199196141546

670192819894624 670192833791486 670192843773084 670192878789398 670192833791568 670192839863758 670192881417120 670192915788628
670192878789444 670192881345996 670192928455314 670192962644982 670192915795588 670192922704542 670192968377276 670193002650260
670192962644994 670192968370106 670193013836670 670193048406486 670193002656998 670193009463942 670193050708878 670193085301884
670193048406498 670193050635136 670193098214086 670193132687458 670193085307250 670193092105440 670193133832104 670193169098526
670193132687470 670193133586982 670193182847844 670193217346626 670193169103904 670193174428532 670193218292204 670193252886738
670193217346638 670193218264274 670193272384866 670193306835154 670193252894042 670193253803376 670193315429930 670193349966496
670193306835166 670193307970674 670193356678442 670193391145660 670193349971036 670193355241900 670193398081112 670193432528204
670193391145672 670193396471842 670193433683562 670193468137088 670193432529546 670193433678136 670193477393510 670193511872130
670193468137100 670193472084220 670193516549924 670193551000136 670193511877116 670193512767886 670193551034342 670193585578774

670192323375954 670192328389594 670192349329102 670192384028286 670192328389626 670192334484680 670192385098514 670192419985992
670192384028298 670192384989758 670192435703920 670192470762318 670192419993468 670192421074638 670192471762642 670192506851306
670192470762330 670192471681428 670192520759186 670192555411826 670192506855054 670192507939102 670192556527344 670192591297252
670192555411838 670192556364186 670192608236438 670192643229622 670192591303614 670192598583784 670192644311078 670192679304016
670192643229634 670192644280616 670192693663066 670192728557998 670192679304520 670192683250770 670192731086222 670192766035730
670192728558044 670192731016314 670192778123004 670192812962922 670192766041512 670192772694520 670192819309702 670192854276792
670192812962934 670192817216070 670192860884532 670192895840220 670192854282514 670192858268228 670192900840752 670192935807068
670192895840232 670192898096390 670192941818604 670192976726292 670192935811890 670192939758580 670192980958976 670193015849948
670192976726304 670192979074622 670193021113818 670193056057738 670193015854748 670193018363846 670193056322368 670193091253396

670190320714590 670190332502188 670190346774732 670190381219830 670190332502276 670190338669488 670190382119038 670190417440870
670190381219842 670190382111108 670190434896104 670190469425534 670190417447112 670190418378012 670190470360734 670190504922600
670190469425546 670190470330686 670190523576360 670190558095678 670190504927284 670190505904320 670190559156862 670190593741458
670190558095724 670190559123600 670190606401080 670190640943116 670190593747660 670190594665262 670190641944526 670190676517644
670190640943162 670190641908656 670190685669844 670190720236928 670190676523748 670190677476186 670190721201146 670190755741832
670190720236940 670190721178368 670190773367136 670190807945476 670190755747890 670190756688874 670190808891334 670190843482082
670190807945488 670190808851840 670190855113308 670190889621780 670190843490034 670190846108796 670190891254782 670190926412212
670190889621826 670190890518238 670190939141008 670190973654174 670190926420224 670190927326590 670190974585466 670191009136346
670190973654220 670190974553508 670191022930870 670191057415726 670191009136784 670191010062574 670191057510812 670191092038920

670190747379794 670190756825802 670190772685418 670190807457190 670190756825848 670190762962326 670190809863734 670190845281674
670190807457202 670190809797520 670190855769874 670190890654650 670190845282734 670190849171362 670190892951438 670190927870902
670190890654662 670190892925294 670190941244974 670190976145720 670190927876468 670190928809042 670190978450642 670191013406430
670190976145766 670190978411634 670191027621102 670191062474712 670191013411912 670191015792178 670191063536084 670191098483374
670191062474724 670191063512864 670191112750298 670191147643080 670191098488142 670191099435094 670191148704804 670191183660004
670191147643126 670191148670562 670191195365728 670191230228420 670191183665720 670191187575096 670191231326332 670191266264438
670191230228432 670191231295324 670191275980386 670191310930552 670191266264944 670191267192810 670191324488218 670191359432496
670191310930564 670191311891166 670191360410806 670191395304058 670191359432942 670191360374930 670191404721502 670191439576798
670191395304070 670191396233644 670191440715258 670191475643876 670191439582490 670191440483874 670191476399598 670191511264068

670190690915068 670190698606076 670190715279374 670190749858320 670190698606128 670190704720054 670190750981984 670190785683758
670190749858332 670190750973550 670190801355588 670190836220630 670190785691624 670190786624118 670190837165822 670190872065124
670190836220642 670190837129934 670190887564966 670190922437676 670190872071534 670190872994230 670190923380366 670190958315022
670190922437688 670190923345800 670190977453914 670191012322376 670190958321020 670190959254724 670191013256094 670191048199776
670191012322388 670191013225664 670191061699494 670191096577692 670191048205718 670191050549888 670191097577730 670191132499588
670191096577704 670191097495686 670191143868390 670191178699558 670191132508108 670191133569458 670191179971998 670191214885290
670191178699604 670191179675906 670191223068004 670191257915518 670191214891244 670191218807632 670191268034456 670191302907982
670191257915530 670191258825280 670191307215348 670191342071280 670191302908402 670191305355176 670191347880900 670191382710470
670191342071326 670191344682800 670191391386320 670191426243130 670191382716454 670191385180380 670191426277340 670191461156768

670189100148654 670189110088936 670189127256752 670189161785680 670189110088984 670189116231424 670189165943064 670189200621262
670189161785692 670189164310506 670189215676924 670189250698718 670189200627742 670189207480190 670189251922204 670189286945532
670189250698730 670189251623468 670189304316516 670189339167490 670189286951972 670189293737134 670189340326980 670189375208016
670189339167502 670189340081418 670189388363496 670189423176510 670189375212730 670189382033694 670189425872480 670189460737784
670189423176556 670189424147644 670189471791044 670189506640258 670189460743892 670189467447094 670189509356478 670189544223534
670189506640304 670189507564758 670189553757444 670189588635598 670189544229586 670189549562800 670189595587266 670189630513372
670189588635610 670189589592272 670189637580172 670189672514506 670189630513802 670189631552150 670189673509820 670189709212284
670189672514518 670189673471028 670189719227492 670189754063062 670189709221818 670189710183500 670189758677884 670189793557316
670189754063074 670189754977350 670189803037634 670189837829266 670189793563416 670189797142918 670189837992106 670189872794142

670187362904260 670187376061402 670187390178930 670187425379358 670187376061448 670187382152310 670187432121298 670187467496844
670187425379370 670187432116054 670187478651272 670187513889946 670187467502576 670187474185654 670187520851370 670187556135112
670187513889992 670187520845716 670187567176838 670187602446958 670187556140516 670187562837694 670187603454532 670187638758448
670187602446970 670187603363910 670187651252788 670187686500970 670187638766746 670187645712894 670187692315710 670187727559650
670187686500982 670187688887050 670187734177694 670187769428850 670187727564662 670187731432044 670187771156042 670187806375798
670187769428862 670187770348718 670187815310898 670187850509538 670187806381586 670187810277930 670187853122808 670187888366130
670187850509550 670187851442738 670187898098868 670187933287274 670187888374394 670187893716710 670187934503426 670187969719536
670187933287286 670187934497968 670187982128088 670188017335164 670187969724434 670187976444252 670188018439246 670188053639802
670188017335176 670188018431766 670188065896862 670188101123642 670188053644816 670188060201180 670188101244916 670188136527186

670195625189366 670195631881484 670195651637380 670195685823678 670195631881582 670195638075146 670195688143070 670195722546346
670195685823690 670195688078348 670195740247822 670195774339492 670195722552092 670195723541530 670195776644272 670195810768030
670195774339504 670195776604230 670195828885324 670195862986912 670195810773732 670195813175614 670195864261052 670195898447098
670195863016704 670195864021594 670195912930360 670195947070118 670195898452780 670195902366624 670195947989972 670195982110310
670195947070130 670195947960718 670195991721760 670196025861218 670195982115930 670195987488670 670196029906998 670196064044690
670196025861230 670196028126030 670196074688426 670196108854764 670196064049678 670196067869636 670196110145544 670196144344676
670196108854776 670196109767698 670196159176214 670196193268654 670196144345110 670196145378872 670196194213414 670196228407462
670196193268666 670196194180320 670196241890550 670196276077928 670196228412378 670196232352154 670196280050672 670196314226898
670196276077940 670196278341206 670196325667090 670196359783722 670196314231610 670196315123568 670196359817046 670196394030064

670191724794814 670191736963336 670191749503240 670191784331810 670191736963428 670191743201018 670191786643936 670191821619946
670191784331856 670191786581516 670191827308404 670191862125644 670191821626206 670191822541986 670191867557640 670191902407870
670191862125656 670191864423018 670191913117598 670191947880744 670191902413994 670191903379820 670191949024534 670191983898658
670191947880790 670191949003590 670191999100504 670192033901020 670191983903694 670191984822950 670192034864624 670192069653084
670192033901066 670192034842720 670192088730388 670192123486884 670192069658786 670192070569756 670192124559682 670192159356530
670192123486896 670192124525770 670192174289158 670192209018150 670192159357014 670192163305162 670192210128984 670192244977236
670192209018162 670192209943450 670192259827656 670192294636358 670192244982932 670192247472788 670192301436280 670192336367538
670192294636370 670192295573926 670192345507224 670192380388134 670192336368010 670192342000552 670192384241350 670192419109624
670192380388146 670192382833600 670192426149400 670192461023798 670192419115330 670192423124750 670192461037950 670192495988778

670188158939376 670188167124298 670188183978984 670188218565212 670188167124392 670188173325618 670188219688506 670188254347352
670188218565224 670188219677834 670188269202054 670188304254856 670188254354930 670188255312338 670188305197394 670188340083174
670188304254868 670188305167276 670188355414346 670188390277130 670188340088178 670188341019680 670188392741604 670188427651802
670188390277142 670188391234300 670188443717378 670188478656716 670188427656778 670188430111734 670188479820388 670188514691302
670188478656728 670188479787316 670188529143850 670188563996932 670188514697170 670188519826272 670188565158812 670188600016408
670188563996944 670188565129000 670188611531914 670188646348400 670188600022308 670188605395914 670188649186234 670188684076362
670188646348412 670188649142882 670188696328312 670188731265860 670188684081348 670188690833998 670188735671078 670188770549774
670188731265872 670188733899236 670188777150028 670188812140828 670188770555684 670188774502508 670188813840020 670188848850878
670188812140840 670188813061626 670188859090704 670188894044286 670188848858476 670188851201818 670188894188204 670188929212158

670185672913402 670185683373804 670185699004770 670185733921508 670185683373888 670185689548204 670185734976226 670185770029314
670185733921520 670185734936258 670185787511364 670185822470360 670185770034818 670185773977868 670185823422084 670185859071310
670185822470372 670185823391088 670185876158204 670185911065424 670185859077094 670185861616726 670185912003914 670185946994070
670185911065436 670185911974822 670185960201040 670185995179914 670185946999724 670185949515290 670185996249340 670186031282834
670185995179960 670185996146766 670186040687166 670186075724964 670186031291408 670186035146780 670186077064100 670186112123750
670186075724976 670186076636466 670186124253668 670186159240750 670186112129942 670186113047686 670186160328744 670186195329370
670186159240796 670186160288408 670186208146926 670186243002860 670186195335080 670186199288618 670186244142604 670186279065478
670186243002872 670186243921048 670186291611822 670186326504338 670186279071176 670186281556380 670186327453722 670186362466512
670186326504350 670186327423248 670186375422402 670186410331150 670186362472182 670186364982450 670186410361008 670186445247700

670195403295178 670195409294836 670195426933944 670195461655102 670195409294906 670195415419298 670195464256038 670195499062758
670195461655114 670195464182628 670195508444276 670195543342828 670195499069598 670195501603052 670195546484110 670195581348458
670195543342840 670195544449488 670195596723310 670195631672624 670195581354168 670195583842370 670195632679130 670195667636270
670195631672636 670195632610374 670195683450262 670195718471742 670195667642060 670195671659512 670195720766388 670195755776210
670195718471754 670195719399344 670195768841154 670195803778564 670195755781772 670195761032918 670195804720220 670195839727952
670195803782412 670195804698978 670195851589798 670195886509842 670195839734366 670195840691320 670195888003410 670195922960182
670195886509854 670195887559930 670195932897524 670195967841614 670195922965902 670195925455552 670195968777300 670196003723254
670195967841626 670195968747950 670196015155388 670196049964582 670196003728950 670196006206588 670196051415178 670196086274190
670196049964594 670196050870488 670196103670906 670196138620080 670196086279928 670196087198268 670196138717942 670196173629426
