16 3680
671060535087844 671060545794872 671060569466656 671061176723688 671060545794960 671060556107286 671061176734176 671061784660904
671060569464276 671060573912480 671061784669526 671062390527760 671061176732874 671061183474960 671062390543280 671062987191604
671061784667780 671061787908068 671062987208336 671063506112958 671062390540898 671062393703300 671063506124748 671064025153598
671062987206670 671062990383510 671064025164012 671064542969276 671063506123140 671063509410950 671064542980124 671065061626320
671064025161610 671064028359400 671065061635346 671065578524438 671064542978196 671064546196606 671065578535774 671066079813054
671065061633912 671065064841894 671066079822390 671066579874694 671065578533908 671065581761730 671066579885208 671067080741898
671066079821152 671066083057346 671067080751832 671067579130486 671066579884790 671066584802650 671067579142034 671068078773328
671067080749498 671067084005006 671068078787896 671068579750420 671067579141634 671067586012506 671068579759784 671069082071104
671068078786426 671068082087698 671069082082122 671069582171728 671068579758834 671068583204990 671069582180410 671070082051824

671056974906094 671056985499222 671057012894698 671057513190542 671056985499312 671056995989456 671057513200778 671058014600282
671057012893356 671057017384870 671058014610256 671058513620018 671057513199628 671057518261842 671058513627518 671059015228434
671058014608878 671058019229122 671059015236814 671059513456184 671058513626576 671058518158372 671059513467476 671060012087702
671059015236140 671059018437804 671060012100516 671060511736806 671059513466482 671059516620448 671060511745522 671061010883444
671060012099164 671060015354674 671061010890264 671061510978678 671060511745004 671060514960562 671061510989338 671062010303532
671061010889320 671061014143130 671062032123104 671062531092492 671061510988412 671061514221972 671062531100432 671063031104230
671062032122252 671062035396070 671063034704058 671063532584496 671062531099756 671062536018454 671063532594504 671064031327210
671063034701894 671063037956334 671064035754930 671064535637152 671063532593754 671063537718210 671064535643196 671065034853070
671064035753392 671064039041964 671065034865358 671065533899294 671064535642720 671064538866198 671065533906214 671066031418138

671052250496206 671052261238896 671052287169070 671052895145454 671052261238996 671052271556326 671052895160432 671053504265222
671052287167042 671052294183660 671053504277072 671054111100840 671052895158156 671052903754702 671054111115758 671054687340744
671053504275258 671053508171222 671054687352888 671055187331342 671054111113348 671054121419142 671055187340696 671055688353318
671054687351832 671054694073364 671055688363122 671056188278830 671055187338828 671055197610132 671056188286514 671056689858868
671055688361776 671055697926042 671056689875412 671057189934652 671056188285414 671056198469720 671057189952162 671057691275004
671056689874246 671056699093052 671057691285930 671058190827616 671057189950364 671057199925282 671058190835888 671058691468112
671057691284250 671057694584894 671058691481216 671059191434490 671058190835132 671058201440438 671059191445426 671059693501250
671058691480242 671058697211320 671059693512422 671060194825568 671059191444384 671059201591968 671060194837868 671060696761530
671059693511692 671059699051652 671060696770762 671061196615164 671060194836794 671060204877898 671061196621510 671061696533136

671061000707414 671061008126074 671061035627526 671061584638974 671061008126142 671061018925238 671061584654418 671062087605704
671061035625444 671061040234962 671062087614976 671062589089132 671061584653226 671061591813260 671062589099260 671063091878468
671062087613806 671062091229204 671063091891188 671063593020208 671062589097904 671062594168120 671063593031230 671064095593652
671063091890260 671063095243018 671064095602492 671064596137916 671063593030272 671063598208942 671064596144566 671065097591320
671064095601854 671064098893252 671065097601976 671065598906746 671064596143470 671064601521780 671065598916876 671066100018142
671065097600372 671065100895722 671066100029502 671066601507248 671065598916120 671065605651486 671066601514088 671067102824760
671066100028680 671066103343570 671067102834016 671067603092324 671066601512712 671066606851970 671067603098776 671068104265234
671067102833602 671067106030048 671068104275840 671068604943384 671067603097820 671067610745500 671068604950294 671069106306108
671068104274668 671068107530096 671069106315528 671069606568046 671068604949266 671068610354128 671069606575446 671070105853670

671055388159598 671055397349282 671055429416074 671055928185364 671055397349376 671055408663134 671055928201438 671056427284474
671055429414056 671055443090428 671056427296308 671056925495438 671055928199894 671055939607712 671056925509666 671057424362848
671056427294178 671056430895510 671057424377236 671057919355888 671056925507858 671056935062844 671057919367046 671058415649764
671057424375494 671057427621636 671058415657118 671058911866594 671057919365972 671057929049398 671058911878906 671059408773000
671058415656178 671058422671516 671059408785266 671059905191956 671058911877712 671058919572150 671059905203252 671060402135784
671059408784694 671059415945292 671060439666630 671060935915458 671059905202172 671059912744716 671060935923672 671061432692050
671060439665910 671060446777720 671061443132384 671061938751654 671060935922770 671060945126804 671061938759484 671062435211262
671061443131138 671061450158406 671062444167648 671062940571504 671061938758500 671061949925630 671062940584404 671063437018790
671062444166366 671062447391286 671063437027576 671063933045804 671062940582418 671062950090414 671063933052740 671064428440718

671054895649832 671054902842588 671054933602206 671055458510382 671054902842658 671054914109726 671055458521632 671055959859782
671054933599876 671054938318466 671055959871328 671056459348046 671055458520180 671055467781408 671056459359904 671056959411970
671055959869996 671055964542264 671056959424168 671057457786158 671056459357778 671056463953804 671057457801298 671057957929606
671056959422812 671056962687876 671057957943978 671058456713034 671057457799640 671057461081564 671058456721398 671058955846926
671057957942414 671057961215116 671058955854854 671059454516790 671058456720378 671058459945950 671059454523858 671059954177688
671058955854126 671058959146150 671059954186316 671060453679158 671059454522730 671059457742954 671060453688130 671060953254636
671059954185160 671059957422828 671060953263874 671061452301338 671060453686060 671060456942098 671061452308416 671061951736086
671060953263230 671060957829264 671061951743964 671062450275264 671061452307768 671061455558906 671062450282134 671062950530246
671061951743236 671061955023432 671062950538876 671063448658616 671062450281002 671062453579098 671063448665760 671063946717946

671052887803624 671052896625772 671052924036896 671053426712266 671052896625870 671052907987040 671053426727108 671053930510930
671052924034366 671052927225696 671053930522272 671054433748944 671053426725546 671053431875408 671054433760490 671054938032196
671053930520960 671053934143716 671054938042936 671055447015716 671054433758664 671054437025802 671055447026756 671055965677886
671054938042200 671054941309682 671055965689008 671056484384388 671055447025850 671055450321842 671056484396570 671057002787204
671055965687802 671055969013820 671057002795184 671057522248430 671056484395208 671056487676272 671057522259568 671058042308746
671057002794146 671057006055780 671058042319678 671058560721318 671057522258440 671057525533388 671058560728392 671059080328308
671058042318640 671058045630842 671059080336398 671059598398450 671058560727454 671058563974942 671059598405524 671060118606302
671059080335732 671059083593912 671060118615308 671060636546990 671059598404564 671059601703976 671060636554054 671061156191322
671060118614362 671060121858130 671061156200204 671061674218628 671060636553400 671060639830740 671061674229862 671062192783296

671053311287394 671053318435342 671053346863450 671053954392626 671053318435440 671053328996040 671053954405228 671054562474524
671053346861118 671053350336848 671054562485732 671055169047644 671053954403742 671053958934026 671055169057482 671055732658262
671054562484396 671054565746990 671055732671340 671056233807346 671055169056494 671055175876036 671056233816178 671056734808784
671055732670086 671055736245356 671056734817128 671057235256792 671056233815146 671056237052930 671057235266080 671057736035754
671056734815694 671056739329710 671057736046638 671058237199668 671057235264812 671057238551512 671058237207874 671058739091794
671057736044880 671057739273712 671058739100642 671059239705790 671058237206930 671058240449390 671059239715404 671059740411632
671058739099290 671058742326532 671059740418252 671060240564468 671059239714656 671059242935228 671060240572914 671060741524872
671059740416944 671059743587680 671060741538210 671061242602046 671060240572166 671060243785358 671061242610630 671061743759668
671060741536554 671060744747100 671061743767602 671062244060614 671061242609876 671061245828650 671062244068312 671062743727386

671053260986456 671053268680100 671053293668066 671053897115120 671053268680188 671053279299834 671053897126250 671054399893190
671053293665866 671053296908358 671054399909188 671054901413024 671053897125206 671053900533210 671054901424726 671055404450410
671054399907524 671054403202354 671055404459840 671055903531394 671054901422988 671054904628146 671055903544708 671056402818870
671055404458506 671055407686218 671056402833048 671056903426036 671055903543696 671055906858450 671056903434982 671057404263762
671056402831972 671056406103802 671057404273480 671057905768522 671056903433892 671056906716774 671057905779256 671058407659028
671057404271720 671057407470416 671058407667324 671058907351048 671057905777698 671057909006674 671058907357238 671059408762142
671058407666322 671058410903792 671059408774014 671059908972868 671058907356730 671058910661366 671059908981352 671060410156028
671059408773116 671059413496776 671060410163956 671060910067988 671059908980246 671059912297180 671060910075076 671061411392610
671060410162908 671060413399904 671061411406464 671061911277278 671060910074034 671060913359410 671061911290144 671062411235760

671051668884282 671051676158222 671051703970036 671052207202932 671051676158292 671051686856034 671052207216690 671052710850206
671051703968004 671051707218040 671052710861726 671053212223022 671052207214354 671052210557628 671053212233254 671053715265106
671052710860540 671052714149004 671053715282370 671054214329950 671053212232280 671053215414456 671054214343036 671054713871038
671053715281182 671053718623260 671054713884062 671055214167534 671054214341640 671054217497092 671055214176014 671055714642972
671054713882150 671054717167848 671055714655220 671056215648858 671055214175110 671055219753146 671056215661082 671056716338506
671055714653556 671055718116778 671056716345900 671057216643304 671056215659846 671056218891224 671057216651860 671057717418836
671056716344646 671056721047580 671057717427768 671058217359190 671057216651780 671057227202126 671058217368942 671058718995896
671057717426388 671057720688862 671058719003826 671059219803438 671058217367926 671058227900196 671059219816046 671059721216462
671058719002302 671058722259810 671059721222166 671060221018800 671059219814220 671059223071296 671060221027106 671060720099432

671049930451194 671049937185806 671049964566262 671050573127234 671049937185908 671049947865294 671050573140352 671051183089884
671049964563858 671049968031876 671051183110944 671051792293138 671050573138502 671050576423120 671051792304154 671052340769008
671051183109520 671051186325006 671052340783632 671052840226144 671051792302242 671051797264238 671052840232966 671053340005272
671052340782502 671052345348736 671053340023310 671053840129824 671052840231900 671052843386874 671053840147404 671054341479072
671053340022002 671053344559192 671054341489794 671054841326446 671053840144652 671053843467368 671054841334870 671055342640156
671054341489576 671054344749146 671055342647882 671055843293968 671054841334158 671054846329152 671055843303234 671056344817776
671055342646196 671055345847810 671056344825874 671056844397676 671055843302016 671055847836058 671056844410858 671057345220392
671056344824098 671056348058796 671057345227684 671057846039860 671056844409752 671056847612762 671057846048276 671058347822276
671057345226583 671057348453932 671058347830014 671058847078850 671057846047474 671057849264076 671058847085240 671059346446098

671058197986694 671058205398732 671058231568992 671058838601118 671058205398766 671058216439624 671058838611318 671059446957196
671058231566876 671058236054286 671059446968624 671060055431464 671058838610056 671058843793542 671060055442794 671060653758780
671059446966858 671059450927398 671060653769338 671061155755334 671060055441118 671060066409202 671061155762782 671061658022456
671060653768224 671060657368530 671061658030282 671062157186782 671061155762068 671061162846220 671062157193782 671062657322822
671061658029450 671061661686426 671062657329574 671063157628846 671062157193370 671062164298364 671063157636854 671063659218534
671062657328848 671062660860794 671063659232268 671064159331284 671063157635942 671063164686526 671064159338870 671064660306318
671063659231660 671063662494568 671064660314038 671065160552972 671064159338008 671064164616470 671065160559568 671065661906530
671064660313406 671064663573410 671065661913620 671066162429594 671065160559158 671065165706208 671066162436714 671066663810680
671065661912890 671065665464800 671066663824550 671067163377834 671066162436182 671066169490290 671067163385620 671067662650450

671054294171600 671054303226822 671054330533382 671054936407964 671054303226918 671054314650122 671054936417102 671055543405722
671054330531102 671054335047394 671055543414154 671056136419440 671054936415956 671054941849762 671056136433658 671056639965004
671055543413094 671055546683612 671056639973098 671057140027636 671056136431076 671056141000352 671057140040318 671057640916546
671056639971922 671056643218270 671057640925238 671058138688938 671057140039188 671057143431298 671058138698810 671058637770438
671057640923690 671057644184298 671058637782538 671059138543226 671058138698144 671058143755670 671059138549770 671059639705488
671058637781262 671058641134466 671059639713526 671060139981412 671059138548834 671059141823720 671060139992734 671060640988158
671059639712794 671059642956480 671060640997626 671061141645674 671060139991766 671060145092884 671061141652212 671061644508884
671060640996790 671060644303512 671061644517721 671062144750834 671061141651474 671061146953064 671062144757266 671062645936240
671061644517228 671061649144626 671062645945040 671063145974900 671062144756302 671062149874662 671063145983560 671063646010468

671050729919926 671050740338748 671050763678680 671051315812896 671050740338782 671050750961820 671051315826010 671051811572036
671050763677512 671050766908022 671051811583990 671052307233666 671051315824446 671051321007266 671052307246686 671052803167926
671051811583070 671051816237922 671052803173490 671053298215214 671052307245960 671052310364580 671053298223994 671053794076854
671052803172608 671052806343320 671053794083114 671054287564026 671053298223484 671053302754828 671054287571828 671054781651378
671053794082346 671053797322462 671054781657650 671055276353152 671054287571280 671054292636916 671055276361800 671055771666344
671054781656978 671054784837590 671055771673366 671056266934208 671055276360954 671055279559304 671056266948470 671056761771772
671055771672620 671055774843996 671056761784466 671057255446646 671056266947476 671056271952640 671057255456020 671057750258240
671056761783786 671056765064588 671057750268532 671058244584608 671057255454554 671057259981582 671058244591772 671058740708578
671057750267758 671057753448970 671058740717854 671059234754240 671058244590858 671058247827038 671059234760608 671059728010264

671048239070526 671048246428336 671048274969898 671048806799046 671048246428434 671048257275316 671048806808540 671049306144578
671048274967682 671048279862024 671049306152578 671049804004520 671048806806856 671048813894234 671049804017124 671050303345202
671049306151102 671049309397464 671050303356126 671050801993618 671049804014818 671049809321306 671050802000778 671051300559286
671050303355006 671050307167370 671051300567846 671051797014890 671050801999634 671050810856670 671051797025656 671052294636986
671051300567210 671051303758970 671052294647306 671052792299948 671051797024544 671051803943440 671052792307454 671053290586974
671052294646304 671052297871484 671053290596206 671053787675106 671052792306404 671052799275650 671053787686252 671054285056472
671053290595240 671053293829124 671054285067620 671054781824672 671053787685206 671053796252910 671054781830872 671055279823682
671054285067010 671054288345706 671055279831052 671055777073470 671054781830350 671054790131732 671055777082786 671056275051528
671055279830412 671055283056080 671056275058316 671056771813466 671055777081852 671055787388550 671056771822074 671057267862138

671057975520739 671057982720866 671058009552002 671058617716826 671057982720948 671057993186448 671058617728606 671059226200368
671058009550000 671058012787554 671059226212242 671059834713800 671058617726524 671058624536162 671059834725900 671060372194240
671059226211082 671059229434776 671060372205784 671060873102252 671059834724202 671059843188558 671060873112468 671061374037790
671060372204624 671060377068806 671061374046558 671061874027252 671060873111284 671060878192128 671061874035596 671062375492410
671061374044664 671061377291976 671062375500316 671062874780550 671061874035044 671061880958660 671062874794582 671063377122520
671062375499354 671062378725618 671063377134182 671063877591732 671062874792770 671062881666098 671063877598414 671064378322796
671063377132948 671063380362960 671064378332902 671064879142296 671063877597738 671063884576464 671064879148996 671065380267342
671064378331942 671064381519660 671065380277778 671065880472836 671064879147790 671064886054264 671065880488740 671066381845512
671065380276198 671065383513946 671066381855184 671066881271514 671065880487196 671065887499792 671066881278450 671067380808228
