16 53
669928956332092 669928966084602 669928975923866 669928980321576 669928966084780 669928970145076 669928980330948 669928984688564
669928984688748 669928985009380 669928991809638 669928996138964 669928985009462 669928986564630 669928996149430 669929000510962
669929000511120 669929000838824 669929005587632 669929009966582 669929000838906 669929001148334 669929009977204 669929014307140
669929014307332 669929014626262 669929019161542 669929023555506 669929014626406 669929014935690 669929023561322 669929027885058
669929027885228 669929028251624 669929032776234 669929037150834 669929028251758 669929028560518 669929037155514 669929041560190
669929041560348 669929041924618 669929045266232 669929049602612 669929041924698 669929042233200 669929049611778 669929053999214
669929053999634 669929054348968 669929057690638 669929062095612 669929054349018 669929054661018 669929062100862 669929066465380
669929066465578 669929066811754 669929071375274 669929075784250 669929066811928 669929067116894 669929075788912 669929080174680
669929080174910 669929080539496 669929083895458 669929088271682 669929080539636 669929080853816 669929088276816 669929092634906

669925403459406 669925414642446 669925423107694 669925427470922 669925414642636 669925418767670 669925427476576 669925431805512
669925431805940 669925432164748 669925440247346 669925444547808 669925432164840 669925432486650 669925444562584 669925448908984
669925448909398 669925449238856 669925454370940 669925458778804 669925449238950 669925449552282 669925458793230 669925463091238
669925463091458 669925463410940 669925467069344 669925471377108 669925463411030 669925463710432 669925471389420 669925475691486
669925475691674 669925476057112 669925479602402 669925483905088 669925476057202 669925476361844 669925483917108 669925488259546
669925488259766 669925488570492 669925492370438 669925496659042 669925488570722 669925488872848 669925496670232 669925500995946
669925500996128 669925501310288 669925504547284 669925508904298 669925501310376 669925501621480 669925508915390 669925513241904
669925513242116 669925513551106 669925516995376 669925521336312 669925513551192 669925513854364 669925521348432 669925525678462
669925525678658 669925525988252 669925530748230 669925535053802 669925525988338 669925526288434 669925535064640 669925539449815

669920680010196 669920691201096 669920699826584 669920703490030 669920691201318 669920695377240 669920703500588 669920707160216
669920707160408 669920708791276 669920713418850 669920717107330 669920708791360 669920709111432 669920717117804 669920720816262
669920720816754 669920721117248 669920728077918 669920731764352 669920721117328 669920721411572 669920731775440 669920735422236
669920735422756 669920735730292 669920742137488 669920745778506 669920735730374 669920736023534 669920745789786 669920749438848
669920749439036 669920749752284 669920753728626 669920757402710 669920749752364 669920750045652 669920757413026 669920761122870
669920761123306 669920761423874 669920767351480 669920771023932 669920761423954 669920761712488 669920771035018 669920774682850
669920774683020 669920774982120 669920779902512 669920783563730 669920774982168 669920775273866 669920783574548 669920787217870
669920787218052 669920787521154 669920792980046 669920796620162 669920787521236 669920787809012 669920796629782 669920800284076
669920800284112 669920800587154 669920805751906 669920809388606 669920800587234 669920800875886 669920809400816 669920813100208

669929430038054 669929440613734 669929449637480 669929454055610 669929440613922 669929444823432 669929454066258 669929458469040
669929458469828 669929458792948 669929464077164 669929468428510 669929458793038 669929460423952 669929468438818 669929472803986
669929472804340 669929473126694 669929479085834 669929483437158 669929473126750 669929473429814 669929483446456 669929487832196
669929487832648 669929488160574 669929492994240 669929497338966 669929488160666 669929488472350 669929497348774 669929501705608
669929501706054 669929502026324 669929506214396 669929510570598 669929502026420 669929502341496 669929510581484 669929514934308
669929514935070 669929515254958 669929518713662 669929523071266 669929515255046 669929515562550 669929523078314 669929527475770
669929527476188 669929527811602 669929532187284 669929536538628 669929527811868 669929528122416 669929536548298 669929540953676
669929540953858 669929541284194 669929544907334 669929549289900 669929541284280 669929541585662 669929549301960 669929553661690
669929553661906 669929553984434 669929558821172 669929563165216 669929553984522 669929554285494 669929563177406 669929567534916

669923822302964 669923832698848 669923845891522 669923849594788 669923832699022 669923836852460 669923849604860 669923853333010
669923853333370 669923854928596 669923860775578 669923864492534 669923854928680 669923855249134 669923864531524 669923868233092
669923868233222 669923868636726 669923874086026 669923877786024 669923868636820 669923870228896 669923877796138 669923881502288
669923881502460 669923881857544 669923886556568 669923890240696 669923881857634 669923883454738 669923890245830 669923893958988
669923893959468 669923894300600 669923898974190 669923902672690 669923894300686 669923895895634 669923902678448 669923906406026
669923906406196 669923906757844 669923912707172 669923916451882 669923906757936 669923908351756 669923916457938 669923920154070
669923920154182 669923920496328 669923925498400 669923929191902 669923920496418 669923922085698 669923929201788 669923932896574
669923932896774 669923933235824 669923937934304 669923941619266 669923933235910 669923934833984 669923941624972 669923945342232
669923945342390 669923945679656 669923950919878 669923954611436 669923945679746 669923947264688 669923954646580 669923958572932

669923325524554 669923336893114 669923349034592 669923353434864 669923336893272 669923341015096 669923353441236 669923357787138
669923357787278 669923359486436 669923364081354 669923368434354 669923359486516 669923359840134 669923368441342 669923372816926
669923372817016 669923373200792 669923376633444 669923380975646 669923373200804 669923373502912 669923381015254 669923385401162
669923385401576 669923385746018 669923389458298 669923393815884 669923385746098 669923386050514 669923393827544 669923398185848
669923398186298 669923398539242 669923401960016 669923406314594 669923398539322 669923398852162 669923406326452 669923410666380
669923410666782 669923410987546 669923415437160 669923419769988 669923410987628 669923411292634 669923419779608 669923424125220
669923424125658 669923424509064 669923428015020 669923432341932 669923424509114 669923424816314 669923432351638 669923436727818
669923436728232 669923437044202 669923440594230 669923444938298 669923437044286 669923437340056 669923444948196 669923449322220
669923449322344 669923449638014 669923453016730 669923457430928 669923449638096 669923449938050 669923457442572 669923461780388

669921322388278 669921333634026 669921344553918 669921348240214 669921333634224 669921337749128 669921348252144 669921351971346
669921351971828 669921353566456 669921360989276 669921364694256 669921353566502 669921353919884 669921364711020 669921368420172
669921368420294 669921368749028 669921373576558 669921377265986 669921368749112 669921370399314 669921377297066 669921380994902
669921380995126 669921381416512 669921385839092 669921389514266 669921381416596 669921381709900 669921389524764 669921393243606
669921393243848 669921393557624 669921397462580 669921401151390 669921393557706 669921393859202 669921401165700 669921404889638
669921404889830 669921405229536 669921409798970 669921413519526 669921405229818 669921405528724 669921413559804 669921417256568
669921417256726 669921417606780 669921423613788 669921427307784 669921417606860 669921417898868 669921427341230 669921431042194
669921431042344 669921431381014 669921436837702 669921440517344 669921431381064 669921431676992 669921440549960 669921444251590
669921444251794 669921444598402 669921450822276 669921454512382 669921444598482 669921444893246 669921454545340 669921458283246

669921749907218 669921760591380 669921771774596 669921776155542 669921760591538 669921764785208 669921776170074 669921780594518
669921780594954 669921780929516 669921786833434 669921791254040 669921780929564 669921782568464 669921791264838 669921795620692
669921795620864 669921795938018 669921800817500 669921805168692 669921795938100 669921796262902 669921805181838 669921809568382
669921809568518 669921810002808 669921813744176 669921818118356 669921810002892 669921810304370 669921818128830 669921822546144
669921822546264 669921822927434 669921826368724 669921830808384 669921822927518 669921823239252 669921830820570 669921835188174
669921835188576 669921835506422 669921840207922 669921844613198 669921835506504 669921835815600 669921844625096 669921848994314
669921848994446 669921849318822 669921853429250 669921857783228 669921849318904 669921849626348 669921857796200 669921862253686
669921862253800 669921862570340 669921867461922 669921871839254 669921862570386 669921862877916 669921871849906 669921876268076
669921876268244 669921876592208 669921880039210 669921884458312 669921876592290 669921876903266 669921884471550 669921888818938

669921692672778 669921703299702 669921713928800 669921718303682 669921703299896 669921707472702 669921718316624 669921722668598
669921722668850 669921722989270 669921729503916 669921733859152 669921722989352 669921724591180 669921733872210 669921738272898
669921738273078 669921738590834 669921744480750 669921748871964 669921738590916 669921740186714 669921748878524 669921753227350
669921753227496 669921753547796 669921756872552 669921761246400 669921753547876 669921753848352 669921761257694 669921765614910
669921765615100 669921765941876 669921769524408 669921773879476 669921765941888 669921766249754 669921773891058 669921778280738
669921778280864 669921778603340 669921782241498 669921786597254 669921778603388 669921778910406 669921786608022 669921790986854
669921790987062 669921791318106 669921796057188 669921800449532 669921791318188 669921791622390 669921800455820 669921804823010
669921804823194 669921805196270 669921808644604 669921813037074 669921805196354 669921805500282 669921813049292 669921817397752
669921817397952 669921817726162 669921821310360 669921825671492 669921817726212 669921818030158 669921825681154 669921830033632

669920101974966 669920113392562 669920123085824 669920126790402 669920113392756 669920117526400 669920126797150 669920130474074
669920130474248 669920130805988 669920140119234 669920143775264 669920130806044 669920131128512 669920143794158 669920147489194
669920147489294 669920147804428 669920153344052 669920156988674 669920147804506 669920149409764 669920156999048 669920160679832
669920160680304 669920160981320 669920165163444 669920168837862 669920160981408 669920161271182 669920168849970 669920172511864
669920172515424 669920172813174 669920178175950 669920181848506 669920172813262 669920173096446 669920181861182 669920185525644
669920185525840 669920185820640 669920190665746 669920194318952 669920185820694 669920186112474 669920194329562 669920197980460
669920197980640 669920198282394 669920203511038 669920207174336 669920198282482 669920198567346 669920207185394 669920210886774
669920210886974 669920211188226 669920217349848 669920221021376 669920211188280 669920211479526 669920221036414 669920224694728
669920224694938 669920225003184 669920230202902 669920233921708 669920225003276 669920225294902 669920233931988 669920237580354

669918364084854 669918375836644 669918385136740 669918389533880 669918375836904 669918379982720 669918389545776 669918393930102
669918393930620 669918395570350 669918400164276 669918404537336 669918395570574 669918395905952 669918404544128 669918408892900
669918408893592 669918409248310 669918415161882 669918419575622 669918409248358 669918409559516 669918419581486 669918423966110
669918423966316 669918424293312 669918428005600 669918432393360 669918424293396 669918424610682 669918432405154 669918436779610
669918436779818 669918437109308 669918440756690 669918445109486 669918437109394 669918437415908 669918445120742 669918449479808
669918449480036 669918449804494 669918453454494 669918457822078 669918449804576 669918450110658 669918457830606 669918462342490
669918462342744 669918462670312 669918467453520 669918471830620 669918462670360 669918462974504 669918471841684 669918476189684
669918476190196 669918476507636 669918481489454 669918485872836 669918476507720 669918476814866 669918485885196 669918490245394
669918490245604 669918490573860 669918494314430 669918498674096 669918490573946 669918490874524 669918498684826 669918503126272

669926625690904 669926636250842 669926645773336 669926650194150 669926636250986 669926640488768 669926650206806 669926654673022
669926654673628 669926654997784 669926661597144 669926666012994 669926654997874 669926656631868 669926666048178 669926670442074
669926670442650 669926670822788 669926677091534 669926681482020 669926670822874 669926672418494 669926681514272 669926685968066
669926685968564 669926686345398 669926689859880 669926694327804 669926686345484 669926686657162 669926694335716 669926698713492
669926698713920 669926699068392 669926702613390 669926707027824 669926699068444 669926699385858 669926707035740 669926711398798
669926711399252 669926711758640 669926715308412 669926719669818 669926711758692 669926712066782 669926719676868 669926724091346
669926724091738 669926724450458 669926729248736 669926733688198 669926724450548 669926724760674 669926733714838 669926738152606
669926738152788 669926738529184 669926743280644 669926747714806 669926738529270 669926738848486 669926747742994 669926752112456
669926752112974 669926752481694 669926755993898 669926760418800 669926752481782 669926752790434 669926760425062 669926764824462

669922726154460 669922735878762 669922745478784 669922749173768 669922735879054 669922740061954 669922749184074 669922752920434
669922752920914 669922754527622 669922760623664 669922764310174 669922754527704 669922754854198 669922764321642 669922768015192
669922768015662 669922768356388 669922776167116 669922779840370 669922768356478 669922768658492 669922779852008 669922783552136
669922783552328 669922783863702 669922789026926 669922792733064 669922783863750 669922784164412 669922792744086 669922796414374
669922796414756 669922796718946 669922801681626 669922805344686 669922796719030 669922797009422 669922805356680 669922809037976
669922809038476 669922809385818 669922814760846 669922818436768 669922809385870 669922809683366 669922818447076 669922822125256
669922822125430 669922822442534 669922828215024 669922831879268 669922822442622 669922822738686 669922831890386 669922835609784
669922835613406 669922835956794 669922841953948 669922845641310 669922835956842 669922836248860 669922845653982 669922849321398
669922849321948 669922849630234 669922854506630 669922858164962 669922849630318 669922849926736 669922858176796 669922861841276

669919161138018 669919171937372 669919180712694 669919184468022 669919171937574 669919176107596 669919184477816 669919188261326
669919188261526 669919189861346 669919193246156 669919196994932 669919189861400 669919190190292 669919197006058 669919200734848
669919200735186 669919201051318 669919208662042 669919212399856 669919201051372 669919201350882 669919212411164 669919216150708
669919216150880 669919216475094 669919221486178 669919225216890 669919216475180 669919216775550 669919225228768 669919228981808
669919228982030 669919229299942 669919234135034 669919237880128 669919229300028 669919229614356 669919237891400 669919241627542
669919241627696 669919241940408 669919248214596 669919251926768 669919241940494 669919242239546 669919251939716 669919255657200
669919255657380 669919255963656 669919260764104 669919264480130 669919255963744 669919256264650 669919264490862 669919268232128
669919268232160 669919268587506 669919272536098 669919276264684 669919268587589 669919268889471 669919276275770 669919280047704
669919280047884 669919280360274 669919286557758 669919290342414 669919280360328 669919280646910 669919290352416 669919294084546

669916674795996 669916685957378 669916694579592 669916698336042 669916685957596 669916690138798 669916698343592 669916702133228
669916702133394 669916703753876 669916708326220 669916712091430 669916703753956 669916704077400 669916712098256 669916715848534
669916715848742 669916716162210 669916721639018 669916725409862 669916716162290 669916716481022 669916725422652 669916729148904
669916729149096 669916729461826 669916737387418 669916741107954 669916729461906 669916729761042 669916741120348 669916744892914
669916744893322 669916745213682 669916750043592 669916753798942 669916745213764 669916745518580 669916753811528 669916757545986
669916757546158 669916757859008 669916762642486 669916766421108 669916757859090 669916758153622 669916766432014 669916770162748
669916770162914 669916770477758 669916775301786 669916779028502 669916770477840 669916770775086 669916779041226 669916782789354
669916782789574 669916783104936 669916790834206 669916794572142 669916783105016 669916783408416 669916794587332 669916798338552
669916798338736 669916798660528 669916803410312 669916807206262 669916798660614 669916800252754 669916807231320 669916810974820

669926404854377 669926414923444 669926424387174 669926428756018 669926414923598 669926419101254 669926428768448 669926433177162
669926433177322 669926433505372 669926438338350 669926442701640 669926433505454 669926435110482 669926442712924 669926447116478
669926447116590 669926447441748 669926454156624 669926458490222 669926447441804 669926449044214 669926458502700 669926462847520
669926462847622 669926463243348 669926467911492 669926472268832 669926463243432 669926464857186 669926472275218 669926476672308
669926476672438 669926477057242 669926480605622 669926484997436 669926477057328 669926478676818 669926485004892 669926489352242
669926489352352 669926489666614 669926493201984 669926497627520 669926489666696 669926491273110 669926497640690 669926502001400
669926502001516 669926502335264 669926507110976 669926511461050 669926502335348 669926503942382 669926511467018 669926515866612
669926515866816 669926516289870 669926521016172 669926525390330 669926516289950 669926517889590 669926525395606 669926529786812
669926529787300 669926530131572 669926534790930 669926539213576 669926530131654 669926531725864 669926539226172 669926543576760
