16 4787
671521258792140 671521302901364 671521464848608 671522075416192 671521302910722 671521355158672 671522125852276 671522736437166
671522075429366 671522125716300 671522858255312 671523411477680 671522736448412 671522786820938 671523436926738 671524045773470
671523411664936 671523432229938 671524149410070 671524755631680 671524045782728 671524093802344 671524779816364 671525388775144
671524755646472 671524775874444 671525469346790 671526017227744 671525388788088 671525431319060 671526056427896 671526660483548
671526017238850 671526037270058 671526810781086 671527419631810 671526660496516 671526708546270 671527464927472 671528075225266
671527419647726 671527464792462 671528296640336 671528807227298 671528075389270 671528127827614 671528855956316 671529466472064
671528807239676 671528855865516 671529650951746 671530262400838 671529466479056 671529516725506 671530286329862 671530895401358
671530262506168 671530283046992 671531073446776 671531682510112 671530895408756 671530948662882 671531735676144 671532346000800
671531682648824 671531735546640 671532482914306 671533091758690 671532346008680 671532393244974 671533091794044 671533672748832

671517702687582 671517746838850 671517917910864 671518526021996 671517746846732 671517794791802 671518545299794 671519096895822
671518526038800 671518545170298 671519281811110 671519782761364 671519096906742 671519116157212 671519801961726 671520410779188
671519782774166 671519801878496 671520595803936 671521204335690 671520410792210 671520430015334 671521223978298 671521761298962
671521204348990 671521223846158 671521941045162 671522442977658 671521761310886 671521780846380 671522462816834 671523071209108
671522443091198 671522462699970 671523453609860 671524056280006 671523071220888 671523090454614 671524076139732 671524634163046
671524056386088 671524076014826 671524815617408 671525423948766 671524634178332 671524653587346 671525443496362 671526052239032
671525423958598 671525443373402 671526168481754 671526749882350 671526052366764 671526073065600 671526776348488 671527322038778
671526749891268 671526769640816 671527540658524 671528150018974 671527322046674 671527341451688 671528174364790 671528782373620
671528150117874 671528170079110 671528981697186 671529525135272 671528782382328 671528802144638 671529528891434 671530028022858

671512974019472 671513016864176 671513170907714 671513781299936 671513016872164 671513066915818 671513800742192 671514411928248
671513781311948 671513800618632 671514591141674 671515118509002 671514411942832 671514431553776 671515138864918 671515748577534
671515118662536 671515138785134 671515906986460 671516517516790 671515748588364 671515768018694 671516536953800 671517147340092
671516517535648 671516536825874 671517250552500 671517772376218 671517147498172 671517167871062 671517791613596 671518401044700
671517772386100 671517791496742 671518604360578 671519212387160 671518401052788 671518420873564 671519231932704 671519831122792
671519212406656 671519231785856 671520124867006 671520734884994 671519831134746 671519851324056 671520754070260 671521364692460
671520734898282 671520753991136 671521445418906 671522055051354 671521364823712 671521385692048 671522074325024 671522663426498
671522055060272 671522074207360 671522841133886 671523452758204 671522663433958 671522683260090 671523472811794 671524083392868
671523452919954 671523472690408 671524187690184 671524797575424 671524083399828 671524103637728 671524797609734 671525362713670

671521724946976 671521776617640 671521925105268 671522532390602 671521776628294 671521829098312 671522553067504 671523159902574
671522532400472 671522552200502 671523325446862 671523930449446 671523159912948 671523198772046 671523941902130 671524458454392
671523930593282 671524012301034 671524619273260 671525224616752 671524458468216 671524507488448 671525244785244 671525850780744
671525224628538 671525244665402 671525993973888 671526602225456 671525850791408 671525880878602 671526621404904 671527137213270
671526602360910 671526693648728 671527319461568 671527924237142 671527137221798 671527187251628 671527944287626 671528550514426
671527924247962 671527944163866 671528720030906 671529325111800 671528550646608 671528592011622 671529345259432 671529850709940
671529325123552 671529345099894 671530176757320 671530783608006 671529850718576 671529894758006 671530804243642 671531410467416
671530783717654 671530804120790 671531559272672 671532131452424 671531410478304 671531460290184 671532165127910 671532767987750
671532131600536 671532162451178 671532918391946 671533523222718 671532767998352 671532815000734 671533534610414 671534134737974

671516108380660 671516149577779 671516305096956 671516910267658 671516149588705 671516204196628 671516931894380 671517536441752
671516910279018 671516929991418 671517684731734 671518237025854 671517536461698 671517556168320 671518286082924 671518890287112
671518237172078 671518257840424 671519012956544 671519615890128 671518890299474 671518910329742 671519635955160 671520239023114
671519615903100 671519635828646 671520362652454 671520900447768 671520239034896 671520259010500 671520921186294 671521524654330
671520900606402 671520921063904 671521867091980 671522472256574 671521524666718 671521544789364 671522492789916 671523096179070
671522472365754 671522492707174 671523226882968 671523720387096 671523096189990 671523116269912 671523740193956 671524344269140
671523720399662 671523740076972 671524605366890 671525212833510 671524344276172 671524364033270 671525233391618 671525830560288
671525212993154 671525233288544 671526023183390 671526627125820 671525830567772 671525850453088 671526647576710 671527250994078
671526627257148 671526647500672 671527324884608 671527928199422 671527251000602 671527270851802 671527928233460 671528506555842

671515614767068 671515655956908 671515821670924 671516431484622 671515655966650 671515710509340 671516479462072 671517025926650
671516431497268 671516479345294 671517239356692 671517851667728 671517025933408 671517080131840 671517851857206 671518358498482
671517851821458 671517900584734 671518568567506 671519172199208 671518358509536 671518410532290 671519203597848 671519724463524
671519172209704 671519192482530 671519933403716 671520529370366 671519724471550 671519776371812 671520575307070 671521183616254
671520529385016 671520575217332 671521363439364 671521964068588 671521183626198 671521235336942 671521987606042 671522595115116
671521964168390 671521984423864 671522774866422 671523329044336 671522595122910 671522641089058 671523358958272 671523967789696
671523329055182 671523349391046 671524119193102 671524691806306 671523967897284 671524023162168 671524740279736 671525348262728
671524691816352 671524740162606 671525517128088 671526045721520 671525348269144 671525399863940 671526072821630 671526680844334
671526045825118 671526065941218 671526826305514 671527381050460 671526680852556 671526729253218 671527452560014 671527952781070

671513613611334 671513644829414 671513811400450 671514415413694 671513644840434 671513699767392 671514457216764 671515062508232
671514415425088 671514457092172 671515223583070 671515826367642 671515062519042 671515113419154 671515858130582 671516403841398
671515826507136 671515858047296 671516559114924 671517162118800 671516403853298 671516458223606 671517183958842 671517790435950
671517162136130 671517182387526 671517946730376 671518525434192 671517790533582 671517839131724 671518555714432 671519084204492
671518525442332 671518555598470 671519370279746 671519977476384 671519084213120 671519135806582 671519977656114 671520583835274
671519977621186 671520009976154 671520766995084 671521307294762 671520583842628 671520635675536 671521329474818 671521932699824
671521307304782 671521327200330 671522082567880 671522683725000 671521932709436 671521984092014 671522713153960 671523312014148
671522683733466 671522703643338 671523505930850 671524022222262 671523312024442 671523363474774 671524080199038 671524686264322
671524022360742 671524042911354 671524825773252 671525430880194 671524686278428 671524737935042 671525443655666 671526044312676

671514036326002 671514074471624 671514234424372 671514843522832 671514074480844 671514124664538 671514867953814 671515476266432
671514843539816 671514863714948 671515656651636 671516182015538 671515476276708 671515495974930 671516201931588 671516811733576
671516182167490 671516201851186 671516981330378 671517588545206 671516811742000 671516830982000 671517608309976 671518215357102
671517588556850 671517608218780 671518369291742 671518887917406 671518215514016 671518234991980 671518907364838 671519514976624
671518887927794 671518907284056 671519758320548 671520367415450 671519514983528 671519534264376 671520387568924 671520995304962
671520367556160 671520387440722 671521200158144 671521702630562 671520995316056 671521014439142 671521722182186 671522330428266
671521702640270 671521722059854 671522475991328 671523085600396 671522330437366 671522349686338 671523109916328 671523717768438
671523085752412 671523105711106 671523901051864 671524422775042 671523717778664 671523737279998 671524442293320 671524965639216
671524422785966 671524442172674 671525261296360 671525782472778 671524965648394 671524984805784 671525782508124 671526302792346

671513983858000 671514024556148 671514176147672 671514735970070 671514024565248 671514077471192 671514810190524 671515415407728
671514735989880 671514755906692 671515577858198 671516150102086 671515415416996 671515435633610 671516150288882 671516652666302
671516150254310 671516170860600 671516941402754 671517440410314 671516652671788 671516672438118 671517459898598 671518063147980
671517440429350 671517459752736 671518313329444 671518865623700 671518063161816 671518082920680 671518885757184 671519454644154
671518865793784 671518885636286 671519726873104 671520226081710 671519454654008 671519474636476 671520245648446 671520851449618
671520226109088 671520245568136 671521090232054 671521616745414 671520851459806 671520871289866 671521636386380 671522177791304
671521616756320 671521636264730 671522365255992 671522865820012 671522177798022 671522197680898 671522865995808 671523367045632
671522865962790 671522886780846 671523769528166 671524282177124 671523367054618 671523387250684 671524301849268 671524831691854
671524282187950 671524301730728 671525179654166 671525681663710 671524831697514 671524851610916 671525681783294 671526179819226

671512394547446 671512445247852 671512601531950 671513208455872 671512445256788 671512496114814 671513232532092 671513793103580
671513208468534 671513228560160 671513959620010 671514567335540 671513793114924 671513812005596 671514567503170 671515074282178
671514567470448 671514587621970 671515274176870 671515880149320 671515074289228 671515093430144 671515899345158 671516446322242
671515880163430 671515899219084 671516628899908 671517231021506 671516446333874 671516465259804 671517250791886 671517853079280
671517231115942 671517250675800 671518145793122 671518753530754 671517853088546 671517872136370 671518777536768 671519383686816
671518753689732 671518773302759 671519496467452 671520048784274 671519383699526 671519403791380 671520067785112 671520670563256
671520048794490 671520067664820 671520868718524 671521458697984 671520670571646 671520689492608 671521478566770 671522083938482
671521458799752 671521478444492 671522303680714 671522820578570 671522083947300 671522102922080 671522820749354 671523319850534
671522820715198 671522841303140 671523672045886 671524224725414 671523319857058 671523339206548 671524224761740 671524723631730

671510658022138 671510696318306 671510858860774 671511380011182 671510696328282 671510747573244 671511400223284 671511922350902
671511380025828 671511400097380 671512267506990 671512787932686 671511922360120 671511942012268 671512788103660 671513293851800
671512788071216 671512809166884 671513603226012 671514208930060 671513293859848 671513314238008 671514228926980 671514834944132
671514208948820 671514228800472 671515016414228 671515621870122 671514835084480 671514855420200 671515642092020 671516165270470
671515621880154 671515641958594 671516378029836 671516984960456 671516165278514 671516185396232 671517005816982 671517611943476
671516985119964 671517005694178 671517808885316 671518413914090 671517611952914 671517632328390 671518433932798 671518937301704
671518413924054 671518433812496 671519076792204 671519684804184 671518937317500 671518957362950 671519684973214 671520289915280
671519684938996 671519706211146 671520522682746 671521120929952 671520289922984 671520310358560 671521121099488 671521622296356
671521121066884 671521141667384 671521853337688 671522458608336 671521622302956 671521642491620 671522458636420 671523061783192

671518923873912 671518977566270 671519146867814 671519757547366 671518977575254 671519031871788 671519806221958 671520417609178
671519757559016 671519806132936 671520545569518 671521094804318 671520417620202 671520472634832 671521143565240 671521756165394
671521094957840 671521143481624 671521885779750 671522496676322 671521756176354 671521810888926 671522550376578 671523163571312
671522496689186 671522544569574 671523272378050 671523881953576 671523163681028 671523218603652 671523940707174 671524549597216
671523881964086 671523927147400 671524658158208 671525268926000 671524549604684 671524600972578 671525317521232 671525926939182
671525269027694 671525317441558 671526055898964 671526557746286 671525926948136 671525978265492 671526603653698 671527212690216
671526557758078 671526603525426 671527319623018 671527928621262 671527212697578 671527264617818 671527956727218 671528564130284
671527928640310 671527948865322 671528679654354 671529289340526 671528564138060 671528616519142 671529343597844 671529952867762
671529289352340 671529334607772 671530061383778 671530670848334 671529952876862 671530004557686 671530674604424 671531267277068

671515019122090 671515058696274 671515209088440 671515807486492 671515058706674 671515112103330 671515839740284 671516407085906
671515807498450 671515826436208 671516582223764 671517183171352 671516407095776 671516456929860 671517227391316 671517754005286
671517183313938 671517203180326 671517907708508 671518506627984 671517754017622 671517804731092 671518543616942 671519092165392
671518506638376 671518525879004 671519271466680 671519871391828 671519092179026 671519111582168 671519871556004 671520389222158
671519871524234 671519919430376 671520689402376 671521285352846 671520389229884 671520442312106 671521326731970 671521842512764
671521285510300 671521326614622 671522020570118 671522619196586 671521842522872 671521892827732 671522663015968 671523262240398
671522619207150 671522662895642 671523450807146 671524045095042 671523262249414 671523311171638 671524058196340 671524551122132
671524045231208 671524122459030 671524750703356 671525324967022 671524551130860 671524601183880 671525369757304 671525968954454
671525324977292 671525369642202 671526309742090 671526864378678 671525969045244 671526063439284 671526864414238 671527355731046

671511450603628 671511499480856 671511658192354 671512264850838 671511499489554 671511550252202 671512285585452 671512813090926
671512264860842 671512284413384 671513064484590 671513562897612 671512813104532 671512852826302 671513565278158 671514064587192
671513563038146 671513618649604 671514411918708 671515019949260 671514064598004 671514114969564 671515039480342 671515538906958
671515019962278 671515039393190 671515767392186 671516265834548 671515538923026 671515578054688 671516393004142 671516999706196
671516265974148 671516286398772 671517125146110 671517717686048 671516999718614 671517045893790 671517738529428 671518329075900
671517717834276 671517737340632 671518515456164 671519121912606 671518329087120 671518370675578 671519141777234 671519748052296
671519121922908 671519141656654 671519887248272 671520450081612 671519748064454 671519792699292 671520476622564 671521041930862
671520450093906 671520469408348 671521306980124 671521915033608 671521041942368 671521081195542 671521935459380 671522542513776
671521915131562 671521935378500 671522726085182 671523245589464 671522542523342 671522596746686 671523248621888 671523744702830

671508965269992 671509017843576 671509194495864 671509802806046 671509017854152 671509071075010 671509855709950 671510415584696
671509802816136 671509855591190 671510576639320 671511188472808 671510415601338 671510465584500 671511241596746 671511786007810
671511188621530 671511241473758 671511924220778 671512533258822 671511786018034 671511836653618 671512574861042 671513112499606
671512533270148 671512553143214 671513275568102 671513880955604 671513112518364 671513162436238 671513902555400 671514460658800
671513880966260 671513900820866 671514655818152 671515263847600 671514460674214 671514510447752 671515264017088 671515786032830
671515263981546 671515317520734 671515971053002 671516579125106 671515786039930 671515836011588 671516629414870 671517165408248
671516579135152 671516629282684 671517408315424 671518013513550 671517165416640 671517216032958 671518039177608 671518647059646
671518013609858 671518033909198 671518819215098 671519427818392 671518647067128 671518700079136 671519427988002 671519928988170
671519427954996 671519482615784 671520250276576 671520810040618 671519928996150 671519982230034 671520810071802 671521310667548

671518697849100 671518742484208 671518896522454 671519505953712 671518742494190 671518796288876 671519532816178 671520142343406
671519505965144 671519526161106 671520316833610 671520819230948 671520142353126 671520162474916 671520839836036 671521356114196
671520819393876 671520839747046 671521657104166 671522265857938 671521356125112 671521376177408 671522286901916 671522884563942
671522265869272 671522285497868 671523018624832 671523608866354 671522884678096 671522903808780 671523636981356 671524246007070
671523608884976 671523628636546 671524411600322 671525021550438 671524246019646 671524265963592 671525041832920 671525611124016
671525021653172 671525041751092 671525799340012 671526358876380 671525611140358 671525631247952 671526379128800 671526987382514
671526358888216 671526378997308 671527100699286 671527712230400 671526987390174 671527007603616 671527732736728 671528286257340
671527712392810 671527732614212 671528551930412 671529083865708 671528286265582 671528306423412 671529104006332 671529713525530
671529083876104 671529103880852 671529841982688 671530450100710 671529713534272 671529733754122 671530453840166 671530984989186
