16 53
669942747815128 669942749572175 669942758684030 669942762417620 669942749572258 669942751160722 669942762813876 669942766548010
669942762417632 669942762783920 669942773496236 669942777222990 669942766548146 669942769283968 669942777605172 669942781366422
669942777223002 669942777549880 669942792318288 669942796029706 669942781366576 669942781700314 669942796362426 669942800114410
669942796029718 669942796334264 669942807005374 669942810777258 669942800114440 669942802841126 669942811130320 669942814880064
669942810777304 669942811127322 669942820676774 669942824458936 669942814880648 669942816436812 669942824807648 669942828575804
669942824458948 669942824802976 669942835539934 669942839320656 669942828576238 669942830159078 669942839840838 669942843627378
669942839320668 669942839656548 669942848102306 669942851876686 669942843627582 669942845173884 669942852231454 669942855986682
669942851876698 669942852228288 669942864075136 669942867850572 669942855986840 669942857551766 669942868243446 669942872027808
669942867850584 669942868186882 669942877954572 669942881716380 669942872028238 669942873678208 669942881721576 669942885491764

669939194806972 669939198915740 669939204020904 669939207737782 669939198915922 669939200620154 669939208141594 669939211832682
669939207737794 669939208100334 669939221266348 669939224963004 669939211832788 669939214688664 669939226964558 669939230674976
669939224963016 669939225345816 669939236391258 669939240096846 669939230675292 669939233525108 669939241698178 669939245393824
669939240096858 669939241694736 669939253813962 669939257539318 669939245394326 669939248221244 669939257912146 669939261610216
669939257539330 669939257846774 669939266276068 669939269996468 669939261610438 669939263294314 669939270480492 669939274207858
669939269996480 669939270318748 669939282259590 669939285952342 669939274208048 669939275819694 669939286335572 669939290058454
669939285952354 669939286280474 669939294774132 669939298487456 669939290058862 669939291722248 669939300210032 669939303894850
669939298487468 669939300059292 669939309673600 669939313367762 669939303895056 669939306695254 669939313739398 669939317427736
669939313367774 669939313736382 669939324773466 669939328486888 669939317427972 669939319106218 669939328491866 669939332222986

669934471397160 669934474148356 669934482597750 669934486279838 669934474148450 669934475677682 669934486602130 669934490320784
669934486279850 669934486582322 669934497370628 669934501094732 669934490321006 669934491930828 669934501435060 669934505130616
669934501094744 669934501398350 669934515837356 669934519543210 669934505131218 669934505483234 669934519860632 669934523554796
669934519543222 669934519838388 669934529939152 669934533605400 669934523555038 669934526349404 669934533977672 669934537678200
669934533605446 669934533906456 669934542995966 669934546674968 669934537678304 669934537987590 669934547006474 669934550721402
669934546675014 669934546972910 669934558436110 669934562151730 669934550721580 669934551049010 669934562497306 669934566198146
669934562151776 669934562478708 669934571998346 669934575676254 669934566198370 669934567791902 669934576039934 669934579746866
669934575676266 669934576023620 669934587882874 669934591563524 669934579747062 669934581343060 669934591922940 669934595629834
669934591563536 669934591860152 669934601929532 669934605621212 669934595630128 669934597216974 669934605656488 669934609333988

669943221501942 669943229157360 669943234849122 669943238612516 669943229157448 669943229560968 669943238966730 669943242765968
669943238612528 669943238945936 669943252367962 669943256168698 669943242766406 669943244484554 669943256535484 669943260311518
669943256168744 669943256516892 669943266378876 669943270140216 669943260311714 669943264491464 669943270526172 669943274275730
669943270140228 669943270521496 669943280828660 669943284590550 669943274276104 669943275904640 669943284968444 669943288757418
669943284590596 669943284948282 669943296317858 669943300051784 669943288757918 669943290437380 669943300452046 669943304223096
669943300051796 669943300434482 669943310318374 669943314057330 669943304223750 669943305897758 669943314628036 669943318384722
669943314057342 669943314359586 669943324199094 669943327974300 669943318385390 669943320061496 669943328360822 669943332117250
669943327974312 669943328336010 669943338150122 669943341881242 669943332117794 669943335022386 669943342286258 669943346025536
669943341881288 669943342281630 669943352308754 669943356075110 669943346026320 669943347637912 669943356093152 669943359868976

669937613649874 669937618288910 669937624507700 669937628226356 669937618289100 669937618794818 669937628543106 669937632302370
669937628226402 669937628537722 669937640584234 669937644346084 669937632302820 669937632608678 669937644668856 669937648399826
669937644346096 669937644654598 669937656865738 669937660590262 669937648400108 669937650000808 669937661016710 669937664776622
669937660590274 669937660974560 669937671800958 669937675556856 669937664776932 669937667622046 669937676038750 669937679775266
669937675556902 669937675882468 669937686837900 669937690561220 669937679775878 669937681392564 669937690950924 669937694709372
669937690561232 669937690892230 669937699414610 669937703137716 669937694709858 669937696374284 669937703526906 669937707274658
669937703137728 669937703465542 669937713758206 669937717502128 669937707274868 669937708888600 669937717935340 669937721681762
669937717502140 669937717915926 669937728268470 669937731986740 669937721681972 669937724589610 669937732317424 669937736060294
669937731986786 669937732284556 669937743377826 669937747114446 669937736060918 669937737701624 669937747162386 669937750872414

669937116828328 669937121750938 669937128690626 669937132413220 669937121751026 669937122169528 669937132820356 669937136531176
669937132413232 669937132744386 669937143807674 669937147527748 669937136531390 669937140682254 669937148041512 669937151753480
669937147527760 669937147854182 669937158048068 669937161785830 669937151753810 669937154693638 669937162159218 669937165929914
669937161785842 669937162115646 669937175804296 669937179503270 669937165930040 669937167661746 669937181333750 669937185086206
669937179503282 669937179809374 669937188290422 669937192011594 669937185086382 669937186687558 669937192377408 669937196103866
669937192011640 669937192373614 669937202054092 669937205787266 669937196103988 669937197797258 669937206112706 669937209802766
669937205787278 669937206079446 669937216261142 669937219968918 669937209802922 669937211405656 669937222143364 669937225913098
669937219968930 669937220323902 669937231588624 669937235303310 669937225913488 669937227598510 669937235681910 669937239434226
669937235303322 669937235661282 669937246644238 669937250372894 669937239434486 669937243599700 669937250424708 669937254111220

669935113747284 669935115135468 669935123319072 669935127039330 669935115135558 669935115428772 669935128615168 669935132398478
669935127039342 669935128600684 669935140397096 669935144196396 669935132399368 669935132756198 669935144546806 669935148324202
669935144196408 669935144514314 669935155113830 669935158866954 669935148324400 669935149914780 669935159218700 669935163007214
669935158866966 669935159199876 669935171703048 669935175466088 669935163007654 669935163315886 669935175813554 669935179559974
669935175466100 669935175775154 669935186869832 669935190612052 669935179560294 669935179894932 669935190945788 669935194726580
669935190612064 669935190926860 669935199808222 669935203575132 669935194727214 669935195046204 669935203927016 669935207688280
669935203575144 669935203907258 669935213830834 669935217585156 669935207688436 669935207995216 669935217942208 669935221701034
669935217585168 669935217924066 669935228022526 669935231774296 669935221701562 669935222020222 669935232809070 669935236576772
669935231774308 669935232098258 669935243249008 669935247305746 669935236577018 669935236880824 669935247324046 669935251070752

669935541293686 669935544862374 669935552044184 669935555820194 669935544862456 669935546402168 669935557444254 669935561254842
669935555820206 669935557408830 669935569411802 669935573150692 669935561255278 669935564050648 669935573521984 669935577315982
669935573150704 669935573501064 669935585771670 669935589534528 669935577316946 669935578939494 669935589861090 669935593609380
669935589534540 669935589843286 669935601064186 669935604808912 669935593609776 669935596425074 669935605180630 669935608953798
669935604808924 669935605162112 669935615262662 669935619041310 669935608954030 669935611777968 669935619391968 669935623157076
669935619041322 669935619373168 669935629376280 669935633128518 669935623157428 669935624757570 669935633505128 669935637276594
669935633128530 669935633482040 669935641730480 669935645485166 669935637277318 669935638889060 669935645849930 669935649636120
669935645485178 669935645832154 669935657523800 669935661318108 669935649636352 669935649944708 669935661675666 669935665431746
669935661318120 669935661657158 669935670662568 669935674404044 669935665431952 669935665731710 669935674440124 669935678181304

669935484052762 669935490313981 669935496381652 669935500124938 669935490314061 669935490744338 669935500496254 669935504239288
669935500124950 669935500491778 669935513646800 669935517446484 669935504239720 669935505844522 669935517840586 669935521615110
669935517446530 669935517822522 669935527695792 669935531444104 669935521615800 669935524563914 669935531785330 669935535529474
669935531444116 669935531752148 669935542456170 669935546196860 669935535529894 669935535865246 669935546561886 669935550621572
669935546196872 669935546509892 669935556297924 669935560085786 669935550621714 669935553707558 669935560455598 669935564212414
669935560085798 669935560389900 669935571915064 669935575654578 669935564213128 669935565844910 669935576036134 669935579805732
669935575654590 669935575973668 669935586246232 669935590141244 669935579806252 669935581429296 669935590554564 669935594296616
669935590141262 669935590481624 669935599153890 669935602960202 669935594297092 669935595979290 669935603343642 669935607078256
669935602960214 669935603340220 669935613129322 669935616860854 669935607078400 669935608762912 669935616866006 669935620639462

669933893264106 669933900549906 669933905339398 669933909067326 669933900550096 669933902226310 669933909403194 669933913122444
669933909067372 669933909398568 669933919682934 669933923374544 669933913122578 669933914740808 669933923710668 669933927452698
669933923374556 669933923699236 669933936309342 669933940031134 669933927452804 669933929048732 669933940400066 669933944108414
669933940031146 669933940339636 669933948821770 669933952534656 669933944108872 669933945788388 669933952898460 669933956592554
669933952534668 669933952893760 669933964174760 669933967867508 669933956592760 669933958193426 669933968209448 669933971927016
669933967867520 669933968173688 669933979181892 669933982894846 669933971927658 669933973560272 669933983264174 669933986978824
669933982894858 669933983202064 669933993331756 669933997032412 669933986979124 669933988569922 669933997444046 669934001165386
669933997032424 669933997331392 669934007845332 669934011595000 669934001165714 669934002757912 669934011980056 669934015683550
669934011595012 669934011924370 669934022698766 669934026379674 669934015684172 669934017342088 669934026390966 669934030077152

669932155467354 669932158028526 669932167592686 669932171371026 669932158028616 669932159621198 669932171696206 669932175463954
669932171371072 669932171680264 669932184114020 669932187887354 669932175464124 669932175796512 669932188249882 669932192333652
669932187887366 669932188201638 669932198369846 669932202138058 669932192333772 669932194054852 669932202527102 669932206270084
669932202138070 669932202522950 669932213809324 669932217540662 669932206270264 669932207877580 669932217887798 669932221660902
669932217540674 669932217850774 669932229275206 669932233051508 669932221661064 669932223301126 669932233475246 669932237235762
669932233051520 669932233359652 669932243404002 669932247147348 669932237235978 669932238923482 669932247595002 669932251357740
669932247147360 669932247487570 669932257594064 669932261335276 669932251358106 669932253043418 669932261784142 669932265550896
669932261335288 669932261723610 669932270292584 669932274090422 669932265551124 669932267218242 669932274545580 669932278290884
669932274090434 669932274391340 669932283701008 669932287442714 669932278290982 669932279893330 669932287479260 669932291220372

669940417188594 669940423113010 669940431841680 669940435609140 669940423113192 669940423733056 669940436026996 669940439838170
669940435609186 669940436011002 669940448252278 669940452036752 669940439838284 669940442789824 669940452372342 669940456141020
669940452036764 669940452357592 669940461992548 669940465737936 669940456141554 669940457750632 669940466162146 669940469941892
669940465737982 669940466142498 669940477184468 669940480951008 669940469942664 669940472901312 669940481343224 669940485107716
669940480951020 669940481339388 669940491605216 669940495339224 669940485108038 669940486801628 669940495712246 669940499470698
669940495339236 669940495648644 669940505462364 669940509223444 669940499471112 669940502400490 669940509622044 669940513414948
669940509223456 669940509618306 669940519383400 669940523158004 669940513415154 669940515087090 669940523521126 669940527265150
669940523158050 669940523505200 669940531970730 669940535785326 669940527265332 669940527582882 669940536115948 669940539867442
669940535785338 669940536095178 669940547794124 669940551562136 669940539867634 669940540174378 669940551573894 669940555361192

669936517553288 669936523029584 669936532386446 669936536154366 669936523029766 669936523515364 669936537875448 669936541673262
669936536154378 669936536468142 669936548812924 669936552600186 669936541673432 669936544507360 669936553021934 669936556787766
669936552600198 669936552913640 669936562635070 669936566376378 669936556788058 669936558504168 669936566765236 669936570509946
669936566376390 669936566707678 669936576601534 669936580351188 669936570510574 669936572159808 669936580719832 669936584494444
669936580351234 669936580656430 669936592190712 669936595940974 669936584494636 669936586116502 669936596322656 669936600082748
669936595940986 669936596257570 669936606322448 669936610068516 669936600082962 669936601697856 669936610479888 669936614295326
669936610068528 669936610422356 669936619929286 669936623694600 669936614295904 669936615906816 669936624092836 669936627835152
669936623694612 669936624028114 669936633868534 669936637610780 669936627835394 669936629462118 669936638010248 669936641774878
669936637610826 669936637916638 669936648318282 669936652067920 669936641775438 669936643461286 669936652102716 669936655884300

669932952442078 669932955608622 669932964060718 669932967835706 669932955608708 669932955887558 669932968167496 669932971947664
669932967835718 669932968149056 669932980947414 669932984704208 669932971948088 669932972275186 669932985030040 669932988823114
669932984704220 669932985000420 669932995894152 669932999657130 669932988823502 669932990484934 669932999987520 669933003742846
669932999657142 669932999968612 669933011218970 669933014959484 669933003743402 669933004037596 669933015297688 669933019089078
669933014959530 669933015276536 669933023515928 669933027246984 669933019089586 669933020711042 669933027616864 669933031367664
669933027247030 669933027598552 669933039117510 669933042869546 669933031368154 669933031682970 669933043204324 669933046960274
669933042869558 669933043177370 669933053028476 669933056779840 669933046960446 669933047297226 669933057134140 669933061155164
669933056779852 669933057120970 669933067130892 669933070926610 669933061155274 669933061464124 669933071255836 669933075013046
669933070926622 669933071234238 669933082381602 669933086122862 669933075013192 669933076622288 669933086155952 669933089922158

669930466144180 669930473158888 669930481208998 669930485003560 669930473158980 669930473555734 669930485456998 669930489256202
669930485003572 669930485314036 669930497565706 669930501325920 669930489256402 669930492137528 669930501674550 669930505486460
669930501325932 669930501636598 669930511386260 669930515167738 669930505486774 669930505834680 669930515483854 669930519278848
669930515167750 669930515467586 669930524946836 669930528703624 669930519279492 669930519584204 669930529022928 669930532787088
669930528703636 669930529003984 669930540722262 669930544533864 669930532787488 669930533091812 669930546142970 669930549914246
669930544533876 669930544836726 669930554674068 669930558414574 669930549914740 669930550255216 669930558810464 669930562576850
669930558414586 669930558790402 669930568782118 669930572520940 669930562577190 669930564200204 669930574104288 669930577877762
669930572520986 669930572831894 669930582690752 669930586496090 669930577877964 669930578190452 669930586849640 669930590629988
669930586496102 669930586809992 669930596012772 669930599752378 669930590630510 669930591004530 669930599785766 669930603527374

669940196261734 669940204278775 669940211340308 669940215135118 669940204278864 669940207072150 669940216745514 669940220521896
669940215135130 669940216741942 669940227685236 669940231437040 669940220521958 669940224591726 669940231816252 669940235577400
669940231437052 669940231812590 669940241535948 669940245307762 669940235577510 669940237259348 669940245675976 669940249432446
669940245307808 669940245672424 669940256090212 669940259850042 669940249432672 669940251109756 669940260229420 669940264010856
669940259850054 669940260204882 669940271235872 669940275019668 669940264011302 669940268139990 669940275422048 669940279182262
669940275019680 669940275418818 669940285142454 669940288892062 669940279182392 669940280838382 669940289256132 669940293005872
669940288892074 669940289251970 669940298988376 669940302737144 669940293005964 669940294696390 669940303084396 669940306881218
669940302737156 669940303080784 669940312857938 669940316689696 669940306881528 669940308558234 669940317122553 669940321196870
669940316689714 669940317118485 669940327138280 669940330922098 669940321197028 669940322911662 669940330930920 669940334683380
