16 35
669917655519818 669917655597022 669917655747092 669917663097688 669917663097700 669917663202746 669917666646036 669917671030572
669917671031146 669917671103200 669917671233890 669917675642660 669917675642682 669917675709216 669917676108600 669917680485654
669917680485794 669917680574024 669917680770432 669917685165944 669917685165966 669917685241138 669917685450706 669917689816088
669917689816408 669917689893086 669917690049882 669917694495490 669917694495502 669917694572010 669917694784946 669917699197744
669917699198350 669917699272286 669917699476972 669917703876686 669917703876886 669917703944804 669917704120198 669917708551442
669917708551690 669917708624382 669917708812340 669917713196704 669917713196760 669917713283186 669917713453470 669917717884974
669917717885640 669917717961958 669917718145086 669917722559780 669917722559792 669917722641406 669917722778506 669917727213072
669917727213454 669917727286578 669917727444882 669917731859918 669917731860122 669917731936670 669917732073162 669917736530082
669917736530250 669917736611056 669917736764236 669917741188710 669917741188766 669917741262556 669917741435476 669917745851962

669914102390288 669914102445002 669914102676808 669914109150598 669914109150610 669914109267440 669914113184894 669914116936334
669914116936564 669914117010020 669914119036462 669914122821128 669914122821174 669914122901472 669914123668670 669914127440438
669914127440684 669914127528536 669914128338934 669914132180820 669914132180866 669914132258668 669914132995540 669914136779124
669914136779430 669914136852172 669914137712934 669914141505354 669914141505400 669914141595794 669914142416176 669914146201854
669914146202372 669914146272034 669914147057264 669914150857620 669914150857666 669914150939692 669914151753416 669914155557406
669914155558140 669914155633124 669914156404994 669914160185624 669914160185880 669914160265868 669914161081694 669914164872246
669914164872848 669914164953778 669914165657764 669914169428394 669914169428406 669914169503054 669914170335174 669914174142736
669914174143354 669914174216158 669914174983422 669914178760138 669914178760184 669914178838946 669914179682466 669914183478704
669914183479550 669914183553042 669914184384436 669914188184896 669914188184908 669914188266922 669914189022722 669914192855028

669909379271488 669909379349574 669909379528400 669909389533364 669909389533376 669909389645262 669909391857790 669909395614328
669909395614582 669909395692448 669909396498466 669909400268544 669909400268556 669909400343134 669909401142720 669909404933046
669909404933508 669909405006396 669909405816834 669909409572318 669909409573626 669909409647896 669909410491548 669909414310328
669909414310886 669909414393824 669909415247984 669909419021816 669909419021828 669909419096910 669909419881096 669909423657766
669909423657972 669909423734912 669909424552582 669909428336014 669909428336060 669909428418328 669909429215586 669909432995284
669909432999052 669909433071212 669909433889052 669909437679962 669909437680044 669909437755556 669909438515114 669909442271760
669909442275398 669909442356102 669909443164696 669909446952012 669909446952092 669909447028936 669909447831704 669909451584896
669909451585064 669909451658912 669909452469592 669909456277540 669909456277552 669909456366378 669909457214208 669909460977976
669909460978170 669909461059266 669909461847798 669909465611326 669909465611338 669909465688078 669909466509074 669909470276590

669918129190202 669918129249334 669918129497526 669918135422716 669918135422728 669918135520736 669918139764308 669918143553214
669918143553352 669918143645108 669918145859246 669918149655152 669918149655164 669918149741990 669918150519466 669918154317652
669918154318196 669918154410398 669918155200656 669918158964670 669918158964682 669918159048700 669918159819052 669918163586792
669918163587310 669918163663076 669918164562486 669918168325130 669918168325142 669918168412962 669918169263998 669918173049654
669918173050548 669918173133020 669918173888610 669918177655900 669918177655912 669918177731256 669918178542668 669918182346612
669918182347118 669918182435026 669918183213668 669918186982710 669918186982722 669918187063024 669918187891450 669918191694306
669918191695154 669918191777202 669918192513230 669918196287388 669918196287400 669918196378506 669918197190520 669918200995082
669918200995472 669918201077648 669918201839080 669918205614956 669918205614968 669918205686896 669918206515292 669918210283522
669918210284096 669918210369616 669918211208362 669918214997210 669918214997222 669918215084970 669918215876188 669918219649186

669912521603042 669912521684016 669912521838648 669912530063480 669912530063492 669912530178630 669912530481548 669912534207900
669912534208686 669912534284956 669912537285262 669912540991034 669912540991046 669912541075740 669912541954100 669912545679396
669912545679932 669912545771306 669912546746494 669912550463074 669912550463104 669912550547408 669912551384208 669912555085434
669912555085982 669912555161302 669912556050466 669912559774684 669912559774714 669912559865884 669912560709032 669912564400640
669912564401982 669912564473218 669912565484542 669912569205864 669912569205876 669912569287400 669912570114256 669912573819730
669912573820118 669912573909904 669912574886768 669912578656828 669912578656864 669912578746880 669912579445710 669912583158144
669912583158312 669912583234910 669912584120592 669912587811204 669912587811216 669912587888826 669912588792368 669912592481590
669912592481910 669912592557796 669912593455654 669912597165612 669912597165624 669912597258820 669912598088184 669912601808304
669912601809226 669912601887664 669912602766320 669912606468632 669912606468644 669912606548000 669912607651618 669912611367446

669912024561906 669912024619124 669912024850442 669912031320276 669912031320288 669912031428220 669912034701518 669912038521248
669912038522560 669912038606796 669912040989278 669912044772746 669912044772758 669912044839566 669912045718156 669912049529616
669912049530016 669912049615756 669912050072578 669912053868918 669912053868930 669912053952034 669912054946438 669912058784986
669912058785618 669912058871846 669912059228944 669912063005840 669912063005852 669912063078256 669912064450734 669912068239038
669912068239194 669912068325020 669912068581504 669912072371138 669912072371150 669912072459560 669912073851374 669912077627304
669912077627546 669912077709660 669912077955754 669912081764748 669912081764760 669912081845830 669912082945358 669912086712818
669912086713392 669912086804782 669912087690554 669912091497462 669912091497476 669912091576228 669912092162156 669912095940576
669912095940864 669912096020634 669912096915152 669912100726230 669912100726242 669912100815040 669912101161352 669912104910742
669912104911720 669912104995112 669912106405460 669912110216970 669912110216982 669912110284750 669912110553292 669912114338154

669910021631606 669910021713786 669910021971876 669910031507274 669910031507286 669910031619360 669910034019136 669910037805362
669910037805684 669910037885156 669910038775820 669910042557240 669910042557252 669910042635790 669910043117582 669910046908082
669910046908414 669910046999706 669910047987404 669910051766240 669910051766252 669910051847060 669910052240674 669910056023598
669910056023690 669910056113152 669910057496302 669910061262154 669910061262180 669910061354858 669910061663736 669910065433288
669910065433490 669910065508992 669910066909252 669910070670192 669910070670214 669910070766726 669910071023852 669910074784966
669910074786226 669910074863620 669910076007512 669910079786350 669910079786370 669910079868426 669910080760530 669910084527046
669910084527482 669910084611334 669910085200970 669910088979350 669910088979396 669910089060634 669910089980034 669910093747382
669910093747518 669910093823752 669910094238808 669910097990200 669910097990212 669910098078720 669910099478298 669910103240620
669910103240758 669910103318946 669910103623872 669910107385944 669910107386194 669910107465954 669910108977480 669910112751558

669910449104806 669910449164208 669910449445734 669910457874460 669910457874472 669910457981620 669910459261132 669910463085880
669910463086130 669910463164536 669910465555402 669910469334884 669910469334930 669910469408930 669910470310592 669910474098470
669910474098802 669910474192584 669910474659466 669910478445590 669910478445636 669910478521096 669910479545146 669910483355006
669910483355692 669910483431186 669910483772106 669910487547298 669910487547310 669910487631878 669910489082148 669910492877030
669910492877828 669910492956704 669910493189852 669910496979400 669910496979516 669910497053370 669910498452458 669910502247532
669910502248046 669910502331004 669910502565170 669910506341558 669910506341570 669910506414058 669910507519092 669910511309332
669910511309634 669910511388728 669910512286638 669910516062866 669910516062878 669910516137118 669910516715266 669910520475306
669910520475514 669910520552328 669910521519162 669910525329806 669910525329874 669910525416732 669910525758906 669910529536008
669910529537014 669910529613960 669910531023480 669910534809114 669910534809196 669910534885126 669910535125218 669910538902764

669910391945924 669910392025756 669910392177220 669910399905560 669910399905572 669910400018598 669910403090622 669910406887072
669910406887370 669910406965600 669910408322448 669910412138472 669910412138518 669910412223014 669910413065370 669910416851108
669910416851278 669910416943234 669910417420514 669910421199044 669910421199056 669910421277156 669910422310602 669910426085560
669910426085766 669910426166146 669910426501432 669910430267486 669910430267498 669910430353508 669910431819494 669910435604472
669910435604676 669910435685924 669910435943496 669910439724198 669910439724428 669910439803292 669910441184386 669910444985898
669910444986190 669910445069954 669910445318600 669910449096122 669910449096168 669910449178542 669910450276800 669910454200116
669910454200440 669910454288318 669910455050838 669910458825294 669910458825306 669910458921520 669910459481118 669910463283240
669910463283426 669910463358034 669910464291738 669910468063388 669910468063400 669910468150552 669910468505084 669910472273542
669910472273718 669910472354570 669910473787400 669910477839188 669910477839200 669910477922604 669910478048762 669910481825594

669908800954494 669908801019682 669908801322162 669908809595576 669908809595588 669908809702666 669908813387522 669908817128174
669908817128186 669908817206498 669908818137946 669908821850430 669908821850498 669908821928182 669908822495756 669908826196164
669908826196650 669908826283702 669908827372488 669908831114226 669908831114238 669908831195944 669908831616546 669908835381220
669908835381534 669908835463390 669908836882494 669908840591760 669908840591806 669908840675354 669908841013478 669908844741432
669908844742052 669908844816722 669908846279314 669908849995966 669908849996012 669908850071926 669908850401516 669908854125774
669908854126268 669908854211060 669908855393436 669908859094170 669908859094390 669908859176852 669908860129904 669908863863328
669908863863522 669908863946386 669908864589654 669908868300374 669908868300386 669908868376486 669908869358744 669908873054530
669908873054688 669908873131870 669908873599250 669908877330444 669908877330456 669908877417478 669908878850344 669908882560342
669908882560800 669908882634962 669908882988280 669908886694926 669908886694938 669908886775420 669908888350900 669908892050530

669907063340903 669907063426593 669907063647773 669907075480838 669907075480850 669907075588924 669907075970564 669907080235662
669907080236258 669907080324846 669907080634714 669907084604248 669907084604512 669907084691055 669907085277074 669907089475952
669907089476248 669907089571060 669907089944044 669907093716312 669907093716354 669907093799750 669907094588278 669907098974850
669907098974950 669907099069104 669907099355022 669907103134552 669907103134586 669907103212970 669907103975398 669907108348137
669907108348417 669907108462999 669907108669310 669907112481038 669907112481110 669907112571214 669907113322292 669907117500204
669907117501332 669907117580354 669907118013628 669907122244668 669907122244696 669907122325680 669907122621784 669907126644233
669907126644441 669907126763752 669907127274436 669907131473210 669907131473222 669907131549980 669907131940240 669907135716850
669907135716928 669907135795418 669907136603680 669907140957848 669907140957860 669907141044444 669907141323626 669907145103470
669907145103882 669907145184358 669907145957300 669907150445848 669907150446118 669907150533390 669907150687134 669907154456928

669915324810136 669915324873264 669915325193918 669915334305052 669915334305110 669915334407352 669915337258762 669915341077520
669915341078072 669915341160808 669915342035664 669915345839274 669915345839340 669915345923090 669915346387434 669915350178850
669915350179700 669915350278164 669915351259822 669915355087470 669915355087492 669915355164728 669915355507432 669915359277740
669915359278068 669915359358532 669915360818908 669915364597822 669915364597834 669915364690298 669915364922944 669915368719138
669915368719440 669915368805350 669915370171826 669915373959924 669915373959936 669915374039388 669915374292860 669915378096542
669915378097284 669915378184960 669915379280556 669915383050642 669915383050654 669915383127562 669915384027870 669915387819828
669915387820738 669915387900850 669915388478128 669915392231668 669915392231680 669915392329688 669915393249428 669915397079444
669915397080158 669915397158200 669915397498340 669915401275646 669915401275658 669915401356926 669915402758264 669915406544350
669915406544468 669915406632864 669915406888292 669915410667334 669915410667346 669915410749722 669915412254204 669915416017194

669911425411412 669911425502906 669911425640384 669911436324542 669911436324554 669911436441256 669911436569028 669911440380868
669911440381756 669911440463848 669911442026052 669911445829172 669911445829184 669911445911554 669911446668770 669911450457704
669911450458140 669911450553378 669911451345038 669911455124584 669911455124596 669911455234836 669911455978470 669911459763232
669911459764166 669911459838938 669911460705558 669911464488042 669911464488054 669911464577080 669911465398342 669911469195998
669911469196746 669911469277972 669911470031592 669911473806538 669911473806550 669911473881360 669911474697026 669911478490186
669911478490434 669911478578376 669911479372622 669911483146776 669911483146788 669911483226124 669911484049112 669911487841244
669911487842404 669911487924760 669911488660162 669911492432246 669911492432258 669911492525850 669911493341672 669911497151922
669911497152592 669911497232028 669911497963382 669911501741242 669911501741254 669911501816556 669911502665508 669911506434878
669911506435328 669911506519224 669911507349152 669911511124890 669911511124902 669911511209838 669911512019608 669911515794298

669907860179316 669907860238624 669907860477390 669907870798560 669907870798634 669907870907752 669907872898818 669907876625698
669907876626696 669907876707932 669907877543124 669907881266438 669907881266472 669907881350064 669907882185178 669907885894048
669907885894242 669907885987848 669907886852224 669907890543146 669907890543158 669907890623318 669907891491618 669907895189980
669907895190528 669907895277354 669907896243704 669907899958154 669907899958166 669907900037116 669907900878996 669907904604026
669907904604492 669907904683910 669907905547110 669907909256892 669907909256904 669907909347814 669907910209778 669907913934750
669907913935986 669907914013648 669907914886934 669907918593102 669907918593114 669907918673420 669907919512740 669907923235212
669907923236312 669907923324500 669907924161768 669907927859782 669907927859794 669907927937376 669907928829590 669907932570886
669907932570928 669907932647836 669907933514500 669907937205046 669907937205058 669907937287936 669907938211430 669907941896350
669907941897004 669907941971652 669907942844884 669907946529478 669907946529490 669907946611632 669907947502420 669907951202058

669905374050874 669905374141942 669905374379084 669905386449690 669905386449702 669905386572230 669905386708338 669905391130326
669905391130770 669905391216034 669905391373310 669905395781154 669905395781200 669905395863150 669905396014694 669905400450214
669905400450512 669905400534468 669905400681992 669905405097622 669905405097834 669905405179928 669905405339830 669905409829216
669905409829352 669905409925112 669905410093110 669905414497918 669905414497930 669905414575368 669905414727636 669905419147754
669905419151586 669905419239232 669905419407842 669905423813412 669905423813480 669905423906170 669905424059968 669905428493478
669905428497220 669905428584892 669905428735198 669905433126882 669905433126918 669905433206330 669905433358952 669905437768736
669905437768936 669905437867758 669905438012174 669905442446098 669905442446110 669905442528408 669905442677944 669905447101348
669905447104996 669905447191220 669905447341418 669905451811656 669905451811674 669905451899720 669905452060900 669905456451178
669905456451732 669905456534596 669905456694880 669905461120028 669905461120066 669905461203888 669905461430694 669905465815848

669915103984052 669915104045402 669915104304266 669915109894872 669915109894910 669915110004992 669915116676926 669915120506128
669915120506728 669915120592640 669915121373178 669915125149880 669915125149892 669915125230616 669915126010410 669915129806082
669915129807052 669915129901578 669915130682612 669915134463196 669915134463208 669915134546112 669915135355880 669915139181710
669915139182534 669915139267410 669915140099406 669915143871992 669915143872234 669915143966828 669915144743530 669915148516450
669915148517020 669915148596010 669915149398164 669915153164992 669915153165236 669915153245124 669915154059590 669915157842720
669915157843148 669915157933202 669915158742090 669915162524628 669915162524984 669915162606050 669915163360134 669915167131054
669915167131562 669915167211966 669915168012552 669915171803064 669915171803076 669915171898308 669915172679076 669915176444092
669915176444908 669915176526634 669915177344368 669915181153054 669915181153066 669915181237330 669915182062776 669915185828060
669915185828584 669915185906406 669915186694962 669915190499122 669915190499350 669915190584422 669915191345628 669915195121852
