16 249
670070891231780 670070891280674 670070891507236 670070927672244 670070927672446 670070927795436 670070936308852 670070971280278
670070971285506 670070971388538 670070971570464 670071006503862 670071006504070 670071006594946 670071007663980 670071043304406
670071043310546 670071043445434 670071043535406 670071078601360 670071078601592 670071078690522 670071078795262 670071113820864
670071113826292 670071113935290 670071114350040 670071149382314 670071149382518 670071149495490 670071149848744 670071184858904
670071184865050 670071184970786 670071185298280 670071220381702 670071220381956 670071220477252 670071220798732 670071255873936
670071255879358 670071255995354 670071256186922 670071291196602 670071291196802 670071291295018 670071291730278 670071326702242
670071326708756 670071326828180 670071327338686 670071362307436 670071362307644 670071362398754 670071362678400 670071397624786
670071397630048 670071397733090 670071398113376 670071433065210 670071433065422 670071433174024 670071433557150 670071468490092
670071468495436 670071468595744 670071469207592 670071504154008 670071504154424 670071504246470 670071504836420 670071539759306

670067338027024 670067338094424 670067338150576 670067379306066 670067379306094 670067379457018 670067381208894 670067416013960
670067416019768 670067416110110 670067419110306 670067453785906 670067453785918 670067453892630 670067454739778 670067489422976
670067489430680 670067489547568 670067490169894 670067524851278 670067524851290 670067524956748 670067525857386 670067560554974
670067560559892 670067560656120 670067561195520 670067595966194 670067595966206 670067596089826 670067596713124 670067631493208
670067631498188 670067631596868 670067632225968 670067666958996 670067666959250 670067667085510 670067667612620 670067702381552
670067702386556 670067702482800 670067703097020 670067737875520 670067737875822 670067737983482 670067738977332 670067773765914
670067773770914 670067773885118 670067774104458 670067808803456 670067808803502 670067808913246 670067809551832 670067844239126
670067844244128 670067844335344 670067845055314 670067879748998 670067879749010 670067879871286 670067880709724 670067915423708
670067915427470 670067915528718 670067916197050 670067950848934 670067950848946 670067950959762 670067951895700 670067986595272

670062614155474 670062614210250 670062614432448 670062651388592 670062651388804 670062651516506 670062659262958 670062693596468
670062693601054 670062693693494 670062694469278 670062728726256 670062728726480 670062728847324 670062730792394 670062765063216
670062765069058 670062765157416 670062766931646 670062801177612 670062801177832 670062801282682 670062802127878 670062836360328
670062836366456 670062836474830 670062837299550 670062871602910 670062871603102 670062871711146 670062872861120 670062907136650
670062907140400 670062907231330 670062908236354 670062942543496 670062942543760 670062942663376 670062943757878 670062978071534
670062978076408 670062978165030 670062979188270 670063013509728 670063013509888 670063013615450 670063014743096 670063049077254
670063049082134 670063049197672 670063050532276 670063084775058 670063084775654 670063084878470 670063085651250 670063119875528
670063119881052 670063119971936 670063121006322 670063155246754 670063155246972 670063155366786 670063156671996 670063190918264
670063190923430 670063191010390 670063192152406 670063226355640 670063226355848 670063226466150 670063227631400 670063261864892

670071364442702 670071364512748 670071364565846 670071409161294 670071409161502 670071409305046 670071409405320 670071444425570
670071444429162 670071444525044 670071444746980 670071479707230 670071479707434 670071479811568 670071480085408 670071514928796
670071514934350 670071515052394 670071516542670 670071551386770 670071551387028 670071551487932 670071551876142 670071586673338
670071586679112 670071586776454 670071587056430 670071621985284 670071621985502 670071622112530 670071622603120 670071657463926
670071657469736 670071657565858 670071658085716 670071692998332 670071692998518 670071693118224 670071693629804 670071728452056
670071728457990 670071728567658 670071729102138 670071764038132 670071764038272 670071764144658 670071764672518 670071799542180
670071799548498 670071799644734 670071800088170 670071834981024 670071834981208 670071835106460 670071835886216 670071870728694
670071870734636 670071870834916 670071871104758 670071905980328 670071905980528 670071906099512 670071906389248 670071941186556
670071941192476 670071941300592 670071941969964 670071976896582 670071976896784 670071977004738 670071977560148 670072012391980

670065755787526 670065755838632 670065756067832 670065796862046 670065796862058 670065796999850 670065799318654 670065834511590
670065834516144 670065834621952 670065837065316 670065872051508 670065872051520 670065872156088 670065872701858 670065907687024
670065907691598 670065907816100 670065908123032 670065943038528 670065943038734 670065943137028 670065943818946 670065978749932
670065978756404 670065978855696 670065979156548 670066014206782 670066014206960 670066014322784 670066014685952 670066049677998
670066049684094 670066049783310 670066050209030 670066085184248 670066085184260 670066085285958 670066085581980 670066120547400
670066120553642 670066120670794 670066121085088 670066156117864 670066156118006 670066156217328 670066156636824 670066191641356
670066191645924 670066191768020 670066192037156 670066227058872 670066227058884 670066227156000 670066227511716 670066262485346
670066262491570 670066262594182 670066263024070 670066297928660 670066297928706 670066298046168 670066298667420 670066333571794
670066333578372 670066333681260 670066334164730 670066369217582 670066369217748 670066369321728 670066369652634 670066404686300

670065259307880 670065259378070 670065259430106 670065301326582 670065301326594 670065301474010 670065305197978 670065340211916
670065340218022 670065340319962 670065340817822 670065375848210 670065375848222 670065375970726 670065376341488 670065411269606
670065411275530 670065411376598 670065411933822 670065446976022 670065446976034 670065447084408 670065447376586 670065482303874
670065482307838 670065482418972 670065482823582 670065517836490 670065517836502 670065517945520 670065518355886 670065553357684
670065553361454 670065553463356 670065553793172 670065588722310 670065588722322 670065588842748 670065589305912 670065624220502
670065624220730 670065624322100 670065624803750 670065659780814 670065659780826 670065659890526 670065660250572 670065695175942
670065695182104 670065695299828 670065695752638 670065730676436 670065730676584 670065730780756 670065731288916 670065766175692
670065766181838 670065766279932 670065766798162 670065801815812 670065801815824 670065801937608 670065802306054 670065837311606
670065837318392 670065837421772 670065837751960 670065872813242 670065872813376 670065872914942 670065873289452 670065908279454

670063256256942 670063256315076 670063256539330 670063295139878 670063295139942 670063295280024 670063298658452 670063333682242
670063333686908 670063333788982 670063337640056 670063372685460 670063372685472 670063372799388 670063373181014 670063408846062
670063408851886 670063408955246 670063409067202 670063444077764 670063444077810 670063444174656 670063444297602 670063479232780
670063479237512 670063479352222 670063479744332 670063514733180 670063514733226 670063514840078 670063515165710 670063550144728
670063550149410 670063550252476 670063550669748 670063585624340 670063585624352 670063585739702 670063586127066 670063621013484
670063621014106 670063621108072 670063621590110 670063656591412 670063656591424 670063656698952 670063657099236 670063692034766
670063692039434 670063692165046 670063692581394 670063727560406 670063727560418 670063727661714 670063728029582 670063762924692
670063762929370 670063763029438 670063763613266 670063798544258 670063798544270 670063798665858 670063799147388 670063834040494
670063834045180 670063834147702 670063834627488 670063869558612 670063869558658 670063869662346 670063870114794 670063904994590

670063683540562 670063683611906 670063683668626 670063722915392 670063722915404 670063723060064 670063728498760 670063763195004
670063763201210 670063763297470 670063763704788 670063798334310 670063798334322 670063798445106 670063799977428 670063834559144
670063834565394 670063834686854 670063836159120 670063870797588 670063870797634 670063870902916 670063871363328 670063906000174
670063906006354 670063906099222 670063906526164 670063941085554 670063941085566 670063941202144 670063942017788 670063976601450
670063976607702 670063976701280 670063977426480 670064011948208 670064011948362 670064012058024 670064012921270 670064047449154
670064047455574 670064047563264 670064048309448 670064082845112 670064082845124 670064082953210 670064083878156 670064118456632
670064118457342 670064118570258 670064119407096 670064154019128 670064154019320 670064154125602 670064154837062 670064189468328
670064189474778 670064189571628 670064190234158 670064224830102 670064224830114 670064224949774 670064225845044 670064260459320
670064260465872 670064260560984 670064261321902 670064295942824 670064295943038 670064296053774 670064296957658 670064331572440

670063626501276 670063626552104 670063626785276 670063669779256 670063669779288 670063669934338 670063672603704 670063707242460
670063707246948 670063707348646 670063708168834 670063742663292 670063742663304 670063742770852 670063743684780 670063778196496
670063778200942 670063778323476 670063779196968 670063813774456 670063813774468 670063813885876 670063814702224 670063849246806
670063849251266 670063849355558 670063850172616 670063884635666 670063884635810 670063884760210 670063885696702 670063920156908
670063920161440 670063920263262 670063921133140 670063955678708 670063955678728 670063955789658 670063956649242 670063991163936
670063991168386 670063991284870 670063992150802 670064026678072 670064026678084 670064026790252 670064027602946 670064062179314
670064062183840 670064062304306 670064063101868 670064097612070 670064097612082 670064097723258 670064098639190 670064133166894
670064133170720 670064133268570 670064134162382 670064168674578 670064168674590 670064168793986 670064169644978 670064204175578
670064204180042 670064204281362 670064205106384 670064239655732 670064239655936 670064239759106 670064240639862 670064275141212

670062035910844 670062035983234 670062036038358 670062081575656 670062081575668 670062081722948 670062081823710 670062117222378
670062117226140 670062117322298 670062117427398 670062152749846 670062152749858 670062152854948 670062152941778 670062188238290
670062188244204 670062188368292 670062188457722 670062223771548 670062223771560 670062223872122 670062223977150 670062259236690
670062259242274 670062259340900 670062259434760 670062294752376 670062294752388 670062294869996 670062294956234 670062330197092
670062330202536 670062330302038 670062330394542 670062365700534 670062365700736 670062365822912 670062365915116 670062401204074
670062401209904 670062401309490 670062401413216 670062436680110 670062436680332 670062436785544 670062436887112 670062472156502
670062472162012 670062472273902 670062472361984 670062507697362 670062507697374 670062507803232 670062507899356 670062543209734
670062543213246 670062543314872 670062543408560 670062578699472 670062578699484 670062578820222 670062578906482 670062614148318
670062614154242 670062614251476 670062614352918 670062649702996 670062649703190 670062649811764 670062649901316 670062685144986

670060298217116 670060298273170 670060298497830 670060336478098 670060336478316 670060336622010 670060344278938 670060379441532
670060379446130 670060379548950 670060379919344 670060414817136 670060414817352 670060414939444 670060415425000 670060450346952
670060450351564 670060450451160 670060451018788 670060485989986 670060485990244 670060486096658 670060486460948 670060521503556
670060521508362 670060521625346 670060521927262 670060556874790 670060556875412 670060556978042 670060557439832 670060592404952
670060592409748 670060592515192 670060592877406 670060627899724 670060627899938 670060628016524 670060628408462 670060663380280
670060663385060 670060663483606 670060663905962 670060698885848 670060698886162 670060698990720 670060699360420 670060734348068
670060734352948 670060734474270 670060734854690 670060769807700 670060769807858 670060769917680 670060770393032 670060805405886
670060805409652 670060805504898 670060805901354 670060840883326 670060840883576 670060841020084 670060841390530 670060876300314
670060876305098 670060876407732 670060876836844 670060911747018 670060911747256 670060911870910 670060912369172 670060947290186

670068560399866 670068560475356 670068560525826 670068598981458 670068598981674 670068599121344 670068604173928 670068638697454
670068638703262 670068638802878 670068641633638 670068676146366 670068676146566 670068676254404 670068677010476 670068711402486
670068711407702 670068711526560 670068712535750 670068747055456 670068747055670 670068747167372 670068748171556 670068782647134
670068782650926 670068782748362 670068783696188 670068818254874 670068818255084 670068818381874 670068819047960 670068853544398
670068853550486 670068853653224 670068854583878 670068889102706 670068889102982 670068889210958 670068890089450 670068924592908
670068924598860 670068924711890 670068925551894 670068960001646 670068960001658 670068960112304 670068961060428 670068995514374
670068995520488 670068995618868 670068996543528 670069030982796 670069030983010 670069031103590 670069031988712 670069066361722
670069066367776 670069066479044 670069067574922 670069102072648 670069102072876 670069102186912 670069103094042 670069137561782
670069137567862 670069137679934 670069138478192 670069172954142 670069172954378 670069173064222 670069173942686 670069208362414

670064660199786 670064660251542 670064660478072 670064698508840 670064698509046 670064698653660 670064704100760 670064738445924
670064738449726 670064738547688 670064741094300 670064775402328 670064775402530 670064775514286 670064776721164 670064811048548
670064811052426 670064811173048 670064812475344 670064846674178 670064846674358 670064846781296 670064847777504 670064881983864
670064881987688 670064882083452 670064883202498 670064917411778 670064917411980 670064917530524 670064918821548 670064953000452
670064953004310 670064953100736 670064954286924 670064988426830 670064988427004 670064988530096 670064989669906 670065023875420
670065023882398 670065023993734 670065025153686 670065059439746 670065059439996 670065059553956 670065061312002 670065095599728
670065095605566 670065095719018 670065096182426 670065130524596 670065130524788 670065130633518 670065131785928 670065166071904
670065166072446 670065166164180 670065167049394 670065201399134 670065201399338 670065201526728 670065202626754 670065236994508
670065236998548 670065237095560 670065238059526 670065272377346 670065272377558 670065272495022 670065274217336 670065308465596

670061094896354 670061094970874 670061095019688 670061137849262 670061137849470 670061137995620 670061140800482 670061175443932
670061175448558 670061175539268 670061176358696 670061211058316 670061211058506 670061211182996 670061211904344 670061246487794
670061246493040 670061246588128 670061247419112 670061282133776 670061282134006 670061282242032 670061282925938 670061317547646
670061317552542 670061317661708 670061318394748 670061353161640 670061353161900 670061353274122 670061353918450 670061388649938
670061388654828 670061388750612 670061389356322 670061424009832 670061424010052 670061424135546 670061424871380 670061459510870
670061459515462 670061459606512 670061460373720 670061495660990 670061495661220 670061495777260 670061495870230 670061530539174
670061530540624 670061530654710 670061531324462 670061565934708 670061565934928 670061566043106 670061566864318 670061601414256
670061601414864 670061601507706 670061602352618 670061636965100 670061636965312 670061637092598 670061637868652 670061672417442
670061672422230 670061672520580 670061673285218 670061708579626 670061708579842 670061708693932 670061708888174 670061743976890

670058608553162 670058608606690 670058608840162 670058650568328 670058650568340 670058650719510 670058652503444 670058687599182
670058687607606 670058687711070 670058689964368 670058725018674 670058725018686 670058725141698 670058725355348 670058760342208
670058760348192 670058760449840 670058760862376 670058795886592 670058795886604 670058795993784 670058796506282 670058831496062
670058831501896 670058831623806 670058832030844 670058867097850 670058867098054 670058867209330 670058867405106 670058902471592
670058902477350 670058902579854 670058902928396 670058937986152 670058937986164 670058938106548 670058938433050 670058973426746
670058973432534 670058973533474 670058973898372 670059008971888 670059008971934 670059009090606 670059009703286 670059044740554
670059044746310 670059044873674 670059044969690 670059079892050 670059079892280 670059079998074 670059080334778 670059115235346
670059115241140 670059115343350 670059115919730 670059150892580 670059150892626 670059151017364 670059151438214 670059186385688
670059186391422 670059186495896 670059186819888 670059221873702 670059221873902 670059221978244 670059222625066 670059257579214

670068338985004 670068339056918 670068339107672 670068382531604 670068382531878 670068382676596 670068383950746 670068419070514
670068419076176 670068419181892 670068419285842 670068454467846 670068454467996 670068454572164 670068455481226 670068490571576
670068490577950 670068490702384 670068490806416 670068525766494 670068525766636 670068525866388 670068526310332 670068561196850
670068561203594 670068561307060 670068561961046 670068596888158 670068596888308 670068597013298 670068597553038 670068632454728
670068632460928 670068632560252 670068632919682 670068667988004 670068667988016 670068668105718 670068668439958 670068703448868
670068703455238 670068703554238 670068703884942 670068739041192 670068739041530 670068739146786 670068739415260 670068774446154
670068774452370 670068774573598 670068775211436 670068810240530 670068810240738 670068810347788 670068810453744 670068845444558
670068845450664 670068845555610 670068845681336 670068880747456 670068880747642 670068880866698 670068881353342 670068916323892
670068916330020 670068916434010 670068916832822 670068951932768 670068951932964 670068952038188 670068952302678 670068987329008
