16 4295
671118859754512 671118868602404 671118898343340 671119506342664 671118868608390 671118878850868 671119509897170 671120119027864
671119506354098 671119509717046 671120133699266 671120719255546 671120119037990 671120122291668 671120724270524 671121331029418
671120719268180 671120724191906 671121366757472 671121974771106 671121331037984 671121334465174 671121978078236 671122478481848
671121974783750 671121977965484 671122524183568 671123024093874 671122478492306 671122481622508 671123027671018 671123528911672
671123024236142 671123027598614 671123828362540 671124331617182 671123528918344 671123532054038 671124335485076 671124836914448
671124331745002 671124335394102 671125018670294 671125620724808 671124836930592 671124840145112 671125623998626 671126160237526
671125620732596 671125623882394 671126227141152 671126727894012 671126160245002 671126163459416 671126731131766 671127232459742
671126727902040 671126731064054 671127556859648 671128058929764 671127232467036 671127235581290 671128062237664 671128564360608
671128058937040 671128062171800 671128624482254 671129123838936 671128564368504 671128567467882 671129123888896 671129624749696

671115304798186 671115315577270 671115343733318 671115928561174 671115315582620 671115325832572 671115934789950 671116489614770
671115928577872 671115933429470 671116571077668 671117174089660 671116489629272 671116498294114 671117179609428 671117785870608
671117174098344 671117178646286 671117813192882 671118418862582 671117785881100 671117796101178 671118423882712 671118921493710
671118418881474 671118423735200 671119047926830 671119652137378 671118921505682 671118924604408 671119652569198 671120258660042
671119652315044 671119657878038 671120283750474 671120889978646 671120258666714 671120268538702 671120896509810 671121416960286
671120889990626 671120893054218 671121505381516 671122003126526 671121416973394 671121420400298 671122008762614 671122616029752
671122003139440 671122006363732 671122640663552 671123247287394 671122616161010 671122621325922 671123251208020 671123749018100
671123247297586 671123251112192 671123931827614 671124450450670 671123749035260 671123755645808 671124454059154 671124951719886
671124450460438 671124453710360 671125149447490 671125751853934 671124951727144 671124960313692 671125752240504 671126333913426

671110578018436 671110587044046 671110617913314 671111221817154 671110587049778 671110597407398 671111225376992 671111822083574
671111221826238 671111225299932 671111837052780 671112444689914 671111822090944 671111825173714 671112448132902 671113055152248
671112444702238 671112447988426 671113085358880 671113584737002 671113055164424 671113058442108 671113588063424 671114088287420
671113584749186 671113587949290 671114267252600 671114785337750 671114088301782 671114091502994 671114789306676 671115395052128
671114785503128 671114789108282 671115559357602 671116060014122 671115395063852 671115398235788 671116063270328 671116566338178
671116060022120 671116063202834 671116781424146 671117281141622 671116566345478 671116569588518 671117284550508 671117786787726
671117281154530 671117284453786 671118020538644 671118522466400 671117786797604 671117792057462 671118522642456 671119026043100
671118522603690 671118526463738 671119278331540 671119778622824 671119026050634 671119041739190 671119781892864 671120284362486
671119778631424 671119781817464 671120511841760 671121014620386 671120284373552 671120297312522 671121014736148 671121517953244

671119329461672 671119337017984 671119363239320 671119968750286 671119337023594 671119347758916 671119972198232 671120554374304
671119968760924 671119972018684 671120599134226 671121208004912 671120554385088 671120557721198 671121211443402 671121720504754
671121208013990 671121211336950 671121840510662 671122448637262 671121720509656 671121725817074 671122451969910 671122952545332
671122448648378 671122451814950 671123060402934 671123561487926 671122952557220 671122955777130 671123565070414 671124067351832
671123561597084 671123564935378 671124315076588 671124813998812 671124067359822 671124070530988 671124817337156 671125318459766
671124814005890 671124817269984 671125545508934 671126060319536 671125318470280 671125321588576 671126063610930 671126564444248
671126060326818 671126063543016 671126789601102 671127402287434 671126564454622 671126567608766 671127406183182 671128014772146
671127402418278 671127406059170 671128035735684 671128568819562 671128014782268 671128018043170 671128572215982 671129073320862
671128568829668 671128572114844 671129203199228 671129703878470 671129073325876 671129078780076 671129703914774 671130203886080

671113714705040 671113722009922 671113750770282 671114357896126 671113722015754 671113733308378 671114364398252 671114878986738
671114357905676 671114361160830 671114986525534 671115495168748 671114878997650 671114890071890 671115498943470 671116106127362
671115495176396 671115498769352 671116210111014 671116811052134 671116106138368 671116111144726 671116814441270 671117351662234
671116811060260 671116814285838 671117451857904 671117948762048 671117351670372 671117359065126 671117952905672 671118559501852
671117948769264 671117952024308 671118692041520 671119295487864 671118559509190 671118570762824 671119299185134 671119858423758
671119295494954 671119298792820 671119884084286 671120424789686 671119858431548 671119867740876 671120428644640 671121036663866
671120424801526 671120428514010 671121095025410 671121701226794 671121036793126 671121045602672 671121704873440 671122298411154
671121701234360 671121704531152 671122380049036 671122955584946 671122298424748 671122307509740 671122959362346 671123458082336
671122955592524 671122958888254 671123628600650 671124126044546 671123458089210 671123467005618 671124126197498 671124624648516

671113219869852 671113226852326 671113257376158 671113841647146 671113226857812 671113238424246 671113848416248 671114456732998
671113841662958 671113846623786 671114485370672 671115055836552 671114456742516 671114469051408 671115068133078 671115677268484
671115055844762 671115068011628 671115720342780 671116327326112 671115677275588 671115687892182 671116332505906 671116941228260
671116327338116 671116331951768 671116968728928 671117558276328 671116941350868 671116952881200 671117570462860 671118178050632
671117558284480 671117570265458 671118204208196 671118810124566 671118178058540 671118188480318 671118816047968 671119335463846
671118810131934 671118814877752 671119420275934 671120028624326 671119335472006 671119338627404 671120034255376 671120541462476
671120028764398 671120033748650 671120667453784 671121270790152 671120541472870 671120553048320 671121275847214 671121819581914
671121270798226 671121275352432 671121907187556 671122515636776 671121819588688 671121830616214 671122521357390 671123048475060
671122515645290 671122520210678 671123156173132 671123761506372 671123048486800 671123059722254 671123762356038 671124326041026

671111217978260 671111227466000 671111256417482 671111861547734 671111227471822 671111238945134 671111865360552 671112402938406
671111861555774 671111865139812 671112474850870 671113085577384 671112402950014 671112409373196 671113089920962 671113700530624
671113085593036 671113089292306 671113724307304 671114332441898 671113700541532 671113711792444 671114336412768 671114890243574
671114332460456 671114336017508 671114965721784 671115571958024 671114890430920 671114902123502 671115575346890 671116183168388
671115571965434 671115575194652 671116205683214 671116812604702 671116183180230 671116192464612 671116818821480 671117400206362
671116812615856 671116818684568 671117425183906 671118029809562 671117400218688 671117411470662 671118036932492 671118644527096
671118029941330 671118036852822 671118669489360 671119273528242 671118644534158 671118655884964 671119277882232 671119884011950
671119273538848 671119277247288 671119909605672 671120513328626 671119884018744 671119895176834 671120519466246 671121128179732
671120513339204 671120519349982 671121155704260 671121763765190 671121128304936 671121140292922 671121763791546 671122372130608

671111643322242 671111650766242 671111681549524 671112184842908 671111650771000 671111661273976 671112188933380 671112795078518
671112184854446 671112188505790 671112912674446 671113510665628 671112795092598 671112805796548 671113516419514 671114122127990
671113510675502 671113513862190 671114147402680 671114670880550 671114122136066 671114132294120 671114674617110 671115277078862
671114670889976 671114674132016 671115377082550 671115980193442 671115277088042 671115287684082 671115986595870 671116501845822
671115980204096 671115983384046 671116625557428 671117172141522 671116501856702 671116511685842 671117175956142 671117781015676
671117172151486 671117175424720 671117847122758 671118453710524 671117781023624 671117791890190 671118457524082 671118996023208
671118453867380 671118457171744 671119092594816 671119661593888 671118996030074 671119004772652 671119665346702 671120267001378
671119661604726 671119664800402 671120343696074 671120946662272 671120267011554 671120275474600 671120950088908 671121507178178
671120946671752 671120949875090 671121571006526 671122160316292 671121507185048 671121513930914 671122160791546 671122660037424

671111588278022 671111595463554 671111624529432 671112230134240 671111595469216 671111606130776 671112236681374 671112742537690
671112230144154 671112233781262 671112862735352 671113468901796 671112742546132 671112752748362 671113473134938 671114010602062
671113468912312 671113472024006 671114099884662 671114707317286 671114010609118 671114020558390 671114711714628 671115243491158
671114707326858 671114710709142 671115332204788 671115941041208 671115243497782 671115253343412 671115945224186 671116503986048
671115941051830 671115944159086 671116528232028 671117137693174 671116503996494 671116513838572 671117147403872 671117725690022
671117137705144 671117147009186 671117754612222 671118362453594 671117725702942 671117735704936 671118367061792 671118958368240
671118362643728 671118366804588 671119017278594 671119625101510 671118958379974 671118966776120 671119629753536 671120231950646
671119625113616 671119628189884 671120257070096 671120865474382 671120231962296 671120241892344 671120871978930 671121480173792
671120865483418 671120868935808 671121502550322 671122105875794 671121480262136 671121490319374 671122106400474 671122714242322

671109997985416 671110005048546 671110034872830 671110631757262 671110005054358 671110015597372 671110641395360 671111183352442
671110631770154 671110641205300 671111257535734 671111867861128 671111183363476 671111193216664 671111872802872 671112482951734
671111867873344 671111872522124 671112502855706 671113110685448 671112482966140 671112486060030 671113116367914 671113615903332
671113110697634 671113114198280 671113738573530 671114239871606 671113615919652 671113619015370 671114246003146 671114746911514
671114240020918 671114245804642 671114972078380 671115580262582 671114746923364 671114755307212 671115583864326 671116119168122
671115580276076 671115583394608 671116195432998 671116799022510 671116119181404 671116130164232 671116804891856 671117412749224
671116799159292 671116802615224 671117431925582 671117932559436 671117412761634 671117415857082 671117942084702 671118520500796
671117932567982 671117941955638 671118669433494 671119169452682 671118520515956 671118530307744 671119174448152 671119782463276
671119169462222 671119174071486 671119902854720 671120506463150 671119782472610 671119792707000 671120507042430 671121091536130

671108261616276 671108268775812 671108300365798 671108908687952 671108268781226 671108279461060 671108916760426 671109477730312
671108908698768 671108913626692 671109526135260 671110130517962 671109477741522 671109487966518 671110136220310 671110744721898
671110130528320 671110133833634 671110767940160 671111373125026 671110744731432 671110755352038 671111376787870 671111960903346
671111373140318 671111376653554 671112003337968 671112611067456 671111961013230 671111964212966 671112616697218 671113224245072
671112611079430 671112614357824 671113247926474 671113853457794 671113224263136 671113227369932 671113857440486 671114359005876
671113853467524 671113857366888 671114468326744 671114968488028 671114359012928 671114365657536 671114972280836 671115472830200
671114968503906 671114971793884 671115707079928 671116313020134 671115472842266 671115481672900 671116316500778 671116923762336
671116313118334 671116316325058 671116946957074 671117466265052 671116923773624 671116926850722 671117470133616 671118078211166
671117466281458 671117469965094 671118196752928 671118797985586 671118078220732 671118084967216 671118798679472 671119403134974

671116527056396 671116538459524 671116566276438 671117168725074 671116538464998 671116549951216 671117172520594 671117778873140
671117168732456 671117172442024 671117802571412 671118304622590 671117778879856 671117786094658 671118309718740 671118917564588
671118304631096 671118309442532 671119033550344 671119638733960 671118917575146 671118924016312 671119642219794 671120249985430
671119638743622 671119642011616 671120273181588 671120794960706 671120250127662 671120256184058 671120798694000 671121402046562
671120794968026 671120798077454 671121506002962 671122005135798 671121402053508 671121407700614 671122008345398 671122508038392
671122005142574 671122008247592 671122736892278 671123237329050 671122508045284 671122513452968 671123240495016 671123742403412
671123237336102 671123240423398 671123986974648 671124488036626 671123742409394 671123747662480 671124491952036 671125097904788
671124488172892 671124491780510 671125231099832 671125793264996 671125097912254 671125103173414 671125799545368 671126300951922
671125793272444 671125796921300 671126437995518 671126938788408 671126300958140 671126304844002 671126939071906 671127439080084

671112623391696 671112632309642 671112661664664 671113264913846 671112632315976 671112643285072 671113270353180 671113852845758
671113264921698 671113269502176 671113895924600 671114502477916 671113852853410 671113863798898 671114508543740 671115113506520
671114502486148 671114505678724 671115137343784 671115743458368 671115113514150 671115124476596 671115747245506 671116266764412
671115743466344 671115746735214 671116345727648 671116842735832 671116266771586 671116278087318 671116846716162 671117450236788
671116842744186 671116846252104 671117604325780 671118210401564 671117450247674 671117461314424 671118214226902 671118757240978
671118210409400 671118213619672 671118841770176 671119355525114 671118757249376 671118768321846 671119359729390 671119966843310
671119355532412 671119359014824 671120085972824 671120688106292 671119966997992 671119978470928 671120691863314 671121195635684
671120688115722 671120691314106 671121328709746 671121846722278 671121195643078 671121207103256 671121853140194 671122370394698
671121846730160 671121850001816 671122532192650 671123044089388 671122370402612 671122381240774 671123044549078 671123543767798

671109054922840 671109066161396 671109095510894 671109696360466 671109066166952 671109076761176 671109708316306 671110264199504
671109696373040 671109708183476 671110309372244 671110909910158 671110264212142 671110275450246 671110914048004 671111514382524
671110909923462 671110912999090 671111563738006 671112160995296 671111514389438 671111525777678 671112164974568 671112745753004
671112161008138 671112164073944 671112774517442 671113374703314 671112745907656 671112758356656 671113381154956 671113981032162
671113374718480 671113378052630 671114032143178 671114631127744 671113981043150 671113991595502 671114634791996 671115234467172
671114631140516 671114634166986 671115260923248 671115751873650 671115234481334 671115244613306 671115755707790 671116356037398
671115751886410 671115755241470 671116474419396 671117069653960 671116356188194 671116367941028 671117075388144 671117675709480
671117069663896 671117072914098 671117692163114 671118211246358 671117675717438 671117678769328 671118222953568 671118823234566
671118211273442 671118222825970 671118853285382 671119452668290 671118823244064 671118833414736 671119453321796 671120053992760

671106569318708 671106576626980 671106606070902 671107203980220 671106576632500 671106587547416 671107209287928 671107789261802
671107203989990 671107208791926 671107825388024 671108396822962 671107789278266 671107800201292 671108400275734 671109001548532
671108396831468 671108399893234 671109079070254 671109679957982 671109001559662 671109004717924 671109683200442 671110177109236
671109679966108 671109683124926 671110300027518 671110790779124 671110177115548 671110180164738 671110794304410 671111286140062
671110790881966 671110794187974 671111554737748 671112046738720 671111286145964 671111289191162 671112050042652 671112542833610
671112046746148 671112049926762 671112784043498 671113295274844 671112542846406 671112545861372 671113298576232 671113789834468
671113295285914 671113298480272 671114026584528 671114518828494 671113789843958 671113792907464 671114519305526 671115011201258
671114518972552 671114523445616 671115270810516 671115800812770 671115011207540 671115022071114 671115804039402 671116341539808
671115800819564 671115803886194 671116413914854 671116906936304 671116341547388 671116344593758 671116907203678 671117399818284

671116301365746 671116311459434 671116339007242 671116947906272 671116311465206 671116321814920 671116954669894 671117505883966
671116947914462 671116951151402 671117572844764 671118182639502 671117505893916 671117516053418 671118187340614 671118797121738
671118182648430 671118187115252 671118816440568 671119425433536 671118797129492 671118805653594 671119436117928 671120007668420
671119425576860 671119435989084 671120047648402 671120656302528 671120007680292 671120017974532 671120660101798 671121267592540
671120656313728 671120659900364 671121288919452 671121897323088 671121267598918 671121275839150 671121901143304 671122496295680
671121897334886 671121900822966 671122521250028 671123125413318 671122496307246 671122506606352 671123133956904 671123742225602
671123125553306 671123133869354 671123765589650 671124369444844 671123742233538 671123752341862 671124377188270 671124985935108
671124369454008 671124377055906 671125009051728 671125509156050 671124985942834 671124996536386 671125514459358 671126123430530
671125509166022 671125513699558 671126150878424 671126754114448 671126123439108 671126134119760 671126754451800 671127362222196
