16 3264
670946949981674 670946967273920 670946997365736 670947446108234 670946967274066 670946977863512 670947446209368 670947895076178
670947895077190 670947901030590 670947926844000 670948374726464 670947901030658 670947911861214 670948375050268 670948822957910
670948822958860 670948833511756 670948859627268 670949307931644 670948833511838 670948844295474 670949308224102 670949756955926
670949756957482 670949767405448 670949789669656 670950236604010 670949767405710 670949778150076 670950236799532 670950684386542
670950684388520 670950695897968 670950718306932 670951165350416 670950695898000 670950706637534 670951165634060 670951614239294
670951614241456 670951618408558 670951642822008 670952090807716 670951618408784 670951629268612 670952090966554 670952539551634
670952539552634 670952543273490 670952572987798 670953020354030 670952543273752 670952553599948 670953020820764 670953468276016
670953468277336 670953480612988 670953500603460 670953947321400 670953480613212 670953491346208 670953947330956 670954396738400
670954396740052 670954400126184 670954460915720 670954908458316 670954400126414 670954403492282 670954908488808 670955357007948

670943394750696 670943412343066 670943438361274 670943886703044 670943412343258 670943423155294 670943886732816 670944335301772
670944335309026 670944343101344 670944372071960 670944820613770 670944343101416 670944354064202 670944820634734 670945268150214
670945268157548 670945271913502 670945302337442 670945751023684 670945271913768 670945275247096 670945751076084 670946198269562
670946198276810 670946201718900 670946235394528 670946681954494 670946201719132 670946205067340 670946681981786 670947129896246
670947129901846 670947133300174 670947159428600 670947605515264 670947133300410 670947136649496 670947605545680 670948054254308
670948054261496 670948057666214 670948083299820 670948530842720 670948057666446 670948061006236 670948530882948 670948978736776
670948978737352 670948982480168 670949011930168 670949459432378 670948982480402 670948985809668 670949459457258 670949908312850
670949908319702 670949912074900 670949978675892 670950425350062 670949912075138 670949915436236 670950425497666 670950873757320
670950873764510 670950877467538 670950974762424 670951420780952 670950877467804 670950880783118 670951420807484 670951868303602

670938668392170 670938686001860 670938711618096 670939160335058 670938686002020 670938696701606 670939160457662 670939608373746
670939608383640 670939615051276 670939638726720 670940087380228 670939615051344 670939625935772 670940087715330 670940535841960
670940535850388 670940544256218 670940569491364 670941017312926 670940544256286 670940555137636 670941017621440 670941465489838
670941465496660 670941474072344 670941503149432 670941950716244 670941474072600 670941484937760 670941951046622 670942399035506
670942399041526 670942407500852 670942430550462 670942879227062 670942407501144 670942418342130 670942879601896 670943327899606
670943327907090 670943336404204 670943363518168 670943810667108 670943336404494 670943347270224 670943811003628 670944258067836
670944258068764 670944266495566 670944288636202 670944735858060 670944266495758 670944277345700 670944736185942 670945223805808
670945223810592 670945232819596 670945256605052 670945742089402 670945232819696 670945244239068 670945742115764 670946221076248
670946221084684 670946229595822 670946254031832 670946708811906 670946229596112 670946240698944 670946709010360 670947156311294

670947418853400 670947438330622 670947465724930 670947913330784 670947438330808 670947449411576 670947913442022 670948361379406
670948361385666 670948367686464 670948395007824 670948841814242 670948367686498 670948378998422 670948842167108 670949291176404
670949291182642 670949300372124 670949327752304 670949775345696 670949300372314 670949311624388 670949775786488 670950223091384
670950223097196 670950232098314 670950257517990 670950704644750 670950232098348 670950243379508 670950705085504 670951152459288
670951152464944 670951161411446 670951186589524 670951634333464 670951161411532 670951172681906 670951634745286 670952082859780
670952082865684 670952092102988 670952114821892 670952562141658 670952092103074 670952103365428 670952562543082 670953009957454
670953009963080 670953019234754 670953042672194 670953490555790 670953019234970 670953030510874 670953490983796 670953938346828
670953938352554 670953947334822 670954005530622 670954453225748 670953947334908 670953958621710 670954453690686 670954903202402
670954903208168 670954912412182 670955003225922 670955449515234 670954912412270 670954923673964 670955450059328 670955897391400

670941805697112 670941824986980 670941852319790 670942300891888 670941824987190 670941836051704 670942301104794 670942749025102
670942749035352 670942755707728 670942784588710 670943232010376 670942755707992 670942766912150 670943232490598 670943681563458
670943681570214 670943690497586 670943713471382 670944161059622 670943690497900 670943701660634 670944161571490 670944608810934
670944608818052 670944618013978 670944644973496 670945091063514 670944618014490 670944629180378 670945091542620 670945539561820
670945539568552 670945548663204 670945570836616 670946016874326 670945548663470 670945559816782 670946017331484 670946465866518
670946465872172 670946474980674 670946497192350 670946944226800 670946474980910 670946486151012 670946944687822 670947392465782
670947392471798 670947401576794 670947423739810 670947868982332 670947401577062 670947412734966 670947869439814 670948317404312
670948317412516 670948326475930 670948351430114 670948798092024 670948326476164 670948337645452 670948798556782 670949246408128
670949246416254 670949255405380 670949301682664 670949748490260 670949255405612 670949266554586 670949748971786 670950196890196

670941310921018 670941330426852 670941357777202 670941807781434 670941330427048 670941341680582 670941807941264 670942256703462
670942256710028 670942265019188 670942290434704 670942738813970 670942265019430 670942276418982 670942738860786 670943187087698
670943187095342 670943190625632 670943217217172 670943666285276 670943190625884 670943194075530 670943666342746 670944114283124
670944114289398 670944117822042 670944146020188 670944593649316 670944117822288 670944121279100 670944593683102 670945041801932
670945041806858 670945045305166 670945078679370 670945525787168 670945045305458 670945048752674 670945525818372 670945974489814
670945974495366 670945978007854 670946005504196 670946452994044 670945978008144 670945981456878 670946453216896 670946902049964
670946902055550 670946905996350 670946938803852 670947384905610 670946905996634 670946909439658 670947385099250 670947832618638
670947832624556 670947836531112 670947897682316 670948344166674 670947836531358 670947840000120 670948344339598 670948793852920
670948793858612 670948797795138 670948867326706 670949314702570 670948797795420 670948801248216 670949314881170 670949762970534

670939308785908 670939328068360 670939354876692 670939802997360 670939328068604 670939339102700 670939803132850 670940251776748
670940251781374 670940259864768 670940285449074 670940734176396 670940259865050 670940271111796 670940734216004 670941183220254
670941183225096 670941187146838 670941203419232 670941651059438 670941187147074 670941190591190 670941651113380 670942098516914
670942098525906 670942102063540 670942131476028 670942579004310 670942102063778 670942105495262 670942579061114 670943027422904
670943027429958 670943030954500 670943062626464 670943509323962 670943030954736 670943034435616 670943509363968 670943957919412
670943957924172 670943961423462 670943991545124 670944437222384 670943961423776 670943964864444 670944437253014 670944885721078
670944885725644 670944889234246 670944923893234 670945371124054 670944889234516 670944892687236 670945371161790 670945865237518
670945865238138 670945868772160 670945896608238 670946375788452 670945868772396 670945872579967 670946375823348 670946851337656
670946851341416 670946854832736 670946885127636 670947344183670 670946854832972 670946858276756 670947344214242 670947791696582

670939733317784 670939751096988 670939780674822 670940228299248 670939751097178 670939761836958 670940228425462 670940675603084
670940675609802 670940681605986 670940710508618 670941156640836 670940681606020 670940692567686 670941156657792 670941604389778
670941604398310 670941608130946 670941636591492 670942083592262 670941608131182 670941611480388 670942083640944 670942530177472
670942530182980 670942533574956 670942564127580 670943008915824 670942533575188 670942536921162 670943008952502 670943455459334
670943455463184 670943458848802 670943494729666 670943939579850 670943458848856 670943462178248 670943939613046 670944387321520
670944387327356 670944390734848 670944421866272 670944867548382 670944390734940 670944394060216 670944867879394 670945314965338
670945314969890 670945323510354 670945349018862 670945795816690 670945323510386 670945334420364 670945796188816 670946242713220
670946242717782 670946251387660 670946301108948 670946747248624 670946251387692 670946262274520 670946747613708 670947194949890
670947194955930 670947203497450 670947286766434 670947732289084 670947203497482 670947214392582 670947732668216 670948179049594

670939678708520 670939696432236 670939726350598 670940169584662 670939696432440 670939707112924 670940169599844 670940613237036
670940613243478 670940620430512 670940647759820 670941091991536 670940620430802 670940631321088 670941092023134 670941536110270
670941536117548 670941539544120 670941578769872 670942020745154 670941539544426 670941542928258 670942020777680 670942463563962
670942463572158 670942466918380 670942506840294 670942947786374 670942466918674 670942470219316 670942947813632 670943390762426
670943390768356 670943394110090 670943439484114 670943882848372 670943394110386 670943397382356 670943882888680 670944327663672
670944327670972 670944331044394 670944369666172 670944812787974 670944331044686 670944334320318 670944812994060 670945256106114
670945256112168 670945260035614 670945305656286 670945746995596 670945260035832 670945269316880 670945747187468 670946190676130
670946190682054 670946194539160 670946270597618 670946713384542 670946194539256 670946203796944 670946713423656 670947157725980
670947157731968 670947161090014 670947228614328 670947671869574 670947161090230 670947164394986 670947672030044 670948115204496

670938088746938 670938106400314 670938131987098 670938580557426 670938106400528 670938117124554 670938580664820 670939029588726
670939029595730 670939036067598 670939062729622 670939511511672 670939036067650 670939046957652 670939511720398 670939960818572
670939960824736 670939969437042 670939995499880 670940444329426 670939969437272 670939980291714 670940444628474 670940892427974
670940892436562 670940900753406 670940930479400 670941376611976 670940900753634 670940911625056 670941376870930 670941825042390
670941825048558 670941833346288 670941857588790 670942306340670 670941833346504 670941844263168 670942306617406 670942755239622
670942755249802 670942763563442 670942787541994 670943235129388 670942763563666 670942774439556 670943235366180 670943683094732
670943683100904 670943691328452 670943716974186 670944162448034 670943691328714 670943702210118 670944162614320 670944651796264
670944651800956 670944660505986 670944681278426 670945153130564 670944660506056 670944671575040 670945153149616 670945626347732
670945626356366 670945629737618 670945643445136 670946090136958 670945629737846 670945633078288 670946090151324 670946537852802

670936352356704 670936370175220 670936396132042 670936843798740 670936370175418 670936380985848 670936843919650 670937291883572
670937291893448 670937299742916 670937327194954 670937775703584 670937299743142 670937310739572 670937775753442 670938223371306
670938223380748 670938226964632 670938253260778 670938700965278 670938226964898 670938230294264 670938700997866 670939147498630
670939147505078 670939150898452 670939184635684 670939631727052 670939150898716 670939154247192 670939631755924 670940078697790
670940078701364 670940082072314 670940117304252 670940565964772 670940082072502 670940085447540 670940566205524 670941014365140
670941014370770 670941018548696 670941050002454 670941497643448 670941018548928 670941027896976 670941497912522 670941945158230
670941945164316 670941949377638 670941973506062 670942421216898 670941949377868 670941958702614 670942421468816 670942868882226
670942868883454 670942873031996 670942942060232 670943389511608 670942873032228 670942882313896 670943389772126 670943837703572
670943837709298 670943841878132 670943907899292 670944354660226 670943841878362 670943851196340 670944354915614 670944801858138

670944616629538 670944635800164 670944663884974 670945112680096 670944635800370 670944647040014 670945112826758 670945561230236
670945561237556 670945568888274 670945592238806 670946040027294 670945568888312 670945580317366 670946040055270 670946489781672
670946489783530 670946493367062 670946519157890 670946968206938 670946493367158 670946496791236 670946968257686 670947417070830
670947417078192 670947422522748 670947445798720 670947891733882 670947422522836 670947426048660 670947891767258 670948339159902
670948339166852 670948344175830 670948370487734 670948817299066 670948344175922 670948347576270 670948817333774 670949266527882
670949266535250 670949271569706 670949299016962 670949746347492 670949271569800 670949274976366 670949746382512 670950194668112
670950194674246 670950198124450 670950229736498 670950675487994 670950198124540 670950201541756 670950675517620 670951123416910
670951123420548 670951126873994 670951152812832 670951599947534 670951126874088 670951130301260 670951599982882 670952049006492
670952049013812 670952052463130 670952120831908 670952567748280 670952052463222 670952055893772 670952567778280 670953015538938

670940713619794 670940731303152 670940758867086 670941202695288 670940731303444 670940742525948 670941202809674 670941647116598
670941647122574 670941653293516 670941686426718 670942131314518 670941653294308 670941664395170 670942131841928 670942576796326
670942576807850 670942586145308 670942617555872 670943062922832 670942586145536 670942597444670 670943063426684 670943508135888
670943508141802 670943517180114 670943551406134 670943992910042 670943517180162 670943528442284 670943993380876 670944437275864
670944437277306 670944446264066 670944476728836 670944918374660 670944446264274 670944457398186 670944918402182 670945363849896
670945363855528 670945367277820 670945398286604 670945841296392 670945367277866 670945370587308 670945841324630 670946285442958
670946285448514 670946288863724 670946324301360 670946767740418 670946288863972 670946292186420 670946767769802 670947212158404
670947212163894 670947215604142 670947258794758 670947701351384 670947215604224 670947218940938 670947701383306 670948147096778
670948147102442 670948150517024 670948222240302 670948664995974 670948150517290 670948153817128 670948665032490 670949109060974

670937146376722 670937163794464 670937191316932 670937640943338 670937163794684 670937174533678 670937641038294 670938090890462
670938090896636 670938097376954 670938121225402 670938569518262 670938097377276 670938108295546 670938569877702 670939019512918
670939019521250 670939028160088 670939054218800 670939504002038 670939028160306 670939039233922 670939504128200 670939953795994
670939953801916 670939962098198 670939988388492 670940435657400 670939962098424 670939973059164 670940435674770 670940884810252
670940884816452 670940890683148 670940914950618 670941363106518 670940890683636 670940901658128 670941363138982 670941812414952
670941812421298 670941815816574 670941844912268 670942294236364 670941815816800 670941819181308 670942294271044 670942743451224
670942743459566 670942748334542 670942763766668 670943211391610 670942748334774 670942751717702 670943211533070 670943660280258
670943660284036 670943666500036 670943734017632 670944182096368 670943666500120 670943677448308 670944182251798 670944632819250
670944632827572 670944638705018 670944699312126 670945148224088 670944638705244 670944649674004 670945148443302 670945597037970

670934660411046 670934679525874 670934706073844 670935149667620 670934679526068 670934690547286 670935149687790 670935594533566
670935594535516 670935601266392 670935631298470 670936073651036 670935601266626 670935612435524 670936073823480 670936518959100
670936518968310 670936522853890 670936558602728 670937002613452 670936522853988 670936526271102 670937002669944 670937448182554
670937448189866 670937451788234 670937492453550 670937935337868 670937451789074 670937455200806 670937935363562 670938379760594
670938379769722 670938383219298 670938421035684 670938865258502 670938383219532 670938386636362 670938865309340 670939309670572
670939309677482 670939313172848 670939345515170 670939789598428 670939313173086 670939316592544 670939789634078 670940234495826
670940234500408 670940237983612 670940273389878 670940715219610 670940237983886 670940241398244 670940715252364 670941159706778
670941159711432 670941163192786 670941240519022 670941683852466 670941163193056 670941166624658 670941684310034 670942128936370
670942128941722 670942138035622 670942245680410 670942689841132 670942138035856 670942149210698 670942690267592 670943134461938

670944392065174 670944409718618 670944437956520 670944886630704 670944409718848 670944420446540 670944886659290 670945334995424
670945335002508 670945341123850 670945365617582 670945813706088 670945341123918 670945352054648 670945814075594 670946262896912
670946262901816 670946271492632 670946295703424 670946744436818 670946271492856 670946282395372 670946744708988 670947192032806
670947192041862 670947200377440 670947225019320 670947671298076 670947200377486 670947211288926 670947671571284 670948119274750
670948119279662 670948127584512 670948152423292 670948599411712 670948127584778 670948138505498 670948599813220 670949049056016
670949049061784 670949057693994 670949083123902 670949531551592 670949057694044 670949068619836 670949531584156 670949979452048
670949979457990 670949982854030 670950013425832 670950459737042 670949982854288 670949986207968 670950459765442 670950907789944
670950907796420 670950911212580 670950936713822 670951384318992 670950911212630 670950914674222 670951384346958 670951833960010
670951833968546 670951837381570 670951900934862 670952348835074 670951837381654 670951840718394 670952348867120 670952796813102
