16 398
670228159065972 670228164177726 670228182066544 670228228665632 670228164182428 670228170311094 670228231036918 670228277683288
670228228674796 670228230995622 670228286127360 670228332766936 670228277689270 670228285507522 670228333722048 670228380972082
670228332776878 670228333696384 670228397861432 670228444398842 670228380979734 670228381872208 670228445433430 670228492251578
670228444409288 670228445388941 670228514233008 670228560776640 670228492257978 670228501966188 670228561740782 670228609043932
670228560786206 670228561687038 670228617704356 670228664384260 670228609053306 670228617133062 670228665362612 670228712606244
670228664395058 670228665309392 670228732073170 670228778637766 670228712616418 670228713497072 670228779635334 670228826602930
670228778647778 670228779645842 670228858185444 670228904901422 670228826610204 670228834154412 670228905841652 670228952817290
670228904912252 670228905852018 670228976322422 670229023064026 670228952824780 670228958570202 670229024042416 670229070811008
670229023074524 670229024000134 670229075591920 670229122248210 670229070817046 670229071728026 670229122277504 670229168601420

670224604569684 670224611197658 670224628810054 670224675712502 670224611203716 670224617498828 670224682563648 670224722600700
670224675719664 670224682427036 670224738598482 670224785368134 670224722609316 670224728982320 670224786522846 670224833518626
670224785375354 670224786349464 670224856588958 670224896584996 670224833530590 670224839949058 670224897644702 670224938094686
670224896592246 670224897656272 670224971278058 670225011568296 670224938105820 670224944515432 670225012714626 670225053441922
670225011576860 670225012435660 670225087152706 670225127131378 670225053449918 670225059857080 670225128280396 670225168888516
670225127138530 670225127997272 670225198939382 670225245920450 670225168896064 670225175575182 670225248370728 670225295280006
670225245927412 670225248114756 670225314108178 670225360981820 670225295288736 670225301708548 670225362258088 670225409868454
670225360988780 670225361960208 670225430098394 670225470217334 670225409876130 670225416278402 670225471257898 670225512008518
670225470224044 670225471185500 670225544340062 670225584393848 670225512016026 670225512865058 670225584643750 670225624788996

670219880467680 670219887110170 670219903924918 670219950710652 670219887116012 670219893413174 670219957723490 670220004899222
670219950717432 670219957552364 670220019699666 670220066369070 670220004908180 670220011267674 670220073295136 670220120719206
670220066377002 670220073106984 670220134853008 670220181427868 670220120731306 670220127085462 670220188331850 670220235547282
670220181435568 670220188142236 670220249563306 670220296206970 670220235560428 670220241909840 670220303025946 670220349847346
670220296213604 670220302836370 670220363299466 670220410004826 670220349861574 670220356109494 670220416918694 670220464001190
670220410011984 670220416729436 670220477703588 670220524370034 670220464010450 670220470269794 670220531291948 670220578643660
670220524376482 670220531114080 670220592401942 670220639104290 670220578655024 670220584923162 670220645833892 670220692821954
670220639110366 670220645704782 670220706238524 670220753044412 670220692831324 670220699094864 670220759973086 670220807077422
670220753050578 670220759778196 670220820482890 670220860548210 670220807086906 670220813333732 670220860576882 670220900881086

670228630711734 670228635948120 670228651919078 670228699064620 670228635953848 670228642259582 670228700056622 670228747672836
670228699073640 670228699987922 670228763729590 670228810471258 670228747679584 670228748576828 670228811435268 670228858472258
670228810479926 670228811447086 670228880560318 670228920948158 670228858482342 670228860695118 670228922047066 670228962174204
670228920956104 670228921961428 670228994725082 670229034988434 670228962181456 670228965822300 670229037298196 670229077529030
670229034995920 670229037139800 670229109179662 670229149250132 670229077536370 670229081074924 670229150199948 670229190315558
670229149257200 670229150210634 670229227615576 670229267878426 670229190326180 670229193971028 670229269021696 670229309068662
670229267886024 670229268830576 670229338023256 670229378136000 670229309075688 670229314186708 670229379221348 670229419527158
670229378143122 670229379231576 670229453794372 670229494201822 670229419533440 670229423255382 670229495269758 670229535198038
670229494209276 670229495216132 670229566376526 670229606421008 670229535204386 670229537485578 670229606659404 670229646725730

670223021077510 670223027663394 670223043891036 670223084380366 670223027669144 670223033940736 670223091331230 670223138295364
670223084390232 670223091164364 670223153105902 670223199569628 670223138302168 670223144578810 670223202068868 670223248661208
670223199580128 670223201877408 670223272076518 670223312136242 670223248667920 670223254946428 670223313128824 670223353985960
670223312142882 670223313057236 670223376611214 670223416528716 670223353994472 670223361493678 670223417644660 670223457618932
670223416536728 670223417482106 670223482958970 670223529907226 670223457627818 670223464090924 670223533207390 670223580224542
670223529917728 670223530907728 670223591019646 670223637808006 670223580233144 670223588242224 670223638772792 670223686227650
670223637815172 670223638709632 670223704916472 670223751821426 670223686236994 670223691408774 670223752762934 670223799684608
670223751827982 670223752772346 670223820385518 670223867315164 670223799700482 670223806987488 670223870026996 670223910219570
670223867325162 670223869858292 670223937161082 670223977348104 670223910235152 670223915206318 670223977560720 670224017774378

670222524670370 670222528496710 670222546429190 670222593510522 670222528502498 670222534819106 670222594717218 670222642349618
670222593518958 670222594646758 670222652634184 670222699588350 670222642356396 670222643213188 670222700620038 670222747848380
670222699595962 670222700500436 670222762393358 670222809367562 670222747855908 670222748890568 670222810331592 670222857529972
670222809374408 670222810342952 670222868817298 670222915821240 670222857537506 670222866627740 670222916761394 670222963968786
670222915830384 670222916709628 670222983607922 670223023648364 670222963975798 670222967478988 670223024787144 670223065295638
670223023655802 670223024717342 670223097961162 670223140028292 670223065303324 670223066175296 670223141175614 670223183787560
670223140035602 670223140940284 670223224075518 670223265927556 670223183795532 670223190216962 670223266895320 670223308246130
670223265938730 670223266905730 670223339039494 670223380742994 670223308256340 670223313228360 670223383036454 670223425159992
670223380750478 670223382967950 670223437527718 670223479345784 670223425168242 670223428804890 670223479375436 670223521196818

670220521998608 670220528677096 670220547451024 670220593679514 670220528682820 670220535048218 670220596170122 670220635426536
670220593687906 670220595991206 670220661364930 670220700518280 670220635434458 670220639073750 670220702786102 670220749007170
670220700527086 670220702610038 670220771388062 670220810502580 670220749015460 670220751667584 670220811403650 670220850800090
670220810510936 670220811414272 670220887038106 670220926152130 670220850807510 670220861236178 670220927116334 670220966437006
670220926160302 670220927032442 670221000035798 670221039192220 670220966445874 670220968904530 670221040250026 670221079964814
670221039200290 670221040043538 670221114667482 670221153773382 670221079972854 670221082373320 670221154711482 670221193866742
670221153780952 670221154722570 670221228878030 670221267896114 670221193873752 670221196096668 670221268869994 670221308667944
670221267903984 670221268753582 670221343426012 670221382448924 670221308674308 670221310869864 670221383357146 670221422454200
670221382456652 670221383366854 670221459878340 670221498976018 670221422461624 670221423583584 670221499007714 670221538139894

670220948879448 670220955814370 670220973821350 670221020622602 670220955819062 670220962120000 670221023111520 670221064020740
670221020630800 670221022968824 670221080056938 670221126842170 670221064027382 670221066273524 670221128489884 670221175721456
670221126850560 670221127802736 670221191791116 670221231763628 670221175729230 670221178018374 670221232915544 670221272973084
670221231771234 670221232694840 670221290914766 670221337846234 670221272981408 670221278416586 670221339009882 670221386590884
670221337855806 670221338983884 670221402706448 670221442771306 670221386600590 670221391471424 670221443792020 670221484218286
670221442784294 670221443747718 670221516345028 670221556338868 670221484229844 670221489257324 670221558919502 670221599579566
670221556346386 670221558868290 670221636037612 670221676176010 670221599590066 670221610182918 670221678545324 670221718973140
670221676187810 670221678372124 670221745037116 670221784924020 670221718979822 670221722813098 670221786009768 670221826835516
670221784932774 670221785954974 670221859784240 670221899850792 670221826841700 670221831850152 670221899891218 670221940006190

670220892059568 670220899062390 670220915293618 670220961704236 670220899067956 670220905444914 670220968852128 670221015586722
670220961716562 670220968654284 670221030698202 670221077571160 670221015601628 670221021909348 670221084628204 670221132083030
670221077581964 670221084437446 670221145565778 670221185657292 670221132091296 670221138372984 670221192693166 670221234178606
670221185667914 670221192568222 670221248190754 670221294954456 670221234189606 670221240474448 670221296144152 670221343168130
670221294962104 670221295966258 670221358371548 670221398309004 670221343175676 670221349614128 670221405224072 670221452271788
670221398320724 670221405045816 670221466229086 670221513042406 670221452283142 670221458584174 670221520047648 670221567253394
670221513050108 670221519872714 670221581272746 670221621274720 670221567264596 670221573547980 670221628070064 670221668396818
670221621282208 670221627981018 670221682858174 670221729514050 670221668404398 670221674716364 670221730782588 670221778213008
670221729521306 670221730511906 670221793541430 670221833698574 670221778223520 670221784739130 670221833722260 670221874067064

670219301411986 670219306917700 670219322025890 670219368313066 670219306923040 670219313274428 670219370796846 670219417236308
670219368324450 670219370602362 670219434309446 670219474612572 670219417248614 670219421193178 670219475702468 670219515816460
670219474620476 670219475713152 670219554626968 670219594516702 670219515824120 670219518296098 670219595540832 670219635897742
670219594524580 670219595551332 670219654872546 670219695068340 670219635904296 670219638469466 670219696136648 670219736508206
670219695076440 670219695936170 670219761323750 670219801281706 670219736515306 670219747535868 670219802330430 670219842374542
670219801293396 670219802161484 670219879042394 670219919144166 670219842381082 670219851771626 670219920081990 670219961395586
670219919155678 670219920011458 670219989943096 670220029911664 670219961401832 670219963806176 670220030987510 670220070967274
670220029922820 670220030909090 670220093504328 670220133478160 670220070973542 670220080231092 670220134469020 670220175517264
670220133485748 670220134355686 670220209796594 670220249820496 670220175524192 670220177717960 670220249866002 670220289964538

670217564328710 670217568278736 670217584719402 670217631733910 670217568284584 670217574581686 670217634065372 670217674171630
670217631743402 670217633961928 670217697261224 670217737316824 670217674178962 670217675081664 670217738392406 670217778703288
670217737325012 670217738341076 670217804969014 670217845075896 670217778710296 670217788187684 670217846073482 670217887576836
670217845083858 670217846001138 670217907076782 670217947092580 670217887584560 670217895665242 670217948075686 670217989321592
670217947104430 670217948002406 670218035248800 670218075221656 670217989328564 670217990217006 670218076171880 670218116281398
670218075229424 670218076116454 670218145915526 670218186012640 670218116288322 670218117195194 670218186999382 670218227202254
670218186023948 670218186941976 670218247437022 670218287446436 670218227213990 670218229512094 670218288538188 670218329232630
670218287454130 670218288467390 670218364237036 670218404274416 670218329238648 670218331470546 670218405250446 670218445348626
670218404282012 670218405260268 670218472760482 670218513326242 670218445355346 670218447628376 670218513375080 670218553448604

670225826689952 670225833455614 670225849847222 670225895920950 670225833461250 670225839862576 670225902970142 670225948916032
670225895928556 670225902857028 670225964932046 670226010947022 670225948924028 670225955293130 670226012136894 670226058202090
670226010954618 670226012148970 670226075300094 670226114435508 670226058212658 670226064777276 670226115584676 670226154645820
670226114443490 670226115437718 670226177401782 670226223358298 670226154653764 670226161147708 670226224435226 670226270660034
670226223366228 670226224446600 670226290571620 670226336438344 670226270668018 670226277169610 670226337502062 670226383629678
670226336446546 670226337512750 670226400457720 670226446766642 670226383637008 670226390153738 670226447920738 670226494240896
670226446774216 670226447930956 670226511291272 670226557295138 670226494248380 670226500735564 670226558557634 670226605134070
670226557301906 670226558259236 670226619871870 670226658901174 670226605141672 670226611653520 670226665723118 670226705641600
670226658908436 670226665636136 670226726336296 670226772335196 670226705649908 670226712114538 670226772552282 670226818588776

670221925845528 670221932462656 670221948887130 670221989068932 670221932468974 670221938819556 670221990147416 670222030995400
670221989076710 670221990120586 670222061008984 670222106693476 670222031002276 670222033177710 670222107844120 670222153774590
670222106709676 670222107753822 670222175538866 670222222200528 670222153786306 670222160963756 670222224905220 670222272034248
670222222208782 670222224804578 670222284224374 670222330803818 670222272041944 670222278599840 670222333529268 670222374594210
670222330811096 670222333447030 670222392147750 670222432175260 670222374601930 670222381121806 670222433252728 670222473254144
670222432183108 670222433262798 670222504097076 670222551030618 670222473261666 670222478234992 670222552301650 670222599645470
670222551039198 670222551919818 670222616327560 670222656468256 670222599652486 670222606228132 670222657741582 670222698486720
670222656475600 670222657401714 670222723602026 670222763524394 670222698493498 670222705043756 670222764466514 670222804573312
670222763532610 670222764476066 670222841683468 670222881652016 670222804580264 670222808307735 670222881824094 670222921872548

670218359990950 670218366632940 670218382785720 670218429824020 670218366638664 670218373064574 670218434819558 670218481573072
670218429832472 670218436505172 670218491854912 670218537879562 670218481583170 670218488200050 670218538788656 670218584941440
670218537892304 670218538753382 670218602081266 670218648954830 670218584957152 670218585840020 670218649996620 670218697431066
670218648962628 670218649932414 670218717933950 670218764877360 670218697442550 670218702495286 670218765915600 670218812988400
670218764885510 670218765743988 670218833920500 670218880762618 670218812995584 670218819536860 670218881799998 670218928783854
670218880769348 670218881809858 670218944589576 670218991661132 670218928790920 670218935297462 670218992870534 670219039762866
670218991668782 670218992670834 670219062291874 670219105870592 670219039769852 670219046342962 670219106791646 670219146793418
670219105880578 670219106800968 670219176467540 670219216362776 670219146800550 670219147653112 670219217318612 670219258170092
670219216372244 670219217220192 670219273351996 670219313339906 670219258177006 670219263216014 670219313547916 670219353546306

670215874828440 670215878719080 670215894892434 670215941056868 670215878725024 670215885108750 670215942046656 670215988695446
670215941064720 670215941977920 670216010407204 670216056394216 670215988702226 670215989539742 670216058950248 670216098694858
670216056405704 670216058876212 670216128675160 670216167721460 670216098703106 670216103734522 670216168736298 670216207901134
670216167729952 670216168747020 670216243388858 670216289415378 670216207909004 670216213013756 670216290494112 670216336622036
670216289423712 670216290305872 670216354839384 670216400796244 670216336628344 670216341731726 670216401947774 670216448069778
670216400803570 670216401859238 670216466357842 670216505377210 670216448075500 670216451712410 670216506398784 670216545597472
670216505384996 670216506250626 670216586223460 670216625316436 670216545603812 670216550736816 670216626337624 670216665503414
670216625323740 670216626197258 670216695121452 670216734377752 670216665509272 670216670642472 670216735339746 670216775473224
670216734385528 670216735271282 670216809407716 670216848623886 670216775480300 670216779194868 670216848795288 670216888005516

670225605426910 670225609235494 670225626537272 670225673416638 670225609241144 670225615516560 670225675859620 670225723441660
670225673426466 670225675639514 670225735844810 670225781997612 670225723448306 670225724306726 670225783142648 670225829903126
670225782014758 670225783055106 670225846149162 670225892923192 670225829915210 670225830796602 670225893882572 670225940780660
670225892930794 670225893892948 670225961604578 670226008391460 670225940788006 670225941681206 670226009334936 670226056519616
670226008399548 670226009344548 670226077716212 670226124439464 670226056533464 670226057405202 670226125432058 670226172628190
670226124453898 670226125343858 670226188391548 670226235330476 670226172636362 670226173483542 670226236411758 670226284151138
670226235337070 670226236230184 670226293288116 670226340061086 670226284160062 670226285136210 670226341039910 670226388233064
670226340068576 670226340975126 670226405561046 670226452234478 670226388240522 670226389098236 670226453363178 670226500921022
670226452247886 670226453298980 670226516307256 670226563153984 670226500928672 670226501796812 670226563340974 670226610147034
