16 562
670324750035608 670324765868942 670324813948852 670324860639330 670324765874124 670324785243860 670324866954938 670324912610404
670324860648546 670324866789628 670324954632098 670325001183844 670324912619344 670324917832090 670325006869814 670325046841730
670325001193332 670325005996478 670325098263516 670325144699698 670325046849146 670325057218088 670325150907876 670325197473220
670325144709978 670325149780752 670325266683596 670325313481542 670325197480630 670325214900212 670325320960308 670325361836716
670325313490036 670325320839408 670325429300260 670325476199590 670325361844086 670325374467400 670325484116780 670325524086404
670325476208454 670325483392764 670325591233438 670325637796148 670325524094110 670325542858282 670325643122426 670325683040302
670325637804856 670325642683928 670325755352784 670325802329462 670325683046858 670325689167642 670325808816014 670325849526336
670325802338602 670325808699314 670325909760096 670325956416250 670325849533564 670325862486876 670325963253336 670326003708310
670325956424774 670325963102922 670326063047912 670326109581302 670326003715170 670326018949186 670326109967162 670326156832714

670321196810558 670321216807876 670321262766546 670321308640972 670321216813516 670321235788774 670321316445812 670321362972794
670321308652216 670321316249144 670321412218606 670321452110826 670321362984558 670321368246280 670321459152228 670321506246768
670321452120212 670321458979540 670321578740416 670321625534314 670321506253886 670321515701150 670321631871958 670321671668762
670321625544264 670321631768586 670321731585896 670321777905426 670321671675456 670321688154260 670321785852352 670321832174276
670321777917754 670321785191774 670321887636422 670321934240992 670321832184650 670321849577082 670321940876106 670321987475510
670321934250366 670321939252890 670322062785420 670322109283318 670321987482790 670322009168558 670322115203946 670322161943598
670322109291740 670322114355198 670322211883266 670322258701802 670322161950902 670322182420812 670322266186206 670322306135652
670322258710616 670322264880626 670322373149612 670322419881814 670322306143452 670322326623034 670322426798432 670322473908480
670322419890978 670322426619310 670322533338230 670322579944140 670322473915816 670322490238562 670322579977434 670322626810482

670316472067826 670316492362338 670316539984040 670316586752494 670316492368064 670316511252644 670316596446864 670316643069214
670316586763378 670316593894234 670316690493950 670316737085404 670316643077548 670316661237272 670316759098672 670316805954298
670316737096160 670316759031046 670316854548478 670316900957656 670316805961406 670316824204520 670316921922536 670316968758330
670316900968744 670316921787766 670317017516744 670317063927726 670316968765208 670316986817208 670317084182200 670317130663770
670317063936708 670317084045718 670317178369058 670317224887846 670317130670192 670317148406130 670317245605696 670317292529250
670317224898128 670317245472246 670317340107868 670317386543380 670317292538518 670317310535826 670317408162522 670317454753700
670317386553158 670317408076578 670317502694054 670317549193842 670317454760704 670317472856004 670317569530838 670317616252060
670317549203716 670317569442842 670317664573424 670317711189776 670317616259104 670317634222272 670317731632026 670317778787306
670317711198430 670317731499072 670317827037940 670317873668130 670317778794238 670317796616716 670317873695466 670317920458282

670325222945328 670325244529046 670325292146862 670325339010040 670325244535804 670325263384852 670325345945086 670325386380594
670325339021346 670325345863192 670325430504502 670325477138934 670325386391282 670325402257708 670325482344934 670325522710712
670325477148352 670325482266590 670325589270486 670325634741766 670325522721166 670325529251992 670325640155376 670325686863038
670325634756434 670325639953590 670325757966144 670325804483698 670325686874690 670325693273934 670325809683192 670325856866396
670325804496726 670325809510992 670325906079550 670325952968026 670325856872686 670325870215746 670325959083352 670325999280000
670325952978104 670325958071852 670326067952994 670326114761366 670325999286200 670326012805262 670326120861202 670326167739380
670326114772246 670326119840650 670326230104340 670326276929900 670326167749122 670326181989696 670326283073218 670326323226048
670326276947198 670326282037486 670326399296280 670326446211836 670326323232150 670326339402382 670326453459082 670326500459386
670326446222138 670326452707998 670326567760310 670326614696852 670326500468856 670326519584786 670326615935810 670326662947024

670319612727498 670319632024264 670319675066104 670319722151460 670319632030578 670319651493716 670319728826494 670319775886248
670319722161980 670319727277790 670319819190858 670319866107328 670319775893602 670319796325878 670319873478812 670319920290064
670319866116866 670319872727300 670319989781022 670320036454950 670319920297142 670319939664828 670320042496894 670320089324582
670320036465716 670320041576834 670320151970466 670320198758412 670320089331956 670320108338480 670320204858928 670320251499210
670320198767740 670320203878166 670320295637300 670320342340150 670320251505578 670320270377938 670320362868062 670320410285116
670320342351082 670320362744598 670320477292224 670320523837526 670320410291532 670320428428554 670320529773050 670320576398476
670320523848320 670320528906370 670320638604756 670320685196232 670320576404626 670320595133356 670320691367716 670320731263250
670320685207204 670320690436048 670320776754522 670320823313742 670320731269212 670320750848216 670320829272408 670320875900720
670320823323898 670320828470262 670320938993728 670320985456710 670320875906802 670320894634612 670320986602882 670321033174590

670319116621282 670319128503892 670319179672214 670319225517774 670319128510052 670319148282748 670319230581098 670319276444588
670319225527818 670319230407614 670319314648858 670319353478428 670319276451726 670319281483402 670319358480044 670319397913676
670319353488506 670319358366438 670319452368588 670319491479652 670319397919812 670319403120118 670319498265778 670319544290158
670319491491496 670319498091758 670319620717304 670319666406804 670319544297166 670319549336546 670319671452756 670319710648080
670319666415660 670319671367956 670319783245310 670319829095758 670319710654356 670319717093276 670319834847272 670319880579952
670319829106618 670319833889766 670319944864452 670319990802474 670319880586306 670319898286872 670319996622026 670320036230544
670319990812580 670319995735318 670320110070410 670320155776232 670320036236350 670320042188952 670320163252168 670320209544330
670320155785762 670320163063686 670320263822670 670320309693280 670320209551318 670320222408996 670320316068304 670320354909470
670320309703406 670320314510616 670320429609456 670320475432970 670320354915242 670320374787622 670320476192994 670320521982476

670317114240648 670317128660514 670317178585736 670317225740310 670317128666708 670317148492312 670317232123866 670317272230650
670317225751112 670317230862794 670317315677956 670317362386978 670317272237988 670317292904430 670317367529516 670317407523946
670317362397332 670317367499708 670317494863854 670317541836044 670317407530512 670317412554920 670317547404398 670317594233202
670317541847714 670317546733474 670317634823810 670317681412662 670317594240320 670317607786786 670317686739672 670317726722802
670317681422676 670317686626328 670317811833072 670317851696682 670317726728562 670317732118512 670317856823784 670317897561194
670317851706028 670317856749182 670317966397156 670318013004956 670317897566706 670317902724864 670318018273758 670318058710166
670318013015942 670318018157190 670318143008636 670318189608180 670318058716026 670318067858754 670318194860202 670318235459704
670318189619158 670318194760082 670318304887000 670318351507648 670318235466304 670318245827128 670318356787864 670318403839042
670318351517940 670318356629412 670318467361368 670318513975524 670318403845846 670318417043996 670318514011502 670318560670510

670317540416920 670317551916620 670317601377892 670317647942278 670317551923264 670317571134976 670317654176832 670317693678906
670317647952116 670317654042892 670317740943362 670317786881204 670317693687334 670317698835256 670317792302184 670317838939520
670317786890488 670317792129248 670317883516712 670317929710846 670317838948652 670317844068954 670317935125104 670317974446054
670317929719828 670317935030244 670318051843756 670318098107830 670317974455562 670317979579682 670318104940042 670318151837798
670318098116452 670318104757892 670318214460666 670318260737726 670318151845974 670318156761654 670318266076230 670318306139446
670318260746968 670318265951562 670318376323194 670318422545628 670318306146658 670318311182170 670318427866300 670318474333110
670318422554652 670318427691914 670318539213616 670318585360088 670318474340812 670318479438054 670318590451276 670318629891032
670318585368602 670318590375388 670318694912114 670318741356762 670318629900076 670318634809186 670318746685182 670318786518688
670318741365858 670318746614626 670318859336676 670318905514746 670318786526354 670318791544794 670318905551138 670318951766022

670317484251384 670317503466078 670317552252528 670317599188820 670317503471810 670317522309272 670317611184702 670317658188328
670317599199054 670317605397686 670317699572632 670317745611150 670317658196276 670317676496076 670317768370146 670317815094488
670317745622788 670317768167242 670317862513428 670317908898440 670317815106230 670317833192404 670317929944538 670317976632496
670317908908354 670317929765428 670318024715626 670318071302552 670317976642490 670317994534252 670318092148600 670318138745734
670318071312110 670318092034652 670318186186392 670318232975082 670318138757166 670318156836752 670318254984520 670318301829682
670318232982698 670318254862874 670318350048154 670318396718874 670318301837062 670318319825942 670318417398830 670318464266038
670318396728216 670318417223174 670318511335992 670318557934572 670318464273512 670318482154126 670318578730616 670318625319784
670318557944786 670318578615916 670318672801866 670318719671014 670318625327224 670318642974526 670318740644642 670318787554486
670318719681850 670318740520534 670318833753796 670318880538936 670318787561806 670318805573668 670318880584912 670318927366862

670315893214754 670315913138188 670315959527696 670316005637636 670315913144164 670315932932460 670316011206748 670316051069088
670316005648510 670316010820284 670316106073738 670316152237668 670316051080188 670316056383856 670316158860288 670316205393250
670316152248794 670316158681084 670316259944040 670316306035668 670316205400762 670316210496382 670316311383100 670316357854834
670316306046416 670316311199576 670316409357200 670316455459832 670316357865214 670316363075030 670316460660324 670316507237200
670316455469256 670316460468584 670316593737824 670316639716366 670316507245230 670316513925322 670316647887042 670316694312942
670316639726370 670316647708134 670316749511054 670316795682318 670316694320438 670316699728626 670316802380568 670316841594304
670316795695734 670316802284910 670316897024812 670316943104088 670316841603982 670316846511998 670316948466282 670316995116466
670316943113790 670316948278840 670317063733936 670317109896276 670316995123800 670317000201664 670317115264726 670317161424726
670317109905474 670317115143100 670317232957700 670317279009872 670317161432270 670317166540802 670317280082028 670317326313548

670314156694824 670314168455282 670314217840146 670314263335590 670314168460632 670314188047254 670314269912234 670314315425358
670314263347040 670314268337560 670314359702604 670314405641202 670314315437010 670314336346710 670314422068210 670314468013798
670314405651192 670314411512188 670314505056752 670314550909926 670314468026942 670314486705418 670314561178678 670314607003406
670314550920842 670314561056492 670314666791612 670314712887322 670314607014620 670314625695746 670314719515974 670314758648350
670314712896818 670314718600276 670314817004740 670314862858710 670314758654292 670314777767638 670314870816046 670314916708694
670314862868744 670314870063870 670314977115038 670315023033200 670314916714760 670314935851996 670315027923312 670315067479932
670315023044742 670315027784964 670315119645366 670315158589938 670315067485934 670315072489094 670315170658988 670315216596172
670315158599520 670315170485966 670315297355202 670315343068720 670315216601864 670315229740602 670315348224616 670315393980778
670315343078158 670315348052252 670315467735200 670315513563560 670315393987314 670315407681838 670315514161226 670315560044698

670322419026888 670322438737494 670322485618380 670322531722136 670322438743430 670322458580334 670322536917550 670322583488702
670322531732998 670322536752300 670322623727608 670322669068534 670322583498006 670322589960878 670322675293636 670322720473274
670322669081500 670322675148864 670322780624522 670322826606134 670322720489424 670322726875790 670322833588172 670322879625370
670322826616116 670322832923872 670322949121024 670322995146188 670322879634576 670322890966662 670323001059922 670323040334584
670322995155228 670323000157626 670323110386384 670323156352458 670323040342284 670323050075304 670323162409392 670323208577154
670323156362142 670323161102254 670323265957880 670323311945632 670323208585488 670323226456442 670323317060586 670323363036774
670323311955124 670323316940556 670323429723024 670323468575978 670323363048234 670323368159296 670323476403438 670323522674222
670323468584300 670323476232812 670323597582904 670323643328542 670323522682856 670323527653128 670323648601776 670323688278394
670323643337708 670323648483330 670323767176928 670323813015548 670323688286630 670323693395170 670323814715172 670323860514066

670318518425006 670318529487082 670318579503536 670318618418694 670318529493990 670318548653854 670318623842816 670318663465948
670318618428470 670318623746938 670318717624476 670318762791820 670318663473642 670318668517234 670318767937374 670318807100086
670318762806600 670318767843006 670318887753372 670318933406946 670318807114810 670318812296084 670318938720506 670318985104928
670318933417944 670318938546890 670319043604090 670319089140130 670318985115600 670318990335060 670319094379750 670319140575578
670319089147960 670319094201838 670319203595354 670319249400394 670319140583734 670319145497120 670319254323468 670319293292970
670319249408518 670319254168718 670319358829292 670319404683994 670319293301428 670319306580326 670319410939430 670319449911356
670319404692806 670319410838688 670319536555886 670319582230296 670319449918526 670319465666780 670319589079548 670319627904004
670319582239292 670319588974902 670319705459950 670319751147458 670319627911406 670319643523828 670319757321640 670319796931116
670319751156354 670319757244924 670319849990040 670319895746504 670319796941798 670319812642676 670319895786342 670319941565992

670314952071204 670314966496594 670315017779562 670315064573110 670314966502198 670314985725560 670315078737424 670315125432776
670315064582872 670315072867558 670315174829258 670315220937250 670315125441392 670315144030666 670315243373386 670315289820564
670315220945874 670315243237012 670315335386624 670315375213844 670315289831088 670315308436872 670315396399290 670315443293566
670315375224250 670315396224862 670315488264444 670315534845530 670315443302250 670315461656686 670315555985566 670315603192246
670315534858342 670315555810600 670315648545382 670315694975452 670315603200128 670315621516500 670315715839754 670315763018790
670315694985160 670315715665128 670315808840768 670315855367482 670315763028314 670315781233252 670315876734392 670315923766138
670315855377486 670315876555124 670315968197276 670316014700666 670315923773684 670315941923534 670316037194294 670316084264180
670316014713918 670316037018450 670316129830198 670316176268096 670316084271932 670316102823440 670316197685144 670316244496916
670316176277506 670316197509110 670316290009624 670316336493254 670316244504774 670316262855628 670316336521430 670316382973008

670312466011094 670312479370870 670312533384630 670312579433870 670312479376396 670312498603388 670312585531732 670312625534340
670312579443300 670312585491952 670312676205832 670312714800048 670312625541708 670312630488660 670312721121326 670312766610932
670312714816352 670312720914632 670312840381578 670312879568692 670312766623858 670312771615832 670312885953464 670312926189474
670312879578780 670312885821188 670313009959474 670313056094816 670312926196654 670312931312360 670313062987308 670313103236292
670313056104014 670313062860544 670313171208630 670313217215734 670313103243586 670313108203938 670313223324324 670313269508830
670313217225728 670313223212348 670313324439552 670313370691304 670313269515858 670313278736598 670313375686812 670313415892962
670313370701642 670313375619480 670313488161000 670313534188368 670313415899814 670313420878272 670313539231414 670313585737306
670313534201048 670313539074214 670313650076606 670313696143856 670313585744598 670313598851082 670313701189352 670313747316976
670313696154110 670313701073182 670313804214258 670313850387894 670313747324512 670313752387142 670313850421044 670313896569220

670322196801500 670322214440198 670322262957042 670322309749058 670322214446322 670322233832580 670322316543152 670322363610734
670322309757778 670322314984390 670322408533134 670322454327988 670322363619176 670322385023526 670322460826850 670322507318480
670322454339188 670322460701806 670322549676998 670322595386872 670322507329146 670322522819966 670322609888522 670322655853080
670322595398472 670322609804318 670322698705480 670322745432276 670322655864696 670322673915766 670322759599466 670322806453064
670322745441818 670322759453984 670322857884256 670322904646374 670322806464144 670322824737032 670322920660900 670322968101470
670322904656482 670322920541788 670323022239558 670323068999214 670322968111674 670322986149096 670323075060546 670323121774786
670323069009176 670323074219362 670323174151696 670323220831906 670323121782414 670323141603120 670323227154096 670323267002946
670323220841014 670323225929304 670323339379120 670323386134902 670323267010246 670323287872996 670323391587158 670323431390672
670323386144592 670323391105968 670323502052756 670323541910568 670323431398918 670323437436718 670323543160538 670323582961886
