16 3674
671462957277114 671463001067056 671463167464756 671463777262956 671463001067370 671463050491750 671463777273164 671464291992844
671463167462984 671463188110832 671464292005478 671464793607482 671463777271736 671463797357832 671464793616842 671465296832400
671464292004478 671464311812290 671465296840206 671465798077056 671464793616146 671464813289382 671465798089084 671466301592290
671465296839754 671465317049350 671466301601262 671466804336108 671465798087990 671465818469666 671466804344760 671467308711058
671466301601066 671466321861274 671467308723808 671467810849764 671466804343698 671466824409370 671467810854794 671468315061050
671467308723034 671467328924352 671468315070264 671468817461270 671467810854888 671467830666766 671468817469302 671469322088152
671468315069762 671468334625368 671469322096870 671469824965246 671468817469092 671468836968282 671469824975354 671470328457546
671469322096234 671469342450056 671470328465864 671470830749804 671469824973788 671469844982642 671470830759122 671471333940176
671470328465258 671470347580438 671471333953850 671471842772446 671470830758098 671470850087244 671471842785422 671472362201276

671459404363246 671459423439758 671459576513628 671460098768756 671459423440002 671459468568470 671460098780340 671460622267528
671459576511054 671459597160556 671460622279374 671461143849268 671460098779788 671460150916346 671461143861622 671461663935276
671460622278766 671460641783118 671461663947334 671462166677946 671461143860214 671461195077298 671462166685512 671462671892542
671461663946836 671461684238800 671462671902014 671463175329088 671462166684892 671462215619844 671463175336596 671463679105804
671462671901546 671462691986014 671463679115184 671464179861744 671463175336508 671463226893974 671464179876168 671464682752502
671463679115138 671463709093026 671464682764224 671465186043708 671464179875634 671464225619888 671465186053800 671465690168546
671464682764424 671464703197300 671465690184354 671466193181476 671465186053984 671465229148884 671466193191000 671466696879884
671465690183870 671465710755512 671466696891494 671467199761772 671466193190064 671466245157728 671467199768636 671467703575052
671466696890822 671466727095334 671467703584282 671468205857032 671467199768352 671467244861156 671468205869148 671468707486064

671454672183748 671454690637824 671454860542110 671455361919182 671454690638056 671454739666690 671455361927176 671455865312220
671454860541084 671454880124798 671455865321240 671456364575140 671455361926358 671455382529688 671456364581834 671456865818622
671455865320632 671455884639678 671456865825930 671457366239914 671456364581200 671456384859230 671457366247712 671457867444088
671456865825888 671456885955112 671457867455564 671458367286302 671457366247912 671457386388358 671458367293212 671458868683772
671457867454914 671457887407404 671458868695284 671459367243114 671458367293026 671458387233918 671459367253474 671459868789312
671458868695584 671458888772890 671459868800052 671460368769754 671459367252450 671459387189128 671460368776168 671460869972062
671459868799916 671459889162284 671460869979122 671461369350322 671460368775938 671460388970502 671461369363216 671461869963948
671460869980654 671460890136154 671461869974394 671462371263738 671461369363426 671461389475648 671462371271516 671462874494440
671461869973536 671461890369774 671462874501214 671463372593206 671462371271006 671462391458420 671463372599460 671463870915448

671463419723528 671463469549450 671463620611794 671464125535832 671463469549828 671463519434652 671464125546110 671464632910052
671463620610096 671463641054636 671464632922186 671465136883696 671464125545122 671464176886694 671465136892326 671465642591034
671464632921706 671464684076462 671465642600158 671466145689780 671465136890820 671465188103384 671466145700806 671466651108042
671465642599674 671465693995110 671466651120526 671467154432630 671466145700156 671466197352412 671467154440874 671467658901440
671466651119776 671466702460950 671467658911114 671468160584392 671467154440142 671467205801152 671468160593464 671468664292486
671467658910326 671467679424856 671468664301000 671469167193106 671468160592930 671468211935430 671469167202200 671469672879090
671468664300892 671468708522624 671469672888998 671470174137320 671469167202372 671469218103836 671470174150784 671470677435570
671469672888416 671469693173572 671470677451390 671471180252286 671470174149508 671470194307950 671471180261552 671471684290990
671470677450584 671470722894738 671471684300640 671472186510242 671471180260792 671471231332840 671472186522254 671472687657320

671457809203178 671457863224500 671458025665950 671458528827862 671457863224760 671457916733536 671458528836364 671459034709448
671458025664384 671458045968656 671459034717546 671459538470094 671458528835208 671458549286864 671459538477864 671460043945492
671459034716772 671459054830366 671460043952800 671460544656078 671459538477504 671459558648778 671460544667026 671461047008340
671460043952126 671460064390542 671461047020476 671461549949156 671460544665732 671460565351428 671461549957158 671462054523168
671461047019662 671461067335340 671462054531964 671462555326068 671461549956302 671461570422726 671462555341436 671463058694912
671462054531718 671462075038140 671463058707394 671463561255098 671462555340198 671462575980424 671463561265410 671464065483078
671463058707476 671463079015108 671464065491014 671464567424766 671463561265368 671463581587224 671464567432332 671465071136914
671464065491094 671464085955612 671465071146194 671465573856962 671464567431488 671464588070816 671465573866150 671466078114798
671465071145068 671465090665814 671466078123238 671466579861760 671465573864980 671465594253108 671466579868524 671467081343452

671457316439924 671457335700952 671457509513748 671458111601654 671457335701020 671457385730438 671458111610314 671458617981636
671457509512066 671457529087280 671458617990480 671459122694664 671458111609398 671458132039546 671459122703624 671459628931064
671458617989504 671458638117864 671459628937514 671460128991266 671459122702562 671459142810850 671460129001282 671460631097646
671459628936432 671459649185322 671460631110058 671461134201086 671460129000426 671460149339074 671461134213646 671461638745610
671460631108822 671460650643426 671461638760778 671462139953560 671461134212738 671461154186688 671462139967252 671462642951658
671461638759512 671461659378110 671462642963718 671463144398254 671462139966080 671462160572846 671463144405644 671463648333166
671462642962806 671462662503968 671463648342976 671464151067530 671463144405746 671463164707684 671464151076490 671464655551048
671463648342304 671463668069978 671464655558908 671465157115910 671464151075840 671464171669506 671465157124306 671465660913906
671464655558316 671464675057692 671465660922682 671466162210258 671465157122952 671465177537254 671466162217108 671466663098196

671455315364124 671455355455234 671455521871288 671456026327196 671455355455500 671455406413982 671456026337076 671456532380416
671455521869672 671455591658124 671456532388532 671457036448390 671456026336470 671456077305720 671457036458482 671457542504698
671456532387748 671456552809204 671457542513752 671458045379340 671457036457828 671457088703908 671458045387292 671458548829844
671457542512998 671457582739178 671458548841076 671459050871816 671458045386432 671458097107584 671459050879472 671459554443094
671458548840646 671458568986260 671459554457706 671460054806530 671459050879212 671459102610262 671460054818246 671460558763896
671459554457178 671459605822610 671460558777530 671461060704710 671460054818346 671460099951636 671461060711976 671461564926032
671460558776800 671460603392666 671461564934444 671462066750408 671461060712182 671461111120382 671462066759084 671462570701288
671461564933918 671461609740774 671462570709312 671463073504188 671462066758556 671462116999118 671463073514238 671463577239406
671462570708546 671462615254682 671463577246270 671464078098230 671463073513806 671463124336208 671464078106868 671464578214482

671455736318346 671455780625498 671455949286502 671456462804078 671455780625592 671455830382126 671456462815524 671456979453916
671455949284490 671455968666766 671456979465506 671457492461830 671456462814096 671456482445802 671457492473728 671458008635824
671456979464736 671456998715150 671458008654356 671458519925734 671457492473460 671457511688158 671458519936686 671459034729378
671458008653424 671458028408122 671459034744184 671459546648368 671458519935188 671458539645616 671459546656918 671460061489230
671459034743232 671459054390700 671460061497574 671460573199846 671459546655972 671459566157020 671460573212440 671461088808976
671460061496560 671460081203262 671461088828260 671461602008276 671460573211402 671460592712528 671461602018560 671462117860554
671461088827242 671461108195092 671462117869934 671462630670332 671461602018816 671461621320118 671462630678788 671463145140564
671462117869272 671462137337264 671463145150424 671463657358586 671462630678006 671462650270526 671463657367340 671464155846458
671463145149462 671463164493742 671464155855762 671464649624584 671463657366444 671463676702096 671464649632828 671465142779668

671455681773796 671455722933532 671455888614776 671456453184680 671455722933544 671455775468904 671456453194060 671456958239766
671455888614102 671455932733498 671456958254174 671457461378082 671456453193552 671456503245176 671457461385468 671457966372656
671456958254130 671456978179592 671457966380936 671458466070208 671457461384654 671457509226700 671458466082140 671458967556398
671457966380304 671458016880980 671458967567546 671459468970900 671458466081502 671458516680924 671459468978886 671459972268692
671458967566580 671459028875406 671459972276564 671460473183346 671459468978156 671459519550870 671460473192462 671460977234550
671459972275748 671460016292338 671460977242350 671461478184502 671460473191970 671460521245574 671461478197342 671461980524064
671460977241684 671461042041496 671461980531496 671462482097326 671461478197620 671461523172208 671462482106524 671462985294184
671461980530918 671462047381208 671462985302478 671463486826274 671462482106096 671462527022036 671463486833760 671463990160394
671462985301960 671463051207496 671463990169238 671464490080094 671463486833570 671463524726868 671464490087002 671464990714962

671454088898736 671454137427736 671454303310030 671454910559550 671454137428026 671454185597876 671454910573844 671455519638096
671454303307986 671454351401054 671455519651176 671456126942042 671454910572302 671454959005834 671456126959798 671456671627956
671455519650196 671455538838410 671456671641492 671457166785064 671456126959376 671456175067862 671457166797120 671457664600648
671456671640836 671456720137788 671457664612720 671458160605778 671457166796492 671457215554382 671458160615838 671458658384882
671457664612236 671457683980258 671458658394142 671459155199630 671458160616122 671458209134296 671459155209512 671459653867384
671458658394056 671458706893584 671459653876566 671460149774610 671459155208806 671459203975962 671460149783678 671460648065170
671459653876166 671459673563168 671460648076080 671461143937998 671460149783794 671460199044292 671461143949658 671461642404904
671460648075550 671460667735206 671461642414374 671462138570578 671461143949416 671461193036876 671462138579930 671462636366182
671461642413944 671461661830434 671462636375400 671463131378012 671462138579210 671462187244136 671463131389106 671463625868848

671452361088590 671452413079220 671452582508348 671453082258834 671452413079518 671452466622620 671453082267318 671453584843288
671452582506288 671452602910408 671453584852570 671454083985072 671453082266702 671453102497094 671454083995138 671454585189144
671453584852216 671453604464232 671454585202876 671455083096386 671454083994086 671454103428596 671455083107828 671455582069264
671454585202030 671454604954638 671455591325038 671456090030230 671455083106286 671455102800952 671456090038354 671456590487066
671455591324312 671455611210184 671456590496296 671457089450288 671456090037504 671456109965144 671457089458466 671457589394248
671456590495360 671456610315312 671457589403822 671458088688790 671457089457038 671457109121650 671458088698078 671458588829830
671457589402892 671457609632786 671458588838552 671459088161054 671458088697988 671458108707530 671459088169062 671459588348728
671458588838004 671458608654404 671459588358834 671460087672676 671459088168844 671459107831076 671460087680830 671460588196316
671459588357966 671459608479566 671460588205794 671461086206664 671460087680202 671460107713194 671461086213602 671461584084600

671460621057212 671460667859412 671460851243846 671461349443322 671460667859744 671460720737370 671461349452792 671461849628648
671460851242340 671460871114426 671461849638016 671462347677742 671461349452480 671461369851352 671462347687462 671462847461412
671461849637378 671461869095952 671462847471006 671463345732072 671462347687128 671462367958322 671463345740818 671463844534568
671462847470860 671462867870920 671463844543732 671464341926058 671463345740210 671463365941444 671464341933714 671464839418750
671463844542998 671463864811036 671464839425736 671465336079366 671464341932656 671464362147776 671465336085882 671465834770228
671464839425930 671464859646374 671465834778870 671466331895342 671465336085524 671465356370206 671466331904072 671466830719996
671465834777914 671465854721064 671466830728726 671467327709884 671466331902892 671466351917472 671467327718100 671467825787206
671466830728224 671466850960478 671467825794160 671468323501970 671467327717172 671467347982926 671468323511834 671468821978338
671467825793664 671467845769934 671468821986638 671469318574376 671468323510906 671468342795856 671469318584186 671469813994620

671456714470928 671456753259792 671456920525664 671457419744890 671456753259804 671456804247810 671457419753736 671457920234888
671456920523958 671456967130976 671457920244770 671458417780912 671457419752700 671457471452024 671458417788416 671458917136186
671457920244360 671457966348848 671458917145650 671459414857828 671458417788262 671458470148458 671459414869044 671459914031292
671458917145392 671458963495958 671459914044060 671460410097138 671459414867926 671459467485428 671460410105750 671460907264480
671459914043462 671459960393740 671460907273110 671461403734498 671460410105700 671460461565790 671461403742242 671461902322636
671460907272554 671460953981878 671461902331154 671462399490036 671461403741670 671461456499600 671462399499006 671462898327728
671461902330414 671461948213602 671462898336422 671463395139038 671462399498776 671462451619544 671463395147166 671463893678154
671462898335924 671462943761088 671463893686006 671464391659572 671463395146504 671463446318208 671464391668580 671464890744554
671463893685388 671463913195508 671464890756424 671465386935302 671464391667666 671464444735360 671465386942460 671465883426386

671453146620882 671453190997756 671453349146822 671453851880540 671453190998002 671453241061594 671453851890216 671454357218532
671453349144646 671453369296642 671454357227350 671454859220918 671453851889280 671453872468912 671454859229152 671455363795846
671454357226510 671454376295006 671455363805378 671455865851956 671454859228110 671454879177896 671455865862180 671456369225108
671455363804706 671455383520704 671456382675518 671456883663870 671455865861034 671455886348942 671456883672738 671457385355296
671456382674692 671456402833200 671457385362894 671457886032402 671456883671666 671456903043178 671457886047922 671458389179058
671457385362168 671457405630014 671458389192830 671458889831392 671457886046236 671457906449532 671458889840554 671459392881142
671458389192000 671458408881518 671459392890492 671459893943712 671458889839162 671458910026932 671459893950880 671460396766662
671459392889880 671459412344784 671460396779192 671460898283838 671459893950320 671459914191940 671460898292710 671461401161616
671460396778454 671460417093772 671461401170344 671461902271790 671460898291988 671460918751342 671461902279168 671462402471002

671450665699112 671450705032540 671450860005750 671451368729198 671450705032824 671450755650918 671451368737980 671451874824612
671450860003864 671450904902972 671451874838742 671452377197890 671451368737262 671451419635566 671452377207476 671452881824522
671451874838066 671451920199278 671452881834804 671453385519198 671452377206214 671452428385462 671453385528968 671453890308650
671452881834178 671452927455002 671453890317160 671454392847646 671453385528730 671453436824880 671454392858502 671454895960672
671453890316834 671453910522094 671454895972960 671455398107382 671454392858460 671454443968744 671455398115302 671455902386788
671454895972522 671454941400640 671455902396678 671456405314730 671455398115024 671455449339254 671456405324856 671456909070466
671455902395180 671455922540276 671456909078992 671457411102572 671456405324522 671456455855084 671457411112356 671457914295668
671456909078590 671456929246676 671457914308068 671458417672770 671457411111962 671457456150724 671458417682900 671458922544180
671457914307570 671457934578520 671458922559260 671459424053380 671458417682198 671458438045488 671459424061526 671459924299862

671460394186678 671460423753464 671460580461492 671461084253514 671460423753722 671460473708758 671461084262370 671461590925920
671460580460076 671460600832802 671461590934028 671462094378010 671461084261982 671461103918246 671462094388390 671462600231888
671461590933346 671461610356638 671462600239718 671463101333958 671462094387200 671462114201108 671463101349140 671463603915596
671462600239918 671462620633856 671463603925258 671464106778156 671463101347702 671463121905152 671464106788970 671464610268370
671463603924648 671463624419872 671464610278348 671465112058208 671464106788178 671464126310916 671465112066022 671465615853954
671464610278266 671464630308694 671465615862174 671466117578942 671465112065386 671465132325740 671466117587732 671466622616898
671465615861630 671465636160870 671466622626992 671467124517032 671466117587712 671466138119910 671467124527772 671467628215984
671466622626920 671466642234316 671467628222028 671468130254134 671467124527070 671467145079926 671468130265576 671468634580958
671467628222010 671467648484848 671468634593194 671469135958164 671468130264902 671468149626416 671469135965544 671469636463362
