16 30
669853753076218 669853753399674 669853754776870 669853758575972 669853753399754 669853754472958 669853758581482 669853762360194
669853762360326 669853762492950 669853763081898 669853766904986 669853762493032 669853762631984 669853766919258 669853770715036
669853770715048 669853770846226 669853771819314 669853775606482 669853770846504 669853770965366 669853775622928 669853779437636
669853779437648 669853779564936 669853780623106 669853784422136 669853779565214 669853779684642 669853784436484 669853788242368
669853788242406 669853788372510 669853789557760 669853793349200 669853788372792 669853788491074 669853793365458 669853797179304
669853797179332 669853797304734 669853798389358 669853802183998 669853797304820 669853797424832 669853802195136 669853805997398
669853805997660 669853806124978 669853806926824 669853810755958 669853806125058 669853806243328 669853810773906 669853814578612
669853814578740 669853814709960 669853815654264 669853819475422 669853814710038 669853814829030 669853819486258 669853823290146
669853823290272 669853823416090 669853824219946 669853828024592 669853823416338 669853823534032 669853828039408 669853831867772

669850200069826 669850200287912 669850201530630 669850205303886 669850200288010 669850201390530 669850205408154 669850209140964
669850209141062 669850209267916 669850210090350 669850213862536 669850209268016 669850209390970 669850213875622 669850217631048
669850217631200 669850217760382 669850218841304 669850222583246 669850217760476 669850217878606 669850222599982 669850226357004
669850226357068 669850226487540 669850227228914 669850230975016 669850226487820 669850226606160 669850230987178 669850234767252
669850234767282 669850234899836 669850235889740 669850239626792 669850234899898 669850235020080 669850239640676 669850243401960
669850243402054 669850243542562 669850244729538 669850248451160 669850243542662 669850243660092 669850248465080 669850252198804
669850252198930 669850252327468 669850253783482 669850257530542 669850252327750 669850252444860 669850257547310 669850261293734
669850261293832 669850261424972 669850262691172 669850266482796 669850261425254 669850261540432 669850266496516 669850270262450
669850270262550 669850270390198 669850271538876 669850275342432 669850270390210 669850270503922 669850275358666 669850279127248

669845477223216 669845477515160 669845478782384 669845482485212 669845477515218 669845478610802 669845482492028 669845486206848
669845486207332 669845486336402 669845486873882 669845490744354 669845486336498 669845486454462 669845490793962 669845494485674
669845494486372 669845494617114 669845495312056 669845499043104 669845494617126 669845494736410 669845499063522 669845502735770
669845502735866 669845502861986 669845504066970 669845507791214 669845502862232 669845502981294 669845507804220 669845511673620
669845511673746 669845511807380 669845512960204 669845516654078 669845511807476 669845511924170 669845516680664 669845520456440
669845520456630 669845520584220 669845521898676 669845525558140 669845520584314 669845520699744 669845525569026 669845529254942
669845529255012 669845529383784 669845530608272 669845534276062 669845529384062 669845529501390 669845534289166 669845537994142
669845537994218 669845538120614 669845538938754 669845542800374 669845538120894 669845538240862 669845542815174 669845546492704
669845546492800 669845546617920 669845547854418 669845551629082 669845546618016 669845546735046 669845551648216 669845555343106

669854226994382 669854227262286 669854228829252 669854232886770 669854227262360 669854228331262 669854232893834 669854236708810
669854236709112 669854236844328 669854237213908 669854241003678 669854236844428 669854236982336 669854241010550 669854244833796
669854244833908 669854244968168 669854245337796 669854249296416 669854244968270 669854245088458 669854249303074 669854253129446
669854253129564 669854253270894 669854253870864 669854257635064 669854253270994 669854253391258 669854257649432 669854261435090
669854261436056 669854261567082 669854262556632 669854266298350 669854261567182 669854261690192 669854266319182 669854270109122
669854270109616 669854270244088 669854271700648 669854275505062 669854270244238 669854270362492 669854275521578 669854279291472
669854279291974 669854279420436 669854280405104 669854284191436 669854279420536 669854279536924 669854284209546 669854287965314
669854287965474 669854288097700 669854288883102 669854292658088 669854288097802 669854288213408 669854292672750 669854296493806
669854296493934 669854296630700 669854297480136 669854301249136 669854296630802 669854296745510 669854301310790 669854305115288

669848619798707 669848620233320 669848621696245 669848625822368 669848620233410 669848621331790 669848625828300 669848629769537
669848629769706 669848629908968 669848630315421 669848634710710 669848629909235 669848630052889 669848634718074 669848638509384
669848638509596 669848638641256 669848639015124 669848643539228 669848638641488 669848638760796 669848643545114 669848647316126
669848647316138 669848647447444 669848647786380 669848651918824 669848647447684 669848647562892 669848651926260 669848656248512
669848656248694 669848656377954 669848656734146 669848660537332 669848656378036 669848656501278 669848660548573 669848665078718
669848665078900 669848665210258 669848665561492 669848669315340 669848665210348 669848665327488 669848669322498 669848673587952
669848673588128 669848673814239 669848674190505 669848678291406 669848673814491 669848673939793 669848678296552 669848682316354
669848682316562 669848682505978 669848682848992 669848687136176 669848682506064 669848682627666 669848687142226 669848690910340
669848690910822 669848691054154 669848691399114 669848695927674 669848691054388 669848691171456 669848695937896 669848699683692

669848122592668 669848122820148 669848124071846 669848127869294 669848122820230 669848123921492 669848127986430 669848131802822
669848131803006 669848131933054 669848132846264 669848136644206 669848131933134 669848132051492 669848136689226 669848140528410
669848140529166 669848140658444 669848141580042 669848145387802 669848140658852 669848140775702 669848145442816 669848149249674
669848149250184 669848149376234 669848150388142 669848154182470 669848149376314 669848149491862 669848154234274 669848157997408
669848157998120 669848158125742 669848159319540 669848163147170 669848158125824 669848158242234 669848163210620 669848166992686
669848166993080 669848167121932 669848168149060 669848171957928 669848167122156 669848167238744 669848172012510 669848175791280
669848175791928 669848175918556 669848176751854 669848180525478 669848175918602 669848176033920 669848180572480 669848184376068
669848184376270 669848184508382 669848185446112 669848189232970 669848184508644 669848184628678 669848189282036 669848193094988
669848193095412 669848193224492 669848193994942 669848197785198 669848193224576 669848193340658 669848197840620 669848201613824

669846119724572 669846119952850 669846121306334 669846125059856 669846119952942 669846121055020 669846125065304 669846128865638
669846128866172 669846129000418 669846129460284 669846133239450 669846129000500 669846129117852 669846133255284 669846137032666
669846137033152 669846137166228 669846137971166 669846141761566 669846137166310 669846137286142 669846141783298 669846145560690
669846145561200 669846145691286 669846146524524 669846150321596 669846145691368 669846145806694 669846150376468 669846154132934
669846154133154 669846154266888 669846155203212 669846158960332 669846154266938 669846154386382 669846159072152 669846162870394
669846162870602 669846163009170 669846164347866 669846168113184 669846163009254 669846163126544 669846168154878 669846171957408
669846171957912 669846172087644 669846173071286 669846176829412 669846172087726 669846172206810 669846176878106 669846180654738
669846180654804 669846180782776 669846181541826 669846185307680 669846180782788 669846180898954 669846185411810 669846189177634
669846189177844 669846189309300 669846190188018 669846193978174 669846189309312 669846189426296 669846194091546 669846197872628

669846547261812 669846547520586 669846549187508 669846552983734 669846547520656 669846548632244 669846552989216 669846556866955
669846556867115 669846557032740 669846557500198 669846561296412 669846557033030 669846557169086 669846561358082 669846565168102
669846565168322 669846565303472 669846566238170 669846570279552 669846565303568 669846565423264 669846570335406 669846574109440
669846574109924 669846574243936 669846575043766 669846578969464 669846574244032 669846574371940 669846579020218 669846582793000
669846582793512 669846582928308 669846583973934 669846587789686 669846582928402 669846583046996 669846587883187 669846591940636
669846591940764 669846592067852 669846592805020 669846596598604 669846592067950 669846592188496 669846596648926 669846600637768
669846600637948 669846600773400 669846601404344 669846605175810 669846600773496 669846600890758 669846605223944 669846609110498
669846609110610 669846609246846 669846610098600 669846613868650 669846609246904 669846609366880 669846613916976 669846617717034
669846617717164 669846617851432 669846618635790 669846622699982 669846617851528 669846617965262 669846622747748 669846626535624

669846489990902 669846490341716 669846491688006 669846495451210 669846490341728 669846491416412 669846495457068 669846499194992
669846499195612 669846499328528 669846500005586 669846503756138 669846499328622 669846499468972 669846503770780 669846507491014
669846507491534 669846507624620 669846508741612 669846512469538 669846507624716 669846507746590 669846512485978 669846516232212
669846516232412 669846516364188 669846517543088 669846521270884 669846516364280 669846516481562 669846521285412 669846525049626
669846525049830 669846525183338 669846526481694 669846530222784 669846525183430 669846525300896 669846530240222 669846533987978
669846533988428 669846534111316 669846535310478 669846539030450 669846534111378 669846534231246 669846539048208 669846542774244
669846542774308 669846542904030 669846543847748 669846547579264 669846542904332 669846543024480 669846547596298 669846551327708
669846551327796 669846551457890 669846552577360 669846556480931 669846551457954 669846551578796 669846556501104 669846560547390
669846560547618 669846560684408 669846561142710 669846564859960 669846560684504 669846560801670 669846564876020 669846568631466

669844898918792 669844899149030 669844900396554 669844904205196 669844899149128 669844900259038 669844904309342 669844908102490
669844908102648 669844908237268 669844908956234 669844912722060 669844908237304 669844908358572 669844912779998 669844916575578
669844916575728 669844916706534 669844917677388 669844921425876 669844916706634 669844916826446 669844921445060 669844925223332
669844925223530 669844925352192 669844926064870 669844929830634 669844925352292 669844925466076 669844929842500 669844933609058
669844933609538 669844933740912 669844934725080 669844938519390 669844933741196 669844933858252 669844938539676 669844942300240
669844942300420 669844942429268 669844943564952 669844947350266 669844942429368 669844942544920 669844947364694 669844951117430
669844951117668 669844951248980 669844952617220 669844956387846 669844951249238 669844951367280 669844956404072 669844960164012
669844960164500 669844960291516 669844961522430 669844965287734 669844960291802 669844960411156 669844965303278 669844969396990
669844969397128 669844969524376 669844970373130 669844974129502 669844969524628 669844969642258 669844974145558 669844977939974

669843161295212 669843161519616 669843162868204 669843166849337 669843161519868 669843162626194 669843166856427 669843170991406
669843170991562 669843171130574 669843171473916 669843175237730 669843171130668 669843171247444 669843175248458 669843179504006
669843179504170 669843179633016 669843180022134 669843183791232 669843179633110 669843179750420 669843183796044 669843187801183
669843187801596 669843187937182 669843188370770 669843192124562 669843187937283 669843188088657 669843192131534 669843195899726
669843195900154 669843196031940 669843197028482 669843201275258 669843196032034 669843196149038 669843201294504 669843205070154
669843205070334 669843205198202 669843205966742 669843210140146 669843205198300 669843205317540 669843210156574 669843213914286
669843213914432 669843214041522 669843214674788 669843218599487 669843214041614 669843214156010 669843218619827 669843222745252
669843222745750 669843222877740 669843223223670 669843226969854 669843222877838 669843222994374 669843226975740 669843231200672
669843231200866 669843231329744 669843231922086 669843235686072 669843231329838 669843231444954 669843235703528 669843239688563

669851422496086 669851422758378 669851424212078 669851428044826 669851422758452 669851423894786 669851428050652 669851431857522
669851431857686 669851431993396 669851432552290 669851436318232 669851431993472 669851432138152 669851436360146 669851440482082
669851440482294 669851440611384 669851441054350 669851444813952 669851440611460 669851440731318 669851444865088 669851448652328
669851448652366 669851448782356 669851449371504 669851453136728 669851448782430 669851448901950 669851453182568 669851456949974
669851456949986 669851457080596 669851458060730 669851461818122 669851457080608 669851457198950 669851461836846 669851465601978
669851465602160 669851465729290 669851467199684 669851470986008 669851465729362 669851465848784 669851471001818 669851474757066
669851474757168 669851474885504 669851475906308 669851479699606 669851474885516 669851475000462 669851479718294 669851483483754
669851483483826 669851483609156 669851484377154 669851488132486 669851483609232 669851483725624 669851488180762 669851491992988
669851491993090 669851492122166 669851493310468 669851497062066 669851492122178 669851492239408 669851497108218 669851500896260

669847523363332 669847523668556 669847525068774 669847528870784 669847523668658 669847524788552 669847528877128 669847532651768
669847532652192 669847532787702 669847533377312 669847537144172 669847532787796 669847532940160 669847537196420 669847540994806
669847540995230 669847541132964 669847542129552 669847545879572 669847541133026 669847541253518 669847545936956 669847549715172
669847549715292 669847549844262 669847550517516 669847554274462 669847549844358 669847549960534 669847554333492 669847558093202
669847558093350 669847558247746 669847559179084 669847562933234 669847558247840 669847558365404 669847562994092 669847566758262
669847566758460 669847566884364 669847568018958 669847571800824 669847566884430 669847567003020 669847571860610 669847575618038
669847575618482 669847575748702 669847577070804 669847580852038 669847575748776 669847575865696 669847580915600 669847584672818
669847584673226 669847584799878 669847585974292 669847589828750 669847584799972 669847584920548 669847589898650 669847593946710
669847593946922 669847594076436 669847594825340 669847598594580 669847594076532 669847594193984 669847598639772 669847602421156

669843958214364 669843958438808 669843959688982 669843963581277 669843958438820 669843959545558 669843963726436 669843968210316
669843968213956 669843968351248 669843968695910 669843972461170 669843968351294 669843968475248 669843972466824 669843976933970
669843976934267 669843977102853 669843977508028 669843981263924 669843977102936 669843977255518 669843981268346 669843985354648
669843985354826 669843985489328 669843985842990 669843990212398 669843985489408 669843985609136 669843990219270 669843994013796
669843994014170 669843994149408 669843994471142 669843999018134 669843994149688 669843994268268 669843999073002 669844002855748
669844002856190 669844002990044 669844003350814 669844007701160 669844002990124 669844003112446 669844007708200 669844011902110
669844011902606 669844012043428 669844012402162 669844016476142 669844012043712 669844012164274 669844016484442 669844020812528
669844020813022 669844020946972 669844021293386 669844025098368 669844020947256 669844021065926 669844025103742 669844029656528
669844029656990 669844029796854 669844030154180 669844033881692 669844029796934 669844029912838 669844033887674 669844038029708

669841472192998 669841472537833 669841473931230 669841477637284 669841472537908 669841473689098 669841477642904 669841481768222
669841481768600 669841481916532 669841482310908 669841486499118 669841481916544 669841482077285 669841486504590 669841490256966
669841490257026 669841490421477 669841490909690 669841495243848 669841490421543 669841490628370 669841495307206 669841499013860
669841499013872 669841499144188 669841499477296 669841503858840 669841499144266 669841499260834 669841503868460 669841507903280
669841507903852 669841508037730 669841508388386 669841512619110 669841508037810 669841508156920 669841512624610 669841516845914
669841516845926 669841516973622 669841517327836 669841521046270 669841516973702 669841517090298 669841521052210 669841525551082
669841525551238 669841525682994 669841526025342 669841529728306 669841525683272 669841525800578 669841529736314 669841533886158
669841533886204 669841534046103 669841534811462 669841538831310 669841534046121 669841534164378 669841538882896 669841542799829
669841542800005 669841542931571 669841543604252 669841547796606 669841542931844 669841543050710 669841547864090 669841551579018

669851201904130 669851202178622 669851203758222 669851207563006 669851202178696 669851203325338 669851207569144 669851211398122
669851211398982 669851211531280 669851211889424 669851215670250 669851211531354 669851211673816 669851215714440 669851219500756
669851219500906 669851219628876 669851220358540 669851224163112 669851219628918 669851219745730 669851224208574 669851227991226
669851227991238 669851228124556 669851229080026 669851232892762 669851228124598 669851228244092 669851232940684 669851236719828
669851236720242 669851236851092 669851237974588 669851241784892 669851236851132 669851236967488 669851241831452 669851245609574
669851245609654 669851245738506 669851246911554 669851250700856 669851245738548 669851245855006 669851250746568 669851254559902
669851254560636 669851254689292 669851255619750 669851259411308 669851254689310 669851254806148 669851259456350 669851263265326
669851263265774 669851263393490 669851263983462 669851267761658 669851263393562 669851263511710 669851267801104 669851271589098
669851271589302 669851271713454 669851272864402 669851276685596 669851271713494 669851271828468 669851276805800 669851280584132
