16 118
670004740439048 670004756521846 670004779711966 670004783277150 670004756522068 670004765620286 670004783343958 670004786899648
670004786900392 670004792319012 670004815239114 670004818895072 670004792319080 670004801606052 670004818902746 670004822443828
670004822444486 670004825463956 670004834838218 670004838426374 670004825464173 670004827302514 670004838438332 670004842291470
670004842292126 670004843969124 670004866996934 670004870604854 670004843969156 670004847017136 670004870765334 670004874302918
670004874303398 670004876389886 670004900558570 670004904362552 670004876389898 670004878127180 670004904377108 670004907917258
670004907917462 670004909620972 670004935312760 670004938884288 670004909620986 670004915092668 670004939037534 670004942611162
670004942611964 670004944906956 670004964162310 670004967739722 670004944906970 670004951920900 670004967889364 670004971470208
670004971470956 670004973633198 670005005699140 670005009259062 670004973633232 670004977139044 670005009275370 670005012835380
670005012835878 670005014855364 670005036543982 670005040416942 670005014855656 670005020305716 670005040602556 670005044216568

670001187143510 670001203774424 670001226925694 670001230424624 670001203774644 670001213290530 670001230429866 670001233976670
670001233977082 670001241986244 670001261642646 670001265154898 670001241986334 670001251100554 670001265168688 670001268657786
670001268658172 670001270241040 670001284743838 670001288253940 670001270241236 670001271950824 670001288266424 670001291764164
670001291764704 670001293425178 670001308937986 670001312431690 670001293425264 670001295088530 670001312444154 670001315930222
670001315933892 670001317587742 670001337391698 670001340875528 670001317587910 670001319231360 670001340888244 670001344355226
670001344355680 670001346125608 670001370971992 670001374439396 670001346125696 670001347749412 670001374451160 670001377920768
670001377920896 670001379561274 670001420049440 670001423473394 670001379561286 670001381213034 670001423487118 670001427008770
670001427008972 670001428614766 670001450487680 670001453965352 670001428614856 670001430292874 670001453977130 670001457439166
670001457440348 670001459074594 670001482294310 670001485784290 670001459074688 670001460669138 670001485794342 670001489274080

669996463633714 669996480448536 669996503475620 669996507557438 669996480448798 669996489989716 669996507564798 669996511599236
669996511599756 669996519779278 669996537567970 669996541618790 669996519779314 669996529155588 669996541630274 669996545695232
669996545695694 669996547381078 669996568146144 669996572225104 669996547381376 669996549093114 669996572239168 669996576317434
669996576317822 669996577951394 669996599803024 669996603867138 669996577951440 669996579657462 669996603881552 669996607933502
669996607933970 669996609574310 669996631710920 669996635780160 669996609574324 669996613394748 669996635792228 669996639906752
669996639906964 669996641647916 669996663030622 669996666583192 669996641647930 669996643328446 669996666594728 669996670159218
669996670159606 669996671914772 669996700265860 669996703796668 669996671914818 669996673573048 669996703807400 669996707321154
669996707321548 669996709048758 669996730312636 669996733863400 669996709048772 669996710746158 669996733876608 669996737390846
669996737391302 669996739096062 669996763550780 669996767076712 669996739096114 669996740776904 669996767091782 669996770617160

670005213676474 670005230490202 670005252490730 670005256095978 670005230490432 670005240002212 670005256169854 670005259801968
670005259802486 670005265411906 670005288356636 670005292000436 670005265412002 670005274918144 670005292017602 670005295622996
670005295623580 670005297784238 670005310154710 670005313739284 670005297784330 670005299497064 670005313748446 670005317316024
670005317316438 670005318995662 670005342505656 670005346072374 670005318996466 670005320666702 670005346085210 670005349614388
670005349614760 670005351314966 670005364597784 670005368156842 670005351315062 670005353035144 670005368172318 670005371715944
670005371716348 670005373394314 670005400431272 670005403986834 670005373394410 670005375062254 670005403996516 670005407546346
670005407547018 670005409221548 670005425773028 670005429297588 670005409221644 670005410859786 670005429311456 670005432844120
670005432844566 670005434542928 670005467170024 670005470698684 670005434542988 670005436259458 670005470712092 670005474234730
670005474238394 670005475844046 670005500492564 670005504064240 670005475844080 670005477598772 670005504074656 670005507623976

669999605622597 669999622383232 669999644439524 669999648333334 669999622383482 669999631649418 669999648396722 669999651943636
669999651944114 669999656190138 669999679335770 669999683145772 669999656190234 669999665635204 669999683460742 669999687047778
669999687048264 669999688718348 669999701587262 669999705149370 669999688718450 669999690409852 669999705155326 669999708724304
669999708724904 669999710290754 669999735093934 669999738633882 669999710290850 669999712016628 669999738948742 669999742572264
669999742572756 669999749124126 669999766184708 669999769753060 669999749124222 669999758575508 669999770099692 669999773727726
669999773727856 669999780438192 669999797312970 669999800875988 669999780438288 669999789786064 669999801218642 669999804832986
669999804833504 669999811611902 669999828576306 669999832130176 669999811611998 669999821064580 669999832475662 669999836109498
669999836110008 669999842822516 669999860847038 669999864503670 669999842822614 669999852142246 669999864834332 669999868388714
669999868388920 669999874942688 669999892991362 669999896580920 669999874942784 669999884399928 669999896910002 669999900471156

669999108795196 669999125223818 669999147211682 669999150792270 669999125224016 669999134473848 669999150858334 669999154415096
669999154415558 669999160259018 669999182826550 669999186408056 669999160259108 669999169681060 669999186414090 669999190026368
669999190026818 669999192208630 669999214527784 669999218130280 669999192208724 669999193918290 669999218145210 669999221742052
669999221742520 669999223438654 669999247992956 669999251553014 669999223438714 669999225151774 669999251565514 669999255108842
669999255109256 669999256794802 669999279345932 669999282896222 669999256794894 669999258512058 669999282908192 669999286431784
669999286432952 669999288098102 669999307896264 669999311443374 669999288098196 669999289821876 669999311455846 669999315040912
669999315041362 669999316704034 669999347111826 669999350651800 669999316704398 669999318430906 669999350667526 669999354197370
669999354197582 669999355825782 669999377078470 669999380632516 669999355825874 669999357553784 669999380647354 669999384179338
669999384179444 669999385803178 669999408595310 669999412147226 669999385803272 669999387526020 669999412160938 669999415688488

669997105852140 669997122818748 669997144505274 669997148577814 669997122818890 669997132412864 669997148586984 669997152628194
669997152628386 669997157351574 669997180807598 669997184367236 669997157351654 669997167104034 669997184701926 669997188290492
669997188290970 669997194957350 669997212680112 669997216243366 669997194957430 669997204167928 669997216579026 669997220167972
669997220168158 669997226768680 669997243096784 669997246648286 669997226768762 669997235943318 669997247004358 669997250569960
669997250570376 669997257202670 669997276180952 669997279747628 669997257202718 669997266383170 669997280097388 669997283648564
669997283649132 669997292048414 669997311983124 669997315549930 669997292048426 669997301291608 669997315900410 669997319462498
669997319463002 669997329331248 669997345071456 669997348634408 669997329331260 669997340363868 669997349045110 669997352600456
669997352604082 669997359585162 669997377055132 669997380575512 669997359585388 669997368831544 669997380911612 669997384521232
669997384521750 669997392872332 669997407325542 669997410879940 669997392872592 669997402018134 669997411223488 669997414783632

669997533138140 669997550024806 669997572350415 669997576176094 669997550025006 669997559367572 669997576242348 669997579815328
669997579815720 669997584069596 669997608384230 669997611977062 669997584069628 669997593525532 669997611995696 669997615742700
669997615743648 669997617399656 669997639638610 669997643211798 669997617399724 669997619126882 669997643225376 669997646963860
669997646964532 669997648645604 669997668701102 669997672279504 669997648645616 669997659803326 669997672444052 669997676032446
669997676033206 669997678206456 669997697602898 669997701163770 669997678206492 669997683690598 669997701172900 669997704755892
669997704756286 669997706444134 669997730793964 669997734351196 669997706444210 669997710113590 669997734360870 669997737913570
669997737914510 669997739589886 669997770199956 669997773694788 669997739589974 669997743173320 669997773705858 669997777312218
669997777312576 669997778976324 669997800780658 669997804335932 669997778976336 669997784474106 669997804526922 669997808070362
669997808070844 669997810349490 669997832307318 669997835872966 669997810349502 669997817827422 669997835883496 669997839439430

669997476200516 669997493233656 669997515027140 669997518614534 669997493234478 669997502562154 669997518679328 669997522269000
669997522269498 669997526613368 669997549583508 669997553214522 669997526613402 669997536052408 669997553222420 669997556825900
669997556826294 669997559810260 669997580598704 669997584179482 669997559810352 669997561628816 669997584194322 669997587742292
669997587743242 669997589387068 669997614362644 669997617936302 669997589387162 669997592993208 669997617951794 669997621492782
669997621493224 669997623160592 669997646027322 669997649710570 669997623160652 669997624870608 669997649723360 669997653249350
669997653249780 669997654977754 669997670029178 669997673590924 669997654977846 669997656644134 669997673604760 669997677186576
669997677187388 669997678918460 669997702902010 669997706434998 669997678919284 669997680603676 669997706445810 669997710293676
669997710294446 669997711981116 669997741927804 669997745470840 669997711981382 669997713691674 669997745482296 669997749017136
669997749017758 669997750663780 669997774142640 669997777673816 669997750664020 669997752367424 669997777688112 669997781213070

669995885318824 669995902172216 669995924270484 669995927851068 669995902172352 669995911492732 669995928152040 669995931749514
669995931749958 669995936256038 669995957941008 669995961516488 669995936256132 669995945755004 669995961810860 669995965398714
669995965399166 669995973883674 669995991995270 669995995579212 669995973883762 669995983364640 669995995588036 669995999140802
669995999141244 669996007690452 669996025534036 669996029106182 669996007690540 669996017170138 669996029408762 669996032975292
669996032975876 669996040871746 669996056852700 669996060399284 669996040871836 669996050346330 669996060410338 669996063951824
669996063952222 669996065509554 669996089218602 669996092790748 669996065509642 669996067191410 669996092808518 669996096362214
669996096362600 669996097981486 669996121915786 669996125464264 669996097981578 669996099768936 669996125477114 669996129012056
669996129012686 669996130713786 669996154463780 669996157968854 669996130713876 669996132442054 669996157978724 669996161551440
669996161552306 669996163214190 669996185370138 669996188932556 669996163214246 669996164860824 669996189117830 669996192683110

669994147698540 669994164981098 669994186619188 669994190198596 669994164981294 669994174578914 669994190492820 669994194067150
669994194067346 669994199616110 669994221290084 669994224907868 669994199616380 669994209117658 669994225214448 669994228796086
669994228797156 669994235728416 669994253951524 669994257539482 669994235728508 669994245239358 669994257860236 669994261454034
669994261454594 669994268283562 669994287573580 669994291136948 669994268283654 669994277745486 669994291462262 669994295031080
669994295031588 669994303573658 669994319429180 669994322991270 669994303573670 669994313146942 669994323280206 669994326851538
669994326852052 669994333790402 669994354065132 669994357635880 669994333790636 669994343221906 669994357960740 669994361548644
669994361549106 669994368199332 669994386660182 669994390230940 669994368199566 669994377755814 669994390560184 669994394154226
669994394154774 669994400801476 669994419135986 669994422720118 669994400801726 669994410342108 669994423034312 669994426603142
669994426603582 669994433197562 669994449412818 669994452972738 669994433197798 669994442762696 669994453330250 669994456883198

670002409499806 670002425712300 670002448712732 670002452259938 670002425712490 670002435088692 670002452331270 670002455893402
670002455894038 670002460111516 670002483373650 670002486946142 670002460111548 670002469650216 670002486960186 670002490644146
670002490644792 670002493567292 670002511222440 670002514751242 670002493567384 670002495238478 670002514762298 670002518299408
670002518299858 670002519925656 670002543696616 670002547210564 670002519925908 670002521564270 670002547222306 670002550729668
670002550730460 670002552310568 670002577270536 670002580806002 670002552310858 670002553977172 670002580816290 670002584307950
670002584309094 670002585938672 670002615033100 670002618557484 670002585938730 670002587614960 670002618725738 670002622274814
670002622278498 670002624447740 670002647528330 670002651060908 670002624447804 670002631868734 670002651299592 670002654850444
670002654850956 670002657259066 670002680101568 670002683629624 670002657259078 670002660890914 670002683788784 670002687294800
670002687295002 670002689440308 670002710374496 670002713890562 670002689440320 670002691158234 670002713902792 670002717435584

669998509770992 669998526495286 669998549705438 669998553777642 669998526495442 669998536208424 669998553855144 669998557904010
669998557904370 669998563357990 669998585897898 669998589987530 669998563358038 669998573203270 669998590000938 669998594080882
669998594081050 669998596196200 669998606540076 669998610606030 669998596196248 669998599310264 669998610983592 669998615025348
669998615025938 669998622531094 669998640199336 669998644242350 669998622531176 669998632299936 669998644641942 669998648706986
669998648707506 669998656027084 669998673351744 669998677388374 669998656027130 669998665867266 669998677795740 669998681845132
669998681845712 669998688839816 669998704925760 669998708466742 669998688839896 669998698481958 669998708816094 669998712417944
669998712418528 669998719142038 669998743319360 669998746851632 669998719142262 669998728667758 669998747212098 669998750751890
669998750752450 669998759400776 669998777529530 669998781068976 669998759400892 669998770950816 669998781493672 669998785044794
669998785045618 669998792226824 669998809458888 669998812983110 669998792227088 669998801852210 669998813328486 669998816879784

669994944402436 669994960596412 669994983104092 669994986656954 669994960596628 669994969906460 669994986722328 669994990293074
669994990294316 669994994793348 669995020911952 669995024452588 669994994793400 669995004269108 669995024458972 669995027993920
669995027994780 669995030001110 669995049781432 669995053306302 669995030001356 669995031715016 669995053320128 669995056823336
669995056824278 669995058490290 669995081083036 669995084621082 669995058490336 669995064097414 669995084631704 669995088154058
669995088154472 669995089764482 669995113296292 669995116840782 669995089764532 669995093269178 669995116976082 669995120477676
669995120478174 669995122472128 669995146436720 669995149954374 669995122472208 669995127914194 669995150303774 669995153819268
669995153819772 669995162328740 669995179913566 669995183444144 669995162328876 669995173366236 669995183859162 669995187375080
669995187375864 669995194473786 669995211942358 669995215466840 669995194473866 669995203820290 669995215769378 669995219324716
669995219325292 669995226268230 669995243760304 669995247285520 669995226268278 669995235567850 669995247584000 669995251119478

669992458209054 669992474960134 669992497150100 669992501257428 669992474960302 669992484659878 669992501264514 669992505332562
669992505333088 669992511265756 669992534903132 669992539033686 669992511266000 669992521141924 669992539043654 669992543119736
669992543120076 669992545327482 669992562978118 669992567083002 669992545327578 669992548467626 669992567601670 669992571717552
669992571717986 669992581213294 669992595701918 669992599808444 669992581213306 669992592967646 669992600243326 669992604331450
669992604331606 669992611388376 669992629057658 669992633205438 669992611388660 669992621156254 669992633565634 669992637145188
669992637145596 669992643989656 669992661033086 669992664617450 669992643989934 669992653615264 669992664979314 669992668538550
669992668539028 669992675511838 669992693921524 669992697501892 669992675512118 669992685052916 669992697842106 669992701385706
669992701385876 669992708326126 669992726124608 669992729685874 669992708326408 669992717981368 669992729987160 669992733554130
669992733554528 669992740696246 669992759095726 669992762669050 669992740696524 669992750299878 669992762996758 669992766608154

670002188339760 670002204819910 670002228631752 670002232683598 670002204820118 670002214260606 670002232689896 670002236721810
670002236722332 670002240904582 670002264561248 670002268652700 670002240904672 670002250629624 670002268665604 670002272730778
670002272731256 670002274933340 670002285285504 670002289358340 670002274933394 670002276634280 670002289371398 670002293398428
670002293398862 670002295099268 670002323587752 670002327627324 670002295099358 670002296759652 670002327642302 670002331707966
670002331708698 670002333348160 670002355495402 670002359553184 670002333348254 670002338918504 670002359565042 670002363695564
670002363696202 670002365624058 670002389738512 670002393293558 670002365624294 670002371170064 670002393307934 670002396843394
670002396843912 670002398441470 670002422526856 670002426061712 670002398441712 670002400099316 670002426075910 670002429587060
670002429588008 670002431277210 670002455092456 670002458619698 670002431277472 670002432951138 670002458632270 670002462131460
670002462131992 670002463755880 670002488903044 670002492411398 670002463755970 670002465460396 670002492425774 670002495941654
