16 3320
670888516977624 670888517110836 670888518660840 670888968926442 670888968926508 670888969149634 670888977507684 670889426671382
670889426677416 670889426874884 670889459039920 670889906963732 670889906971434 670889907136080 670889942521000 670890390110480
670890390116448 670890390297302 670890399939646 670890847033854 670890847033866 670890847239600 670890850830508 670891298390772
670891298396762 670891298569660 670891303331776 670891752010290 670891752010358 670891752188964 670891754369176 670892203065138
670892203071142 670892203266570 670892206966050 670892655433170 670892655433182 670892655619872 670892656969418 670893104325884
670893104330702 670893104496170 670893107264008 670893554530790 670893554531066 670893554718702 670893592585698 670894040151706
670894040157764 670894040335786 670894090618978 670894539734146 670894539734192 670894539918618 670894611249746 670895059383764
670895059389744 670895059582576 670895127356914 670895611114212 670895611114278 670895611306608 670895613733921 670896099353110
670896099357492 670896099536074 670896105605176 670896590545423 670896590545441 670896590729221 670896633145400 670897116428354

670884961811704 670884961952102 670884964224574 670885421195794 670885421196020 670885421485114 670885453064198 670885901893700
670885901903738 670885902152646 670885936952790 670886385897822 670886385898044 670886386124640 670886394401672 670886842012396
670886842018088 670886842226210 670886844105080 670887291954682 670887291954694 670887292151452 670887295768730 670887744775860
670887744783634 670887744963150 670887746747364 670888195573234 670888195573246 670888195754780 670888198596492 670888646941036
670888646948814 670888647143420 670888649601060 670889096842140 670889096842224 670889097018376 670889102271352 670889549809946
670889549814638 670889550001614 670889570159340 670890017996516 670890017996528 670890018181438 670890085807342 670890534851648
670890534859392 670890535041700 670890606877380 670891055275556 670891055275582 670891055464106 670891085865024 670891570791014
670891570795744 670891570987956 670891572913838 670892056550790 670892056550836 670892056727842 670892058562742 670892543129828
670892543130266 670892543332748 670892545347348 670893029166148 670893029166160 670893029341292 670893036589986 670893510764664

670880235731035 670880235909977 670880238127208 670880725334502 670880725334734 670880725681048 670880730351440 670881209235368
670881209241822 670881209492422 670881211324314 670881666707996 670881666708250 670881666890310 670881668766582 670882116394572
670882116399164 670882116566872 670882119056760 670882567272330 670882567272596 670882567469690 670882569809894 670883018664742
670883018669774 670883018840642 670883022143250 670883469915382 670883469915632 670883470101436 670883473110850 670883921529436
670883921534492 670883921711620 670883925702314 670884374316068 670884374322220 670884374562656 670884386846034 670884834731136
670884834734700 670884834956528 670884875021692 670885323073648 670885323073868 670885323256582 670885394789898 670885843352612
670885843357804 670885843528896 670885886067584 670886334531394 670886334531610 670886334748726 670886361556034 670886809949924
670886809955032 670886810127830 670886846568078 670887294269184 670887294269414 670887294448990 670887331975910 670887780114970
670887780120044 670887780316520 670887818060290 670888266831110 670888266831318 670888267007884 670888304360474 670888752177346

670888986179906 670888986360200 670888988370182 670889442470178 670889442473724 670889442792914 670889477241218 670889927366652
670889927372564 670889927625636 670889961606862 670890410427634 670890410431174 670890410707992 670890419048102 670890867850300
670890867855590 670890868101650 670890869554586 670891318258120 670891318258198 670891318451514 670891320309162 670891771080836
670891771086772 670891771288194 670891772637950 670892222134970 670892222135002 670892222337260 670892223615652 670892674782712
670892674788940 670892675025756 670892676240810 670893124667170 670893124670774 670893124919874 670893126711974 670893575844822
670893575849950 670893576082880 670893586378992 670894035018686 670894035019016 670894035219296 670894074430948 670894525779738
670894525785706 670894525997054 670894594669840 670895046981640 670895046981669 670895047269405 670895096192952 670895580066796
670895580072632 670895580300984 670895581518468 670896065685632 670896065685680 670896065975530 670896081883342 670896565992334
670896565992746 670896566201234 670896569550668 670897050790471 670897050790491 670897051083234 670897060826062 670897535511636

670883373291436 670883373446766 670883375096340 670883827847462 670883827847834 670883828158742 670883832534798 670884281719988
670884281726302 670884281960460 670884318962684 670884768190470 670884768196900 670884768458460 670884795811020 670885244161988
670885244169086 670885244403340 670885250850666 670885698368792 670885698372414 670885698629714 670885706649778 670886153903204
670886153907984 670886154162364 670886155736650 670886604798020 670886604798358 670886604993452 670886609956138 670887057880410
670887057886716 670887058090260 670887060751116 670887509033812 670887509034142 670887509229976 670887512958046 670887960479542
670887960484834 670887960673802 670887972755494 670888448223408 670888448223732 670888448502422 670888461883222 670888945989870
670888945994762 670888946198988 670888951472232 670889428682192 670889428685778 670889428900252 670889483326446 670889955468712
670889955473918 670889955707338 670889967318016 670890413551960 670890413555524 670890413759382 670890468900286 670890915516490
670890915522718 670890915726670 670890956563980 670891402913424 670891402916972 670891403138886 670891447804396 670891894465374

670882878322510 670882878484512 670882880550670 670883336456590 670883336460088 670883336730894 670883372714800 670883823231600
670883823240012 670883823481092 670883851019226 670884300288408 670884300291938 670884300487348 670884306702828 670884755020450
670884755025106 670884755215930 670884761109094 670885210431978 670885210435510 670885210659942 670885212448754 670885659856802
670885659861466 670885660053332 670885663249584 670886113296994 670886113300590 670886113500796 670886115349204 670886564060710
670886564069134 670886564293426 670886566210424 670887014374384 670887014377910 670887014631176 670887029074170 670887477030014
670887477033688 670887477266852 670887517382166 670887965181122 670887965181498 670887965389164 670888006497686 670888455652168
670888455655832 670888455850056 670888494358274 670888943976552 670888943976564 670888944194120 670888973079110 670889422574664
670889422580856 670889422784116 670889488918650 670889936025082 670889936025094 670889936226138 670889974305494 670890423629516
670890423636066 670890423854888 670890461218064 670890908390940 670890908390986 670890908583350 670890946694100 670891396711642

670880876202822 670880876360062 670880878442360 670881368708922 670881368712410 670881369046938 670881370845528 670881847299450
670881847304704 670881847591840 670881851830684 670882303048800 670882303049114 670882303243458 670882309271836 670882757231242
670882757235914 670882757438420 670882759547960 670883207483496 670883207487030 670883207772066 670883210347678 670883658756480
670883658763706 670883659047200 670883661301310 670884109707600 670884109711136 670884109912742 670884112648630 670884560071618
670884560078808 670884560306220 670884577951090 670885025777512 670885025777824 670885025987744 670885066850414 670885514013086
670885514018406 670885514241778 670885554009716 670886003091758 670886003092072 670886003294868 670886042176970 670886490992520
670886490998446 670886491205396 670886520467132 670886968886924 670886968890466 670886969103818 670887001899896 670887449672604
670887449678550 670887449883606 670887470227064 670887918062688 670887918066226 670887918264680 670887946794080 670888394769402
670888394775496 670888395012742 670888432293764 670888881675652 670888881679174 670888881886380 670888933396176 670889381791450

670881300933184 670881301074392 670881302734830 670881758846308 670881758846320 670881759134684 670881795124184 670882242586512
670882242592932 670882242824114 670882273200526 670882720701190 670882720701220 670882720875728 670882728893498 670883175710666
670883175711236 670883175881684 670883184036728 670883630868988 670883630869194 670883631063784 670883634282326 670884080943816
670884080947502 670884081121168 670884087248012 670884534610462 670884534610496 670884534798500 670884538332436 670884985139616
670884985143976 670884985347082 670884990936444 670885438200428 670885438200494 670885438385534 670885451851390 670885898480198
670885898483908 670885898654782 670885939736578 670886386181648 670886386181850 670886386381926 670886428852102 670886875116632
670886875122536 670886875300814 670886916739198 670887409454712 670887409454730 670887409665800 670887411069754 670887893790188
670887893793928 670887893991010 670887896239432 670888370380530 670888370380576 670888370549582 670888381626654 670888855798138
670888855803970 670888855994378 670888881895152 670889356965178 670889356965228 670889357170140 670889366786193 670889820439124

670881246133884 670881246279048 670881248168666 670881702829670 670881702829732 670881703065702 670881727555650 670882177726294
670882177732196 670882177947088 670882203462972 670882653761016 670882653761028 670882653949242 670882655205658 670883104492866
670883104496616 670883104686480 670883117927846 670883567362618 670883567362648 670883567557628 670883573091442 670884021702350
670884021706186 670884021888048 670884029995366 670884479817762 670884479817774 670884479997752 670884481564732 670884930907678
670884930911480 670884931111892 670884932517800 670885380488010 670885380488228 670885380707838 670885396365172 670885844163168
670885844170022 670885844376610 670885884692992 670886333897440 670886333897648 670886334096472 670886373870324 670886823217928
670886823227916 670886823407094 670886861422352 670887311007638 670887311007856 670887311192706 670887340807176 670887789819072
670887789828668 670887790028888 670887829677904 670888278101666 670888278101872 670888278280692 670888289648422 670888738082392
670888738092036 670888738275624 670888834559728 670889284259588 670889284259798 670889284466756 670889362107404 670889811887840

670879656063837 670879656215130 670879658130422 670880135649246 670880135649508 670880135931372 670880137732432 670880611811524
670880611830904 670880612066472 670880613886326 670881061933228 670881061933456 670881062144338 670881079204166 670881526987630
670881526993432 670881527211862 670881533639706 670881982435382 670881982435648 670881982665540 670881989733166 670882438824294
670882438834452 670882439058408 670882440987500 670882889928862 670882889929092 670882890131950 670882893101922 670883341280298
670883341288546 670883341462256 670883358033386 670883805205572 670883805205802 670883805411844 670883846449526 670884293537846
670884293541460 670884293762166 670884333612584 670884782675726 670884782676008 670884782902330 670884821772440 670885270587656
670885270596908 670885270822572 670885301270690 670885750005792 670885750006024 670885750195918 670885781973226 670886230242026
670886230250254 670886230438294 670886250146210 670886698552386 670886698552654 670886698721594 670886716031652 670887163985652
670887163990970 670887164193136 670887202491110 670887653208722 670887653208936 670887653378748 670887695325942 670888143124940

670877919699738 670877919858424 670877921793818 670878375703478 670878375703674 670878376011438 670878413608584 670878862843254
670878862850448 670878863109442 670878892147588 670879341067078 670879341067286 670879341312028 670879347837180 670879795905038
670879795911420 670879796140520 670879802239582 670880249515442 670880249515498 670880249727816 670880251751224 670880700061902
670880700070034 670880700254842 670880704121144 670881152813218 670881152813238 670881153012084 670881154639874 670881619476652
670881619477534 670881619691502 670881621649254 670882108131836 670882108131848 670882108370342 670882110315270 670882595320682
670882595321508 670882595613029 670882597475060 670883083708250 670883083708280 670883083887578 670883085865830 670883562332588
670883562336278 670883562548912 670883570292172 670884044003986 670884044003998 670884044205514 670884046314984 670884496514948
670884496523262 670884496704348 670884498565198 670884946387318 670884946387330 670884946560802 670884962998828 670885410626184
670885410630246 670885410826150 670885438844880 670885887421698 670885887421904 670885887607812 670885925884068 670886374301218

670886183841418 670886184009678 670886185985914 670886631456194 670886631456590 670886631706212 670886642887434 670887084064002
670887084073620 670887084301500 670887127894788 670887570452338 670887570455918 670887570649672 670887606467798 670888047533724
670888047538722 670888047741672 670888061076766 670888502786708 670888502790286 670888503003908 670888515077336 670888956313906
670888956324516 670888956533514 670888966502272 670889408325474 670889408325834 670889408522174 670889419916664 670889859987282
670889859993206 670889860217836 670889885143080 670890325041158 670890325044762 670890325298152 670890373774628 670890813502442
670890813508134 670890813741732 670890860986908 670891302032942 670891302036488 670891302266232 670891349374372 670891790425990
670891790433268 670891790636404 670891827676094 670892269758146 670892269761714 670892269981108 670892309536876 670892750046088
670892750052382 670892750277442 670892777920570 670893219146170 670893219146502 670893219332046 670893254484048 670893694565664
670893694570800 670893694762170 670893739986932 670894181512544 670894181512896 670894181722112 670894241092380 670894707031078

670882280985974 670882281141786 670882283111160 670882732805188 670882732805386 670882733092560 670882738869346 670883179013410
670883179019548 670883179229066 670883213695468 670883655884186 670883655884430 670883656059754 670883690040898 670884130227990
670884130232560 670884130401230 670884155550252 670884597409642 670884597409900 670884597612806 670884612121044 670885052090538
670885052095138 670885052261816 670885063680704 670885504109206 670885504109410 670885504292742 670885517421384 670885956632750
670885956639146 670885956840838 670885968532118 670886409457996 670886409458218 670886409687804 670886420600738 670886859932094
670886859938174 670886860149042 670886889262512 670887329185026 670887329185072 670887329401144 670887404901060 670887844802828
670887844808148 670887844985280 670887926162864 670888365535312 670888365535350 670888365715468 670888405146224 670888845640912
670888845646462 670888845845272 670888874381562 670889313973628 670889313973640 670889314143990 670889376495432 670889867935432
670889867936586 670889868197618 670889869561100 670890395540642 670890395540654 670890395786126 670890397097768 670890914184632

670878713794620 670878713934170 670878715955824 670879169990710 670879169990926 670879170276116 670879194992410 670879644507592
670879644514574 670879644751042 670879670903918 670880120056308 670880120056538 670880120279822 670880138942422 670880587606104
670880587611420 670880587815534 670880595077372 670881043123744 670881043124000 670881043330264 670881045127456 670881494107408
670881494113494 670881494288726 670881497927666 670881945868274 670881945868570 670881946043796 670881948996056 670882397714996
670882397721300 670882397902394 670882399803946 670882847703348 670882847703614 670882847927236 670882863925254 670883321145901
670883321146317 670883321409366 670883352439502 670883836923790 670883836924048 670883837106354 670883873074901 670884357811496
670884357817398 670884358015982 670884364575890 670884836822401 670884836822659 670884837032433 670884840170858 670885306126114
670885306132102 670885306305362 670885324854488 670885772401312 670885772401532 670885772570114 670885810270100 670886258230094
670886258236130 670886258438982 670886302296172 670886750779870 670886750780142 670886750955784 670886829845414 670887278139592

670876227881372 670876228080568 670876230060892 670876680912906 670876680912988 670876681267120 670876718686508 670877164697380
670877164704550 670877164992842 670877202800602 670877648527818 670877648527904 670877648762592 670877660244154 670878106332628
670878106336352 670878106560652 670878109215890 670878554073854 670878554073900 670878554312298 670878560364080 670879006949520
670879006955330 670879007186672 670879011440230 670879455749428 670879455749460 670879455972190 670879464031916 670879909644582
670879909649838 670879909888874 670879929377814 670880374514550 670880374518082 670880374798902 670880418030984 670880863364170
670880863371120 670880863618600 670880905207258 670881385448438 670881385448780 670881385795174 670881394069866 670881876538502
670881876538969 670881876800064 670881878683712 670882352516990 670882352517316 670882352779949 670882354506700 670882804064106
670882804070760 670882804296766 670882822170812 670883267286440 670883267286778 670883267510318 670883287622480 670883731840896
670883731848588 670883732080820 670883773335640 670884218916876 670884218920414 670884219144856 670884265807992 670884710208766

670885959465296 670885959611004 670885961078448 670886410710866 670886410711098 670886411006252 670886416484564 670886866570952
670886866579926 670886866830562 670886901371640 670887349365454 670887349365684 670887349539790 670887384471518 670887832524950
670887832529374 670887832706442 670887842242602 670888289383404 670888289383634 670888289577978 670888293096546 670888741126522
670888741135482 670888741317084 670888745788890 670889194381116 670889194381338 670889194564032 670889196884904 670889645925936
670889645934894 670889646131732 670889649527156 670890096947616 670890096947890 670890097124582 670890107520692 670890554870610
670890554875014 670890555051380 670890596104226 670891043441866 670891043442164 670891043634220 670891118368836 670891566640170
670891566645340 670891566830666 670891609625120 670892058847828 670892058848026 670892059027614 670892085617792 670892533468440
670892533477396 670892533678612 670892554740598 670893002047438 670893002047708 670893002222758 670893040089768 670893487565454
670893487569356 670893487767070 670893547960968 670893996350048 670893996350318 670893996525276 670894075511410 670894524444478
