16 147
670033534975252 670033542255852 670033570403364 670033574973256 670033542261390 670033550982718 670033576586940 670033581108872
670033574981152 670033576549272 670033604853722 670033609406084 670033581112782 670033584697858 670033611431682 670033615953536
670033609413518 670033611102700 670033644374548 670033648926796 670033615957888 670033627194198 670033652612076 670033657166130
670033648933638 670033650766626 670033678091842 670033682632200 670033657170430 670033670994760 670033692614772 670033696599670
670033682638324 670033691126164 670033710000918 670033714022510 670033696604336 670033707780540 670033727764196 670033731801002
670033714028562 670033724519650 670033740170800 670033744863774 670033731805452 670033740053046 670033760388746 670033764957612
670033744868072 670033751759326 670033769259920 670033773932352 670033764962752 670033769235042 670033791254470 670033795810714
670033773936990 670033782707758 670033800189312 670033804295870 670033795816402 670033800162280 670033821204200 670033825781626
670033804299696 670033813123184 670033831179720 670033835837272 670033825787034 670033829344126 670033839435804 670033843984118

670029982830304 670029990437882 670030017966880 670030022557546 670029990443658 670029999445762 670030032726566 670030037952060
670030022565168 670030032612074 670030055324002 670030060090324 670030037956034 670030046614668 670030068282390 670030072990400
670030060096662 670030068215062 670030094822084 670030099373328 670030072994770 670030082662198 670030102845870 670030107371896
670030099379246 670030102825386 670030122296762 670030126857694 670030107376646 670030114438032 670030135484238 670030140005080
670030126863346 670030128539528 670030155147180 670030159684042 670030140009448 670030143668056 670030161864086 670030166407022
670030159688044 670030161247112 670030188516118 670030193022808 670030166411504 670030185854740 670030205418382 670030209923280
670030193027898 670030194672448 670030214565572 670030219096972 670030209926778 670030212770334 670030237564364 670030242076700
670030219101012 670030220990942 670030260980614 670030264976678 670030242081626 670030247060120 670030277266032 670030281288464
670030264981488 670030268439958 670030289170000 670030293153382 670030281293214 670030282929162 670030307885424 670030311904822

670025257813534 670025267133804 670025289410006 670025293955558 670025267139244 670025275777258 670025301468036 670025306005844
670025293962612 670025295794518 670025331265458 670025335827876 670025306010972 670025316499698 670025338654598 670025343393444
670025335833306 670025337500822 670025370770810 670025374945610 670025343398592 670025352394122 670025378022854 670025382057812
670025374950638 670025376793786 670025402807360 670025407367436 670025382062348 670025398318924 670025412336610 670025416903638
670025407372426 670025410731894 670025437175856 670025441152792 670025416907774 670025426410406 670025441567794 670025445571482
670025441157976 670025454522412 670025479640112 670025484196706 670025454524780 670025463611932 670025487772464 670025492349534
670025484201854 670025485891214 670025510480158 670025515049402 670025492353750 670025501971568 670025520128394 670025524752754
670025515053534 670025518274326 670025556805766 670025561372344 670025524757348 670025534453480 670025566232644 670025570267580
670025561377204 670025564598300 670025594055810 670025598577406 670025570273676 670025583406392 670025598929866 670025603736614

670034008402286 670034014034648 670034036513790 670034041041432 670034014040450 670034023698172 670034042654606 670034047230182
670034041049042 670034042664658 670034068206678 670034072699684 670034047235052 670034048782662 670034074291002 670034079474056
670034072706556 670034074238574 670034103583812 670034108079202 670034079478064 670034081016046 670034109690912 670034114778038
670034108085148 670034109634102 670034128118962 670034132702554 670034114781534 670034116340082 670034151733440 670034156220546
670034132708096 670034134324994 670034165465512 670034169956964 670034156225216 670034157872544 670034182588224 670034187076600
670034169963068 670034171568414 670034214983412 670034219487978 670034187081090 670034188714886 670034230058718 670034234581816
670034219492766 670034221070220 670034245863850 670034250359554 670034234586200 670034236174770 670034261802380 670034266315130
670034250365372 670034251916328 670034270222576 670034274681164 670034266318946 670034267850654 670034291491264 670034295946454
670034274685652 670034276360810 670034318358176 670034322818864 670034295950462 670034297651344 670034336810504 670034341296186

670028399478460 670028406246256 670028429415296 670028433940646 670028406251854 670028415619548 670028436156284 670028440605914
670028433948752 670028436064256 670028454173534 670028458701808 670028440609926 670028442140250 670028460374692 670028464812092
670028458706982 670028460384890 670028494769300 670028499289002 670028464815506 670028466280100 670028500878062 670028505312404
670028499295410 670028500797386 670028526936936 670028531473362 670028505315742 670028506783310 670028537692976 670028542204438
670028531480206 670028532990592 670028556548206 670028561090526 670028542209380 670028543834620 670028573772448 670028578221162
670028561094856 670028562671182 670028596537124 670028601045134 670028578225188 670028579801634 670028621369616 670028625827998
670028601049648 670028602614574 670028630609628 670028635128106 670028625832114 670028627405950 670028651956036 670028656448318
670028635131618 670028636627576 670028679753552 670028684454382 670028656453354 670028657985164 670028686604760 670028691053138
670028684459514 670028686001732 670028716235724 670028720695336 670028691057126 670028692573296 670028729180092 670028733643224

670027903720648 670027910690060 670027933622652 670027938202594 670027910695796 670027919633632 670027941699732 670027946565956
670027938209422 670027941624784 670027972517674 670027977079748 670027946571524 670027948103150 670027979905682 670027983925788
670027977086090 670027979866092 670028008543158 670028013112008 670027983930692 670027989123314 670028014854104 670028019450700
670028013117160 670028014796888 670028040753138 670028045322550 670028019454834 670028020940558 670028048935034 670028053495598
670028045328078 670028046967716 670028082449044 670028086973920 670028053500302 670028055530476 670028088592808 670028093446212
670028086978286 670028088654480 670028115658314 670028120211430 670028093450534 670028098796076 670028122923242 670028127620888
670028120215886 670028123607986 670028163815826 670028168356166 670028127625178 670028129232680 670028170053494 670028174964994
670028168360700 670028170073000 670028202410232 670028206971518 670028174969614 670028181891972 670028209229458 670028213771038
670028206976332 670028209977542 670028241635798 670028245624150 670028213775028 670028218789180 670028245640278 670028249656658

670025899827888 670025907730880 670025931652352 670025936176378 670025907736788 670025916492158 670025944765104 670025949334772
670025936184642 670025944660852 670025970880566 670025975520322 670025949339996 670025957968698 670025984126433 670025988797282
670025975527084 670025977473154 670026017641442 670026022247272 670025988802938 670025997461760 670026030053596 670026034169918
670026022252468 670026025783654 670026058866076 670026062903922 670026034174992 670026045008080 670026064468092 670026068511456
670026062910230 670026064428694 670026099417142 670026103459418 670026068516136 670026078368862 670026105400878 670026109842642
670026103464684 670026105341482 670026131489510 670026135500512 670026109846162 670026111455880 670026137158760 670026141507494
670026135506876 670026137186520 670026180426264 670026184445982 670026141511784 670026143080564 670026186359868 670026191261522
670026184451618 670026186301652 670026220978010 670026225033800 670026191265680 670026198379906 670026226739238 670026231662318
670026225039896 670026226766998 670026251881568 670026255906282 670026231666526 670026233165114 670026255926156 670026259937606

670026327257864 670026334887114 670026354693846 670026359280088 670026334893010 670026343926154 670026362315042 670026367064428
670026359286928 670026362234422 670026392568956 670026397099804 670026367069448 670026368608986 670026398719584 670026403219280
670026397104998 670026398743950 670026420334246 670026424899810 670026403223182 670026410745300 670026429858760 670026433877722
670026424904936 670026427872228 670026454448202 670026458446568 670026433882390 670026440301068 670026473747304 670026477763320
670026458451798 670026462727502 670026507297032 670026511824816 670026477769488 670026483359768 670026517729474 670026522275740
670026511829064 670026516421722 670026542323922 670026546364578 670026522280920 670026535500606 670026548130284 670026552115398
670026546369126 670026548088142 670026571981600 670026576549150 670026552119268 670026557133128 670026582138886 670026586143170
670026576554464 670026579371406 670026627379302 670026631389034 670026586147954 670026587671064 670026638431862 670026642421040
670026631394428 670026636987624 670026670068872 670026674065772 670026642425494 670026655622364 670026674373384 670026678386380

670026271216086 670026278405862 670026301914022 670026306438498 670026278410496 670026287263366 670026309634726 670026313917036
670026306444520 670026309545234 670026335901408 670026339947110 670026313922020 670026315530564 670026342484524 670026346490988
670026339951296 670026341500068 670026366151990 670026370685488 670026346495454 670026356548676 670026374484662 670026378487630
670026370690048 670026374300694 670026407748674 670026412282034 670026378492004 670026388033962 670026415031660 670026419583670
670026412286206 670026415082310 670026447613420 670026451592674 670026419589366 670026426869152 670026454224496 670026458227022
670026451597484 670026453210688 670026486455014 670026490653442 670026458231714 670026465564862 670026493308214 670026497315466
670026490657760 670026494677406 670026532184362 670026536157536 670026497319712 670026505758460 670026539293614 670026543279390
670026536161296 670026537889804 670026559584398 670026564111542 670026543283982 670026556398056 670026572795726 670026577291842
670026564116224 670026565833020 670026614005450 670026618479426 670026577296964 670026584686742 670026618498654 670026622984154

670024680134586 670024688187284 670024714445138 670024718955242 670024688193272 670024697894300 670024721069484 670024725601306
670024718961352 670024720546326 670024752363892 670024756912666 670024725605960 670024735910750 670024758631390 670024763133750
670024756918130 670024758602140 670024790046786 670024794020254 670024763138636 670024764750422 670024797641016 670024802116472
670024794025072 670024797405140 670024831621802 670024835592528 670024802121064 670024813936900 670024838742796 670024842753948
670024835598620 670024841588440 670024870352148 670024874828422 670024842758826 670024854113212 670024879721986 670024883686306
670024874833140 670024877743090 670024915331086 670024919811944 670024883691434 670024893626448 670024921355410 670024926456202
670024919817172 670024921313642 670024951237532 670024955228902 670024926459368 670024939673300 670024959811040 670024963808272
670024955234726 670024958107610 670024992134800 670024996107570 670024963813648 670024967867066 670024997972850 670025002453658
670024996113706 670024997661904 670025032898650 670025036897964 670025002458174 670025015542016 670025037386018 670025041352782

670022942491994 670022952159352 670022977309686 670022981909232 670022952164978 670022961911238 670022992521360 670022997422316
670022981917062 670022992284286 670023019261740 670023023940944 670022997426472 670023007336250 670023034172554 670023038215520
670023023947206 670023034083758 670023059998572 670023064720594 670023038220042 670023047781714 670023076302866 670023081196880
670023064727544 670023076116864 670023101197854 670023105840994 670023081201550 670023090841274 670023115958512 670023120056516
670023105846556 670023115861212 670023141758864 670023146360684 670023120061058 670023129506458 670023156462674 670023161113244
670023146366096 670023156293604 670023182320738 670023186894700 670023161117770 670023170266650 670023196963744 670023201558972
670023186899764 670023196857054 670023222599140 670023227249428 670023201563964 670023210967408 670023237588588 670023242872956
670023227255640 670023237413598 670023263303084 670023267367034 670023242877548 670023252003446 670023277482902 670023282089562
670023267372700 670023277361066 670023302858006 670023307483412 670023282094110 670023291222240 670023307499742 670023312074388

670031205188254 670031211463100 670031235657104 670031240155000 670031211468860 670031221384378 670031242069368 670031247057884
670031240162632 670031241669386 670031273911178 670031277875536 670031247063848 670031259272908 670031279587394 670031284302188
670031277882372 670031279505042 670031317265204 670031321738242 670031284305560 670031291941202 670031325485299 670031330072498
670031321745566 670031323374942 670031358928014 670031363415230 670031330077108 670031342043102 670031368539508 670031373029002
670031363420346 670031366787030 670031396589230 670031401067834 670031373034480 670031380289634 670031402566864 670031406998682
670031401072566 670031402525996 670031436882044 670031440870354 670031407002582 670031418226330 670031445879130 670031449852102
670031440876476 670031443697946 670031477481204 670031481415968 670031449858348 670031453814434 670031488389142 670031492327708
670031481421768 670031486416634 670031518330654 670031522798396 670031492332980 670031503823834 670031525850658 670031530329182
670031522803450 670031527669066 670031560194548 670031564683192 670031530333872 670031543429562 670031564704080 670031569229568

670027305202798 670027314616574 670027338935548 670027343625904 670027314622266 670027324271426 670027349657860 670027354374742
670027343633404 670027347167830 670027372726462 670027376970858 670027354380468 670027363500864 670027379021980 670027383764293
670027376976698 670027378448888 670027406960594 670027410975176 670027383768722 670027393625682 670027424830202 670027429728696
670027410981738 670027424724618 670027447714172 670027452294134 670027429733086 670027439277646 670027460186526 670027464238270
670027452299620 670027455235310 670027479770780 670027483797466 670027464243274 670027477873376 670027496124620 670027500306970
670027483802244 670027486664234 670027510442350 670027514494292 670027500311438 670027507842472 670027526385628 670027530408564
670027514500824 670027520040856 670027542582900 670027546583254 670027530413168 670027537415588 670027558885798 670027563100188
670027546588470 670027548111892 670027582493769 670027586758420 670027563105054 670027569071228 670027600503298 670027604689674
670027586764224 670027589560442 670027613519442 670027617843828 670027604694098 670027607692662 670027628726310 670027632847574

670023739085958 670023748753532 670023772956510 670023777523526 670023748758510 670023758254132 670023779462958 670023784039164
670023777530408 670023779474106 670023810593052 670023815167120 670023784043096 670023794226584 670023817906466 670023823042986
670023815173194 670023817480558 670023850592210 670023854642680 670023823048216 670023832241836 670023856952030 670023861112842
670023854647850 670023856759510 670023885998960 670023890527854 670023861117542 670023881414494 670023894739968 670023899314732
670023890532534 670023893865518 670023906849418 670023911384754 670023899320060 670023902926052 670023922469404 670023926473492
670023911389146 670023916632328 670023960838932 670023964828158 670023926479176 670023933949048 670023966659504 670023970660408
670023964833044 670023966395962 670023999887804 670024004406764 670023970665784 670023981726754 670024017210542 670024021791688
670024004412038 670024015638032 670024036962996 670024041524260 670024021796586 670024031520960 670024044858778 670024049382086
670024041528904 670024043077818 670024077620552 670024081607302 670024049386024 670024059260178 670024081946416 670024085971954

670021252408728 670021257614230 670021282633674 670021287202914 670021257619966 670021267026034 670021289069492 670021293077658
670021287209824 670021289051624 670021329249236 670021333260016 670021293081128 670021294647070 670021334857600 670021338988210
670021333266416 670021334883522 670021361228956 670021365238176 670021338992126 670021342530508 670021368282110 670021373223240
670021365244930 670021368122934 670021403965850 670021408531306 670021373227560 670021378595538 670021413603160 670021418190252
670021408536924 670021410186088 670021448122960 670021452686106 670021418195036 670021419852694 670021454619054 670021459443768
670021452690382 670021454236928 670021492316900 670021496903108 670021459449236 670021471145554 670021501821110 670021506414120
670021496908944 670021500274706 670021528994888 670021533559688 670021506418532 670021508012958 670021535221064 670021540180598
670021533564686 670021535172656 670021569772466 670021574367984 670021540184588 670021547500594 670021576041550 670021580566706
670021574373572 670021576002188 670021612856376 670021617409582 670021580570216 670021585510444 670021617432244 670021621952018

670030983225492 670030988407776 670031013225394 670031017716414 670030988412864 670030997551572 670031019461856 670031024478984
670031017724186 670031019418064 670031047285054 670031051721678 670031024482842 670031025957272 670031053452870 670031058032342
670031051728046 670031053390006 670031078110238 670031082592790 670031058036164 670031059480622 670031084198926 670031088631100
670031082598654 670031084209554 670031119095640 670031123566796 670031088633886 670031090166282 670031125199690 670031129501886
670031123571992 670031125137828 670031146752842 670031150679758 670031129504548 670031131032536 670031160126768 670031164065454
670031150685636 670031152190292 670031205392088 670031209318026 670031164069376 670031165722754 670031210923560 670031215781010
670031209323228 670031210885784 670031232022332 670031235969030 670031215783764 670031217369462 670031242376454 670031246308852
670031235974780 670031238920354 670031279617036 670031283563604 670031246312990 670031249661292 670031292034750 670031295969532
670031283569776 670031291067624 670031325762252 670031329707816 670031295973700 670031299373658 670031329726298 670031333676350
