16 3193
670428192222452 670428196791800 670428204186960 670428651035112 670428651035322 670428653058730 670428692426154 670429141325856
670429141334700 670429143363178 670429148811024 670429592877516 670429592877718 670429594829880 670429604683158 670430049650478
670430049654964 670430051624866 670430057940414 670430504588224 670430504588434 670430506639374 670430509326344 670430956066108
670430956072618 670430958060870 670430962759272 670431407241200 670431407241410 670431409223028 670431413699948 670431858846872
670431858853626 670431860813698 670431866025794 670432311599398 670432311599554 670432313568288 670432319841980 670432766238892
670432766245488 670432768205678 670432772887998 670433218178774 670433218178796 670433220155806 670433227727768 670433673247012
670433673252888 670433675212674 670433689720296 670434134247482 670434134247678 670434136225768 670434183690422 670434628567704
670434628574460 670434630545750 670434661784576 670435107779748 670435107779958 670435109741452 670435136283442 670435582410848
670435582417400 670435584377852 670435588317426 670436032437586 670436032437772 670436034412892 670436042928804 670436487209606

670424638218072 670424645001828 670424651785134 670425094072870 670425094073066 670425097469892 670425107349500 670425548809702
670425548815640 670425550773118 670425592502186 670426035758348 670426035758568 670426037775274 670426045634708 670426487729932
670426487738178 670426489731244 670426502357890 670426942150762 670426942150974 670426944112120 670426955047202 670427395534106
670427395542016 670427397518382 670427405917536 670427846978746 670427846978968 670427848943324 670427859393648 670428299488544
670428299493364 670428301462678 670428314487850 670428757650620 670428757650884 670428759661306 670428767416370 670429209486802
670429209490578 670429211489618 670429221749444 670429664661396 670429664661608 670429666659490 670429684388018 670430127831842
670430127841784 670430129841700 670430178908454 670430621282044 670430621282240 670430623249784 670430658266298 670431100789296
670431100797204 670431102800570 670431131564250 670431573837548 670431573837772 670431575844332 670431584025552 670432026171330
670432026181292 670432028180404 670432036563238 670432477335188 670432477335402 670432479315880 670432491829750 670432932539112

670419913310222 670419916539688 670419924752950 670420373439834 670420373440056 670420375461118 670420415290382 670420864424666
670420864431160 670420866451738 670420869405004 670421317552080 670421317552298 670421319551754 670421326349924 670421774329294
670421774333974 670421776324362 670421779561020 670422227044552 670422227044764 670422229012816 670422230881650 670422677892574
670422677896196 670422679874452 670422684337724 670423130574056 670423130574278 670423132547756 670423134377260 670423579965874
670423579970886 670423581951654 670423587573572 670424035376120 670424035376272 670424037393116 670424041569654 670424488406166
670424488412602 670424490417256 670424493817596 670424956209138 670424956209194 670424958183426 670424967222496 670425450880218
670425450887986 670425452850384 670425454694828 670425930240144 670425930240156 670425932224796 670425934049658 670426403510096
670426403516886 670426405506398 670426407344834 670426852818030 670426852818296 670426854790582 670426861223718 670427306761358
670427306770170 670427308754006 670427310585014 670427757536906 670427757536962 670427759526898 670427766583722 670428213661034

670428663747840 670428673599526 670428676700344 670429158735128 670429158735444 670429160978912 670429165638328 670429614757668
670429614764392 670429616815604 670429621387208 670430071273666 670430071273986 670430073297008 670430076656976 670430524615458
670430524617426 670430526602292 670430529887028 670430977297970 670430977298024 670430979344856 670430981868048 670431430854454
670431430861160 670431432828950 670431434661024 670431880625802 670431880629332 670431882616768 670431886405304 670432334136994
670432334143334 670432336126866 670432339652490 670432785592960 670432785596500 670432787610256 670432792417306 670433238931650
670433238940280 670433240957392 670433242843388 670433690714952 670433690718478 670433692685126 670433710530180 670434157781778
670434157787748 670434159770740 670434204978380 670434651769488 670434651773026 670434653762940 670434684305334 670435129859966
670435129865184 670435131844304 670435157769922 670435604376932 670435604380462 670435606359664 670435608188932 670436053295850
670436053301462 670436055279978 670436060833208 670436509259606 670436509259924 670436511249962 670436513089920 670436960463634

670423053191268 670423059225804 670423068263604 670423516985408 670423516986060 670423518979620 670423523759696 670423971994802
670423972000734 670423973982414 670424005941724 670424454610388 670424454613948 670424456599492 670424460243360 670424907262650
670424907268040 670424909260072 670424916853924 670425365492886 670425365496422 670425367548352 670425370032576 670425821089390
670425821095836 670425823121976 670425824982036 670426272526692 670426272530238 670426274506210 670426276441062 670426724412950
670426724417984 670426726377178 670426731325986 670427178664614 670427178668194 670427180644312 670427183784272 670427631694148
670427631700096 670427633689378 670427638593476 670428086557486 670428086561058 670428088521426 670428092372112 670428542449696
670428542456272 670428544448054 670428562143684 670429008874746 670429008878290 670429010867802 670429043527114 670429491332116
670429491338718 670429493336040 670429525031092 670429972114656 670429972118272 670429974102034 670429999078492 670430447083168
670430447088168 670430449066242 670430452897034 670430901714068 670430901714080 670430903686114 670430906344310 670431355797582

670422557416148 670422569584672 670422572812174 670423023001598 670423023001644 670423024996204 670423028385856 670423480178524
670423480185236 670423482212238 670423485460582 670423931098804 670423931099212 670423933152044 670423963483576 670424410260482
670424410266812 670424412285680 670424417509898 670424863834198 670424863837758 670424865879456 670424872933890 670425320196316
670425320202894 670425322174882 670425328562668 670425775143798 670425775147356 670425777120952 670425780401962 670426230181214
670426230188438 670426232183228 670426235389774 670426683100216 670426683103720 670426685143052 670426688345120 670427137453304
670427137460512 670427139478630 670427142665192 670427591581494 670427591585022 670427593708144 670427613879066 670428061332090
670428061340240 670428063423324 670428095608096 670428542919388 670428542919720 670428544963034 670428578614190 670429024452790
670429024457070 670429026445684 670429051040500 670429498479282 670429498482828 670429500523496 670429506395126 670429952220748
670429952225770 670429954289068 670429957495006 670430405683554 670430405687134 670430407720386 670430411001596 670430857546024

670420554720026 670420562528694 670420570279066 670421019637158 670421019640710 670421021732850 670421026116906 670421476412954
670421476419810 670421478445720 670421509235876 670421957641788 670421957645374 670421959637824 670421962321656 670422411669036
670422411673732 670422413657422 670422419080330 670422863545498 670422863545510 670422865522420 670422871734038 670423317992234
670423317997754 670423319988384 670423322609230 670423768751194 670423768754678 670423770730868 670423777458326 670424224645836
670424224651358 670424226653206 670424232365014 670424680805604 670424680805948 670424682849780 670424685804618 670425133099956
670425133105676 670425135120084 670425139641442 670425604701298 670425604704834 670425606697752 670425608619550 670426087437670
670426087438499 670426089519954 670426096095792 670426566019355 670426566019679 670426568092190 670426575417558 670427044697122
670427044700830 670427046706966 670427048849734 670427500456936 670427500460470 670427502458106 670427504360890 670427949777940
670427949782506 670427951762044 670427954968928 670428404113790 670428404117356 670428406104124 670428408405016 670428855465888

670420980942322 670420985973358 670420993615436 670421441849458 670421441849720 670421443850282 670421481045784 670421930181112
670421930189552 670421932212524 670421935634900 670422384523602 670422384523848 670422386535374 670422393298522 670422841099968
670422841107724 670422843120578 670422846576924 670423293864966 670423293865328 670423295842742 670423297656598 670423744723406
670423744731194 670423746692848 670423752598884 670424200247220 670424200247254 670424202235800 670424204064600 670424651269258
670424651277566 670424653249938 670424655331162 670425102161032 670425102161254 670425104125832 670425110277634 670425556575614
670425556581048 670425558547440 670425562658452 670426009798598 670426009798870 670426011788850 670426034096792 670426481087884
670426481093368 670426483061090 670426516874704 670426962608542 670426962608588 670426964600766 670426995463450 670427440594766
670427440602506 670427442575588 670427474068642 670427919610484 670427919611342 670427921594792 670427930440334 670428375309044
670428375314548 670428377289620 670428379259776 670428824888156 670428824888390 670428826859920 670428834019050 670429279605190

670420924813106 670420928607032 670420938793862 670421380993316 670421380993514 670421382999024 670421394930832 670421835530808
670421835540522 670421837533208 670421848253978 670422287761068 670422287761118 670422289709062 670422332594276 670422771602442
670422771608354 670422773553070 670422783556480 670423219077098 670423219077114 670423221030600 670423239266274 670423675993024
670423676001840 670423677948040 670423694847670 670424132041566 670424132041764 670424134008940 670424146222706 670424583554636
670424583563462 670424585499460 670424598099982 670425035013352 670425035013370 670425036949198 670425052364290 670425489096278
670425489104602 670425491051444 670425505411776 670425941686662 670425941686868 670425943626082 670425980752500 670426417769118
670426417777908 670426419705822 670426463099750 670426902661674 670426902661904 670426904651060 670426946136700 670427384811506
670427384821962 670427386814546 670427414214492 670427850683522 670427850683722 670427852625118 670427864338558 670428300511432
670428300516686 670428302464434 670428320818132 670428759428148 670428759428348 670428761399758 670428775423650 670429213419648

670419334526724 670419345225296 670419348146250 670419799555570 670419799555790 670419801732082 670419805712948 670420254471004
670420254477740 670420256497468 670420260809882 670420707319564 670420707319786 670420709294732 670420712685854 670421158739382
670421158749258 670421160757882 670421195146028 670421641001714 670421641001930 670421642999954 670421646773404 670422093372248
670422093379272 670422095371646 670422100777584 670422546480728 670422546480960 670422548474736 670422555707394 670423000631050
670423000637158 670423002605800 670423010806186 670423458098146 670423458098364 670423460118510 670423463730532 670423911003768
670423911010210 670423913009498 670423918056548 670424386803388 670424386803622 670424388921661 670424390973299 670424869407888
670424869408466 670424871367178 670424873186114 670425350756766 670425350757018 670425352745742 670425356424581 670425819090338
670425819099128 670425821119554 670425824319646 670426270582938 670426270583150 670426272591816 670426280369100 670426726274224
670426726282118 670426728258614 670426734282190 670427179947992 670427179948220 670427181945724 670427187565482 670427633323118

670417597337254 670417605922766 670417611844836 670418063270550 670418063270588 670418065320212 670418068727668 670418517829910
670418517836078 670418521320066 670418523211418 670418969293120 670418969293198 670418971283444 670419005311222 670419450543322
670419450547284 670419452523584 670419456366164 670419903160664 670419903160676 670419905112664 670419909910198 670420358410942
670420358414962 670420360395532 670420366259654 670420812219900 670420812220130 670420814198802 670420816114926 670421262665422
670421262669384 670421264650252 670421269366450 670421717697994 670421717698262 670421719715928 670421725569616 670422172789010
670422172794482 670422174817166 670422177875512 670422624742744 670422624743002 670422626719376 670422653833632 670423101613276
670423101621818 670423103590848 670423136179888 670423581830664 670423581830892 670423583820200 670423619355570 670424064755204
670424064764170 670424066750028 670424090652792 670424536493366 670424536493598 670424538467548 670424546518028 670424991982938
670424991988404 670424993959956 670424997334994 670425444561084 670425444561312 670425446626620 670425450097848 670425897780618

670425860463198 670425871723786 670425874846546 670426316762612 670426316762674 670426318712824 670426331093438 670426772833800
670426772840574 670426774821088 670426816302640 670427253101330 670427253104876 670427255043638 670427268868926 670427707056812
670427707065140 670427709002810 670427722783496 670428161406432 670428161409982 670428163348732 670428176773790 670428616649564
670428616656406 670428618584778 670428629907412 670429068570738 670429068570750 670429070497546 670429081885876 670429521523212
670429521529950 670429523466978 670429535122974 670429974727824 670429974728142 670429976746074 670429987328082 670430425353286
670430425359332 670430427347534 670430439341586 670430878555646 670430878559186 670430880493112 670430891446022 670431328963732
670431328965074 670431330903364 670431367911758 670431807381642 670431807381972 670431809339432 670431848139254 670432284932408
670432284936956 670432286895704 670432331080312 670432770658652 670432770662182 670432772600676 670432802766036 670433239866512
670433239871104 670433241814710 670433259789984 670433697915888 670433697919418 670433699860714 670433710953022 670434147569042

670421959017612 670421965555914 670421973465784 670422422711638 670422422711858 670422424710788 670422428815506 670422876814728
670422876820088 670422878812748 670422916684414 670423364685116 670423364685350 670423366710658 670423368763002 670423815646592
670423815653972 670423817660904 670423822663944 670424268303368 670424268303582 670424270382948 670424276679866 670424722274954
670424722275592 670424724240320 670424729788918 670425177047304 670425177047520 670425179010668 670425182198628 670425628119498
670425628123186 670425630118698 670425635525346 670426083460498 670426083460702 670426085509422 670426087331642 670426534894260
670426534894960 670426536909166 670426539773128 670426986281290 670426986281318 670426988274392 670426991410466 670427438478210
670427438488684 670427440463246 670427465849106 670427912880982 670427912881036 670427914877336 670427949312446 670428396914124
670428396923268 670428398881708 670428433335008 670428879263794 670428879264020 670428881249470 670428900230672 670429346166200
670429346175370 670429348146248 670429355671732 670429802675530 670429802675570 670429804667066 670429807865298 670430255550518

670418392941094 670418401978768 670418403848184 670418853453518 670418853453752 670418855480838 670418862948100 670419313136962
670419313143540 670419315163384 670419317082390 670419766498226 670419766498442 670419768504794 670419801990822 670420251443354
670420251452840 670420253477284 670420255310408 670420703125908 670420703126518 670420705070470 670420706889552 670421155582378
670421155590798 670421157588946 670421162938882 670421611084274 670421611084496 670421613059122 670421614919222 670422063314928
670422063323298 670422065292412 670422067134312 670422514499176 670422514499206 670422516463234 670422520597502 670422967696524
670422967704772 670422969668594 670422972764062 670423419314086 670423419314132 670423421291182 670423449332062 670423896296958
670423896305390 670423898290828 670423931099080 670424379786108 670424379786314 670424381775408 670424414842406 670424863788230
670424863797226 670424865781620 670424882739550 670425330724952 670425330725156 670425332697140 670425337724872 670425785376612
670425785385010 670425787357210 670425789202226 670426236533732 670426236533758 670426238504572 670426241675598 670426688532666

670415906740034 670415914192640 670415921621184 670416370441260 670416370441590 670416372420662 670416377613084 670416823844992
670416823854536 670416825849964 670416863920734 670417312665436 670417312668960 670417314624604 670417317052788 670417763215632
670417763221258 670417765198484 670417771058116 670418217197244 670418217200768 670418219221292 670418224884398 670418673537146
670418673543930 670418675561442 670418678092288 670419121995028 670419121998570 670419123984806 670419129386824 670419574731568
670419574736462 670419576717142 670419582719926 670420029978708 670420029982220 670420032023038 670420035417722 670420481074408
670420481080378 670420483128308 670420486962784 670420932549534 670420932549546 670420934582982 670420951701306 670421399373142
670421399378434 670421401370756 670421447602592 670421893780362 670421893783902 670421895778656 670421927462348 670422375115896
670422375121194 670422377104750 670422400726324 670422846357352 670422846360880 670422848329280 670422851691606 670423298113528
670423298118562 670423300147860 670423306186502 670423751019884 670423751019896 670423753015410 670423757357540 670424203709530

670425637716914 670425648075688 670425652381446 670426101505528 670426101505740 670426104872116 670426139607964 670426590087800
670426590094210 670426592088150 670426595351250 670427042528332 670427042528544 670427044545324 670427050107146 670427496359304
670427496369080 670427498457104 670427503329400 670427950568026 670427950568190 670427952589424 670427955830962 670428403761992
670428403765874 670428405738188 670428408945892 670428855555448 670428855555672 670428857534390 670428860766064 670429308903620
670429308907586 670429310939450 670429314098410 670429761022448 670429761022494 670429763045562 670429766372810 670430213150992
670430213155010 670430215157772 670430218339956 670430664819780 670430664819826 670430666834126 670430670028696 670431117223604
670431117227538 670431119248378 670431133834926 670431583297282 670431583297508 670431585283004 670431629057440 670432079394466
670432079398442 670432081373510 670432109251744 670432556576404 670432556576620 670432558550950 670432581983838 670433029566678
670433029570680 670433031560754 670433034759264 670433481772916 670433481780890 670433483809752 670433487015124 670433933980330
