16 322
670158675249514 670158684677146 670158690326204 670158725190866 670158725190878 670158731644190 670158737601498 670158772507934
670158772508976 670158779034286 670158783499004 670158817969902 670158817969914 670158824837950 670158828818606 670158863258794
670158863260326 670158870026124 670158875063906 670158910129086 670158910129098 670158916576120 670158920684058 670158956231786
670158956233112 670158962665852 670158966653478 670159001838962 670159001838974 670159008608330 670159012862690 670159047315150
670159047316718 670159054085550 670159059259590 670159094631506 670159094631518 670159101209978 670159106052380 670159141361482
670159141362518 670159147801702 670159152209530 670159187591114 670159187591160 670159194219422 670159199225052 670159234066984
670159234067462 670159240489728 670159245418382 670159280901954 670159280901966 670159287508346 670159293539674 670159328393282
670159328393804 670159334938312 670159338664086 670159374078038 670159374078050 670159380622850 670159384644486 670159419401278
670159419401912 670159425959004 670159430895540 670159465718788 670159465718800 670159472170514 670159475907254 670159510770858

670155121783362 670155132544218 670155136533138 670155172099232 670155172099244 670155178980818 670155183954076 670155218484740
670155218490178 670155224075808 670155230433436 670155265040274 670155265040286 670155270341788 670155275858424 670155311197408
670155311201992 670155316542272 670155321415526 670155356806908 670155356806920 670155362151272 670155367040760 670155401603900
670155401608580 670155406928810 670155413051570 670155447569722 670155447569734 670155454380330 670155459709504 670155494240956
670155494245622 670155499575612 670155506252432 670155540745162 670155540745174 670155547587142 670155552751386 670155587215920
670155587220582 670155592543800 670155599308620 670155633948308 670155633948320 670155640759716 670155645849780 670155680413848
670155680417606 670155685738656 670155692409238 670155727061726 670155727061772 670155733865364 670155739977952 670155774637822
670155774642394 670155781420816 670155785012248 670155819655082 670155819655094 670155824941272 670155831086636 670155865615810
670155865620480 670155872431768 670155877309636 670155911980262 670155911980274 670155918673606 670155923319590 670155957938496

670150397726680 670150405076164 670150411744990 670150446380572 670150446380584 670150453500968 670150459853832 670150494474342
670150494477200 670150501545874 670150506507610 670150541229324 670150541229336 670150548294896 670150551860094 670150586543564
670150586549826 670150593690466 670150597266516 670150632425354 670150632425366 670150639230730 670150642716142 670150677504142
670150677508570 670150684315110 670150689228090 670150724113350 670150724113362 670150730752784 670150735704824 670150770614772
670150770619288 670150777310446 670150782230264 670150817151202 670150817151214 670150823810092 670150828748668 670150863727702
670150863732606 670150870415932 670150875332468 670150910279366 670150910279378 670150916960704 670150921896752 670150956845876
670150956850348 670150963533926 670150968437304 670151003218344 670151003218356 670151009911912 670151015803500 670151050653344
670151050657850 670151057339342 670151061378042 670151096204864 670151096204876 670151103086507 670151106902696 670151141711368
670151141715872 670151148484240 670151154287646 670151189077748 670151189077760 670151195883934 670151199461842 670151234293510

670159148015242 670159156908526 670159162951900 670159198498706 670159198498718 670159203914386 670159210015240 670159244827056
670159244832908 670159251548762 670159256408624 670159291813044 670159291813090 670159292812152 670159301672520 670159336159622
670159336164862 670159337105240 670159346985772 670159381769800 670159381769812 670159382674100 670159393134492 670159427861974
670159427863028 670159428739938 670159438507172 670159473215012 670159473215024 670159474120670 670159484244712 670159518953930
670159518961478 670159519851224 670159530579042 670159565267616 670159565267628 670159566163760 670159577525894 670159612243252
670159612250770 670159613146688 670159624305662 670159659089150 670159659089196 670159659992682 670159671360796 670159706081278
670159706088800 670159706980490 670159717193634 670159752018494 670159752018506 670159752912012 670159764360504 670159799760026
670159799766364 670159800666932 670159811567884 670159846314522 670159846314568 670159847228310 670159856733766 670159891493024
670159891496588 670159892396606 670159904399194 670159939109440 670159939109452 670159940006136 670159949509986 670159984270612

670153538940238 670153547808676 670153552178332 670153587071950 670153587071962 670153592314702 670153598465690 670153633715026
670153633723348 670153639118228 670153645406180 670153680240160 670153680240172 670153685555792 670153691671440 670153727025376
670153727031406 670153732445572 670153737311494 670153771883942 670153771883954 670153777662132 670153784488448 670153819709236
670153819711464 670153825537974 670153830499458 670153865305018 670153865305030 670153870650646 670153876730292 670153911459530
670153911465218 670153915384554 670153922004304 670153956863086 670153956863098 670153962209762 670153968301450 670154003914482
670154003920178 670154009260584 670154015726556 670154050590914 670154050590926 670154055946830 670154062025298 670154096810744
670154096815714 670154102170344 670154109220292 670154144011806 670154144011818 670154149427404 670154155783782 670154190569276
670154190574164 670154195907028 670154203009490 670154237865574 670154237865586 670154243271072 670154249348146 670154284172664
670154284178344 670154289544270 670154295823628 670154330692070 670154330692116 670154336038292 670154342102812 670154376901010

670153042562552 670153049688838 670153056023474 670153090521784 670153090521796 670153095901320 670153102652286 670153137170060
670153137178382 670153142749768 670153149183420 670153183664626 670153183664638 670153188998716 670153193932330 670153228413650
670153228418398 670153233773394 670153240483504 670153275012408 670153275012420 670153280406866 670153287071850 670153321605434
670153321609478 670153326961774 670153333343840 670153367847934 670153367847980 670153373229676 670153381054426 670153415522758
670153415526792 670153420935526 670153426437852 670153460860210 670153460860222 670153466124242 670153474027092 670153508448552
670153508456864 670153513830612 670153519350142 670153553815326 670153553815372 670153559170228 670153566955106 670153601444908
670153601448974 670153606851992 670153615399238 670153649835352 670153649835364 670153655241290 670153660603942 670153695809090
670153695813908 670153701117066 670153706559446 670153741020596 670153741020608 670153746373676 670153754167156 670153788645618
670153788650418 670153794002066 670153799290770 670153833751608 670153833751654 670153839122578 670153845815254 670153880543046

670151039670478 670151049930100 670151052670110 670151087603706 670151087603752 670151094326560 670151099166926 670151134778980
670151134785334 670151141524898 670151146404886 670151181226136 670151181226148 670151186671796 670151193156574 670151227961324
670151227965944 670151233319232 670151239445998 670151274314456 670151274314468 670151281141864 670151285465158 670151320342440
670151320347986 670151327163072 670151330837086 670151365701772 670151365701784 670151372363978 670151378511330 670151413402284
670151413407892 670151420239360 670151423858872 670151458688490 670151458688502 670151465352196 670151471470586 670151506338544
670151506343326 670151513153902 670151516780914 670151551642140 670151551642186 670151558281888 670151565054892 670151599922856
670151599928460 670151606750754 670151612858480 670151647726646 670151647726658 670151654515394 670151658156862 670151693642748
670151693648358 670151700348514 670151703986074 670151738834206 670151738834218 670151745492934 670151751618582 670151786444652
670151786450380 670151793267888 670151796793316 670151831622194 670151831622206 670151838437730 670151843260592 670151878092876

670151466638974 670151472220998 670151478921704 670151513589270 670151513589282 670151520714626 670151526075272 670151560722710
670151560732344 670151566411726 670151573047138 670151607927150 670151607927162 670151614734640 670151619272068 670151654759666
670151654764046 670151661530000 670151666288824 670151701627310 670151701627322 670151708749950 670151712320232 670151747026732
670151747028918 670151754106010 670151758149604 670151793117036 670151793117048 670151799906022 670151805401514 670151840926792
670151840933188 670151847691968 670151850771478 670151885721536 670151885721548 670151892478660 670151898360366 670151933316756
670151933325132 670151940121668 670151943637452 670151978589932 670151978589978 670151985378400 670151991301794 670152026199354
670152026205768 670152033007606 670152039744310 670152074660870 670152074662380 670152081457776 670152085068954 670152120618674
670152120625062 670152127369282 670152130844774 670152165746452 670152165746464 670152172538552 670152178507552 670152213419618
670152213427944 670152220219132 670152223661828 670152258519936 670152258519948 670152265300978 670152270111342 670152305018462

670151409860174 670151415435716 670151422445854 670151457275008 670151457275020 670151464021324 670151469225244 670151504030106
670151504036116 670151510766818 670151515591396 670151550401124 670151550401136 670151557161604 670151562131368 670151596914500
670151596919692 670151603671280 670151607682202 670151642584282 670151642584294 670151649308938 670151654206640 670151689042168
670151689048070 670151695750160 670151700657670 670151735541690 670151735541702 670151742291716 670151747115228 670151782248220
670151782253286 670151788992102 670151793428930 670151828290684 670151828290696 670151835138438 670151838704988 670151873788476
670151873789384 670151879091618 670151885345768 670151920887556 670151920887568 670151927612436 670151933756856 670151968535600
670151968541618 670151975400846 670151980256802 670152015089024 670152015089036 670152021911318 670152028301418 670152063061398
670152063067312 670152069791160 670152072380668 670152107231552 670152107231564 670152113983866 670152119681162 670152154488550
670152154494554 670152161235542 670152165079592 670152199927584 670152199927596 670152206785748 670152210256162 670152245094574

670149819276952 670149826958092 670149833083788 670149868012324 670149868012336 670149874724488 670149878453382 670149913377348
670149913378602 670149918599548 670149924787984 670149959610524 670149959610536 670149966615958 670149971501602 670150006376412
670150006382224 670150013328524 670150017259096 670150052132268 670150052132280 670150057432734 670150064318052 670150099164182
670150099169880 670150103090176 670150110125278 670150144937874 670150144937886 670150148878344 670150156458582 670150191259506
670150191265216 670150196645530 670150202728698 670150237600112 670150237600124 670150241538510 670150249239812 670150284087380
670150284092710 670150289455270 670150297150500 670150331980774 670150331980786 670150337364714 670150344805842 670150379627312
670150379633018 670150384909142 670150391354956 670150426197074 670150426197086 670150431514056 670150437768932 670150472677244
670150472682878 670150478056800 670150482711276 670150517608368 670150517608380 670150522895348 670150529334204 670150564139154
670150564144750 670150569510604 670150574352270 670150609208262 670150609208274 670150614563348 670150622213552 670150657078074

670148081775754 670148088258946 670148094222452 670148129086848 670148129086894 670148134718314 670148140707558 670148175565068
670148175571874 670148181207990 670148187383004 670148222185126 670148222185138 670148226168134 670148233323854 670148268159890
670148268161784 670148274903556 670148279815680 670148315376020 670148315376038 670148320704736 670148326134270 670148361106292
670148361112644 670148367776488 670148372713792 670148407594916 670148407594928 670148414280874 670148419100040 670148453966044
670148453971638 670148460683612 670148466809750 670148501669940 670148501669986 670148508492212 670148513410378 670148548234046
670148548239580 670148554853410 670148559771470 670148594668680 670148594668692 670148601333038 670148607430620 670148642245772
670148642251390 670148649017088 670148653953566 670148688805730 670148688805742 670148695471346 670148700388674 670148735198908
670148735204544 670148741880198 670148745355758 670148780255056 670148780255102 670148787042814 670148791904494 670148826752518
670148826761340 670148832095470 670148838290580 670148873120568 670148873120580 670148879896476 670148884769938 670148919590980

670156344151742 670156353008592 670156357039902 670156391920662 670156391920674 670156395963958 670156403247742 670156438166594
670156438172180 670156443370460 670156450325974 670156485180538 670156485180584 670156487575214 670156496289758 670156531773432
670156531778248 670156534182600 670156541953984 670156577145644 670156577145656 670156579589164 670156589189140 670156623966562
670156623971246 670156626426174 670156634740888 670156669553086 670156669553098 670156672003610 670156680344224 670156715201710
670156715206386 670156716224244 670156728905664 670156763793658 670156763793704 670156766262250 670156773756168 670156808653372
670156808657854 670156812357126 670156820537552 670156855425032 670156855425044 670156857877438 670156867649566 670156902453216
670156902458412 670156903469152 670156914296890 670156949066720 670156949066732 670156951517562 670156960740624 670156996129726
670156996135730 670156998625288 670157007797490 670157042572670 670157042572682 670157045019154 670157052965384 670157087724468
670157087729338 670157090187066 670157100627112 670157135348126 670157135348138 670157136378382 670157145739976 670157180501222

670152443682286 670152448369886 670152458422692 670152492323698 670152492323710 670152498068736 670152504446642 670152539032508
670152539041090 670152544745290 670152551110186 670152585298146 670152585298158 670152590699064 670152596680310 670152630867584
670152630875408 670152636214046 670152642396302 670152677095512 670152677095524 670152682505986 670152689712810 670152723864224
670152723872086 670152729271506 670152735433290 670152769699254 670152769699266 670152775097088 670152782851462 670152817113834
670152817120170 670152822513068 670152829138014 670152863274972 670152863274984 670152868672130 670152876680740 670152910846030
670152910854236 670152916262306 670152922961378 670152957135854 670152957135866 670152962481798 670152969370650 670153003486916
670153003511150 670153008861840 670153015037712 670153049147708 670153049147720 670153054530606 670153060695008 670153094761140
670153094768950 670153100174704 670153105876134 670153139993554 670153139993566 670153145347674 670153153597366 670153187695136
670153187703674 670153193135276 670153199290240 670153233327546 670153233327558 670153238717626 670153244106798 670153278089666

670148878123598 670148889160936 670148892691308 670148927457982 670148927457994 670148933921392 670148938804764 670148973522800
670148973528326 670148980465246 670148985459746 670149020566402 670149020566448 670149027364200 670149030994476 670149065707478
670149065712966 670149072603216 670149077562240 670149112972778 670149112972790 670149120211168 670149123993516 670149158755620
670149158762220 670149165852422 670149169686642 670149204315726 670149204315738 670149211093882 670149217205128 670149251844466
670149251845714 670149258628014 670149263494368 670149298152692 670149298152738 670149304956060 670149311031582 670149345653812
670149345658596 670149352429538 670149357304978 670149392039488 670149392039500 670149398850280 670149403714622 670149438375376
670149438381612 670149445146238 670149449166288 670149483923258 670149483923270 670149490674582 670149494746974 670149529515954
670149529522270 670149530417116 670149540713146 670149576027842 670149576027854 670149582992210 670149587939178 670149622664670
670149622674190 670149628040684 670149633342930 670149668128998 670149668129010 670149669151328 670149677975008 670149712761968

670146391885172 670146398570392 670146406831420 670146441807110 670146441807122 670146447143130 670146453181680 670146488178824
670146488186738 670146493461630 670146500256446 670146535254358 670146535254370 670146540570166 670146545747864 670146581420568
670146581428080 670146585268558 670146591386890 670146626223442 670146626223454 670146630178448 670146637635140 670146672373682
670146672378458 670146677742894 670146683372094 670146718302268 670146718302280 670146723657750 670146730850582 670146765754008
670146765761510 670146771178014 670146777127040 670146812346026 670146812346038 670146817695156 670146824676860 670146859566666
670146859574154 670146864985008 670146871106454 670146905977028 670146905977040 670146911370572 670146917371380 670146952263046
670146952270608 670146957624422 670146962495394 670146997371482 670146997371494 670147002799566 670147008747816 670147044212046
670147044219628 670147049700348 670147054822760 670147089726296 670147089726308 670147093645234 670147100167156 670147135078400
670147135083210 670147140486910 670147146621130 670147181402920 670147181402932 670147186847242 670147192851844 670147227655122

670156122412104 670156132483058 670156137185142 670156172080378 670156172080390 670156178728996 670156183535598 670156219116358
670156219123256 670156225766934 670156230608502 670156265905068 670156265905080 670156272968240 670156275174568 670156309746574
670156309752826 670156316816378 670156321586068 670156356706302 670156356706314 670156363465770 670156367251862 670156402022862
670156402026788 670156408790738 670156414046382 670156448968324 670156448968336 670156455696726 670156459997402 670156494887230
670156494891082 670156501642570 670156507431346 670156542377710 670156542377722 670156549106928 670156554017698 670156588953342
670156588960780 670156595739088 670156601297312 670156636193018 670156636193064 670156642930346 670156646390996 670156681273462
670156681277396 670156688096070 670156693648634 670156728459304 670156728459316 670156735179278 670156739305478 670156774519238
670156774523150 670156781294512 670156785047032 670156819872670 670156819872682 670156826621046 670156830136424 670156864989260
670156864993122 670156871735222 670156877902524 670156912763952 670156912763998 670156919502938 670156922947508 670156957768262
