16 357
670300706708956 670300724396796 670300765117366 670300812495580 670300724396864 670300743241032 670300812504650 670300860548252
670300765115054 670300771788772 670300860557866 670300907953270 670300812503490 670300822147530 670300907961172 670300955722602
670300860557352 670300866043924 670300955733772 670301002825814 670300907960616 670300913351162 670301002834338 670301050495518
670300955733248 670300963118920 670301050504196 670301097637360 670301002833710 670301008295274 670301097645166 670301144822150
670301050503346 670301056635352 670301144830324 670301184958312 670301097644632 670301107216952 670301184966198 670301225812270
670301144829548 670301150145318 670301225823102 670301266006850 670301184965902 670301190493960 670301266015476 670301306689266
670301225822190 670301231056782 670301306700154 670301346893352 670301266014950 670301271464646 670301346901234 670301387825334
670301306699142 670301311978466 670301387833790 670301427999728 670301346900496 670301352318828 670301428007814 670301468668956
670301387833030 670301393892202 670301468678894 670301508536514 670301428007042 670301433455974 670301508545970 670301548294986

670297152377778 670297171974466 670297210142480 670297250207612 670297171974500 670297190281698 670297250215384 670297291176316
670297210141360 670297215186946 670297291185506 670297331632770 670297250214858 670297255975876 670297331639188 670297372121932
670297291185626 670297296385608 670297372409780 670297412839922 670297331639384 670297338738440 670297412846686 670297453695374
670297372409100 670297379923568 670297462590894 670297503074886 670297412846448 670297422202000 670297503081348 670297543995530
670297462590302 670297467952018 670297560495804 670297601002340 670297503081354 670297520893094 670297601009412 670297641899106
670297560495154 670297565812058 670297653826638 670297694277246 670297601009480 670297621535038 670297694283856 670297735633682
670297653825286 670297659843230 670297737236474 670297777585594 670297694283324 670297707868162 670297777591814 670297818351534
670297737236162 670297743327890 670297840931056 670297881256602 670297777591540 670297797340676 670297881263478 670297922207354
670297840930854 670297847535054 670297924066286 670297964155316 670297881262884 670297894939682 670297964160568 670298003827466

670292424394814 670292443559910 670292491175800 670292538354110 670292443560006 670292462933844 670292538360960 670292586148308
670292491173614 670292496484866 670292586157702 670292633472994 670292538360508 670292543755994 670292633482666 670292681463414
670292586157178 670292593128718 670292681472662 670292723450968 670292633481258 670292643459442 670292723460340 670292764025952
670292681472408 670292686786234 670292764034816 670292804219284 670292723459200 670292733396544 670292804227262 670292844726828
670292764034474 670292769294716 670292854812060 670292894934612 670292804226526 670292814918568 670292894941246 670292935734236
670292854811286 670292860242900 670292935745700 670292976054428 670292894941818 670292905179962 670292976063280 670293016679076
670292935745134 670292941051230 670293033893054 670293074443688 670292976062710 670292981214970 670293074451000 670293114891880
670293033892458 670293039303886 670293119278084 670293159645180 670293074450180 670293079714648 670293159652712 670293200212058
670293119277566 670293124527072 670293207840878 670293247997736 670293159651954 670293164889260 670293248006686 670293287686784

670301174947297 670301194907364 670301242703878 670301283107256 670301194907432 670301214171486 670301283115360 670301324254704
670301242701910 670301248684482 670301324264594 670301364446178 670301283114856 670301292922006 670301364453122 670301405423930
670301324264378 670301329618240 670301405434294 670301445699602 670301364453516 670301370028770 670301445707894 670301486430546
670301405434146 670301410687500 670301495458516 670301535921556 670301445708242 670301451442454 670301535932818 670301576335042
670301495457380 670301500761852 670301591194678 670301631433186 670301535933098 670301541124194 670301631440080 670301672170538
670301591193922 670301596307296 670301677873652 670301718012168 670301631439968 670301637002000 670301718018604 670301758621140
670301677872230 670301683035836 670301777502754 670301817749728 670301718017956 670301723479556 670301817757332 670301858331574
670301777502248 670301782537254 670301859002038 670301899447096 670301817756170 670301822864334 670301899454412 670301940250368
670301859001546 670301864114440 670301940257688 670301979927530 670301899452806 670301904920092 670301979933552 670302019466882

670295566312364 670295577529368 670295622445776 670295669839562 670295577529668 670295596531734 670295669847136 670295717869230
670295622443716 670295627766438 670295717877980 670295765161958 670295669846824 670295675276982 670295765171428 670295812675208
670295717877484 670295724079202 670295812682992 670295858154108 670295765171128 670295770273182 670295858164292 670295899172810
670295812682842 670295818818832 670295899181594 670295939289190 670295858163092 670295867613728 670295939298426 670295980089070
670295899181574 670295904695238 670295985304206 670296025546994 670295939298164 670295944631462 670296025554338 670296066262566
670295985303724 670295990629186 670296083097658 670296123211314 670296025554224 670296031045044 670296123218082 670296164027156
670296083096640 670296088618896 670296182896586 670296223137118 670296123217616 670296128504598 670296223144306 670296263925664
670296182896164 670296188107366 670296270805642 670296310930236 670296223144020 670296228719512 670296310937124 670296351600788
670296270805052 670296276349402 670296362412626 670296402400226 670296310936978 670296316341346 670296402408542 670296442491272

670295067993602 670295086873642 670295132723244 670295179094906 670295086873736 670295105368738 670295179104242 670295226090434
670295132721100 670295137882556 670295226099682 670295272763450 670295179103858 670295193750438 670295272772852 670295319413420
670295226098900 670295232046974 670295319424470 670295365991854 670295272772600 670295278009112 670295366001098 670295413156642
670295319424648 670295324675380 670295413166208 670295459622844 670295366001146 670295375439154 670295459630824 670295506673220
670295413165958 670295418293366 670295506690528 670295553121428 670295459630598 670295469187318 670295553131436 670295600277330
670295506689934 670295513379606 670295600285244 670295646718546 670295553130936 670295566688512 670295646727266 670295693678330
670295600284728 670295605369530 670295693687750 670295740261390 670295646725928 670295653012088 670295740269608 670295787440656
670295693686902 670295699596434 670295787454924 670295833862416 670295740269248 670295753920014 670295833871042 670295875759314
670295787454358 670295794173102 670295875767862 670295914885592 670295833870068 670295839290568 670295914893772 670295953734242

670293067987904 670293087976812 670293131050944 670293178415558 670293087977086 670293107779926 670293178424034 670293226406050
670293131049420 670293137755232 670293226415348 670293273636860 670293178423482 670293183890496 670293273646238 670293321648076
670293226415108 670293231976108 670293321656010 670293368973238 670293273646396 670293288057260 670293368983696 670293416545998
670293321656042 670293326725772 670293416553278 670293463818360 670293368983736 670293374334830 670293463825238 670293511537294
670293416552938 670293423679198 670293511545594 670293558776106 670293463825070 670293484188626 670293558783802 670293606670444
670293511545368 670293516794556 670293606680662 670293653911778 670293558783462 670293565194626 670293653918590 670293701740438
670293606680042 670293612733990 670293701748970 670293749054878 670293653917772 670293668427338 670293749062082 670293796751910
670293701748406 670293707268702 670293796762324 670293839503068 670293749061512 670293758837320 670293839511004 670293880163934
670293796761612 670293801745122 670293880173926 670293919884868 670293839510020 670293845066652 670293919893314 670293959544270

670293494074142 670293510392808 670293553782798 670293600708176 670293510392876 670293530024884 670293600716684 670293648270504
670293553781470 670293559008294 670293648282720 670293695418336 670293600715350 670293606106190 670293695424936 670293743081480
670293648282874 670293653642914 670293743090680 670293790059888 670293695424566 670293700498978 670293790071864 670293837670710
670293743090292 670293748441716 670293837679634 670293884936490 670293790071490 670293797022490 670293884944408 670293932195168
670293837679534 670293843029504 670293932202934 670293979510378 670293884944602 670293889935060 670293979518492 670294026971024
670293932202670 670293940428220 670294026979314 670294073890332 670293979518356 670293989080246 670294073896168 670294118483570
670294026978638 670294032003648 670294118491728 670294158807834 670294073895596 670294088092694 670294158814888 670294199876146
670294118491320 670294123873300 670294199884386 670294240055226 670294158814260 670294172760892 670294240062014 670294281089702
670294199884080 670294205259124 670294281097980 670294320681316 670294240061574 670294245529686 670294320691504 670294360460674

670293434778433 670293449346220 670293495869802 670293543165440 670293449346520 670293469159838 670293543175328 670293591124026
670293495867874 670293518944010 670293591133416 670293638349360 670293543174578 670293562784422 670293638357286 670293686223062
670293591133464 670293599027168 670293686231704 670293733526340 670293638356744 670293656040066 670293733534996 670293781398060
670293686231270 670293691400434 670293781405332 670293828874910 670293733534122 670293752869596 670293828885222 670293876248898
670293781404882 670293788252266 670293876255508 670293923630586 670293828884670 670293833688754 670293923640487 670293971432086
670293876254826 670293881570316 670293971439448 670294018707622 670293923639876 670293940087784 670294018716178 670294066597136
670293971438722 670293977576414 670294066604778 670294113800456 670294018715264 670294038981306 670294113808972 670294161662506
670294066603954 670294071863170 670294161673110 670294208890584 670294113807932 670294134278598 670294208898256 670294256726454
670294161672518 670294168033538 670294256737782 670294303303058 670294208897876 670294225750138 670294303313972 670294349820982

670291848046852 670291859004936 670291903547618 670291950555416 670291859004970 670291878065738 670291950562406 670291998398994
670291903546354 670291909245668 670291998408472 670292045724558 670291950561686 670291956055668 670292045733774 670292093125742
670291998408398 670292003723208 670292093135196 670292140289516 670292045734264 670292050845110 670292140299162 670292187963724
670292093134954 670292098064986 670292187972578 670292234970660 670292140298860 670292145810842 670292234977016 670292282745404
670292187972722 670292193138830 670292282754976 670292329907692 670292234977004 670292240505846 670292329914854 670292377674586
670292282755046 670292288086894 670292377684582 670292424896660 670292329914654 670292339493584 670292424903910 670292472908338
670292377684120 670292382891702 670292472918030 670292520087862 670292424903350 670292430293772 670292520097606 670292567829672
670292472917686 670292478225310 670292567838710 670292614967428 670292520097180 670292525612590 670292614973304 670292662799414
670292567838296 670292573180216 670292662809336 670292709348292 670292614972734 670292620463632 670292709354298 670292750185640

670290113339834 670290124845870 670290169227844 670290215602802 670290124846102 670290143961314 670290215612156 670290262627318
670290169226922 670290175463426 670290262636824 670290309097458 670290215610956 670290220956526 670290309105020 670290355765970
670290262636598 670290267896876 670290355774102 670290402114486 670290309105030 670290314142758 670290402121522 670290449064696
670290355773374 670290360753296 670290449073426 670290495421140 670290402120690 670290407476270 670290495428546 670290542362758
670290449073008 670290454096974 670290542372430 670290588754972 670290495428234 670290500804454 670290588762176 670290635587362
670290542372222 670290547646412 670290635595770 670290681980598 670290588762382 670290594200456 670290681988406 670290729001408
670290635595274 670290641715640 670290729009530 670290775361680 670290681987756 670290687385274 670290775368260 670290822358044
670290729008962 670290735004452 670290822366016 670290868783710 670290775367290 670290780797640 670290868790682 670290915768736
670290822365512 670290828511122 670290915778658 670290961447136 670290868790160 670290874144626 670290961456464 670291007078244

670298370029209 670298385131196 670298433464508 670298480839100 670298385131228 670298404749080 670298480848068 670298528922124
670298433462512 670298440064260 670298528931100 670298576416948 670298480848162 670298490848994 670298576425008 670298618748702
670298528930794 670298534343858 670298618762406 670298658985722 670298576424756 670298586605710 670298658993790 670298699654268
670298618762102 670298623957584 670298704658314 670298744765096 670298658993730 670298664221648 670298744771930 670298785410558
670298704657418 670298710791612 670298785422728 670298825599270 670298744771950 670298754734258 670298825606890 670298866189438
670298785422262 670298790796408 670298884714248 670298924932740 670298825607042 670298835536520 670298924945068 670298965641750
670298884713238 670298890240230 670298982332706 670299022538090 670298924944390 670298935666454 670299022545568 670299063242628
670298982331894 670298987683636 670299083186206 670299123904552 670299022544652 670299033181322 670299123915590 670299164733332
670299083184708 670299088520862 670299173862038 670299213980040 670299123914574 670299133448970 670299213987516 670299253868160

670294472984748 670294490413692 670294532220226 670294578676850 670294490413938 670294509727936 670294578684816 670294625854154
670294532218354 670294537259148 670294625864618 670294672772086 670294578684708 670294583917836 670294672779444 670294719968446
670294625863920 670294631563102 670294719978436 670294763231082 670294672778522 670294678195360 670294763239798 670294803422568
670294719978070 670294725108624 670294803432892 670294842882456 670294763239000 670294768689900 670294842891042 670294882856120
670294803432384 670294808915254 670294882865568 670294922225114 670294842890684 670294848394158 670294922230204 670294961890424
670294882865052 670294888115906 670294982670444 670295022289270 670294922230258 670294927787186 670295022296848 670295062102602
670294982669582 670294987925664 670295080144562 670295119765326 670295022296298 670295027449538 670295119770838 670295159456942
670295080143300 670295085408078 670295175304034 670295215013382 670295119770242 670295124908362 670295215021206 670295255193930
670295175303026 670295180516808 670295266907888 670295306055854 670295215020170 670295220420462 670295306066168 670295345054602

670290905053444 670290917058314 670290963827794 670291011098896 670290917058384 670290937135606 670291011106188 670291058912362
670290963826156 670290969131226 670291058922254 670291100414314 670291011105802 670291016595762 670291100427330 670291140894198
670291058921884 670291064184908 670291140901054 670291181284374 670291100426364 670291105792122 670291181291898 670291222104274
670291140901054 670291146163164 670291227802536 670291267964758 670291181290978 670291186831444 670291267970902 670291308668036
670291227801708 670291233232574 670291312483388 670291352711550 670291267970460 670291273502862 670291352718024 670291393192846
670291312482454 670291318099298 670291409055418 670291449562564 670291352717454 670291358199004 670291449570044 670291489925098
670291409054810 670291414355912 670291501848818 670291541954740 670291449568826 670291454952816 670291541961694 670291582494120
670291501848458 670291507366960 670291596260418 670291636581220 670291541960726 670291547355584 670291636587668 670291677543202
670291596259918 670291601416640 670291689196660 670291728992148 670291636586516 670291642152466 670291729000902 670291768783820

670288422626810 670288437424750 670288484342838 670288530967646 670288437425014 670288456582432 670288530977408 670288577925472
670288484341834 670288489623900 670288577934064 670288624703018 670288530975610 670288547784144 670288624716172 670288671588862
670288577933712 670288583140172 670288671596748 670288718023282 670288624716224 670288629967096 670288718031992 670288764937586
670288671596416 670288676643768 670288764946508 670288811080626 670288718031906 670288731940042 670288811088748 670288857980116
670288764946314 670288771147008 670288857988906 670288904107430 670288811089168 670288820597680 670288904115186 670288950896750
670288857988774 670288864216376 670288950904648 670288997191926 670288904115544 670288909486142 670288997199858 670289044167210
670288950904144 670288956214038 670289044175094 670289090544426 670288997199314 670289006979792 670289090552302 670289137636530
670289044174630 670289050255734 670289137644436 670289184284186 670289090552034 670289101400664 670289184292239 670289231398396
670289137643866 670289144504504 670289231405984 670289277437296 670289184292081 670289190488846 670289277445242 670289323263134

670298152098624 670298172513706 670298216074664 670298260811512 670298172513742 670298191862424 670298260820568 670298301568400
670298216072376 670298222866236 670298301577236 670298341394766 670298260819914 670298270567818 670298341403084 670298382017392
670298301576594 670298306838966 670298382025790 670298421797598 670298341402464 670298351581846 670298421805764 670298462357074
670298382025568 670298387409938 670298471370618 670298511010346 670298421805076 670298432300868 670298511018552 670298551069858
670298471369556 670298476593512 670298555935722 670298595732374 670298511018104 670298516143664 670298595741526 670298636182132
670298555934574 670298561435568 670298647895524 670298687624992 670298595740992 670298601026280 670298687632516 670298727944978
670298647894386 670298653150652 670298745441128 670298785484524 670298687631346 670298702006730 670298785492876 670298825933858
670298745440354 670298750709042 670298839870820 670298879741780 670298785491686 670298795896142 670298879750414 670298920113644
670298839869442 670298844924972 670298925628692 670298965450716 670298879750152 670298889093276 670298965464036 670299004871300
