16 3351
670831688057754 670831696555240 670831707886946 670832186389834 670832186389846 670832194162449 670832205591575 670832675205562
670832675206928 670832682724678 670832688936922 670833137091386 670833137091398 670833144582948 670833162865696 670833610322912
670833610324264 670833617549582 670833660165640 670834107607218 670834107607230 670834115378200 670834155572116 670834603928130
670834603929466 670834611695954 670834659501414 670835106786546 670835106786592 670835112033734 670835142624006 670835590096244
670835590097066 670835595347290 670835622443492 670836068985892 670836068985904 670836076910962 670836126372022 670836573014616
670836573016492 670836580936414 670836613914272 670837062140432 670837062140444 670837070079982 670837102378638 670837550704336
670837550705504 670837558637184 670837593764388 670838041936008 670838041936054 670838049298110 670838060306354 670838507479176
670838507480004 670838515002640 670838532196010 670838978920096 670838978920108 670838986299018 670838999878646 670839446763528
670839446764578 670839454160914 670839469202552 670839916318626 670839916318638 670839923690460 670839937717252 670840383751398

670828133135876 670828145938224 670828152907062 670828625514834 670828625514846 670828636032548 670828645120476 670829096406228
670829096411722 670829101081162 670829133472570 670829581456432 670829581456444 670829589072244 670829597879914 670830045658934
670830045668188 670830053507296 670830070456526 670830516529134 670830516529146 670830521962296 670830577749294 670831024024114
670831024029580 670831031389462 670831085158832 670831531659714 670831531659726 670831538993794 670831608260412 670832053651950
670832053657456 670832060986566 670832106921574 670832554617906 670832554617952 670832562819286 670832598126058 670833046165022
670833046174306 670833051925566 670833086897178 670833533392978 670833533392990 670833540779792 670833577859830 670834024739714
670834024745956 670834032056644 670834044226696 670834491311190 670834491311202 670834498660470 670834515833968 670834963177938
670834963184240 670834970495626 670834984455696 670835430848220 670835430848232 670835438199254 670835452757331 670835900214056
670835900215648 670835907505820 670835922763826 670836368669054 670836368669066 670836376002816 670836390690558 670836837534990

670823407110052 670823418871392 670823426938248 670823874069936 670823874069948 670823885206826 670823915576652 670824362324764
670824362330396 670824373629498 670824380028066 670824827155908 670824827155920 670824838710016 670824868547248 670825315952676
670825315956410 670825327192384 670825343887162 670825791501122 670825791501134 670825802927654 670825830408460 670826277854826
670826277860974 670826289544940 670826330513038 670826775861106 670826775861118 670826787226920 670826844212278 670827288672394
670827288681032 670827298267684 670827345986410 670827791321918 670827791321964 670827794604308 670827845209938 670828290453274
670828290462504 670828293709780 670828337333670 670828785748072 670828785748118 670828789188476 670828826617060 670829274754368
670829274763532 670829278178156 670829317608318 670829763473688 670829763473700 670829766876370 670829784350138 670830229625274
670830229634422 670830233038070 670830253830562 670830698986670 670830698986682 670830702283958 670830723924790 670831169603704
670831169609864 670831172864190 670831190821170 670831637460074 670831637460086 670831640713742 670831661145844 670832107598242

670832157670384 670832164255994 670832176536539 670832642534514 670832642534560 670832646582168 670832669089730 670833117142116
670833117148910 670833123325242 670833157422806 670833603978608 670833603978620 670833610132368 670833633612596 670834079343026
670834079350430 670834082848400 670834120236988 670834565070072 670834565070084 670834570440114 670834618760664 670835064633862
670835064639904 670835069982678 670835133664158 670835581474028 670835581474040 670835586887876 670835622988652 670836070798110
670836070804186 670836076126552 670836106171150 670836553061754 670836553061766 670836558448228 670836591845870 670837040083270
670837040088480 670837043415020 670837077547000 670837524261024 670837524261070 670837527603058 670837548618816 670837997137438
670837997143476 670838000816058 670838034829950 670838479248896 670838479248908 670838484961298 670838526084878 670838971476134
670838971482170 670838977121456 670838992743088 670839438203364 670839438203376 670839443859634 670839459466156 670839906936798
670839906942830 670839916716426 670839929866802 670840376010360 670840376010372 670840383994430 670840397904024 670840845972510

670826544947674 670826559349290 670826568724782 670827017643402 670827017643414 670827030237382 670827054767576 670827504485810
670827504491820 670827509502260 670827556337590 670828001577708 670828001577720 670828014114808 670828056730898 670828503671414
670828503678904 670828509205440 670828555484636 670829002302422 670829002302434 670829005814118 670829053806766 670829502832572
670829502839138 670829506358276 670829538662780 670829984023962 670829984023974 670829987368676 670830022432128 670830469283260
670830469289106 670830472599206 670830520514594 670830966681270 670830966681282 670830970159108 670831011860956 670831459480142
670831459486802 670831463003718 670831500534590 670831949417604 670831949417616 670831952751562 670831991489870 670832438595654
670832438603156 670832441922032 670832457847134 670832905174410 670832905174422 670832908667656 670832929186046 670833375391130
670833375395632 670833378876534 670833397795166 670833843487892 670833843487904 670833846776056 670833866333050 670834313289032
670834313294854 670834316688838 670834336378070 670834783111866 670834783111878 670834786442570 670834804302566 670835251970782

670826049979522 670826065266868 670826073724102 670826526717760 670826526717772 670826539072018 670826558879906 670827009199698
670827009204860 670827020993246 670827026206504 670827477814638 670827477814650 670827490053978 670827524591562 670827972764976
670827972771538 670827984742852 670828026923774 670828480243992 670828480244004 670828491921226 670828523604716 670828985799870
670828985805128 670828998716553 670829020062948 670829510050720 670829510050732 670829522454624 670829527790988 670830008577326
670830008583358 670830021033728 670830026302260 670830500149082 670830500149128 670830512350120 670830517656896 670830988838570
670830988842062 670831001022338 670831006316536 670831479395378 670831479395390 670831491994452 670831497291956 670831946332928
670831946339486 670831958413342 670831963739048 670832417638986 670832417639032 670832429717736 670832434959942 670832886258432
670832886264462 670832898336642 670832903577422 670833354224644 670833354224690 670833366874784 670833372235506 670833824201540
670833824208800 670833836853778 670833842167576 670834292679384 670834292679396 670834304802438 670834310095584 670834762911644

670824047713608 670824061304108 670824070812052 670824519543130 670824519543142 670824531928350 670824542834126 670824992774610
670824992781314 670825005096882 670825028979032 670825477764518 670825477764564 670825490267748 670825519135764 670825969417394
670825969424368 670825981965236 670826006785148 670826454820658 670826454820670 670826467295352 670826506189792 670826955126702
670826955132758 670826967609496 670827001435446 670827448044976 670827448044988 670827459819892 670827524579622 670827972715864
670827972722734 670827984149196 670828024313714 670828471827434 670828471827446 670828483266410 670828515666188 670828964017364
670828964023252 670828975363614 670829004328986 670829452296282 670829452296294 670829464406984 670829495298596 670829943364520
670829943372046 670829955487780 670829961459394 670830410451740 670830410451752 670830422284738 670830432966404 670830880383706
670830880389784 670830891726818 670830901586822 670831350737352 670831350737364 670831362043690 670831369978214 670831817569736
670831817575858 670831828951420 670831840177380 670832287963808 670832287963820 670832299253558 670832308112302 670832753964324

670824472725366 670824481942464 670824493505294 670824936717396 670824936717408 670824946483826 670824989011696 670825432433920
670825432440928 670825443888476 670825484693112 670825924183992 670825924184004 670825934948420 670825972198578 670826411704894
670826411710894 670826422320664 670826472033646 670826913779138 670826913779150 670826925018322 670826966933762 670827409204184
670827409212688 670827420486690 670827448692294 670827890838000 670827890838012 670827901475028 670827924645526 670828366165662
670828366173860 670828377309390 670828413248042 670828854682150 670828854682162 670828865575956 670828912735066 670829354200272
670829354208424 670829365077126 670829404830276 670829847733986 670829847734032 670829858889604 670829893839648 670830335972562
670830335978618 670830347231010 670830384821708 670830827100928 670830827100940 670830838634922 670830851550096 670831293810818
670831293821014 670831305330374 670831321028610 670831761235472 670831761235484 670831771986682 670831791397336 670832231901524
670832231902992 670832242630968 670832258296522 670832699923680 670832699923692 670832710705838 670832728615364 670833170106294

670824417643936 670824426139468 670824436840752 670824885653318 670824885653330 670824896020264 670824935882194 670825414199530
670825414204388 670825424561244 670825432695988 670825916771293 670825916771311 670825926497678 670825931927506 670826415610973
670826415614818 670826425340118 670826430726282 670826913128932 670826913128944 670826923540684 670826928895512 670827398938014
670827398947898 670827408951986 670827414056390 670827860915912 670827860915958 670827870241258 670827877271028 670828324043298
670828324051926 670828333251932 670828357563744 670828805031738 670828805031750 670828813061900 670828854234160 670829302116390
670829302126264 670829312116392 670829345946148 670829792232896 670829792232908 670829801578644 670829832847192 670830278867199
670830278867782 670830288200982 670830324281120 670830771161732 670830771161744 670830781175764 670830789068360 670831235945858
670831235955790 670831245962168 670831261530370 670831706841114 670831706841160 670831716024774 670831729412816 670832174616162
670832174620680 670832183877816 670832199586334 670832647074194 670832647074206 670832655098552 670832671412566 670833118112998

670822827641394 670822839788336 670822847169822 670823295828086 670823295828098 670823307754954 670823320967686 670823769100234
670823769108860 670823780930824 670823838520104 670824286534646 670824286534658 670824298429026 670824341121046 670824789900980
670824789910494 670824801658752 670824839930422 670825287502820 670825287502832 670825298516720 670825338095716 670825783892246
670825783897244 670825794905180 670825823243548 670826270049876 670826270049922 670826281122312 670826305545076 670826751872830
670826751877298 670826762716366 670826801619128 670827248417598 670827248417610 670827259307068 670827292972982 670827740204542
670827740210644 670827751055138 670827781644640 670828227878120 670828227878132 670828238734782 670828272605382 670828719366368
670828719372412 670828730165146 670828738889168 670829183223120 670829183223132 670829192584376 670829210024006 670829654362042
670829654367356 670829665328756 670829678625368 670830124518392 670830124518404 670830135366602 670830147452500 670830594074220
670830594079848 670830605568942 670830617498596 670831063805388 670831063805400 670831075250840 670831085428904 670831531926980

670821091082050 670821100845112 670821110536034 670821558784750 670821558784762 670821568953502 670821610192992 670822059649964
670822059660462 670822069568020 670822105106504 670822550571802 670822550571848 670822559906416 670822592543072 670823038238416
670823038244506 670823047538826 670823092383150 670823537616038 670823537616050 670823546949156 670823587293476 670824031824438
670824031830988 670824041177864 670824068795830 670824516567158 670824516567170 670824525891296 670824548555820 670824995461718
670824995468466 670825004515396 670825031921086 670825479148248 670825479148260 670825489029404 670825529455648 670825977514162
670825977524006 670825987252398 670826021582722 670826468864198 670826468864210 670826477945236 670826510314422 670826957945014
670826957952438 670826967297972 670827001279870 670827446304808 670827446304820 670827455545590 670827468038290 670827912950284
670827912957760 670827922124840 670827937514484 670828383350084 670828383350096 670828392640940 670828408168320 670828855241990
670828855245968 670828864536920 670828875060344 670829321399874 670829321405692 670829330734846 670829345391006 670829792579508

670829355222064 670829365143084 670829373483848 670829858431846 670829858431892 670829868721900 670829874108952 670830353750978
670830353756242 670830363761296 670830370129714 670830845635282 670830845635294 670830852053400 670830869530868 670831345539176
670831345544580 670831351948376 670831368341673 670831841240348 670831841240360 670831847059226 670831866511655 670832323151324
670832323157264 670832328811126 670832351669162 670832799157344 670832799157356 670832804807552 670832822454276 670833269943594
670833269949462 670833275581042 670833304009518 670833749778264 670833749778276 670833753087496 670833789134060 670834236105248
670834236110714 670834239432406 670834274815012 670834722666350 670834722666362 670834728012030 670834746454076 670835194833822
670835194839748 670835200514754 670835235252590 670835680540704 670835680540750 670835685856938 670835723905142 670836169994766
670836170000696 670836175697078 670836190573712 670836636327544 670836636327590 670836641970474 670836660290224 670837107749402
670837107755342 670837113399880 670837133512954 670837580852462 670837580852474 670837586187518 670837600274316 670838048424022

670825452434476 670825463606779 670825471340134 670825953757732 670825953757744 670825964765078 670825969934022 670826425016112
670826425023938 670826435522220 670826463889828 670826912891754 670826912891766 670826923026974 670826963882634 670827412253830
670827412260104 670827420325896 670827462640194 670827910104650 670827910104662 670827917665340 670827961147236 670828409962228
670828409969514 670828421459454 670828446520834 670828893413552 670828893413598 670828904669058 670828920595520 670829368066914
670829368073238 670829379446406 670829403105778 670829851714998 670829851715010 670829864050852 670829888412742 670830335882888
670830335890272 670830348189738 670830374206636 670830823004484 670830823004496 670830834520038 670830845468584 670831292563106
670831292569050 670831304127472 670831327197220 670831775299982 670831775299994 670831787851806 670831818974974 670832266663966
670832266671336 670832279188564 670832286169572 670832733413362 670832733413408 670832745172114 670832754639736 670833203236676
670833203242918 670833214866174 670833223474830 670833669875388 670833669875400 670833681683010 670833693985168 670834142464728

670821885460790 670821894333770 670821904633448 670822352379084 670822352379096 670822360305824 670822401717520 670822848507742
670822848513712 670822853850162 670822872217966 670823320949566 670823320949578 670823326722502 670823359880862 670823808521746
670823808528398 670823816816202 670823861943660 670824307610688 670824307610700 670824315295186 670824358622462 670824803647978
670824803653270 670824809032314 670824858327894 670825304340212 670825304340224 670825309763512 670825341459772 670825786586912
670825786592416 670825791871952 670825822747512 670826269789442 670826269789488 670826278501788 670826319352702 670826766666374
670826766675846 670826772408304 670826811076256 670827257967170 670827257967216 670827263478440 670827298845376 670827746971006
670827746976950 670827752406574 670827790248896 670828234527008 670828234527020 670828240063836 670828254611070 670828699731402
670828699737430 670828707361476 670828726772960 670829171942464 670829171942476 670829179572748 670829195415168 670829641304230
670829641310184 670829646927640 670829665582608 670830112605106 670830112605118 670830118074488 670830136690506 670830583358642

670819399446424 670819410677798 670819418875758 670819868526080 670819868526092 670819880848482 670819886101156 670820335732112
670820335738484 670820347994598 670820381632244 670820827977760 670820827977772 670820839517512 670820875396256 670821320391456
670821320393498 670821331886276 670821363872568 670821809107646 670821809107658 670821820402038 670821862414062 670822309044962
670822309050618 670822320519936 670822377304676 670822822666842 670822822666854 670822834259416 670822866628122 670823312864568
670823312871144 670823324315412 670823350940778 670823796691994 670823796692006 670823808746834 670823836345526 670824282915670
670824282922742 670824295135676 670824322135428 670824769434274 670824769434320 670824780856038 670824793251810 670825238842374
670825238848102 670825250032666 670825277962294 670825726963604 670825726963616 670825736323502 670825767957052 670826214987018
670826214993056 670826226189678 670826234414464 670826682671720 670826682671766 670826692269350 670826704919058 670827151578356
670827151584330 670827161004542 670827176301850 670827623690420 670827623690432 670827635112848 670827642855048 670828089664702

670829131039906 670829141420794 670829149638204 670829599776948 670829599776960 670829611736130 670829648306800 670830097254098
670830097264150 670830109201220 670830143239846 670830591440164 670830591440176 670830602986922 670830630770784 670831079648562
670831079658896 670831091205070 670831130610904 670831578267034 670831578267046 670831589738466 670831625524534 670832090412112
670832090417918 670832102512914 670832109773386 670832584110278 670832584110296 670832593736558 670832598958272 670833067697546
670833067705720 670833077279940 670833082277604 670833550936328 670833550936340 670833562688544 670833567649860 670834036737180
670834036745600 670834048257430 670834053440174 670834506120504 670834506120516 670834518027510 670834524753258 670834973732314
670834973739208 670834985797560 670834992536594 670835437643378 670835437643390 670835449003992 670835471601244 670835916268332
670835916274160 670835927592892 670835963318544 670836409380292 670836409380304 670836420373728 670836428973160 670836874738960
670836874744582 670836885998822 670836898654538 670837345076502 670837345076514 670837356209278 670837371799518 670837818401598
