16 49
669961186550986 669961188225706 669961192863694 669961197740704 669961188225798 669961188598686 669961197746786 669961202722390
669961192862738 669961193219812 669961204725046 669961209671484 669961197746298 669961202953130 669961209676672 669961214686900
669961204724596 669961205084884 669961214693070 669961219649562 669961209676398 669961211253110 669961219655534 669961224684020
669961214692306 669961215004444 669961224690744 669961229698464 669961219654892 669961222443016 669961229704410 669961234749536
669961224690286 669961225014872 669961234755800 669961239741008 669961229703356 669961231304326 669961239747166 669961244816974
669961234755600 669961235107938 669961244823690 669961249799610 669961239746510 669961241378660 669961249804714 669961254899632
669961244823258 669961245168084 669961254906844 669961259919648 669961249804332 669961251445304 669961264308238 669961269315946
669961254906346 669961255216316 669961269321780 669961274369150 669961264307464 669961265841362 669961275141250 669961280122976
669961269321316 669961269682432 669961280129322 669961285157306 669961275140052 669961275447074 669961285164038 669961290093646

669957632052484 669957633755152 669957639648250 669957643774128 669957633755238 669957635470850 669957643781002 669957648009122
669957639647050 669957639962100 669957652042122 669957656317784 669957643780168 669957646762450 669957656323292 669957660584210
669957652041512 669957653674920 669957660983572 669957665490448 669957656322752 669957659234822 669957665496310 669957669769718
669957660982990 669957661315470 669957672292874 669957676511576 669957665495874 669957665801534 669957676517142 669957680761422
669957672291862 669957675198006 669957681031172 669957685201764 669957676516648 669957678076924 669957685207424 669957689465604
669957681029916 669957681337664 669957691010938 669957695179522 669957685206650 669957686853814 669957696647606 669957700882702
669957691010002 669957691319352 669957708611952 669957712812014 669957696646326 669957698326990 669957712816592 669957716967114
669957708610800 669957711476656 669957718231268 669957722492242 669957712816172 669957714401354 669957723790780 669957728167922
669957718230316 669957723526794 669957728491194 669957732703564 669957723789240 669957725361796 669957732708074 669957736891110

669952905026348 669952906653690 669952916677642 669952920883958 669952906653756 669952909558014 669952920888996 669952925084972
669952916676692 669952918381932 669952926686130 669952930942996 669952920887982 669952923727800 669952930948478 669952935309296
669952926685392 669952927073612 669952936719840 669952941010782 669952930947502 669952933795052 669952941017358 669952945329216
669952936719012 669952937070288 669952945336140 669952949606634 669952941016252 669952942599846 669952950035382 669952954335786
669952945335192 669952945638628 669952964734364 669952969015060 669952950034642 669952950341910 669952969021254 669952973366996
669952964733176 669952966296764 669952973444964 669952977682440 669952969021044 669952973138958 669952977688678 669952981948444
669952973443998 669952975067116 669952982361586 669952986603654 669952977688090 669952980530302 669952986610118 669952990868784
669952982360712 669952982670224 669952992206798 669952996475270 669952986609368 669952986938110 669952996480426 669953000751398
669952992205596 669952992550686 669953005799284 669953010023622 669952996480058 669952999353834 669953010028846 669953014335886

669961657785151 669961659459640 669961666632460 669961671702558 669961659459730 669961659864730 669961671707822 669961676646602
669961666631472 669961666983964 669961678799900 669961683731156 669961671707424 669961673346890 669961683736588 669961688752484
669961678799208 669961680429780 669961688757784 669961693693526 669961683735982 669961684067642 669961693699026 669961698669914
669961688757488 669961689089592 669961698675528 669961703631652 669961693698714 669961695306980 669961703637014 669961708641444
669961698675340 669961699029918 669961708646538 669961713540314 669961703636538 669961705219464 669961713545814 669961718500158
669961708646232 669961708960256 669961725321113 669961730329536 669961713545356 669961715111304 669961730335264 669961735277328
669961725320040 669961726915186 669961735281686 669961740266516 669961730334858 669961733161318 669961740272202 669961745215872
669961735281604 669961736837352 669961745220684 669961750210706 669961740271636 669961740599626 669961750217150 669961755175432
669961745220622 669961746792072 669961755181180 669961760159826 669961750216198 669961750550154 669961760164006 669961765088062

669956047480991 669956049114532 669956058147182 669956062467878 669956049114630 669956050688276 669956062472996 669956066733836
669956058145056 669956059723182 669956070008948 669956074594590 669956062472416 669956064016142 669956074600018 669956078953176
669956070008254 669956071757604 669956079606334 669956083926988 669956074599208 669956076166084 669956083930404 669956088238228
669956079605966 669956079938660 669956091322822 669956095634244 669956083930278 669956085472958 669956095639604 669956099958060
669956091318638 669956091628178 669956099964214 669956104294374 669956095638588 669956097266934 669956104299322 669956108604958
669956099963452 669956100283336 669956117548348 669956121851848 669956104299016 669956104611238 669956121857242 669956126209648
669956117544738 669956119097086 669956127574244 669956131865910 669956121855998 669956123467442 669956131870752 669956136214248
669956127573302 669956127876220 669956137149532 669956141447834 669956131870362 669956133436264 669956141454784 669956145798994
669956137148758 669956137452132 669956146914870 669956151205524 669956141453308 669956141804446 669956151208840 669956155566906

669955549753654 669955551365768 669955560069588 669955564941026 669955551365802 669955551759212 669955564946332 669955569818304
669955560068266 669955560403250 669955569822828 669955574731352 669955564945538 669955566488612 669955574736022 669955579652426
669955569822658 669955570164694 669955585129186 669955590039620 669955574735428 669955576290494 669955590044094 669955594933240
669955585128020 669955585468166 669955594939800 669955599897608 669955590043390 669955592903474 669955599907148 669955604810036
669955594939058 669955595242028 669955610287720 669955615209176 669955599906488 669955600224550 669955615215078 669955620172074
669955610282802 669955611886460 669955620178428 669955625082294 669955615214562 669955616815494 669955625087496 669955630017966
669955620177472 669955620479292 669955631083656 669955635970916 669955625086448 669955629200184 669955635975282 669955640918262
669955631082254 669955631424206 669955640924868 669955645782984 669955635974860 669955640089018 669955645787758 669955650802652
669955640923466 669955641290308 669955651463982 669955656484298 669955645787354 669955647399450 669955656489366 669955661390306

669953548250042 669953549891346 669953558034290 669953562926756 669953549891438 669953551538910 669953562933286 669953567817342
669953558032380 669953558384278 669953573450426 669953578347270 669953562932940 669953564564390 669953578351168 669953583295372
669953573450042 669953573810736 669953585551404 669953590447980 669953578350868 669953579939774 669953590453690 669953595381484
669953585550430 669953587130404 669953595386310 669953600288012 669953590452950 669953592001244 669953600292366 669953605256820
669953595385866 669953595700646 669953607591656 669953612578548 669953600291952 669953604448794 669953612584064 669953617500522
669953607590564 669953607956500 669953618040226 669953622987766 669953612583584 669953615470432 669953622991960 669953627914144
669953618039240 669953618356312 669953627932958 669953632847998 669953622991618 669953624584184 669953632853870 669953637800888
669953627932472 669953628265238 669953637807264 669953642697476 669953632852138 669953633176930 669953642701732 669953647637936
669953637806394 669953638143964 669953648621110 669953653509422 669953642701488 669953645578554 669953653514678 669953658444098

669953978009456 669953979799792 669953987008568 669953991932234 669953979799888 669953981442136 669953991938212 669953996813420
669953987007470 669953988588614 669953997152714 669954002167516 669953991937712 669953993494168 669954002171182 669954007259700
669953997151970 669953997483704 669954007266506 669954012314388 669954002170812 669954003710854 669954012320346 669954017285362
669954007266254 669954007563796 669954017291274 669954022281148 669954012320000 669954013934212 669954022287060 669954027269474
669954017290710 669954017610352 669954034566818 669954039504528 669954022286536 669954023865888 669954039509558 669954044493024
669954034563126 669954034869826 669954045583154 669954050570564 669954039509016 669954044959546 669954050575784 669954055535234
669954045582030 669954045944732 669954055543538 669954060516698 669954050574314 669954053437306 669954060520070 669954065454954
669954055542588 669954055893208 669954065462134 669954070384222 669954060519710 669954062067638 669954070389736 669954075403996
669954065461320 669954065798666 669954075662656 669954080684790 669954070388574 669954071933214 669954080690318 669954085693262

669953918841387 669953920497038 669953928363574 669953933146404 669953920497142 669953920893076 669953933151146 669953938114254
669953928361604 669953928745068 669953939210090 669953944028188 669953933150814 669953938694418 669953944032884 669953948945336
669953939209142 669953939519660 669953952580646 669953957515418 669953944032214 669953944342348 669953957520440 669953962418648
669953952579056 669953952878786 669953962422788 669953967344908 669953957519856 669953960435496 669953967349562 669953972216634
669953962422640 669953962718680 669953974630208 669953979567412 669953967349344 669953969000576 669953979573698 669953984436572
669953974629050 669953974941550 669953985513662 669953990452138 669953979573214 669953983701602 669953990457252 669953995358020
669953985513054 669953987091354 669953995363108 669954000255574 669953990456598 669953992076170 669954000921058 669954005791604
669953995362514 669953995699162 669954005797736 669954010718478 669954000920166 669954002548556 669954011446480 669954016283994
669954005797194 669954006083848 669954016288508 669954021162276 669954011444828 669954011752248 669954021166946 669954025999986

669952329079228 669952331007174 669952338874960 669952343087616 669952331007230 669952333862396 669952343093002 669952347313772
669952338873026 669952340416898 669952353050978 669952357318684 669952343092602 669952345965032 669952357323110 669952361627926
669952353050492 669952353361654 669952365149300 669952369419616 669952357322620 669952360245418 669952369425760 669952373686032
669952365148736 669952365454674 669952373907674 669952378178404 669952369424384 669952372302092 669952378183420 669952382438232
669952373906854 669952375532172 669952385508854 669952389766574 669952378182952 669952382337310 669952389772300 669952394011884
669952385507870 669952385808988 669952394428690 669952398648738 669952389771360 669952391493816 669952398653800 669952402918308
669952394427848 669952394735174 669952407028488 669952411365872 669952398652958 669952398984502 669952411372010 669952415605408
669952407023918 669952410100768 669952416634894 669952420919044 669952411371122 669952411708984 669952420925628 669952425161238
669952416634112 669952419499252 669952426394178 669952430645440 669952420924264 669952421261932 669952430649004 669952434866738

669950595068430 669950596664232 669950602468180 669950607232722 669950596664318 669950597069828 669950607237144 669950612066092
669950602467128 669950602813660 669950615782014 669950620639660 669950607236278 669950612593696 669950620643686 669950625517488
669950615781520 669950619956692 669950627652920 669950632607456 669950620643282 669950624726654 669950632611318 669950637491932
669950627652394 669950627979998 669950637498670 669950642397576 669950632610730 669950634228192 669950642401246 669950647291624
669950637498298 669950637787174 669950649322864 669950654265974 669950642400852 669950646497574 669950654270114 669950659130958
669950649321422 669950649716400 669950659136700 669950664075676 669950654269478 669950655915904 669950664079722 669950668924476
669950659136478 669950660789294 669950668930286 669950673840742 669950664079174 669950665685880 669950673843794 669950678702666
669950668929950 669950669236788 669950678709232 669950683579548 669950673843448 669950675453396 669950683583176 669950688494746
669950678708784 669950679042598 669950689903428 669950694902834 669950683582778 669950685193140 669950694906362 669950699741448

669958855406204 669958855854514 669958863251278 669958867997560 669958855854722 669958858811814 669958868003252 669958872861184
669958863250162 669958863544680 669958876998382 669958881874860 669958868002812 669958868318262 669958881879864 669958886750176
669958876997456 669958878538328 669958889130980 669958894035714 669958881879366 669958883421770 669958894040156 669958898897290
669958889129796 669958889430254 669958898902764 669958903801274 669958894039366 669958894332336 669958903805446 669958908665986
669958898902296 669958899203574 669958909673576 669958914550806 669958903804908 669958904105570 669958914555284 669958919398102
669958909673328 669958909977866 669958921074480 669958925978982 669958914554678 669958914845438 669958925983782 669958930828196
669958921073532 669958921366722 669958930834432 669958935705188 669958925982866 669958926271566 669958935709970 669958940580508
669958930834032 669958931131018 669958940588890 669958945457120 669958935709140 669958937311622 669958945462342 669958950263496
669958940588470 669958940881148 669958950269880 669958955096370 669958945461534 669958945754076 669958955101178 669958959952798

669954949838618 669954951467138 669954961172274 669954965977834 669954951467236 669954953086432 669954965984144 669954970824218
669954961170256 669954961483786 669954974970392 669954979803698 669954965983280 669954967566446 669954979809622 669954984730012
669954974969162 669954975274168 669954984942126 669954989807910 669954979808718 669954981404266 669954989813204 669954994739280
669954984941180 669954985239284 669954995330938 669955000183262 669954989812546 669954991399116 669955000188758 669955005091432
669954995329888 669954995664930 669955005099438 669955009966956 669955000188560 669955001741712 669955009973826 669955014921306
669955005098770 669955005389978 669955018603844 669955023514724 669955009972890 669955011691568 669955023520392 669955028362136
669955018599170 669955020192740 669955028366954 669955033261782 669955023519584 669955023830660 669955034457880 669955039285138
669955028366702 669955031256874 669955039291734 669955044208088 669955034456542 669955034763132 669955045227624 669955050075580
669955039291498 669955043460378 669955050084090 669955054965130 669955045225712 669955045610728 669955054970980 669955059803922

669951387649878 669951389286184 669951399032868 669951403907558 669951389286268 669951390945990 669951403912102 669951408855206
669951399031712 669951399343280 669951410100730 669951415081612 669951403910784 669951406880064 669951415086850 669951420114668
669951410100304 669951410481300 669951420773144 669951425715746 669951415086214 669951416723870 669951425720102 669951430744114
669951420772076 669951421124766 669951430750456 669951435702042 669951425719458 669951427286114 669951435707700 669951440685768
669951430750170 669951431049166 669951442813450 669951447766324 669951435706502 669951437337508 669951447771432 669951452787054
669951442812502 669951443117280 669951452793550 669951457769132 669951447770758 669951449374770 669951457773912 669951462780184
669951452793132 669951453094870 669951462785468 669951467735890 669951457773318 669951458114354 669951468774756 669951473777322
669951462785090 669951465691226 669951473783256 669951478741026 669951468773040 669951469090176 669951479665710 669951484642774
669951473782780 669951475400886 669951484648434 669951489650016 669951479664396 669951479958194 669951489655544 669951494641946

669948905311202 669948905815246 669948913142042 669948918018076 669948905815346 669948908668700 669948918023580 669948922976720
669948913140104 669948913441396 669948925953688 669948930924648 669948918023198 669948918319690 669948930932278 669948935893412
669948925952706 669948926264456 669948937988724 669948942976024 669948930931192 669948932482768 669948942983938 669948947936550
669948937987796 669948939571416 669948947942852 669948952871328 669948942982978 669948944637294 669948952878426 669948957833794
669948947942030 669948950804404 669948958537852 669948963526126 669948952877336 669948955750982 669948963533118 669948968502386
669948958536912 669948960156106 669948968508736 669948973478842 669948963532256 669948966445524 669948973486314 669948978487268
669948968507820 669948970100288 669948978493364 669948983448962 669948973485386 669948975131916 669948983457200 669948988448898
669948978492560 669948978796360 669948988907600 669948993871108 669948983456148 669948985049942 669948993877360 669948998902538
669948988906204 669948990506432 669948998909174 669949003871154 669948993876042 669948995456622 669949003876480 669949008870552

669958633845798 669958635526626 669958643081794 669958647972550 669958635526718 669958637154366 669958647976900 669958652867506
669958643080770 669958643405246 669958654091906 669958659073794 669958647976166 669958650883352 669958659078094 669958664080164
669958654091244 669958654432378 669958664087022 669958669101588 669958659077658 669958660637058 669958669106440 669958674098268
669958664086676 669958664388594 669958674103394 669958679127408 669958669106058 669958670721476 669958679133716 669958684068346
669958674102970 669958674405388 669958684073338 669958689038876 669958679133140 669958680736470 669958689044132 669958694010520
669958684073016 669958684403610 669958694015612 669958698989908 669958689043512 669958689368662 669958698993800 669958703915796
669958694015130 669958694319588 669958703920922 669958708941620 669958698993336 669958700547750 669958712668200 669958717621628
669958703920602 669958704236024 669958717626222 669958722610422 669958712667046 669958713010500 669958723499480 669958728498368
669958717625920 669958717930448 669958728503276 669958733421630 669958723498274 669958723805702 669958733425298 669958738400718
