16 3110
4614186910238113792 46913393819664 671183218700190 671183668002536 46912593498128 46914193821712 671183668002548 671184117220560
46918194790416 46916594466832 671184117221582 671184564311458 46915794145296 46917394468880 671184564311470 671185011672956
46921395437584 46919795114000 671185011674134 671185458984888 46918994792464 46920595116048 671185458984934 671185907595106
46924596084752 46922995761168 671185907595326 671186355693588 46922195439632 46923795763216 671186355693634 671186803683848
46927796731920 46926196408336 671186803684064 671187251322974 46925396086800 46926996410384 671187251323020 671187698566646
46930997379088 46929397055504 671187698566904 671188146409578 46928596733968 46930197057552 671188146409624 671188595403774
46934198026256 46932597702672 671188595404262 671189042930748 46931797381136 46933397704720 671189042930760 671189489797554
46937398673424 46935798349840 671189489798782 671189937468520 46934998028304 46936598351888 671189937468532 671190385530074
46940599320592 46938998997008 671190385531098 671190833272404 46938198675472 46939798999056 671190833272416 671191282001018

46914996236304 46913395912720 671179662987044 671180111760300 46912595591184 46914195914768 671180111760312 671180559492994
46918196883472 46916596559888 671180559502338 671181007121482 46915796238352 46917396561936 671181007121528 671181455156998
46921397530640 46919797207056 671181455166332 671181902647364 46918996885520 46920597209104 671181902647376 671182350754658
46924598177808 46922997854224 671182350756390 671182798180302 46922197532688 46923797856272 671182798180314 671183245965230
46927798824976 46926198501392 671183245974988 671183693652876 46925398179856 46926998503440 671183693652888 671184141893282
46930999472144 46929399148560 671184141902562 671184590260896 46928598827024 46930199150608 671184590260908 671185039442758
46934200119312 46932599795728 671185039451570 671185486780852 46931799474192 46933399797776 671185486780864 671185933940082
46937400766480 46935800442896 671185933940308 671186381378364 46935000121360 46936600444944 671186381378410 671186829598504
46940601413648 46939001090064 671186829598550 671187277517500 46938200768528 46939801092112 671187277517512 671187726233210

46914996236304 46913395912720 671174935939474 671175385013396 46912595591184 46914195914768 671175385013408 671175833279616
46918196883472 46916596559888 671175833288894 671176281108076 46915796238352 46917396561936 671176281108088 671176728962166
46921397530640 46919797207056 671176728971488 671177177681010 46918996885520 46920597209104 671177177681056 671177626181686
46924598177808 46922997854224 671177626189810 671178074632908 46922197532688 46923797856272 671178074632920 671178522579660
46927798824976 46926198501392 671178522587830 671178971347866 46925398179856 46926998503440 671178971347878 671179420355386
46930999472144 46929399148560 671179420355626 671179868334004 46928598827024 46930199150608 671179868334016 671180316570484
46934200119312 46932599795728 671180316570704 671180765079406 46931799474192 46933399797776 671180765079418 671181212844958
46937400766480 46935800442896 671181212850070 671181661497050 46935000121360 46936600444944 671181661497062 671182110382026
46940601413648 46939001090064 671182110390136 671182558571736 46938200768528 46939801092112 671182558571782 671183007592542

46914996236304 46913395912720 671183686475318 671184135651508 46912595591184 46914195914768 671184135651520 671184585390992
46918196883472 46916596559888 671184585396612 671185034918626 46915796238352 46917396561936 671185034918638 671185485115196
46921397530640 46919797207056 671185485120096 671185934255692 46918996885520 46920597209104 671185934255704 671186384826594
46924598177808 46922997854224 671186384827078 671186833181358 46922197532688 46923797856272 671186833181370 671187281572350
46927798824976 46926198501392 671187281572830 671187731018168 46925398179856 46926998503440 671187731018180 671188180056350
46930999472144 46929399148560 671188180056650 671188629655628 46928598827024 46930199150608 671188629655640 671189079743648
46934200119312 46932599795728 671189079743908 671189527991404 46931799474192 46933399797776 671189527991416 671189976896700
46937400766480 46935800442896 671189976896998 671190425372564 46935000121360 46936600444944 671190425372576 671190875426734
46940601413648 46939001090064 671190875427194 671191323751920 46938200768528 46939801092112 671191323751932 671191774010982

46914996236304 46913395912720 671178072020870 671178518327928 46912595591184 46914195914768 671178518327974 671178964374538
46918196883472 46916596559888 671178964383158 671179410086734 46915796238352 46917396561936 671179410086780 671179856052148
46921397530640 46919797207056 671179856060774 671180301142096 46918996885520 46920597209104 671180301142142 671180746003714
46924598177808 46922997854224 671180746012124 671181192749680 46922197532688 46923797856272 671181192749692 671181638003222
46927798824976 46926198501392 671181638003486 671182083992736 46925398179856 46926998503440 671182083992748 671182528931478
46930999472144 46929399148560 671182528932000 671182974508894 46928598827024 46930199150608 671182974508940 671183420295630
46934200119312 46932599795728 671183420304242 671183865824568 46931799474192 46933399797776 671183865824614 671184310815276
46937400766480 46935800442896 671184310815566 671184756256452 46935000121360 46936600444944 671184756256498 671185201499056
46940601413648 46939001090064 671185201507742 671185646951190 46938200768528 46939801092112 671185646951202 671186093282100

46914996236304 46913395912720 671177577782774 671178017865168 46912595591184 46914195914768 671178017865180 671178457211716
46918196883472 46916596559888 671178457219792 671178897461186 46915796238352 46917396561936 671178897461198 671179337053456
46921397530640 46919797207056 671179337058766 671179775575612 46918996885520 46920597209104 671179775575624 671180215398808
46924598177808 46922997854224 671180215399068 671180654549148 46922197532688 46923797856272 671180654549160 671181093658492
46927798824976 46926198501392 671181093663794 671181532632066 46925398179856 46926998503440 671181532632078 671181971463662
46930999472144 46929399148560 671181971463934 671182410242204 46928598827024 46930199150608 671182410242216 671182850968356
46934200119312 46932599795728 671182850973662 671183290427502 46931799474192 46933399797776 671183290427514 671183729283074
46937400766480 46935800442896 671183729283880 671184168772516 46935000121360 46936600444944 671184168772528 671184607513048
46940601413648 46939001090064 671184607518350 671185046201904 46938200768528 46939801092112 671185046201916 671185487128962

46914996236304 46913395912720 671175575863974 671176024352338 46912595591184 46914195914768 671176024352350 671176472195578
46918196883472 46916596559888 671176472204316 671176921091716 46915796238352 46917396561936 671176921091728 671177369962404
46921397530640 46919797207056 671177369971234 671177817975388 46918996885520 46920597209104 671177817975434 671178265499220
46924598177808 46922997854224 671178265503156 671178713565088 46922197532688 46923797856272 671178713565100 671179161260978
46927798824976 46926198501392 671179161261220 671179609059630 46925398179856 46926998503440 671179609068278 671180057393188
46930999472144 46929399148560 671180057393414 671180505568620 46928598827024 46930199150608 671180505568632 671180953258550
46934200119312 46932599795728 671180953266370 671181401679608 46931799474192 46933399797776 671181401679620 671181849410966
46937400766480 46935800442896 671181849418776 671182297726694 46935000121360 46936600444944 671182297726706 671182745961494
46940601413648 46939001090064 671182745969356 671183194433318 46938200768528 46939801092112 671183194433330 671183641935240

46914996236304 46913395912720 671175999690584 671176448577976 46912595591184 46914195914768 671176448578022 671176896953122
46918196883472 46916596559888 671176896961466 671177345218558 46915796238352 46917396561936 671177345218604 671177793511032
46921397530640 46919797207056 671177793511534 671178241629152 46918996885520 46920597209104 671178241629164 671178689163814
46924598177808 46922997854224 671178689164268 671179137806554 46922197532688 46923797856272 671179137806600 671179585888830
46927798824976 46926198501392 671179585889286 671180033932192 46925398179856 46926998503440 671180033932204 671180482034378
46930999472144 46929399148560 671180482034620 671180930972650 46928598827024 46930199150608 671180930972662 671181379403254
46934200119312 46932599795728 671181379403306 671181828128348 46931799474192 46933399797776 671181828128360 671182276148510
46937400766480 46935800442896 671182276148788 671182724408518 46935000121360 46936600444944 671182724408530 671183172487258
46940601413648 46939001090064 671183172496378 671183621192224 46938200768528 46939801092112 671183621192236 671184069485088

46914996236304 46913395912720 671175945664942 671176394458672 46912595591184 46914195914768 671176394458718 671176842828864
46918196883472 46916596559888 671176842837192 671177291108502 46915796238352 46917396561936 671177291108548 671177739900838
46921397530640 46919797207056 671177739908284 671178188050976 46918996885520 46920597209104 671178188050988 671178635771056
46924598177808 46922997854224 671178635771568 671179083641526 46922197532688 46923797856272 671179083641538 671179531596290
46927798824976 46926198501392 671179531596784 671179979387228 46925398179856 46926998503440 671179979387240 671180427805866
46930999472144 46929399148560 671180427806328 671180876145642 46928598827024 46930199150608 671180876145688 671181324656234
46934200119312 46932599795728 671181324656436 671181772694444 46931799474192 46933399797776 671181772694456 671182220555778
46937400766480 46935800442896 671182220556238 671182668824178 46935000121360 46936600444944 671182668824190 671183116378488
46940601413648 46939001090064 671183116378736 671183565193204 46938200768528 46939801092112 671183565193216 671184013128886

46914996236304 46913395912720 671174355935180 671174803479718 46912595591184 46914195914768 671174803479730 671175250784964
46918196883472 46916596559888 671175250794320 671175698373848 46915796238352 46917396561936 671175698373894 671176146771936
46921397530640 46919797207056 671176146778054 671176593898902 46918996885520 46920597209104 671176593898914 671177040309092
46924598177808 46922997854224 671177040318378 671177487059658 46922197532688 46923797856272 671177487059704 671177933652250
46927798824976 46926198501392 671177933661508 671178380614084 46925398179856 46926998503440 671178380614096 671178829430304
46930999472144 46929399148560 671178829439624 671179276604174 46928598827024 46930199150608 671179276604186 671179723673556
46934200119312 46932599795728 671179723681732 671180169688138 46931799474192 46933399797776 671180169688150 671180615795450
46937400766480 46935800442896 671180615804780 671181062733582 46935000121360 46936600444944 671181062733628 671181511120310
46940601413648 46939001090064 671181511124264 671181957906482 46938200768528 46939801092112 671181957906494 671182405081074

46914996236304 46913395912720 671172619875286 671173069178016 46912595591184 46914195914768 671173069178028 671173517447470
46918196883472 46916596559888 671173517456094 671173965600310 46915796238352 46917396561936 671173965600322 671174414244022
46921397530640 46919797207056 671174414251434 671174862019904 46918996885520 46920597209104 671174862019916 671175310297196
46924598177808 46922997854224 671175310304604 671175757266854 46922197532688 46923797856272 671175757266866 671176204323310
46927798824976 46926198501392 671176204323850 671176651650630 46925398179856 46926998503440 671176651650642 671177100388202
46930999472144 46929399148560 671177100388458 671177547405216 46928598827024 46930199150608 671177547405228 671177995613548
46934200119312 46932599795728 671177995614264 671178443075364 46931799474192 46933399797776 671178443075376 671178890476084
46937400766480 46935800442896 671178890476330 671179338186126 46935000121360 46936600444944 671179338186138 671179787604328
46940601413648 46939001090064 671179787611738 671180235235036 46938200768528 46939801092112 671180235235082 671180683974320

46914996236304 46913395912720 671180884731464 671181333829882 46912595591184 46914195914768 671181333829928 671181782131834
46918196883472 46916596559888 671181782139918 671182230746658 46915796238352 46917396561936 671182230746670 671182679201394
46921397530640 46919797207056 671182679210676 671183128851268 46918996885520 46920597209104 671183128851314 671183577553308
46924598177808 46922997854224 671183577553906 671184025313218 46922197532688 46923797856272 671184025313230 671184472536262
46927798824976 46926198501392 671184472536740 671184920367232 46925398179856 46926998503440 671184920367278 671185368541342
46930999472144 46929399148560 671185368541802 671185817092648 46928598827024 46930199150608 671185817092660 671186265420020
46934200119312 46932599795728 671186265420282 671186714352544 46931799474192 46933399797776 671186714352556 671187162185304
46937400766480 46935800442896 671187162185704 671187610151462 46935000121360 46936600444944 671187610151474 671188058490150
46940601413648 46939001090064 671188058490582 671188506639858 46938200768528 46939801092112 671188506639870 671188954483342

46914996236304 46913395912720 671176980916270 671177430244658 46912595591184 46914195914768 671177430244670 671177878799968
46918196883472 46916596559888 671177878803650 671178327148464 46915796238352 46917396561936 671178327148476 671178775698254
46921397530640 46919797207056 671178775699842 671179224097494 46918996885520 46920597209104 671179224097506 671179672393850
46924598177808 46922997854224 671179672394086 671180119980124 46922197532688 46923797856272 671180119980136 671180567145630
46927798824976 46926198501392 671180567146138 671181015185404 46925398179856 46926998503440 671181015185416 671181463619066
46930999472144 46929399148560 671181463619352 671181911912216 46928598827024 46930199150608 671181911912262 671182360632848
46934200119312 46932599795728 671182360636594 671182808889022 46931799474192 46933399797776 671182808889034 671183256815524
46937400766480 46935800442896 671183256819196 671183704984920 46935000121360 46936600444944 671183704984932 671184153810790
46940601413648 46939001090064 671184153814494 671184601579658 46938200768528 46939801092112 671184601579670 671185050319134

46914996236304 46913395912720 671173413209092 671173854592676 46912595591184 46914195914768 671173854592688 671174296820842
46918196883472 46916596559888 671174296825552 671174738944210 46915796238352 46917396561936 671174738944222 671175181259962
46921397530640 46919797207056 671175181267414 671175621971466 46918996885520 46920597209104 671175621971478 671176064552320
46924598177808 46922997854224 671176064552744 671176505611682 46922197532688 46923797856272 671176505611728 671176946237382
46927798824976 46926198501392 671176946238048 671177387913058 46925398179856 46926998503440 671177387913104 671177829226010
46930999472144 46929399148560 671177829229952 671178270702366 46928598827024 46930199150608 671178270702378 671178712358530
46934200119312 46932599795728 671178712362470 671179154007130 46931799474192 46933399797776 671179154007142 671179594904024
46937400766480 46935800442896 671179594904514 671180036655358 46935000121360 46936600444944 671180036655404 671180478108276
46940601413648 46939001090064 671180478108530 671180919684996 46938200768528 46939801092112 671180919685008 671181361509754

46914996236304 46913395912720 671170927319266 671171372223352 46912595591184 46914195914768 671171372223364 671171815936518
46918196883472 46916596559888 671171815945808 671172260828556 46915796238352 46917396561936 671172260828568 671172705202026
46921397530640 46919797207056 671172705211306 671173148821572 46918996885520 46920597209104 671173148821618 671173592723398
46924598177808 46922997854224 671173592723682 671174036886418 46922197532688 46923797856272 671174036886464 671174480179322
46927798824976 46926198501392 671174480179820 671174924218888 46925398179856 46926998503440 671174924218934 671175367937168
46930999472144 46929399148560 671175367937686 671175811337210 46928598827024 46930199150608 671175811337222 671176255712016
46934200119312 46932599795728 671176255712524 671176699309386 46931799474192 46933399797776 671176699309398 671177142109246
46937400766480 46935800442896 671177142116832 671177585823266 46935000121360 46936600444944 671177585823278 671178029328434
46940601413648 46939001090064 671178029329584 671178472881240 46938200768528 46939801092112 671178472881252 671178916330300

46914996236304 46913395912720 671180659359980 671181108378672 46912595591184 46914195914768 671181108378684 671181556925320
46918196883472 46916596559888 671181556932644 671182005635960 46915796238352 46917396561936 671182005635972 671182454559574
46921397530640 46919797207056 671182454566940 671182902619490 46918996885520 46920597209104 671182902619502 671183351482608
46924598177808 46922997854224 671183351483026 671183799205194 46922197532688 46923797856272 671183799205206 671184247128270
46927798824976 46926198501392 671184247128700 671184694803904 46925398179856 46926998503440 671184694803916 671185143290698
46930999472144 46929399148560 671185143291216 671185591889068 46928598827024 46930199150608 671185591889080 671186040704616
46934200119312 46932599795728 671186040704882 671186488627206 46931799474192 46933399797776 671186488627218 671186936976262
46937400766480 46935800442896 671186936976494 671187384738546 46935000121360 46936600444944 671187384738592 671187832837914
46940601413648 46939001090064 671187832838442 671188281757556 46938200768528 46939801092112 671188281757568 671188730999886
