16 30
4584562647118118912 46912609533968 669977234517730 669977239060016 46912601530384 46912593498128 669977239060028 669977243508810
46912649637904 46912641605648 669977243508832 669977248009911 46912633602064 46912625569808 669977248009934 669977252474732
46912681709584 46912673677328 669977252474982 669977256908368 46912665673744 46912657641488 669977256908380 669977261357290
46912713781264 46912705749008 669977261357574 669977265785918 46912697745424 46912689713168 669977265785930 669977270240674
46912745852944 46912737820688 669977270240938 669977274641234 46912729817104 46912721784848 669977274641246 669977279085250
46912777924624 46912769892368 669977279085540 669977283555982 46912761888784 46912753856528 669977283555994 669977288025396
46912809996304 46912801964048 669977288025682 669977292518108 46912793960464 46912785928208 669977292518154 669977296990526
46912842067984 46912834035728 669977296990818 669977301474476 46912826032144 46912817999888 669977301474488 669977305897612
46912874139664 46912866107408 669977305897910 669977310325658 46912858103824 46912850071568 669977310325670 669977314764000

46912619659280 46912611627024 669973681204344 669973684986114 46912603623440 46912595591184 669973684986126 669973688745308
46912651730960 46912643698704 669973688745414 669973692555866 46912635695120 46912627662864 669973692555878 669973696321188
46912683802640 46912675770384 669973696321572 669973700087082 46912667766800 46912659734544 669973700087094 669973703895056
46912715874320 46912707842064 669973703895470 669973707643458 46912699838480 46912691806224 669973707643470 669973711388164
46912747946000 46912739913744 669973711388262 669973715184990 46912731910160 46912723877904 669973715185002 669973718937650
46912780017680 46912771985424 669973718941246 669973722736024 46912763981840 46912755949584 669973722736036 669973726489372
46912812089360 46912804057104 669973726489730 669973730239384 46912796053520 46912788021264 669973730239396 669973734028838
46912844161040 46912836128784 669973734029182 669973737800756 46912828125200 46912820092944 669973737800768 669973741571994
46912876232720 46912868200464 669973741576986 669973745389492 46912860196880 46912852164624 669973745389504 669973749157866

46912619659280 46912611627024 669968957701180 669968961475916 46912603623440 46912595591184 669968961475928 669968965271336
46912651730960 46912643698704 669968965271408 669968969063638 46912635695120 46912627662864 669968969063650 669968972847520
46912683802640 46912675770384 669968972847576 669968976661488 46912667766800 46912659734544 669968976661500 669968980432664
46912715874320 46912707842064 669968980432710 669968984222892 46912699838480 46912691806224 669968984222904 669968988058216
46912747946000 46912739913744 669968988058228 669968991845204 46912731910160 46912723877904 669968991845216 669968995689528
46912780017680 46912771985424 669968995689540 669968999460922 46912763981840 46912755949584 669968999460968 669969003228738
46912812089360 46912804057104 669969003228922 669969007024328 46912796053520 46912788021264 669969007024374 669969010792342
46912844161040 46912836128784 669969010793336 669969014564728 46912828125200 46912820092944 669969014564740 669969018376928
46912876232720 46912868200464 669969018377154 669969022143890 46912860196880 46912852164624 669969022143902 669969025914256

46912619659280 46912611627024 669977707691306 669977711539976 46912603623440 46912595591184 669977711539988 669977715352364
46912651730960 46912643698704 669977715352700 669977719156400 46912635695120 46912627662864 669977719156412 669977723013770
46912683802640 46912675770384 669977723013858 669977726800368 46912667766800 46912659734544 669977726800380 669977730603772
46912715874320 46912707842064 669977730603890 669977734391534 46912699838480 46912691806224 669977734391546 669977738180068
46912747946000 46912739913744 669977738180486 669977742007276 46912731910160 46912723877904 669977742007288 669977745789746
46912780017680 46912771985424 669977745793326 669977749572150 46912763981840 46912755949584 669977749572162 669977753415258
46912812089360 46912804057104 669977753418864 669977757206352 46912796053520 46912788021264 669977757206364 669977760976546
46912844161040 46912836128784 669977760981242 669977764815138 46912828125200 46912820092944 669977764815184 669977768605600
46912876232720 46912868200464 669977768605976 669977772423320 46912860196880 46912852164624 669977772423332 669977776223490

46912619659280 46912611627024 669972099981438 669972103792680 46912603623440 46912595591184 669972103792726 669972107613712
46912651730960 46912643698704 669972107613816 669972111413350 46912635695120 46912627662864 669972111413362 669972115219724
46912683802640 46912675770384 669972115220766 669972119046242 46912667766800 46912659734544 669972119046254 669972122837226
46912715874320 46912707842064 669972122837238 669972126621088 46912699838480 46912691806224 669972126621134 669972130429410
46912747946000 46912739913744 669972130429756 669972134202354 46912731910160 46912723877904 669972134202366 669972138026922
46912780017680 46912771985424 669972138027158 669972141809222 46912763981840 46912755949584 669972141809234 669972145588912
46912812089360 46912804057104 669972145589192 669972149395414 46912796053520 46912788021264 669972149395426 669972153176288
46912844161040 46912836128784 669972153176526 669972156958410 46912828125200 46912820092944 669972156958456 669972160775878
46912876232720 46912868200464 669972160776248 669972164546928 46912860196880 46912852164624 669972164546940 669972168325186

46912619659280 46912611627024 669971603030488 669971606847674 46912603623440 46912595591184 669971606847686 669971610659806
46912651730960 46912643698704 669971610659910 669971614468532 46912635695120 46912627662864 669971614468544 669971618330438
46912683802640 46912675770384 669971618330784 669971622161568 46912667766800 46912659734544 669971622161580 669971625982030
46912715874320 46912707842064 669971625982682 669971629800990 46912699838480 46912691806224 669971629801002 669971633604792
46912747946000 46912739913744 669971633604856 669971637386262 46912731910160 46912723877904 669971637386274 669971641202142
46912780017680 46912771985424 669971641210548 669971644992746 46912763981840 46912755949584 669971644992792 669971648789950
46912812089360 46912804057104 669971648793602 669971652965474 46912796053520 46912788021264 669971652965486 669971657033730
46912844161040 46912836128784 669971657037354 669971660859998 46912828125200 46912820092944 669971660860010 669971664656210
46912876232720 46912868200464 669971664656542 669971668436486 46912860196880 46912852164624 669971668436498 669971672255090

46912619659280 46912611627024 669969599979652 669969603762528 46912603623440 46912595591184 669969603762540 669969607555316
46912651730960 46912643698704 669969607555492 669969611410593 46912635695120 46912627662864 669969611410611 669969615527454
46912683802640 46912675770384 669969615527872 669969619354934 46912667766800 46912659734544 669969619354946 669969623149566
46912715874320 46912707842064 669969623149624 669969626975448 46912699838480 46912691806224 669969626975460 669969630747434
46912747946000 46912739913744 669969630747756 669969634513294 46912731910160 46912723877904 669969634513340 669969638310212
46912780017680 46912771985424 669969638313812 669969642084156 46912763981840 46912755949584 669969642084168 669969645842714
46912812089360 46912804057104 669969645842818 669969649647420 46912796053520 46912788021264 669969649647432 669969653403190
46912844161040 46912836128784 669969653403280 669969657169338 46912828125200 46912820092944 669969657169350 669969660977750
46912876232720 46912868200464 669969660982518 669969664760194 46912860196880 46912852164624 669969664760206 669969668570254

46912619659280 46912611627024 669970027302766 669970031159650 46912603623440 46912595591184 669970031159696 669970035127870
46912651730960 46912643698704 669970035127926 669970038901792 46912635695120 46912627662864 669970038901804 669970042715692
46912683802640 46912675770384 669970042715910 669970046748874 46912667766800 46912659734544 669970046748886 669970050807308
46912715874320 46912707842064 669970050807320 669970054743046 46912699838480 46912691806224 669970054743058 669970058808778
46912747946000 46912739913744 669970058808824 669970062814912 46912731910160 46912723877904 669970062814924 669970066805498
46912780017680 46912771985424 669970066805510 669970070871388 46912763981840 46912755949584 669970070871400 669970074780876
46912812089360 46912804057104 669970074780968 669970078855904 46912796053520 46912788021264 669970078855916 669970082910006
46912844161040 46912836128784 669970082910018 669970086836564 46912828125200 46912820092944 669970086836610 669970090890168
46912876232720 46912868200464 669970090890478 669970094828652 46912860196880 46912852164624 669970094828698 669970098862682

46912619659280 46912611627024 669969970501108 669969974352496 46912603623440 46912595591184 669969974352508 669969978183778
46912651730960 46912643698704 669969978184188 669969982037310 46912635695120 46912627662864 669969982037322 669969985843880
46912683802640 46912675770384 669969985847630 669969989634176 46912667766800 46912659734544 669969989634188 669969993447854
46912715874320 46912707842064 669969993447866 669969997241500 46912699838480 46912691806224 669969997241546 669970001026962
46912747946000 46912739913744 669970001026974 669970004857578 46912731910160 46912723877904 669970004857590 669970008648722
46912780017680 46912771985424 669970008648734 669970012437674 46912763981840 46912755949584 669970012437720 669970016268694
46912812089360 46912804057104 669970016268706 669970020039970 46912796053520 46912788021264 669970020040016 669970023864924
46912844161040 46912836128784 669970023864936 669970027640448 46912828125200 46912820092944 669970027640460 669970031429158
46912876232720 46912868200464 669970031429170 669970035252134 46912860196880 46912852164624 669970035252146 669970039036166

46912619659280 46912611627024 669968379508374 669968383349552 46912603623440 46912595591184 669968383349564 669968387146852
46912651730960 46912643698704 669968387146956 669968390932950 46912635695120 46912627662864 669968390932962 669968394753910
46912683802640 46912675770384 669968394757462 669968398539502 46912667766800 46912659734544 669968398539514 669968402313384
46912715874320 46912707842064 669968402313430 669968406118686 46912699838480 46912691806224 669968406118698 669968409881574
46912747946000 46912739913744 669968409881620 669968413678068 46912731910160 46912723877904 669968413678080 669968417461466
46912780017680 46912771985424 669968417461696 669968421248716 46912763981840 46912755949584 669968421248728 669968425095318
46912812089360 46912804057104 669968425095364 669968428888774 46912796053520 46912788021264 669968428888786 669968432673134
46912844161040 46912836128784 669968432673146 669968436489206 46912828125200 46912820092944 669968436489218 669968440269528
46912876232720 46912868200464 669968440269540 669968444049986 46912860196880 46912852164624 669968444049998 669968447861080

46912619659280 46912611627024 669966641766808 669966646181080 46912603623440 46912595591184 669966646181092 669966650599710
46912651730960 46912643698704 669966650599732 669966654968230 46912635695120 46912627662864 669966654968242 669966659343458
46912683802640 46912675770384 669966659343956 669966663678854 46912667766800 46912659734544 669966663678866 669966668059554
46912715874320 46912707842064 669966668059572 669966672419816 46912699838480 46912691806224 669966672419828 669966676787400
46912747946000 46912739913744 669966676787910 669966681173552 46912731910160 46912723877904 669966681173564 669966685556710
46912780017680 46912771985424 669966685556730 669966689941398 46912763981840 46912755949584 669966689941444 669966694261346
46912812089360 46912804057104 669966694261852 669966698609250 46912796053520 46912788021264 669966698609262 669966702997968
46912844161040 46912836128784 669966702998174 669966707357924 46912828125200 46912820092944 669966707357936 669966711743100
46912876232720 46912868200464 669966711743382 669966716085022 46912860196880 46912852164624 669966716085068 669966720509140

46912619659280 46912611627024 669974903439418 669974907242752 46912603623440 46912595591184 669974907242764 669974911244060
46912651730960 46912643698704 669974911244096 669974914991172 46912635695120 46912627662864 669974914991184 669974918811609
46912683802640 46912675770384 669974918811677 669974922813214 46912667766800 46912659734544 669974922813226 669974926757322
46912715874320 46912707842064 669974926757334 669974930645770 46912699838480 46912691806224 669974930645782 669974934625234
46912747946000 46912739913744 669974934625246 669974938485738 46912731910160 46912723877904 669974938485750 669974942470054
46912780017680 46912771985424 669974942470066 669974946461572 46912763981840 46912755949584 669974946461584 669974950334046
46912812089360 46912804057104 669974950334058 669974954308254 46912796053520 46912788021264 669974954308266 669974958229172
46912844161040 46912836128784 669974958229184 669974962129380 46912828125200 46912820092944 669974962129392 669974966111156
46912876232720 46912868200464 669974966111168 669974969958238 46912860196880 46912852164624 669974969958284 669974973952722

46912619659280 46912611627024 669971004015334 669971007890906 46912603623440 46912595591184 669971007890918 669971011712298
46912651730960 46912643698704 669971011712382 669971015538018 46912635695120 46912627662864 669971015538030 669971019344622
46912683802640 46912675770384 669971019344866 669971023145808 46912667766800 46912659734544 669971023145820 669971026964368
46912715874320 46912707842064 669971026964380 669971030754190 46912699838480 46912691806224 669971030754236 669971034558560
46912747946000 46912739913744 669971034558572 669971038389420 46912731910160 46912723877904 669971038389432 669971042180768
46912780017680 46912771985424 669971042180814 669971045991896 46912763981840 46912755949584 669971045991908 669971049853960
46912812089360 46912804057104 669971049853972 669971053658192 46912796053520 46912788021264 669971053658204 669971057486434
46912844161040 46912836128784 669971057486446 669971061280052 46912828125200 46912820092944 669971061280064 669971065081772
46912876232720 46912868200464 669971065081784 669971068909682 46912860196880 46912852164624 669971068909694 669971072712522

46912619659280 46912611627024 669967438630484 669967442466908 46912603623440 46912595591184 669967442466920 669967446530398
46912651730960 46912643698704 669967446530426 669967450292598 46912635695120 46912627662864 669967450292610 669967454141570
46912683802640 46912675770384 669967454141608 669967458204200 46912667766800 46912659734544 669967458204212 669967462214416
46912715874320 46912707842064 669967462214428 669967466203582 46912699838480 46912691806224 669967466203594 669967470244710
46912747946000 46912739913744 669967470244722 669967474161002 46912731910160 46912723877904 669967474161014 669967478261642
46912780017680 46912771985424 669967478261654 669967482344988 46912763981840 46912755949584 669967482345000 669967486264554
46912812089360 46912804057104 669967486264566 669967490313686 46912796053520 46912788021264 669967490313698 669967494246652
46912844161040 46912836128784 669967494246664 669967498298094 46912828125200 46912820092944 669967498298140 669967502349670
46912876232720 46912868200464 669967502349682 669967506254460 46912860196880 46912852164624 669967506254478 669967510324718

46912619659280 46912611627024 669964952352476 669964956172926 46912603623440 46912595591184 669964956172938 669964960046536
46912651730960 46912643698704 669964960046694 669964963848402 46912635695120 46912627662864 669964963848414 669964967662964
46912683802640 46912675770384 669964967662976 669964971562838 46912667766800 46912659734544 669964971562850 669964975615726
46912715874320 46912707842064 669964975619278 669964979429380 46912699838480 46912691806224 669964979429392 669964983428108
46912747946000 46912739913744 669964983431710 669964987207762 46912731910160 46912723877904 669964987207774 669964991031338
46912780017680 46912771985424 669964991032468 669964994817774 46912763981840 46912755949584 669964994817786 669964998596528
46912812089360 46912804057104 669964998600140 669965002520748 46912796053520 46912788021264 669965002520760 669965006593988
46912844161040 46912836128784 669965006594334 669965010400158 46912828125200 46912820092944 669965010400170 669965014372960
46912876232720 46912868200464 669965014373076 669965018153354 46912860196880 46912852164624 669965018153366 669965021975390

46912619659280 46912611627024 669974682394064 669974686226418 46912603623440 46912595591184 669974686226430 669974690069320
46912651730960 46912643698704 669974690069428 669974693853814 46912635695120 46912627662864 669974693853826 669974697646500
46912683802640 46912675770384 669974697646784 669974701456542 46912667766800 46912659734544 669974701456554 669974705234820
46912715874320 46912707842064 669974705235056 669974709050812 46912699838480 46912691806224 669974709050824 669974712832272
46912747946000 46912739913744 669974712832662 669974716619068 46912731910160 46912723877904 669974716619080 669974720431640
46912780017680 46912771985424 669974720435306 669974724228152 46912763981840 46912755949584 669974724228164 669974728013958
46912812089360 46912804057104 669974728014190 669974731837078 46912796053520 46912788021264 669974731837090 669974735623202
46912844161040 46912836128784 669974735623748 669974739410352 46912828125200 46912820092944 669974739410364 669974743243740
46912876232720 46912868200464 669974743244026 669974747028282 46912860196880 46912852164624 669974747028294 669974750838808
