16 35
669864887693258 669864889304952 669864894718836 669864898437704 669864889305044 669864889450288 669864898668486 669864902379364
669864898437716 669864898566358 669864902641966 669864906366208 669864902379616 669864902505358 669864906604732 669864910300118
669864906366220 669864906493828 669864910536416 669864914266294 669864910300446 669864910427858 669864914500570 669864918267140
669864914266306 669864914397640 669864918501462 669864922246384 669864918267458 669864918388598 669864922487788 669864926267984
669864922246396 669864922369030 669864926508814 669864930262430 669864926268314 669864926390690 669864930494000 669864934254906
669864930262442 669864930390202 669864934495002 669864938266640 669864934255102 669864934381442 669864938502780 669864942219484
669864938266652 669864938397374 669864942453076 669864946214438 669864942219734 669864942342828 669864946444068 669864950160628
669864946214450 669864946339330 669864950390506 669864954142084 669864950160810 669864950287952 669864955044594 669864958816268
669864954142096 669864954268292 669864959710938 669864963469300 669864958816572 669864958945016 669864964315416 669864968107832

669861334872366 669861342387164 669861343000594 669861346718600 669861342387338 669861342643940 669861346851832 669861350603954
669861346718612 669861346847364 669861351003084 669861354690450 669861350603966 669861350737460 669861354817812 669861358525536
669861354690496 669861354814454 669861358891058 669861362637654 669861358525700 669861358654700 669861362773724 669861366476922
669861362637666 669861362769668 669861366848032 669861370565210 669861366477054 669861366597972 669861370693320 669861374446272
669861370565256 669861370689798 669861374826474 669861378542324 669861374446460 669861374570206 669861378672508 669861382428138
669861378542370 669861378669394 669861382800874 669861386499144 669861382428584 669861382554644 669861386625460 669861390312676
669861386499156 669861386622594 669861390670496 669861394675196 669861390312900 669861390434790 669861394807668 669861398522074
669861394675208 669861394804360 669861398895388 669861402607786 669861398522550 669861398641566 669861402733080 669861406426360
669861402607798 669861402730174 669861406786646 669861410516034 669861406426534 669861406546618 669861410522686 669861414282608

669856611687224 669856613899668 669856619337758 669856623041084 669856613899886 669856614155698 669856623212906 669856626932854
669856623041096 669856623168074 669856627275124 669856630959382 669856626933002 669856627058308 669856631212876 669856634921140
669856630959428 669856631082828 669856635115392 669856638791900 669856634921986 669856635044960 669856639017398 669856642697126
669856638791912 669856638916314 669856642929756 669856646637946 669856642697622 669856642820212 669856646891096 669856650584976
669856646637958 669856646763902 669856650813034 669856654493700 669856650585186 669856650710842 669856654724520 669856658449788
669856654493712 669856654614558 669856658678648 669856662354474 669856658450264 669856658573134 669856662583584 669856666285562
669856662354486 669856662478836 669856666510822 669856670176816 669856666285732 669856666406594 669856670407414 669856674083296
669856670176828 669856670300690 669856674313222 669856678017996 669856674083498 669856674205542 669856678255416 669856681927808
669856678018008 669856678143420 669856682150354 669856685839304 669856681928006 669856682047288 669856685953608 669856689654650

669865361801714 669865368736822 669865369051444 669865372879154 669865368736890 669865368885828 669865373016716 669865376812948
669865372879166 669865373012874 669865377140870 669865380961590 669865376813342 669865376936250 669865381213380 669865384999016
669865380961602 669865381091932 669865385263458 669865389027232 669865384999406 669865385126670 669865389304454 669865393403856
669865389027244 669865389157538 669865393691718 669865397472214 669865393405102 669865393533750 669865397641554 669865401459704
669865397472226 669865397596596 669865401786332 669865405560710 669865401463770 669865401589664 669865405720590 669865409471402
669865405560722 669865405687498 669865409803012 669865413645382 669865409474998 669865409597972 669865413799992 669865417558794
669865413645394 669865413772868 669865417879178 669865421683286 669865417559326 669865417679662 669865421837880 669865425588908
669865421683298 669865421806652 669865425923318 669865429692994 669865425589134 669865425715158 669865429847728 669865433645626
669865429693006 669865429822662 669865433974278 669865437730198 669865433645838 669865433774746 669865437749786 669865441516860

669859754302966 669859757262345 669859760098652 669859763852222 669859757262425 669859757410331 669859764089544 669859767863068
669859763852234 669859763981566 669859768099288 669859771823486 669859767863562 669859767990250 669859772061344 669859775792844
669859771823498 669859771950662 669859776125034 669859779869664 669859775793700 669859775915698 669859780762574 669859784481572
669859779869676 669859779998404 669859785393748 669859789133968 669859784481830 669859784608136 669859790033088 669859793761476
669859789133980 669859789261148 669859794636858 669859798386788 669859793761690 669859793889404 669859799319436 669859803026282
669859798386834 669859798512566 669859804004732 669859807718762 669859803026516 669859803149444 669859808668102 669859812385890
669859807718774 669859807842056 669859813238590 669859816943998 669859812386326 669859812511300 669859817885086 669859821623818
669859816944010 669859817140530 669859822531264 669859826235556 669859821627448 669859821844776 669859827147550 669859830894216
669859826235568 669859826453520 669859831811314 669859835531054 669859830897878 669859831114864 669859836507240 669859840252922

669859257348388 669859263794644 669859264179026 669859267973472 669859263794742 669859263942194 669859268206398 669859271971850
669859267973484 669859268096276 669859272197718 669859275994246 669859271972078 669859272096018 669859276235890 669859280080958
669859275994258 669859276121694 669859280226660 669859284015916 669859280081160 669859280207166 669859284380584 669859288147680
669859284015962 669859284137684 669859288372268 669859292156464 669859288147840 669859288268728 669859292387804 669859296152266
669859292156476 669859292287224 669859296407304 669859300207142 669859296152712 669859296278018 669859300457950 669859304231302
669859300207154 669859300338868 669859304486318 669859308225978 669859304231744 669859304355698 669859308488752 669859312283786
669859308226024 669859308356554 669859312464580 669859316235118 669859312284016 669859312409948 669859316466468 669859320273224
669859316235164 669859316357688 669859320500136 669859324275986 669859320273418 669859320395160 669859324717330 669859328487138
669859324276032 669859324402076 669859329387890 669859333196232 669859328487540 669859328611118 669859333985062 669859337731712

669857254181528 669857257578590 669857260771768 669857264549680 669857257578668 669857257724876 669857264729822 669857268510720
669857264549692 669857264678824 669857268844706 669857272632782 669857268510958 669857268636698 669857272890828 669857276682462
669857272632794 669857272757686 669857276929668 669857281064246 669857276682662 669857276808146 669857281365862 669857285132528
669857281064258 669857281199460 669857285367682 669857289156522 669857285132948 669857285255050 669857289417048 669857293145502
669857289156534 669857289283792 669857293375292 669857297124326 669857293145952 669857293268786 669857297357080 669857301169568
669857297124338 669857297250082 669857301425142 669857305198180 669857301169774 669857301304644 669857305934512 669857309729048
669857305198192 669857305323274 669857310601170 669857314365042 669857309729482 669857309851430 669857315298036 669857319074066
669857314365054 669857314497276 669857319957144 669857323724776 669857319074102 669857319199724 669857324610862 669857328373442
669857323724822 669857323848008 669857329292724 669857333064900 669857328373662 669857328508860 669857333935662 669857337704424

669857681995546 669857687655962 669857688316422 669857692123176 669857687656170 669857687904436 669857692271232 669857696058928
669857692123222 669857692250434 669857696433494 669857700192180 669857696059100 669857696187494 669857700412440 669857704201730
669857700192192 669857700320820 669857704459942 669857708228826 669857704202336 669857704331262 669857708480662 669857712239532
669857708228872 669857708357154 669857712501974 669857716261560 669857712239654 669857712361438 669857716472158 669857720237254
669857716261572 669857716388078 669857720474188 669857724283682 669857720237694 669857720364934 669857724515710 669857728285786
669857724283694 669857724407272 669857728520666 669857732295544 669857728285932 669857728409174 669857732533466 669857736326972
669857732295556 669857732420326 669857736560396 669857740315810 669857736327176 669857736454484 669857740550360 669857744449056
669857740315822 669857740440602 669857744831590 669857748605438 669857744449223 669857744611172 669857749370166 669857753135416
669857748605450 669857748728312 669857754038120 669857757825260 669857753135830 669857753259276 669857758943572 669857762712780

669857624518752 669857627059304 669857632628828 669857636997744 669857627059398 669857627211248 669857637313070 669857641676304
669857636997756 669857637132650 669857641917684 669857646314378 669857641676814 669857641883462 669857646605642 669857650952162
669857646314390 669857646448186 669857651188012 669857655577236 669857650952366 669857651155448 669857655879358 669857660224158
669857655577248 669857655717018 669857660426314 669857664823112 669857660224368 669857660423350 669857665156972 669857669510762
669857664823124 669857664955546 669857669773346 669857674194284 669857669510966 669857669640748 669857674499332 669857678858278
669857674194296 669857674397590 669857679062500 669857683428310 669857678858692 669857679059812 669857683727100 669857688070906
669857683428322 669857683564372 669857688380006 669857692714454 669857688071116 669857688279416 669857692928396 669857697336318
669857692714466 669857692926050 669857697651374 669857702000148 669857697336486 669857697468000 669857702298600 669857706683970
669857702000160 669857702205212 669857706890942 669857711262358 669857706684160 669857706888130 669857711329358 669857715721560

669856033672860 669856038087174 669856038421070 669856042170110 669856038087212 669856038234140 669856042373166 669856046137746
669856042170122 669856042313162 669856046371186 669856050112636 669856046138228 669856046262256 669856050872340 669856054640448
669856050112648 669856050234682 669856055510866 669856059248294 669856054640886 669856054768088 669856060200420 669856063960544
669856059248306 669856059368442 669856064777870 669856068523814 669856063960934 669856064083124 669856069415924 669856073152678
669856068523826 669856068650494 669856074023966 669856077775676 669856073152886 669856073278858 669856078699854 669856082441032
669856077775688 669856077903780 669856083389698 669856087145954 669856082441238 669856082564288 669856088048564 669856091779250
669856087145966 669856087273454 669856092631454 669856096406544 669856091779402 669856091905510 669856097268740 669856101015420
669856096406556 669856096542564 669856101914708 669856105688320 669856101015594 669856101146364 669856106535730 669856110274876
669856105688332 669856105816266 669856111193284 669856114936136 669856110275086 669856110406794 669856115879798 669856119618756

669854295766898 669854300596874 669854300995842 669854305440570 669854300596963 669854300747549 669854305704128 669854310123402
669854305440582 669854305574298 669854310412266 669854314859852 669854310123822 669854310247552 669854315114252 669854319498544
669854314859864 669854314987554 669854319738592 669854324113428 669854319498784 669854319621364 669854324378226 669854328779526
669854324113440 669854324238376 669854329036890 669854333440714 669854328779758 669854328907362 669854333742002 669854338161554
669854333440726 669854333572138 669854338411916 669854342800694 669854338161674 669854338288172 669854343062810 669854347489632
669854342800706 669854342924076 669854347764390 669854352156158 669854347489832 669854347621622 669854352418094 669854356854934
669854352156204 669854352288488 669854357112212 669854361510694 669854356855128 669854356984210 669854361778932 669854366166686
669854361510706 669854361643350 669854366427214 669854370848170 669854366166892 669854366295850 669854371118468 669854375491938
669854370848182 669854370976402 669854375749794 669854380183680 669854375492074 669854375618022 669854380238134 669854384629492

669862557298657 669862565265669 669862565704808 669862569705492 669862565265755 669862565412502 669862569844182 669862573658836
669862569705538 669862569841080 669862573989768 669862577792728 669862573659854 669862573783740 669862577972742 669862582062136
669862577792740 669862577919620 669862582377456 669862586161360 669862582062304 669862582185690 669862586407026 669862590358374
669862586161372 669862586290108 669862590614852 669862594392974 669862590362056 669862590492692 669862594591080 669862598385980
669862594393494 669862594520694 669862598632666 669862602723100 669862598386180 669862598517532 669862602958212 669862606769526
669862602723146 669862602854542 669862607006642 669862610957480 669862606769716 669862606899512 669862611661160 669862615440490
669862610957492 669862611089322 669862616236964 669862620105764 669862615440692 669862615566880 669862620881874 669862624649360
669862620105810 669862620244544 669862625526968 669862629318080 669862624649526 669862624776404 669862630150265 669862634216430
669862629318126 669862629448268 669862634806770 669862638605864 669862634216644 669862634347100 669862639491094 669862643534428

669858657903130 669858663111568 669858663450576 669858667191076 669858663111658 669858663257256 669858667458750 669858671179860
669858667191088 669858667321150 669858671417956 669858675107526 669858671180368 669858671304056 669858675345416 669858679049030
669858675107538 669858675231726 669858679738216 669858683421080 669858679049546 669858679172250 669858684375774 669858688088076
669858683421092 669858683549534 669858689005266 669858692694768 669858688088322 669858688214064 669858693645440 669858697359468
669858692694780 669858692822484 669858698250774 669858701941830 669858697359680 669858697483944 669858702930934 669858706622266
669858701941842 669858702064862 669858707619192 669858711315418 669858706622732 669858706752426 669858712277660 669858715970790
669858711315430 669858711507722 669858716850460 669858720556088 669858715971020 669858716162236 669858721497872 669858725182300
669858720556134 669858720752304 669858726142242 669858729883786 669858725182512 669858725397184 669858730759104 669858734454120
669858729883798 669858730092114 669858735423298 669858739150214 669858734454614 669858734663470 669858740114904 669858743803248

669855092976700 669855099039956 669855099410458 669855103267846 669855099040052 669855099182936 669855103483922 669855107323104
669855103267858 669855103398340 669855107650410 669855111451102 669855107323920 669855107447568 669855111682406 669855115465260
669855111451148 669855111574610 669855115608702 669855119404270 669855115465808 669855115591392 669855119747030 669855123540572
669855119404282 669855119529718 669855123768522 669855127542806 669855123540876 669855123663512 669855127779308 669855131565732
669855127542818 669855127672902 669855131808786 669855135612740 669855131565922 669855131694908 669855135885072 669855139641090
669855135612752 669855135738298 669855139912002 669855143723608 669855139641228 669855139769658 669855143985066 669855147764018
669855143723620 669855143851334 669855147964858 669855151754824 669855147764228 669855147891526 669855151994958 669855156081892
669855151754836 669855151887826 669855156326790 669855160097528 669855156082022 669855156213786 669855160359536 669855164161244
669855160097540 669855160224942 669855165031270 669855168816096 669855164161432 669855164292382 669855169619294 669855173398644

669852606645206 669852607883768 669852612852692 669852616633080 669852607883864 669852608031258 669852616873358 669852620671904
669852616633092 669852616758600 669852620939546 669852624703500 669852620672362 669852620798598 669852624910372 669852628708014
669852624703512 669852624827218 669852629019174 669852632807038 669852628708494 669852628836268 669852633069772 669852636842862
669852632807050 669852632930944 669852637114976 669852640920630 669852636843062 669852636968548 669852641217518 669852644968500
669852640920642 669852641046850 669852645248670 669852649020356 669852644968932 669852645094656 669852649286074 669852653037890
669852649020368 669852649143702 669852653718056 669852657477856 669852653038088 669852653164672 669852658409808 669852662195668
669852657477868 669852657602818 669852663076714 669852666852686 669852662196218 669852662321746 669852667772210 669852671599344
669852666852698 669852666977188 669852672430850 669852676205244 669852671599554 669852671723746 669852677087594 669852680873816
669852676205256 669852676326936 669852681766916 669852685537786 669852680874014 669852681012506 669852686411236 669852690171144

669862336697910 669862340621054 669862340905902 669862344693372 669862340621104 669862340769550 669862344878798 669862348672362
669862344693384 669862344824902 669862349125098 669862352900492 669862348672474 669862348808326 669862353142440 669862356902830
669862352900504 669862353029764 669862357210762 669862360998656 669862356903990 669862357030586 669862361479884 669862365236970
669862360998668 669862361124802 669862365582760 669862369352238 669862365237088 669862365359388 669862369787686 669862373866886
669862369352250 669862369475702 669862374104426 669862377864348 669862373867026 669862373992230 669862378097002 669862381893450
669862377864360 669862377989250 669862382144976 669862385887452 669862381893740 669862382017604 669862386191300 669862389943354
669862385887464 669862386009976 669862390379412 669862394531832 669862389943874 669862390063966 669862394857720 669862398618278
669862394531844 669862394657224 669862399530772 669862403310958 669862398618494 669862398742906 669862404068116 669862407821066
669862403310970 669862403439298 669862408735928 669862412534034 669862407821250 669862407945290 669862413639390 669862417407546
