16 267
4598491535296692224 46912737599504 670243302311656 670243337305170 46912665595920 46912593498128 670243337305216 670243372276502
46913097900048 46913025802256 670243372282094 670243407127104 46912953798672 46912881700880 670243407127116 670243441987834
46913386102800 46913314005008 670243441988096 670243476823092 46913242001424 46913169903632 670243476823104 670243512153996
46913674305552 46913602207760 670243512161206 670243547056826 46913530204176 46913458106384 670243547056838 670243581957430
46913962508304 46913890410512 670243581957736 670243616829184 46913818406928 46913746309136 670243616829196 670243651697872
46914250711056 46914178613264 670243651698154 670243686613930 46914106609680 46914034511888 670243686613976 670243721508066
46914538913808 46914466816016 670243721508276 670243756470726 46914394812432 46914322714640 670243756470772 670243791390464
46914827116560 46914755018768 670243791390768 670243826331582 46914683015184 46914610917392 670243826331628 670243861253222
46915115319312 46915043221520 670243861253522 670243896237200 46914971217936 46914899120144 670243896237212 670243931211104

46912811790352 46912739692560 670239748335062 670239783372860 46912667688976 46912595591184 670239783372872 670239818386544
46913099993104 46913027895312 670239818393770 670239853420872 46912955891728 46912883793936 670239853420884 670239888431488
46913388195856 46913316098064 670239888432296 670239923318378 46913244094480 46913171996688 670239923318390 670239958194470
46913676398608 46913604300816 670239958194674 670239993181422 46913532297232 46913460199440 670239993181434 670240028039576
46913964601360 46913892503568 670240028039808 670240063600190 46913820499984 46913748402192 670240063600202 670240099293768
46914252804112 46914180706320 670240099293982 670240134208504 46914108702736 46914036604944 670240134208516 670240169149728
46914541006864 46914468909072 670240169149948 670240204211888 46914396905488 46914324807696 670240204211934 670240239246528
46914829209616 46914757111824 670240239246770 670240274270392 46914685108240 46914613010448 670240274270404 670240309951640
46915117412368 46915045314576 670240309951852 670240345014774 46914973310992 46914901213200 670240345014786 670240380037782

46912811790352 46912739692560 670235024109348 670235059110616 46912667688976 46912595591184 670235059110628 670235094131198
46913099993104 46913027895312 670235094138656 670235129093424 46912955891728 46912883793936 670235129093470 670235164028848
46913388195856 46913316098064 670235164036218 670235199018830 46913244094480 46913171996688 670235199018842 670235234044556
46913676398608 46913604300816 670235234052076 670235268627084 46913532297232 46913460199440 670235268627096 670235303161844
46913964601360 46913892503568 670235303169742 670235338277356 46913820499984 46913748402192 670235338277402 670235373249378
46914252804112 46914180706320 670235373254066 670235408257484 46914108702736 46914036604944 670235408257496 670235443278208
46914541006864 46914468909072 670235443283436 670235478235338 46914396905488 46914324807696 670235478235350 670235513140870
46914829209616 46914757111824 670235513146140 670235548115312 46914685108240 46914613010448 670235548115324 670235583699454
46915117412368 46915045314576 670235583703104 670235618674722 46914973310992 46914901213200 670235618674734 670235653604298

46912811790352 46912739692560 670243774168608 670243809272552 46912667688976 46912595591184 670243809272564 670243844482274
46913099993104 46913027895312 670243844490258 670243879503972 46912955891728 46912883793936 670243879504018 670243914528416
46913388195856 46913316098064 670243914532314 670243949321512 46913244094480 46913171996688 670243949321524 670243983999990
46913676398608 46913604300816 670243984000460 670244019005830 46913532297232 46913460199440 670244019005876 670244054020936
46913964601360 46913892503568 670244054024566 670244089498242 46913820499984 46913748402192 670244089498254 670244124641308
46914252804112 46914180706320 670244124645028 670244159621084 46914108702736 46914036604944 670244159621096 670244194518684
46914541006864 46914468909072 670244194518912 670244229464260 46914396905488 46914324807696 670244229464272 670244265023960
46914829209616 46914757111824 670244265024226 670244300582386 46914685108240 46914613010448 670244300582398 670244335483936
46915117412368 46915045314576 670244335484374 670244370426378 46914973310992 46914901213200 670244370426390 670244405428814

46912811790352 46912739692560 670238165129884 670238200119754 46912667688976 46912595591184 670238200119766 670238240058015
46913099993104 46913027895312 670238240059147 670238280313272 46912955891728 46912883793936 670238280313284 670238319105806
46913388195856 46913316098064 670238319109966 670238357384932 46913244094480 46913171996688 670238357384944 670238395897202
46913676398608 46913604300816 670238395897666 670238434678622 46913532297232 46913460199440 670238434678634 670238473446558
46913964601360 46913892503568 670238473447016 670238511938982 46913820499984 46913748402192 670238511939000 670238550649862
46914252804112 46914180706320 670238550650342 670238589361326 46914108702736 46914036604944 670238589361338 670238627891214
46914541006864 46914468909072 670238627896380 670238666421256 46914396905488 46914324807696 670238666421268 670238705153996
46914829209616 46914757111824 670238705154450 670238743896680 46914685108240 46914613010448 670238743896692 670238782375935
46915117412368 46915045314576 670238782376434 670238821037174 46914973310992 46914901213200 670238821037186 670238859671416

46912811790352 46912739692560 670237668596146 670237703639200 46912667688976 46912595591184 670237703639212 670237738730852
46913099993104 46913027895312 670237738738218 670237773816338 46912955891728 46912883793936 670237773816384 670237808912110
46913388195856 46913316098064 670237808915906 670237843857890 46913244094480 46913171996688 670237843857902 670237878841958
46913676398608 46913604300816 670237878842888 670237913705746 46913532297232 46913460199440 670237913705758 670237948673456
46913964601360 46913892503568 670237948680782 670237983571398 46913820499984 46913748402192 670237983571410 670238018483036
46914252804112 46914180706320 670238018490328 670238053419258 46914108702736 46914036604944 670238053419270 670238089028228
46914541006864 46914468909072 670238089035544 670238123992596 46914396905488 46914324807696 670238123992608 670238158991518
46914829209616 46914757111824 670238158998850 670238193958336 46914685108240 46914613010448 670238193958382 670238228945608
46915117412368 46915045314576 670238228952950 670238263860578 46914973310992 46914901213200 670238263860590 670238298829594

46912811790352 46912739692560 670235665876020 670235700252138 46912667688976 46912595591184 670235700252184 670235734594544
46913099993104 46913027895312 670235734600194 670235768848020 46912955891728 46912883793936 670235768848032 670235803072830
46913388195856 46913316098064 670235803078870 670235837917544 46913244094480 46913171996688 670235837917556 670235872155610
46913676398608 46913604300816 670235872155888 670235906363656 46913532297232 46913460199440 670235906363668 670235940550984
46913964601360 46913892503568 670235940551292 670235974800674 46913820499984 46913748402192 670235974800686 670236009006270
46914252804112 46914180706320 670236009006474 670236043201606 46914108702736 46914036604944 670236043201652 670236077383898
46914541006864 46914468909072 670236077384710 670236111602510 46914396905488 46914324807696 670236111602556 670236145776436
46914829209616 46914757111824 670236145776648 670236180034456 46914685108240 46914613010448 670236180034468 670236215029248
46915117412368 46915045314576 670236215029532 670236249295480 46914973310992 46914901213200 670236249295492 670236283507750

46912811790352 46912739692560 670236092357020 670236127415884 46912667688976 46912595591184 670236127415896 670236162486136
46913099993104 46913027895312 670236162490968 670236197484992 46912955891728 46912883793936 670236197485004 670236232457680
46913388195856 46913316098064 670236232461498 670236267360298 46913244094480 46913171996688 670236267360310 670236302268386
46913676398608 46913604300816 670236302268840 670236337250666 46913532297232 46913460199440 670236337250678 670236372213730
46913964601360 46913892503568 670236372214160 670236407190456 46913820499984 46913748402192 670236407190468 670236442175012
46914252804112 46914180706320 670236442175440 670236477149698 46914108702736 46914036604944 670236477149710 670236512083396
46914541006864 46914468909072 670236512083836 670236547093456 46914396905488 46914324807696 670236547093468 670236582098700
46914829209616 46914757111824 670236582103628 670236616998294 46914685108240 46914613010448 670236616998306 670236651931730
46915117412368 46915045314576 670236651932184 670236687356558 46914973310992 46914901213200 670236687356570 670236722576422

46912811790352 46912739692560 670236036291294 670236071391554 46912667688976 46912595591184 670236071391600 670236106514100
46913099993104 46913027895312 670236106518654 670236141479174 46912955891728 46912883793936 670236141479186 670236176424240
46913388195856 46913316098064 670236176428822 670236211689008 46913244094480 46913171996688 670236211689054 670236247156384
46913676398608 46913604300816 670236247156852 670236282859944 46913532297232 46913460199440 670236282859956 670236318196828
46913964601360 46913892503568 670236318197344 670236354184780 46913820499984 46913748402192 670236354184792 670236389198996
46914252804112 46914180706320 670236389199492 670236424133602 46914108702736 46914036604944 670236424133614 670236459786172
46914541006864 46914468909072 670236459786626 670236494698172 46914396905488 46914324807696 670236494702942 670236529635492
46914829209616 46914757111824 670236529635992 670236564615060 46914685108240 46914613010448 670236564615072 670236599576452
46915117412368 46915045314576 670236599576874 670236634589826 46914973310992 46914901213200 670236634589872 670236669597560

46912811790352 46912739692560 670234445460028 670234480509318 46912667688976 46912595591184 670234480509330 670234515591962
46913099993104 46913027895312 670234515592480 670234550575728 46912955891728 46912883793936 670234550575740 670234585576886
46913388195856 46913316098064 670234585577354 670234620195898 46913244094480 46913171996688 670234620195910 670234654808460
46913676398608 46913604300816 670234654816242 670234690439754 46913532297232 46913460199440 670234690439766 670234725301288
46913964601360 46913892503568 670234725301496 670234760212822 46913820499984 46913748402192 670234760212834 670234795137948
46914252804112 46914180706320 670234795145510 670234830115960 46914108702736 46914036604944 670234830116006 670234865052364
46914541006864 46914468909072 670234865059926 670234900678920 46914396905488 46914324807696 670234900678966 670234935550286
46914829209616 46914757111824 670234935555836 670234971063500 46914685108240 46914613010448 670234971063512 670235006183786
46915117412368 46915045314576 670235006183988 670235041177564 46914973310992 46914901213200 670235041177576 670235076169420

46912811790352 46912739692560 670232708143628 670232746746830 46912667688976 46912595591184 670232746746850 670232785603548
46913099993104 46913027895312 670232785604386 670232824274010 46912955891728 46912883793936 670232824274022 670232862802266
46913388195856 46913316098064 670232862803108 670232901340874 46913244094480 46913171996688 670232901340886 670232940159350
46913676398608 46913604300816 670232940160254 670232978497762 46913532297232 46913460199440 670232978497780 670233016946550
46913964601360 46913892503568 670233016946750 670233055704904 46913820499984 46913748402192 670233055704950 670233094070384
46914252804112 46914180706320 670233094071186 670233131634615 46914108702736 46914036604944 670233131634633 670233169505508
46914541006864 46914468909072 670233169510392 670233206766830 46914396905488 46914324807696 670233206766842 670233244053984
46914829209616 46914757111824 670233244058670 670233281389046 46914685108240 46914613010448 670233281389058 670233318644387
46915117412368 46915045314576 670233318644616 670233356074010 46914973310992 46914901213200 670233356074022 670233393705616

46912811790352 46912739692560 670240970485710 670241004857004 46912667688976 46912595591184 670241004857016 670241039216798
46913099993104 46913027895312 670241039221610 670241073459320 46912955891728 46912883793936 670241073459332 670241107736924
46913388195856 46913316098064 670241107740738 670241142002610 46913244094480 46913171996688 670241142002622 670241176278940
46913676398608 46913604300816 670241176279170 670241210562644 46913532297232 46913460199440 670241210562656 670241244872694
46913964601360 46913892503568 670241244877562 670241279236068 46913820499984 46913748402192 670241279236114 670241313682486
46914252804112 46914180706320 670241313687366 670241347974422 46914108702736 46914036604944 670241347974434 670241382267770
46914541006864 46914468909072 670241382272668 670241416516320 46914396905488 46914324807696 670241416516332 670241451411058
46914829209616 46914757111824 670241451412066 670241485567326 46914685108240 46914613010448 670241485567338 670241519791464
46915117412368 46915045314576 670241519796350 670241554012186 46914973310992 46914901213200 670241554012232 670241588245752

46912811790352 46912739692560 670237070208282 670237104932940 46912667688976 46912595591184 670237104932952 670237139268410
46913099993104 46913027895312 670237139268866 670237173453346 46912955891728 46912883793936 670237173453392 670237207605378
46913388195856 46913316098064 670237207609024 670237241822828 46913244094480 46913171996688 670237241822840 670237276036834
46913676398608 46913604300816 670237276040594 670237310254812 46913532297232 46913460199440 670237310254824 670237344469014
46913964601360 46913892503568 670237344472770 670237378754750 46913820499984 46913748402192 670237378754762 670237413040918
46914252804112 46914180706320 670237413044880 670237447319126 46914108702736 46914036604944 670237447319138 670237481635196
46914541006864 46914468909072 670237481638982 670237515889554 46914396905488 46914324807696 670237515889566 670237550496928
46914829209616 46914757111824 670237550500614 670237584703094 46914685108240 46914613010448 670237584703106 670237618938270
46915117412368 46915045314576 670237618942024 670237653100714 46914973310992 46914901213200 670237653100726 670237687254500

46912811790352 46912739692560 670233504151850 670233542256112 46912667688976 46912595591184 670233542256158 670233580492700
46913099993104 46913027895312 670233580492970 670233618337296 46912955891728 46912883793936 670233618337308 670233656297688
46913388195856 46913316098064 670233656297986 670233694480262 46913244094480 46913171996688 670233694480274 670233732563810
46913676398608 46913604300816 670233732564128 670233770592752 46913532297232 46913460199440 670233770592764 670233808807590
46913964601360 46913892503568 670233808807882 670233846972252 46913820499984 46913748402192 670233846972264 670233885178090
46914252804112 46914180706320 670233885178412 670233923479090 46914108702736 46914036604944 670233923479102 670233961660206
46914541006864 46914468909072 670233961660528 670233999671508 46914396905488 46914324807696 670233999671520 670234037849258
46914829209616 46914757111824 670234037849270 670234076007730 46914685108240 46914613010448 670234076007776 670234114123710
46915117412368 46915045314576 670234114124086 670234152293026 46914973310992 46914901213200 670234152293038 670234190407208

46912811790352 46912739692560 670231018042265 670231056980470 46912667688976 46912595591184 670231056980482 670231095973994
46913099993104 46913027895312 670231095977886 670231134210360 46912955891728 46912883793936 670231134210372 670231172716342
46913388195856 46913316098064 670231172720184 670231211629530 46913244094480 46913171996688 670231211629576 670231250554008
46913676398608 46913604300816 670231250554506 670231289143297 46913532297232 46913460199440 670231289143326 670231327952798
46913964601360 46913892503568 670231327953314 670231366887742 46913820499984 46913748402192 670231366887754 670231405575269
46914252804112 46914180706320 670231405576226 670231444077314 46914108702736 46914036604944 670231444077326 670231483037676
46914541006864 46914468909072 670231483038224 670231521867712 46914396905488 46914324807696 670231521867724 670231560260688
46914829209616 46914757111824 670231560261314 670231598544578 46914685108240 46914613010448 670231598544624 670231637191790
46915117412368 46915045314576 670231637192318 670231675581566 46914973310992 46914901213200 670231675581584 670231713816372

46912811790352 46912739692560 670240748436478 670240783374656 46912667688976 46912595591184 670240783380062 670240818342440
46913099993104 46913027895312 670240818346204 670240853198970 46912955891728 46912883793936 670240853198982 670240888062330
46913388195856 46913316098064 670240888066120 670240922957544 46913244094480 46913171996688 670240922957590 670240957905886
46913676398608 46913604300816 670240957906328 670240992793408 46913532297232 46913460199440 670240992793420 670241027733752
46913964601360 46913892503568 670241027734018 670241062677336 46913820499984 46913748402192 670241062677348 670241097611880
46914252804112 46914180706320 670241097612318 670241132554560 46914108702736 46914036604944 670241132554572 670241168212800
46914541006864 46914468909072 670241168213232 670241203059566 46914396905488 46914324807696 670241203059578 670241237985458
46914829209616 46914757111824 670241237985874 670241272708798 46914685108240 46914613010448 670241272708810 670241308222840
46915117412368 46915045314576 670241308223262 670241343094200 46914973310992 46914901213200 670241343094212 670241377984846
