16 323
670182642696496 670182655669666 670182671242430 670182706096068 670182655669868 670182661887420 670182706114662 670182741047146
670182741048516 670182745038042 670182758177798 670182793067528 670182745038326 670182751404178 670182793148644 670182828518934
670182828524950 670182829610190 670182838904894 670182873625278 670182829610202 670182830512070 670182873702180 670182908572634
670182908578348 670182909657024 670182919498946 670182954178828 670182909657270 670182910564142 670182954207706 670182989131030
670182989135880 670182990086592 670183012648740 670183047360494 670182990086874 670182990997690 670183047390082 670183082355990
670183082360808 670183083297524 670183108262206 670183143004242 670183083297806 670183084210952 670183143030612 670183177911320
670183177917116 670183178861764 670183200890634 670183235682606 670183178862046 670183179773420 670183235712204 670183270550764
670183270555534 670183271484970 670183292075416 670183326841914 670183271485218 670183272389364 670183326872168 670183361699888
670183361704596 670183362632850 670183377508234 670183412312020 670183362633056 670183363544738 670183412339170 670183447168568

670179089135496 670179102543358 670179117339260 670179152218566 670179102543522 670179108933124 670179152240948 670179187195948
670179187201640 670179191450518 670179204994168 670179239683512 670179191450812 670179197986586 670179239716172 670179274615308
670179274620326 670179275574954 670179283926644 670179318766260 670179275575236 670179276482960 670179318797988 670179353755202
670179353760818 670179354717262 670179366548612 670179401410584 670179354717362 670179355631200 670179401492558 670179436383102
670179436388138 670179437470520 670179444031836 670179478937512 670179437470622 670179438371668 670179478951932 670179513813060
670179513819292 670179514775666 670179536172232 670179571044576 670179514775678 670179515674420 670179571124718 670179606039656
670179606047078 670179607143924 670179630848960 670179665574976 670179607144024 670179608050580 670179665607094 670179700587704
670179700593714 670179701543110 670179724260400 670179759045290 670179701543354 670179702454160 670179759076560 670179794018160
670179794023602 670179794963604 670179815066016 670179849823944 670179794963854 670179795867358 670179849853240 670179884832456

670174364963780 670174378107622 670174392863582 670174427743580 670174378107810 670174384496108 670174427767544 670174462737338
670174462741978 670174466951104 670174481807452 670174516611934 670174466951388 670174473445324 670174516631858 670174551623714
670174551628362 670174552589038 670174565699518 670174600600718 670174552589326 670174553506500 670174600634864 670174635555856
670174635560544 670174636510888 670174643172710 670174678069218 670174636511140 670174637428986 670174678088876 670174712923936
670174712928462 670174713877466 670174737243240 670174772133138 670174713877748 670174714784926 670174772164678 670174807034484
670174807039046 670174807996294 670174825883064 670174860736336 670174807996584 670174808909518 670174860772364 670174895700858
670174895705456 670174896655156 670174918371154 670174953151610 670174896655440 670174897570444 670174953182058 670174988134602
670174988139176 670174989094494 670175008287532 670175043133966 670174989094748 670174990003494 670175043165388 670175078081578
670175078086202 670175079046322 670175100042322 670175134874124 670175079046604 670175080009238 670175134908636 670175169889130

670183115113100 670183128543724 670183143571986 670183178500022 670183128543870 670183134927302 670183178580136 670183213693058
670183213697936 670183217672136 670183229918814 670183264736206 670183217672170 670183224215982 670183264754562 670183299753216
670183299757732 670183300708816 670183310031882 670183344917188 670183300709080 670183301628220 670183344947542 670183380033216
670183380037726 670183380991388 670183403794552 670183438601042 670183380991616 670183381895896 670183438629318 670183473630716
670183473634650 670183474580346 670183495675262 670183530472726 670183474580576 670183475490540 670183530556702 670183565509450
670183565513370 670183566600204 670183587243960 670183622062410 670183566600250 670183567505280 670183622086904 670183656981792
670183656985666 670183657921762 670183678447812 670183713285100 670183657922024 670183658851702 670183713310490 670183748223588
670183748229188 670183749184158 670183770063908 670183804845772 670183749184418 670183750099926 670183804873568 670183840384950
670183840389920 670183841344996 670183861642980 670183896435872 670183841345222 670183842259062 670183896467656 670183931461578

670177506146054 670177519291004 670177535051090 670177569919686 670177519291220 670177525651240 670177569988358 670177604961562
670177604965408 670177608948580 670177627360278 670177662129236 670177608948828 670177615442452 670177662159550 670177696968074
670177696973074 670177697921888 670177707892934 670177742620720 670177697922172 670177698819922 670177742649830 670177777527916
670177777533852 670177778481536 670177802419632 670177837097562 670177778481582 670177780827456 670177837125022 670177871906862
670177871911866 670177872845606 670177899479068 670177934220676 670177872845618 670177873746926 670177934250962 670177969089586
670177969094594 670177970034330 670177992028362 670178026802488 670177970034342 670177970936104 670178026833488 670178061713874
670178061719242 670178062653260 670178083313940 670178117957352 670178062653508 670178063552688 670178117987320 670178152743668
670178152748800 670178153681032 670178168831184 670178203522524 670178153681280 670178154577246 670178203554064 670178238346392
670178238351478 670178239277136 670178259912704 670178294665850 670178239277416 670178240173150 670178294696730 670178329544938

670177009751926 670177022686770 670177037905314 670177072077264 670177022686898 670177029045554 670177072144544 670177107172058
670177107176892 670177111371252 670177124842182 670177158969414 670177111371532 670177117849088 670177158997628 670177193252092
670177193255870 670177194185186 670177205437714 670177239901642 670177194185198 670177195076692 670177239982528 670177274193856
670177274198952 670177275269738 670177286127850 670177320308464 670177275270020 670177276157272 670177320337472 670177354639178
670177354643436 670177355571652 670177379673970 670177413761254 670177355571902 670177356459394 670177413792292 670177448012492
670177448017554 670177448952654 670177474884446 670177508908764 670177448952934 670177449836402 670177508942256 670177543142838
670177543147918 670177544073828 670177568894106 670177602977036 670177544074074 670177544953780 670177603006886 670177637172244
670177637177336 670177638103754 670177660114834 670177694228452 670177638104002 670177638991704 670177694259742 670177728449694
670177728450686 670177729377224 670177745395690 670177779441548 670177729377508 670177730266300 670177779476092 670177813640090

670175006851540 670175020563552 670175035359172 670175069550676 670175020563752 670175026969542 670175069569996 670175103852160
670175103858200 670175108075034 670175124030742 670175158093736 670175108075284 670175114585964 670175158122984 670175192335456
670175192341194 670175193267294 670175206878834 670175240981580 670175193267492 670175194155422 670175241056346 670175275296886
670175275302514 670175276371796 670175302032646 670175336780850 670175276372044 670175277256454 670175336812966 670175371005554
670175371011188 670175371945768 670175393939936 670175428003192 670175371946052 670175372839998 670175428029918 670175462223272
670175462228880 670175463155102 670175485286520 670175519425960 670175463155384 670175464038174 670175519452658 670175553685114
670175553690726 670175554638380 670175576487324 670175610621552 670175554638666 670175555523298 670175610649010 670175644869310
670175644874994 670175645800736 670175668148958 670175702305380 670175645801024 670175646686798 670175702333642 670175736568074
670175736573992 670175737495666 670175759567692 670175793652120 670175737495952 670175738381232 670175793680272 670175827899902

670175433622828 670175447302404 670175462493800 670175497363860 670175447302628 670175453708682 670175497428528 670175532460002
670175532466024 670175536469204 670175553933816 670175588732016 670175536469270 670175543029402 670175588758934 670175623733070
670175623737544 670175626154116 670175648898456 670175683683380 670175626154198 670175627057878 670175683709368 670175718647778
670175718653292 670175719610258 670175740864762 670175775619472 670175719610804 670175720523070 670175775646602 670175810515732
670175810522632 670175811468718 670175832285022 670175867107350 670175811468996 670175812401252 670175867133526 670175902103970
670175902110130 670175903053654 670175923634160 670175958393310 670175903053900 670175903955254 670175958420176 670175993314116
670175993318694 670175994266146 670176015141966 670176049903852 670175994266392 670175995171510 670176049930066 670176084926910
670176084931362 670176085876142 670176106601354 670176141365606 670176085876226 670176086784586 670176141393116 670176176524734
670176176525730 670176177476506 670176198122166 670176232928926 670176177476790 670176178382746 670176232955114 670176267865412

670175377136062 670175391241197 670175407281286 670175444971316 670175391241420 670175398018268 670175445049618 670175483168340
670175483176474 670175487520309 670175498817442 670175536052028 670175487521225 670175494199502 670175536073024 670175574229104
670175574234316 670175575178604 670175593211250 670175630676004 670175575178850 670175576084316 670175630707142 670175668737552
670175668742866 670175669762772 670175683809844 670175721550580 670175669763052 670175670658072 670175721686874 670175759723304
670175759726932 670175760956602 670175776547668 670175814253670 670175760956850 670175766512478 670175814396896 670175852299180
670175852304114 670175853556746 670175867869736 670175905833782 670175853556998 670175858848154 670175905963992 670175943650582
670175943655888 670175944965251 670175959382152 670175997060457 670175944965528 670175950353810 670175997093838 670176034936072
670176034941600 670176035991240 670176050925472 670176088284620 670176035991508 670176036981954 670176088344215 670176126292708
670176126298018 670176127233476 670176142362263 670176180044504 670176127233726 670176128125946 670176180079764 670176218158694

670173786527644 670173800027016 670173815510948 670173849847588 670173800027212 670173806392676 670173849915436 670173884325550
670173884331812 670173888519702 670173907198294 670173941433314 670173888519994 670173895010758 670173941461648 670173975785062
670173975791510 670173976716130 670173987699606 670174021918316 670173976716386 670173977605680 670174021946194 670174056221472
670174056227614 670174057300580 670174082377696 670174117250324 670174057300870 670174058198722 670174117282374 670174151547446
670174151553700 670174152486866 670174179435486 670174213649158 670174152486962 670174153374534 670174213675906 670174247913706
670174247921500 670174248875032 670174272028352 670174306268238 670174248875318 670174249774076 670174306299644 670174340585046
670174340591286 670174341742442 670174363273968 670174397516512 670174341742454 670174342637800 670174397596570 670174431900970
670174431908216 670174432968854 670174448677082 670174482875200 670174432969152 670174433857760 670174482957756 670174517203032
670174517209276 670174518268410 670174539868370 670174574054634 670174518268698 670174519168840 670174574141382 670174609123114

670172049021190 670172062634848 670172077531428 670172112584328 670172062635046 670172069068706 670172112649904 670172147882536
670172147888232 670172152148172 670172169653154 670172204497078 670172152148224 670172158683036 670172204611086 670172239557694
670172239562474 670172240853412 670172264711948 670172299562654 670172240853504 670172246151678 670172299697356 670172334684394
670172334689190 670172335973158 670172356681236 670172391564922 670172335973210 670172341285642 670172391698776 670172426603778
670172426608540 670172427914574 670172448012038 670172482888068 670172427914662 670172433220536 670172483020880 670172517992912
670172517998590 670172519260278 670172539357984 670172574163328 670172519260366 670172524567908 670172574290398 670172609169644
670172609174456 670172610443612 670172630865068 670172665739286 670172610443666 670172615762300 670172665867498 670172700853438
670172700858228 670172702126094 670172722413580 670172757205524 670172702126182 670172707416802 670172757333126 670172792242432
670172792247208 670172793519740 670172813846562 670172848659156 670172793519834 670172798816664 670172848788060 670172883664034

670180311303350 670180325049008 670180341749318 670180378731458 670180325049228 670180331805054 670180378807760 670180416327754
670180416331482 670180420383100 670180432922984 670180470257230 670180420383132 670180427231866 670180470461738 670180507794290
670180507798356 670180515214002 670180527705706 670180564531264 670180515214068 670180522053936 670180564733138 670180602111350
670180602115520 670180608103936 670180619209804 670180656506410 670180608104034 670180614962580 670180656675680 670180693983426
670180693987296 670180699940524 670180711012360 670180747843142 670180699940622 670180706765878 670180748017940 670180785041016
670180785046022 670180791250324 670180802361596 670180839502996 670180791250384 670180798120896 670180839680480 670180876566218
670180876571104 670180882777120 670180893871832 670180930679738 670180882777212 670180889372148 670180930854426 670180968144168
670180968148826 670180974351620 670180985419992 670181022334928 670180974351716 670180980961154 670181022502274 670181059798132
670181059802176 670181065747202 670181076863458 670181114172618 670181065747304 670181072600072 670181114347162 670181151683456

670176410982396 670176424469254 670176439615494 670176474275436 670176424469454 670176430900974 670176474338704 670176509225046
670176509231332 670176513348756 670176531233438 670176565759072 670176513349000 670176519921874 670176565784134 670176600515928
670176600521272 670176601472834 670176611780204 670176646293332 670176601473082 670176602373722 670176646319008 670176680939878
670176680944764 670176681894946 670176706554694 670176741109846 670176681895230 670176682786740 670176741137472 670176775755040
670176775759930 670176776701650 670176803518170 670176838057152 670176776701932 670176777592318 670176838083170 670176872689050
670176872694968 670176873630120 670176896012746 670176930614434 670176873630370 670176874532736 670176930642936 670176965283398
670176965284022 670176966221332 670176987368314 670177021887444 670176966221558 670176967116460 670177021914512 670177056701902
670177056706840 670177057657026 670177072792658 670177107369704 670177057657308 670177058575308 670177107397082 670177142161254
670177142161794 670177143097674 670177164047860 670177198494630 670177143097686 670177144005622 670177198520320 670177233196320

670172845314850 670172858802160 670172873772918 670172909412572 670172858802286 670172865254766 670172909435600 670172944440772
670172944446108 670172948691084 670172964083656 670172999077672 670172948691364 670172955285488 670172999104516 670173034042900
670173034047992 670173034995892 670173042189370 670173077021458 670173034995972 670173035905562 670173077048764 670173112049026
670173112054330 670173113009712 670173121938074 670173156815430 670173113009724 670173113926882 670173156846618 670173191841180
670173191846284 670173192819016 670173216734520 670173251535180 670173192819294 670173193730136 670173251563006 670173286527494
670173286532034 670173287473060 670173312377214 670173347145302 670173287473342 670173288388026 670173347174226 670173382129896
670173382134904 670173383085356 670173404944070 670173439825682 670173383085634 670173383996670 670173439852700 670173475503714
670173475508468 670173476471624 670173496413816 670173531370082 670173476471906 670173477384338 670173531398268 670173566327366
670173566332364 670173567291816 670173581846626 670173616884484 670173567292098 670173568204520 670173616913220 670173651836318

670170359051346 670170372432406 670170387533070 670170422479542 670170372432622 670170378923330 670170422499944 670170457577178
670170457582204 670170461819166 670170478200070 670170513050484 670170461819426 670170468424822 670170513067332 670170548167874
670170548173580 670170549276462 670170559873044 670170594729808 670170549276692 670170550192428 670170594746406 670170629696444
670170629702100 670170630654326 670170654512658 670170689414790 670170630654592 670170631564306 670170689445486 670170724403398
670170724408560 670170725361572 670170746420970 670170781359642 670170725361804 670170726276770 670170781381160 670170816321528
670170816327080 670170817273802 670170837773196 670170872563724 670170817274064 670170818183528 670170872593350 670170907519242
670170907524528 670170908483770 670170928962792 670170963703698 670170908484036 670170909396676 670170963731008 670170998699054
670170998704684 670170999728986 670171020619462 670171055481432 670170999729210 670171000624832 670171055512896 670171090533694
670171090539386 670171091500528 670171112083994 670171146928380 670171091500764 670171093896688 670171146961266 670171182032770

670180089476640 670180102781370 670180118380944 670180153073698 670180102781554 670180109146494 670180153146522 670180187860226
670180187865238 670180191845300 670180208345220 670180242928734 670180191845388 670180198318136 670180242955670 670180277513132
670180277518092 670180279900476 670180303166990 670180337627920 670180279900564 670180280802224 670180337654320 670180372243608
670180372248412 670180373196452 670180396893042 670180431351178 670180373196736 670180374100734 670180431374172 670180465974850
670180465979616 670180466926172 670180487867912 670180522369476 670180466926454 670180467820616 670180522396614 670180557028640
670180557033704 670180557962128 670180579223058 670180613693006 670180557962414 670180558857486 670180613719224 670180648331068
670180648336118 670180649275570 670180670734200 670180705234628 670180649275664 670180650175934 670180705259284 670180739714538
670180739719504 670180740678486 670180762180796 670180796665820 670180740678774 670180743031706 670180796694130 670180831224336
670180831229428 670180832172894 670180853717226 670180888306054 670180832173178 670180833079434 670180888329014 670180922891340
