16 3874
671404066862258 671404111948406 671404276475736 671404724045828 671404111948654 671404161943450 671404743664268 671405190483132
671404724045840 671404743653042 671405256087408 671405700925210 671405190483630 671405209376622 671405726350720 671406170945562
671405700925222 671405720850880 671406423616370 671406870192306 671406170946960 671406190387268 671406894254306 671407341133396
671406870192318 671406890371792 671407477539772 671407922981640 671407341134836 671407360909500 671407942854068 671408388131840
671407922981652 671407942841812 671408516102400 671408961012264 671408388133386 671408407586202 671408981334632 671409427834408
671408961012276 671408981302464 671409715941614 671410162702950 671409427835986 671409447560830 671410183945278 671410629318828
671410162702962 671410182679518 671410711141416 671411156248680 671410629318896 671410648429230 671411176418852 671411621581354
671411156248726 671411176406434 671411843629790 671412290983402 671411621583322 671411641217294 671412310988832 671412758106266
671412290983414 671412310976784 671412863983124 671413308790210 671412758107808 671412777662530 671413314193738 671413758889458

671400510796096 671400556205090 671400719129710 671401167840690 671400556205376 671400605313998 671401187596798 671401636150422
671401167840702 671401187583842 671401884503688 671402332010702 671401636156564 671401655739692 671402352126548 671402799886814
671402332010714 671402352110564 671402945951516 671403394729052 671402799895980 671402820024830 671403414847958 671403862243730
671403394729064 671403414833314 671403981967382 671404429377656 671403862245596 671403882319450 671404449500284 671404897829450
671404429377668 671404449488428 671405183675574 671405631411344 671404897831100 671404917898198 671405651477182 671406100074806
671405631411390 671405651466374 671406193519562 671406641335152 671406100075458 671406120486388 671406661496152 671407108618574
671406641335164 671406661485650 671407316015982 671407763682018 671407108618868 671407128771368 671407784138754 671408231336834
671407763682030 671407784125834 671408353528946 671408801534818 671408231337082 671408251736018 671408821697244 671409269653092
671408801534830 671408821682746 671409498764278 671409946112442 671409269658888 671409289767704 671409983232272 671410432199628

671395783041558 671395834125352 671395991658154 671396440022968 671395834125974 671395885135012 671396459636514 671396908459068
671396440022980 671396459620708 671397044713410 671397493147980 671396908465392 671396928129284 671397513248798 671397962076292
671397493147992 671397513235466 671398166557972 671398614550736 671397962083894 671397981487050 671398634654408 671399083223030
671398614550748 671398634641376 671399315412482 671399762011860 671399083225326 671399102652188 671399786377592 671400276749188
671399762011872 671399782329454 671400401015184 671400884846756 671400276752738 671400297310949 671400905727782 671401381766930
671400884846768 671400905713694 671401514994900 671401962093814 671401381772938 671401401355692 671401982201834 671402430023210
671401962093826 671401982188390 671402499052794 671402945866818 671402430028724 671402449395312 671402975735454 671403423871302
671402945866830 671402966175928 671403664148842 671404111576328 671403423871638 671403443799684 671404131622210 671404579055984
671404111576340 671404131610334 671404729928698 671405177378606 671404579059532 671404598491106 671405177408352 671405626169478

671404533843286 671404586196230 671404743388078 671405193223202 671404586196622 671404636913776 671405213126316 671405661208030
671405193223214 671405213113846 671405739067660 671406188519240 671405661208134 671405681253502 671406208548524 671406658418418
671406188519252 671406208532284 671406757008602 671407206394272 671406658422936 671406678369434 671407226142734 671407674088090
671407206394284 671407226130268 671407890385048 671408339653090 671407674090010 671407694061092 671408360631392 671408808345980
671408339653136 671408359333062 671409086520452 671409535424494 671408808347886 671408828367704 671409555305334 671410003991890
671409535424540 671409555293046 671410179307158 671410627658904 671410003993886 671410024288352 671410647532788 671411095039136
671410627658950 671410647519864 671411232956690 671411682284296 671411095041128 671411114927656 671411707837646 671412156044862
671411682284308 671411702328394 671412220156716 671412670136856 671412156052318 671412176152614 671412699740928 671413146594402
671412670136902 671412690456368 671413400623894 671413849242648 671413146598030 671413166838632 671413854690476 671414302096928

671398917946580 671398938888188 671399098454036 671399548873638 671398938888478 671398990122000 671399574739918 671400024580474
671399548873650 671399569197696 671400107235826 671400557650772 671400024581168 671400045021136 671400597033986 671401047224336
671400557650784 671400578114288 671401116218114 671401565865092 671401047226486 671401067725510 671401586264720 671402034945288
671401565865104 671401586216862 671402254351578 671402704328194 671402034949872 671402055357316 671402724460504 671403173939980
671402704328240 671402724448040 671403301434624 671403752051502 671403173945880 671403194227942 671403772268066 671404221501598
671403752051514 671403772228592 671404458761778 671404908881556 671404221508564 671404241679228 671404932919428 671405381815966
671404908881568 671404928930046 671405619666968 671406068994012 671405381816048 671405401360684 671406093192790 671406542616238
671406068994024 671406089155026 671406606885144 671407056633444 671406542623904 671406562791014 671407080879864 671407530411320
671407056633456 671407076923998 671407797528174 671408252614092 671407530412688 671407550787460 671408252690696 671408738449780

671398424300016 671398476534942 671398636224352 671399086197190 671398476535362 671398527834282 671399106594112 671399554953684
671399086197202 671399106582862 671399627999272 671400077486428 671399554954748 671399575422460 671400103395850 671400551411056
671400077486440 671400097669796 671400779307222 671401227882702 671400551416926 671400571560572 671401248148664 671401698442574
671401227882714 671401248135460 671401831248688 671402278270308 671401698449944 671401718681888 671402298628196 671402746613526
671402278270320 671402298611984 671402974043388 671403421058296 671402746615874 671402767015042 671403445223924 671403894818034
671403421058308 671403441189432 671404149771330 671404597877636 671403894821610 671403915014886 671404618335376 671405065993858
671404597877648 671404618322536 671405137113246 671405584409456 671405065996102 671405086374692 671405604543458 671406052708754
671405584409468 671405604529104 671406267662422 671406715234916 671406052714804 671406072915458 671406735566384 671407184083754
671406715234928 671406735551970 671407262856496 671407709717282 671407184085670 671407204431694 671407709756068 671408158165076

671396422531740 671396475689738 671396645312388 671397093316934 671396475690038 671396527497432 671397113579674 671397562130192
671397093316946 671397113567066 671397728902000 671398178311324 671397562132502 671397582548648 671398198457002 671398647667588
671398178311370 671398198441872 671398772678984 671399222460038 671398647674652 671398667771260 671399242579382 671399689999168
671399222460050 671399242567948 671399958020848 671400406765578 671399690002778 671399710107746 671400426340998 671400913424650
671400406765590 671400426330986 671401109257308 671401583439636 671400913425506 671400933978410 671401604256216 671402078073578
671401583439648 671401604242342 671402156569864 671402604043436 671402078079692 671402098702460 671402624150300 671403072113536
671402604043448 671402624138340 671403271983348 671403720301280 671403072117128 671403092332738 671403747918456 671404197321574
671403720301326 671403740622412 671404292514898 671404740391586 671404197323870 671404217227168 671404760606782 671405208407278
671404740391598 671404760592984 671405523914832 671405972238100 671405208412640 671405228537024 671406014318378 671406463933912

671396845887122 671396889493478 671397037783790 671397486067690 671396889493728 671396937512810 671397505211448 671397953695478
671397486067736 671397505200256 671398049110956 671398497055234 671397953701822 671397972829040 671398516139218 671398964621382
671398497055280 671398516128908 671399131581532 671399579325712 671398964622110 671398983731544 671399598418938 671400046365690
671399579325758 671399598409384 671400238630396 671400686477970 671400046365920 671400065366488 671400705493008 671401153001204
671400686477982 671400705482518 671401425022852 671401872861122 671401153007410 671401171899760 671401892337084 671402339781374
671401872861134 671401892327318 671402569072462 671403016856096 671402339788454 671402359211764 671403035740450 671403483228630
671403016856108 671403035730740 671403558371510 671404005690610 671403483235438 671403502300236 671404028438706 671404476048808
671404005690622 671404024905444 671404741068884 671405189383248 671404476055988 671404495229906 671405208589322 671405656734874
671405189383260 671405208579066 671405755197920 671406202715870 671405656739778 671405676073604 671406202739192 671406650733012

671396792190526 671396835806594 671396996313790 671397445485106 671396835807532 671396886381374 671397465946920 671397913933416
671397445485118 671397465932230 671398008573546 671398457327280 671397913934238 671397934080714 671398477821230 671398926115390
671398457327292 671398477806252 671399136722596 671399582832744 671398926122056 671398946571052 671399608650578 671400054990928
671399582832756 671399603044688 671400207052956 671400654397888 671400054991212 671400075229004 671400674895982 671401123005396
671400654397900 671400674881986 671401377928806 671401824849888 671401123011386 671401143548498 671401848332090 671402295917512
671401824849900 671401844848510 671402524978198 671402972447694 671402295922692 671402315811096 671402992748196 671403440126962
671402972447706 671402992737988 671403505480342 671403953375474 671403440128580 671403460440424 671403981970994 671404428344998
671403953375486 671403973089122 671404700583334 671405148676356 671404428346582 671404448794272 671405168677364 671405615978750
671405148676368 671405168664012 671405689257126 671406136644970 671405615984784 671405636218110 671406140152358 671406587542582

671395202766270 671395245885598 671395394882514 671395844342974 671395245885896 671395293960220 671395868737108 671396317761796
671395844342986 671395863461386 671396574212162 671397023582476 671396317768590 671396336916796 671397042916984 671397492802788
671397023582522 671397042905554 671397638654284 671398087248974 671397492809860 671397512116702 671398109969704 671398557898820
671398087248986 671398106306488 671398746363996 671399201449446 671398557904312 671398577242524 671399221421596 671399708830220
671399201449458 671399221408016 671399889215890 671400364880104 671399708831222 671399728250024 671400393788600 671400853745588
671400364880116 671400384798272 671400918420630 671401366008664 671400853752140 671400873134142 671401385048306 671401833152598
671401366008710 671401385038978 671402053121154 671402502343862 671401833158312 671401852203102 671402521709252 671402969748216
671402502343908 671402521699192 671403090535686 671403538803890 671402969748256 671402989055198 671403557869574 671404005446474
671403538803902 671403557859878 671404300168666 671404748864768 671404005451546 671404024508854 671404752368948 671405200334188

671393466953156 671393518184032 671393691807350 671394140726734 671393518184336 671393568611990 671394171228580 671394620093092
671394140726780 671394160686874 671394766118414 671395214820076 671394620094728 671394671271918 671395236567456 671395687191072
671395214820088 671395234441036 671395882939978 671396331286000 671395687195588 671395737520252 671396381093698 671396828807754
671396331286012 671396381081362 671397013491150 671397461486444 671396828808462 671396879070216 671397512642150 671397961291392
671397461486456 671397512628248 671398148396964 671398596592998 671397961297466 671398012636946 671398618066610 671399066849342
671398596593010 671398616623786 671399219395750 671399668846502 671399066852974 671399115290244 671399698050840 671400145814192
671399668846514 671399689097874 671400312633654 671400762128996 671400145815852 671400196789606 671400788383840 671401236088956
671400762129008 671400782203078 671401374917644 671401860941108 671401236090932 671401284617666 671401909546690 671402399814450
671401860941154 671401882035314 671402564600406 671403054938510 671402399815530 671402452970126 671403059211922 671403540410224

671401732546870 671401779643464 671401962731526 671402412104340 671401779643832 671401832194904 671402437864384 671402888261020
671402412104386 671402432205094 671403000947146 671403450658790 671402888266248 671402908456926 671403480265944 671403931469202
671403450658802 671403470821422 671404084772400 671404534891700 671403931471848 671403951695462 671404555110940 671405005605904
671404534891712 671404555097198 671405273863608 671405722642230 671405005608100 671405025809328 671405743031340 671406192308506
671405722642242 671405743016678 671406416849964 671406868412968 671406192309202 671406212825210 671406888582640 671407337995860
671406868412980 671406888567294 671407454578192 671407905997416 671407338000356 671407358202674 671407926035480 671408375066284
671407905997462 671407926022492 671408586661576 671409036835534 671408375067164 671408395155784 671409057289236 671409508172746
671409036835546 671409057275846 671409631168450 671410080351256 671409508179306 671409528673834 671410110040930 671410559834044
671410080351268 671410100611824 671410831344874 671411280446918 671410559837646 671410580086478 671411287968014 671411739962882

671397827746854 671397879307174 671398042618658 671398486793342 671397879307440 671397931091382 671398506807602 671398950657866
671398486793388 671398506796486 671399200653338 671399645027176 671398950662628 671398970492940 671399665136636 671400109954788
671399645027188 671399665121642 671400266616648 671400710434050 671400109959392 671400129804556 671400730727486 671401174239824
671400710434062 671400730714260 671401329631112 671401771707030 671401174244958 671401194255662 671401791559496 671402234376808
671401771707042 671401791545454 671402506474822 671402950521356 671402234377168 671402254089910 671402974820738 671403418295036
671402950521368 671402970789272 671403503372334 671403947209508 671403418298596 671403438166950 671403971366774 671404413947180
671403947209520 671403967129246 671404636620966 671405080885450 671404413948198 671404433465608 671405100995424 671405544900968
671405080885462 671405100983644 671405675913114 671406119758488 671405544907760 671405564790694 671406139918560 671406583590518
671406119758500 671406139904124 671406823247290 671407266438648 671406583595682 671406603554666 671407266467046 671407710796990

671394259700542 671394306158908 671394492866754 671394942335202 671394306159196 671394358434804 671394987836270 671395436284120
671394942335214 671394987821600 671395629189652 671396077795346 671395436290280 671395488067200 671396108692938 671396557866934
671396077795358 671396098227062 671396709116646 671397157660274 671396557877162 671396610577348 671397185650914 671397634255258
671397157660286 671397178065910 671397804043274 671398252546394 671397634256636 671397684512050 671398298230616 671398746146450
671398252546406 671398298216856 671398931465588 671399379796394 671398746150456 671398797892470 671399400020094 671399847873446
671399379796406 671399399943610 671399971218664 671400419798640 671399847877294 671399877144738 671400467018746 671400916192230
671400419798652 671400439849466 671401061782128 671401509796262 671400916193254 671400967509964 671401533261044 671401981552226
671401509796274 671401530182872 671402155666862 671402602286616 671401981558758 671402033522044 671402650837452 671403099316386
671402602286628 671402622399870 671403244349762 671403727023154 671403099322878 671403150074928 671403735052582 671404215627336

671391773828638 671391804642930 671391969827182 671392417357778 671391804643208 671391854124166 671392447382966 671392893098718
671392417357790 671392447368440 671393148614434 671393595581098 671392893098790 671392943186148 671393627037348 671394073825888
671393595581144 671393615938784 671394235418478 671394680443536 671394073832158 671394123881514 671394736292642 671395182380626
671394680443548 671394720110598 671395328689556 671395773630096 671395182384260 671395232764380 671395803224412 671396248431564
671395773630108 671395803211100 671396457160754 671396902636810 671396248434294 671396297967592 671396930976804 671397377646540
671396902636822 671396922956832 671397505387102 671397950080192 671397377653480 671397427820484 671397975835384 671398420819660
671397950080204 671397970101956 671398620270630 671399066215180 671398420825160 671398440779528 671399112098938 671399557685782
671399066215192 671399086319592 671399675607120 671400122274122 671399557693484 671399601961408 671400163388566 671400608391034
671400122274134 671400142556848 671400877122064 671401357886712 671400608392134 671400658044168 671401366980322 671401847538216

671401506413846 671401543930728 671401702184502 671402148216170 671401543930950 671401591182400 671402168101688 671402613814692
671402148216182 671402168089556 671402768755126 671403214538654 671402613816598 671402633156090 671403234488994 671403680566754
671403214538666 671403234477016 671403907872898 671404354178914 671403680573592 671403699673374 671404373892706 671404818442396
671404354178960 671404373881248 671405044971746 671405489602640 671404818443964 671404838253752 671405512837148 671405957543426
671405489602652 671405508932198 671406120233880 671406565820250 671405957543644 671405976698994 671406585952234 671407031430952
671406565820296 671406585940562 671407235484048 671407680224406 671407031437166 671407051351494 671407699803534 671408144232382
671407680224418 671407699792982 671408229395388 671408674575722 671408144237478 671408163791580 671408699788494 671409144610868
671408674575768 671408694404246 671409410809344 671409855873206 671409144615778 671409163712904 671409875808848 671410320838496
671409855873218 671409875796046 671410454066316 671410898490988 671410320843384 671410340601598 671410898513962 671411343461032
