16 35
669831644144542 669831647137138 669831652743462 669831657245932 669831657245944 669831657372838 669831657496430 669831661853974
669831661854330 669831661981050 669831662153962 669831666526898 669831666526910 669831666650388 669831666831250 669831671212366
669831671212818 669831671336458 669831671479858 669831675849654 669831675849666 669831675974264 669831676154366 669831680604508
669831680604918 669831680735142 669831680855702 669831685229278 669831685229290 669831685352980 669831685470264 669831689938008
669831689938226 669831690070266 669831690210374 669831694575160 669831694575172 669831694698474 669831694813804 669831699276658
669831699277082 669831699404982 669831699527004 669831703896186 669831703896232 669831704016244 669831704132428 669831708583064
669831708583424 669831708714455 669831708833871 669831713230164 669831713230176 669831713353184 669831713467998 669831717841178
669831717841376 669831717967784 669831718094136 669831722547280 669831722547292 669831722674404 669831722792730 669831727176114
669831727176224 669831727299356 669831727415112 669831731885192 669831731885204 669831732011996 669831732132854 669831736505012

669828091472452 669828099876831 669828100005506 669828104501884 669828104501930 669828104627250 669828104746334 669828109160106
669828109160228 669828109285164 669828109402854 669828113835676 669828113835722 669828113960476 669828114078710 669828118477806
669828118477880 669828118609040 669828118728336 669828123158716 669828123158728 669828123283300 669828123401584 669828127795378
669828127795458 669828127917326 669828128032454 669828132438538 669828132438550 669828132563246 669828132682130 669828137145478
669828137145580 669828137274752 669828137419736 669828141812072 669828141812084 669828141934380 669828142047516 669828146460554
669828146460652 669828146584412 669828146701554 669828151114974 669828151114986 669828151236998 669828151354306 669828155808896
669828155809038 669828155931546 669828156047808 669828160440356 669828160440368 669828160560020 669828160674270 669828165093506
669828165093692 669828165219016 669828165334094 669828169721614 669828169721626 669828169844764 669828169964964 669828174349822
669828174350006 669828174470890 669828174590460 669828179027088 669828179027100 669828179152928 669828179273830 669828183681664

669823368309150 669823370333894 669823376929298 669823380700852 669823380700864 669823380829718 669823381676918 669823385446694
669823385446804 669823385571822 669823386335288 669823390105272 669823390105284 669823390231520 669823391008434 669823394769322
669823394769444 669823394893218 669823395657522 669823399433308 669823399433320 669823399557078 669823400331682 669823404086064
669823404086176 669823404210344 669823404966114 669823408746416 669823408746428 669823408868228 669823409611378 669823413366326
669823413366748 669823413488650 669823414325100 669823418136564 669823418136576 669823418262442 669823418982856 669823422766164
669823422766340 669823422884726 669823423632994 669823427405884 669823427405896 669823427532558 669823428285342 669823432038062
669823432038244 669823432158262 669823432981736 669823436744602 669823436744614 669823436869170 669823437608708 669823441380664
669823441380800 669823441508594 669823442267002 669823446013264 669823446013276 669823446139240 669823446894450 669823450669148
669823450669342 669823450788514 669823451520500 669823455287662 669823455287674 669823455410734 669823456202014 669823459986846

669832118427254 669832124783508 669832124903002 669832128703062 669832128703108 669832128826790 669832131517656 669832135321508
669832135321606 669832135449512 669832136122278 669832139898914 669832139898926 669832140021756 669832140795132 669832144584962
669832144585086 669832144708720 669832145479992 669832149235466 669832149235512 669832149361264 669832150118324 669832153909228
669832153909332 669832154032876 669832154877978 669832158646718 669832158646730 669832158772018 669832159497726 669832163281438
669832163281486 669832163402754 669832164214002 669832167993072 669832167993084 669832168116206 669832168842134 669832172605140
669832172605704 669832172730206 669832173549568 669832177316966 669832177316978 669832177444892 669832178160826 669832181927202
669832181927708 669832182051836 669832182857672 669832186646836 669832186646848 669832186772050 669832187498562 669832191275056
669832191275544 669832191399832 669832192111494 669832195907598 669832195907610 669832196036182 669832196819086 669832200587606
669832200588120 669832200710564 669832201442780 669832205229862 669832205229874 669832205357450 669832206157516 669832209929832

669826511087888 669826513574028 669826518499096 669826522825346 669826522825358 669826522955874 669826524257438 669826528583626
669826528583762 669826528709990 669826528831692 669826533146636 669826533146648 669826533272604 669826533504304 669826537791068
669826537791190 669826537913788 669826538189510 669826542519156 669826542519202 669826542647018 669826542825936 669826547124278
669826547124732 669826547249388 669826547584346 669826552080404 669826552080416 669826552206646 669826552324510 669826556612024
669826556612656 669826556733060 669826556919228 669826561241038 669826561241050 669826561368886 669826561549896 669826565852548
669826565852858 669826565971770 669826566254150 669826570604908 669826570604920 669826570725464 669826570870730 669826575180478
669826575184144 669826575303604 669826575563608 669826579859334 669826579859346 669826579988294 669826580206718 669826584528598
669826584529280 669826584653304 669826584818922 669826589122482 669826589122494 669826589243382 669826589527686 669826593863114
669826593863260 669826593988602 669826594149158 669826598446418 669826598446430 669826598570698 669826598862310 669826603186450

669826014139986 669826019523030 669826019635316 669826023811230 669826023811242 669826023935712 669826027269738 669826031161984
669826031162178 669826031287692 669826031864150 669826035633126 669826035633138 669826035759936 669826036537422 669826040335080
669826040335270 669826040457350 669826041183718 669826045242722 669826045242734 669826045365692 669826045861150 669826049644870
669826049645086 669826049768524 669826050498168 669826054725262 669826054725274 669826054851848 669826055138868 669826058899582
669826058899784 669826059027406 669826059852150 669826063856666 669826063856678 669826063983646 669826064511884 669826068274608
669826068274750 669826068398458 669826069163366 669826073108788 669826073108800 669826073234824 669826073814360 669826077587334
669826077587446 669826077711618 669826078509824 669826082293584 669826082293596 669826082450493 669826083138576 669826086902048
669826086902562 669826087024666 669826087795998 669826091563906 669826091563918 669826091686878 669826092422416 669826096492658
669826096492862 669826096615192 669826097049422 669826100807264 669826100807310 669826100935036 669826101733672 669826105757600

669824010868664 669824015324630 669824018208052 669824021964428 669824021964440 669824022094024 669824024092172 669824027823236
669824027823368 669824027947936 669824028229818 669824031966532 669824031966544 669824032090056 669824032709290 669824036426550
669824036427144 669824036549288 669824037399990 669824041151062 669824041151074 669824041276368 669824042308880 669824046025666
669824046025858 669824046149200 669824046711530 669824050464490 669824050464502 669824050587194 669824051794016 669824055521344
669824055521494 669824055644262 669824055979768 669824059685094 669824059685106 669824059808352 669824060925926 669824064644592
669824064644840 669824064765002 669824065359264 669824069073626 669824069073638 669824069198828 669824070179240 669824073913336
669824073913450 669824074039990 669824074658920 669824078360836 669824078360882 669824078485366 669824079393618 669824083117690
669824083118166 669824083241946 669824083978296 669824087688494 669824087688540 669824087813026 669824088637018 669824092370404
669824092370520 669824092491880 669824093559086 669824097264774 669824097264786 669824097385964 669824097884616 669824101602132

669824438812782 669824446051306 669824446172786 669824449983164 669824449983176 669824450109498 669824450546812 669824454388984
669824454389104 669824454517368 669824456301270 669824460084438 669824460084450 669824460209134 669824460864384 669824464674304
669824464674730 669824464798900 669824465505750 669824469274130 669824469274142 669824469398104 669824470237052 669824474012992
669824474013402 669824474135666 669824474842662 669824478636786 669824478636798 669824478765012 669824479797344 669824483571400
669824483571534 669824483695156 669824484325058 669824488134806 669824488134818 669824488262932 669824488957448 669824492739344
669824492739514 669824492864188 669824493562894 669824497375934 669824497375946 669824497504400 669824498315866 669824502102826
669824502102980 669824502224964 669824502893544 669824506688754 669824506688766 669824506813508 669824507577446 669824511367080
669824511367280 669824511493456 669824512245318 669824516014194 669824516014206 669824516140636 669824516838478 669824520619082
669824520619514 669824520742758 669824521581308 669824525364208 669824525364220 669824525490760 669824526161366 669824529966218

669824381216826 669824384637133 669824390579794 669824394367052 669824394367064 669824394497130 669824394646882 669824398423262
669824398423380 669824398550882 669824398841324 669824402579226 669824402579272 669824402707208 669824403514954 669824407296416
669824407296734 669824407420508 669824408186024 669824411933560 669824411933572 669824412061568 669824412843242 669824416847356
669824416847578 669824416976604 669824417500498 669824421241018 669824421241030 669824421368352 669824422255570 669824426023974
669824426024442 669824426151568 669824426874734 669824430617158 669824430617170 669824430737504 669824431511876 669824435266960
669824435267106 669824435388760 669824436183524 669824439923176 669824439923188 669824440049150 669824440806482 669824444559100
669824444559272 669824444683758 669824445442966 669824449190232 669824449190278 669824449315820 669824450128358 669824453888182
669824453888530 669824454018898 669824454755564 669824458520690 669824458520736 669824458652246 669824459427722 669824463188078
669824463188506 669824463319000 669824464056286 669824467827930 669824467827942 669824467954728 669824468740440 669824472480688

669822790425580 669822799587330 669822799743778 669822803521368 669822803521380 669822803649634 669822803766834 669822807578950
669822807579688 669822807707662 669822808007022 669822811755882 669822811755894 669822811878324 669822812650094 669822816417358
669822816417764 669822816546662 669822817329110 669822821068588 669822821068634 669822821194430 669822821962148 669822825735674
669822825736058 669822825855964 669822826631300 669822830395828 669822830395874 669822830523082 669822831259186 669822835023716
669822835024114 669822835145660 669822835952544 669822839715140 669822839715152 669822839839012 669822840614768 669822844354188
669822844354350 669822844473758 669822845274372 669822849048848 669822849048860 669822849173554 669822849924374 669822853668274
669822853668698 669822853788322 669822854560532 669822858363500 669822858363512 669822858486406 669822859218858 669822862982320
669822862982732 669822863103588 669822863854788 669822867644256 669822867644268 669822867770486 669822868543808 669822872312806
669822872313128 669822872438840 669822873202380 669822877008422 669822877008468 669822877132126 669822877878584 669822881642620

669821052391840 669821056503482 669821061779474 669821065589926 669821065589938 669821065714416 669821065833642 669821069678742
669821069678838 669821069806874 669821070068952 669821073865630 669821073865642 669821073996576 669821074704002 669821078511008
669821078511096 669821078634040 669821079366094 669821083137164 669821083137176 669821083262170 669821084011024 669821087800378
669821087800786 669821087929960 669821088648548 669821092400202 669821092400214 669821092526904 669821093355072 669821097121174
669821097121290 669821097266914 669821097988062 669821101743904 669821101743916 669821101873082 669821102668552 669821106431354
669821106431462 669821106554604 669821107297256 669821111095676 669821111095688 669821111219316 669821112006626 669821115763524
669821115763844 669821115886400 669821116630748 669821120416744 669821120416756 669821120543242 669821121273606 669821125046010
669821125046164 669821125170688 669821125904868 669821129692428 669821129692440 669821129818790 669821130547842 669821134301942
669821134302138 669821134422888 669821135256428 669821139052308 669821139052320 669821139176992 669821139899730 669821143669918

669829313866770 669829319844133 669829319965198 669829324057414 669829324057426 669829324183744 669829327072742 669829330877330
669829330877500 669829331007682 669829331160058 669829334932158 669829334932170 669829335058196 669829335862506 669829339668410
669829339668520 669829339792256 669829340536300 669829344301290 669829344301302 669829344425166 669829345222110 669829349007004
669829349007194 669829349131252 669829349854054 669829353607302 669829353607314 669829353733172 669829354623406 669829358403704
669829358403808 669829358526520 669829359165202 669829362920646 669829362920658 669829363043232 669829363865446 669829367630882
669829367630988 669829367750610 669829368510524 669829372278650 669829372278662 669829372405646 669829373183448 669829376953866
669829376953992 669829377080822 669829377823198 669829381620950 669829381620962 669829381746908 669829382463404 669829386235558
669829386236006 669829386358870 669829387172528 669829390979396 669829390979408 669829391104146 669829391762778 669829395531896
669829395532670 669829395657328 669829396428674 669829400228478 669829400228524 669829400349280 669829401076498 669829404843532

669825414551916 669825419781138 669825422825986 669825427297168 669825427297180 669825427422462 669825427739586 669825432150548
669825432150708 669825432276450 669825432441086 669825436825002 669825436825014 669825436949718 669825437080408 669825441494010
669825441494162 669825441620850 669825441760030 669825446148008 669825446148054 669825446279820 669825446396674 669825450806466
669825450806894 669825450934756 669825451064898 669825455452640 669825455452652 669825455576316 669825455694422 669825460180670
669825460181332 669825460307354 669825460446992 669825464819880 669825464819892 669825464947526 669825465066482 669825469491258
669825469491566 669825469619200 669825469737260 669825474117414 669825474117426 669825474242904 669825474358910 669825478753126
669825478753548 669825478882674 669825479020684 669825483430780 669825483430792 669825483565878 669825483685948 669825488067676
669825488067950 669825488191198 669825488308210 669825492736824 669825492736836 669825492862238 669825492986142 669825497366412
669825497366810 669825497492360 669825497634312 669825502046710 669825502046722 669825502177608 669825502318876 669825506707286

669821849775848 669821857850700 669821857979794 669821862425236 669821862425248 669821862553490 669821862917978 669821867337488
669821867337588 669821867466726 669821867585182 669821871978192 669821871978238 669821872104176 669821872223312 669821876661482
669821876661582 669821876785132 669821876906284 669821881293152 669821881293198 669821881419898 669821881533374 669821885959490
669821885959630 669821886083458 669821886199542 669821890590698 669821890590710 669821890718524 669821890834100 669821895281050
669821895281536 669821895410214 669821895550294 669821899944690 669821899944702 669821900069294 669821900187312 669821904605446
669821904605894 669821904735678 669821904852790 669821909251632 669821909251644 669821909380822 669821909496394 669821913891428
669821913891522 669821914017760 669821914134430 669821918544664 669821918544676 669821918675704 669821918793738 669821923180668
669821923180768 669821923312464 669821923430584 669821927872778 669821927872824 669821928002978 669821928123198 669821932533298
669821932533414 669821932655996 669821932774578 669821937207602 669821937207614 669821937334966 669821937452288 669821941845268

669819363359396 669819364685914 669819371647450 669819376037814 669819376037826 669819376165012 669819376595042 669819381007872
669819381008348 669819381138086 669819381261588 669819385643440 669819385643452 669819385765370 669819385900130 669819390308694
669819390308968 669819390434704 669819390579592 669819394952172 669819394952184 669819395080642 669819395217156 669819399590796
669819399591134 669819399717750 669819399880134 669819404293654 669819404293666 669819404425842 669819404542924 669819408930316
669819408931142 669819409054806 669819409206802 669819413612658 669819413612670 669819413733018 669819413864594 669819418240570
669819418240714 669819418363644 669819418530360 669819422944692 669819422944704 669819423069174 669819423187578 669819427570964
669819427571450 669819427698330 669819427814966 669819432216038 669819432216084 669819432342024 669819432470480 669819436844134
669819436844344 669819436973466 669819437107544 669819441491124 669819441491136 669819441615198 669819441800090 669819446195060
669819446195258 669819446323294 669819446451836 669819450840236 669819450840248 669819450963654 669819451129946 669819455552546

669829093376964 669829101087996 669829101291238 669829105710918 669829105710930 669829105836140 669829106138902 669829110489158
669829110489320 669829110616628 669829111036194 669829115346946 669829115346958 669829115472706 669829115709928 669829120021526
669829120021890 669829120142686 669829120380536 669829124709046 669829124709058 669829124836896 669829125039942 669829129338910
669829129339034 669829129461776 669829129689598 669829134109722 669829134109734 669829134232358 669829134346126 669829138652666
669829138652814 669829138773776 669829139029208 669829143351226 669829143351238 669829143478520 669829143703734 669829147998098
669829147998578 669829148123186 669829148336484 669829152666294 669829152666306 669829152798598 669829153002906 669829157311604
669829157312002 669829157436292 669829157641184 669829161951062 669829161951108 669829162076028 669829162314520 669829166658724
669829166659222 669829166782672 669829166948034 669829171247802 669829171247814 669829171374056 669829171586118 669829175915456
669829175915862 669829176036898 669829176252378 669829180562666 669829180562678 669829180689120 669829180935792 669829185278032
