16 3541
670656871523716 670656873460522 670656888049976 670657496125668 670656873460606 670656879090932 670657496135096 670658055933532
670656888047972 670656890021836 670658055942448 670658555961682 670657496133440 670657499349058 670658555973336 670659056851182
670658055941352 670658057929476 670659056859914 670659556771562 670658555971272 670658559178590 670659556781132 670660057060540
670659056858972 670659058862272 670660057069594 670660557791930 670659556779336 670659560045662 670660557802334 670661058713774
670660057068726 670660059080816 670661058722544 670661559441450 670660557800252 670660561066928 670661559451738 670662058879188
670661058721476 670661060753518 670662058888114 670662559061238 670661559449640 670661562742790 670662559073376 670663059515400
670662058887268 670662060839560 670663059527724 670663559754208 670662559071340 670662562251426 670663559763294 670664060631568
670663059527308 670663061480320 670664060640568 670664560080308 670663559761094 670663562973354 670664560087720 670665060031788
670664060639066 670664062663066 670665060047076 670665559509568 670664560086474 670664563318134 670665559517278 670666059666222

670653319598454 670653323153134 670653335668834 670653853769828 670653323153216 670653326484870 670653853778402 670654350489430
670653335666624 670653340153240 670654350498938 670654847738534 670653853776846 670653858313556 670654847750172 670655342843718
670654350497394 670654352479842 670655342852534 670655838106296 670654847748770 670654851067942 670655838113896 670656333655782
670655342851382 670655344822616 670656333670512 670656829742116 670655838112828 670655842569404 670656829751290 670657326395652
670656333669318 670656335637172 670657326405574 670657821528534 670656829749274 670656833000104 670657821546568 670658316743334
670657326403672 670657328423992 670658316755190 670658812507238 670657821544442 670657823540224 670658812516578 670659308846062
670658316753670 670658320046844 670659308857632 670659804685482 670658812515854 670658814540166 670659804698172 670660301856512
670659308856448 670659310792606 670660301873444 670660798132002 670659804696514 670659807984176 670660798140016 670661294384444
670660301872084 670660303850358 670661294399722 670661790793032 670660798139502 670660801354822 670661790800654 670662286516998

670648590767066 670648592712466 670648607251570 670649172594642 670648592712550 670648598531916 670649172603992 670649674185722
670648607249398 670648609195030 670649674196728 670650174016796 670649172602748 670649177292520 670650174028028 670650673553932
670649674195810 670649676151096 670650673565992 670651173485268 670650174026044 670650179826702 670651173494536 670651673975182
670650673565062 670650675554160 670651673986846 670652172719690 670651173493496 670651178052226 670652172736840 670652671921028
670651673985052 670651675960730 670652671933462 670653171574366 670652172735186 670652178566406 670653171583800 670653671596906
670652671931642 670652673936404 670653671608814 670654171373060 670653171582020 670653174820686 670654171386034 670654671056632
670653671607710 670653673585064 670654671069308 670655171406802 670654171384000 670654174799856 670655171420646 670655671414536
670654671068496 670654673084548 670655671422942 670656171294378 670655171417904 670655174661266 670656171302324 670656672369342
670655671422044 670655673414270 670656672377194 670657172649348 670656171301398 670656174567056 670657172659558 670657672787420

670657343441850 670657345383038 670657356194882 670657899009966 670657345383128 670657348669514 670657899023284 670658392072436
670657356192906 670657358150466 670658392084690 670658885614216 670657899021980 670657903529340 670658885625730 670659377837798
670658392083350 670658394103378 670659377850072 670659868857652 670658885624434 670658888822858 670659868867890 670660360524108
670659377848722 670659381063012 670660360532364 670660851577314 670659868866490 670659873343372 670660851589350 670661343998144
670660360531368 670660362489222 670661344006382 670661834412442 670660851587468 670660854829664 670661834429560 670662324836156
670661344005658 670661345985664 670662324855318 670662816215922 670661834427720 670661837805564 670662816225682 670663321851850
670662324853972 670662326834992 670663321858464 670663829274478 670662816224544 670662818147400 670663829284606 670664335397458
670663321857960 670663323836600 670664335408492 670664841883100 670663829283108 670663831210342 670664841895558 670665347946462
670664335407464 670664337316568 670665347953814 670665855025080 670664841894626 670664845091076 670665855035552 670666361740204

670651736281792 670651739600190 670651750439526 670652303811776 670651739600278 670651742871278 670652303821680 670652805493740
670651750438118 670651752408522 670652805501714 670653306556564 670652303819766 670652308402914 670653306565100 670653807720228
670652805500752 670652807489642 670653807730998 670654306464456 670653306563648 670653311116396 670654306477982 670654805209900
670653807729856 670653809686912 670654805221666 670655305548390 670654306476392 670654309757918 670655305557630 670655805181248
670654805220658 670654807212402 670655805191412 670656304951962 670655305556170 670655308868314 670656304966720 670656804367344
670655805190648 670655807149498 670656804379222 670657305427474 670656304965356 670656308282442 670657305441238 670657805351314
670656804378242 670656806354554 670657805358206 670658305976748 670657305439924 670657308727310 670658305985012 670658805964362
670657805357758 670657807345342 670658805976728 670659305554982 670658305984000 670658309321484 670659305561642 670659805614146
670658805976214 670658807919644 670659805621220 670660305797648 670659305560996 670659308851658 670660305806830 670660805504968

670651235292038 670651238909058 670651254300564 670651860345906 670651238909150 670651242212650 670651860353762 670652399300750
670651254298246 670651256268536 670652399310066 670652900983188 670651860352336 670651866228786 670652901001166 670653401574388
670652399309030 670652401388300 670653401590610 670653901096800 670652900999242 670652904210000 670653901107008 670654401096646
670653401589142 670653403631606 670654401105102 670654901733666 670653901105432 670653904314752 670654901743980 670655403254586
670654401102892 670654403093662 670655403262426 670655902613014 670654901742572 670654904990584 670655902620818 670656402303648
670655403260030 670655405277102 670656402309522 670656902131860 670655902620598 670655905882564 670656902140956 670657402986500
670656402308736 670656404289378 670657402995938 670657903674372 670656902139722 670656905392632 670657903684882 670658403884752
670657402994506 670657404956870 670658403891238 670658903764312 670657903682710 670657906918808 670658903775610 670659403808170
670658403890280 670658405887200 670659403816058 670659904399148 670658903773570 670658907007538 670659904413520 670660404387078

670649234514960 670649237742190 670649248615512 670649809572870 670649237742278 670649239788608 670649809585002 670650311209532
670649248613820 670649251815650 670650311222832 670650813000130 670649809583514 670649811603446 670650813008476 670651314612870
670650311221440 670650313259422 670651314620316 670651814609982 670650813007238 670650817519896 670651814618128 670652314117212
670651314619150 670651316588514 670652314125790 670652813992642 670651814616984 670651817955366 670652814005416 670653313838882
670652314124614 670652316104716 670653313850588 670653813173262 670652814003510 670652818495078 670653813183104 670654313669688
670653313849538 670653315811600 670654313676072 670654813509530 670653813182172 670653816434264 670654813517690 670655313748746
670654313675370 670654315645570 670655313756902 670655812599768 670654813516762 670654816840832 670655812608302 670656312011932
670655313755686 670655315730656 670656312022858 670656811445382 670655812607326 670655817085658 670656811458714 670657312160910
670656312022058 670656313987674 670657312170754 670657812219480 670656811457404 670656813420954 670657812227822 670658312290710

670649661965904 670649665251080 670649677577438 670650281020300 670649665251166 670649668635120 670650281031078 670650851740712
670649677576410 670649680813404 670650851751188 670651350707286 670650281029472 670650285945642 670651350717890 670651850085170
670650851749204 670650853707392 670651850092444 670652348629606 670651350716164 670651352676430 670652348640012 670652846644154
670651850091994 670651852055286 670652846656736 670653346120862 670652348638556 670652353246330 670653346127860 670653843854490
670652846654920 670652848689088 670653843862282 670654342512360 670653346127110 670653350784410 670654342518598 670654841000774
670653843861872 670653845834848 670654841015560 670655339182842 670654342518454 670654347174826 670655339196246 670655838370250
670654841014584 670654842979482 670655838382630 670656336246282 670655339194630 670655342466226 670656336257428 670656834200262
670655838381744 670655841656206 670656834206908 670657332381804 670656336255982 670656342020770 670657332390228 670657832624024
670656834206450 670656836201682 670657832630734 670658331504088 670657332389104 670657336967398 670658331513786 670658830274170

670649603596654 670649605552140 670649622511120 670650123596424 670649605552234 670649608885332 670650123607246 670650625367318
670649622508758 670649624470912 670650625385284 670651126972930 670650123606282 670650126918886 670651126981486 670651628092484
670650625383308 670650627348834 670651628102166 670652127764438 670651126980346 670651130365192 670652127773040 670652626632550
670651628100150 670651630062976 670652626641890 670653126696090 670652127771668 670652129734984 670653126705920 670653627132290
670652626639906 670652628612074 670653627141236 670654126754258 670653126704170 670653129947336 670654126763480 670654627002740
670653627140122 670653629107926 670654627010674 670655127361618 670654126762176 670654128761880 670655127371958 670655627690278
670654627009548 670654629018088 670655627706488 670656127634138 670655127370810 670655129372930 670656127646868 670656627366826
670655627704994 670655629672828 670656627375162 670657126197964 670656127646008 670656130897674 670657126208682 670657625355648
670656627374642 670656629356894 670657625371444 670658125213204 670657126207434 670657129569142 670658125221534 670658624706744

670648017303742 670648020766868 670648032822682 670648534205810 670648020766930 670648025316150 670648534218856 670649035728564
670648032820694 670648034821968 670649035741776 670649537679564 670648534216746 670648537467964 670649537688124 670650038733028
670649035740386 670649037767444 670650038742436 670650538858878 670649537686688 670649542248038 670650538872054 670651039501424
670650038741252 670650040720038 670651039512678 670651538159530 670650538870260 670650544669180 670651538176350 670652037307476
670651039511692 670651041532336 670652037322460 670652537073682 670651538174850 670651543905576 670652537081998 670653037917282
670652037321278 670652039290248 670653037926790 670653537406288 670652537080718 670652540401340 670653537419970 670654037292942
670653037925472 670653039868442 670654037305690 670654537692860 670653537418354 670653541962664 670654537707134 670655037857246
670654037303806 670654039300194 670655037868688 670655537535794 670654537705426 670654540992072 670655537549208 670656039072066
670655037867734 670655039834816 670656039078726 670656539059016 670655537548248 670655542082608 670656539071860 670657039170266

670646275079242 670646277001842 670646292421186 670646823000306 670646277001896 670646280321248 670646823013436 670647323959374
670646292419246 670646294427974 670647323971020 670647826114020 670646823011278 670646828782934 670647826124346 670648326977098
670647323969358 670647325956786 670648326988630 670648824624364 670647826122572 670647829434544 670648824638010 670649323227020
670648326987616 670648328937784 670649323239088 670649824445528 670648824636140 670648827926602 670649824456792 670650324504440
670649323238152 670649325213580 670650324518710 670650822967914 670649824455814 670649826408832 670650822984448 670651321616912
670650324518100 670650326472794 670651321630350 670651821231582 670650822982526 670650826294990 670651821247068 670652321157074
670651321629330 670651323616672 670652321174996 670652822147280 670651821245710 670651824580796 670652822157344 670653321760970
670652321174558 670652323191056 670653321767502 670653821522778 670652822156716 670652825439250 670653821534208 670654321099668
670653321766860 670653323731754 670654321111628 670654821103824 670653821532462 670653824842022 670654821113364 670655320725440

670654544586754 670654548557226 670654557601132 670655056648738 670654548557322 670654550596540 670655056655356 670655557221434
670654557600316 670654559593722 670655557229536 670656056077370 670655056654556 670655063749328 670656056083408 670656554640592
670655557228800 670655559165890 670656554649316 670657052312604 670656056082666 670656059446636 670657052322590 670657550960040
670656554648152 670656556602882 670657550969640 670658049203542 670657052321768 670657058151374 670658049209524 670658545657676
670657550968820 670657552959552 670658545666330 670659042634458 670658049208774 670658052507440 670659042641216 670659539377268
670658545665670 670658547621480 670659539386508 670660037083588 670659042639572 670659045974508 670660037095066 670660534187136
670659539385910 670659541344838 670660534199154 670661032747060 670660037094104 670660039021672 670661032755986 670661529589708
670660534198474 670660536177752 670661529594778 670662026461128 670661032754942 670661036081282 670662026469766 670662524381188
670661529594372 670661531531856 670662524389850 670663021471004 670662026469044 670662029768836 670663021479960 670663519597890

670650637736206 670650641004128 670650653154938 670651203872090 670650641004230 670650645571512 670651203883228 670651704026842
670650653154002 670650655114402 670651704040864 670652203450740 670651203882052 670651207201790 670652203460842 670652702550454
670651704040262 670651706030382 670652702561944 670653201984258 670652203459570 670652206685778 670653201990472 670653702480832
670652702560976 670652704475802 670653702489030 670654199274356 670653201990296 670653205222840 670654199286556 670654696724668
670653702487980 670653704454106 670654696733836 670655194713720 670654199285596 670654202541102 670655194721298 670655693402230
670654696732578 670654698692054 670655693412324 670656192404096 670655194720056 670655196727156 670656192411574 670656690284110
670655693411104 670655696667406 670656690293114 670657188762274 670656192410964 670656194463604 670657188769736 670657687023796
670656690292456 670656692253602 670657687037378 670658184475962 670657188768816 670657192017588 670658184482336 670658683083256
670657687036344 670657688986864 670658683091976 670659180912538 670658184481542 670658189046054 670659180925460 670659678912610

670647074753442 670647078055620 670647091437144 670647619173584 670647078055718 670647082569902 670647619182426 670648117549882
670647091435348 670647094741016 670648117557064 670648615413290 670647619181176 670647626218716 670648615422772 670649113237448
670648117555820 670648119521868 670649113244728 670649611788232 670648615420876 670648620018170 670649611798730 670650110610098
670649113243576 670649115203922 670650110619548 670650607305916 670649611797430 670649616483160 670650607314676 670651104452576
670650110618666 670650112610406 670651104459514 670651600331256 670650607313674 670650611949754 670651600343260 670652096601770
670651104458784 670651107679590 670652096615352 670652594498414 670651600342438 670651602395450 670652594507086 670653091457408
670652096614234 670652098612144 670653091466592 670653588289360 670652594505506 670652599124866 670653588299030 670654085052712
670653091466096 670653093434064 670654085060824 670654581800756 670653588297868 670653592885532 670654581808552 670655079209656
670654085060332 670654087023514 670655079217950 670655575746492 670654581807080 670654585075586 670655575754196 670656072909346

670644587950452 670644591186514 670644604926914 670645202611802 670644591186606 670644593194308 670645202621600 670645800727738
670644604925746 670644606876636 670645800734478 670646299195246 670645202620522 670645209648664 670646299206108 670646791173724
670645800733764 670645802653430 670646791188218 670647285343070 670646299205026 670646301121866 670647285349902 670647779827786
670646791187334 670646793170658 670647779836280 670648272930966 670647285349216 670647287268208 670648272940734 670648764142884
670647779835660 670647781781204 670648764151664 670649254033534 670648272939596 670648274930594 670649254041258 670649745902984
670648764151258 670648767399638 670649745909830 670650236720982 670649254040376 670649255975828 670650236729308 670650727591010
670649745909136 670649747844388 670650727598140 670651217762436 670650236728556 670650240014132 670651217773882 670651707976420
670650727597120 670650729567304 670651707982094 670652198548466 670651217773230 670651222329820 670652198558326 670652688327830
670651707981726 670651709911434 670652688338906 670653178507354 670652198556708 670652201815408 670653178514184 670653669229328

670654318692426 670654321964564 670654334046958 670654938025596 670654321964612 670654326468994 670654938038258 670655470403780
670654334046028 670654337269338 670655470412522 670655970554248 670654938036616 670654945005866 670655970563174 670656471062514
670655470411982 670655472491030 670656471070436 670656968870638 670655970562522 670655973874938 670656968884108 670657467352716
670656471069922 670656473011112 670657467363854 670657967045864 670656968882362 670656972195768 670657967055152 670658466452096
670657467363320 670657469340002 670658466459498 670658966150170 670657967054070 670657970289514 670658966158798 670659467025200
670658466459072 670658468453808 670659467032868 670659965351798 670658966157312 670658969500894 670659965362516 670660464558856
670659467032684 670659468989020 670660464574162 670660963436900 670659965361562 670659967368760 670660963445788 670661462283924
670660464572302 670660466630258 670661462290886 670661961995168 670660963444388 670660968023504 670661962004498 670662461467432
670661462290880 670661464322202 670662461477636 670662960896000 670661962003164 670661965315138 670662960906136 670663459345476
