16 3177
4614338032957390848 46913393819664 670371179825764 670371627602892 46912593498128 46914193821712 670371627603174 670372076570990
46918194790416 46916594466832 670372076571922 670372525046648 46915794145296 46917394468880 670372525046660 670372973627956
46921395437584 46919795114000 670372973628464 670373421538926 46918994792464 46920595116048 670373421538938 670373871059776
46924596084752 46922995761168 670373871060010 670374319151284 46922195439632 46923795763216 670374319151330 670374768326928
46927796731920 46926196408336 670374768327438 670375222093060 46925396086800 46926996410384 670375222093284 670375706812096
46930997379088 46929397055504 670375706812620 670376191996850 46928596733968 46930197057552 670376191997072 670376676392432
46934198026256 46932597702672 670376676392690 670377157079834 46931797381136 46933397704720 670377157080040 670377630747736
46937398673424 46935798349840 670377630748168 670378080090750 46934998028304 46936598351888 670378080090956 670378527783516
46940599320592 46938998997008 670378527783750 670378975057268 46938198675472 46939798999056 670378975057476 670379423245132

46914996236304 46913395912720 670367625749934 670368070677256 46912595591184 46914195914768 670368070677514 670368515627930
46918196883472 46916596559888 670368515636756 670368960249112 46915796238352 46917396561936 670368960258204 670369403648648
46921397530640 46919797207056 670369403657478 670369863286968 46918996885520 46920597209104 670369863287150 670370327778730
46924598177808 46922997854224 670370327784360 670370791715582 46922197532688 46923797856272 670370791715594 670371264795580
46927798824976 46926198501392 670371264799300 670371746637688 46925398179856 46926998503440 670371746637894 670372228942485
46930999472144 46929399148560 670372228950883 670372711215810 46928598827024 46930199150608 670372711216016 670373187900324
46934200119312 46932599795728 670373187900560 670373658613420 46931799474192 46933399797776 670373658613646 670374106782646
46937400766480 46935800442896 670374106782942 670374550486362 46935000121360 46936600444944 670374550486560 670374993979578
46940601413648 46939001090064 670374993979876 670375437681262 46938200768528 46939801092112 670375437681462 670375881413234

46914996236304 46913395912720 670362901233134 670363349878882 46912595591184 46914195914768 670363349879070 670363798522710
46918196883472 46916596559888 670363798531832 670364247632756 46915796238352 46917396561936 670364247632970 670364696198484
46921397530640 46919797207056 670364696207556 670365144892006 46918996885520 46920597209104 670365144892214 670365593860320
46924598177808 46922997854224 670365593860772 670366042482834 46922197532688 46923797856272 670366042482846 670366491675216
46927798824976 46926198501392 670366491675496 670366940608108 46925398179856 46926998503440 670366940608130 670367389003920
46930999472144 46929399148560 670367389013002 670367837850352 46928598827024 46930199150608 670367837850580 670368286993282
46934200119312 46932599795728 670368286993590 670368735487164 46931799474192 46933399797776 670368735487364 670369184613744
46937400766480 46935800442896 670369184614080 670369633994238 46935000121360 46936600444944 670369633994510 670370082553600
46940601413648 46939001090064 670370082554194 670370531497070 46938200768528 46939801092112 670370531497278 670370981252426

46914996236304 46913395912720 670371651382960 670372100824828 46912595591184 46914195914768 670372100825036 670372550296070
46918196883472 46916596559888 670372550305134 670372997845616 46915796238352 46917396561936 670372997845806 670373445254160
46921397530640 46919797207056 670373445263268 670373892954166 46918996885520 46920597209104 670373892954366 670374341974858
46924598177808 46922997854224 670374341978842 670374789738574 46922197532688 46923797856272 670374789738792 670375257969478
46927798824976 46926198501392 670375257970578 670375743698462 46925398179856 46926998503440 670375743698652 670376230066090
46930999472144 46929399148560 670376230075158 670376716361972 46928598827024 46930199150608 670376716361984 670377195097280
46934200119312 46932599795728 670377195097780 670377666983104 46931799474192 46933399797776 670377666983128 670378114371962
46937400766480 46935800442896 670378114372496 670378561541944 46935000121360 46936600444944 670378561541956 670379008980922
46940601413648 46939001090064 670379008981416 670379457121008 46938200768528 46939801092112 670379457121054 670379904686016

46914996236304 46913395912720 670366041341878 670366492354994 46912595591184 46914195914768 670366492355022 670366942162904
46918196883472 46916596559888 670366942167584 670367392298540 46915796238352 46917396561936 670367392298764 670367841236202
46921397530640 46919797207056 670367841244338 670368298428398 46918996885520 46920597209104 670368298428624 670368750767242
46924598177808 46922997854224 670368750767458 670369200618106 46922197532688 46923797856272 670369200618328 670369650180376
46927798824976 46926198501392 670369650180804 670370099879622 46925398179856 46926998503440 670370099879846 670370548757262
46930999472144 46929399148560 670370548757462 670370999171120 46928598827024 46930199150608 670370999171316 670371448177142
46934200119312 46932599795728 670371448177364 670371898164060 46931799474192 46933399797776 670371898164316 670372347710268
46937400766480 46935800442896 670372347710470 670372797117868 46935000121360 46936600444944 670372797118092 670373245714414
46940601413648 46939001090064 670373245714702 670373696209650 46938200768528 46939801092112 670373696209844 670374145490024

46914996236304 46913395912720 670365545277384 670365990653522 46912595591184 46914195914768 670365990653542 670366437894316
46918196883472 46916596559888 670366437899048 670366883363734 46915796238352 46917396561936 670366883363746 670367329062812
46921397530640 46919797207056 670367329067510 670367773818466 46918996885520 46920597209104 670367773818478 670368218854430
46924598177808 46922997854224 670368218854662 670368663113108 46922197532688 46923797856272 670368663113120 670369109976486
46927798824976 46926198501392 670369109981184 670369554770572 46925398179856 46926998503440 670369554770584 670369999837218
46930999472144 46929399148560 670369999841946 670370444030264 46928598827024 46930199150608 670370444030310 670370888483416
46934200119312 46932599795728 670370888488148 670371333595350 46931799474192 46933399797776 670371333595362 670371779135560
46937400766480 46935800442896 670371779135834 670372223976936 46935000121360 46936600444944 670372223976948 670372669158378
46940601413648 46939001090064 670372669163068 670373113634432 46938200768528 46939801092112 670373113634444 670373558256444

46914996236304 46913395912720 670363542727174 670363992142682 46912595591184 46914195914768 670363992142916 670364441318262
46918196883472 46916596559888 670364441322626 670364890681548 46915796238352 46917396561936 670364890681796 670365339460108
46921397530640 46919797207056 670365339468938 670365787848738 46918996885520 46920597209104 670365787849004 670366237345154
46924598177808 46922997854224 670366237345418 670366686004574 46922197532688 46923797856272 670366686004856 670367134313190
46927798824976 46926198501392 670367134317566 670367582923314 46925398179856 46926998503440 670367582923544 670368031401910
46930999472144 46929399148560 670368031406276 670368480628444 46928598827024 46930199150608 670368480628680 670368929930222
46934200119312 46932599795728 670368929934600 670369379167566 46931799474192 46933399797776 670369379167838 670369827389448
46937400766480 46935800442896 670369827389678 670370275803864 46935000121360 46936600444944 670370275804112 670370723571270
46940601413648 46939001090064 670370723571536 670371172559668 46938200768528 46939801092112 670371172559910 670371621620048

46914996236304 46913395912720 670363968888110 670364419107860 46912595591184 46914195914768 670364419108144 670364867502062
46918196883472 46916596559888 670364867510856 670365315583620 46915796238352 46917396561936 670365315583890 670365763312970
46921397530640 46919797207056 670365763320888 670366210995322 46918996885520 46920597209104 670366210995588 670366659179486
46924598177808 46922997854224 670366659179738 670367134858414 46922197532688 46923797856272 670367134858632 670367628317480
46927798824976 46926198501392 670367628317716 670368110777450 46925398179856 46926998503440 670368110777680 670368589308686
46930999472144 46929399148560 670368589308936 670369068117702 46928598827024 46930199150608 670369068117714 670369542567304
46934200119312 46932599795728 670369542567608 670369990742408 46931799474192 46933399797776 670369990742676 670370439199886
46937400766480 46935800442896 670370439200160 670370887076576 46935000121360 46936600444944 670370887076816 670371335071480
46940601413648 46939001090064 670371335071756 670371782520760 46938200768528 46939801092112 670371782521028 670372230870998

46914996236304 46913395912720 670363912840948 670364361517124 46912595591184 46914195914768 670364361517346 670364810811716
46918196883472 46916596559888 670364810818894 670365258980624 46915796238352 46917396561936 670365258986888 670365706757928
46921397530640 46919797207056 670365706765106 670366153867168 46918996885520 46920597209104 670366153873308 670366601759806
46924598177808 46922997854224 670366601766978 670367049637504 46922197532688 46923797856272 670367049637766 670367498531344
46927798824976 46926198501392 670367498531602 670367946209494 46925398179856 46926998503440 670367946209716 670368393956664
46930999472144 46929399148560 670368393956864 670368841613212 46928598827024 46930199150608 670368841613420 670369290113392
46934200119312 46932599795728 670369290113810 670369738530424 46931799474192 46933399797776 670369738530652 670370201363430
46937400766480 46935800442896 670370201370592 670370690876874 46935000121360 46936600444944 670370690877129 670371180660586
46940601413648 46939001090064 670371180667771 670371664644614 46938200768528 46939801092112 670371664644838 670372140902490

46914996236304 46913395912720 670362322295384 670362770350784 46912595591184 46914195914768 670362770351020 670363218271126
46918196883472 46916596559888 670363218280176 670363664755166 46915796238352 46917396561936 670363664755392 670364111566438
46921397530640 46919797207056 670364111575540 670364558682092 46918996885520 46920597209104 670364558682170 670365007564342
46924598177808 46922997854224 670365007568008 670365454589534 46922197532688 46923797856272 670365454589628 670365902198606
46927798824976 46926198501392 670365902202316 670366348807000 46925398179856 46926998503440 670366348807012 670366795816192
46930999472144 46929399148560 670366795819848 670367242663934 46928598827024 46930199150608 670367242664166 670367690925168
46934200119312 46932599795728 670367690925594 670368137826962 46931799474192 46933399797776 670368137826990 670368585139488
46937400766480 46935800442896 670368585140028 670369031437704 46935000121360 46936600444944 670369031437716 670369478199800
46940601413648 46939001090064 670369478200022 670369925562982 46938200768528 46939801092112 670369925563040 670370372623808

46914996236304 46913395912720 670360585255594 670361028513478 46912595591184 46914195914768 670361028513714 670361471914638
46918196883472 46916596559888 670361471922564 670361953805456 46915796238352 46917396561936 670361953805694 670362431770472
46921397530640 46919797207056 670362431774206 670362910493132 46918996885520 46920597209104 670362910493350 670363383773692
46924598177808 46922997854224 670363383773932 670363852117674 46922197532688 46923797856272 670363852117948 670364308088670
46927798824976 46926198501392 670364308092410 670364749373506 46925398179856 46926998503440 670364749373780 670365190698112
46930999472144 46929399148560 670365190703616 670365631813968 46928598827024 46930199150608 670365631814210 670366074095506
46934200119312 46932599795728 670366074095718 670366515851512 46931799474192 46933399797776 670366515851750 670366958177814
46937400766480 46935800442896 670366958178130 670367399354230 46935000121360 46936600444944 670367399354452 670367840221878
46940601413648 46939001090064 670367840222148 670368282087110 46938200768528 46939801092112 670368282087358 670368723458742

46914996236304 46913395912720 670368847986776 670369289698638 46912595591184 46914195914768 670369289698650 670369730015980
46918196883472 46916596559888 670369730024722 670370170336634 46915796238352 46917396561936 670370170336852 670370609993012
46921397530640 46919797207056 670370610001766 670371049177298 46918996885520 46920597209104 670371049177310 670371488515750
46924598177808 46922997854224 670371488519488 670371929641822 46922197532688 46923797856272 670371929641854 670372369375280
46927798824976 46926198501392 670372369375708 670372809396132 46925398179856 46926998503440 670372809396350 670373249020682
46930999472144 46929399148560 670373249024428 670373688329202 46928598827024 46930199150608 670373688329248 670374127684728
46934200119312 46932599795728 670374127688474 670374581814854 46931799474192 46933399797776 670374581814866 670375056185510
46937400766480 46935800442896 670375056185750 670375521892308 46935000121360 46936600444944 670375521892354 670375983210593
46940601413648 46939001090064 670375983211161 670376444375742 46938200768528 46939801092112 670376444375788 670376903409964

46914996236304 46913395912720 670364946946008 670365392829926 46912595591184 46914195914768 670365392830010 670365838606972
46918196883472 46916596559888 670365838616056 670366284702776 46915796238352 46917396561936 670366284712156 670366730044562
46921397530640 46919797207056 670366730053778 670367174974404 46918996885520 46920597209104 670367174974622 670367619978480
46924598177808 46922997854224 670367619978970 670368065942328 46922197532688 46923797856272 670368065942340 670368510947372
46927798824976 46926198501392 670368510947596 670368955721934 46925398179856 46926998503440 670368955721946 670369400380562
46930999472144 46929399148560 670369400381102 670369869190102 46928598827024 46930199150608 670369869190114 670370359960600
46934200119312 46932599795728 670370359968610 670370842701210 46931799474192 46933399797776 670370842701260 670371302340806
46937400766480 46935800442896 670371302342238 670371746759934 46935000121360 46936600444944 670371746759946 670372191264594
46940601413648 46939001090064 670372191265098 670372635967742 46938200768528 46939801092112 670372635967810 670373081779018

46914996236304 46913395912720 670361380823472 670361830022444 46912595591184 46914195914768 670361830022678 670362279090892
46918196883472 46916596559888 670362279098828 670362727481910 46915796238352 46917396561936 670362727482216 670363175720134
46921397530640 46919797207056 670363175728136 670363635504242 46918996885520 46920597209104 670363635504462 670364083597084
46924598177808 46922997854224 670364083605082 670364531768382 46922197532688 46923797856272 670364531768632 670364980023452
46927798824976 46926198501392 670364980030684 670365428176272 46925398179856 46926998503440 670365428176484 670365876112882
46930999472144 46929399148560 670365876113356 670366324198562 46928598827024 46930199150608 670366324198574 670366772283064
46934200119312 46932599795728 670366772283532 670367220322872 46931799474192 46933399797776 670367220322924 670367668661096
46937400766480 46935800442896 670367668661600 670368116687692 46935000121360 46936600444944 670368116687738 670368564493224
46940601413648 46939001090064 670368564493700 670369012439850 46938200768528 46939801092112 670369012439862 670369461407656

46914996236304 46913395912720 670358894798324 670359338305594 46912595591184 46914195914768 670359338305794 670359780989098
46918196883472 46916596559888 670359780994978 670360224139416 46915796238352 46917396561936 670360224139634 670360666187264
46921397530640 46919797207056 670360666196328 670361121024004 46918996885520 46920597209104 670361121024188 670361566508606
46924598177808 46922997854224 670361566509088 670362008525626 46922197532688 46923797856272 670362008525780 670362450437568
46927798824976 46926198501392 670362450437858 670362892374318 46925398179856 46926998503440 670362892374518 670363333779350
46930999472144 46929399148560 670363333783070 670363776130994 46928598827024 46930199150608 670363776131006 670364217958834
46934200119312 46932599795728 670364217962578 670364659971532 46931799474192 46933399797776 670364659971732 670365101976326
46937400766480 46935800442896 670365101980048 670365543732268 46935000121360 46936600444944 670365543737160 670365984956582
46940601413648 46939001090064 670365984960266 670366427193732 46938200768528 46939801092112 670366427194034 670366868712804

46914996236304 46913395912720 670368625459408 670369070429160 46912595591184 46914195914768 670369070429432 670369516397024
46918196883472 46916596559888 670369516406502 670369960665730 46915796238352 46917396561936 670369960665922 670370404665420
46921397530640 46919797207056 670370404674534 670370847696240 46918996885520 46920597209104 670370847696450 670371291468838
46924598177808 46922997854224 670371291469322 670371735392824 46922197532688 46923797856272 670371735393030 670372180158938
46927798824976 46926198501392 670372180159200 670372623242932 46925398179856 46926998503440 670372623243194 670373066185884
46930999472144 46929399148560 670373066186116 670373509099950 46928598827024 46930199150608 670373509099962 670373953028092
46934200119312 46932599795728 670373953028546 670374397359890 46931799474192 46933399797776 670374397359902 670374842133798
46937400766480 46935800442896 670374842134256 670375285154420 46935000121360 46936600444944 670375285154432 670375728461050
46940601413648 46939001090064 670375728461388 670376171424512 46938200768528 46939801092112 670376171424524 670376615085614
