16 256
670100070596734 670100077586690 670100082480820 670100117360126 670100077586880 670100080428768 670100117817084 670100152989502
670100117360138 670100117762802 670100156796170 670100191715630 670100152994980 670100154771006 670100192413618 670100227446688
670100191715642 670100192109188 670100230454950 670100265350674 670100227452108 670100227841594 670100265894050 670100300854254
670100265350686 670100265863688 670100303474992 670100338667948 670100300860006 670100301252944 670100339117112 670100374021856
670100338671692 670100339109042 670100376693258 670100411612492 670100374027266 670100374416434 670100412070552 670100446981336
670100411613376 670100412064706 670100448126642 670100483031736 670100446987632 670100447373560 670100484645914 670100519612968
670100483031782 670100483442410 670100520042830 670100555052158 670100519617792 670100520006654 670100557680130 670100592667142
670100555052204 670100555438362 670100593169722 670100628159888 670100592672574 670100593108610 670100629965640 670100664986798
670100628159934 670100628549540 670100665412594 670100700481152 670100664995176 670100665385298 670100701506516 670100736491678

670096517257408 670096527225658 670096528669338 670096563859280 670096527225832 670096527795734 670096564276276 670096599629612
670096563859292 670096564269522 670096602846392 670096638090542 670096599634982 670096600027172 670096638603986 670096673940928
670096638090554 670096638484408 670096675557624 670096710736562 670096673947506 670096674353086 670096711164474 670096746442456
670096710736608 670096711134876 670096749471266 670096784743688 670096746448694 670096746849086 670096785181936 670096820412114
670096784743734 670096785152304 670096822691884 670096857941966 670096820417922 670096820806414 670096858353008 670096893608542
670096857945960 670096858323580 670096894805638 670096930005074 670096893614912 670096894019410 670096930673846 670096965965530
670096930005120 670096930398962 670096966676254 670097001967616 670096965970562 670096966365946 670097003760056 670097039031472
670097001967628 670097002351418 670097039460870 670097075420966 670097039037070 670097039431542 670097076622360 670097111932456
670097075420978 670097075825830 670097112317578 670097147631160 670097111938280 670097112310486 670097148088352 670097183392696

670091793374222 670091798170159 670091805612824 670091840469810 670091798170260 670091799801490 670091840890870 670091875870790
670091840469856 670091840860716 670091880816036 670091915672072 670091875875098 670091876269288 670091916088814 670091951042258
670091915672084 670091916057122 670091952797878 670091987541574 670091951046964 670091951486850 670091987960080 670092023404832
670091987541586 670091987930874 670092026983560 670092061745932 670092023410434 670092023857792 670092062178868 670092097357194
670092061745978 670092062152826 670092098829154 670092133568526 670092097361864 670092097771320 670092133986282 670092168797022
670092133568538 670092133957148 670092170971900 670092205765346 670092168802688 670092169191842 670092206411176 670092241263090
670092205765392 670092206153546 670092243568296 670092278461312 670092241267796 670092241647598 670092279679438 670092314623958
670092278461324 670092278845792 670092315051666 670092349991158 670092314628656 670092315021572 670092352381894 670092387338218
670092349991170 670092350390826 670092387755952 670092422727382 670092387342976 670092387729410 670092424158670 670092459039830

670100543630190 670100554610442 670100555867072 670100591267866 670100554610513 670100555025322 670100591668648 670100627245514
670100591267912 670100591662620 670100631189100 670100666488948 670100627251818 670100627634898 670100666891880 670100702278260
670100666488960 670100666884768 670100703481586 670100738764002 670100702283770 670100702677812 670100739162520 670100774558878
670100738764048 670100739155404 670100777245438 670100812491366 670100774564402 670100774950768 670100812956818 670100848319572
670100812491412 670100812949862 670100849526672 670100884796918 670100848325086 670100848705914 670100885568258 670100920949518
670100884796930 670100885192654 670100921668446 670100956983764 670100920955028 670100921348038 670100957792238 670100993118116
670100956983810 670100957356490 670100993999386 670101029230116 670100993123660 670100993501480 670101030455480 670101065706296
670101029230128 670101029620064 670101066352960 670101101632640 670101065711854 670101066086920 670101102605556 670101137855720
670101101632652 670101102013212 670101138614846 670101173870306 670101137861230 670101138241398 670101173955080 670101209295450

670094934866596 670094939014706 670094946575728 670094981602952 670094939014786 670094939401160 670094982032334 670095017199536
670094981602998 670094981993162 670095021158912 670095056090010 670095017205432 670095017574762 670095056505690 670095091446814
670095056090022 670095056473654 670095094014722 670095128942958 670095091451478 670095091840110 670095129359798 670095164353706
670095128942970 670095129331714 670095167466840 670095202342530 670095164358688 670095164733008 670095202748818 670095237736386
670095202342576 670095202722316 670095239367862 670095274196184 670095237740790 670095238128196 670095274609410 670095309559870
670095274196196 670095274579664 670095311695916 670095346504584 670095309565682 670095309940166 670095346914884 670095381835268
670095346504596 670095346893432 670095383778606 670095418694878 670095381839966 670095382211932 670095421196682 670095456162908
670095418694924 670095419077540 670095457413244 670095492261346 670095456170528 670095456545116 670095492952596 670095527865490
670095492261358 670095492651624 670095528667172 670095563488510 670095527870022 670095528254458 670095564820248 670095599678050

670094438375596 670094445586622 670094449668566 670094484599436 670094445586656 670094445998600 670094485033598 670094520010986
670094484599448 670094485005938 670094523476518 670094558568988 670094520016108 670094520418922 670094558961404 670094594006068
670094558569000 670094558942482 670094595545682 670094630439856 670094594013972 670094594401066 670094630848318 670094665829428
670094630439868 670094630822380 670094668362214 670094703312232 670094665837390 670094666224912 670094703740930 670094738717424
670094703312244 670094703708214 670094741962690 670094776842134 670094738722504 670094739108720 670094777246662 670094812206288
670094776842146 670094777227004 670094815176960 670094850130754 670094812212236 670094812594218 670094851553848 670094886549952
670094850130800 670094850505574 670094887770416 670094922639178 670094886557858 670094886930706 670094923050348 670094958040638
670094922639190 670094923022342 670094959057836 670094993967408 670094958046442 670094958427932 670094996979126 670095031916510
670094993967420 670094994353980 670095032327688 670095067243028 670095031922302 670095032299934 670095069203916 670095104084052

670092435421942 670092440540626 670092447504572 670092482491342 670092440540682 670092440925552 670092482930670 670092518037322
670092482491354 670092482872910 670092520878790 670092555885294 670092518042510 670092518429984 670092556721240 670092591751788
670092555885306 670092556279150 670092594223134 670092629227640 670092591757686 670092592148080 670092629644868 670092664890374
670092629227652 670092629619916 670092666042428 670092701004004 670092664891818 670092665272938 670092701622856 670092736578786
670092701004016 670092701370850 670092739870076 670092774760630 670092736584642 670092736976376 670092775166552 670092810113420
670092774760642 670092775147302 670092812546086 670092847761332 670092810120134 670092810503652 670092848193494 670092883144014
670092847761344 670092848161130 670092884590322 670092919462040 670092883149946 670092883532112 670092919879946 670092954842254
670092919462052 670092919852090 670092956713300 670092991633874 670092954847970 670092955245890 670092992480638 670093027475538
670092991633886 670092992025458 670093029595692 670093064463018 670093027481476 670093027857102 670093064841800 670093099759986

670092862567324 670092871029808 670092874659232 670092909666832 670092871029894 670092872629466 670092910105840 670092945118896
670092909666844 670092910071830 670092950126694 670092985058312 670092945127636 670092945516584 670092985481176 670093020502126
670092985058324 670092985454552 670093022141572 670093057085632 670093020506592 670093020941030 670093057500678 670093092428446
670093057085678 670093057473014 670093095893076 670093130783852 670093092433190 670093092818676 670093131206888 670093166162354
670093130783864 670093131181334 670093168209212 670093203083188 670093166167142 670093166550588 670093203501706 670093238587448
670093203083200 670093203473924 670093240337628 670093275264068 670093238588606 670093238972738 670093275688222 670093310623580
670093275264080 670093275661080 670093312658928 670093347584222 670093310623768 670093311021498 670093347985552 670093382979158
670093347584234 670093347959490 670093383966836 670093418884098 670093382979382 670093383364456 670093419741112 670093454672622
670093418884110 670093419273938 670093456014598 670093490942638 670093454677360 670093455057954 670093492878568 670093527803116

670092805645508 670092808817340 670092818021320 670092853005994 670092808817428 670092809192258 670092853443000 670092888590912
670092853006006 670092853394912 670092892462016 670092927481308 670092888591864 670092888968216 670092927948990 670092963077114
670092927481320 670092927942856 670092964262382 670092999203050 670092963083562 670092963456992 670092999601714 670093034523188
670092999203062 670092999595928 670093035772674 670093070740252 670093034523390 670093034902744 670093071164376 670093106138372
670093070740264 670093071135162 670093108965082 670093143877640 670093106144404 670093106538096 670093144289842 670093179266258
670093143877652 670093144261236 670093182102860 670093217045326 670093179266470 670093179698341 670093217452634 670093252420408
670093217045372 670093217425430 670093254086592 670093288992914 670093252420618 670093252793930 670093289406920 670093324351548
670093288992926 670093289373134 670093325141774 670093360034550 670093324357692 670093324737592 670093362576974 670093397461364
670093360034562 670093360403482 670093398104846 670093433014628 670093397467418 670093397847816 670093434328446 670093469200088

670091215011250 670091223082212 670091226772074 670091261720486 670091223082298 670091225906280 670091262120638 670091297219194
670091261720498 670091262116948 670091301354478 670091336329162 670091297225426 670091297600664 670091336753956 670091371756756
670091336329208 670091336723170 670091373047760 670091408367206 670091371756958 670091372137608 670091408793650 670091443691054
670091408367218 670091408762526 670091444765358 670091479714476 670091443697082 670091444077376 670091480319202 670091515234744
670091479714488 670091480109672 670091516880390 670091551866976 670091515241164 670091515603490 670091552435232 670091587371818
670091551867022 670091552249026 670091591086392 670091625972534 670091587377848 670091589238510 670091626393794 670091661306260
670091625972546 670091626373410 670091663601626 670091699180798 670091661312610 670091661695624 670091700005558 670091734889912
670091699180844 670091699569444 670091735657494 670091770590462 670091734896272 670091735281430 670091772229222 670091807166690
670091770590474 670091770987874 670091808800718 670091843666790 670091807174800 670091807552506 670091843953260 670091879536452

670089477429448 670089483207812 670089490136078 670089525100542 670089483207898 670089484806066 670089525529240 670089560690932
670089525100554 670089525492226 670089563375016 670089598298334 670089560694756 670089561077278 670089598743020 670089633791904
670089598298346 670089598697604 670089636260716 670089671192980 670089633795546 670089634180432 670089673433700 670089708468270
670089671192992 670089671566068 670089709259976 670089744286384 670089708471964 670089708865114 670089745059006 670089780078352
670089744286396 670089744665782 670089782023822 670089817594400 670089780078708 670089780474698 670089818020704 670089852981632
670089817594412 670089817989088 670089855049356 670089889991250 670089852986120 670089853377434 670089890395012 670089925406696
670089889991262 670089890365854 670089926419230 670089961369614 670089925410652 670089925790064 670089962220146 670089997115544
670089961369626 670089961768558 670089999666876 670090034514584 670089997119308 670089997514268 670090034938598 670090070569596
670090034514596 670090034910364 670090071629130 670090106551306 670090070569886 670090070982610 670090107506446 670090142337584

670097739643506 670097751099110 670097752346894 670097786758402 670097751099212 670097751497892 670097787218496 670097821809912
670097786758414 670097787154864 670097825797318 670097860295538 670097821810344 670097822195992 670097860723320 670097895308076
670097860295550 670097860706444 670097898115668 670097932477904 670097895308296 670097895722178 670097932893298 670097967299986
670097932477916 670097932869050 670097971825956 670098006194962 670097967300386 670097967688836 670098006626176 670098041041180
670098006194974 670098006597454 670098043978966 670098078362828 670098041041382 670098041445970 670098078794830 670098113189922
670098078362840 670098078767832 670098116260228 670098150645366 670098113194510 670098113588670 670098151066786 670098185496698
670098150645378 670098151043660 670098188152658 670098222560010 670098185497176 670098185894172 670098224059564 670098258510306
670098222560022 670098222946272 670098260488788 670098294895202 670098258510740 670098258909364 670098296467696 670098330871220
670098294895214 670098295284054 670098333328342 670098367762892 670098330871608 670098331255562 670098368835064 670098403386564

670093839384496 670093844621978 670093851117064 670093886072336 670093844622066 670093845006882 670093886522416 670093921502990
670093886072382 670093886467830 670093925673838 670093960542140 670093921506794 670093921930692 670093960983534 670093995866972
670093960542152 670093960952182 670093997898952 670094032835640 670093995870800 670093996262692 670094033254114 670094068447234
670094032835652 670094033229598 670094071892348 670094106722948 670094068451064 670094068841464 670094107139898 670094142052502
670094106722960 670094107118164 670094145166366 670094180070814 670094142056248 670094142445598 670094180470920 670094215401436
670094180070826 670094180446068 670094216553762 670094251818694 670094215406282 670094215789850 670094252234340 670094287139694
670094251818706 670094252229784 670094287966166 670094322775400 670094287143810 670094287536946 670094325733670 670094360544650
670094322775446 670094323177858 670094360979864 670094395870022 670094360548360 670094360951786 670094397377208 670094432112010
670094395875384 670094396270546 670094432530948 670094467335462 670094432115784 670094432502354 670094469330122 670094504090210

670090273950968 670090284461112 670090285687726 670090321010942 670090284461194 670090284854032 670090321703314 670090356828474
670090321010954 670090321416342 670090359398638 670090394385894 670090356833874 670090357249040 670090394797176 670090429841548
670090394385906 670090394790426 670090432879728 670090467724464 670090429841860 670090430250560 670090468148184 670090503070754
670090467724476 670090468121960 670090505120264 670090540048682 670090503070986 670090503466040 670090540475270 670090575389422
670090540048694 670090540445634 670090578414670 670090613252338 670090575389654 670090575778922 670090613677484 670090648587374
670090613252384 670090613651846 670090650771142 670090685606586 670090648587614 670090648988098 670090687963014 670090722826496
670090685606598 670090686005396 670090723483818 670090758493524 670090722831888 670090723215460 670090760326526 670090795269760
670090758493536 670090758878840 670090795690804 670090830722146 670090795277900 670090795662792 670090832608482 670090867745912
670090830722158 670090831120972 670090868543840 670090903556842 670090867750012 670090868152354 670090904395428 670090939451038

670087787694530 670087798411092 670087799640166 670087834934834 670087798411180 670087798804702 670087835341904 670087870734176
670087834934846 670087835336266 670087873510210 670087908808966 670087870736922 670087871139118 670087909228360 670087944525260
670087908808978 670087909201962 670087947243122 670087982587004 670087944530666 670087944918906 670087983041892 670088018352256
670087982587050 670087982983524 670088020568206 670088055833838 670088018357652 670088018731976 670088056263198 670088091595430
670088055833850 670088056233318 670088092807658 670088128750240 670088091600810 670088092016316 670088129531304 670088164838882
670088128750252 670088129161894 670088165332032 670088201038532 670088164839104 670088165220724 670088202177888 670088237536952
670088201038544 670088201450508 670088237980530 670088273176704 670088237537166 670088237923850 670088274320476 670088309481236
670088273176716 670088273568356 670088310330934 670088345624488 670088309486876 670088309884762 670088346086132 670088381380522
670088345624534 670088346016150 670088382176990 670088417485518 670088381386222 670088381773006 670088417881440 670088453201750

670097518121294 670097525177073 670097530080278 670097565049558 670097525177165 670097528002988 670097567043096 670097602118882
670097565049604 670097565460046 670097605323022 670097640394506 670097602124304 670097602562826 670097640829096 670097675823912
670097640394518 670097640799776 670097677967636 670097712926912 670097675828796 670097676237308 670097713367880 670097748354324
670097712926924 670097713329912 670097751421704 670097786445650 670097748359190 670097748746904 670097786898490 670097822005140
670097786445662 670097786847328 670097823734332 670097858714968 670097822005466 670097822403796 670097859227016 670097894265168
670097858714980 670097859194916 670097895936896 670097930982376 670097894269852 670097894686664 670097932012928 670097967110292
670097930982388 670097931366116 670097968368478 670098003252488 670097967115172 670097967526172 670098004143996 670098039094114
670098003252500 670098003654858 670098039519360 670098074496680 670098039098988 670098039490878 670098076556450 670098111415012
670098074496726 670098074893122 670098112462560 670098147404680 670098111419872 670098111809480 670098148442700 670098183368332
