16 295
670261649931446 670261650199442 670261654774214 670261691114042 670261691114252 670261691440858 670261700115656 670261735023826
670261735029554 670261735350994 670261743515172 670261778336468 670261778336676 670261778656612 670261785264616 670261820051496
670261820057044 670261820365246 670261826751514 670261861776518 670261861776726 670261862081758 670261869485948 670261904417344
670261904423190 670261904731098 670261912779290 670261947797180 670261947797406 670261948092486 670261953907378 670261988845194
670261988851014 670261989174420 670261996909742 670262031916072 670262031916334 670262032220672 670262039330008 670262074252874
670262074258808 670262074571774 670262081594982 670262116595978 670262116596240 670262116922188 670262124527508 670262159415968
670262159421788 670262159737868 670262167631778 670262202549866 670262202550090 670262202846568 670262210556974 670262245448762
670262245454572 670262245776512 670262254909306 670262289843910 670262289844128 670262290146344 670262297184252 670262332124428
670262332129296 670262332444314 670262339345066 670262374402822 670262374403096 670262374716808 670262381430538 670262416371986

670258096111034 670258096450760 670258101752306 670258141624182 670258141624228 670258141963624 670258148891122 670258183673466
670258183677472 670258184035692 670258191054104 670258225800368 670258225800532 670258226113098 670258234226074 670258269503986
670258269509908 670258269826204 670258277049826 670258311925576 670258311925824 670258312259230 670258318535626 670258353318510
670258353322554 670258353635616 670258359409582 670258394258542 670258394258734 670258394582416 670258403151694 670258438586574
670258438592510 670258438910644 670258445109972 670258479953310 670258479953486 670258480278166 670258487582430 670258522366438
670258522370512 670258522698198 670258529054320 670258563852574 670258563852772 670258564157838 670258572198390 670258606998096
670258607002182 670258607315952 670258615321168 670258650842544 670258650842556 670258651183330 670258657023668 670258691734756
670258691738594 670258692062352 670258702076048 670258736922634 670258736922652 670258737228566 670258744667936 670258779434946
670258779438992 670258779763630 670258786796066 670258821575944 670258821576200 670258821872222 670258829270704 670258864080008

670253371850940 670253372116712 670253377494896 670253417564562 670253417564608 670253417903674 670253427241090 670253462157132
670253462162322 670253462496466 670253469837084 670253504716764 670253504716810 670253505025100 670253512825616 670253547720104
670253547723886 670253548038632 670253554247878 670253589057902 670253589058064 670253589371566 670253596379542 670253631132276
670253631136044 670253631443824 670253637607414 670253672332832 670253672332938 670253672648006 670253679981164 670253715417998
670253715423414 670253715747298 670253723847784 670253758671144 670253758671346 670253758975846 670253764235494 670253799747970
670253799753492 670253800084528 670253805342748 670253840181008 670253840181208 670253840474838 670253850706940 670253885551806
670253885557018 670253885866238 670253892086162 670253927029874 670253927029920 670253927356394 670253934016444 670253968914082
670253968919568 670253969232502 670253977976864 670254012873246 670254012873292 670254013178274 670254020368694 670254055274130
670254055279326 670254055609012 670254062500132 670254097388214 670254097388422 670254097691578 670254105014004 670254139965888

670262122070492 670262122384600 670262127005498 670262164137930 670262164138190 670262164533418 670262173470148 670262207954446
670262207960354 670262208295886 670262216860062 670262251330566 670262251330774 670262251640256 670262259346048 670262293862166
670262293868608 670262294187740 670262302196356 670262336619398 670262336619620 670262336955552 670262343248440 670262377674550
670262377679734 670262377991764 670262385754634 670262420400242 670262420400564 670262420704940 670262428182574 670262463172000
670262463178534 670262463523536 670262469449752 670262503865844 670262503866040 670262504180530 670262511471618 670262546575986
670262546584504 670262546902542 670262552314966 670262586750432 670262586750730 670262587070840 670262595817016 670262630224474
670262630230880 670262630545686 670262639245766 670262673620488 670262673620684 670262673926898 670262680583564 670262714946778
670262714951958 670262715281088 670262722792120 670262757236076 670262757236302 670262757543178 670262765626282 670262800085404
670262800091574 670262800402234 670262809425146 670262843818570 670262843818772 670262844128712 670262850982906 670262885403290

670256512584008 670256512918970 670256518194104 670256556832892 670256556833086 670256557227154 670256564412278 670256599463606
670256599468746 670256599842632 670256605538668 670256640366858 670256640367056 670256640690496 670256645280814 670256680081914
670256680087766 670256680413208 670256686552166 670256721337494 670256721337700 670256721672168 670256729941488 670256764798266
670256764803486 670256765136906 670256771302038 670256806128306 670256806128508 670256806443180 670256816110188 670256850983160
670256850986980 670256851328340 670256859020602 670256893814116 670256893814332 670256894142928 670256902498082 670256937289536
670256937295042 670256937641698 670256943328726 670256978808448 670256978808648 670256979140102 670256986497354 670257021334886
670257021338668 670257021679382 670257027835714 670257063294826 670257063295032 670257063607814 670257068309854 670257103061936
670257103065766 670257103401808 670257113311394 670257148169398 670257148169592 670257148467870 670257156206744 670257191076490
670257191081920 670257191408226 670257199423126 670257234169422 670257234169616 670257234486004 670257239873404 670257274614362

670256016281874 670256016724834 670256021917236 670256059713966 670256059714390 670256060224322 670256069559098 670256103837706
670256103842702 670256104315510 670256111659462 670256145905634 670256145905856 670256146350534 670256152470290 670256186668134
670256186673600 670256187091688 670256195460040 670256229756072 670256229756320 670256230198274 670256237860064 670256272094864
670256272100484 670256272520534 670256281264942 670256315580380 670256315580574 670256315984026 670256324961054 670256359214410
670256359220360 670256359649954 670256366305256 670256400474204 670256400474444 670256400885786 670256406672234 670256440822240
670256440826940 670256441232782 670256448918994 670256483149556 670256483149778 670256483585794 670256490579094 670256524764178
670256524770118 670256525173772 670256533185590 670256567380530 670256567380710 670256567796300 670256575735320 670256609862420
670256609868050 670256610277042 670256619374020 670256653587760 670256653587978 670256654002828 670256662221978 670256696390306
670256696395932 670256696811286 670256704400370 670256738549296 670256738549394 670256738944430 670256745823394 670256779913622

670254013589126 670254014007812 670254019224180 670254058693302 670254058693314 670254059160160 670254067109728 670254102089584
670254102094496 670254102485130 670254109461010 670254144402592 670254144402604 670254144783282 670254152206026 670254187081440
670254187087838 670254187489488 670254193078742 670254227981990 670254227982014 670254228389676 670254236305096 670254271908384
670254271914546 670254272286520 670254279338688 670254314258464 670254314258664 670254314628052 670254322737470 670254357609894
670254357614816 670254357982502 670254363640654 670254399270642 670254399270854 670254399649068 670254407531458 670254442336382
670254442341318 670254442718300 670254448838044 670254483752018 670254483752224 670254484105748 670254490142594 670254524960108
670254524966778 670254525306978 670254532798588 670254567660234 670254567660246 670254568026716 670254574055608 670254608917556
670254608923944 670254609273642 670254617256686 670254652138544 670254652138590 670254652507374 670254660470766 670254695259426
670254695265682 670254695626426 670254702632490 670254737474496 670254737474776 670254737823996 670254744580660 670254779349122

670254440154952 670254440513316 670254445554614 670254482690394 670254482690508 670254483132374 670254493047442 670254528050974
670254528054592 670254528418240 670254532916900 670254567865870 670254567866070 670254568222212 670254573302698 670254608196556
670254608202200 670254608548476 670254617525702 670254652481086 670254652481850 670254652845552 670254659467938 670254694404112
670254694407914 670254694755234 670254703707690 670254738704636 670254738704844 670254739066608 670254746508164 670254781455090
670254781458886 670254781825580 670254790156718 670254825783462 670254825783626 670254826146962 670254832576994 670254867499868
670254867503484 670254867857092 670254873940066 670254908904796 670254908905010 670254909269074 670254916626740 670254951553718
670254951557486 670254951915028 670254956121086 670254991102488 670254991102658 670254991451046 670254998396880 670255033320908
670255033326940 670255033713056 670255040620274 670255075556834 670255075557048 670255075907684 670255083785272 670255119494682
670255119500320 670255119860208 670255125972842 670255160878766 670255160878966 670255161241432 670255169716356 670255204604432

670254383773604 670254384111538 670254389256302 670254433326688 670254433326700 670254433713612 670254439737666 670254474063270
670254474068986 670254474387020 670254479866730 670254514143872 670254514143930 670254514484278 670254520639930 670254554875772
670254554882394 670254555203170 670254563926128 670254598233334 670254598233506 670254598573034 670254606297088 670254640518486
670254640525162 670254640842292 670254649114758 670254683359766 670254683359958 670254683683524 670254690707998 670254724946518
670254724953128 670254725293512 670254733830932 670254768789106 670254768789328 670254769117858 670254776235192 670254810483872
670254810489560 670254810815502 670254816772816 670254851037286 670254851037298 670254851378544 670254858331044 670254892591960
670254892598408 670254892922794 670254901116702 670254935349138 670254935349150 670254935673748 670254943918986 670254978115394
670254978122094 670254978454254 670254986876820 670255021221426 670255021221438 670255021538712 670255029479234 670255063739648
670255063745346 670255064063270 670255071241102 670255105518502 670255105518764 670255105858526 670255112845860 670255147027444

670252793152408 670252793474698 670252799102400 670252839975876 670252839976060 670252840347364 670252849122114 670252884848748
670252884854646 670252885199856 670252892594050 670252927691190 670252927691324 670252928007496 670252935606674 670252970576442
670252970581570 670252970890616 670252977215630 670253012218436 670253012218586 670253012547230 670253019241924 670253054159354
670253054165012 670253054492628 670253061488868 670253097105260 670253097105732 670253097424236 670253103495302 670253139039196
670253139045298 670253139369706 670253146557794 670253181536818 670253181537016 670253181851900 670253189009942 670253223889170
670253223892992 670253224220192 670253230211498 670253265147848 670253265148024 670253265461482 670253273384540 670253308287732
670253308291564 670253308608070 670253315159990 670253350188112 670253350188422 670253350514970 670253357037528 670253391973516
670253391977278 670253392300060 670253399203312 670253434185886 670253434186074 670253434492372 670253441376968 670253476314802
670253476319854 670253476655920 670253482986250 670253517913144 670253517913488 670253518217602 670253524841974 670253559731248

670251055902878 670251056266352 670251062018414 670251103039512 670251103039784 670251103459016 670251112224348 670251146843058
670251146846746 670251147250316 670251155103260 670251189681578 670251189681802 670251190029166 670251195657190 670251230170336
670251230173968 670251230552358 670251236867182 670251272142004 670251272142256 670251272514796 670251279145878 670251313637954
670251313641748 670251313991078 670251321997150 670251356966260 670251356966468 670251357336360 670251365088354 670251399589404
670251399593160 670251399942914 670251408919212 670251443453070 670251443453292 670251443804896 670251451758198 670251486863778
670251486867636 670251487235370 670251492959484 670251527476614 670251527476824 670251527827224 670251536135340 670251570582844
670251570583738 670251570922710 670251576286652 670251610869446 670251610869688 670251611246802 670251617383362 670251651911108
670251651914934 670251652272768 670251659782626 670251694283906 670251694284130 670251694623744 670251702555232 670251737004826
670251737008580 670251737376626 670251744800572 670251779305872 670251779306090 670251779640266 670251786223672 670251820666140

670259318442752 670259318772652 670259324566496 670259365001404 670259365001680 670259365411810 670259372505500 670259407184920
670259407184932 670259407494374 670259413729774 670259448287190 670259448287434 670259448642278 670259456115142 670259490646164
670259490646176 670259490958602 670259498573412 670259533039172 670259533039370 670259533362240 670259540830774 670259575280172
670259575283966 670259575602786 670259582209572 670259616749642 670259616749860 670259617067934 670259623286456 670259657766496
670259657770472 670259658084950 670259668841018 670259703387844 670259703388060 670259703711914 670259711061734 670259745553740
670259745557664 670259745863672 670259751801022 670259786346870 670259786347090 670259786675620 670259792913668 670259828097464
670259828101416 670259828415422 670259835315948 670259869911302 670259869911314 670259870228936 670259876342970 670259910853400
670259910857226 670259911182752 670259917962608 670259952517046 670259952517254 670259952838798 670259960038046 670259994574626
670259994578586 670259994884164 670260005082300 670260039644294 670260039644506 670260039982280 670260045696356 670260080854950

670255417742162 670255418176324 670255424159226 670255466129366 670255466129576 670255466635226 670255473404838 670255508435244
670255508439686 670255508896458 670255515526370 670255550538274 670255550538480 670255550979860 670255556622144 670255591636578
670255591641402 670255592112976 670255599035552 670255633979232 670255633979456 670255634467216 670255640860606 670255675797242
670255675801886 670255676170038 670255682791570 670255717675532 670255717675772 670255718079394 670255726256352 670255761781712
670255761786946 670255762185482 670255769865242 670255804745590 670255804745864 670255805180790 670255810889560 670255845739564
670255845744240 670255846166092 670255851212024 670255886102788 670255886103020 670255886510808 670255893845084 670255928753500
670255928758438 670255929112738 670255938478886 670255973473802 670255973474016 670255973914696 670255981133150 670256016121002
670256016125616 670256016539118 670256022812886 670256057814804 670256057815020 670256058191790 670256062431380 670256097460320
670256097464932 670256097861578 670256104825290 670256139841518 670256139841708 670256140195614 670256148204578 670256183216786

670251851837698 670251852164504 670251858487544 670251895766632 670251895766822 670251896161494 670251907155714 670251942130962
670251942135566 670251942476186 670251951276526 670251986126830 670251986127030 670251986448502 670251994286184 670252029205714
670252029209424 670252029533080 670252035894488 670252071195800 670252071196008 670252071536188 670252078206894 670252113520308
670252113524116 670252113828046 670252120169220 670252154995574 670252154995808 670252155344610 670252162401944 670252197271894
670252197275626 670252197597308 670252205645116 670252241218472 670252241218672 670252241540048 670252247769608 670252282643552
670252282647242 670252282954926 670252288315786 670252323243058 670252323243276 670252323571242 670252331652820 670252366561092
670252366562060 670252366868564 670252373836772 670252408712754 670252408712956 670252409025442 670252415716442 670252450588762
670252450592396 670252450895126 670252457916314 670252492822746 670252492822934 670252493162478 670252500394254 670252535330966
670252535334730 670252535653342 670252542517286 670252577325834 670252577325986 670252577636162 670252584561892 670252619422766

670249365729610 670249366208366 670249372388562 670249414406320 670249414406332 670249414929438 670249422755332 670249457070212
670249457075966 670249457544578 670249465595028 670249499896610 670249499896622 670249500342454 670249508293884 670249542595432
670249542601210 670249543041180 670249549711654 670249583994302 670249583994526 670249584442900 670249592101050 670249626328122
670249626333864 670249626806106 670249633464010 670249667776094 670249667776604 670249668201276 670249676305060 670249711230134
670249711239662 670249711697606 670249719541294 670249753825576 670249753825810 670249754244088 670249761676162 670249795900656
670249795904220 670249796336500 670249802070346 670249836339104 670249836339370 670249836760310 670249844942488 670249879142708
670249879149240 670249879563494 670249887256664 670249921497962 670249921498008 670249921932264 670249929511736 670249963673478
670249963677192 670249964120788 670249971861492 670250006179080 670250006179104 670250006638044 670250013815400 670250048031906
670250048035632 670250048474040 670250055534654 670250089658128 670250089658360 670250090096166 670250097994386 670250132827506

670259096298868 670259096627662 670259102754090 670259144038706 670259144038914 670259144468554 670259153341754 670259188346358
670259188351462 670259188696254 670259196180568 670259231201524 670259231202146 670259231537970 670259238880316 670259273844146
670259273849148 670259274177880 670259280300886 670259315204710 670259315204858 670259315549682 670259321869382 670259356744000
670259356749242 670259357071226 670259362289518 670259397195720 670259397195876 670259397502954 670259404122136 670259438959542
670259438964774 670259439284966 670259445851806 670259480776462 670259480776674 670259481106392 670259486947866 670259521838734
670259521845186 670259522173998 670259528318546 670259563264526 670259563264736 670259563604658 670259569024926 670259603872730
670259603879132 670259604190508 670259611351410 670259646303186 670259646303394 670259646618320 670259655296270 670259690200352
670259690207402 670259690546178 670259696963658 670259731928906 670259731929086 670259732229550 670259739974952 670259774870306
670259774875564 670259775197610 670259780278986 670259815281140 670259815281328 670259815624696 670259822984658 670259858580066
