16 3265
671293888753044 671293888769312 671293907295320 671294356254274 671294356254308 671294356310976 671294377533312 671294825694032
671294825695381 671294825742451 671294848161700 671295295697590 671295295697616 671295295746468 671295313498562 671295761565106
671295761571122 671295761615756 671295783502326 671296230240756 671296230241016 671296230300186 671296263057332 671296710044976
671296710048548 671296710106684 671296730153982 671297177234964 671297177235042 671297177276194 671297196723614 671297645092114
671297645098100 671297645142382 671297667306106 671298115408644 671298115408852 671298115479174 671298139428570 671298586630962
671298586637514 671298586703070 671298609520778 671299057836546 671299057836780 671299057878064 671299087540808 671299534625596
671299534629218 671299534670320 671299555331502 671300003361110 671300003361946 671300003424626 671300025718992 671300473516710
671300473523494 671300473585050 671300511476306 671300959883956 671300959883968 671300959933420 671300978539324 671301426010792
671301426016304 671301426059966 671301446179516 671301893980312 671301893980338 671301894028372 671301919328860 671302367293858

671290332871814 671290333096754 671290351644092 671290802616384 671290802616590 671290802677634 671290823206666 671291271769554
671291271774520 671291271815808 671291296384820 671291746028466 671291746028690 671291746083586 671291768064806 671292215966508
671292215970150 671292216010422 671292242144762 671292690985286 671292690985490 671292691042478 671292712364234 671293161314958
671293161320314 671293161363954 671293181549872 671293630790652 671293630790872 671293630843144 671293651096766 671294099168784
671294099172440 671294099212356 671294119207680 671294568089618 671294568089804 671294568165286 671294589924412 671295037511240
671295037514826 671295037584912 671295057614882 671295505735170 671295505735200 671295505780308 671295538724430 671295986942878
671295986952416 671295986997494 671296006492980 671296455182722 671296455182768 671296455228020 671296476380506 671296925528002
671296925534332 671296925584380 671296955985990 671297403975086 671297403975112 671297404022112 671297426930918 671297874779338
671297874785304 671297874827842 671297896920628 671298345156988 671298345157020 671298345203408 671298366657746 671298814752512

671285605481918 671285605498244 671285626195494 671286067567866 671286067568554 671286067626916 671286097476864 671286535979872
671286535989144 671286536031146 671286577505108 671287017059070 671287017059322 671287017108212 671287042103626 671287479811944
671287479817200 671287479858086 671287512667054 671287950055904 671287950056154 671287950118632 671287984435814 671288422195572
671288422205148 671288422265744 671288459260966 671288898019266 671288898019284 671288898070112 671288928312302 671289366258432
671289366263802 671289366303882 671289397452024 671289835487140 671289835487358 671289835553262 671289861845724 671290299362558
671290299368066 671290299422188 671290330140998 671290768128948 671290768128960 671290768182966 671290814567382 671291252817204
671291252822658 671291252863600 671291279064918 671291717096096 671291717096108 671291717146418 671291748464482 671292187014492
671292187015798 671292187056156 671292226234340 671292664084956 671292664085158 671292664129670 671292703470958 671293141342272
671293141347734 671293141387636 671293173438750 671293611675254 671293611675314 671293611716924 671293638164094 671294076651196

671294356201108 671294356453678 671294378365826 671294830157082 671294830157094 671294830220228 671294851514234 671295300788658
671295300792268 671295300837388 671295319834642 671295769042476 671295769046010 671295769114446 671295792224328 671296241512286
671296241517992 671296241576274 671296262550900 671296709711250 671296709714782 671296709774776 671296730628434 671297179294994
671297179300916 671297179359122 671297200722320 671297648909566 671297648909586 671297648968670 671297668522200 671298118805776
671298118809316 671298118848774 671298139071334 671298586387608 671298586391138 671298586455452 671298607833220 671299054582516
671299054588216 671299054647442 671299073489512 671299521880634 671299521884182 671299521922858 671299561508024 671300009232314
671300009240514 671300009291590 671300027938286 671300476552536 671300476556088 671300476598144 671300496570576 671300945044144
671300945052720 671300945103662 671300982933990 671301431514986 671301431518544 671301431554390 671301450643928 671301898285200
671301898293814 671301898344568 671301917331474 671302366688682 671302366692178 671302366730426 671302390653102 671302839155416

671288740961172 671288740978122 671288763061216 671289206390562 671289206390772 671289206445986 671289232541802 671289674156286
671289674161998 671289674210308 671289705310212 671290146759182 671290146759396 671290146806024 671290174812762 671290616066238
671290616075412 671290616121502 671290648781152 671291088870132 671291088870358 671291088935548 671291118732082 671291559034036
671291559045068 671291559114142 671291586326480 671292027794280 671292027794302 671292027844710 671292056049316 671292496853092
671292496857808 671292496904064 671292525439474 671292965942392 671292965942542 671292966017526 671292995670210 671293435425956
671293435429526 671293435490048 671293464535666 671293905005860 671293905006076 671293905058970 671293946594808 671294386768190
671294386777526 671294386823694 671294413340714 671294854290914 671294854291094 671294854360722 671294883091040 671295323994230
671295324001000 671295324065460 671295368607730 671295809919332 671295809919372 671295809972722 671295833789612 671296273850008
671296273853750 671296273896944 671296303514466 671296745177812 671296745177838 671296745230362 671296772915884 671297213586120

671288247009852 671288247293458 671288268460776 671288717830662 671288717831046 671288717889942 671288745366298 671289194319636
671289194327254 671289194373486 671289216548490 671289666591304 671289666594854 671289666644048 671289688325842 671290137529296
671290137535060 671290137581736 671290160470058 671290608276578 671290608276904 671290608341416 671290630178260 671291077451762
671291077458010 671291077513540 671291100478428 671291549416462 671291549416814 671291549483270 671291569341038 671292019009378
671292019016758 671292019088086 671292037817536 671292485567048 671292485567096 671292485616082 671292507492342 671292956851880
671292956856150 671292956902644 671292974952920 671293422318658 671293422318706 671293422366198 671293457096384 671293906174212
671293906179068 671293906216856 671293925380618 671294373812386 671294373812710 671294373885932 671294396667944 671294845063236
671294845070608 671294845139332 671294877192346 671295326510400 671295326513940 671295326562762 671295346402270 671295794591472
671295794600166 671295794644782 671295814572622 671296263316756 671296263320354 671296263364056 671296285235598 671296732550774

671286245178924 671286245202208 671286266995536 671286717794318 671286717797882 671286717887398 671286745734556 671287194516080
671287194523982 671287194594602 671287217197026 671287665240466 671287665244012 671287665286624 671287686528616 671288134766494
671288134774652 671288134825740 671288158194762 671288605124762 671288605128308 671288605191446 671288627546134 671289076051948
671289076059144 671289076140764 671289098852376 671289546992682 671289546992730 671289547044674 671289567910310 671290017080532
671290017085836 671290017131912 671290035282086 671290482337896 671290482341480 671290482415996 671290505231148 671290951815290
671290951821192 671290951882094 671290972150730 671291420093406 671291420096954 671291420148688 671291455140374 671291902512068
671291902517770 671291902561482 671291921771082 671292370458266 671292370461816 671292370511866 671292394947348 671292842481536
671292842489718 671292842534392 671292874228240 671293321806842 671293321807242 671293321856118 671293342042646 671293788786036
671293788791640 671293788834916 671293810725566 671294258564142 671294258567684 671294258614504 671294282120736 671294729320778

671286668814942 671286669035390 671286690988950 671287143620098 671287143620156 671287143696166 671287164127628 671287614250114
671287614257208 671287614313360 671287636468382 671288086103754 671288086103974 671288086170744 671288108112408 671288557847532
671288557857418 671288557921668 671288577764478 671289025934088 671289025934358 671289025996846 671289048226148 671289496294556
671289496298276 671289496352664 671289517694402 671289967284670 671289967284682 671289967336376 671289987041092 671290436270160
671290436275342 671290436317862 671290454626752 671290903698806 671290903699068 671290903766184 671290924079966 671291372382674
671291372388752 671291372443866 671291391878554 671291840596614 671291840596642 671291840645058 671291876051746 671292325265598
671292325270812 671292325309220 671292342241648 671292791600924 671292791600936 671292791654980 671292813224394 671293263049658
671293263054824 671293263095234 671293296705930 671293745984470 671293745984490 671293746037948 671293764193936 671294213060934
671294213065614 671294213106586 671294230764846 671294679591644 671294679591656 671294679638444 671294705648944 671295155566324

671286614888414 671286614903622 671286637995446 671287086478634 671287086478696 671287086538658 671287110277876 671287556240352
671287556248390 671287556309982 671287580805804 671288026497320 671288026503562 671288026567828 671288052921170 671288498051254
671288498057200 671288498114628 671288523283326 671288967439280 671288967439346 671288967484524 671288993860752 671289438954588
671289438960386 671289439001138 671289462844952 671289908058750 671289908058808 671289908107836 671289931738370 671290376917032
671290376925056 671290376964750 671290400098658 671290845107236 671290845107248 671290845157936 671290868090662 671291312762914
671291312766478 671291312806196 671291337183592 671291781730764 671291781730828 671291781772442 671291816914602 671292261696702
671292261704684 671292261743392 671292287755344 671292733409652 671292733409664 671292733460454 671292759047146 671293203669910
671293203677948 671293203722666 671293234970602 671293679346574 671293679346586 671293679391384 671293709264164 671294153539156
671294153542780 671294153586144 671294176502540 671294622121234 671294622121246 671294622166168 671294649244092 671295094291864

671285025321310 671285025554182 671285048306334 671285502233834 671285502234094 671285502314074 671285525055890 671285974403560
671285974410864 671285974471412 671285996791108 671286447896026 671286447896264 671286447947374 671286468100852 671286917178334
671286917182610 671286917219950 671286939888130 671287388619374 671287388619386 671287388689932 671287409768324 671287858705436
671287858714372 671287858775196 671287879140214 671288328382136 671288328382198 671288328429140 671288347976758 671288797125998
671288797130782 671288797170870 671288816125042 671289264495774 671289264496000 671289264560578 671289285814418 671289734299998
671289734309550 671289734367188 671289753278852 671290202238954 671290202238966 671290202288548 671290235565948 671290686804152
671290686808444 671290686856898 671290703692618 671291152099752 671291152099764 671291152142518 671291174465142 671291623733066
671291623741296 671291623784286 671291655510358 671292104153284 671292104153518 671292104198016 671292124722268 671292573674060
671292573682366 671292573722966 671292592895680 671293042334866 671293042334878 671293042377662 671293064797206 671293514587752

671283289389824 671283289406072 671283312905464 671283767571630 671283767571830 671283767636764 671283789942592 671284238479504
671284238485766 671284238530228 671284261320784 671284711322454 671284711322680 671284711396752 671284732291174 671285180575322
671285180581596 671285180640658 671285204071272 671285652297640 671285652297840 671285652360432 671285673959122 671286122300336
671286122306988 671286122364694 671286143474866 671286592862382 671286592862566 671286592911906 671286612804144 671287060846388
671287060851982 671287060894128 671287080874802 671287528729602 671287528729814 671287528801024 671287550126980 671287997423568
671287997429894 671287997486306 671288017844704 671288465768308 671288465768320 671288465816712 671288499376036 671288948562432
671288948568020 671288948611618 671288966898760 671289414447046 671289414447058 671289414498162 671289437900868 671289886750798
671289886756438 671289886800532 671289917384936 671290365169184 671290365169196 671290365212352 671290388344762 671290835887984
671290835893578 671290835931998 671290856426208 671291305357814 671291305357832 671291305411488 671291328260142 671291777142908

671291554680844 671291555017946 671291576261582 671292028365092 671292028365462 671292028421266 671292051018874 671292500976574
671292500985144 671292501038108 671292524412330 671292974841700 671292974845270 671292974914352 671292994506132 671293444073806
671293444081430 671293444152028 671293463708256 671293914076158 671293914076472 671293914137930 671293934117962 671294383155414
671294383158992 671294383220430 671294404337258 671294854509784 671294854513304 671294854558538 671294876187864 671295325021472
671295325029972 671295325080322 671295340888536 671295790988560 671295790992082 671295791062494 671295809360446 671296257718136
671296257724772 671296257788122 671296279542062 671296728917564 671296728921102 671296728961316 671296761646564 671297210017290
671297210022502 671297210071896 671297229831690 671297680453322 671297680456852 671297680504486 671297700416736 671298149180444
671298149189068 671298149239448 671298178712534 671298628834056 671298628834388 671298628879608 671298647706118 671299096037134
671299096042354 671299096093708 671299117421734 671299566851142 671299566851458 671299566895698 671299590466350 671300038970506

671287650303360 671287650319754 671287670923158 671288115067932 671288115068132 671288115126788 671288137219744 671288579103040
671288579108570 671288579153986 671288607927102 671289051540110 671289051540314 671289051583986 671289076606890 671289518057080
671289518061568 671289518105974 671289550012112 671289991369720 671289991369990 671289991432002 671290014469166 671290456731354
671290456740170 671290456807652 671290491843278 671290932625542 671290932625568 671290932675376 671290957097148 671291398059424
671291398067556 671291398111220 671291430022218 671291871947516 671291871947726 671291872018958 671291896734892 671292337478862
671292337484078 671292337542070 671292370667948 671292812877242 671292812877464 671292812925882 671292848249184 671293289684804
671293289690090 671293289739560 671293313880672 671293756155356 671293756155630 671293756202564 671293789576862 671294231171688
671294231176000 671294231223690 671294269406702 671294711566430 671294711566656 671294711611074 671294737576192 671295178317164
671295178321454 671295178366062 671295208606584 671295650948948 671295650949148 671295650998144 671295682416760 671296123243412

671284082432486 671284082655390 671284104331786 671284554259670 671284554259698 671284554318854 671284579269158 671285027713656
671285027723558 671285027766606 671285049363266 671285498056698 671285498056744 671285498100652 671285522346714 671285970634210
671285970644726 671285970689448 671285992365566 671286440263066 671286440263078 671286440308240 671286464055334 671286911847158
671286911857012 671286911896550 671286932998474 671287380250890 671287380250950 671287380297518 671287401917206 671287850455756
671287850465646 671287850508040 671287870415980 671288317833664 671288317833912 671288317901634 671288339763700 671288786255964
671288786262124 671288786316936 671288808103052 671289256935036 671289256935256 671289256986190 671289286061242 671289733470918
671289733476620 671289733515934 671289757029282 671290206176700 671290206176912 671290206228410 671290229336504 671290677611076
671290677616400 671290677657820 671290707442798 671291156212034 671291156212248 671291156259872 671291178893102 671291626820948
671291626826246 671291626871824 671291649910240 671292098958008 671292098958190 671292099006116 671292121898548 671292569754966

671281596557694 671281596576138 671281620078550 671282071943706 671282071943784 671282072000558 671282094451448 671282544889014
671282544893876 671282544942752 671282566266814 671283015865506 671283015865552 671283015919074 671283035905852 671283485767634
671283485774098 671283485814776 671283509383750 671283958769924 671283958769940 671283958820036 671283980074346 671284430472630
671284430477508 671284430522898 671284450639200 671284900002066 671284900002088 671284900055442 671284920671944 671285370529396
671285370535798 671285370579940 671285388523686 671285837704784 671285837708378 671285837780034 671285857276754 671286306169044
671286306174916 671286306232018 671286324989684 671286774156840 671286774156852 671286774212146 671286805185798 671287255289766
671287255295994 671287255342072 671287272214800 671287721059170 671287721059194 671287721114046 671287744485082 671288194025678
671288194032110 671288194077070 671288224137038 671288673303788 671288673303856 671288673353584 671288694522794 671289143859146
671289143862750 671289143902712 671289164505362 671289613954882 671289613954928 671289614009578 671289635403900 671290085847038

671291328920900 671291329149142 671291349120800 671291797183930 671291797183986 671291797246388 671291818939628 671292267120306
671292267125994 671292267168832 671292293254024 671292740811858 671292740811870 671292740866504 671292763582488 671293210447512
671293210451568 671293210502384 671293232802426 671293679712136 671293679712356 671293679771420 671293709020398 671294155012898
671294155022466 671294155078874 671294177060840 671294625028442 671294625028684 671294625071266 671294652958060 671295100117344
671295100125468 671295100174104 671295118062112 671295565921012 671295565921256 671295565970448 671295587514542 671296033624714
671296033631936 671296033672806 671296055815800 671296503007818 671296503008054 671296503050186 671296534224900 671296980320914
671296980326550 671296980368368 671297000867874 671297448933618 671297448933872 671297448984204 671297471159412 671297918392492
671297918401046 671297918446282 671297953477448 671298400804846 671298400805110 671298400846716 671298421798882 671298868077832
671298868081402 671298868122274 671298890799392 671299338142490 671299338142750 671299338183864 671299363060896 671299809338788
