16 43
669877180459248 669877180591628 669877185918976 669877190862814 669877180591728 669877180742730 669877190867600 669877195768386
669877185917866 669877186141146 669877195772250 669877200897144 669877190867156 669877190988046 669877200901066 669877205887052
669877195771820 669877195888382 669877205892036 669877210975412 669877200901062 669877201020242 669877210980634 669877215932462
669877205891714 669877206013270 669877215937502 669877221049360 669877210979942 669877211104308 669877221053538 669877226039716
669877215936390 669877216057658 669877226047502 669877231171534 669877221053378 669877221176204 669877231175770 669877236178912
669877226047254 669877226166358 669877236183244 669877241317416 669877231175812 669877231296022 669877241322526 669877246354976
669877236182860 669877236302790 669877246359486 669877251477602 669877241322188 669877241444094 669877251483146 669877256486244
669877246359448 669877246482162 669877256492984 669877261600530 669877251483050 669877251607428 669877261605534 669877266596388
669877256492990 669877256615818 669877266605478 669877271719464 669877261604732 669877261728502 669877271724126 669877276729342

669873630555654 669873630786672 669873631406396 669873636312700 669873630786864 669873631037152 669873636318232 669873641240252
669873631405962 669873631524726 669873641244506 669873646184584 669873636317640 669873636436066 669873646189878 669873651177042
669873641243946 669873641361550 669873651181992 669873656125744 669873646189332 669873646307076 669873656132952 669873661147312
669873651181498 669873651299852 669873661152070 669873666066720 669873656132232 669873656249370 669873666073208 669873671047676
669873661151582 669873661269520 669873671052010 669873676004720 669873666072262 669873666188228 669873676010718 669873681012336
669873671051342 669873671168280 669873681016484 669873685909918 669873676010064 669873676131880 669873685916126 669873690862888
669873681016230 669873681133772 669873690867378 669873695770678 669873685915370 669873686032986 669873695776870 669873700726252
669873690866822 669873690982194 669873700731332 669873705678014 669873695775998 669873695892458 669873705684032 669873710664394
669873700730640 669873700847750 669873710669062 669873715600818 669873705683436 669873705806814 669873715607204 669873720588042

669868905630592 669868905858646 669868909173842 669868913968688 669868905858880 669868906135772 669868913973670 669868918712738
669868909173274 669868909399392 669868918717100 669868923633086 669868913973134 669868914089666 669868923638790 669868928502824
669868918716538 669868918837396 669868928507276 669868933398894 669868923637734 669868923753482 669868933404090 669868938258546
669868928506808 669868928625552 669868938264250 669868943112298 669868933403316 669868933520864 669868943118028 669868947930850
669868938263378 669868938385878 669868947935476 669868952774228 669868943117420 669868943236734 669868952779822 669868957589642
669868947934898 669868948055884 669868957594398 669868962445996 669868952778648 669868952895412 669868962451002 669868967253482
669868957593624 669868957713636 669868967257848 669868972062142 669868962450490 669868962566976 669868972067318 669868976910504
669868967257522 669868967375724 669868976915904 669868981811666 669868972066998 669868972182502 669868981816814 669868986675700
669868976915642 669868977032558 669868986680258 669868991485384 669868981816182 669868981933590 669868991490920 669868996335024

669877656930292 669877657120172 669877657789094 669877662689566 669877657120212 669877657269820 669877662694540 669877667630484
669877657788612 669877657912762 669877667636696 669877672584544 669877662693780 669877662812508 669877672589606 669877677586926
669877667635766 669877667755554 669877677592314 669877682592560 669877672589066 669877672709510 669877682596838 669877687643110
669877677591776 669877677711174 669877687648794 669877692653600 669877682596354 669877682713004 669877692658684 669877697664138
669877687648262 669877687768460 669877697669454 669877702616706 669877692657844 669877692777530 669877702622334 669877707588330
669877697668936 669877697786052 669877707594798 669877712609468 669877702621152 669877702736498 669877712614978 669877717559648
669877707594278 669877707712318 669877717565866 669877722572548 669877712614168 669877712732100 669877722577958 669877727541540
669877717565410 669877717689042 669877727546782 669877732538442 669877722576460 669877722694602 669877732547090 669877737507978
669877727546368 669877727667586 669877737513568 669877742475786 669877732546292 669877732666332 669877742480528 669877747424150

669872052348486 669872052577824 669872053740950 669872058621000 669872052578024 669872052811980 669872058624786 669872063539630
669872053740074 669872053956020 669872063544732 669872068466500 669872058624594 669872058741958 669872068470326 669872073447500
669872063544416 669872063662822 669872073451874 669872078427230 669872068470142 669872068584780 669872078431340 669872083452816
669872073451852 669872073571462 669872083460176 669872088421028 669872078431088 669872078547648 669872088425186 669872093413098
669872083459274 669872083577622 669872093418828 669872098395448 669872088424808 669872088541594 669872098398566 669872103420626
669872093418388 669872093536020 669872103425818 669872108397746 669872098398626 669872098518026 669872108401190 669872113408594
669872103425566 669872103543852 669872113413844 669872118376864 669872108400930 669872108517948 669872118380492 669872123358326
669872113413442 669872113528674 669872123363416 669872128326106 669872118380242 669872118501022 669872128330688 669872133300212
669872123363124 669872123480014 669872133305882 669872138291804 669872128330352 669872128444888 669872138295692 669872143197792

669871551906494 669871552041129 669871555564974 669871560460026 669871552041189 669871552199034 669871560464300 669871565374360
669871555563846 669871555689890 669871565378460 669871570309052 669871560463820 669871560580156 669871570312044 669871575280114
669871565378536 669871565494070 669871575285204 669871580243414 669871570311992 669871570426278 669871580246932 669871585257386
669871575284772 669871575403530 669871585264342 669871590223442 669871580246590 669871580362266 669871590227760 669871595233784
669871585263152 669871585381478 669871595238526 669871600195894 669871590227604 669871590343830 669871600199464 669871605187996
669871595238056 669871595352696 669871605193672 669871610151416 669871600199080 669871600315062 669871610155596 669871615131028
669871605193096 669871605310776 669871615135814 669871620098208 669871610155118 669871610271048 669871620102800 669871625068970
669871615135366 669871615253636 669871625074560 669871630042134 669871620102204 669871620217014 669871630046114 669871635035592
669871625074008 669871625193336 669871635040832 669871639976154 669871630045922 669871630157878 669871639979778 669871644943770

669869551611036 669869551741048 669869552616196 669869557501670 669869551741142 669869551890104 669869557506136 669869562443450
669869552614976 669869552739678 669869562447590 669869567406052 669869557505592 669869557620908 669869567409372 669869572420172
669869562447164 669869562567192 669869572425678 669869577407926 669869567409054 669869567526086 669869577411752 669869582441880
669869572425392 669869572542826 669869582449614 669869587407292 669869577411102 669869577528478 669869587412382 669869592500234
669869582447878 669869582565198 669869592505238 669869597464684 669869587411688 669869587531748 669869597469346 669869602471766
669869592504924 669869592625894 669869602477626 669869607445450 669869597468832 669869597584466 669869607449190 669869612418568
669869602477154 669869602599180 669869612423844 669869617410342 669869607448756 669869607565648 669869617414792 669869622357902
669869612423228 669869612541518 669869622363926 669869627358896 669869617414480 669869617528852 669869627363208 669869632330098
669869622363424 669869622480424 669869632335586 669869637311950 669869627362466 669869627481432 669869637315646 669869642272126

669869974963754 669869975097612 669869980733500 669869985665986 669869975097694 669869975252144 669869985669858 669869990535208
669869980732434 669869980928316 669869990538826 669869995498670 669869985669724 669869985788700 669869995501736 669870000525538
669869990538696 669869990658556 669870000529156 669870005522088 669869995501632 669869995617622 669870005526678 669870010587852
669870000528812 669870000646122 669870010592714 669870015547178 669870005526290 669870005644438 669870015550618 669870020552290
669870010592164 669870010709594 669870020556438 669870025535594 669870015550242 669870015671310 669870025540134 669870030564780
669870020555442 669870020671774 669870030572274 669870035527690 669870025539880 669870025655650 669870035532760 669870040537222
669870030571944 669870030693822 669870040544538 669870045491992 669870035532300 669870035652922 669870045496052 669870050484822
669870040544696 669870040662120 669870050488914 669870055448236 669870045495398 669870045614270 669870055454982 669870060466358
669870050488762 669870050606662 669870060470082 669870065414896 669870055454156 669870055570802 669870065424536 669870070422480

669869923926512 669869924162556 669869924873914 669869929834608 669869924162790 669869924471020 669869929841006 669869934720108
669869924873447 669869925140114 669869934725266 669869939748038 669869929840296 669869929959770 669869939752634 669869944675566
669869934723908 669869934839576 669869944679006 669869949761248 669869939752068 669869939871778 669869949767314 669869954730042
669869944678822 669869944796956 669869954735202 669869959791664 669869949767144 669869949887030 669869959796876 669869964772072
669869954734928 669869954853070 669869964776496 669869969797620 669869959796724 669869959919954 669869969802994 669869974804862
669869964775736 669869964895542 669869974809216 669869979817754 669869969802720 669869969922462 669869979822444 669869984808190
669869974809054 669869974928304 669869984813146 669869989827974 669869979821874 669869979946926 669869989832680 669869994838952
669869984812160 669869984932108 669869994844210 669869999845812 669869989832790 669869989953020 669869999850894 669870004858578
669869994843626 669869994962282 669870004862764 669870009875442 669869999850808 669869999969452 669870009880466 669870014881930

669868327871740 669868328006438 669868333247048 669868338141458 669868328006486 669868328150318 669868338147706 669868343080160
669868333246678 669868333453060 669868343083338 669868348025232 669868338146950 669868338267000 669868348030954 669868353034820
669868343083036 669868343201986 669868353038958 669868358044164 669868348029852 669868348150394 669868358050830 669868363053214
669868353038454 669868353158634 669868363057942 669868368057920 669868358050306 669868358167992 669868368064578 669868373047454
669868363057464 669868363177692 669868373052414 669868378010998 669868368063952 669868368186650 669868378016532 669868383023944
669868373051538 669868373171876 669868383029646 669868387969208 669868378015982 669868378136314 669868387974330 669868392953454
669868383028896 669868383146406 669868392958620 669868397924518 669868387974080 669868388093304 669868397930180 669868402933462
669868392958078 669868393076348 669868402938478 669868407888788 669868397929596 669868398046992 669868407894912 669868412897700
669868402937826 669868403059942 669868412902590 669868417832300 669868407894274 669868408012752 669868417838130 669868422803440

669866594184252 669866594318344 669866594787238 669866599766422 669866594318438 669866594472542 669866599771250 669866604628626
669866594786030 669866594919124 669866604632484 669866609603100 669866599771104 669866599888408 669866609606520 669866614499048
669866604632166 669866604750066 669866614503422 669866619519136 669866609606894 669866609727436 669866619523604 669866624472872
669866614503308 669866614618416 669866624476858 669866629505286 669866619523476 669866619642044 669866629510502 669866634424322
669866624476782 669866624595882 669866634428858 669866639352116 669866629509652 669866629628044 669866639357432 669866644303072
669866634428952 669866634546934 669866644310826 669866649203772 669866639357056 669866639473704 669866649208338 669866654192940
669866644310644 669866644426302 669866654201034 669866659109102 669866649208018 669866649325614 669866659113274 669866664124808
669866654201332 669866654317732 669866664133670 669866669073172 669866659112778 669866659236946 669866669079498 669866674090764
669866664133486 669866664248674 669866674099274 669866679004402 669866669079158 669866669190848 669866679009182 669866683991000

669874856092938 669874856223946 669874856886540 669874861825598 669874856223992 669874856377562 669874861831070 669874866714308
669874856885382 669874857077292 669874866718862 669874871691630 669874861830574 669874861949478 669874871697148 669874876651756
669874866718686 669874866838658 669874876656224 669874881691704 669874871696802 669874871815406 669874881698028 669874886700950
669874876656032 669874876775848 669874886706772 669874891717082 669874881697242 669874881817878 669874891724046 669874896658938
669874886706076 669874886826884 669874896663130 669874901690506 669874891722790 669874891841284 669874901696932 669874906662386
669874896663024 669874896781814 669874906667586 669874911662820 669874901696392 669874901814372 669874911668456 669874916624778
669874906667118 669874906787080 669874916629444 669874921642954 669874911668156 669874911787236 669874921648900 669874926585182
669874916629026 669874916748028 669874926590598 669874931585416 669874921648624 669874921763550 669874931591518 669874936555048
669874926589874 669874926705172 669874936559920 669874941506038 669874931590664 669874931707042 669874941512494 669874946511034

669870951376808 669870951515069 669870957409824 669870961677058 669870951515164 669870951669856 669870961682108 669870965922202
669870957408442 669870957632574 669870965926360 669870970289834 669870961681860 669870961800212 669870970296606 669870974904796
669870965926240 669870966043954 669870974910640 669870979235276 669870970296082 669870970414470 669870979240052 669870983919434
669870974909720 669870975034580 669870983925154 669870988233880 669870979239722 669870979359882 669870988237818 669870992748286
669870983924656 669870984043006 669870992753820 669870997049868 669870988237486 669870988359664 669870997054136 669871001421397
669870992752272 669870992873576 669871001428240 669871006047082 669870997053942 669870997175194 669871006052002 669871010336158
669871001427860 669871001547082 669871010340398 669871014929822 669871006051594 669871006167608 669871014938560 669871019217350
669871010340030 669871010460812 669871019221692 669871023711472 669871014938004 669871015059658 669871023718612 669871028024140
669871019221664 669871019340224 669871028278786 669871032617484 669871023718094 669871023831842 669871033287896 669871037568686

669867389386700 669867389522108 669867389925000 669867394847558 669867389522142 669867389671180 669867394852264 669867399746134
669867389924016 669867390049178 669867399751432 669867404725562 669867394851516 669867394970352 669867404731532 669867409734424
669867399750752 669867399871246 669867409740014 669867414715304 669867404731072 669867404850768 669867414720812 669867419741814
669867409739316 669867409857058 669867419747134 669867424776998 669867414720298 669867414840014 669867424784090 669867429785862
669867419746484 669867419872060 669867429792396 669867434761380 669867424782936 669867424903144 669867434766212 669867439770248
669867429790924 669867429912316 669867439777968 669867444748656 669867434765684 669867434883710 669867444754154 669867449756822
669867439777720 669867439898458 669867449762456 669867454708942 669867444753688 669867444872690 669867454714538 669867459738682
669867449761710 669867449882160 669867459745210 669867464731204 669867454713832 669867454835474 669867464736388 669867469759162
669867459743794 669867459934100 669867469764542 669867474708942 669867464735762 669867464924006 669867474714142 669867479725404

669864903500838 669864903632570 669864905081748 669864909959842 669864903632670 669864903774150 669864909965462 669864915095756
669864905081346 669864905280270 669864915102934 669864920024644 669864909964754 669864910081436 669864920028818 669864924967866
669864915102148 669864915219868 669864924973114 669864929939000 669864920028158 669864920146118 669864929943952 669864934997190
669864924972676 669864925089896 669864935002442 669864939958840 669864929943260 669864930062640 669864939965000 669864944907980
669864935001816 669864935118056 669864944913206 669864949865876 669864939963846 669864940081400 669864949871120 669864954800192
669864944912766 669864945032080 669864954806236 669864959781338 669864949870460 669864949986570 669864959785968 669864964694706
669864954805694 669864954923522 669864964700752 669864969692028 669864959785322 669864959900888 669864969698252 669864974620072
669864964700456 669864964817970 669864974625566 669864979599262 669864969697232 669864969811446 669864979607898 669864984554044
669864974625174 669864974742560 669864984559266 669864989509058 669864979607268 669864979721500 669864989513634 669864994452756

669874632609401 669874632746768 669874635476708 669874640365514 669874632746821 669874632903918 669874640370110 669874645303960
669874635475770 669874635677344 669874645308110 669874650286046 669874640369480 669874640486908 669874650289504 669874655299900
669874645307548 669874645428024 669874655304170 669874660287996 669874650289196 669874650408076 669874660292834 669874665341622
669874655303682 669874655421736 669874665346706 669874670308800 669874660291762 669874660411358 669874670312712 669874675300390
669874665345706 669874665466150 669874675304406 669874680255966 669874670312566 669874670426752 669874680261362 669874685272422
669874675304020 669874675421242 669874685275922 669874690242988 669874680261074 669874680379854 669874690251928 669874695256224
669874685275884 669874685471518 669874695260856 669874700234480 669874690250786 669874690442552 669874700238398 669874705251750
669874695260382 669874695456762 669874705255562 669874710216736 669874700238120 669874700432704 669874710221884 669874715187512
669874705255222 669874705444080 669874715191664 669874720174720 669874710221806 669874710413936 669874720179702 669874725115872
