16 34
669842837833376 669842837867910 669842838061816 669842850451436 669842850451448 669842850501056 669842850527804 669842854892182
669842854892258 669842854930140 669842854982856 669842859350130 669842859350142 669842859390394 669842859482390 669842863817760
669842863818256 669842863858230 669842863950220 669842868348914 669842868348946 669842868390352 669842868446092 669842872813948
669842872814062 669842872854014 669842872921610 669842877316054 669842877316118 669842877351866 669842877403886 669842881761284
669842881761592 669842881798114 669842881928018 669842886276056 669842886276068 669842886315108 669842886428950 669842890827900
669842890828044 669842890873668 669842890950752 669842895300620 669842895300654 669842895336544 669842895430770 669842899799662
669842899799812 669842899839618 669842899953804 669842904300296 669842904300308 669842904338266 669842904436944 669842908831052
669842908831248 669842908867528 669842908911454 669842913261122 669842913261134 669842913295448 669842913447280 669842917808948
669842917809128 669842917847860 669842917920106 669842922298386 669842922298398 669842922346460 669842922423852 669842926761268

669839285144198 669839285185782 669839285199154 669839296781636 669839296781682 669839296834112 669839297617740 669839301363960
669839301364134 669839301403460 669839302048610 669839305792660 669839305792672 669839305833486 669839306508844 669839310225404
669839310226234 669839310266112 669839310976394 669839314722648 669839314722660 669839314762654 669839315508996 669839319230210
669839319230328 669839319268812 669839319972494 669839323737386 669839323737398 669839323777590 669839324470802 669839328189418
669839328189522 669839328228412 669839328916450 669839332667206 669839332667218 669839332705932 669839333433734 669839337206826
669839337207154 669839337246832 669839337992054 669839341691632 669839341691700 669839341735012 669839342455574 669839346173522
669839346173588 669839346212736 669839346957860 669839350692802 669839350692814 669839350732880 669839351457502 669839355209972
669839355210240 669839355250224 669839355985380 669839359714092 669839359714104 669839359755408 669839360414300 669839364134952
669839364135056 669839364177690 669839364966096 669839368749588 669839368749624 669839368790868 669839369464728 669839373223568

669834561941878 669834561975708 669834562171760 669834570254586 669834570254598 669834570302786 669834573829416 669834577583050
669834577583462 669834577623014 669834579081804 669834582818098 669834582818110 669834582857114 669834583580368 669834587343444
669834587344940 669834587385770 669834588047104 669834591791726 669834591791976 669834591831158 669834592543250 669834596285300
669834596285488 669834596326756 669834597021390 669834600770572 669834600770584 669834600810976 669834601501718 669834605239674
669834605239818 669834605280788 669834606026016 669834609788358 669834609788370 669834609827408 669834610527168 669834614258640
669834614258800 669834614299782 669834615047952 669834618798376 669834618798388 669834618837906 669834619528530 669834623260482
669834623260630 669834623299894 669834624051424 669834627785196 669834627785208 669834627823566 669834628538914 669834632569258
669834632569432 669834632617662 669834633009124 669834636754068 669834636754080 669834636791316 669834637520122 669834641289004
669834641289488 669834641331352 669834641988062 669834645733358 669834645733420 669834645771432 669834646513038 669834650312672

669843312107280 669843312148108 669843312158272 669843323371188 669843323371262 669843323425272 669843324577586 669843329021750
669843329022206 669843329061780 669843329079926 669843333516488 669843333516512 669843333560976 669843333581160 669843337987654
669843337988188 669843338029366 669843338048390 669843342481940 669843342481986 669843342524252 669843342543822 669843346957562
669843346957574 669843347001478 669843347021602 669843351437460 669843351437472 669843351483422 669843351504102 669843355964686
669843355965222 669843356007544 669843356048944 669843360460724 669843360461614 669843360508308 669843360527352 669843364986550
669843364987128 669843365030080 669843365053150 669843369462920 669843369463152 669843369510046 669843369529498 669843373989760
669843373990298 669843374033026 669843374054542 669843378464874 669843378465102 669843378515442 669843378533906 669843382946862
669843382947392 669843382990254 669843383010842 669843387453384 669843387454188 669843387500886 669843387521190 669843391927484
669843391928066 669843391967586 669843391988742 669843396446766 669843396446992 669843396494324 669843396514666 669843400927942

669837704664764 669837704697734 669837704891800 669837714487194 669837714487206 669837714540044 669837717314642 669837721076950
669837721077354 669837721116662 669837721745294 669837725478214 669837725478226 669837725521104 669837726208020 669837729966592
669837729966754 669837730008666 669837730675146 669837734399078 669837734399158 669837734441076 669837735207204 669837738925972
669837738926084 669837738964122 669837739670048 669837743430542 669837743430588 669837743473590 669837744168886 669837747890318
669837747890426 669837747931760 669837748614286 669837752347794 669837752348000 669837752392898 669837753133208 669837756833008
669837756833536 669837756871446 669837757690468 669837761438940 669837761438970 669837761486856 669837762154584 669837765865612
669837765865786 669837765905328 669837766656746 669837770380262 669837770380312 669837770428052 669837771155682 669837774876882
669837774877014 669837774917460 669837775683330 669837779394150 669837779394226 669837779440960 669837780113468 669837783859480
669837783859674 669837783900880 669837784664428 669837788372542 669837788372554 669837788411890 669837789162822 669837792909112

669837207747550 669837207791042 669837207801530 669837219838588 669837219838600 669837219892986 669837219936020 669837223742608
669837223742974 669837223782392 669837224006924 669837227826618 669837227826630 669837227864994 669837228420898 669837232271266
669837232271466 669837232318350 669837232899094 669837236716008 669837236716020 669837236757322 669837237351368 669837241194022
669837241194154 669837241237448 669837241859442 669837245647358 669837245647608 669837245686338 669837246367306 669837250171440
669837250174994 669837250215128 669837250822796 669837254675674 669837254675686 669837254718860 669837255294158 669837259092990
669837259093182 669837259136926 669837259835760 669837263635372 669837263635450 669837263674710 669837264377222 669837268168926
669837268168938 669837268210678 669837268800136 669837272620170 669837272620216 669837272659958 669837273322270 669837277124178
669837277124350 669837277170146 669837277838356 669837281635920 669837281635932 669837281677108 669837282344428 669837286146464
669837286146476 669837286190364 669837286791294 669837290574076 669837290574162 669837290618080 669837291380478 669837295187100

669835204480156 669835204513904 669835204713328 669835209758742 669835209758758 669835209811366 669835216822544 669835220636344
669835220636528 669835220680528 669835220712948 669835224535378 669835224535390 669835224572602 669835225459136 669835229293296
669835229293656 669835229333392 669835229966698 669835233763718 669835233763730 669835233803220 669835234403708 669835238203896
669835238204116 669835238245916 669835238919226 669835242756418 669835242756464 669835242797902 669835243385990 669835247175246
669835247175352 669835247213756 669835247881090 669835251706614 669835251706626 669835251747502 669835252373814 669835256158006
669835256158112 669835256198084 669835256869198 669835260665186 669835260665388 669835260705132 669835261412200 669835265208202
669835265208534 669835265247654 669835265868438 669835269661392 669835269661592 669835269703002 669835270424434 669835274584400
669835274584898 669835274631722 669835275142142 669835278913500 669835278913512 669835278951562 669835279394616 669835283194646
669835283194856 669835283236248 669835283873346 669835287651078 669835287651278 669835287689672 669835288342118 669835292157356

669835632431436 669835632472948 669835632483142 669835639511484 669835639511496 669835639565562 669835643737004 669835647557616
669835647557754 669835647597572 669835649376198 669835653189768 669835653189780 669835653228054 669835653874200 669835657693684
669835657694292 669835657736614 669835658342324 669835662128986 669835662128998 669835662174922 669835662837660 669835666648718
669835666648820 669835666689150 669835667316050 669835671118310 669835671118322 669835671156158 669835671796414 669835675612610
669835675612914 669835675650640 669835676320910 669835680102872 669835680102894 669835680143846 669835680823006 669835684601012
669835684601212 669835684639148 669835685342998 669835689141006 669835689141026 669835689182502 669835689824358 669835693601072
669835693601260 669835693637966 669835694346922 669835698154894 669835698154906 669835698195554 669835698829664 669835702603604
669835702603776 669835702646746 669835703305044 669835707120940 669835707120956 669835707164614 669835707815326 669835711602182
669835711602318 669835711642138 669835712283942 669835716070450 669835716070522 669835716111428 669835716807362 669835720611086

669835574824606 669835574857718 669835575055882 669835580228032 669835580228044 669835580280366 669835585470394 669835589210066
669835589211102 669835589252980 669835591935802 669835595655638 669835595655650 669835595694466 669835596413500 669835600109760
669835600110364 669835600149620 669835600852674 669835604589786 669835604589798 669835604630516 669835605345048 669835609050148
669835609050332 669835609088598 669835609798028 669835613489702 669835613489714 669835613530326 669835614269894 669835618001338
669835618001548 669835618039614 669835618784552 669835622484830 669835622484842 669835622524364 669835623286300 669835627013304
669835627013454 669835627052150 669835627808084 669835631504054 669835631504066 669835631542328 669835632281422 669835636004206
669835636004656 669835636043630 669835636781648 669835640474070 669835640474340 669835640521650 669835641238162 669835644924618
669835644924718 669835644969538 669835645752118 669835649462422 669835649462472 669835649507248 669835650428942 669835654122508
669835654122688 669835654162340 669835654901730 669835658615410 669835658615482 669835658658844 669835659405816 669835663098400

669833984040912 669833984084462 669833984096648 669833994448904 669833994448940 669833994498612 669833996174184 669834000104525
669834000104662 669834000143781 669834000161672 669834004256116 669834004256128 669834004293448 669834004810250 669834008602158
669834008603344 669834008646046 669834009266610 669834013046398 669834013046410 669834013089022 669834013714300 669834017510612
669834017510724 669834017554888 669834018222810 669834021987194 669834021987206 669834022026804 669834022654404 669834026492850
669834026493286 669834026536258 669834027172182 669834030947684 669834030947696 669834030988186 669834031621822 669834035401596
669834035401722 669834035446052 669834036153606 669834039933108 669834039933120 669834039972222 669834040666804 669834044452908
669834044456504 669834044496936 669834045129358 669834048929828 669834048929840 669834048969670 669834049644538 669834053414506
669834053414728 669834053458180 669834054096446 669834057897558 669834057897570 669834057936348 669834058630124 669834062396586
669834062396756 669834062435080 669834063279964 669834067061222 669834067061268 669834067103532 669834067799464 669834071590668

669832246023252 669832246058000 669832246252894 669832256324034 669832256324058 669832256376548 669832256675328 669832261081810
669832261081926 669832261122868 669832262321368 669832266682966 669832266683026 669832266734336 669832266755630 669832271118518
669832271118572 669832271159528 669832271181244 669832275555806 669832275555844 669832275596818 669832275615750 669832280021024
669832280021036 669832280060464 669832280080444 669832284444144 669832284444156 669832284488152 669832284506076 669832288917556
669832288917744 669832288957558 669832288996432 669832293362398 669832293362410 669832293406390 669832293424270 669832297789736
669832297789844 669832297827610 669832297845932 669832302250306 669832302250318 669832302296480 669832302511154 669832306891506
669832306891626 669832306929670 669832306948748 669832311355454 669832311355502 669832311400844 669832311418156 669832315787200
669832315787386 669832315826602 669832316161806 669832320553998 669832320554036 669832320598814 669832320617124 669832324995224
669832324995404 669832325033492 669832325053122 669832329459326 669832329459354 669832329497562 669832329516548 669832333896064

669840507570318 669840507614510 669840507625654 669840514294932 669840514294944 669840514345920 669840517738596 669840521567992
669840521568518 669840521609358 669840522722554 669840526502804 669840526502850 669840526541680 669840528353372 669840532124176
669840532126672 669840532166500 669840532860990 669840536630798 669840536630810 669840536666786 669840537298422 669840541085626
669840541085936 669840541130082 669840541814386 669840545579206 669840545579218 669840545619866 669840546280988 669840550079360
669840550079542 669840550121990 669840550777338 669840554547820 669840554547832 669840554586426 669840555272406 669840559063396
669840559063526 669840559103956 669840559765022 669840563542806 669840563542818 669840563578654 669840564306276 669840568091022
669840568091228 669840568133338 669840568764640 669840572527012 669840572527252 669840572567806 669840573319518 669840577071520
669840577071724 669840577116124 669840577773130 669840581574906 669840581574946 669840581614550 669840582289324 669840586055450
669840586059082 669840586100056 669840586839610 669840590658066 669840590658114 669840590696240 669840591450908 669840595222518

669836608173890 669836608208112 669836608403948 669836617839484 669836617839556 669836617891400 669836620819610 669836625267994
669836625268186 669836625306666 669836625325516 669836629742776 669836629742788 669836629784278 669836629803440 669836634183826
669836634185186 669836634226024 669836634246104 669836638678996 669836638679008 669836638716770 669836638735266 669836643128504
669836643128940 669836643171994 669836643190506 669836647597232 669836647597278 669836647641206 669836647674232 669836652113912
669836652114310 669836652155278 669836652192930 669836656612964 669836656612976 669836656657872 669836656677240 669836661137658
669836661138108 669836661182750 669836661202200 669836665610176 669836665610204 669836665652528 669836665671642 669836670111362
669836670112138 669836670154254 669836670174864 669836674570120 669836674570154 669836674608834 669836674661620 669836679077302
669836679078030 669836679124776 669836679189102 669836683756110 669836683756156 669836683801190 669836683822228 669836688226200
669836688229868 669836688274466 669836688295240 669836692736888 669836692736914 669836692779452 669836692799294 669836697200448

669833043380098 669833043420862 669833043433746 669833052094400 669833052094412 669833052145808 669833055045816 669833058853472
669833058853576 669833058892994 669833060319398 669833064128822 669833064128868 669833064169888 669833064796186 669833068583956
669833068584386 669833068623678 669833069238180 669833073030344 669833073030566 669833073074010 669833073728828 669833077536654
669833077537108 669833077581184 669833078184208 669833081972926 669833081972938 669833082013248 669833082653762 669833086484930
669833086488554 669833086531612 669833087167396 669833090940228 669833090940274 669833090980270 669833091669136 669833095465126
669833095468774 669833095512778 669833096194834 669833099982810 669833099982822 669833100027516 669833100663776 669833104443556
669833104443568 669833104487650 669833105166772 669833108963392 669833108963610 669833109005114 669833109620788 669833113412958
669833113416682 669833113455996 669833114136890 669833117948278 669833117948504 669833117989734 669833118812796 669833122592696
669833122596418 669833122636682 669833123286516 669833127119096 669833127119422 669833127158068 669833127789788 669833131573950

669830556959970 669830556993022 669830557191062 669830564270002 669830564270048 669830564322422 669830567299526 669830571148236
669830571148442 669830571189600 669830572670396 669830576459054 669830576459066 669830576495560 669830577947828 669830581763582
669830581763704 669830581806486 669830582423918 669830586207616 669830586207628 669830586251636 669830586868564 669830590692026
669830590692224 669830590730366 669830591360626 669830595136356 669830595136368 669830595176252 669830595843974 669830599630404
669830599630730 669830599670420 669830600334440 669830604152720 669830604152732 669830604199644 669830604866060 669830608655168
669830608655332 669830608693966 669830609343250 669830613424318 669830613424330 669830613470524 669830613893676 669830617681484
669830617681912 669830617720284 669830618339486 669830622158026 669830622158038 669830622196724 669830622885510 669830626672266
669830626672460 669830626712082 669830627614892 669830631409374 669830631409386 669830631448494 669830631825984 669830635659666
669830635663574 669830635704172 669830636432906 669830640223660 669830640223672 669830640262894 669830641046702 669830644867392

669840287037134 669840287076914 669840287089158 669840292743860 669840292743872 669840292795294 669840298332270 669840302148866
669840302148980 669840302187552 669840303977750 669840307758144 669840307758190 669840307796262 669840308469608 669840312272066
669840312277112 669840312317556 669840312938222 669840316724346 669840316724358 669840316761898 669840317433646 669840321208314
669840321211964 669840321249548 669840321913562 669840325698004 669840325698016 669840325737340 669840326392032 669840330189470
669840330189700 669840330227924 669840330918008 669840334715836 669840334715848 669840334760486 669840335419832 669840339199686
669840339199788 669840339236432 669840339939498 669840343744954 669840343745000 669840343788722 669840344420896 669840348193616
669840348193916 669840348232508 669840348943402 669840352740622 669840352740634 669840352779338 669840353425696 669840357204414
669840357204598 669840357243180 669840357901534 669840361679138 669840361679214 669840361719570 669840362469068 669840366287782
669840366287948 669840366326852 669840366941920 669840370896486 669840370896506 669840370940632 669840371445296 669840375244250
