16 454
670276471903458 670276497529174 670276543722000 670276578473134 670276497529378 670276516048962 670276578643162 670276613426460
670276613427502 670276623894890 670276669465632 670276704211624 670276623895116 670276642682998 670276704224830 670276739101490
670276739102458 670276745935238 670276769905458 670276804582944 670276745935464 670276751285252 670276804611824 670276839374166
670276839375434 670276845587422 670276907212548 670276941965258 670276845587454 670276850925260 670276941993760 670276976716152
670276976716970 670276982079336 670277027528496 670277062327580 670276982079598 670276987427338 670277062349770 670277097096656
670277097097892 670277102427114 670277175948646 670277210641438 670277102427376 670277107704028 670277210661002 670277245391732
670277245392326 670277250734302 670277308855360 670277343648768 670277250734530 670277256027730 670277343675548 670277378590476
670277378592098 670277383932522 670277434952648 670277469845236 670277383932750 670277389219490 670277469869064 670277504799854
670277504800692 670277510176654 670277568443460 670277603221534 670277510176882 670277515464760 670277603252520 670277638131052

670272918158044 670272943501220 670272985744936 670273020532722 670272943501520 670272962084612 670273020698420 670273055555702
670273055561380 670273067342110 670273111857876 670273146767434 670273067342202 670273086192756 670273146799960 670273181792832
670273181798710 670273188343818 670273236033242 670273270787132 670273188344330 670273193653306 670273271518856 670273306227292
670273306232620 670273321887292 670273360793800 670273395543644 670273321887588 670273340600254 670273396365446 670273431122262
670273431123604 670273447662710 670273508744222 670273543516728 670273447663004 670273466374698 670273544349124 670273579087804
670273579094086 670273596069498 670273642036314 670273676876620 670273596069794 670273614815384 670273677860134 670273712666988
670273712671978 670273728987832 670273768055434 670273802907286 670273728988128 670273747729022 670273803851922 670273838753554
670273838758564 670273855037772 670273901514252 670273936376412 670273855038066 670273873811032 670273937327476 670273972228398
670273972233344 670273988530666 670274029287498 670274064157324 670273988530966 670274007319186 670274065851512 670274100751968

670268193678208 670268219462084 670268261782890 670268296602830 670268219462406 670268238209458 670268296616840 670268331489312
670268331494490 670268343317032 670268388040020 670268422886572 670268343317064 670268362183492 670268422917076 670268457829378
670268457833406 670268463194516 670268485730188 670268520379138 670268463194614 670268468509188 670268520789048 670268555567182
670268555571666 670268562129618 670268623622492 670268658457844 670268562129908 670268567462614 670268659183142 670268693930868
670268693935268 670268709689720 670268757982504 670268792843090 670268709690010 670268728575760 670268793830752 670268829310892
670268829314652 670268845866890 670268903601198 670268938400640 670268845867180 670268864675702 670268939358848 670268974233446
670268974237924 670268990695838 670269035864264 670269070713294 670268990696132 670269009548818 670269071659170 670269106586990
670269106591428 670269123038418 670269162002356 670269196897114 670269123039328 670269141870814 670269197842586 670269232713360
670269232717830 670269249205840 670269295464456 670269331052178 670269249206130 670269268053436 670269332001034 670269366918206

670276943907162 670276970044052 670277015039860 670277050120038 670276970044310 670276988687392 670277050287852 670277085336568
670277085342504 670277095924812 670277140371720 670277175387968 670277095924880 670277114850602 670277175416680 670277210304608
670277210309516 670277216855966 670277241060740 670277276003918 670277216855978 670277222197748 670277276021930 670277310878554
670277310884452 670277316252878 670277337889616 670277372763016 670277316253288 670277321637690 670277372779746 670277407492770
670277407497698 670277412875934 670277486224958 670277521127644 670277412876146 670277418287586 670277521155658 670277555918384
670277555924308 670277561300586 670277622300106 670277657169324 670277561300868 670277566704008 670277657197904 670277692142250
670277692148336 670277697529614 670277767166760 670277802087088 670277697529626 670277702860040 670277802133998 670277836951318
670277836957360 670277842373006 670277899508904 670277934421240 670277842373258 670277847757538 670277934456730 670277969281746
670277969285390 670277974657848 670278025668970 670278061158772 670277974658130 670277980048850 670278061192646 670278096022724

670271334366576 670271360143290 670271405397134 670271439952280 670271360143484 670271378612014 670271440155700 670271474855478
670271474858382 670271486048196 670271535541292 670271570472390 670271486048490 670271504848376 670271570503136 670271605448484
670271605453694 670271612328492 670271657860206 670271692742180 670271612328734 670271617653622 670271692771918 670271727730218
670271727735574 670271734067052 670271791201566 670271825991436 670271734067200 670271739386074 670271826024614 670271860929356
670271860935212 670271866325240 670271922714664 670271957430700 670271866325522 670271871652230 670271957463138 670271992216310
670271992222400 670271997607660 670272055986888 670272090638842 670271997607756 670272002977446 670272090671852 670272125382428
670272125388582 670272130735056 670272181879306 670272216456936 670272130735346 670272136103080 670272216489888 670272251135840
670272251141312 670272256520206 670272315496444 670272350154510 670272256520560 670272261860210 670272350188870 670272384912814
670272384918194 670272390266542 670272441300344 670272475978552 670272390266828 670272395593170 670272476007336 670272510745850

670270838234462 670270863894286 670270909312042 670270944166276 670270863894528 670270882550904 670270944346712 670270979252696
670270979258920 670270998621390 670271039463438 670271074026906 670270998621618 670271017264638 670271075037522 670271109659502
670271109665952 670271128946424 670271162491646 670271197387386 670271128946654 670271147449292 670271198012288 670271232981544
670271232987014 670271255558020 670271296583680 670271331535064 670271255558286 670271274202048 670271332032112 670271367019452
670271367024912 670271389069762 670271430165338 670271464941738 670271389070304 670271407693964 670271465332216 670271500098064
670271500099096 670271521775318 670271563441712 670271598239328 670271521775550 670271540476538 670271598627074 670271633349558
670271633355064 670271655069510 670271689311526 670271724146756 670271655069740 670271673776036 670271724535812 670271759323000
670271759328516 670271781918038 670271822927502 670271857745590 670271781918304 670271800495436 670271858129706 670271892980878
670271892986614 670271914617052 670271949219784 670271984001668 670271914617320 670271933262028 670271985371322 670272020163720

670268835382526 670268861691056 670268903869654 670268938323544 670268861691206 670268880449116 670268939543780 670268973885452
670268973890446 670268985643346 670269031171624 670269065579512 670268985643600 670269004748246 670269065608034 670269099957220
670269099962940 670269105252398 670269155790102 670269190153534 670269105252648 670269110474016 670269190554692 670269224901730
670269224906812 670269231472000 670269283445706 670269317743896 670269231472292 670269236712286 670269317772962 670269352103666
670269352108612 670269357370358 670269412193680 670269446392510 670269357370370 670269362600428 670269446421300 670269481297708
670269481302448 670269486608758 670269545054770 670269579330382 670269486609048 670269491804636 670269579357228 670269613625642
670269613630620 670269618888562 670269678391300 670269712608272 670269618888854 670269624208542 670269712643388 670269746903588
670269746909334 670269752169018 670269805029112 670269839271930 670269752169302 670269761716668 670269839301052 670269873538076
670269873543036 670269878820100 670269937823482 670269972745742 670269878820200 670269888292450 670269972777888 670270007099030

670269261912320 670269288392272 670269332593208 670269367549918 670269288392458 670269307297314 670269367715756 670269402681594
670269402686206 670269413252822 670269458941762 670269493822160 670269413252902 670269432261214 670269493839322 670269528808942
670269528813782 670269535085790 670269559164410 670269594005042 670269535086072 670269540366826 670269594401440 670269629230646
670269629236562 670269635806270 670269676906862 670269711747176 670269635806350 670269641098814 670269711781170 670269746600438
670269746604410 670269751939084 670269803951766 670269838805448 670269751939304 670269757278808 670269838836082 670269873671432
670269873675368 670269879042388 670269938307910 670269973117226 670269879042676 670269884369142 670269973155110 670270007979708
670270007983602 670270013363728 670270067217724 670270102024950 670270013363812 670270021989652 670270102324580 670270137096988
670270137101680 670270143372126 670270195483934 670270230248070 670270143372218 670270155859610 670270230285226 670270265130728
670270265135562 670270271388944 670270326722980 670270361420308 670270271389226 670270280922302 670270361449376 670270396201004

670269205637496 670269231748042 670269278543160 670269313590756 670269231748296 670269250368972 670269313609172 670269348726558
670269348732902 670269361317190 670269407627220 670269442428266 670269361317472 670269380121628 670269443278006 670269478118954
670269478124146 670269494203530 670269531175062 670269565945110 670269494203810 670269512957720 670269565962130 670269600740912
670269600746698 670269606100124 670269631978356 670269666734924 670269606100136 670269611405600 670269666764850 670269701590710
670269701596418 670269706936136 670269753627122 670269788304868 670269706936506 670269712303670 670269788335336 670269823089886
670269823096340 670269828423732 670269884101506 670269918835894 670269828423744 670269833767778 670269919115568 670269953835014
670269953840126 670269960105508 670270014051882 670270048728656 670269960105796 670269965473676 670270048764172 670270083493514
670270083498170 670270088862902 670270142090092 670270176845948 670270088863002 670270094278214 670270176878494 670270211637934
670270211641496 670270217025442 670270273885120 670270308549704 670270217025722 670270222378664 670270308577366 670270343274358

670267615129274 670267641393160 670267687021264 670267722046974 670267641393446 670267660076184 670267722066976 670267757109790
670267757116012 670267778456298 670267819558016 670267854536686 670267778456576 670267797285078 670267854555728 670267889524556
670267889530762 670267896393518 670267939425744 670267974276986 670267896393762 670267901717300 670267974591676 670268009448114
670268009456628 670268015851784 670268069636404 670268104436798 670268015852032 670268021153678 670268104468010 670268139272562
670268139277946 670268144654720 670268199701292 670268234501390 670268144654966 670268149989022 670268234540048 670268269293624
670268269299462 670268274704152 670268332894950 670268367623270 670268274704164 670268280051824 670268367664868 670268402390224
670268402395632 670268407757452 670268460129402 670268495600032 670268407757464 670268416369134 670268495639886 670268530426858
670268530432590 670268535844916 670268592488732 670268627253946 670268535844930 670268541183866 670268627293968 670268662076568
670268662082068 670268667463712 670268719592424 670268754499232 670268667463758 670268676197176 670268754536724 670268789443544

670265877724854 670265904186646 670265947072182 670265982080992 670265904186934 670265923107888 670265982248620 670266017359978
670266017365486 670266030697296 670266081110314 670266116000284 670266030697532 670266049562162 670266116027064 670266150986934
670266150991802 670266156365204 670266179591536 670266214456570 670266156365218 670266161715702 670266214484864 670266249424834
670266249429670 670266254815650 670266293611160 670266328411034 670266254815888 670266260146936 670266328439972 670266363233452
670266363238480 670266369896430 670266420245010 670266454994532 670266369896668 670266375242256 670266455023362 670266489782004
670266489786822 670266495496094 670266547513984 670266582201180 670266495496328 670266501080260 670266582232632 670266616966410
670266616972032 670266622379748 670266680607698 670266715335742 670266622379956 670266627738464 670266715366166 670266750102258
670266750107124 670266755485802 670266808664134 670266843408456 670266755485818 670266760859508 670266843441906 670266878881672
670266878886390 670266884270432 670266940427248 670266975854214 670266884270670 670266889606048 670266975889964 670267010678514

670274140294588 670274166553140 670274212484368 670274246750348 670274166553326 670274185490416 670274246928938 670274281230002
670274281235206 670274291714462 670274338034772 670274372192634 670274291714530 670274310738834 670274372209332 670274406425108
670274406430800 670274413205166 670274459780324 670274494042316 670274413205378 670274418432306 670274494071726 670274528301772
670274528306722 670274533574654 670274553054898 670274587194430 670274533574952 670274538778740 670274587222782 670274621420162
670274621425334 670274626656240 670274649907068 670274683976110 670274626657146 670274631856748 670274684004538 670274718250452
670274718255554 670274723457972 670274770811222 670274804894524 670274723458270 670274728694504 670274804923380 670274839045992
670274839052072 670274844311978 670274901730380 670274935786830 670274844312280 670274849501570 670274935816626 670274969853702
670274969858066 670274975065298 670275035280760 670275069306336 670274975065598 670274980291098 670275069333400 670275103408630
670275103414602 670275108640696 670275163349168 670275197385936 670275108640990 670275113859948 670275197412788 670275231493398

670270239583276 670270265790134 670270310464336 670270345363320 670270265790964 670270284720594 670270345529622 670270380434506
670270380439508 670270391720058 670270436852922 670270471500002 670270391720346 670270410748114 670270471536396 670270506257118
670270506258520 670270512868942 670270553797270 670270588600778 670270512869230 670270518121740 670270589003794 670270623683450
670270623689144 670270630271516 670270672363674 670270706989704 670270630271552 670270635520054 670270707019224 670270741727176
670270741732918 670270747062876 670270801429010 670270836141084 670270747063130 670270752375872 670270836171968 670270871398966
670270871400790 670270876768796 670270922278692 670270957025760 670270876768894 670270882011338 670270957060504 670270991789742
670270991795298 670270997164282 670271058879964 670271093430938 670270997164456 670271002467524 670271093468896 670271128071798
670271128077694 670271133443690 670271192473596 670271227048764 670271133443982 670271146039126 670271227350702 670271262037912
670271262041666 670271268269066 670271319517466 670271354819678 670271268269168 670271273545234 670271354853898 670271389505418

670266673773748 670266699488320 670266742741358 670266777717658 670266699488460 670266718060798 670266777881082 670266812889256
670266812897780 670266824837340 670266870393722 670266905247674 670266824837570 670266843693622 670266906090792 670266940907264
670266940908930 670266956779444 670266994216664 670267029001232 670266956779676 670266975535746 670267029379912 670267064161926
670267064167800 670267080156872 670267119277492 670267154049502 670267080157140 670267098927708 670267154643640 670267189451888
670267189453574 670267205661110 670267240370716 670267275282882 670267205661340 670267224436968 670267276098358 670267310950222
670267310956988 670267322786582 670267381181278 670267416098196 670267322786846 670267341653230 670267416481310 670267451383302
670267451389008 670267463537058 670267513539166 670267548328836 670267463537326 670267482431876 670267549283476 670267584058034
670267584063660 670267600259492 670267639665546 670267675109962 670267600259726 670267619076662 670267676098574 670267711258580
670267711266878 670267727390530 670267773122876 670267807931578 670267727390764 670267746140178 670267808898270 670267844341986

670264187510908 670264213720904 670264257450932 670264292105288 670264213721198 670264232756886 670264292122892 670264326773900
670264326779328 670264339931704 670264386657604 670264421229504 670264339931986 670264358970974 670264421261026 670264455906576
670264455912350 670264463689786 670264504803610 670264539273696 670264463690038 670264468932472 670264539305050 670264573773986
670264573779592 670264580777706 670264630042890 670264665131258 670264580777986 670264586098956 670264665168712 670264699659776
670264699665608 670264705004670 670264745846134 670264780314376 670264705004948 670264711786562 670264780344510 670264815498806
670264815504352 670264820840466 670264869304336 670264903819782 670264820840752 670264827838310 670264903849110 670264938311758
670264938317338 670264943572226 670265014170548 670265048704666 670264943572504 670264948799654 670265048739084 670265083212886
670265083218666 670265088507000 670265146515734 670265181135154 670265088507012 670265101099660 670265181161786 670265215711122
670265215716610 670265220999792 670265272211354 670265307476008 670265220999804 670265230544926 670265307511776 670265342117070

670273918121492 670273943421482 670273990068302 670274024963472 670273943421684 670273962076470 670274025130740 670274060019390
670274060021146 670274071762216 670274118242108 670274153152148 670274071762248 670274090620978 670274153169578 670274188234874
670274188239206 670274193727652 670274219257318 670274254125224 670274193727698 670274199040806 670274254159714 670274289063402
670274289067718 670274295303498 670274326997156 670274361748284 670274295303786 670274300645638 670274361780314 670274396472398
670274396476870 670274402688482 670274450128388 670274484955298 670274402688580 670274408034312 670274485243922 670274520014824
670274520019388 670274526170812 670274565871360 670274600617652 670274526171098 670274531481650 670274600648654 670274635403950
670274635408330 670274640772992 670274687117362 670274722028504 670274640773284 670274646098072 670274722057834 670274756993886
670274756998372 670274762311920 670274833136502 670274868090844 670274762311932 670274767650480 670274868116856 670274902991934
670274902996390 670274908339064 670274965674404 670275000534906 670274908339906 670274913695698 670275000561914 670275035434664
