16 30
4584418611094880256 46912609533968 669901165322504 669901169791994 46912601530384 46912593498128 669901169792006 669901174237280
46912649637904 46912641605648 669901174237350 669901178659628 46912633602064 46912625569808 669901178659640 669901183120130
46912681709584 46912673677328 669901183120638 669901187525050 46912665673744 46912657641488 669901187525096 669901191958426
46912713781264 46912705749008 669901191958438 669901196386310 46912697745424 46912689713168 669901196386322 669901200850820
46912745852944 46912737820688 669901200851280 669901205285388 46912729817104 46912721784848 669901205285400 669901209731298
46912777924624 46912769892368 669901209731310 669901214200586 46912761888784 46912753856528 669901214200598 669901218634102
46912809996304 46912801964048 669901218634562 669901223128262 46912793960464 46912785928208 669901223128274 669901227568266
46912842067984 46912834035728 669901227568312 669901232107247 46912826032144 46912817999888 669901232107265 669901236236838
46912874139664 46912866107408 669901236237180 669901240322198 46912858103824 46912850071568 669901240322210 669901244260066

46912619659280 46912611627024 669897612380994 669897616179960 46912603623440 46912595591184 669897616179972 669897619941774
46912651730960 46912643698704 669897619941858 669897623695120 46912635695120 46912627662864 669897623695132 669897627484566
46912683802640 46912675770384 669897627485074 669897631256460 46912667766800 46912659734544 669897631256472 669897635018726
46912715874320 46912707842064 669897635018858 669897638796272 46912699838480 46912691806224 669897638796318 669897642556868
46912747946000 46912739913744 669897642557330 669897646300606 46912731910160 46912723877904 669897646300652 669897650074040
46912780017680 46912771985424 669897650074132 669897653834718 46912763981840 46912755949584 669897653834730 669897657652298
46912812089360 46912804057104 669897657652792 669897661390838 46912796053520 46912788021264 669897661390850 669897665125546
46912844161040 46912836128784 669897665125644 669897668888656 46912828125200 46912820092944 669897668888668 669897672637314
46912876232720 46912868200464 669897672637778 669897676390086 46912860196880 46912852164624 669897676390098 669897680191708

46912619659280 46912611627024 669892889129734 669892892850038 46912603623440 46912595591184 669892892850050 669892896570148
46912651730960 46912643698704 669892896570218 669892900319466 46912635695120 46912627662864 669892900319512 669892904032318
46912683802640 46912675770384 669892904032374 669892907730774 46912667766800 46912659734544 669892907730786 669892911460936
46912715874320 46912707842064 669892911460948 669892915176030 46912699838480 46912691806224 669892915176042 669892918879474
46912747946000 46912739913744 669892918879486 669892922607398 46912731910160 46912723877904 669892922607444 669892926296150
46912780017680 46912771985424 669892926296162 669892930024256 46912763981840 46912755949584 669892930024302 669892933715216
46912812089360 46912804057104 669892933715470 669892937398868 46912796053520 46912788021264 669892937398880 669892941139442
46912844161040 46912836128784 669892941139454 669892944851084 46912828125200 46912820092944 669892944851096 669892948542342
46912876232720 46912868200464 669892948542354 669892952280672 46912860196880 46912852164624 669892952280718 669892955988956

46912619659280 46912611627024 669901639333220 669901643120082 46912603623440 46912595591184 669901643120128 669901646935712
46912651730960 46912643698704 669901646935820 669901650698140 46912635695120 46912627662864 669901650698186 669901654457734
46912683802640 46912675770384 669901654457832 669901658310690 46912667766800 46912659734544 669901658310702 669901662346424
46912715874320 46912707842064 669901662346436 669901666339098 46912699838480 46912691806224 669901666339110 669901670275592
46912747946000 46912739913744 669901670275604 669901674305722 46912731910160 46912723877904 669901674305734 669901678184658
46912780017680 46912771985424 669901678184670 669901682224986 46912763981840 46912755949584 669901682224998 669901686288250
46912812089360 46912804057104 669901686288262 669901690167546 46912796053520 46912788021264 669901690167558 669901694204242
46912844161040 46912836128784 669901694204254 669901698142056 46912828125200 46912820092944 669901698142068 669901702134308
46912876232720 46912868200464 669901702134320 669901706162462 46912860196880 46912852164624 669901706162474 669901710051962

46912619659280 46912611627024 669896031575330 669896035392402 46912603623440 46912595591184 669896035392448 669896039203684
46912651730960 46912643698704 669896039203748 669896043042192 46912635695120 46912627662864 669896043042204 669896046873680
46912683802640 46912675770384 669896046873936 669896050668748 46912667766800 46912659734544 669896050668794 669896054508110
46912715874320 46912707842064 669896054508410 669896058297966 46912699838480 46912691806224 669896058297978 669896062073148
46912747946000 46912739913744 669896062073442 669896065883934 46912731910160 46912723877904 669896065883946 669896069669940
46912780017680 46912771985424 669896069677820 669896073505176 46912763981840 46912755949584 669896073505222 669896077297694
46912812089360 46912804057104 669896077297936 669896081081574 46912796053520 46912788021264 669896081081620 669896084894924
46912844161040 46912836128784 669896084896160 669896088667840 46912828125200 46912820092944 669896088667852 669896092451232
46912876232720 46912868200464 669896092451462 669896096274598 46912860196880 46912852164624 669896096274610 669896100062174

46912619659280 46912611627024 669895534643626 669895538457808 46912603623440 46912595591184 669895538457820 669895542249138
46912651730960 46912643698704 669895542249198 669895546074428 46912635695120 46912627662864 669895546074440 669895549883934
46912683802640 46912675770384 669895549883990 669895553741150 46912667766800 46912659734544 669895553741196 669895557545140
46912715874320 46912707842064 669895557545200 669895561324592 46912699838480 46912691806224 669895561324604 669895565141152
46912747946000 46912739913744 669895565141178 669895568923766 46912731910160 46912723877904 669895568923778 669895572705088
46912780017680 46912771985424 669895572705180 669895576525944 46912763981840 46912755949584 669895576525956 669895580298440
46912812089360 46912804057104 669895580298540 669895584083552 46912796053520 46912788021264 669895584083564 669895587909686
46912844161040 46912836128784 669895587909770 669895591693720 46912828125200 46912820092944 669895591693732 669895595506040
46912876232720 46912868200464 669895595506082 669895599294586 46912860196880 46912852164624 669895599294598 669895603074880

46912619659280 46912611627024 669893531554348 669893535276980 46912603623440 46912595591184 669893535276992 669893538988016
46912651730960 46912643698704 669893538988096 669893542741124 46912635695120 46912627662864 669893542741136 669893546457698
46912683802640 46912675770384 669893546458228 669893550168816 46912667766800 46912659734544 669893550168828 669893553901718
46912715874320 46912707842064 669893553901764 669893557608802 46912699838480 46912691806224 669893557608848 669893561311916
46912747946000 46912739913744 669893561312186 669893565056656 46912731910160 46912723877904 669893565056702 669893568778608
46912780017680 46912771985424 669893568778926 669893572492540 46912763981840 46912755949584 669893572492552 669893576230046
46912812089360 46912804057104 669893576230214 669893579940488 46912796053520 46912788021264 669893579940500 669893583676898
46912844161040 46912836128784 669893583677214 669893587374296 46912828125200 46912820092944 669893587374308 669893591072206
46912876232720 46912868200464 669893591072218 669893594813108 46912860196880 46912852164624 669893594813120 669893598522454

46912619659280 46912611627024 669893959346224 669893963163864 46912603623440 46912595591184 669893963163876 669893967007702
46912651730960 46912643698704 669893967007850 669893970779550 46912635695120 46912627662864 669893970779562 669893974558010
46912683802640 46912675770384 669893974558022 669893978380142 46912667766800 46912659734544 669893978380188 669893982163732
46912715874320 46912707842064 669893982164236 669893985949536 46912699838480 46912691806224 669893985949548 669893989763432
46912747946000 46912739913744 669893989763730 669893993552558 46912731910160 46912723877904 669893993552570 669893997341050
46912780017680 46912771985424 669893997341530 669894001164428 46912763981840 46912755949584 669894001164440 669894004935396
46912812089360 46912804057104 669894004935696 669894008754646 46912796053520 46912788021264 669894008754658 669894012526866
46912844161040 46912836128784 669894012527268 669894016310490 46912828125200 46912820092944 669894016310502 669894020121002
46912876232720 46912868200464 669894020128652 669894023904368 46912860196880 46912852164624 669894023904414 669894027691504

46912619659280 46912611627024 669893901864018 669893905647162 46912603623440 46912595591184 669893905647174 669893909703684
46912651730960 46912643698704 669893909703778 669893913457568 46912635695120 46912627662864 669893913457614 669893917299724
46912683802640 46912675770384 669893917299763 669893921313408 46912667766800 46912659734544 669893921313420 669893925319550
46912715874320 46912707842064 669893925319598 669893929292668 46912699838480 46912691806224 669893929292680 669893933308302
46912747946000 46912739913744 669893933308360 669893937053262 46912731910160 46912723877904 669893937053274 669893941137588
46912780017680 46912771985424 669893941137656 669893944887086 46912763981840 46912755949584 669893944887098 669893948807962
46912812089360 46912804057104 669893948808037 669893952876532 46912796053520 46912788021264 669893952876578 669893956893926
46912844161040 46912836128784 669893956894218 669893960892112 46912828125200 46912820092944 669893960892124 669893964909532
46912876232720 46912868200464 669893964913140 669893968649174 46912860196880 46912852164624 669893968649220 669893972729032

46912619659280 46912611627024 669892311013610 669892314818034 46912603623440 46912595591184 669892314818046 669892318651274
46912651730960 46912643698704 669892318651332 669892322421772 46912635695120 46912627662864 669892322421784 669892326194990
46912683802640 46912675770384 669892326195090 669892330002434 46912667766800 46912659734544 669892330002446 669892333770268
46912715874320 46912707842064 669892333770336 669892337546512 46912699838480 46912691806224 669892337546524 669892341343108
46912747946000 46912739913744 669892341343120 669892345106448 46912731910160 46912723877904 669892345106460 669892348919972
46912780017680 46912771985424 669892348920018 669892352692308 46912763981840 46912755949584 669892352692320 669892356465984
46912812089360 46912804057104 669892356465996 669892360292424 46912796053520 46912788021264 669892360292436 669892364065844
46912844161040 46912836128784 669892364065856 669892367818582 46912828125200 46912820092944 669892367818594 669892371614956
46912876232720 46912868200464 669892371615002 669892375380436 46912860196880 46912852164624 669892375380448 669892379151320

46912619659280 46912611627024 669890573202642 669890577053066 46912603623440 46912595591184 669890577053112 669890580924868
46912651730960 46912643698704 669890580925036 669890584950456 46912635695120 46912627662864 669890584950468 669890589026438
46912683802640 46912675770384 669890589026476 669890592927358 46912667766800 46912659734544 669890592927370 669890596996590
46912715874320 46912707842064 669890596996612 669890600813488 46912699838480 46912691806224 669890600813500 669890604758314
46912747946000 46912739913744 669890604758404 669890608535808 46912731910160 46912723877904 669890608535820 669890612361154
46912780017680 46912771985424 669890612361250 669890616394132 46912763981840 46912755949584 669890616394144 669890620466512
46912812089360 46912804057104 669890620466618 669890624373574 46912796053520 46912788021264 669890624373586 669890628424132
46912844161040 46912836128784 669890628424176 669890632247290 46912828125200 46912820092944 669890632247302 669890636226532
46912876232720 46912868200464 669890636226624 669890640006750 46912860196880 46912852164624 669890640006762 669890643828092

46912619659280 46912611627024 669898834923666 669898838767916 46912603623440 46912595591184 669898838767928 669898842615304
46912651730960 46912643698704 669898842615478 669898846409420 46912635695120 46912627662864 669898846409432 669898850230962
46912683802640 46912675770384 669898850231200 669898854015008 46912667766800 46912659734544 669898854015020 669898857807816
46912715874320 46912707842064 669898857807888 669898861634922 46912699838480 46912691806224 669898861634934 669898865414904
46912747946000 46912739913744 669898865418454 669898869204106 46912731910160 46912723877904 669898869204118 669898873037486
46912780017680 46912771985424 669898873045356 669898876829534 46912763981840 46912755949584 669898876829546 669898880606876
46912812089360 46912804057104 669898880606924 669898884422212 46912796053520 46912788021264 669898884422224 669898888207958
46912844161040 46912836128784 669898888208290 669898892028186 46912828125200 46912820092944 669898892028198 669898895811672
46912876232720 46912868200464 669898895815212 669898899590766 46912860196880 46912852164624 669898899590778 669898903392486

46912619659280 46912611627024 669894935309794 669894939130912 46912603623440 46912595591184 669894939130924 669894942977312
46912651730960 46912643698704 669894942977346 669894946768342 46912635695120 46912627662864 669894946768354 669894950587190
46912683802640 46912675770384 669894950587448 669894954374154 46912667766800 46912659734544 669894954374166 669894958153126
46912715874320 46912707842064 669894958153138 669894961965038 46912699838480 46912691806224 669894961965050 669894965742860
46912747946000 46912739913744 669894965742906 669894969535674 46912731910160 46912723877904 669894969535686 669894973345362
46912780017680 46912771985424 669894973345408 669894977128562 46912763981840 46912755949584 669894977128608 669894980928932
46912812089360 46912804057104 669894980928978 669894984764230 46912796053520 46912788021264 669894984764242 669894988548434
46912844161040 46912836128784 669894988548446 669894992370144 46912828125200 46912820092944 669894992370156 669894996137950
46912876232720 46912868200464 669894996138186 669894999916842 46912860196880 46912852164624 669894999916888 669895003729990

46912619659280 46912611627024 669891370264348 669891374059672 46912603623440 46912595591184 669891374059718 669891377876026
46912651730960 46912643698704 669891377876538 669891381613256 46912635695120 46912627662864 669891381613268 669891385371300
46912683802640 46912675770384 669891385372156 669891389158368 46912667766800 46912659734544 669891389158380 669891392911402
46912715874320 46912707842064 669891392911912 669891396700348 46912699838480 46912691806224 669891396700360 669891400466680
46912747946000 46912739913744 669891400467134 669891404217644 46912731910160 46912723877904 669891404217656 669891408015334
46912780017680 46912771985424 669891408015832 669891411765260 46912763981840 46912755949584 669891411765272 669891415529200
46912812089360 46912804057104 669891415529870 669891419334094 46912796053520 46912788021264 669891419334140 669891423085258
46912844161040 46912836128784 669891423085744 669891426830612 46912828125200 46912820092944 669891426830624 669891430608092
46912876232720 46912868200464 669891430608566 669891434353510 46912860196880 46912852164624 669891434353522 669891438139846

46912619659280 46912611627024 669888883987968 669888887742958 46912603623440 46912595591184 669888887742970 669888891501232
46912651730960 46912643698704 669888891501340 669888895319258 46912635695120 46912627662864 669888895319270 669888899090554
46912683802640 46912675770384 669888899090966 669888902869266 46912667766800 46912659734544 669888902869278 669888906606398
46912715874320 46912707842064 669888906606410 669888910350730 46912699838480 46912691806224 669888910350776 669888914126704
46912747946000 46912739913744 669888914126716 669888917867208 46912731910160 46912723877904 669888917867220 669888921603426
46912780017680 46912771985424 669888921603472 669888925391422 46912763981840 46912755949584 669888925391468 669888929138390
46912812089360 46912804057104 669888929138402 669888932898706 46912796053520 46912788021264 669888932898718 669888936702138
46912844161040 46912836128784 669888936702216 669888940431750 46912828125200 46912820092944 669888940431762 669888944182406
46912876232720 46912868200464 669888944182418 669888947956144 46912860196880 46912852164624 669888947956156 669888951679862

46912619659280 46912611627024 669898614165746 669898617994506 46912603623440 46912595591184 669898617994518 669898621810778
46912651730960 46912643698704 669898621810804 669898625650252 46912635695120 46912627662864 669898625650264 669898629449286
46912683802640 46912675770384 669898629449680 669898633237702 46912667766800 46912659734544 669898633237714 669898637042728
46912715874320 46912707842064 669898637042982 669898640826248 46912699838480 46912691806224 669898640826260 669898644624740
46912747946000 46912739913744 669898644625074 669898648415138 46912731910160 46912723877904 669898648415150 669898652205404
46912780017680 46912771985424 669898652209162 669898656041876 46912763981840 46912755949584 669898656041888 669898659844918
46912812089360 46912804057104 669898659848458 669898663619196 46912796053520 46912788021264 669898663619208 669898667460770
46912844161040 46912836128784 669898667461064 669898671251224 46912828125200 46912820092944 669898671251236 669898675038736
46912876232720 46912868200464 669898675039028 669898678864260 46912860196880 46912852164624 669898678864272 669898682653710
